<?xml version="1.0" encoding="UTF-8"?>
<testsuites name="REG" time="963.089" tests="33" failures="11" errors="1">
   <testsuite name="REG" tests="33" failures="11" errors="1" time="963.089" skipped="0" timestamp="2023-04-03 05:39:15" hostname="rizki - Red" id="Test Suites/WEB/REG">
      <properties>
         <property name="deviceName" value=""/>
         <property name="devicePlatform" value=""/>
         <property name="logFolder" value="C:\\Users\\rizki\\git\\CodingID-QA\\Reports\\20230403_053856\\WEB\\REG\\20230403_053856"/>
         <property name="logFiles" value="C:\\Users\\rizki\\git\\CodingID-QA\\Reports\\20230403_053856\\WEB\\REG\\20230403_053856\\execution0.log"/>
         <property name="attachments" value="C:\\Users\\rizki\\git\\CodingID-QA\\Reports\\20230403_053856\\WEB\\REG\\20230403_053856\\1680475310526.png, C:\\Users\\rizki\\git\\CodingID-QA\\Reports\\20230403_053856\\WEB\\REG\\20230403_053856\\1680475560395.png, C:\\Users\\rizki\\git\\CodingID-QA\\Reports\\20230403_053856\\WEB\\REG\\20230403_053856\\1680475560550.png, C:\\Users\\rizki\\git\\CodingID-QA\\Reports\\20230403_053856\\WEB\\REG\\20230403_053856\\1680475580139.png, C:\\Users\\rizki\\git\\CodingID-QA\\Reports\\20230403_053856\\WEB\\REG\\20230403_053856\\1680475580244.png, C:\\Users\\rizki\\git\\CodingID-QA\\Reports\\20230403_053856\\WEB\\REG\\20230403_053856\\1680475589415.png, C:\\Users\\rizki\\git\\CodingID-QA\\Reports\\20230403_053856\\WEB\\REG\\20230403_053856\\1680475589510.png, C:\\Users\\rizki\\git\\CodingID-QA\\Reports\\20230403_053856\\WEB\\REG\\20230403_053856\\1680475599043.png, C:\\Users\\rizki\\git\\CodingID-QA\\Reports\\20230403_053856\\WEB\\REG\\20230403_053856\\1680475599169.png, C:\\Users\\rizki\\git\\CodingID-QA\\Reports\\20230403_053856\\WEB\\REG\\20230403_053856\\1680475608724.png, C:\\Users\\rizki\\git\\CodingID-QA\\Reports\\20230403_053856\\WEB\\REG\\20230403_053856\\1680475608812.png, C:\\Users\\rizki\\git\\CodingID-QA\\Reports\\20230403_053856\\WEB\\REG\\20230403_053856\\1680475618048.png, C:\\Users\\rizki\\git\\CodingID-QA\\Reports\\20230403_053856\\WEB\\REG\\20230403_053856\\1680475618129.png, C:\\Users\\rizki\\git\\CodingID-QA\\Reports\\20230403_053856\\WEB\\REG\\20230403_053856\\1680475884499.png, C:\\Users\\rizki\\git\\CodingID-QA\\Reports\\20230403_053856\\WEB\\REG\\20230403_053856\\1680475896446.png, C:\\Users\\rizki\\git\\CodingID-QA\\Reports\\20230403_053856\\WEB\\REG\\20230403_053856\\1680475908727.png, C:\\Users\\rizki\\git\\CodingID-QA\\Reports\\20230403_053856\\WEB\\REG\\20230403_053856\\1680475921186.png"/>
         <property name="hostName" value="rizki - Red"/>
         <property name="os" value="Windows 10 64bit"/>
         <property name="katalonVersion" value="8.5.5.208"/>
         <property name="browser" value="Chrome 111.0.0.0"/>
         <property name="hostAddress" value="192.168.203.1"/>
         <property name="sessionId" value="086e61f4be984b418f5f605fff0bd5e7"/>
         <property name="seleniumVersion" value="3.141.59"/>
         <property name="proxyInformation" value="ProxyInformation { proxyOption=NO_PROXY, proxyServerType=HTTP, username=, password=********, proxyServerAddress=, proxyServerPort=0, executionList=&quot;&quot;, isApplyToDesiredCapabilities=true }"/>
         <property name="platform" value="Windows 10"/>
      </properties>
      <testcase name="Test Cases/Web/REG/REG-11" time="115.23" classname="Test Cases/Web/REG/REG-11" status="PASSED">
         <system-out><![CDATA[2023-04-03 05:39:15 - [TEST_CASE][PASSED] - Test Cases/Web/REG/REG-11: Test Cases/Web/REG/REG-11

2023-04-03 05:39:16 - [TEST_STEP][PASSED] - openBrowser(""): Browser is opened with url: ''

2023-04-03 05:39:16 - [MESSAGE][INFO] - Starting 'Chrome' driver

2023-04-03 05:39:16 - [MESSAGE][INFO] - Action delay is set to 0 milliseconds

2023-04-03 05:39:18 - [MESSAGE][PASSED] - Browser is opened with url: ''

2023-04-03 05:39:18 - [TEST_STEP][PASSED] - testData = findTestData("Data Files/Web/Register_Name"): null

2023-04-03 05:39:19 - [TEST_STEP][PASSED] - for ([i = 1, i <= testData.getRowNumbers(), (i++)]): Current window's url is: 'https://demo-app.online/email/verify'

2023-04-03 05:39:19 - [TEST_STEP][PASSED] - name = testData.getValue("Name", i): null

2023-04-03 05:39:19 - [TEST_STEP][PASSED] - navigateToUrl("https://demo-app.online/daftar"): Navigate to 'https://demo-app.online/daftar' successfully

2023-04-03 05:39:21 - [MESSAGE][PASSED] - Navigate to 'https://demo-app.online/daftar' successfully

2023-04-03 05:39:21 - [TEST_STEP][PASSED] - setText(findTestObject("Object Repository/Web/Register/Reg_InputText_Nama"), name): Text 'Rizki Khaerul' is set on object 'Object Repository/Web/Register/Reg_InputText_Nama'

2023-04-03 05:39:22 - [MESSAGE][PASSED] - Text 'Rizki Khaerul' is set on object 'Object Repository/Web/Register/Reg_InputText_Nama'

2023-04-03 05:39:22 - [TEST_STEP][PASSED] - setText(findTestObject("Object Repository/Web/Register/Reg_InputText_BirthDay"), "18-Feb-1997"): Text '18-Feb-1997' is set on object 'Object Repository/Web/Register/Reg_InputText_BirthDay'

2023-04-03 05:39:23 - [MESSAGE][PASSED] - Text '18-Feb-1997' is set on object 'Object Repository/Web/Register/Reg_InputText_BirthDay'

2023-04-03 05:39:23 - [TEST_STEP][PASSED] - setText(findTestObject("Object Repository/Web/Register/Reg_InputText_Email"), "Test@Example.com"): Text 'Test@Example.com' is set on object 'Object Repository/Web/Register/Reg_InputText_Email'

2023-04-03 05:39:24 - [MESSAGE][PASSED] - Text 'Test@Example.com' is set on object 'Object Repository/Web/Register/Reg_InputText_Email'

2023-04-03 05:39:24 - [TEST_STEP][PASSED] - setText(findTestObject("Object Repository/Web/Register/Reg_InputText_Whatsapp"), "081324387267"): Text '081324387267' is set on object 'Object Repository/Web/Register/Reg_InputText_Whatsapp'

2023-04-03 05:39:24 - [MESSAGE][PASSED] - Text '081324387267' is set on object 'Object Repository/Web/Register/Reg_InputText_Whatsapp'

2023-04-03 05:39:24 - [TEST_STEP][PASSED] - setText(findTestObject("Object Repository/Web/Register/Reg_InputText_KataSandi"), "testingtesting"): Text 'testingtesting' is set on object 'Object Repository/Web/Register/Reg_InputText_KataSandi'

2023-04-03 05:39:25 - [MESSAGE][PASSED] - Text 'testingtesting' is set on object 'Object Repository/Web/Register/Reg_InputText_KataSandi'

2023-04-03 05:39:25 - [TEST_STEP][PASSED] - setText(findTestObject("Object Repository/Web/Register/Reg_InputText_KonfirmasiKataSandi"), "testingtesting"): Text 'testingtesting' is set on object 'Object Repository/Web/Register/Reg_InputText_KonfirmasiKataSandi'

2023-04-03 05:39:26 - [MESSAGE][PASSED] - Text 'testingtesting' is set on object 'Object Repository/Web/Register/Reg_InputText_KonfirmasiKataSandi'

2023-04-03 05:39:26 - [TEST_STEP][PASSED] - check(findTestObject("Object Repository/Web/Register/Reg_Checkbox_SyaratDanKetentuan")): Object 'Object Repository/Web/Register/Reg_Checkbox_SyaratDanKetentuan' is checked

2023-04-03 05:39:26 - [MESSAGE][PASSED] - Object 'Object Repository/Web/Register/Reg_Checkbox_SyaratDanKetentuan' is checked

2023-04-03 05:39:26 - [TEST_STEP][PASSED] - click(findTestObject("Object Repository/Web/Register/Reg_Button_Daftar")): Object: 'Object Repository/Web/Register/Reg_Button_Daftar' is clicked on

2023-04-03 05:39:30 - [MESSAGE][PASSED] - Object: 'Object Repository/Web/Register/Reg_Button_Daftar' is clicked on

2023-04-03 05:39:30 - [TEST_STEP][PASSED] - delay(5): Delayed 5 second(s)

2023-04-03 05:39:35 - [MESSAGE][PASSED] - Delayed 5 second(s)

2023-04-03 05:39:35 - [TEST_STEP][PASSED] - if (getUrl() == "https://demo-app.online/daftar"): Current window's url is: 'https://demo-app.online/email/verify'

2023-04-03 05:39:35 - [MESSAGE][PASSED] - Current window's url is: 'https://demo-app.online/email/verify'

2023-04-03 05:39:35 - [TEST_STEP][PASSED] - delay(5): Delayed 5 second(s)

2023-04-03 05:39:40 - [MESSAGE][PASSED] - Delayed 5 second(s)

2023-04-03 05:39:40 - [TEST_STEP][PASSED] - assert getUrl() == "https://demo-app.online/email/verify": Current window's url is: 'https://demo-app.online/email/verify'

2023-04-03 05:39:40 - [MESSAGE][PASSED] - Current window's url is: 'https://demo-app.online/email/verify'

2023-04-03 05:39:40 - [TEST_STEP][PASSED] - name = testData.getValue("Name", i): null

2023-04-03 05:39:40 - [TEST_STEP][PASSED] - navigateToUrl("https://demo-app.online/daftar"): Navigate to 'https://demo-app.online/daftar' successfully

2023-04-03 05:39:41 - [MESSAGE][PASSED] - Navigate to 'https://demo-app.online/daftar' successfully

2023-04-03 05:39:41 - [TEST_STEP][PASSED] - setText(findTestObject("Object Repository/Web/Register/Reg_InputText_Nama"), name): Text 'Khaerul Rizki' is set on object 'Object Repository/Web/Register/Reg_InputText_Nama'

2023-04-03 05:39:42 - [MESSAGE][PASSED] - Text 'Khaerul Rizki' is set on object 'Object Repository/Web/Register/Reg_InputText_Nama'

2023-04-03 05:39:42 - [TEST_STEP][PASSED] - setText(findTestObject("Object Repository/Web/Register/Reg_InputText_BirthDay"), "18-Feb-1997"): Text '18-Feb-1997' is set on object 'Object Repository/Web/Register/Reg_InputText_BirthDay'

2023-04-03 05:39:43 - [MESSAGE][PASSED] - Text '18-Feb-1997' is set on object 'Object Repository/Web/Register/Reg_InputText_BirthDay'

2023-04-03 05:39:43 - [TEST_STEP][PASSED] - setText(findTestObject("Object Repository/Web/Register/Reg_InputText_Email"), "Test@Example.com"): Text 'Test@Example.com' is set on object 'Object Repository/Web/Register/Reg_InputText_Email'

2023-04-03 05:39:43 - [MESSAGE][PASSED] - Text 'Test@Example.com' is set on object 'Object Repository/Web/Register/Reg_InputText_Email'

2023-04-03 05:39:43 - [TEST_STEP][PASSED] - setText(findTestObject("Object Repository/Web/Register/Reg_InputText_Whatsapp"), "081324387267"): Text '081324387267' is set on object 'Object Repository/Web/Register/Reg_InputText_Whatsapp'

2023-04-03 05:39:44 - [MESSAGE][PASSED] - Text '081324387267' is set on object 'Object Repository/Web/Register/Reg_InputText_Whatsapp'

2023-04-03 05:39:44 - [TEST_STEP][PASSED] - setText(findTestObject("Object Repository/Web/Register/Reg_InputText_KataSandi"), "testingtesting"): Text 'testingtesting' is set on object 'Object Repository/Web/Register/Reg_InputText_KataSandi'

2023-04-03 05:39:45 - [MESSAGE][PASSED] - Text 'testingtesting' is set on object 'Object Repository/Web/Register/Reg_InputText_KataSandi'

2023-04-03 05:39:45 - [TEST_STEP][PASSED] - setText(findTestObject("Object Repository/Web/Register/Reg_InputText_KonfirmasiKataSandi"), "testingtesting"): Text 'testingtesting' is set on object 'Object Repository/Web/Register/Reg_InputText_KonfirmasiKataSandi'

2023-04-03 05:39:45 - [MESSAGE][PASSED] - Text 'testingtesting' is set on object 'Object Repository/Web/Register/Reg_InputText_KonfirmasiKataSandi'

2023-04-03 05:39:45 - [TEST_STEP][PASSED] - check(findTestObject("Object Repository/Web/Register/Reg_Checkbox_SyaratDanKetentuan")): Object 'Object Repository/Web/Register/Reg_Checkbox_SyaratDanKetentuan' is checked

2023-04-03 05:39:46 - [MESSAGE][PASSED] - Object 'Object Repository/Web/Register/Reg_Checkbox_SyaratDanKetentuan' is checked

2023-04-03 05:39:46 - [TEST_STEP][PASSED] - click(findTestObject("Object Repository/Web/Register/Reg_Button_Daftar")): Object: 'Object Repository/Web/Register/Reg_Button_Daftar' is clicked on

2023-04-03 05:39:48 - [MESSAGE][PASSED] - Object: 'Object Repository/Web/Register/Reg_Button_Daftar' is clicked on

2023-04-03 05:39:48 - [TEST_STEP][PASSED] - delay(5): Delayed 5 second(s)

2023-04-03 05:39:53 - [MESSAGE][PASSED] - Delayed 5 second(s)

2023-04-03 05:39:53 - [TEST_STEP][PASSED] - if (getUrl() == "https://demo-app.online/daftar"): Current window's url is: 'https://demo-app.online/email/verify'

2023-04-03 05:39:53 - [MESSAGE][PASSED] - Current window's url is: 'https://demo-app.online/email/verify'

2023-04-03 05:39:53 - [TEST_STEP][PASSED] - delay(5): Delayed 5 second(s)

2023-04-03 05:39:58 - [MESSAGE][PASSED] - Delayed 5 second(s)

2023-04-03 05:39:58 - [TEST_STEP][PASSED] - assert getUrl() == "https://demo-app.online/email/verify": Current window's url is: 'https://demo-app.online/email/verify'

2023-04-03 05:39:58 - [MESSAGE][PASSED] - Current window's url is: 'https://demo-app.online/email/verify'

2023-04-03 05:39:58 - [TEST_STEP][PASSED] - name = testData.getValue("Name", i): null

2023-04-03 05:39:58 - [TEST_STEP][PASSED] - navigateToUrl("https://demo-app.online/daftar"): Navigate to 'https://demo-app.online/daftar' successfully

2023-04-03 05:39:59 - [MESSAGE][PASSED] - Navigate to 'https://demo-app.online/daftar' successfully

2023-04-03 05:39:59 - [TEST_STEP][PASSED] - setText(findTestObject("Object Repository/Web/Register/Reg_InputText_Nama"), name): Text 'Nama Valid' is set on object 'Object Repository/Web/Register/Reg_InputText_Nama'

2023-04-03 05:40:00 - [MESSAGE][PASSED] - Text 'Nama Valid' is set on object 'Object Repository/Web/Register/Reg_InputText_Nama'

2023-04-03 05:40:00 - [TEST_STEP][PASSED] - setText(findTestObject("Object Repository/Web/Register/Reg_InputText_BirthDay"), "18-Feb-1997"): Text '18-Feb-1997' is set on object 'Object Repository/Web/Register/Reg_InputText_BirthDay'

2023-04-03 05:40:00 - [MESSAGE][PASSED] - Text '18-Feb-1997' is set on object 'Object Repository/Web/Register/Reg_InputText_BirthDay'

2023-04-03 05:40:00 - [TEST_STEP][PASSED] - setText(findTestObject("Object Repository/Web/Register/Reg_InputText_Email"), "Test@Example.com"): Text 'Test@Example.com' is set on object 'Object Repository/Web/Register/Reg_InputText_Email'

2023-04-03 05:40:01 - [MESSAGE][PASSED] - Text 'Test@Example.com' is set on object 'Object Repository/Web/Register/Reg_InputText_Email'

2023-04-03 05:40:01 - [TEST_STEP][PASSED] - setText(findTestObject("Object Repository/Web/Register/Reg_InputText_Whatsapp"), "081324387267"): Text '081324387267' is set on object 'Object Repository/Web/Register/Reg_InputText_Whatsapp'

2023-04-03 05:40:02 - [MESSAGE][PASSED] - Text '081324387267' is set on object 'Object Repository/Web/Register/Reg_InputText_Whatsapp'

2023-04-03 05:40:02 - [TEST_STEP][PASSED] - setText(findTestObject("Object Repository/Web/Register/Reg_InputText_KataSandi"), "testingtesting"): Text 'testingtesting' is set on object 'Object Repository/Web/Register/Reg_InputText_KataSandi'

2023-04-03 05:40:03 - [MESSAGE][PASSED] - Text 'testingtesting' is set on object 'Object Repository/Web/Register/Reg_InputText_KataSandi'

2023-04-03 05:40:03 - [TEST_STEP][PASSED] - setText(findTestObject("Object Repository/Web/Register/Reg_InputText_KonfirmasiKataSandi"), "testingtesting"): Text 'testingtesting' is set on object 'Object Repository/Web/Register/Reg_InputText_KonfirmasiKataSandi'

2023-04-03 05:40:03 - [MESSAGE][PASSED] - Text 'testingtesting' is set on object 'Object Repository/Web/Register/Reg_InputText_KonfirmasiKataSandi'

2023-04-03 05:40:03 - [TEST_STEP][PASSED] - check(findTestObject("Object Repository/Web/Register/Reg_Checkbox_SyaratDanKetentuan")): Object 'Object Repository/Web/Register/Reg_Checkbox_SyaratDanKetentuan' is checked

2023-04-03 05:40:04 - [MESSAGE][PASSED] - Object 'Object Repository/Web/Register/Reg_Checkbox_SyaratDanKetentuan' is checked

2023-04-03 05:40:04 - [TEST_STEP][PASSED] - click(findTestObject("Object Repository/Web/Register/Reg_Button_Daftar")): Object: 'Object Repository/Web/Register/Reg_Button_Daftar' is clicked on

2023-04-03 05:40:07 - [MESSAGE][PASSED] - Object: 'Object Repository/Web/Register/Reg_Button_Daftar' is clicked on

2023-04-03 05:40:07 - [TEST_STEP][PASSED] - delay(5): Delayed 5 second(s)

2023-04-03 05:40:12 - [MESSAGE][PASSED] - Delayed 5 second(s)

2023-04-03 05:40:12 - [TEST_STEP][PASSED] - if (getUrl() == "https://demo-app.online/daftar"): Current window's url is: 'https://demo-app.online/email/verify'

2023-04-03 05:40:12 - [MESSAGE][PASSED] - Current window's url is: 'https://demo-app.online/email/verify'

2023-04-03 05:40:12 - [TEST_STEP][PASSED] - delay(5): Delayed 5 second(s)

2023-04-03 05:40:17 - [MESSAGE][PASSED] - Delayed 5 second(s)

2023-04-03 05:40:17 - [TEST_STEP][PASSED] - assert getUrl() == "https://demo-app.online/email/verify": Current window's url is: 'https://demo-app.online/email/verify'

2023-04-03 05:40:17 - [MESSAGE][PASSED] - Current window's url is: 'https://demo-app.online/email/verify'

2023-04-03 05:40:17 - [TEST_STEP][PASSED] - name = testData.getValue("Name", i): null

2023-04-03 05:40:17 - [TEST_STEP][PASSED] - navigateToUrl("https://demo-app.online/daftar"): Navigate to 'https://demo-app.online/daftar' successfully

2023-04-03 05:40:18 - [MESSAGE][PASSED] - Navigate to 'https://demo-app.online/daftar' successfully

2023-04-03 05:40:18 - [TEST_STEP][PASSED] - setText(findTestObject("Object Repository/Web/Register/Reg_InputText_Nama"), name): Text 'Valid Name ' is set on object 'Object Repository/Web/Register/Reg_InputText_Nama'

2023-04-03 05:40:19 - [MESSAGE][PASSED] - Text 'Valid Name ' is set on object 'Object Repository/Web/Register/Reg_InputText_Nama'

2023-04-03 05:40:19 - [TEST_STEP][PASSED] - setText(findTestObject("Object Repository/Web/Register/Reg_InputText_BirthDay"), "18-Feb-1997"): Text '18-Feb-1997' is set on object 'Object Repository/Web/Register/Reg_InputText_BirthDay'

2023-04-03 05:40:19 - [MESSAGE][PASSED] - Text '18-Feb-1997' is set on object 'Object Repository/Web/Register/Reg_InputText_BirthDay'

2023-04-03 05:40:19 - [TEST_STEP][PASSED] - setText(findTestObject("Object Repository/Web/Register/Reg_InputText_Email"), "Test@Example.com"): Text 'Test@Example.com' is set on object 'Object Repository/Web/Register/Reg_InputText_Email'

2023-04-03 05:40:20 - [MESSAGE][PASSED] - Text 'Test@Example.com' is set on object 'Object Repository/Web/Register/Reg_InputText_Email'

2023-04-03 05:40:20 - [TEST_STEP][PASSED] - setText(findTestObject("Object Repository/Web/Register/Reg_InputText_Whatsapp"), "081324387267"): Text '081324387267' is set on object 'Object Repository/Web/Register/Reg_InputText_Whatsapp'

2023-04-03 05:40:21 - [MESSAGE][PASSED] - Text '081324387267' is set on object 'Object Repository/Web/Register/Reg_InputText_Whatsapp'

2023-04-03 05:40:21 - [TEST_STEP][PASSED] - setText(findTestObject("Object Repository/Web/Register/Reg_InputText_KataSandi"), "testingtesting"): Text 'testingtesting' is set on object 'Object Repository/Web/Register/Reg_InputText_KataSandi'

2023-04-03 05:40:22 - [MESSAGE][PASSED] - Text 'testingtesting' is set on object 'Object Repository/Web/Register/Reg_InputText_KataSandi'

2023-04-03 05:40:22 - [TEST_STEP][PASSED] - setText(findTestObject("Object Repository/Web/Register/Reg_InputText_KonfirmasiKataSandi"), "testingtesting"): Text 'testingtesting' is set on object 'Object Repository/Web/Register/Reg_InputText_KonfirmasiKataSandi'

2023-04-03 05:40:22 - [MESSAGE][PASSED] - Text 'testingtesting' is set on object 'Object Repository/Web/Register/Reg_InputText_KonfirmasiKataSandi'

2023-04-03 05:40:22 - [TEST_STEP][PASSED] - check(findTestObject("Object Repository/Web/Register/Reg_Checkbox_SyaratDanKetentuan")): Object 'Object Repository/Web/Register/Reg_Checkbox_SyaratDanKetentuan' is checked

2023-04-03 05:40:23 - [MESSAGE][PASSED] - Object 'Object Repository/Web/Register/Reg_Checkbox_SyaratDanKetentuan' is checked

2023-04-03 05:40:23 - [TEST_STEP][PASSED] - click(findTestObject("Object Repository/Web/Register/Reg_Button_Daftar")): Object: 'Object Repository/Web/Register/Reg_Button_Daftar' is clicked on

2023-04-03 05:40:25 - [MESSAGE][PASSED] - Object: 'Object Repository/Web/Register/Reg_Button_Daftar' is clicked on

2023-04-03 05:40:25 - [TEST_STEP][PASSED] - delay(5): Delayed 5 second(s)

2023-04-03 05:40:30 - [MESSAGE][PASSED] - Delayed 5 second(s)

2023-04-03 05:40:30 - [TEST_STEP][PASSED] - if (getUrl() == "https://demo-app.online/daftar"): Current window's url is: 'https://demo-app.online/email/verify'

2023-04-03 05:40:30 - [MESSAGE][PASSED] - Current window's url is: 'https://demo-app.online/email/verify'

2023-04-03 05:40:30 - [TEST_STEP][PASSED] - delay(5): Delayed 5 second(s)

2023-04-03 05:40:35 - [MESSAGE][PASSED] - Delayed 5 second(s)

2023-04-03 05:40:35 - [TEST_STEP][PASSED] - assert getUrl() == "https://demo-app.online/email/verify": Current window's url is: 'https://demo-app.online/email/verify'

2023-04-03 05:40:35 - [MESSAGE][PASSED] - Current window's url is: 'https://demo-app.online/email/verify'

2023-04-03 05:40:35 - [TEST_STEP][PASSED] - name = testData.getValue("Name", i): null

2023-04-03 05:40:35 - [TEST_STEP][PASSED] - navigateToUrl("https://demo-app.online/daftar"): Navigate to 'https://demo-app.online/daftar' successfully

2023-04-03 05:40:36 - [MESSAGE][PASSED] - Navigate to 'https://demo-app.online/daftar' successfully

2023-04-03 05:40:36 - [TEST_STEP][PASSED] - setText(findTestObject("Object Repository/Web/Register/Reg_InputText_Nama"), name): Text 'Test Name' is set on object 'Object Repository/Web/Register/Reg_InputText_Nama'

2023-04-03 05:40:37 - [MESSAGE][PASSED] - Text 'Test Name' is set on object 'Object Repository/Web/Register/Reg_InputText_Nama'

2023-04-03 05:40:37 - [TEST_STEP][PASSED] - setText(findTestObject("Object Repository/Web/Register/Reg_InputText_BirthDay"), "18-Feb-1997"): Text '18-Feb-1997' is set on object 'Object Repository/Web/Register/Reg_InputText_BirthDay'

2023-04-03 05:40:37 - [MESSAGE][PASSED] - Text '18-Feb-1997' is set on object 'Object Repository/Web/Register/Reg_InputText_BirthDay'

2023-04-03 05:40:37 - [TEST_STEP][PASSED] - setText(findTestObject("Object Repository/Web/Register/Reg_InputText_Email"), "Test@Example.com"): Text 'Test@Example.com' is set on object 'Object Repository/Web/Register/Reg_InputText_Email'

2023-04-03 05:40:38 - [MESSAGE][PASSED] - Text 'Test@Example.com' is set on object 'Object Repository/Web/Register/Reg_InputText_Email'

2023-04-03 05:40:38 - [TEST_STEP][PASSED] - setText(findTestObject("Object Repository/Web/Register/Reg_InputText_Whatsapp"), "081324387267"): Text '081324387267' is set on object 'Object Repository/Web/Register/Reg_InputText_Whatsapp'

2023-04-03 05:40:39 - [MESSAGE][PASSED] - Text '081324387267' is set on object 'Object Repository/Web/Register/Reg_InputText_Whatsapp'

2023-04-03 05:40:39 - [TEST_STEP][PASSED] - setText(findTestObject("Object Repository/Web/Register/Reg_InputText_KataSandi"), "testingtesting"): Text 'testingtesting' is set on object 'Object Repository/Web/Register/Reg_InputText_KataSandi'

2023-04-03 05:40:40 - [MESSAGE][PASSED] - Text 'testingtesting' is set on object 'Object Repository/Web/Register/Reg_InputText_KataSandi'

2023-04-03 05:40:40 - [TEST_STEP][PASSED] - setText(findTestObject("Object Repository/Web/Register/Reg_InputText_KonfirmasiKataSandi"), "testingtesting"): Text 'testingtesting' is set on object 'Object Repository/Web/Register/Reg_InputText_KonfirmasiKataSandi'

2023-04-03 05:40:40 - [MESSAGE][PASSED] - Text 'testingtesting' is set on object 'Object Repository/Web/Register/Reg_InputText_KonfirmasiKataSandi'

2023-04-03 05:40:40 - [TEST_STEP][PASSED] - check(findTestObject("Object Repository/Web/Register/Reg_Checkbox_SyaratDanKetentuan")): Object 'Object Repository/Web/Register/Reg_Checkbox_SyaratDanKetentuan' is checked

2023-04-03 05:40:41 - [MESSAGE][PASSED] - Object 'Object Repository/Web/Register/Reg_Checkbox_SyaratDanKetentuan' is checked

2023-04-03 05:40:41 - [TEST_STEP][PASSED] - click(findTestObject("Object Repository/Web/Register/Reg_Button_Daftar")): Object: 'Object Repository/Web/Register/Reg_Button_Daftar' is clicked on

2023-04-03 05:40:43 - [MESSAGE][PASSED] - Object: 'Object Repository/Web/Register/Reg_Button_Daftar' is clicked on

2023-04-03 05:40:43 - [TEST_STEP][PASSED] - delay(5): Delayed 5 second(s)

2023-04-03 05:40:48 - [MESSAGE][PASSED] - Delayed 5 second(s)

2023-04-03 05:40:48 - [TEST_STEP][PASSED] - if (getUrl() == "https://demo-app.online/daftar"): Current window's url is: 'https://demo-app.online/email/verify'

2023-04-03 05:40:48 - [MESSAGE][PASSED] - Current window's url is: 'https://demo-app.online/email/verify'

2023-04-03 05:40:48 - [TEST_STEP][PASSED] - delay(5): Delayed 5 second(s)

2023-04-03 05:40:53 - [MESSAGE][PASSED] - Delayed 5 second(s)

2023-04-03 05:40:53 - [TEST_STEP][PASSED] - assert getUrl() == "https://demo-app.online/email/verify": Current window's url is: 'https://demo-app.online/email/verify'

2023-04-03 05:40:53 - [MESSAGE][PASSED] - Current window's url is: 'https://demo-app.online/email/verify'

2023-04-03 05:40:53 - [TEST_STEP][PASSED] - name = testData.getValue("Name", i): null

2023-04-03 05:40:53 - [TEST_STEP][PASSED] - navigateToUrl("https://demo-app.online/daftar"): Navigate to 'https://demo-app.online/daftar' successfully

2023-04-03 05:40:53 - [MESSAGE][PASSED] - Navigate to 'https://demo-app.online/daftar' successfully

2023-04-03 05:40:53 - [TEST_STEP][PASSED] - setText(findTestObject("Object Repository/Web/Register/Reg_InputText_Nama"), name): Text 'John Doe' is set on object 'Object Repository/Web/Register/Reg_InputText_Nama'

2023-04-03 05:40:54 - [MESSAGE][PASSED] - Text 'John Doe' is set on object 'Object Repository/Web/Register/Reg_InputText_Nama'

2023-04-03 05:40:54 - [TEST_STEP][PASSED] - setText(findTestObject("Object Repository/Web/Register/Reg_InputText_BirthDay"), "18-Feb-1997"): Text '18-Feb-1997' is set on object 'Object Repository/Web/Register/Reg_InputText_BirthDay'

2023-04-03 05:40:55 - [MESSAGE][PASSED] - Text '18-Feb-1997' is set on object 'Object Repository/Web/Register/Reg_InputText_BirthDay'

2023-04-03 05:40:55 - [TEST_STEP][PASSED] - setText(findTestObject("Object Repository/Web/Register/Reg_InputText_Email"), "Test@Example.com"): Text 'Test@Example.com' is set on object 'Object Repository/Web/Register/Reg_InputText_Email'

2023-04-03 05:40:56 - [MESSAGE][PASSED] - Text 'Test@Example.com' is set on object 'Object Repository/Web/Register/Reg_InputText_Email'

2023-04-03 05:40:56 - [TEST_STEP][PASSED] - setText(findTestObject("Object Repository/Web/Register/Reg_InputText_Whatsapp"), "081324387267"): Text '081324387267' is set on object 'Object Repository/Web/Register/Reg_InputText_Whatsapp'

2023-04-03 05:40:57 - [MESSAGE][PASSED] - Text '081324387267' is set on object 'Object Repository/Web/Register/Reg_InputText_Whatsapp'

2023-04-03 05:40:57 - [TEST_STEP][PASSED] - setText(findTestObject("Object Repository/Web/Register/Reg_InputText_KataSandi"), "testingtesting"): Text 'testingtesting' is set on object 'Object Repository/Web/Register/Reg_InputText_KataSandi'

2023-04-03 05:40:57 - [MESSAGE][PASSED] - Text 'testingtesting' is set on object 'Object Repository/Web/Register/Reg_InputText_KataSandi'

2023-04-03 05:40:57 - [TEST_STEP][PASSED] - setText(findTestObject("Object Repository/Web/Register/Reg_InputText_KonfirmasiKataSandi"), "testingtesting"): Text 'testingtesting' is set on object 'Object Repository/Web/Register/Reg_InputText_KonfirmasiKataSandi'

2023-04-03 05:40:58 - [MESSAGE][PASSED] - Text 'testingtesting' is set on object 'Object Repository/Web/Register/Reg_InputText_KonfirmasiKataSandi'

2023-04-03 05:40:58 - [TEST_STEP][PASSED] - check(findTestObject("Object Repository/Web/Register/Reg_Checkbox_SyaratDanKetentuan")): Object 'Object Repository/Web/Register/Reg_Checkbox_SyaratDanKetentuan' is checked

2023-04-03 05:40:58 - [MESSAGE][PASSED] - Object 'Object Repository/Web/Register/Reg_Checkbox_SyaratDanKetentuan' is checked

2023-04-03 05:40:58 - [TEST_STEP][PASSED] - click(findTestObject("Object Repository/Web/Register/Reg_Button_Daftar")): Object: 'Object Repository/Web/Register/Reg_Button_Daftar' is clicked on

2023-04-03 05:41:00 - [MESSAGE][PASSED] - Object: 'Object Repository/Web/Register/Reg_Button_Daftar' is clicked on

2023-04-03 05:41:00 - [TEST_STEP][PASSED] - delay(5): Delayed 5 second(s)

2023-04-03 05:41:05 - [MESSAGE][PASSED] - Delayed 5 second(s)

2023-04-03 05:41:05 - [TEST_STEP][PASSED] - if (getUrl() == "https://demo-app.online/daftar"): Current window's url is: 'https://demo-app.online/email/verify'

2023-04-03 05:41:05 - [MESSAGE][PASSED] - Current window's url is: 'https://demo-app.online/email/verify'

2023-04-03 05:41:05 - [TEST_STEP][PASSED] - delay(5): Delayed 5 second(s)

2023-04-03 05:41:10 - [MESSAGE][PASSED] - Delayed 5 second(s)

2023-04-03 05:41:10 - [TEST_STEP][PASSED] - assert getUrl() == "https://demo-app.online/email/verify": Current window's url is: 'https://demo-app.online/email/verify'

2023-04-03 05:41:10 - [MESSAGE][PASSED] - Current window's url is: 'https://demo-app.online/email/verify']]></system-out>
         <system-err><![CDATA[]]></system-err>
      </testcase>
      <testcase name="Test Cases/Web/REG/REG-12" time="13.408" classname="Test Cases/Web/REG/REG-12" status="PASSED">
         <system-out><![CDATA[2023-04-03 05:41:10 - [TEST_CASE][PASSED] - Test Cases/Web/REG/REG-12: Test Cases/Web/REG/REG-12

2023-04-03 05:41:11 - [TEST_STEP][PASSED] - openBrowser(""): Browser is opened with url: ''

2023-04-03 05:41:11 - [MESSAGE][WARNING] - A browser is already opened. Closing browser and opening a new one

2023-04-03 05:41:11 - [MESSAGE][INFO] - Starting 'Chrome' driver

2023-04-03 05:41:11 - [MESSAGE][INFO] - Action delay is set to 0 milliseconds

2023-04-03 05:41:12 - [MESSAGE][PASSED] - Browser is opened with url: ''

2023-04-03 05:41:12 - [TEST_STEP][PASSED] - navigateToUrl("https://demo-app.online/daftar"): Navigate to 'https://demo-app.online/daftar' successfully

2023-04-03 05:41:14 - [MESSAGE][PASSED] - Navigate to 'https://demo-app.online/daftar' successfully

2023-04-03 05:41:14 - [TEST_STEP][PASSED] - setText(findTestObject("Object Repository/Web/Register/Reg_InputText_BirthDay"), "18-Feb-1997"): Text '18-Feb-1997' is set on object 'Object Repository/Web/Register/Reg_InputText_BirthDay'

2023-04-03 05:41:15 - [MESSAGE][PASSED] - Text '18-Feb-1997' is set on object 'Object Repository/Web/Register/Reg_InputText_BirthDay'

2023-04-03 05:41:15 - [TEST_STEP][PASSED] - setText(findTestObject("Object Repository/Web/Register/Reg_InputText_Email"), "Test@Mail.com"): Text 'Test@Mail.com' is set on object 'Object Repository/Web/Register/Reg_InputText_Email'

2023-04-03 05:41:16 - [MESSAGE][PASSED] - Text 'Test@Mail.com' is set on object 'Object Repository/Web/Register/Reg_InputText_Email'

2023-04-03 05:41:16 - [TEST_STEP][PASSED] - setText(findTestObject("Object Repository/Web/Register/Reg_InputText_Whatsapp"), "081324387267"): Text '081324387267' is set on object 'Object Repository/Web/Register/Reg_InputText_Whatsapp'

2023-04-03 05:41:17 - [MESSAGE][PASSED] - Text '081324387267' is set on object 'Object Repository/Web/Register/Reg_InputText_Whatsapp'

2023-04-03 05:41:17 - [TEST_STEP][PASSED] - setText(findTestObject("Object Repository/Web/Register/Reg_InputText_KataSandi"), "testingtesting"): Text 'testingtesting' is set on object 'Object Repository/Web/Register/Reg_InputText_KataSandi'

2023-04-03 05:41:17 - [MESSAGE][PASSED] - Text 'testingtesting' is set on object 'Object Repository/Web/Register/Reg_InputText_KataSandi'

2023-04-03 05:41:17 - [TEST_STEP][PASSED] - setText(findTestObject("Object Repository/Web/Register/Reg_InputText_KonfirmasiKataSandi"), "testingtesting"): Text 'testingtesting' is set on object 'Object Repository/Web/Register/Reg_InputText_KonfirmasiKataSandi'

2023-04-03 05:41:18 - [MESSAGE][PASSED] - Text 'testingtesting' is set on object 'Object Repository/Web/Register/Reg_InputText_KonfirmasiKataSandi'

2023-04-03 05:41:18 - [TEST_STEP][PASSED] - check(findTestObject("Object Repository/Web/Register/Reg_Checkbox_SyaratDanKetentuan")): Object 'Object Repository/Web/Register/Reg_Checkbox_SyaratDanKetentuan' is checked

2023-04-03 05:41:18 - [MESSAGE][PASSED] - Object 'Object Repository/Web/Register/Reg_Checkbox_SyaratDanKetentuan' is checked

2023-04-03 05:41:18 - [TEST_STEP][PASSED] - click(findTestObject("Object Repository/Web/Register/Reg_Button_Daftar")): Object: 'Object Repository/Web/Register/Reg_Button_Daftar' is clicked on

2023-04-03 05:41:19 - [MESSAGE][PASSED] - Object: 'Object Repository/Web/Register/Reg_Button_Daftar' is clicked on

2023-04-03 05:41:19 - [TEST_STEP][PASSED] - isValid = executeJavaScript("document.getElementById("name").reportValidity();", null): Execute JavaScript 'document.getElementById("name").reportValidity();' successfully

2023-04-03 05:41:19 - [MESSAGE][PASSED] - Execute JavaScript 'document.getElementById("name").reportValidity();' successfully

2023-04-03 05:41:19 - [TEST_STEP][PASSED] - assert !(isValid) : "Validation error should be displayed": null

2023-04-03 05:41:19 - [TEST_STEP][PASSED] - delay(5): Delayed 5 second(s)

2023-04-03 05:41:24 - [MESSAGE][PASSED] - Delayed 5 second(s)

2023-04-03 05:41:24 - [TEST_STEP][PASSED] - assert getUrl() != "https://demo-app.online/email/verify": Current window's url is: 'https://demo-app.online/daftar'

2023-04-03 05:41:24 - [MESSAGE][PASSED] - Current window's url is: 'https://demo-app.online/daftar']]></system-out>
         <system-err><![CDATA[]]></system-err>
      </testcase>
      <testcase name="Test Cases/Web/REG/REG-13" time="15.035" classname="Test Cases/Web/REG/REG-13" status="PASSED">
         <system-out><![CDATA[2023-04-03 05:41:24 - [TEST_CASE][PASSED] - Test Cases/Web/REG/REG-13: Test Cases/Web/REG/REG-13

2023-04-03 05:41:24 - [TEST_STEP][PASSED] - openBrowser(""): Browser is opened with url: ''

2023-04-03 05:41:24 - [MESSAGE][WARNING] - A browser is already opened. Closing browser and opening a new one

2023-04-03 05:41:25 - [MESSAGE][INFO] - Starting 'Chrome' driver

2023-04-03 05:41:25 - [MESSAGE][INFO] - Action delay is set to 0 milliseconds

2023-04-03 05:41:26 - [MESSAGE][PASSED] - Browser is opened with url: ''

2023-04-03 05:41:26 - [TEST_STEP][PASSED] - navigateToUrl("https://demo-app.online/daftar"): Navigate to 'https://demo-app.online/daftar' successfully

2023-04-03 05:41:27 - [MESSAGE][PASSED] - Navigate to 'https://demo-app.online/daftar' successfully

2023-04-03 05:41:27 - [TEST_STEP][PASSED] - setText(findTestObject("Object Repository/Web/Register/Reg_InputText_Nama"), "  "): Text '  ' is set on object 'Object Repository/Web/Register/Reg_InputText_Nama'

2023-04-03 05:41:28 - [MESSAGE][PASSED] - Text '  ' is set on object 'Object Repository/Web/Register/Reg_InputText_Nama'

2023-04-03 05:41:28 - [TEST_STEP][PASSED] - setText(findTestObject("Object Repository/Web/Register/Reg_InputText_BirthDay"), "18-Feb-1997"): Text '18-Feb-1997' is set on object 'Object Repository/Web/Register/Reg_InputText_BirthDay'

2023-04-03 05:41:29 - [MESSAGE][PASSED] - Text '18-Feb-1997' is set on object 'Object Repository/Web/Register/Reg_InputText_BirthDay'

2023-04-03 05:41:29 - [TEST_STEP][PASSED] - setText(findTestObject("Object Repository/Web/Register/Reg_InputText_Email"), "Test@Mail.com"): Text 'Test@Mail.com' is set on object 'Object Repository/Web/Register/Reg_InputText_Email'

2023-04-03 05:41:30 - [MESSAGE][PASSED] - Text 'Test@Mail.com' is set on object 'Object Repository/Web/Register/Reg_InputText_Email'

2023-04-03 05:41:30 - [TEST_STEP][PASSED] - setText(findTestObject("Object Repository/Web/Register/Reg_InputText_Whatsapp"), "081324387267"): Text '081324387267' is set on object 'Object Repository/Web/Register/Reg_InputText_Whatsapp'

2023-04-03 05:41:31 - [MESSAGE][PASSED] - Text '081324387267' is set on object 'Object Repository/Web/Register/Reg_InputText_Whatsapp'

2023-04-03 05:41:31 - [TEST_STEP][PASSED] - setText(findTestObject("Object Repository/Web/Register/Reg_InputText_KataSandi"), "testingtesting"): Text 'testingtesting' is set on object 'Object Repository/Web/Register/Reg_InputText_KataSandi'

2023-04-03 05:41:31 - [MESSAGE][PASSED] - Text 'testingtesting' is set on object 'Object Repository/Web/Register/Reg_InputText_KataSandi'

2023-04-03 05:41:31 - [TEST_STEP][PASSED] - setText(findTestObject("Object Repository/Web/Register/Reg_InputText_KonfirmasiKataSandi"), "testingtesting"): Text 'testingtesting' is set on object 'Object Repository/Web/Register/Reg_InputText_KonfirmasiKataSandi'

2023-04-03 05:41:32 - [MESSAGE][PASSED] - Text 'testingtesting' is set on object 'Object Repository/Web/Register/Reg_InputText_KonfirmasiKataSandi'

2023-04-03 05:41:32 - [TEST_STEP][PASSED] - check(findTestObject("Object Repository/Web/Register/Reg_Checkbox_SyaratDanKetentuan")): Object 'Object Repository/Web/Register/Reg_Checkbox_SyaratDanKetentuan' is checked

2023-04-03 05:41:33 - [MESSAGE][PASSED] - Object 'Object Repository/Web/Register/Reg_Checkbox_SyaratDanKetentuan' is checked

2023-04-03 05:41:33 - [TEST_STEP][PASSED] - click(findTestObject("Object Repository/Web/Register/Reg_Button_Daftar")): Object: 'Object Repository/Web/Register/Reg_Button_Daftar' is clicked on

2023-04-03 05:41:34 - [MESSAGE][PASSED] - Object: 'Object Repository/Web/Register/Reg_Button_Daftar' is clicked on

2023-04-03 05:41:34 - [TEST_STEP][PASSED] - isValid = executeJavaScript("document.getElementById("name").reportValidity();", null): Execute JavaScript 'document.getElementById("name").reportValidity();' successfully

2023-04-03 05:41:34 - [MESSAGE][PASSED] - Execute JavaScript 'document.getElementById("name").reportValidity();' successfully

2023-04-03 05:41:34 - [TEST_STEP][PASSED] - assert !(isValid) : "Validation error should be displayed": null

2023-04-03 05:41:34 - [TEST_STEP][PASSED] - delay(5): Delayed 5 second(s)

2023-04-03 05:41:39 - [MESSAGE][PASSED] - Delayed 5 second(s)

2023-04-03 05:41:39 - [TEST_STEP][PASSED] - assert getUrl() != "https://demo-app.online/email/verify": Current window's url is: 'https://demo-app.online/daftar'

2023-04-03 05:41:39 - [MESSAGE][PASSED] - Current window's url is: 'https://demo-app.online/daftar']]></system-out>
         <system-err><![CDATA[]]></system-err>
      </testcase>
      <testcase name="Test Cases/Web/REG/REG-14" time="11.457" classname="Test Cases/Web/REG/REG-14" status="FAILED">
         <failure type="FAILED" message="Test Cases/Web/REG/REG-14 FAILED.
Reason:
com.kms.katalon.core.exception.StepFailedException: Unable to execute JavaScript.
	at com.kms.katalon.core.webui.keyword.internal.WebUIKeywordMain.stepFailed(WebUIKeywordMain.groovy:64)
	at com.kms.katalon.core.webui.keyword.internal.WebUIKeywordMain.runKeyword(WebUIKeywordMain.groovy:26)
	at com.kms.katalon.core.webui.keyword.builtin.ExecuteJavaScriptKeyword.executeJavascript(ExecuteJavascriptKeyword.groovy:42)
	at com.kms.katalon.core.webui.keyword.builtin.ExecuteJavaScriptKeyword.execute(ExecuteJavascriptKeyword.groovy:37)
	at com.kms.katalon.core.keyword.internal.KeywordExecutor.executeKeywordForPlatform(KeywordExecutor.groovy:74)
	at com.kms.katalon.core.webui.keyword.WebUiBuiltInKeywords.executeJavaScript(WebUiBuiltInKeywords.groovy:4873)
	at com.kms.katalon.core.webui.keyword.WebUiBuiltInKeywords$executeJavaScript$5.call(Unknown Source)
	at REG-14.run(REG-14:42)
	at com.kms.katalon.core.main.ScriptEngine.run(ScriptEngine.java:194)
	at com.kms.katalon.core.main.ScriptEngine.runScriptAsRawText(ScriptEngine.java:119)
	at com.kms.katalon.core.main.TestCaseExecutor.runScript(TestCaseExecutor.java:448)
	at com.kms.katalon.core.main.TestCaseExecutor.doExecute(TestCaseExecutor.java:439)
	at com.kms.katalon.core.main.TestCaseExecutor.processExecutionPhase(TestCaseExecutor.java:418)
	at com.kms.katalon.core.main.TestCaseExecutor.accessMainPhase(TestCaseExecutor.java:410)
	at com.kms.katalon.core.main.TestCaseExecutor.execute(TestCaseExecutor.java:285)
	at com.kms.katalon.core.common.CommonExecutor.accessTestCaseMainPhase(CommonExecutor.java:65)
	at com.kms.katalon.core.main.TestSuiteExecutor.accessTestSuiteMainPhase(TestSuiteExecutor.java:151)
	at com.kms.katalon.core.main.TestSuiteExecutor.execute(TestSuiteExecutor.java:106)
	at com.kms.katalon.core.main.TestCaseMain.startTestSuite(TestCaseMain.java:185)
	at com.kms.katalon.core.main.TestCaseMain$startTestSuite$0.call(Unknown Source)
	at TempTestSuite1680475136875.run(TempTestSuite1680475136875.groovy:36)
Caused by: org.openqa.selenium.JavascriptException: javascript error: Cannot read properties of null (reading 'reportValidity')
  (Session info: chrome=111.0.5563.147)
Build info: version: '3.141.59', revision: 'e82be7d358', time: '2018-11-14T08:25:53'
System info: host: 'RED', ip: '192.168.203.1', os.name: 'Windows 10', os.arch: 'amd64', os.version: '10.0', java.version: '1.8.0_282'
Driver info: com.kms.katalon.selenium.driver.CChromeDriver
Capabilities {acceptInsecureCerts: false, browserName: chrome, browserVersion: 111.0.5563.147, chrome: {chromedriverVersion: 111.0.5563.64 (c710e93d5b63..., userDataDir: C:\Users\rizki\AppData\Loca...}, goog:chromeOptions: {debuggerAddress: localhost:53738}, javascriptEnabled: true, networkConnectionEnabled: false, pageLoadStrategy: normal, platform: WINDOWS, platformName: WINDOWS, proxy: Proxy(), setWindowRect: true, strictFileInteractability: false, timeouts: {implicit: 0, pageLoad: 300000, script: 30000}, unhandledPromptBehavior: dismiss and notify, webauthn:extension:credBlob: true, webauthn:extension:largeBlob: true, webauthn:extension:minPinLength: true, webauthn:extension:prf: true, webauthn:virtualAuthenticators: true}
Session ID: a540af7ed3786de5029ea073d1de2964
	at org.openqa.selenium.remote.http.W3CHttpResponseCodec.createException(W3CHttpResponseCodec.java:187)
	at org.openqa.selenium.remote.http.W3CHttpResponseCodec.decode(W3CHttpResponseCodec.java:122)
	at org.openqa.selenium.remote.http.W3CHttpResponseCodec.decode(W3CHttpResponseCodec.java:49)
	at org.openqa.selenium.remote.HttpCommandExecutor.execute(HttpCommandExecutor.java:158)
	at org.openqa.selenium.remote.service.DriverCommandExecutor.execute(DriverCommandExecutor.java:83)
	at org.openqa.selenium.remote.RemoteWebDriver.execute(RemoteWebDriver.java:552)
	at com.kms.katalon.selenium.driver.CChromeDriver.execute(CChromeDriver.java:19)
	at org.openqa.selenium.remote.RemoteWebDriver.executeScript(RemoteWebDriver.java:489)
	at org.openqa.selenium.support.events.EventFiringWebDriver.lambda$new$1(EventFiringWebDriver.java:105)
	at com.sun.proxy.$Proxy10.executeScript(Unknown Source)
	at org.openqa.selenium.support.events.EventFiringWebDriver.executeScript(EventFiringWebDriver.java:229)
	at com.kms.katalon.core.webui.keyword.builtin.ExecuteJavaScriptKeyword$_executeJavascript_closure1.doCall(ExecuteJavascriptKeyword.groovy:48)
	at com.kms.katalon.core.webui.keyword.builtin.ExecuteJavaScriptKeyword$_executeJavascript_closure1.call(ExecuteJavascriptKeyword.groovy)
	at com.kms.katalon.core.webui.keyword.internal.WebUIKeywordMain.runKeyword(WebUIKeywordMain.groovy:20)
	... 19 more
"/>
         <system-out><![CDATA[2023-04-03 05:41:39 - [TEST_CASE][FAILED] - Test Cases/Web/REG/REG-14: Test Cases/Web/REG/REG-14 FAILED.
Reason:
com.kms.katalon.core.exception.StepFailedException: Unable to execute JavaScript.
	at com.kms.katalon.core.webui.keyword.internal.WebUIKeywordMain.stepFailed(WebUIKeywordMain.groovy:64)
	at com.kms.katalon.core.webui.keyword.internal.WebUIKeywordMain.runKeyword(WebUIKeywordMain.groovy:26)
	at com.kms.katalon.core.webui.keyword.builtin.ExecuteJavaScriptKeyword.executeJavascript(ExecuteJavascriptKeyword.groovy:42)
	at com.kms.katalon.core.webui.keyword.builtin.ExecuteJavaScriptKeyword.execute(ExecuteJavascriptKeyword.groovy:37)
	at com.kms.katalon.core.keyword.internal.KeywordExecutor.executeKeywordForPlatform(KeywordExecutor.groovy:74)
	at com.kms.katalon.core.webui.keyword.WebUiBuiltInKeywords.executeJavaScript(WebUiBuiltInKeywords.groovy:4873)
	at com.kms.katalon.core.webui.keyword.WebUiBuiltInKeywords$executeJavaScript$5.call(Unknown Source)
	at REG-14.run(REG-14:42)
	at com.kms.katalon.core.main.ScriptEngine.run(ScriptEngine.java:194)
	at com.kms.katalon.core.main.ScriptEngine.runScriptAsRawText(ScriptEngine.java:119)
	at com.kms.katalon.core.main.TestCaseExecutor.runScript(TestCaseExecutor.java:448)
	at com.kms.katalon.core.main.TestCaseExecutor.doExecute(TestCaseExecutor.java:439)
	at com.kms.katalon.core.main.TestCaseExecutor.processExecutionPhase(TestCaseExecutor.java:418)
	at com.kms.katalon.core.main.TestCaseExecutor.accessMainPhase(TestCaseExecutor.java:410)
	at com.kms.katalon.core.main.TestCaseExecutor.execute(TestCaseExecutor.java:285)
	at com.kms.katalon.core.common.CommonExecutor.accessTestCaseMainPhase(CommonExecutor.java:65)
	at com.kms.katalon.core.main.TestSuiteExecutor.accessTestSuiteMainPhase(TestSuiteExecutor.java:151)
	at com.kms.katalon.core.main.TestSuiteExecutor.execute(TestSuiteExecutor.java:106)
	at com.kms.katalon.core.main.TestCaseMain.startTestSuite(TestCaseMain.java:185)
	at com.kms.katalon.core.main.TestCaseMain$startTestSuite$0.call(Unknown Source)
	at TempTestSuite1680475136875.run(TempTestSuite1680475136875.groovy:36)
Caused by: org.openqa.selenium.JavascriptException: javascript error: Cannot read properties of null (reading 'reportValidity')
  (Session info: chrome=111.0.5563.147)
Build info: version: '3.141.59', revision: 'e82be7d358', time: '2018-11-14T08:25:53'
System info: host: 'RED', ip: '192.168.203.1', os.name: 'Windows 10', os.arch: 'amd64', os.version: '10.0', java.version: '1.8.0_282'
Driver info: com.kms.katalon.selenium.driver.CChromeDriver
Capabilities {acceptInsecureCerts: false, browserName: chrome, browserVersion: 111.0.5563.147, chrome: {chromedriverVersion: 111.0.5563.64 (c710e93d5b63..., userDataDir: C:\Users\rizki\AppData\Loca...}, goog:chromeOptions: {debuggerAddress: localhost:53738}, javascriptEnabled: true, networkConnectionEnabled: false, pageLoadStrategy: normal, platform: WINDOWS, platformName: WINDOWS, proxy: Proxy(), setWindowRect: true, strictFileInteractability: false, timeouts: {implicit: 0, pageLoad: 300000, script: 30000}, unhandledPromptBehavior: dismiss and notify, webauthn:extension:credBlob: true, webauthn:extension:largeBlob: true, webauthn:extension:minPinLength: true, webauthn:extension:prf: true, webauthn:virtualAuthenticators: true}
Session ID: a540af7ed3786de5029ea073d1de2964
	at org.openqa.selenium.remote.http.W3CHttpResponseCodec.createException(W3CHttpResponseCodec.java:187)
	at org.openqa.selenium.remote.http.W3CHttpResponseCodec.decode(W3CHttpResponseCodec.java:122)
	at org.openqa.selenium.remote.http.W3CHttpResponseCodec.decode(W3CHttpResponseCodec.java:49)
	at org.openqa.selenium.remote.HttpCommandExecutor.execute(HttpCommandExecutor.java:158)
	at org.openqa.selenium.remote.service.DriverCommandExecutor.execute(DriverCommandExecutor.java:83)
	at org.openqa.selenium.remote.RemoteWebDriver.execute(RemoteWebDriver.java:552)
	at com.kms.katalon.selenium.driver.CChromeDriver.execute(CChromeDriver.java:19)
	at org.openqa.selenium.remote.RemoteWebDriver.executeScript(RemoteWebDriver.java:489)
	at org.openqa.selenium.support.events.EventFiringWebDriver.lambda$new$1(EventFiringWebDriver.java:105)
	at com.sun.proxy.$Proxy10.executeScript(Unknown Source)
	at org.openqa.selenium.support.events.EventFiringWebDriver.executeScript(EventFiringWebDriver.java:229)
	at com.kms.katalon.core.webui.keyword.builtin.ExecuteJavaScriptKeyword$_executeJavascript_closure1.doCall(ExecuteJavascriptKeyword.groovy:48)
	at com.kms.katalon.core.webui.keyword.builtin.ExecuteJavaScriptKeyword$_executeJavascript_closure1.call(ExecuteJavascriptKeyword.groovy)
	at com.kms.katalon.core.webui.keyword.internal.WebUIKeywordMain.runKeyword(WebUIKeywordMain.groovy:20)
	... 19 more


2023-04-03 05:41:39 - [TEST_STEP][PASSED] - openBrowser(""): Browser is opened with url: ''

2023-04-03 05:41:39 - [MESSAGE][WARNING] - A browser is already opened. Closing browser and opening a new one

2023-04-03 05:41:40 - [MESSAGE][INFO] - Starting 'Chrome' driver

2023-04-03 05:41:40 - [MESSAGE][INFO] - Action delay is set to 0 milliseconds

2023-04-03 05:41:41 - [MESSAGE][PASSED] - Browser is opened with url: ''

2023-04-03 05:41:41 - [TEST_STEP][PASSED] - navigateToUrl("https://demo-app.online/daftar"): Navigate to 'https://demo-app.online/daftar' successfully

2023-04-03 05:41:43 - [MESSAGE][PASSED] - Navigate to 'https://demo-app.online/daftar' successfully

2023-04-03 05:41:43 - [TEST_STEP][PASSED] - setText(findTestObject("Object Repository/Web/Register/Reg_InputText_Nama"), "R!zk! Kh@erul"): Text 'R!zk! Kh@erul' is set on object 'Object Repository/Web/Register/Reg_InputText_Nama'

2023-04-03 05:41:44 - [MESSAGE][PASSED] - Text 'R!zk! Kh@erul' is set on object 'Object Repository/Web/Register/Reg_InputText_Nama'

2023-04-03 05:41:44 - [TEST_STEP][PASSED] - setText(findTestObject("Object Repository/Web/Register/Reg_InputText_BirthDay"), "18-Feb-1997"): Text '18-Feb-1997' is set on object 'Object Repository/Web/Register/Reg_InputText_BirthDay'

2023-04-03 05:41:44 - [MESSAGE][PASSED] - Text '18-Feb-1997' is set on object 'Object Repository/Web/Register/Reg_InputText_BirthDay'

2023-04-03 05:41:44 - [TEST_STEP][PASSED] - setText(findTestObject("Object Repository/Web/Register/Reg_InputText_Email"), "Test@Mail.com"): Text 'Test@Mail.com' is set on object 'Object Repository/Web/Register/Reg_InputText_Email'

2023-04-03 05:41:45 - [MESSAGE][PASSED] - Text 'Test@Mail.com' is set on object 'Object Repository/Web/Register/Reg_InputText_Email'

2023-04-03 05:41:45 - [TEST_STEP][PASSED] - setText(findTestObject("Object Repository/Web/Register/Reg_InputText_Whatsapp"), "081324387267"): Text '081324387267' is set on object 'Object Repository/Web/Register/Reg_InputText_Whatsapp'

2023-04-03 05:41:46 - [MESSAGE][PASSED] - Text '081324387267' is set on object 'Object Repository/Web/Register/Reg_InputText_Whatsapp'

2023-04-03 05:41:46 - [TEST_STEP][PASSED] - setText(findTestObject("Object Repository/Web/Register/Reg_InputText_KataSandi"), "testingtesting"): Text 'testingtesting' is set on object 'Object Repository/Web/Register/Reg_InputText_KataSandi'

2023-04-03 05:41:47 - [MESSAGE][PASSED] - Text 'testingtesting' is set on object 'Object Repository/Web/Register/Reg_InputText_KataSandi'

2023-04-03 05:41:47 - [TEST_STEP][PASSED] - setText(findTestObject("Object Repository/Web/Register/Reg_InputText_KonfirmasiKataSandi"), "testingtesting"): Text 'testingtesting' is set on object 'Object Repository/Web/Register/Reg_InputText_KonfirmasiKataSandi'

2023-04-03 05:41:47 - [MESSAGE][PASSED] - Text 'testingtesting' is set on object 'Object Repository/Web/Register/Reg_InputText_KonfirmasiKataSandi'

2023-04-03 05:41:47 - [TEST_STEP][PASSED] - check(findTestObject("Object Repository/Web/Register/Reg_Checkbox_SyaratDanKetentuan")): Object 'Object Repository/Web/Register/Reg_Checkbox_SyaratDanKetentuan' is checked

2023-04-03 05:41:48 - [MESSAGE][PASSED] - Object 'Object Repository/Web/Register/Reg_Checkbox_SyaratDanKetentuan' is checked

2023-04-03 05:41:48 - [TEST_STEP][PASSED] - click(findTestObject("Object Repository/Web/Register/Reg_Button_Daftar")): Object: 'Object Repository/Web/Register/Reg_Button_Daftar' is clicked on

2023-04-03 05:41:50 - [MESSAGE][PASSED] - Object: 'Object Repository/Web/Register/Reg_Button_Daftar' is clicked on

2023-04-03 05:41:50 - [TEST_STEP][FAILED] - isValid = executeJavaScript("document.getElementById("name").reportValidity();", null): Unable to execute JavaScript. (Root cause: com.kms.katalon.core.exception.StepFailedException: Unable to execute JavaScript.
	at com.kms.katalon.core.webui.keyword.internal.WebUIKeywordMain.stepFailed(WebUIKeywordMain.groovy:64)
	at com.kms.katalon.core.webui.keyword.internal.WebUIKeywordMain.runKeyword(WebUIKeywordMain.groovy:26)
	at com.kms.katalon.core.webui.keyword.builtin.ExecuteJavaScriptKeyword.executeJavascript(ExecuteJavascriptKeyword.groovy:42)
	at com.kms.katalon.core.webui.keyword.builtin.ExecuteJavaScriptKeyword.execute(ExecuteJavascriptKeyword.groovy:37)
	at com.kms.katalon.core.keyword.internal.KeywordExecutor.executeKeywordForPlatform(KeywordExecutor.groovy:74)
	at com.kms.katalon.core.webui.keyword.WebUiBuiltInKeywords.executeJavaScript(WebUiBuiltInKeywords.groovy:4873)
	at com.kms.katalon.core.webui.keyword.WebUiBuiltInKeywords$executeJavaScript$5.call(Unknown Source)
	at REG-14.run(REG-14:42)
	at com.kms.katalon.core.main.ScriptEngine.run(ScriptEngine.java:194)
	at com.kms.katalon.core.main.ScriptEngine.runScriptAsRawText(ScriptEngine.java:119)
	at com.kms.katalon.core.main.TestCaseExecutor.runScript(TestCaseExecutor.java:448)
	at com.kms.katalon.core.main.TestCaseExecutor.doExecute(TestCaseExecutor.java:439)
	at com.kms.katalon.core.main.TestCaseExecutor.processExecutionPhase(TestCaseExecutor.java:418)
	at com.kms.katalon.core.main.TestCaseExecutor.accessMainPhase(TestCaseExecutor.java:410)
	at com.kms.katalon.core.main.TestCaseExecutor.execute(TestCaseExecutor.java:285)
	at com.kms.katalon.core.common.CommonExecutor.accessTestCaseMainPhase(CommonExecutor.java:65)
	at com.kms.katalon.core.main.TestSuiteExecutor.accessTestSuiteMainPhase(TestSuiteExecutor.java:151)
	at com.kms.katalon.core.main.TestSuiteExecutor.execute(TestSuiteExecutor.java:106)
	at com.kms.katalon.core.main.TestCaseMain.startTestSuite(TestCaseMain.java:185)
	at com.kms.katalon.core.main.TestCaseMain$startTestSuite$0.call(Unknown Source)
	at TempTestSuite1680475136875.run(TempTestSuite1680475136875.groovy:36)
Caused by: org.openqa.selenium.JavascriptException: javascript error: Cannot read properties of null (reading 'reportValidity')
  (Session info: chrome=111.0.5563.147)
Build info: version: '3.141.59', revision: 'e82be7d358', time: '2018-11-14T08:25:53'
System info: host: 'RED', ip: '192.168.203.1', os.name: 'Windows 10', os.arch: 'amd64', os.version: '10.0', java.version: '1.8.0_282'
Driver info: com.kms.katalon.selenium.driver.CChromeDriver
Capabilities {acceptInsecureCerts: false, browserName: chrome, browserVersion: 111.0.5563.147, chrome: {chromedriverVersion: 111.0.5563.64 (c710e93d5b63..., userDataDir: C:\Users\rizki\AppData\Loca...}, goog:chromeOptions: {debuggerAddress: localhost:53738}, javascriptEnabled: true, networkConnectionEnabled: false, pageLoadStrategy: normal, platform: WINDOWS, platformName: WINDOWS, proxy: Proxy(), setWindowRect: true, strictFileInteractability: false, timeouts: {implicit: 0, pageLoad: 300000, script: 30000}, unhandledPromptBehavior: dismiss and notify, webauthn:extension:credBlob: true, webauthn:extension:largeBlob: true, webauthn:extension:minPinLength: true, webauthn:extension:prf: true, webauthn:virtualAuthenticators: true}
Session ID: a540af7ed3786de5029ea073d1de2964
	at org.openqa.selenium.remote.http.W3CHttpResponseCodec.createException(W3CHttpResponseCodec.java:187)
	at org.openqa.selenium.remote.http.W3CHttpResponseCodec.decode(W3CHttpResponseCodec.java:122)
	at org.openqa.selenium.remote.http.W3CHttpResponseCodec.decode(W3CHttpResponseCodec.java:49)
	at org.openqa.selenium.remote.HttpCommandExecutor.execute(HttpCommandExecutor.java:158)
	at org.openqa.selenium.remote.service.DriverCommandExecutor.execute(DriverCommandExecutor.java:83)
	at org.openqa.selenium.remote.RemoteWebDriver.execute(RemoteWebDriver.java:552)
	at com.kms.katalon.selenium.driver.CChromeDriver.execute(CChromeDriver.java:19)
	at org.openqa.selenium.remote.RemoteWebDriver.executeScript(RemoteWebDriver.java:489)
	at org.openqa.selenium.support.events.EventFiringWebDriver.lambda$new$1(EventFiringWebDriver.java:105)
	at com.sun.proxy.$Proxy10.executeScript(Unknown Source)
	at org.openqa.selenium.support.events.EventFiringWebDriver.executeScript(EventFiringWebDriver.java:229)
	at com.kms.katalon.core.webui.keyword.builtin.ExecuteJavaScriptKeyword$_executeJavascript_closure1.doCall(ExecuteJavascriptKeyword.groovy:48)
	at com.kms.katalon.core.webui.keyword.builtin.ExecuteJavaScriptKeyword$_executeJavascript_closure1.call(ExecuteJavascriptKeyword.groovy)
	at com.kms.katalon.core.webui.keyword.internal.WebUIKeywordMain.runKeyword(WebUIKeywordMain.groovy:20)
	at com.kms.katalon.core.webui.keyword.builtin.ExecuteJavaScriptKeyword.executeJavascript(ExecuteJavascriptKeyword.groovy:42)
	at com.kms.katalon.core.webui.keyword.builtin.ExecuteJavaScriptKeyword.execute(ExecuteJavascriptKeyword.groovy:37)
	at com.kms.katalon.core.keyword.internal.KeywordExecutor.executeKeywordForPlatform(KeywordExecutor.groovy:74)
	at com.kms.katalon.core.webui.keyword.WebUiBuiltInKeywords.executeJavaScript(WebUiBuiltInKeywords.groovy:4873)
	at com.kms.katalon.core.webui.keyword.WebUiBuiltInKeywords$executeJavaScript$5.call(Unknown Source)
	at Script1680060228107.run(Script1680060228107.groovy:42)
	... 13 more
)

2023-04-03 05:41:50 - [MESSAGE][FAILED] - Unable to execute JavaScript. (Root cause: com.kms.katalon.core.exception.StepFailedException: Unable to execute JavaScript.
	at com.kms.katalon.core.webui.keyword.internal.WebUIKeywordMain.stepFailed(WebUIKeywordMain.groovy:64)
	at com.kms.katalon.core.webui.keyword.internal.WebUIKeywordMain.runKeyword(WebUIKeywordMain.groovy:26)
	at com.kms.katalon.core.webui.keyword.builtin.ExecuteJavaScriptKeyword.executeJavascript(ExecuteJavascriptKeyword.groovy:42)
	at com.kms.katalon.core.webui.keyword.builtin.ExecuteJavaScriptKeyword.execute(ExecuteJavascriptKeyword.groovy:37)
	at com.kms.katalon.core.keyword.internal.KeywordExecutor.executeKeywordForPlatform(KeywordExecutor.groovy:74)
	at com.kms.katalon.core.webui.keyword.WebUiBuiltInKeywords.executeJavaScript(WebUiBuiltInKeywords.groovy:4873)
	at com.kms.katalon.core.webui.keyword.WebUiBuiltInKeywords$executeJavaScript$5.call(Unknown Source)
	at REG-14.run(REG-14:42)
	at com.kms.katalon.core.main.ScriptEngine.run(ScriptEngine.java:194)
	at com.kms.katalon.core.main.ScriptEngine.runScriptAsRawText(ScriptEngine.java:119)
	at com.kms.katalon.core.main.TestCaseExecutor.runScript(TestCaseExecutor.java:448)
	at com.kms.katalon.core.main.TestCaseExecutor.doExecute(TestCaseExecutor.java:439)
	at com.kms.katalon.core.main.TestCaseExecutor.processExecutionPhase(TestCaseExecutor.java:418)
	at com.kms.katalon.core.main.TestCaseExecutor.accessMainPhase(TestCaseExecutor.java:410)
	at com.kms.katalon.core.main.TestCaseExecutor.execute(TestCaseExecutor.java:285)
	at com.kms.katalon.core.common.CommonExecutor.accessTestCaseMainPhase(CommonExecutor.java:65)
	at com.kms.katalon.core.main.TestSuiteExecutor.accessTestSuiteMainPhase(TestSuiteExecutor.java:151)
	at com.kms.katalon.core.main.TestSuiteExecutor.execute(TestSuiteExecutor.java:106)
	at com.kms.katalon.core.main.TestCaseMain.startTestSuite(TestCaseMain.java:185)
	at com.kms.katalon.core.main.TestCaseMain$startTestSuite$0.call(Unknown Source)
	at TempTestSuite1680475136875.run(TempTestSuite1680475136875.groovy:36)
Caused by: org.openqa.selenium.JavascriptException: javascript error: Cannot read properties of null (reading 'reportValidity')
  (Session info: chrome=111.0.5563.147)
Build info: version: '3.141.59', revision: 'e82be7d358', time: '2018-11-14T08:25:53'
System info: host: 'RED', ip: '192.168.203.1', os.name: 'Windows 10', os.arch: 'amd64', os.version: '10.0', java.version: '1.8.0_282'
Driver info: com.kms.katalon.selenium.driver.CChromeDriver
Capabilities {acceptInsecureCerts: false, browserName: chrome, browserVersion: 111.0.5563.147, chrome: {chromedriverVersion: 111.0.5563.64 (c710e93d5b63..., userDataDir: C:\Users\rizki\AppData\Loca...}, goog:chromeOptions: {debuggerAddress: localhost:53738}, javascriptEnabled: true, networkConnectionEnabled: false, pageLoadStrategy: normal, platform: WINDOWS, platformName: WINDOWS, proxy: Proxy(), setWindowRect: true, strictFileInteractability: false, timeouts: {implicit: 0, pageLoad: 300000, script: 30000}, unhandledPromptBehavior: dismiss and notify, webauthn:extension:credBlob: true, webauthn:extension:largeBlob: true, webauthn:extension:minPinLength: true, webauthn:extension:prf: true, webauthn:virtualAuthenticators: true}
Session ID: a540af7ed3786de5029ea073d1de2964
	at org.openqa.selenium.remote.http.W3CHttpResponseCodec.createException(W3CHttpResponseCodec.java:187)
	at org.openqa.selenium.remote.http.W3CHttpResponseCodec.decode(W3CHttpResponseCodec.java:122)
	at org.openqa.selenium.remote.http.W3CHttpResponseCodec.decode(W3CHttpResponseCodec.java:49)
	at org.openqa.selenium.remote.HttpCommandExecutor.execute(HttpCommandExecutor.java:158)
	at org.openqa.selenium.remote.service.DriverCommandExecutor.execute(DriverCommandExecutor.java:83)
	at org.openqa.selenium.remote.RemoteWebDriver.execute(RemoteWebDriver.java:552)
	at com.kms.katalon.selenium.driver.CChromeDriver.execute(CChromeDriver.java:19)
	at org.openqa.selenium.remote.RemoteWebDriver.executeScript(RemoteWebDriver.java:489)
	at org.openqa.selenium.support.events.EventFiringWebDriver.lambda$new$1(EventFiringWebDriver.java:105)
	at com.sun.proxy.$Proxy10.executeScript(Unknown Source)
	at org.openqa.selenium.support.events.EventFiringWebDriver.executeScript(EventFiringWebDriver.java:229)
	at com.kms.katalon.core.webui.keyword.builtin.ExecuteJavaScriptKeyword$_executeJavascript_closure1.doCall(ExecuteJavascriptKeyword.groovy:48)
	at com.kms.katalon.core.webui.keyword.builtin.ExecuteJavaScriptKeyword$_executeJavascript_closure1.call(ExecuteJavascriptKeyword.groovy)
	at com.kms.katalon.core.webui.keyword.internal.WebUIKeywordMain.runKeyword(WebUIKeywordMain.groovy:20)
	at com.kms.katalon.core.webui.keyword.builtin.ExecuteJavaScriptKeyword.executeJavascript(ExecuteJavascriptKeyword.groovy:42)
	at com.kms.katalon.core.webui.keyword.builtin.ExecuteJavaScriptKeyword.execute(ExecuteJavascriptKeyword.groovy:37)
	at com.kms.katalon.core.keyword.internal.KeywordExecutor.executeKeywordForPlatform(KeywordExecutor.groovy:74)
	at com.kms.katalon.core.webui.keyword.WebUiBuiltInKeywords.executeJavaScript(WebUiBuiltInKeywords.groovy:4873)
	at com.kms.katalon.core.webui.keyword.WebUiBuiltInKeywords$executeJavaScript$5.call(Unknown Source)
	at Script1680060228107.run(Script1680060228107.groovy:42)
	... 13 more
)
[[ATTACHMENT|C:\\Users\\rizki\\git\\CodingID-QA\\Reports\\20230403_053856\\WEB\\REG\\20230403_053856\\1680475310526.png]]]]></system-out>
         <system-err><![CDATA[2023-04-03 05:41:39 - [TEST_CASE][FAILED] - Test Cases/Web/REG/REG-14: Test Cases/Web/REG/REG-14 FAILED.
Reason:
com.kms.katalon.core.exception.StepFailedException: Unable to execute JavaScript.
	at com.kms.katalon.core.webui.keyword.internal.WebUIKeywordMain.stepFailed(WebUIKeywordMain.groovy:64)
	at com.kms.katalon.core.webui.keyword.internal.WebUIKeywordMain.runKeyword(WebUIKeywordMain.groovy:26)
	at com.kms.katalon.core.webui.keyword.builtin.ExecuteJavaScriptKeyword.executeJavascript(ExecuteJavascriptKeyword.groovy:42)
	at com.kms.katalon.core.webui.keyword.builtin.ExecuteJavaScriptKeyword.execute(ExecuteJavascriptKeyword.groovy:37)
	at com.kms.katalon.core.keyword.internal.KeywordExecutor.executeKeywordForPlatform(KeywordExecutor.groovy:74)
	at com.kms.katalon.core.webui.keyword.WebUiBuiltInKeywords.executeJavaScript(WebUiBuiltInKeywords.groovy:4873)
	at com.kms.katalon.core.webui.keyword.WebUiBuiltInKeywords$executeJavaScript$5.call(Unknown Source)
	at REG-14.run(REG-14:42)
	at com.kms.katalon.core.main.ScriptEngine.run(ScriptEngine.java:194)
	at com.kms.katalon.core.main.ScriptEngine.runScriptAsRawText(ScriptEngine.java:119)
	at com.kms.katalon.core.main.TestCaseExecutor.runScript(TestCaseExecutor.java:448)
	at com.kms.katalon.core.main.TestCaseExecutor.doExecute(TestCaseExecutor.java:439)
	at com.kms.katalon.core.main.TestCaseExecutor.processExecutionPhase(TestCaseExecutor.java:418)
	at com.kms.katalon.core.main.TestCaseExecutor.accessMainPhase(TestCaseExecutor.java:410)
	at com.kms.katalon.core.main.TestCaseExecutor.execute(TestCaseExecutor.java:285)
	at com.kms.katalon.core.common.CommonExecutor.accessTestCaseMainPhase(CommonExecutor.java:65)
	at com.kms.katalon.core.main.TestSuiteExecutor.accessTestSuiteMainPhase(TestSuiteExecutor.java:151)
	at com.kms.katalon.core.main.TestSuiteExecutor.execute(TestSuiteExecutor.java:106)
	at com.kms.katalon.core.main.TestCaseMain.startTestSuite(TestCaseMain.java:185)
	at com.kms.katalon.core.main.TestCaseMain$startTestSuite$0.call(Unknown Source)
	at TempTestSuite1680475136875.run(TempTestSuite1680475136875.groovy:36)
Caused by: org.openqa.selenium.JavascriptException: javascript error: Cannot read properties of null (reading 'reportValidity')
  (Session info: chrome=111.0.5563.147)
Build info: version: '3.141.59', revision: 'e82be7d358', time: '2018-11-14T08:25:53'
System info: host: 'RED', ip: '192.168.203.1', os.name: 'Windows 10', os.arch: 'amd64', os.version: '10.0', java.version: '1.8.0_282'
Driver info: com.kms.katalon.selenium.driver.CChromeDriver
Capabilities {acceptInsecureCerts: false, browserName: chrome, browserVersion: 111.0.5563.147, chrome: {chromedriverVersion: 111.0.5563.64 (c710e93d5b63..., userDataDir: C:\Users\rizki\AppData\Loca...}, goog:chromeOptions: {debuggerAddress: localhost:53738}, javascriptEnabled: true, networkConnectionEnabled: false, pageLoadStrategy: normal, platform: WINDOWS, platformName: WINDOWS, proxy: Proxy(), setWindowRect: true, strictFileInteractability: false, timeouts: {implicit: 0, pageLoad: 300000, script: 30000}, unhandledPromptBehavior: dismiss and notify, webauthn:extension:credBlob: true, webauthn:extension:largeBlob: true, webauthn:extension:minPinLength: true, webauthn:extension:prf: true, webauthn:virtualAuthenticators: true}
Session ID: a540af7ed3786de5029ea073d1de2964
	at org.openqa.selenium.remote.http.W3CHttpResponseCodec.createException(W3CHttpResponseCodec.java:187)
	at org.openqa.selenium.remote.http.W3CHttpResponseCodec.decode(W3CHttpResponseCodec.java:122)
	at org.openqa.selenium.remote.http.W3CHttpResponseCodec.decode(W3CHttpResponseCodec.java:49)
	at org.openqa.selenium.remote.HttpCommandExecutor.execute(HttpCommandExecutor.java:158)
	at org.openqa.selenium.remote.service.DriverCommandExecutor.execute(DriverCommandExecutor.java:83)
	at org.openqa.selenium.remote.RemoteWebDriver.execute(RemoteWebDriver.java:552)
	at com.kms.katalon.selenium.driver.CChromeDriver.execute(CChromeDriver.java:19)
	at org.openqa.selenium.remote.RemoteWebDriver.executeScript(RemoteWebDriver.java:489)
	at org.openqa.selenium.support.events.EventFiringWebDriver.lambda$new$1(EventFiringWebDriver.java:105)
	at com.sun.proxy.$Proxy10.executeScript(Unknown Source)
	at org.openqa.selenium.support.events.EventFiringWebDriver.executeScript(EventFiringWebDriver.java:229)
	at com.kms.katalon.core.webui.keyword.builtin.ExecuteJavaScriptKeyword$_executeJavascript_closure1.doCall(ExecuteJavascriptKeyword.groovy:48)
	at com.kms.katalon.core.webui.keyword.builtin.ExecuteJavaScriptKeyword$_executeJavascript_closure1.call(ExecuteJavascriptKeyword.groovy)
	at com.kms.katalon.core.webui.keyword.internal.WebUIKeywordMain.runKeyword(WebUIKeywordMain.groovy:20)
	... 19 more]]></system-err>
      </testcase>
      <testcase name="Test Cases/Web/REG/REG-15" time="15.661" classname="Test Cases/Web/REG/REG-15" status="PASSED">
         <system-out><![CDATA[2023-04-03 05:41:50 - [TEST_CASE][PASSED] - Test Cases/Web/REG/REG-15: Test Cases/Web/REG/REG-15

2023-04-03 05:41:51 - [TEST_STEP][PASSED] - openBrowser(""): Browser is opened with url: ''

2023-04-03 05:41:51 - [MESSAGE][WARNING] - A browser is already opened. Closing browser and opening a new one

2023-04-03 05:41:51 - [MESSAGE][INFO] - Starting 'Chrome' driver

2023-04-03 05:41:51 - [MESSAGE][INFO] - Action delay is set to 0 milliseconds

2023-04-03 05:41:53 - [MESSAGE][PASSED] - Browser is opened with url: ''

2023-04-03 05:41:53 - [TEST_STEP][PASSED] - navigateToUrl("https://demo-app.online/daftar"): Navigate to 'https://demo-app.online/daftar' successfully

2023-04-03 05:41:54 - [MESSAGE][PASSED] - Navigate to 'https://demo-app.online/daftar' successfully

2023-04-03 05:41:54 - [TEST_STEP][PASSED] - setText(findTestObject("Object Repository/Web/Register/Reg_InputText_Nama"), "Lorem ipsum dolor sit amet consectetur adipiscing elit"): Text 'Lorem ipsum dolor sit amet consectetur adipiscing elit' is set on object 'Object Repository/Web/Register/Reg_InputText_Nama'

2023-04-03 05:41:55 - [MESSAGE][PASSED] - Text 'Lorem ipsum dolor sit amet consectetur adipiscing elit' is set on object 'Object Repository/Web/Register/Reg_InputText_Nama'

2023-04-03 05:41:55 - [TEST_STEP][PASSED] - setText(findTestObject("Object Repository/Web/Register/Reg_InputText_BirthDay"), "18-Feb-1997"): Text '18-Feb-1997' is set on object 'Object Repository/Web/Register/Reg_InputText_BirthDay'

2023-04-03 05:41:56 - [MESSAGE][PASSED] - Text '18-Feb-1997' is set on object 'Object Repository/Web/Register/Reg_InputText_BirthDay'

2023-04-03 05:41:56 - [TEST_STEP][PASSED] - setText(findTestObject("Object Repository/Web/Register/Reg_InputText_Email"), "Test@Mail.com"): Text 'Test@Mail.com' is set on object 'Object Repository/Web/Register/Reg_InputText_Email'

2023-04-03 05:41:57 - [MESSAGE][PASSED] - Text 'Test@Mail.com' is set on object 'Object Repository/Web/Register/Reg_InputText_Email'

2023-04-03 05:41:57 - [TEST_STEP][PASSED] - setText(findTestObject("Object Repository/Web/Register/Reg_InputText_Whatsapp"), "081324387267"): Text '081324387267' is set on object 'Object Repository/Web/Register/Reg_InputText_Whatsapp'

2023-04-03 05:41:58 - [MESSAGE][PASSED] - Text '081324387267' is set on object 'Object Repository/Web/Register/Reg_InputText_Whatsapp'

2023-04-03 05:41:58 - [TEST_STEP][PASSED] - setText(findTestObject("Object Repository/Web/Register/Reg_InputText_KataSandi"), "testingtesting"): Text 'testingtesting' is set on object 'Object Repository/Web/Register/Reg_InputText_KataSandi'

2023-04-03 05:41:59 - [MESSAGE][PASSED] - Text 'testingtesting' is set on object 'Object Repository/Web/Register/Reg_InputText_KataSandi'

2023-04-03 05:41:59 - [TEST_STEP][PASSED] - setText(findTestObject("Object Repository/Web/Register/Reg_InputText_KonfirmasiKataSandi"), "testingtesting"): Text 'testingtesting' is set on object 'Object Repository/Web/Register/Reg_InputText_KonfirmasiKataSandi'

2023-04-03 05:41:59 - [MESSAGE][PASSED] - Text 'testingtesting' is set on object 'Object Repository/Web/Register/Reg_InputText_KonfirmasiKataSandi'

2023-04-03 05:41:59 - [TEST_STEP][PASSED] - check(findTestObject("Object Repository/Web/Register/Reg_Checkbox_SyaratDanKetentuan")): Object 'Object Repository/Web/Register/Reg_Checkbox_SyaratDanKetentuan' is checked

2023-04-03 05:42:00 - [MESSAGE][PASSED] - Object 'Object Repository/Web/Register/Reg_Checkbox_SyaratDanKetentuan' is checked

2023-04-03 05:42:00 - [TEST_STEP][PASSED] - click(findTestObject("Object Repository/Web/Register/Reg_Button_Daftar")): Object: 'Object Repository/Web/Register/Reg_Button_Daftar' is clicked on

2023-04-03 05:42:01 - [MESSAGE][PASSED] - Object: 'Object Repository/Web/Register/Reg_Button_Daftar' is clicked on

2023-04-03 05:42:01 - [TEST_STEP][PASSED] - isValid = executeJavaScript("document.getElementById("name").reportValidity();", null): Execute JavaScript 'document.getElementById("name").reportValidity();' successfully

2023-04-03 05:42:01 - [MESSAGE][PASSED] - Execute JavaScript 'document.getElementById("name").reportValidity();' successfully

2023-04-03 05:42:01 - [TEST_STEP][PASSED] - assert !(isValid) : "Validation error should be displayed": null

2023-04-03 05:42:01 - [TEST_STEP][PASSED] - delay(5): Delayed 5 second(s)

2023-04-03 05:42:06 - [MESSAGE][PASSED] - Delayed 5 second(s)

2023-04-03 05:42:06 - [TEST_STEP][PASSED] - assert getUrl() != "https://demo-app.online/email/verify": Current window's url is: 'https://demo-app.online/daftar'

2023-04-03 05:42:06 - [MESSAGE][PASSED] - Current window's url is: 'https://demo-app.online/daftar']]></system-out>
         <system-err><![CDATA[]]></system-err>
      </testcase>
      <testcase name="Test Cases/Web/REG/REG-16" time="2.086" classname="Test Cases/Web/REG/REG-16" status="ERROR">
         <error type="ERROR" message="Test Cases/Web/REG/REG-16 FAILED.
Reason:
java.lang.IllegalArgumentException: Invalid column name 'Tanggal Lahir' for test data 'C:\Users\rizki\git\CodingID-QA\Data Files\Web\REG_Email.xlsx'. Possible values are '{E-mail}'
	at com.kms.katalon.core.testdata.AbstractTestData.verifyColumnName(AbstractTestData.java:78)
	at com.kms.katalon.core.testdata.AbstractTestData.getObjectValue(AbstractTestData.java:136)
	at com.kms.katalon.core.testdata.AbstractTestData.getValue(AbstractTestData.java:107)
	at com.kms.katalon.core.testdata.TestData$getValue$0.call(Unknown Source)
	at REG-16.run(REG-16:28)
	at com.kms.katalon.core.main.ScriptEngine.run(ScriptEngine.java:194)
	at com.kms.katalon.core.main.ScriptEngine.runScriptAsRawText(ScriptEngine.java:119)
	at com.kms.katalon.core.main.TestCaseExecutor.runScript(TestCaseExecutor.java:448)
	at com.kms.katalon.core.main.TestCaseExecutor.doExecute(TestCaseExecutor.java:439)
	at com.kms.katalon.core.main.TestCaseExecutor.processExecutionPhase(TestCaseExecutor.java:418)
	at com.kms.katalon.core.main.TestCaseExecutor.accessMainPhase(TestCaseExecutor.java:410)
	at com.kms.katalon.core.main.TestCaseExecutor.execute(TestCaseExecutor.java:285)
	at com.kms.katalon.core.common.CommonExecutor.accessTestCaseMainPhase(CommonExecutor.java:65)
	at com.kms.katalon.core.main.TestSuiteExecutor.accessTestSuiteMainPhase(TestSuiteExecutor.java:151)
	at com.kms.katalon.core.main.TestSuiteExecutor.execute(TestSuiteExecutor.java:106)
	at com.kms.katalon.core.main.TestCaseMain.startTestSuite(TestCaseMain.java:185)
	at com.kms.katalon.core.main.TestCaseMain$startTestSuite$0.call(Unknown Source)
	at TempTestSuite1680475136875.run(TempTestSuite1680475136875.groovy:36)
"/>
         <system-out><![CDATA[2023-04-03 05:42:06 - [TEST_CASE][ERROR] - Test Cases/Web/REG/REG-16: Test Cases/Web/REG/REG-16 FAILED.
Reason:
java.lang.IllegalArgumentException: Invalid column name 'Tanggal Lahir' for test data 'C:\Users\rizki\git\CodingID-QA\Data Files\Web\REG_Email.xlsx'. Possible values are '{E-mail}'
	at com.kms.katalon.core.testdata.AbstractTestData.verifyColumnName(AbstractTestData.java:78)
	at com.kms.katalon.core.testdata.AbstractTestData.getObjectValue(AbstractTestData.java:136)
	at com.kms.katalon.core.testdata.AbstractTestData.getValue(AbstractTestData.java:107)
	at com.kms.katalon.core.testdata.TestData$getValue$0.call(Unknown Source)
	at REG-16.run(REG-16:28)
	at com.kms.katalon.core.main.ScriptEngine.run(ScriptEngine.java:194)
	at com.kms.katalon.core.main.ScriptEngine.runScriptAsRawText(ScriptEngine.java:119)
	at com.kms.katalon.core.main.TestCaseExecutor.runScript(TestCaseExecutor.java:448)
	at com.kms.katalon.core.main.TestCaseExecutor.doExecute(TestCaseExecutor.java:439)
	at com.kms.katalon.core.main.TestCaseExecutor.processExecutionPhase(TestCaseExecutor.java:418)
	at com.kms.katalon.core.main.TestCaseExecutor.accessMainPhase(TestCaseExecutor.java:410)
	at com.kms.katalon.core.main.TestCaseExecutor.execute(TestCaseExecutor.java:285)
	at com.kms.katalon.core.common.CommonExecutor.accessTestCaseMainPhase(CommonExecutor.java:65)
	at com.kms.katalon.core.main.TestSuiteExecutor.accessTestSuiteMainPhase(TestSuiteExecutor.java:151)
	at com.kms.katalon.core.main.TestSuiteExecutor.execute(TestSuiteExecutor.java:106)
	at com.kms.katalon.core.main.TestCaseMain.startTestSuite(TestCaseMain.java:185)
	at com.kms.katalon.core.main.TestCaseMain$startTestSuite$0.call(Unknown Source)
	at TempTestSuite1680475136875.run(TempTestSuite1680475136875.groovy:36)


2023-04-03 05:42:06 - [TEST_STEP][PASSED] - openBrowser(""): Browser is opened with url: ''

2023-04-03 05:42:06 - [MESSAGE][WARNING] - A browser is already opened. Closing browser and opening a new one

2023-04-03 05:42:07 - [MESSAGE][INFO] - Starting 'Chrome' driver

2023-04-03 05:42:07 - [MESSAGE][INFO] - Action delay is set to 0 milliseconds

2023-04-03 05:42:08 - [MESSAGE][PASSED] - Browser is opened with url: ''

2023-04-03 05:42:08 - [TEST_STEP][PASSED] - testData = findTestData("Data Files/Web/Register_Birthday"): null

2023-04-03 05:42:08 - [TEST_STEP][ERROR] - for ([i = 1, i <= testData.getRowNumbers(), (i++)]): Test Cases/Web/REG/REG-16 FAILED.
Reason:
java.lang.IllegalArgumentException: Invalid column name 'Tanggal Lahir' for test data 'C:\Users\rizki\git\CodingID-QA\Data Files\Web\REG_Email.xlsx'. Possible values are '{E-mail}'
	at com.kms.katalon.core.testdata.AbstractTestData.verifyColumnName(AbstractTestData.java:78)
	at com.kms.katalon.core.testdata.AbstractTestData.getObjectValue(AbstractTestData.java:136)
	at com.kms.katalon.core.testdata.AbstractTestData.getValue(AbstractTestData.java:107)
	at com.kms.katalon.core.testdata.TestData$getValue$0.call(Unknown Source)
	at REG-16.run(REG-16:28)
	at com.kms.katalon.core.main.ScriptEngine.run(ScriptEngine.java:194)
	at com.kms.katalon.core.main.ScriptEngine.runScriptAsRawText(ScriptEngine.java:119)
	at com.kms.katalon.core.main.TestCaseExecutor.runScript(TestCaseExecutor.java:448)
	at com.kms.katalon.core.main.TestCaseExecutor.doExecute(TestCaseExecutor.java:439)
	at com.kms.katalon.core.main.TestCaseExecutor.processExecutionPhase(TestCaseExecutor.java:418)
	at com.kms.katalon.core.main.TestCaseExecutor.accessMainPhase(TestCaseExecutor.java:410)
	at com.kms.katalon.core.main.TestCaseExecutor.execute(TestCaseExecutor.java:285)
	at com.kms.katalon.core.common.CommonExecutor.accessTestCaseMainPhase(CommonExecutor.java:65)
	at com.kms.katalon.core.main.TestSuiteExecutor.accessTestSuiteMainPhase(TestSuiteExecutor.java:151)
	at com.kms.katalon.core.main.TestSuiteExecutor.execute(TestSuiteExecutor.java:106)
	at com.kms.katalon.core.main.TestCaseMain.startTestSuite(TestCaseMain.java:185)
	at com.kms.katalon.core.main.TestCaseMain$startTestSuite$0.call(Unknown Source)
	at TempTestSuite1680475136875.run(TempTestSuite1680475136875.groovy:36)


2023-04-03 05:42:08 - [TEST_STEP][ERROR] - birthday = testData.getValue("Tanggal Lahir", i): Test Cases/Web/REG/REG-16 FAILED.
Reason:
java.lang.IllegalArgumentException: Invalid column name 'Tanggal Lahir' for test data 'C:\Users\rizki\git\CodingID-QA\Data Files\Web\REG_Email.xlsx'. Possible values are '{E-mail}'
	at com.kms.katalon.core.testdata.AbstractTestData.verifyColumnName(AbstractTestData.java:78)
	at com.kms.katalon.core.testdata.AbstractTestData.getObjectValue(AbstractTestData.java:136)
	at com.kms.katalon.core.testdata.AbstractTestData.getValue(AbstractTestData.java:107)
	at com.kms.katalon.core.testdata.TestData$getValue$0.call(Unknown Source)
	at REG-16.run(REG-16:28)
	at com.kms.katalon.core.main.ScriptEngine.run(ScriptEngine.java:194)
	at com.kms.katalon.core.main.ScriptEngine.runScriptAsRawText(ScriptEngine.java:119)
	at com.kms.katalon.core.main.TestCaseExecutor.runScript(TestCaseExecutor.java:448)
	at com.kms.katalon.core.main.TestCaseExecutor.doExecute(TestCaseExecutor.java:439)
	at com.kms.katalon.core.main.TestCaseExecutor.processExecutionPhase(TestCaseExecutor.java:418)
	at com.kms.katalon.core.main.TestCaseExecutor.accessMainPhase(TestCaseExecutor.java:410)
	at com.kms.katalon.core.main.TestCaseExecutor.execute(TestCaseExecutor.java:285)
	at com.kms.katalon.core.common.CommonExecutor.accessTestCaseMainPhase(CommonExecutor.java:65)
	at com.kms.katalon.core.main.TestSuiteExecutor.accessTestSuiteMainPhase(TestSuiteExecutor.java:151)
	at com.kms.katalon.core.main.TestSuiteExecutor.execute(TestSuiteExecutor.java:106)
	at com.kms.katalon.core.main.TestCaseMain.startTestSuite(TestCaseMain.java:185)
	at com.kms.katalon.core.main.TestCaseMain$startTestSuite$0.call(Unknown Source)
	at TempTestSuite1680475136875.run(TempTestSuite1680475136875.groovy:36)


2023-04-03 05:42:08 - [MESSAGE][ERROR] - Test Cases/Web/REG/REG-16 FAILED.
Reason:
java.lang.IllegalArgumentException: Invalid column name 'Tanggal Lahir' for test data 'C:\Users\rizki\git\CodingID-QA\Data Files\Web\REG_Email.xlsx'. Possible values are '{E-mail}'
	at com.kms.katalon.core.testdata.AbstractTestData.verifyColumnName(AbstractTestData.java:78)
	at com.kms.katalon.core.testdata.AbstractTestData.getObjectValue(AbstractTestData.java:136)
	at com.kms.katalon.core.testdata.AbstractTestData.getValue(AbstractTestData.java:107)
	at com.kms.katalon.core.testdata.TestData$getValue$0.call(Unknown Source)
	at REG-16.run(REG-16:28)
	at com.kms.katalon.core.main.ScriptEngine.run(ScriptEngine.java:194)
	at com.kms.katalon.core.main.ScriptEngine.runScriptAsRawText(ScriptEngine.java:119)
	at com.kms.katalon.core.main.TestCaseExecutor.runScript(TestCaseExecutor.java:448)
	at com.kms.katalon.core.main.TestCaseExecutor.doExecute(TestCaseExecutor.java:439)
	at com.kms.katalon.core.main.TestCaseExecutor.processExecutionPhase(TestCaseExecutor.java:418)
	at com.kms.katalon.core.main.TestCaseExecutor.accessMainPhase(TestCaseExecutor.java:410)
	at com.kms.katalon.core.main.TestCaseExecutor.execute(TestCaseExecutor.java:285)
	at com.kms.katalon.core.common.CommonExecutor.accessTestCaseMainPhase(CommonExecutor.java:65)
	at com.kms.katalon.core.main.TestSuiteExecutor.accessTestSuiteMainPhase(TestSuiteExecutor.java:151)
	at com.kms.katalon.core.main.TestSuiteExecutor.execute(TestSuiteExecutor.java:106)
	at com.kms.katalon.core.main.TestCaseMain.startTestSuite(TestCaseMain.java:185)
	at com.kms.katalon.core.main.TestCaseMain$startTestSuite$0.call(Unknown Source)
	at TempTestSuite1680475136875.run(TempTestSuite1680475136875.groovy:36)]]></system-out>
         <system-err><![CDATA[2023-04-03 05:42:06 - [TEST_CASE][ERROR] - Test Cases/Web/REG/REG-16: Test Cases/Web/REG/REG-16 FAILED.
Reason:
java.lang.IllegalArgumentException: Invalid column name 'Tanggal Lahir' for test data 'C:\Users\rizki\git\CodingID-QA\Data Files\Web\REG_Email.xlsx'. Possible values are '{E-mail}'
	at com.kms.katalon.core.testdata.AbstractTestData.verifyColumnName(AbstractTestData.java:78)
	at com.kms.katalon.core.testdata.AbstractTestData.getObjectValue(AbstractTestData.java:136)
	at com.kms.katalon.core.testdata.AbstractTestData.getValue(AbstractTestData.java:107)
	at com.kms.katalon.core.testdata.TestData$getValue$0.call(Unknown Source)
	at REG-16.run(REG-16:28)
	at com.kms.katalon.core.main.ScriptEngine.run(ScriptEngine.java:194)
	at com.kms.katalon.core.main.ScriptEngine.runScriptAsRawText(ScriptEngine.java:119)
	at com.kms.katalon.core.main.TestCaseExecutor.runScript(TestCaseExecutor.java:448)
	at com.kms.katalon.core.main.TestCaseExecutor.doExecute(TestCaseExecutor.java:439)
	at com.kms.katalon.core.main.TestCaseExecutor.processExecutionPhase(TestCaseExecutor.java:418)
	at com.kms.katalon.core.main.TestCaseExecutor.accessMainPhase(TestCaseExecutor.java:410)
	at com.kms.katalon.core.main.TestCaseExecutor.execute(TestCaseExecutor.java:285)
	at com.kms.katalon.core.common.CommonExecutor.accessTestCaseMainPhase(CommonExecutor.java:65)
	at com.kms.katalon.core.main.TestSuiteExecutor.accessTestSuiteMainPhase(TestSuiteExecutor.java:151)
	at com.kms.katalon.core.main.TestSuiteExecutor.execute(TestSuiteExecutor.java:106)
	at com.kms.katalon.core.main.TestCaseMain.startTestSuite(TestCaseMain.java:185)
	at com.kms.katalon.core.main.TestCaseMain$startTestSuite$0.call(Unknown Source)
	at TempTestSuite1680475136875.run(TempTestSuite1680475136875.groovy:36)]]></system-err>
      </testcase>
      <testcase name="Test Cases/Web/REG/REG-17" time="13.648" classname="Test Cases/Web/REG/REG-17" status="PASSED">
         <system-out><![CDATA[2023-04-03 05:42:08 - [TEST_CASE][PASSED] - Test Cases/Web/REG/REG-17: Test Cases/Web/REG/REG-17

2023-04-03 05:42:08 - [TEST_STEP][PASSED] - openBrowser(""): Browser is opened with url: ''

2023-04-03 05:42:08 - [MESSAGE][WARNING] - A browser is already opened. Closing browser and opening a new one

2023-04-03 05:42:09 - [MESSAGE][INFO] - Starting 'Chrome' driver

2023-04-03 05:42:09 - [MESSAGE][INFO] - Action delay is set to 0 milliseconds

2023-04-03 05:42:10 - [MESSAGE][PASSED] - Browser is opened with url: ''

2023-04-03 05:42:10 - [TEST_STEP][PASSED] - navigateToUrl("https://demo-app.online/daftar"): Navigate to 'https://demo-app.online/daftar' successfully

2023-04-03 05:42:12 - [MESSAGE][PASSED] - Navigate to 'https://demo-app.online/daftar' successfully

2023-04-03 05:42:12 - [TEST_STEP][PASSED] - setText(findTestObject("Object Repository/Web/Register/Reg_InputText_Nama"), "Rizki Khaerul Fajri"): Text 'Rizki Khaerul Fajri' is set on object 'Object Repository/Web/Register/Reg_InputText_Nama'

2023-04-03 05:42:13 - [MESSAGE][PASSED] - Text 'Rizki Khaerul Fajri' is set on object 'Object Repository/Web/Register/Reg_InputText_Nama'

2023-04-03 05:42:13 - [TEST_STEP][PASSED] - setText(findTestObject("Object Repository/Web/Register/Reg_InputText_Email"), "Test@Mail.com"): Text 'Test@Mail.com' is set on object 'Object Repository/Web/Register/Reg_InputText_Email'

2023-04-03 05:42:13 - [MESSAGE][PASSED] - Text 'Test@Mail.com' is set on object 'Object Repository/Web/Register/Reg_InputText_Email'

2023-04-03 05:42:13 - [TEST_STEP][PASSED] - setText(findTestObject("Object Repository/Web/Register/Reg_InputText_Whatsapp"), "081324387267"): Text '081324387267' is set on object 'Object Repository/Web/Register/Reg_InputText_Whatsapp'

2023-04-03 05:42:14 - [MESSAGE][PASSED] - Text '081324387267' is set on object 'Object Repository/Web/Register/Reg_InputText_Whatsapp'

2023-04-03 05:42:14 - [TEST_STEP][PASSED] - setText(findTestObject("Object Repository/Web/Register/Reg_InputText_KataSandi"), "testingtesting"): Text 'testingtesting' is set on object 'Object Repository/Web/Register/Reg_InputText_KataSandi'

2023-04-03 05:42:15 - [MESSAGE][PASSED] - Text 'testingtesting' is set on object 'Object Repository/Web/Register/Reg_InputText_KataSandi'

2023-04-03 05:42:15 - [TEST_STEP][PASSED] - setText(findTestObject("Object Repository/Web/Register/Reg_InputText_KonfirmasiKataSandi"), "testingtesting"): Text 'testingtesting' is set on object 'Object Repository/Web/Register/Reg_InputText_KonfirmasiKataSandi'

2023-04-03 05:42:15 - [MESSAGE][PASSED] - Text 'testingtesting' is set on object 'Object Repository/Web/Register/Reg_InputText_KonfirmasiKataSandi'

2023-04-03 05:42:15 - [TEST_STEP][PASSED] - check(findTestObject("Object Repository/Web/Register/Reg_Checkbox_SyaratDanKetentuan")): Object 'Object Repository/Web/Register/Reg_Checkbox_SyaratDanKetentuan' is checked

2023-04-03 05:42:16 - [MESSAGE][PASSED] - Object 'Object Repository/Web/Register/Reg_Checkbox_SyaratDanKetentuan' is checked

2023-04-03 05:42:16 - [TEST_STEP][PASSED] - click(findTestObject("Object Repository/Web/Register/Reg_Button_Daftar")): Object: 'Object Repository/Web/Register/Reg_Button_Daftar' is clicked on

2023-04-03 05:42:17 - [MESSAGE][PASSED] - Object: 'Object Repository/Web/Register/Reg_Button_Daftar' is clicked on

2023-04-03 05:42:17 - [TEST_STEP][PASSED] - isValid = executeJavaScript("document.getElementById("name").reportValidity();", null): Execute JavaScript 'document.getElementById("name").reportValidity();' successfully

2023-04-03 05:42:17 - [MESSAGE][PASSED] - Execute JavaScript 'document.getElementById("name").reportValidity();' successfully

2023-04-03 05:42:17 - [TEST_STEP][PASSED] - assert !(isValid) : "Validation error should be displayed": null

2023-04-03 05:42:17 - [TEST_STEP][PASSED] - delay(5): Delayed 5 second(s)

2023-04-03 05:42:22 - [MESSAGE][PASSED] - Delayed 5 second(s)

2023-04-03 05:42:22 - [TEST_STEP][PASSED] - assert getUrl() != "https://demo-app.online/email/verify": Current window's url is: 'https://demo-app.online/daftar'

2023-04-03 05:42:22 - [MESSAGE][PASSED] - Current window's url is: 'https://demo-app.online/daftar']]></system-out>
         <system-err><![CDATA[]]></system-err>
      </testcase>
      <testcase name="Test Cases/Web/REG/REG-18" time="15.252" classname="Test Cases/Web/REG/REG-18" status="PASSED">
         <system-out><![CDATA[2023-04-03 05:42:22 - [TEST_CASE][PASSED] - Test Cases/Web/REG/REG-18: Test Cases/Web/REG/REG-18

2023-04-03 05:42:22 - [TEST_STEP][PASSED] - openBrowser(""): Browser is opened with url: ''

2023-04-03 05:42:22 - [MESSAGE][WARNING] - A browser is already opened. Closing browser and opening a new one

2023-04-03 05:42:23 - [MESSAGE][INFO] - Starting 'Chrome' driver

2023-04-03 05:42:23 - [MESSAGE][INFO] - Action delay is set to 0 milliseconds

2023-04-03 05:42:24 - [MESSAGE][PASSED] - Browser is opened with url: ''

2023-04-03 05:42:24 - [TEST_STEP][PASSED] - navigateToUrl("https://demo-app.online/daftar"): Navigate to 'https://demo-app.online/daftar' successfully

2023-04-03 05:42:25 - [MESSAGE][PASSED] - Navigate to 'https://demo-app.online/daftar' successfully

2023-04-03 05:42:25 - [TEST_STEP][PASSED] - setText(findTestObject("Object Repository/Web/Register/Reg_InputText_Nama"), "Rizki Khaerul Fajri"): Text 'Rizki Khaerul Fajri' is set on object 'Object Repository/Web/Register/Reg_InputText_Nama'

2023-04-03 05:42:27 - [MESSAGE][PASSED] - Text 'Rizki Khaerul Fajri' is set on object 'Object Repository/Web/Register/Reg_InputText_Nama'

2023-04-03 05:42:27 - [TEST_STEP][PASSED] - setText(findTestObject("Object Repository/Web/Register/Reg_InputText_BirthDay"), " "): Text ' ' is set on object 'Object Repository/Web/Register/Reg_InputText_BirthDay'

2023-04-03 05:42:27 - [MESSAGE][PASSED] - Text ' ' is set on object 'Object Repository/Web/Register/Reg_InputText_BirthDay'

2023-04-03 05:42:27 - [TEST_STEP][PASSED] - setText(findTestObject("Object Repository/Web/Register/Reg_InputText_Email"), "Test@Mail.com"): Text 'Test@Mail.com' is set on object 'Object Repository/Web/Register/Reg_InputText_Email'

2023-04-03 05:42:28 - [MESSAGE][PASSED] - Text 'Test@Mail.com' is set on object 'Object Repository/Web/Register/Reg_InputText_Email'

2023-04-03 05:42:28 - [TEST_STEP][PASSED] - setText(findTestObject("Object Repository/Web/Register/Reg_InputText_Whatsapp"), "081324387267"): Text '081324387267' is set on object 'Object Repository/Web/Register/Reg_InputText_Whatsapp'

2023-04-03 05:42:29 - [MESSAGE][PASSED] - Text '081324387267' is set on object 'Object Repository/Web/Register/Reg_InputText_Whatsapp'

2023-04-03 05:42:29 - [TEST_STEP][PASSED] - setText(findTestObject("Object Repository/Web/Register/Reg_InputText_KataSandi"), "testingtesting"): Text 'testingtesting' is set on object 'Object Repository/Web/Register/Reg_InputText_KataSandi'

2023-04-03 05:42:29 - [MESSAGE][PASSED] - Text 'testingtesting' is set on object 'Object Repository/Web/Register/Reg_InputText_KataSandi'

2023-04-03 05:42:29 - [TEST_STEP][PASSED] - setText(findTestObject("Object Repository/Web/Register/Reg_InputText_KonfirmasiKataSandi"), "testingtesting"): Text 'testingtesting' is set on object 'Object Repository/Web/Register/Reg_InputText_KonfirmasiKataSandi'

2023-04-03 05:42:30 - [MESSAGE][PASSED] - Text 'testingtesting' is set on object 'Object Repository/Web/Register/Reg_InputText_KonfirmasiKataSandi'

2023-04-03 05:42:30 - [TEST_STEP][PASSED] - check(findTestObject("Object Repository/Web/Register/Reg_Checkbox_SyaratDanKetentuan")): Object 'Object Repository/Web/Register/Reg_Checkbox_SyaratDanKetentuan' is checked

2023-04-03 05:42:31 - [MESSAGE][PASSED] - Object 'Object Repository/Web/Register/Reg_Checkbox_SyaratDanKetentuan' is checked

2023-04-03 05:42:31 - [TEST_STEP][PASSED] - click(findTestObject("Object Repository/Web/Register/Reg_Button_Daftar")): Object: 'Object Repository/Web/Register/Reg_Button_Daftar' is clicked on

2023-04-03 05:42:32 - [MESSAGE][PASSED] - Object: 'Object Repository/Web/Register/Reg_Button_Daftar' is clicked on

2023-04-03 05:42:32 - [TEST_STEP][PASSED] - isValid = executeJavaScript("document.getElementById("name").reportValidity();", null): Execute JavaScript 'document.getElementById("name").reportValidity();' successfully

2023-04-03 05:42:32 - [MESSAGE][PASSED] - Execute JavaScript 'document.getElementById("name").reportValidity();' successfully

2023-04-03 05:42:32 - [TEST_STEP][PASSED] - assert !(isValid) : "Validation error should be displayed": null

2023-04-03 05:42:32 - [TEST_STEP][PASSED] - delay(5): Delayed 5 second(s)

2023-04-03 05:42:37 - [MESSAGE][PASSED] - Delayed 5 second(s)

2023-04-03 05:42:37 - [TEST_STEP][PASSED] - assert getUrl() != "https://demo-app.online/email/verify": Current window's url is: 'https://demo-app.online/daftar'

2023-04-03 05:42:37 - [MESSAGE][PASSED] - Current window's url is: 'https://demo-app.online/daftar']]></system-out>
         <system-err><![CDATA[]]></system-err>
      </testcase>
      <testcase name="Test Cases/Web/REG/REG-19" time="17.535" classname="Test Cases/Web/REG/REG-19" status="PASSED">
         <system-out><![CDATA[2023-04-03 05:42:37 - [TEST_CASE][PASSED] - Test Cases/Web/REG/REG-19: Test Cases/Web/REG/REG-19

2023-04-03 05:42:37 - [TEST_STEP][PASSED] - openBrowser(""): Browser is opened with url: ''

2023-04-03 05:42:37 - [MESSAGE][WARNING] - A browser is already opened. Closing browser and opening a new one

2023-04-03 05:42:38 - [MESSAGE][INFO] - Starting 'Chrome' driver

2023-04-03 05:42:38 - [MESSAGE][INFO] - Action delay is set to 0 milliseconds

2023-04-03 05:42:39 - [MESSAGE][PASSED] - Browser is opened with url: ''

2023-04-03 05:42:39 - [TEST_STEP][PASSED] - navigateToUrl("https://demo-app.online/daftar"): Navigate to 'https://demo-app.online/daftar' successfully

2023-04-03 05:42:41 - [MESSAGE][PASSED] - Navigate to 'https://demo-app.online/daftar' successfully

2023-04-03 05:42:41 - [TEST_STEP][PASSED] - setText(findTestObject("Object Repository/Web/Register/Reg_InputText_Nama"), "Rizki Khaerul Fajri"): Text 'Rizki Khaerul Fajri' is set on object 'Object Repository/Web/Register/Reg_InputText_Nama'

2023-04-03 05:42:43 - [MESSAGE][PASSED] - Text 'Rizki Khaerul Fajri' is set on object 'Object Repository/Web/Register/Reg_InputText_Nama'

2023-04-03 05:42:43 - [TEST_STEP][PASSED] - setText(findTestObject("Object Repository/Web/Register/Reg_InputText_BirthDay"), "18-feb-1997"): Text '18-feb-1997' is set on object 'Object Repository/Web/Register/Reg_InputText_BirthDay'

2023-04-03 05:42:44 - [MESSAGE][PASSED] - Text '18-feb-1997' is set on object 'Object Repository/Web/Register/Reg_InputText_BirthDay'

2023-04-03 05:42:44 - [TEST_STEP][PASSED] - setText(findTestObject("Object Repository/Web/Register/Reg_InputText_Email"), "Test@Mail.com"): Text 'Test@Mail.com' is set on object 'Object Repository/Web/Register/Reg_InputText_Email'

2023-04-03 05:42:44 - [MESSAGE][PASSED] - Text 'Test@Mail.com' is set on object 'Object Repository/Web/Register/Reg_InputText_Email'

2023-04-03 05:42:44 - [TEST_STEP][PASSED] - setText(findTestObject("Object Repository/Web/Register/Reg_InputText_Whatsapp"), "081324387267"): Text '081324387267' is set on object 'Object Repository/Web/Register/Reg_InputText_Whatsapp'

2023-04-03 05:42:45 - [MESSAGE][PASSED] - Text '081324387267' is set on object 'Object Repository/Web/Register/Reg_InputText_Whatsapp'

2023-04-03 05:42:45 - [TEST_STEP][PASSED] - setText(findTestObject("Object Repository/Web/Register/Reg_InputText_KataSandi"), "testingtesting"): Text 'testingtesting' is set on object 'Object Repository/Web/Register/Reg_InputText_KataSandi'

2023-04-03 05:42:46 - [MESSAGE][PASSED] - Text 'testingtesting' is set on object 'Object Repository/Web/Register/Reg_InputText_KataSandi'

2023-04-03 05:42:46 - [TEST_STEP][PASSED] - setText(findTestObject("Object Repository/Web/Register/Reg_InputText_KonfirmasiKataSandi"), "testingtesting"): Text 'testingtesting' is set on object 'Object Repository/Web/Register/Reg_InputText_KonfirmasiKataSandi'

2023-04-03 05:42:47 - [MESSAGE][PASSED] - Text 'testingtesting' is set on object 'Object Repository/Web/Register/Reg_InputText_KonfirmasiKataSandi'

2023-04-03 05:42:47 - [TEST_STEP][PASSED] - check(findTestObject("Object Repository/Web/Register/Reg_Checkbox_SyaratDanKetentuan")): Object 'Object Repository/Web/Register/Reg_Checkbox_SyaratDanKetentuan' is checked

2023-04-03 05:42:47 - [MESSAGE][PASSED] - Object 'Object Repository/Web/Register/Reg_Checkbox_SyaratDanKetentuan' is checked

2023-04-03 05:42:47 - [TEST_STEP][PASSED] - expectedInputBirthday = "18-Feb-1997": null

2023-04-03 05:42:47 - [TEST_STEP][PASSED] - actualInputBirthday = getAttribute(findTestObject("Object Repository/Web/Register/Reg_InputText_BirthDay"), "value"): Attribute 'value' of object 'Object Repository/Web/Register/Reg_InputText_BirthDay' is: '18-Feb-1997'

2023-04-03 05:42:47 - [MESSAGE][PASSED] - Attribute 'value' of object 'Object Repository/Web/Register/Reg_InputText_BirthDay' is: '18-Feb-1997'

2023-04-03 05:42:47 - [TEST_STEP][PASSED] - verifyNotEqual(actualInputBirthday, expectedInputBirthday, OPTIONAL): Unable to verify not equal between actual object '18-Feb-1997' and expected object '18-Feb-1997' (Root cause: com.kms.katalon.core.exception.StepFailedException: Actual object '18-Feb-1997' and expected object '18-Feb-1997' are equal
	at com.kms.katalon.core.keyword.builtin.VerifyNotEqualKeyword$_verifyNotEqual_closure1.doCall(VerifyNotEqualKeyword.groovy:58)
	at com.kms.katalon.core.keyword.builtin.VerifyNotEqualKeyword$_verifyNotEqual_closure1.call(VerifyNotEqualKeyword.groovy)
	at com.kms.katalon.core.keyword.internal.KeywordMain.runKeyword(KeywordMain.groovy:74)
	at com.kms.katalon.core.keyword.builtin.VerifyNotEqualKeyword.verifyNotEqual(VerifyNotEqualKeyword.groovy:64)
	at com.kms.katalon.core.keyword.builtin.VerifyNotEqualKeyword.execute(VerifyNotEqualKeyword.groovy:44)
	at com.kms.katalon.core.keyword.internal.KeywordExecutor.executeKeywordForPlatform(KeywordExecutor.groovy:74)
	at com.kms.katalon.core.keyword.BuiltinKeywords.verifyNotEqual(BuiltinKeywords.groovy:157)
	at REG-19.run(REG-19:43)
	at com.kms.katalon.core.main.ScriptEngine.run(ScriptEngine.java:194)
	at com.kms.katalon.core.main.ScriptEngine.runScriptAsRawText(ScriptEngine.java:119)
	at com.kms.katalon.core.main.TestCaseExecutor.runScript(TestCaseExecutor.java:448)
	at com.kms.katalon.core.main.TestCaseExecutor.doExecute(TestCaseExecutor.java:439)
	at com.kms.katalon.core.main.TestCaseExecutor.processExecutionPhase(TestCaseExecutor.java:418)
	at com.kms.katalon.core.main.TestCaseExecutor.accessMainPhase(TestCaseExecutor.java:410)
	at com.kms.katalon.core.main.TestCaseExecutor.execute(TestCaseExecutor.java:285)
	at com.kms.katalon.core.common.CommonExecutor.accessTestCaseMainPhase(CommonExecutor.java:65)
	at com.kms.katalon.core.main.TestSuiteExecutor.accessTestSuiteMainPhase(TestSuiteExecutor.java:151)
	at com.kms.katalon.core.main.TestSuiteExecutor.execute(TestSuiteExecutor.java:106)
	at com.kms.katalon.core.main.TestCaseMain.startTestSuite(TestCaseMain.java:185)
	at com.kms.katalon.core.main.TestCaseMain$startTestSuite$0.call(Unknown Source)
	at TempTestSuite1680475136875.run(TempTestSuite1680475136875.groovy:36)
)

2023-04-03 05:42:47 - [MESSAGE][WARNING] - Unable to verify not equal between actual object '18-Feb-1997' and expected object '18-Feb-1997' (Root cause: com.kms.katalon.core.exception.StepFailedException: Actual object '18-Feb-1997' and expected object '18-Feb-1997' are equal
	at com.kms.katalon.core.keyword.builtin.VerifyNotEqualKeyword$_verifyNotEqual_closure1.doCall(VerifyNotEqualKeyword.groovy:58)
	at com.kms.katalon.core.keyword.builtin.VerifyNotEqualKeyword$_verifyNotEqual_closure1.call(VerifyNotEqualKeyword.groovy)
	at com.kms.katalon.core.keyword.internal.KeywordMain.runKeyword(KeywordMain.groovy:74)
	at com.kms.katalon.core.keyword.builtin.VerifyNotEqualKeyword.verifyNotEqual(VerifyNotEqualKeyword.groovy:64)
	at com.kms.katalon.core.keyword.builtin.VerifyNotEqualKeyword.execute(VerifyNotEqualKeyword.groovy:44)
	at com.kms.katalon.core.keyword.internal.KeywordExecutor.executeKeywordForPlatform(KeywordExecutor.groovy:74)
	at com.kms.katalon.core.keyword.BuiltinKeywords.verifyNotEqual(BuiltinKeywords.groovy:157)
	at REG-19.run(REG-19:43)
	at com.kms.katalon.core.main.ScriptEngine.run(ScriptEngine.java:194)
	at com.kms.katalon.core.main.ScriptEngine.runScriptAsRawText(ScriptEngine.java:119)
	at com.kms.katalon.core.main.TestCaseExecutor.runScript(TestCaseExecutor.java:448)
	at com.kms.katalon.core.main.TestCaseExecutor.doExecute(TestCaseExecutor.java:439)
	at com.kms.katalon.core.main.TestCaseExecutor.processExecutionPhase(TestCaseExecutor.java:418)
	at com.kms.katalon.core.main.TestCaseExecutor.accessMainPhase(TestCaseExecutor.java:410)
	at com.kms.katalon.core.main.TestCaseExecutor.execute(TestCaseExecutor.java:285)
	at com.kms.katalon.core.common.CommonExecutor.accessTestCaseMainPhase(CommonExecutor.java:65)
	at com.kms.katalon.core.main.TestSuiteExecutor.accessTestSuiteMainPhase(TestSuiteExecutor.java:151)
	at com.kms.katalon.core.main.TestSuiteExecutor.execute(TestSuiteExecutor.java:106)
	at com.kms.katalon.core.main.TestCaseMain.startTestSuite(TestCaseMain.java:185)
	at com.kms.katalon.core.main.TestCaseMain$startTestSuite$0.call(Unknown Source)
	at TempTestSuite1680475136875.run(TempTestSuite1680475136875.groovy:36)
)

2023-04-03 05:42:47 - [TEST_STEP][PASSED] - click(findTestObject("Object Repository/Web/Register/Reg_Button_Daftar")): Object: 'Object Repository/Web/Register/Reg_Button_Daftar' is clicked on

2023-04-03 05:42:49 - [MESSAGE][PASSED] - Object: 'Object Repository/Web/Register/Reg_Button_Daftar' is clicked on

2023-04-03 05:42:49 - [TEST_STEP][PASSED] - delay(5): Delayed 5 second(s)

2023-04-03 05:42:55 - [MESSAGE][PASSED] - Delayed 5 second(s)

2023-04-03 05:42:55 - [TEST_STEP][PASSED] - assert getUrl() == "https://demo-app.online/email/verify": Current window's url is: 'https://demo-app.online/email/verify'

2023-04-03 05:42:55 - [MESSAGE][PASSED] - Current window's url is: 'https://demo-app.online/email/verify']]></system-out>
         <system-err><![CDATA[]]></system-err>
      </testcase>
      <testcase name="Test Cases/Web/REG/REG-20" time="17.833" classname="Test Cases/Web/REG/REG-20" status="PASSED">
         <system-out><![CDATA[2023-04-03 05:42:55 - [TEST_CASE][PASSED] - Test Cases/Web/REG/REG-20: Test Cases/Web/REG/REG-20

2023-04-03 05:42:55 - [TEST_STEP][PASSED] - openBrowser(""): Browser is opened with url: ''

2023-04-03 05:42:55 - [MESSAGE][WARNING] - A browser is already opened. Closing browser and opening a new one

2023-04-03 05:42:56 - [MESSAGE][INFO] - Starting 'Chrome' driver

2023-04-03 05:42:56 - [MESSAGE][INFO] - Action delay is set to 0 milliseconds

2023-04-03 05:42:57 - [MESSAGE][PASSED] - Browser is opened with url: ''

2023-04-03 05:42:57 - [TEST_STEP][PASSED] - navigateToUrl("https://demo-app.online/daftar"): Navigate to 'https://demo-app.online/daftar' successfully

2023-04-03 05:42:59 - [MESSAGE][PASSED] - Navigate to 'https://demo-app.online/daftar' successfully

2023-04-03 05:42:59 - [TEST_STEP][PASSED] - setText(findTestObject("Object Repository/Web/Register/Reg_InputText_Nama"), "Rizki Khaerul Fajri"): Text 'Rizki Khaerul Fajri' is set on object 'Object Repository/Web/Register/Reg_InputText_Nama'

2023-04-03 05:43:00 - [MESSAGE][PASSED] - Text 'Rizki Khaerul Fajri' is set on object 'Object Repository/Web/Register/Reg_InputText_Nama'

2023-04-03 05:43:00 - [TEST_STEP][PASSED] - setText(findTestObject("Object Repository/Web/Register/Reg_InputText_BirthDay"), "18-FEB-1997"): Text '18-FEB-1997' is set on object 'Object Repository/Web/Register/Reg_InputText_BirthDay'

2023-04-03 05:43:00 - [MESSAGE][PASSED] - Text '18-FEB-1997' is set on object 'Object Repository/Web/Register/Reg_InputText_BirthDay'

2023-04-03 05:43:00 - [TEST_STEP][PASSED] - setText(findTestObject("Object Repository/Web/Register/Reg_InputText_Email"), "Test@Mail.com"): Text 'Test@Mail.com' is set on object 'Object Repository/Web/Register/Reg_InputText_Email'

2023-04-03 05:43:01 - [MESSAGE][PASSED] - Text 'Test@Mail.com' is set on object 'Object Repository/Web/Register/Reg_InputText_Email'

2023-04-03 05:43:01 - [TEST_STEP][PASSED] - setText(findTestObject("Object Repository/Web/Register/Reg_InputText_Whatsapp"), "081324387267"): Text '081324387267' is set on object 'Object Repository/Web/Register/Reg_InputText_Whatsapp'

2023-04-03 05:43:02 - [MESSAGE][PASSED] - Text '081324387267' is set on object 'Object Repository/Web/Register/Reg_InputText_Whatsapp'

2023-04-03 05:43:02 - [TEST_STEP][PASSED] - setText(findTestObject("Object Repository/Web/Register/Reg_InputText_KataSandi"), "testingtesting"): Text 'testingtesting' is set on object 'Object Repository/Web/Register/Reg_InputText_KataSandi'

2023-04-03 05:43:03 - [MESSAGE][PASSED] - Text 'testingtesting' is set on object 'Object Repository/Web/Register/Reg_InputText_KataSandi'

2023-04-03 05:43:03 - [TEST_STEP][PASSED] - setText(findTestObject("Object Repository/Web/Register/Reg_InputText_KonfirmasiKataSandi"), "testingtesting"): Text 'testingtesting' is set on object 'Object Repository/Web/Register/Reg_InputText_KonfirmasiKataSandi'

2023-04-03 05:43:03 - [MESSAGE][PASSED] - Text 'testingtesting' is set on object 'Object Repository/Web/Register/Reg_InputText_KonfirmasiKataSandi'

2023-04-03 05:43:03 - [TEST_STEP][PASSED] - check(findTestObject("Object Repository/Web/Register/Reg_Checkbox_SyaratDanKetentuan")): Object 'Object Repository/Web/Register/Reg_Checkbox_SyaratDanKetentuan' is checked

2023-04-03 05:43:04 - [MESSAGE][PASSED] - Object 'Object Repository/Web/Register/Reg_Checkbox_SyaratDanKetentuan' is checked

2023-04-03 05:43:04 - [TEST_STEP][PASSED] - expectedInputBirthday = "18-Feb-1997": null

2023-04-03 05:43:04 - [TEST_STEP][PASSED] - actualInputBirthday = getAttribute(findTestObject("Object Repository/Web/Register/Reg_InputText_BirthDay"), "value"): Attribute 'value' of object 'Object Repository/Web/Register/Reg_InputText_BirthDay' is: '18-Feb-1997'

2023-04-03 05:43:04 - [MESSAGE][PASSED] - Attribute 'value' of object 'Object Repository/Web/Register/Reg_InputText_BirthDay' is: '18-Feb-1997'

2023-04-03 05:43:04 - [TEST_STEP][PASSED] - verifyNotEqual(actualInputBirthday, expectedInputBirthday, OPTIONAL): Unable to verify not equal between actual object '18-Feb-1997' and expected object '18-Feb-1997' (Root cause: com.kms.katalon.core.exception.StepFailedException: Actual object '18-Feb-1997' and expected object '18-Feb-1997' are equal
	at com.kms.katalon.core.keyword.builtin.VerifyNotEqualKeyword$_verifyNotEqual_closure1.doCall(VerifyNotEqualKeyword.groovy:58)
	at com.kms.katalon.core.keyword.builtin.VerifyNotEqualKeyword$_verifyNotEqual_closure1.call(VerifyNotEqualKeyword.groovy)
	at com.kms.katalon.core.keyword.internal.KeywordMain.runKeyword(KeywordMain.groovy:74)
	at com.kms.katalon.core.keyword.builtin.VerifyNotEqualKeyword.verifyNotEqual(VerifyNotEqualKeyword.groovy:64)
	at com.kms.katalon.core.keyword.builtin.VerifyNotEqualKeyword.execute(VerifyNotEqualKeyword.groovy:44)
	at com.kms.katalon.core.keyword.internal.KeywordExecutor.executeKeywordForPlatform(KeywordExecutor.groovy:74)
	at com.kms.katalon.core.keyword.BuiltinKeywords.verifyNotEqual(BuiltinKeywords.groovy:157)
	at REG-20.run(REG-20:43)
	at com.kms.katalon.core.main.ScriptEngine.run(ScriptEngine.java:194)
	at com.kms.katalon.core.main.ScriptEngine.runScriptAsRawText(ScriptEngine.java:119)
	at com.kms.katalon.core.main.TestCaseExecutor.runScript(TestCaseExecutor.java:448)
	at com.kms.katalon.core.main.TestCaseExecutor.doExecute(TestCaseExecutor.java:439)
	at com.kms.katalon.core.main.TestCaseExecutor.processExecutionPhase(TestCaseExecutor.java:418)
	at com.kms.katalon.core.main.TestCaseExecutor.accessMainPhase(TestCaseExecutor.java:410)
	at com.kms.katalon.core.main.TestCaseExecutor.execute(TestCaseExecutor.java:285)
	at com.kms.katalon.core.common.CommonExecutor.accessTestCaseMainPhase(CommonExecutor.java:65)
	at com.kms.katalon.core.main.TestSuiteExecutor.accessTestSuiteMainPhase(TestSuiteExecutor.java:151)
	at com.kms.katalon.core.main.TestSuiteExecutor.execute(TestSuiteExecutor.java:106)
	at com.kms.katalon.core.main.TestCaseMain.startTestSuite(TestCaseMain.java:185)
	at com.kms.katalon.core.main.TestCaseMain$startTestSuite$0.call(Unknown Source)
	at TempTestSuite1680475136875.run(TempTestSuite1680475136875.groovy:36)
)

2023-04-03 05:43:04 - [MESSAGE][WARNING] - Unable to verify not equal between actual object '18-Feb-1997' and expected object '18-Feb-1997' (Root cause: com.kms.katalon.core.exception.StepFailedException: Actual object '18-Feb-1997' and expected object '18-Feb-1997' are equal
	at com.kms.katalon.core.keyword.builtin.VerifyNotEqualKeyword$_verifyNotEqual_closure1.doCall(VerifyNotEqualKeyword.groovy:58)
	at com.kms.katalon.core.keyword.builtin.VerifyNotEqualKeyword$_verifyNotEqual_closure1.call(VerifyNotEqualKeyword.groovy)
	at com.kms.katalon.core.keyword.internal.KeywordMain.runKeyword(KeywordMain.groovy:74)
	at com.kms.katalon.core.keyword.builtin.VerifyNotEqualKeyword.verifyNotEqual(VerifyNotEqualKeyword.groovy:64)
	at com.kms.katalon.core.keyword.builtin.VerifyNotEqualKeyword.execute(VerifyNotEqualKeyword.groovy:44)
	at com.kms.katalon.core.keyword.internal.KeywordExecutor.executeKeywordForPlatform(KeywordExecutor.groovy:74)
	at com.kms.katalon.core.keyword.BuiltinKeywords.verifyNotEqual(BuiltinKeywords.groovy:157)
	at REG-20.run(REG-20:43)
	at com.kms.katalon.core.main.ScriptEngine.run(ScriptEngine.java:194)
	at com.kms.katalon.core.main.ScriptEngine.runScriptAsRawText(ScriptEngine.java:119)
	at com.kms.katalon.core.main.TestCaseExecutor.runScript(TestCaseExecutor.java:448)
	at com.kms.katalon.core.main.TestCaseExecutor.doExecute(TestCaseExecutor.java:439)
	at com.kms.katalon.core.main.TestCaseExecutor.processExecutionPhase(TestCaseExecutor.java:418)
	at com.kms.katalon.core.main.TestCaseExecutor.accessMainPhase(TestCaseExecutor.java:410)
	at com.kms.katalon.core.main.TestCaseExecutor.execute(TestCaseExecutor.java:285)
	at com.kms.katalon.core.common.CommonExecutor.accessTestCaseMainPhase(CommonExecutor.java:65)
	at com.kms.katalon.core.main.TestSuiteExecutor.accessTestSuiteMainPhase(TestSuiteExecutor.java:151)
	at com.kms.katalon.core.main.TestSuiteExecutor.execute(TestSuiteExecutor.java:106)
	at com.kms.katalon.core.main.TestCaseMain.startTestSuite(TestCaseMain.java:185)
	at com.kms.katalon.core.main.TestCaseMain$startTestSuite$0.call(Unknown Source)
	at TempTestSuite1680475136875.run(TempTestSuite1680475136875.groovy:36)
)

2023-04-03 05:43:04 - [TEST_STEP][PASSED] - click(findTestObject("Object Repository/Web/Register/Reg_Button_Daftar")): Object: 'Object Repository/Web/Register/Reg_Button_Daftar' is clicked on

2023-04-03 05:43:07 - [MESSAGE][PASSED] - Object: 'Object Repository/Web/Register/Reg_Button_Daftar' is clicked on

2023-04-03 05:43:07 - [TEST_STEP][PASSED] - delay(5): Delayed 5 second(s)

2023-04-03 05:43:12 - [MESSAGE][PASSED] - Delayed 5 second(s)

2023-04-03 05:43:12 - [TEST_STEP][PASSED] - assert getUrl() == "https://demo-app.online/email/verify": Current window's url is: 'https://demo-app.online/email/verify'

2023-04-03 05:43:12 - [MESSAGE][PASSED] - Current window's url is: 'https://demo-app.online/email/verify']]></system-out>
         <system-err><![CDATA[]]></system-err>
      </testcase>
      <testcase name="Test Cases/Web/REG/REG-21" time="15.365" classname="Test Cases/Web/REG/REG-21" status="FAILED">
         <failure type="FAILED" message="Test Cases/Web/REG/REG-21 FAILED.
Reason:
Assertion failed: 

assert WebUI.getUrl() == 'https://demo-app.online/email/verify'
             |        |
             |        false
             https://demo-app.online/daftar

	at REG-21.run(REG-21:49)
	at com.kms.katalon.core.main.ScriptEngine.run(ScriptEngine.java:194)
	at com.kms.katalon.core.main.ScriptEngine.runScriptAsRawText(ScriptEngine.java:119)
	at com.kms.katalon.core.main.TestCaseExecutor.runScript(TestCaseExecutor.java:448)
	at com.kms.katalon.core.main.TestCaseExecutor.doExecute(TestCaseExecutor.java:439)
	at com.kms.katalon.core.main.TestCaseExecutor.processExecutionPhase(TestCaseExecutor.java:418)
	at com.kms.katalon.core.main.TestCaseExecutor.accessMainPhase(TestCaseExecutor.java:410)
	at com.kms.katalon.core.main.TestCaseExecutor.execute(TestCaseExecutor.java:285)
	at com.kms.katalon.core.common.CommonExecutor.accessTestCaseMainPhase(CommonExecutor.java:65)
	at com.kms.katalon.core.main.TestSuiteExecutor.accessTestSuiteMainPhase(TestSuiteExecutor.java:151)
	at com.kms.katalon.core.main.TestSuiteExecutor.execute(TestSuiteExecutor.java:106)
	at com.kms.katalon.core.main.TestCaseMain.startTestSuite(TestCaseMain.java:185)
	at com.kms.katalon.core.main.TestCaseMain$startTestSuite$0.call(Unknown Source)
	at TempTestSuite1680475136875.run(TempTestSuite1680475136875.groovy:36)
"/>
         <system-out><![CDATA[2023-04-03 05:43:12 - [TEST_CASE][FAILED] - Test Cases/Web/REG/REG-21: Test Cases/Web/REG/REG-21 FAILED.
Reason:
Assertion failed: 

assert WebUI.getUrl() == 'https://demo-app.online/email/verify'
             |        |
             |        false
             https://demo-app.online/daftar

	at REG-21.run(REG-21:49)
	at com.kms.katalon.core.main.ScriptEngine.run(ScriptEngine.java:194)
	at com.kms.katalon.core.main.ScriptEngine.runScriptAsRawText(ScriptEngine.java:119)
	at com.kms.katalon.core.main.TestCaseExecutor.runScript(TestCaseExecutor.java:448)
	at com.kms.katalon.core.main.TestCaseExecutor.doExecute(TestCaseExecutor.java:439)
	at com.kms.katalon.core.main.TestCaseExecutor.processExecutionPhase(TestCaseExecutor.java:418)
	at com.kms.katalon.core.main.TestCaseExecutor.accessMainPhase(TestCaseExecutor.java:410)
	at com.kms.katalon.core.main.TestCaseExecutor.execute(TestCaseExecutor.java:285)
	at com.kms.katalon.core.common.CommonExecutor.accessTestCaseMainPhase(CommonExecutor.java:65)
	at com.kms.katalon.core.main.TestSuiteExecutor.accessTestSuiteMainPhase(TestSuiteExecutor.java:151)
	at com.kms.katalon.core.main.TestSuiteExecutor.execute(TestSuiteExecutor.java:106)
	at com.kms.katalon.core.main.TestCaseMain.startTestSuite(TestCaseMain.java:185)
	at com.kms.katalon.core.main.TestCaseMain$startTestSuite$0.call(Unknown Source)
	at TempTestSuite1680475136875.run(TempTestSuite1680475136875.groovy:36)


2023-04-03 05:43:13 - [TEST_STEP][PASSED] - openBrowser(""): Browser is opened with url: ''

2023-04-03 05:43:13 - [MESSAGE][WARNING] - A browser is already opened. Closing browser and opening a new one

2023-04-03 05:43:13 - [MESSAGE][INFO] - Starting 'Chrome' driver

2023-04-03 05:43:13 - [MESSAGE][INFO] - Action delay is set to 0 milliseconds

2023-04-03 05:43:14 - [MESSAGE][PASSED] - Browser is opened with url: ''

2023-04-03 05:43:14 - [TEST_STEP][PASSED] - navigateToUrl("https://demo-app.online/daftar"): Navigate to 'https://demo-app.online/daftar' successfully

2023-04-03 05:43:16 - [MESSAGE][PASSED] - Navigate to 'https://demo-app.online/daftar' successfully

2023-04-03 05:43:16 - [TEST_STEP][PASSED] - setText(findTestObject("Object Repository/Web/Register/Reg_InputText_Nama"), "Rizki Khaerul Fajri"): Text 'Rizki Khaerul Fajri' is set on object 'Object Repository/Web/Register/Reg_InputText_Nama'

2023-04-03 05:43:17 - [MESSAGE][PASSED] - Text 'Rizki Khaerul Fajri' is set on object 'Object Repository/Web/Register/Reg_InputText_Nama'

2023-04-03 05:43:17 - [TEST_STEP][PASSED] - setText(findTestObject("Object Repository/Web/Register/Reg_InputText_BirthDay"), "asdf1234"): Text 'asdf1234' is set on object 'Object Repository/Web/Register/Reg_InputText_BirthDay'

2023-04-03 05:43:18 - [MESSAGE][PASSED] - Text 'asdf1234' is set on object 'Object Repository/Web/Register/Reg_InputText_BirthDay'

2023-04-03 05:43:18 - [TEST_STEP][PASSED] - setText(findTestObject("Object Repository/Web/Register/Reg_InputText_Email"), "Test@Mail.com"): Text 'Test@Mail.com' is set on object 'Object Repository/Web/Register/Reg_InputText_Email'

2023-04-03 05:43:19 - [MESSAGE][PASSED] - Text 'Test@Mail.com' is set on object 'Object Repository/Web/Register/Reg_InputText_Email'

2023-04-03 05:43:19 - [TEST_STEP][PASSED] - setText(findTestObject("Object Repository/Web/Register/Reg_InputText_Whatsapp"), "081324387267"): Text '081324387267' is set on object 'Object Repository/Web/Register/Reg_InputText_Whatsapp'

2023-04-03 05:43:19 - [MESSAGE][PASSED] - Text '081324387267' is set on object 'Object Repository/Web/Register/Reg_InputText_Whatsapp'

2023-04-03 05:43:19 - [TEST_STEP][PASSED] - setText(findTestObject("Object Repository/Web/Register/Reg_InputText_KataSandi"), "testingtesting"): Text 'testingtesting' is set on object 'Object Repository/Web/Register/Reg_InputText_KataSandi'

2023-04-03 05:43:20 - [MESSAGE][PASSED] - Text 'testingtesting' is set on object 'Object Repository/Web/Register/Reg_InputText_KataSandi'

2023-04-03 05:43:20 - [TEST_STEP][PASSED] - setText(findTestObject("Object Repository/Web/Register/Reg_InputText_KonfirmasiKataSandi"), "testingtesting"): Text 'testingtesting' is set on object 'Object Repository/Web/Register/Reg_InputText_KonfirmasiKataSandi'

2023-04-03 05:43:21 - [MESSAGE][PASSED] - Text 'testingtesting' is set on object 'Object Repository/Web/Register/Reg_InputText_KonfirmasiKataSandi'

2023-04-03 05:43:21 - [TEST_STEP][PASSED] - check(findTestObject("Object Repository/Web/Register/Reg_Checkbox_SyaratDanKetentuan")): Object 'Object Repository/Web/Register/Reg_Checkbox_SyaratDanKetentuan' is checked

2023-04-03 05:43:21 - [MESSAGE][PASSED] - Object 'Object Repository/Web/Register/Reg_Checkbox_SyaratDanKetentuan' is checked

2023-04-03 05:43:21 - [TEST_STEP][PASSED] - expectedInputBirthday = "18-Feb-1997": null

2023-04-03 05:43:21 - [TEST_STEP][PASSED] - actualInputBirthday = getAttribute(findTestObject("Object Repository/Web/Register/Reg_InputText_BirthDay"), "value"): Attribute 'value' of object 'Object Repository/Web/Register/Reg_InputText_BirthDay' is: '31-Dec-2016'

2023-04-03 05:43:22 - [MESSAGE][PASSED] - Attribute 'value' of object 'Object Repository/Web/Register/Reg_InputText_BirthDay' is: '31-Dec-2016'

2023-04-03 05:43:22 - [TEST_STEP][PASSED] - verifyNotEqual(actualInputBirthday, expectedInputBirthday, OPTIONAL): Actual object '31-Dec-2016' and expected object '18-Feb-1997' are not equal

2023-04-03 05:43:22 - [MESSAGE][PASSED] - Actual object '31-Dec-2016' and expected object '18-Feb-1997' are not equal

2023-04-03 05:43:22 - [TEST_STEP][PASSED] - click(findTestObject("Object Repository/Web/Register/Reg_Button_Daftar")): Object: 'Object Repository/Web/Register/Reg_Button_Daftar' is clicked on

2023-04-03 05:43:23 - [MESSAGE][PASSED] - Object: 'Object Repository/Web/Register/Reg_Button_Daftar' is clicked on

2023-04-03 05:43:23 - [TEST_STEP][PASSED] - delay(5): Delayed 5 second(s)

2023-04-03 05:43:28 - [MESSAGE][PASSED] - Delayed 5 second(s)

2023-04-03 05:43:28 - [TEST_STEP][FAILED] - assert getUrl() == "https://demo-app.online/email/verify": Test Cases/Web/REG/REG-21 FAILED.
Reason:
Assertion failed: 

assert WebUI.getUrl() == 'https://demo-app.online/email/verify'
             |        |
             |        false
             https://demo-app.online/daftar

	at REG-21.run(REG-21:49)
	at com.kms.katalon.core.main.ScriptEngine.run(ScriptEngine.java:194)
	at com.kms.katalon.core.main.ScriptEngine.runScriptAsRawText(ScriptEngine.java:119)
	at com.kms.katalon.core.main.TestCaseExecutor.runScript(TestCaseExecutor.java:448)
	at com.kms.katalon.core.main.TestCaseExecutor.doExecute(TestCaseExecutor.java:439)
	at com.kms.katalon.core.main.TestCaseExecutor.processExecutionPhase(TestCaseExecutor.java:418)
	at com.kms.katalon.core.main.TestCaseExecutor.accessMainPhase(TestCaseExecutor.java:410)
	at com.kms.katalon.core.main.TestCaseExecutor.execute(TestCaseExecutor.java:285)
	at com.kms.katalon.core.common.CommonExecutor.accessTestCaseMainPhase(CommonExecutor.java:65)
	at com.kms.katalon.core.main.TestSuiteExecutor.accessTestSuiteMainPhase(TestSuiteExecutor.java:151)
	at com.kms.katalon.core.main.TestSuiteExecutor.execute(TestSuiteExecutor.java:106)
	at com.kms.katalon.core.main.TestCaseMain.startTestSuite(TestCaseMain.java:185)
	at com.kms.katalon.core.main.TestCaseMain$startTestSuite$0.call(Unknown Source)
	at TempTestSuite1680475136875.run(TempTestSuite1680475136875.groovy:36)


2023-04-03 05:43:28 - [MESSAGE][PASSED] - Current window's url is: 'https://demo-app.online/daftar'

2023-04-03 05:43:28 - [MESSAGE][FAILED] - Test Cases/Web/REG/REG-21 FAILED.
Reason:
Assertion failed: 

assert WebUI.getUrl() == 'https://demo-app.online/email/verify'
             |        |
             |        false
             https://demo-app.online/daftar

	at REG-21.run(REG-21:49)
	at com.kms.katalon.core.main.ScriptEngine.run(ScriptEngine.java:194)
	at com.kms.katalon.core.main.ScriptEngine.runScriptAsRawText(ScriptEngine.java:119)
	at com.kms.katalon.core.main.TestCaseExecutor.runScript(TestCaseExecutor.java:448)
	at com.kms.katalon.core.main.TestCaseExecutor.doExecute(TestCaseExecutor.java:439)
	at com.kms.katalon.core.main.TestCaseExecutor.processExecutionPhase(TestCaseExecutor.java:418)
	at com.kms.katalon.core.main.TestCaseExecutor.accessMainPhase(TestCaseExecutor.java:410)
	at com.kms.katalon.core.main.TestCaseExecutor.execute(TestCaseExecutor.java:285)
	at com.kms.katalon.core.common.CommonExecutor.accessTestCaseMainPhase(CommonExecutor.java:65)
	at com.kms.katalon.core.main.TestSuiteExecutor.accessTestSuiteMainPhase(TestSuiteExecutor.java:151)
	at com.kms.katalon.core.main.TestSuiteExecutor.execute(TestSuiteExecutor.java:106)
	at com.kms.katalon.core.main.TestCaseMain.startTestSuite(TestCaseMain.java:185)
	at com.kms.katalon.core.main.TestCaseMain$startTestSuite$0.call(Unknown Source)
	at TempTestSuite1680475136875.run(TempTestSuite1680475136875.groovy:36)]]></system-out>
         <system-err><![CDATA[2023-04-03 05:43:12 - [TEST_CASE][FAILED] - Test Cases/Web/REG/REG-21: Test Cases/Web/REG/REG-21 FAILED.
Reason:
Assertion failed: 

assert WebUI.getUrl() == 'https://demo-app.online/email/verify'
             |        |
             |        false
             https://demo-app.online/daftar

	at REG-21.run(REG-21:49)
	at com.kms.katalon.core.main.ScriptEngine.run(ScriptEngine.java:194)
	at com.kms.katalon.core.main.ScriptEngine.runScriptAsRawText(ScriptEngine.java:119)
	at com.kms.katalon.core.main.TestCaseExecutor.runScript(TestCaseExecutor.java:448)
	at com.kms.katalon.core.main.TestCaseExecutor.doExecute(TestCaseExecutor.java:439)
	at com.kms.katalon.core.main.TestCaseExecutor.processExecutionPhase(TestCaseExecutor.java:418)
	at com.kms.katalon.core.main.TestCaseExecutor.accessMainPhase(TestCaseExecutor.java:410)
	at com.kms.katalon.core.main.TestCaseExecutor.execute(TestCaseExecutor.java:285)
	at com.kms.katalon.core.common.CommonExecutor.accessTestCaseMainPhase(CommonExecutor.java:65)
	at com.kms.katalon.core.main.TestSuiteExecutor.accessTestSuiteMainPhase(TestSuiteExecutor.java:151)
	at com.kms.katalon.core.main.TestSuiteExecutor.execute(TestSuiteExecutor.java:106)
	at com.kms.katalon.core.main.TestCaseMain.startTestSuite(TestCaseMain.java:185)
	at com.kms.katalon.core.main.TestCaseMain$startTestSuite$0.call(Unknown Source)
	at TempTestSuite1680475136875.run(TempTestSuite1680475136875.groovy:36)]]></system-err>
      </testcase>
      <testcase name="Test Cases/Web/REG/REG-22" time="16.269" classname="Test Cases/Web/REG/REG-22" status="PASSED">
         <system-out><![CDATA[2023-04-03 05:43:28 - [TEST_CASE][PASSED] - Test Cases/Web/REG/REG-22: Test Cases/Web/REG/REG-22

2023-04-03 05:43:28 - [TEST_STEP][PASSED] - openBrowser(""): Browser is opened with url: ''

2023-04-03 05:43:28 - [MESSAGE][WARNING] - A browser is already opened. Closing browser and opening a new one

2023-04-03 05:43:29 - [MESSAGE][INFO] - Starting 'Chrome' driver

2023-04-03 05:43:29 - [MESSAGE][INFO] - Action delay is set to 0 milliseconds

2023-04-03 05:43:30 - [MESSAGE][PASSED] - Browser is opened with url: ''

2023-04-03 05:43:30 - [TEST_STEP][PASSED] - navigateToUrl("https://demo-app.online/daftar"): Navigate to 'https://demo-app.online/daftar' successfully

2023-04-03 05:43:31 - [MESSAGE][PASSED] - Navigate to 'https://demo-app.online/daftar' successfully

2023-04-03 05:43:31 - [TEST_STEP][PASSED] - setText(findTestObject("Object Repository/Web/Register/Reg_InputText_Nama"), "Rizki Khaerul Fajri"): Text 'Rizki Khaerul Fajri' is set on object 'Object Repository/Web/Register/Reg_InputText_Nama'

2023-04-03 05:43:32 - [MESSAGE][PASSED] - Text 'Rizki Khaerul Fajri' is set on object 'Object Repository/Web/Register/Reg_InputText_Nama'

2023-04-03 05:43:32 - [TEST_STEP][PASSED] - setText(findTestObject("Object Repository/Web/Register/Reg_InputText_BirthDay"), "01-Jan-1990"): Text '01-Jan-1990' is set on object 'Object Repository/Web/Register/Reg_InputText_BirthDay'

2023-04-03 05:43:33 - [MESSAGE][PASSED] - Text '01-Jan-1990' is set on object 'Object Repository/Web/Register/Reg_InputText_BirthDay'

2023-04-03 05:43:33 - [TEST_STEP][PASSED] - setText(findTestObject("Object Repository/Web/Register/Reg_InputText_Email"), "Test@Mail.com"): Text 'Test@Mail.com' is set on object 'Object Repository/Web/Register/Reg_InputText_Email'

2023-04-03 05:43:34 - [MESSAGE][PASSED] - Text 'Test@Mail.com' is set on object 'Object Repository/Web/Register/Reg_InputText_Email'

2023-04-03 05:43:34 - [TEST_STEP][PASSED] - setText(findTestObject("Object Repository/Web/Register/Reg_InputText_Whatsapp"), "081324387267"): Text '081324387267' is set on object 'Object Repository/Web/Register/Reg_InputText_Whatsapp'

2023-04-03 05:43:35 - [MESSAGE][PASSED] - Text '081324387267' is set on object 'Object Repository/Web/Register/Reg_InputText_Whatsapp'

2023-04-03 05:43:35 - [TEST_STEP][PASSED] - setText(findTestObject("Object Repository/Web/Register/Reg_InputText_KataSandi"), "testingtesting"): Text 'testingtesting' is set on object 'Object Repository/Web/Register/Reg_InputText_KataSandi'

2023-04-03 05:43:35 - [MESSAGE][PASSED] - Text 'testingtesting' is set on object 'Object Repository/Web/Register/Reg_InputText_KataSandi'

2023-04-03 05:43:35 - [TEST_STEP][PASSED] - setText(findTestObject("Object Repository/Web/Register/Reg_InputText_KonfirmasiKataSandi"), "testingtesting"): Text 'testingtesting' is set on object 'Object Repository/Web/Register/Reg_InputText_KonfirmasiKataSandi'

2023-04-03 05:43:36 - [MESSAGE][PASSED] - Text 'testingtesting' is set on object 'Object Repository/Web/Register/Reg_InputText_KonfirmasiKataSandi'

2023-04-03 05:43:36 - [TEST_STEP][PASSED] - check(findTestObject("Object Repository/Web/Register/Reg_Checkbox_SyaratDanKetentuan")): Object 'Object Repository/Web/Register/Reg_Checkbox_SyaratDanKetentuan' is checked

2023-04-03 05:43:37 - [MESSAGE][PASSED] - Object 'Object Repository/Web/Register/Reg_Checkbox_SyaratDanKetentuan' is checked

2023-04-03 05:43:37 - [TEST_STEP][PASSED] - expectedInputBirthday = "18-Feb-1997": null

2023-04-03 05:43:37 - [TEST_STEP][PASSED] - actualInputBirthday = getAttribute(findTestObject("Object Repository/Web/Register/Reg_InputText_BirthDay"), "value"): Attribute 'value' of object 'Object Repository/Web/Register/Reg_InputText_BirthDay' is: '01-Jan-1990'

2023-04-03 05:43:37 - [MESSAGE][PASSED] - Attribute 'value' of object 'Object Repository/Web/Register/Reg_InputText_BirthDay' is: '01-Jan-1990'

2023-04-03 05:43:37 - [TEST_STEP][PASSED] - verifyNotEqual(actualInputBirthday, expectedInputBirthday, OPTIONAL): Actual object '01-Jan-1990' and expected object '18-Feb-1997' are not equal

2023-04-03 05:43:37 - [MESSAGE][PASSED] - Actual object '01-Jan-1990' and expected object '18-Feb-1997' are not equal

2023-04-03 05:43:37 - [TEST_STEP][PASSED] - click(findTestObject("Object Repository/Web/Register/Reg_Button_Daftar")): Object: 'Object Repository/Web/Register/Reg_Button_Daftar' is clicked on

2023-04-03 05:43:39 - [MESSAGE][PASSED] - Object: 'Object Repository/Web/Register/Reg_Button_Daftar' is clicked on

2023-04-03 05:43:39 - [TEST_STEP][PASSED] - delay(5): Delayed 5 second(s)

2023-04-03 05:43:44 - [MESSAGE][PASSED] - Delayed 5 second(s)

2023-04-03 05:43:44 - [TEST_STEP][PASSED] - assert getUrl() == "https://demo-app.online/email/verify": Current window's url is: 'https://demo-app.online/email/verify'

2023-04-03 05:43:44 - [MESSAGE][PASSED] - Current window's url is: 'https://demo-app.online/email/verify']]></system-out>
         <system-err><![CDATA[]]></system-err>
      </testcase>
      <testcase name="Test Cases/Web/REG/REG-23" time="15.361" classname="Test Cases/Web/REG/REG-23" status="FAILED">
         <failure type="FAILED" message="Test Cases/Web/REG/REG-23 FAILED.
Reason:
java.lang.AssertionError: Register process stopped. Expression: (com.kms.katalon.core.webui.keyword.WebUiBuiltInKeywords.getUrl() == https://demo-app.online/email/verify)
	at REG-23.run(REG-23:49)
	at com.kms.katalon.core.main.ScriptEngine.run(ScriptEngine.java:194)
	at com.kms.katalon.core.main.ScriptEngine.runScriptAsRawText(ScriptEngine.java:119)
	at com.kms.katalon.core.main.TestCaseExecutor.runScript(TestCaseExecutor.java:448)
	at com.kms.katalon.core.main.TestCaseExecutor.doExecute(TestCaseExecutor.java:439)
	at com.kms.katalon.core.main.TestCaseExecutor.processExecutionPhase(TestCaseExecutor.java:418)
	at com.kms.katalon.core.main.TestCaseExecutor.accessMainPhase(TestCaseExecutor.java:410)
	at com.kms.katalon.core.main.TestCaseExecutor.execute(TestCaseExecutor.java:285)
	at com.kms.katalon.core.common.CommonExecutor.accessTestCaseMainPhase(CommonExecutor.java:65)
	at com.kms.katalon.core.main.TestSuiteExecutor.accessTestSuiteMainPhase(TestSuiteExecutor.java:151)
	at com.kms.katalon.core.main.TestSuiteExecutor.execute(TestSuiteExecutor.java:106)
	at com.kms.katalon.core.main.TestCaseMain.startTestSuite(TestCaseMain.java:185)
	at com.kms.katalon.core.main.TestCaseMain$startTestSuite$0.call(Unknown Source)
	at TempTestSuite1680475136875.run(TempTestSuite1680475136875.groovy:36)
"/>
         <system-out><![CDATA[2023-04-03 05:43:44 - [TEST_CASE][FAILED] - Test Cases/Web/REG/REG-23: Test Cases/Web/REG/REG-23 FAILED.
Reason:
java.lang.AssertionError: Register process stopped. Expression: (com.kms.katalon.core.webui.keyword.WebUiBuiltInKeywords.getUrl() == https://demo-app.online/email/verify)
	at REG-23.run(REG-23:49)
	at com.kms.katalon.core.main.ScriptEngine.run(ScriptEngine.java:194)
	at com.kms.katalon.core.main.ScriptEngine.runScriptAsRawText(ScriptEngine.java:119)
	at com.kms.katalon.core.main.TestCaseExecutor.runScript(TestCaseExecutor.java:448)
	at com.kms.katalon.core.main.TestCaseExecutor.doExecute(TestCaseExecutor.java:439)
	at com.kms.katalon.core.main.TestCaseExecutor.processExecutionPhase(TestCaseExecutor.java:418)
	at com.kms.katalon.core.main.TestCaseExecutor.accessMainPhase(TestCaseExecutor.java:410)
	at com.kms.katalon.core.main.TestCaseExecutor.execute(TestCaseExecutor.java:285)
	at com.kms.katalon.core.common.CommonExecutor.accessTestCaseMainPhase(CommonExecutor.java:65)
	at com.kms.katalon.core.main.TestSuiteExecutor.accessTestSuiteMainPhase(TestSuiteExecutor.java:151)
	at com.kms.katalon.core.main.TestSuiteExecutor.execute(TestSuiteExecutor.java:106)
	at com.kms.katalon.core.main.TestCaseMain.startTestSuite(TestCaseMain.java:185)
	at com.kms.katalon.core.main.TestCaseMain$startTestSuite$0.call(Unknown Source)
	at TempTestSuite1680475136875.run(TempTestSuite1680475136875.groovy:36)


2023-04-03 05:43:44 - [TEST_STEP][PASSED] - openBrowser(""): Browser is opened with url: ''

2023-04-03 05:43:44 - [MESSAGE][WARNING] - A browser is already opened. Closing browser and opening a new one

2023-04-03 05:43:45 - [MESSAGE][INFO] - Starting 'Chrome' driver

2023-04-03 05:43:45 - [MESSAGE][INFO] - Action delay is set to 0 milliseconds

2023-04-03 05:43:46 - [MESSAGE][PASSED] - Browser is opened with url: ''

2023-04-03 05:43:46 - [TEST_STEP][PASSED] - navigateToUrl("https://demo-app.online/daftar"): Navigate to 'https://demo-app.online/daftar' successfully

2023-04-03 05:43:48 - [MESSAGE][PASSED] - Navigate to 'https://demo-app.online/daftar' successfully

2023-04-03 05:43:48 - [TEST_STEP][PASSED] - setText(findTestObject("Object Repository/Web/Register/Reg_InputText_Nama"), "Rizki Khaerul Fajri"): Text 'Rizki Khaerul Fajri' is set on object 'Object Repository/Web/Register/Reg_InputText_Nama'

2023-04-03 05:43:49 - [MESSAGE][PASSED] - Text 'Rizki Khaerul Fajri' is set on object 'Object Repository/Web/Register/Reg_InputText_Nama'

2023-04-03 05:43:49 - [TEST_STEP][PASSED] - setText(findTestObject("Object Repository/Web/Register/Reg_InputText_BirthDay"), "01-Jan-2023"): Text '01-Jan-2023' is set on object 'Object Repository/Web/Register/Reg_InputText_BirthDay'

2023-04-03 05:43:49 - [MESSAGE][PASSED] - Text '01-Jan-2023' is set on object 'Object Repository/Web/Register/Reg_InputText_BirthDay'

2023-04-03 05:43:49 - [TEST_STEP][PASSED] - setText(findTestObject("Object Repository/Web/Register/Reg_InputText_Email"), "Test@Mail.com"): Text 'Test@Mail.com' is set on object 'Object Repository/Web/Register/Reg_InputText_Email'

2023-04-03 05:43:50 - [MESSAGE][PASSED] - Text 'Test@Mail.com' is set on object 'Object Repository/Web/Register/Reg_InputText_Email'

2023-04-03 05:43:50 - [TEST_STEP][PASSED] - setText(findTestObject("Object Repository/Web/Register/Reg_InputText_Whatsapp"), "081324387267"): Text '081324387267' is set on object 'Object Repository/Web/Register/Reg_InputText_Whatsapp'

2023-04-03 05:43:51 - [MESSAGE][PASSED] - Text '081324387267' is set on object 'Object Repository/Web/Register/Reg_InputText_Whatsapp'

2023-04-03 05:43:51 - [TEST_STEP][PASSED] - setText(findTestObject("Object Repository/Web/Register/Reg_InputText_KataSandi"), "testingtesting"): Text 'testingtesting' is set on object 'Object Repository/Web/Register/Reg_InputText_KataSandi'

2023-04-03 05:43:52 - [MESSAGE][PASSED] - Text 'testingtesting' is set on object 'Object Repository/Web/Register/Reg_InputText_KataSandi'

2023-04-03 05:43:52 - [TEST_STEP][PASSED] - setText(findTestObject("Object Repository/Web/Register/Reg_InputText_KonfirmasiKataSandi"), "testingtesting"): Text 'testingtesting' is set on object 'Object Repository/Web/Register/Reg_InputText_KonfirmasiKataSandi'

2023-04-03 05:43:52 - [MESSAGE][PASSED] - Text 'testingtesting' is set on object 'Object Repository/Web/Register/Reg_InputText_KonfirmasiKataSandi'

2023-04-03 05:43:52 - [TEST_STEP][PASSED] - check(findTestObject("Object Repository/Web/Register/Reg_Checkbox_SyaratDanKetentuan")): Object 'Object Repository/Web/Register/Reg_Checkbox_SyaratDanKetentuan' is checked

2023-04-03 05:43:53 - [MESSAGE][PASSED] - Object 'Object Repository/Web/Register/Reg_Checkbox_SyaratDanKetentuan' is checked

2023-04-03 05:43:53 - [TEST_STEP][PASSED] - expectedInputBirthday = "18-Feb-1997": null

2023-04-03 05:43:53 - [TEST_STEP][PASSED] - actualInputBirthday = getAttribute(findTestObject("Object Repository/Web/Register/Reg_InputText_BirthDay"), "value"): Attribute 'value' of object 'Object Repository/Web/Register/Reg_InputText_BirthDay' is: '31-Dec-2016'

2023-04-03 05:43:53 - [MESSAGE][PASSED] - Attribute 'value' of object 'Object Repository/Web/Register/Reg_InputText_BirthDay' is: '31-Dec-2016'

2023-04-03 05:43:53 - [TEST_STEP][PASSED] - verifyNotEqual(actualInputBirthday, expectedInputBirthday, OPTIONAL): Actual object '31-Dec-2016' and expected object '18-Feb-1997' are not equal

2023-04-03 05:43:53 - [MESSAGE][PASSED] - Actual object '31-Dec-2016' and expected object '18-Feb-1997' are not equal

2023-04-03 05:43:53 - [TEST_STEP][PASSED] - click(findTestObject("Object Repository/Web/Register/Reg_Button_Daftar")): Object: 'Object Repository/Web/Register/Reg_Button_Daftar' is clicked on

2023-04-03 05:43:54 - [MESSAGE][PASSED] - Object: 'Object Repository/Web/Register/Reg_Button_Daftar' is clicked on

2023-04-03 05:43:54 - [TEST_STEP][PASSED] - delay(5): Delayed 5 second(s)

2023-04-03 05:43:59 - [MESSAGE][PASSED] - Delayed 5 second(s)

2023-04-03 05:43:59 - [TEST_STEP][FAILED] - assert getUrl() == "https://demo-app.online/email/verify" : "Register process stopped": Test Cases/Web/REG/REG-23 FAILED.
Reason:
java.lang.AssertionError: Register process stopped. Expression: (com.kms.katalon.core.webui.keyword.WebUiBuiltInKeywords.getUrl() == https://demo-app.online/email/verify)
	at REG-23.run(REG-23:49)
	at com.kms.katalon.core.main.ScriptEngine.run(ScriptEngine.java:194)
	at com.kms.katalon.core.main.ScriptEngine.runScriptAsRawText(ScriptEngine.java:119)
	at com.kms.katalon.core.main.TestCaseExecutor.runScript(TestCaseExecutor.java:448)
	at com.kms.katalon.core.main.TestCaseExecutor.doExecute(TestCaseExecutor.java:439)
	at com.kms.katalon.core.main.TestCaseExecutor.processExecutionPhase(TestCaseExecutor.java:418)
	at com.kms.katalon.core.main.TestCaseExecutor.accessMainPhase(TestCaseExecutor.java:410)
	at com.kms.katalon.core.main.TestCaseExecutor.execute(TestCaseExecutor.java:285)
	at com.kms.katalon.core.common.CommonExecutor.accessTestCaseMainPhase(CommonExecutor.java:65)
	at com.kms.katalon.core.main.TestSuiteExecutor.accessTestSuiteMainPhase(TestSuiteExecutor.java:151)
	at com.kms.katalon.core.main.TestSuiteExecutor.execute(TestSuiteExecutor.java:106)
	at com.kms.katalon.core.main.TestCaseMain.startTestSuite(TestCaseMain.java:185)
	at com.kms.katalon.core.main.TestCaseMain$startTestSuite$0.call(Unknown Source)
	at TempTestSuite1680475136875.run(TempTestSuite1680475136875.groovy:36)


2023-04-03 05:43:59 - [MESSAGE][PASSED] - Current window's url is: 'https://demo-app.online/daftar'

2023-04-03 05:43:59 - [MESSAGE][FAILED] - Test Cases/Web/REG/REG-23 FAILED.
Reason:
java.lang.AssertionError: Register process stopped. Expression: (com.kms.katalon.core.webui.keyword.WebUiBuiltInKeywords.getUrl() == https://demo-app.online/email/verify)
	at REG-23.run(REG-23:49)
	at com.kms.katalon.core.main.ScriptEngine.run(ScriptEngine.java:194)
	at com.kms.katalon.core.main.ScriptEngine.runScriptAsRawText(ScriptEngine.java:119)
	at com.kms.katalon.core.main.TestCaseExecutor.runScript(TestCaseExecutor.java:448)
	at com.kms.katalon.core.main.TestCaseExecutor.doExecute(TestCaseExecutor.java:439)
	at com.kms.katalon.core.main.TestCaseExecutor.processExecutionPhase(TestCaseExecutor.java:418)
	at com.kms.katalon.core.main.TestCaseExecutor.accessMainPhase(TestCaseExecutor.java:410)
	at com.kms.katalon.core.main.TestCaseExecutor.execute(TestCaseExecutor.java:285)
	at com.kms.katalon.core.common.CommonExecutor.accessTestCaseMainPhase(CommonExecutor.java:65)
	at com.kms.katalon.core.main.TestSuiteExecutor.accessTestSuiteMainPhase(TestSuiteExecutor.java:151)
	at com.kms.katalon.core.main.TestSuiteExecutor.execute(TestSuiteExecutor.java:106)
	at com.kms.katalon.core.main.TestCaseMain.startTestSuite(TestCaseMain.java:185)
	at com.kms.katalon.core.main.TestCaseMain$startTestSuite$0.call(Unknown Source)
	at TempTestSuite1680475136875.run(TempTestSuite1680475136875.groovy:36)]]></system-out>
         <system-err><![CDATA[2023-04-03 05:43:44 - [TEST_CASE][FAILED] - Test Cases/Web/REG/REG-23: Test Cases/Web/REG/REG-23 FAILED.
Reason:
java.lang.AssertionError: Register process stopped. Expression: (com.kms.katalon.core.webui.keyword.WebUiBuiltInKeywords.getUrl() == https://demo-app.online/email/verify)
	at REG-23.run(REG-23:49)
	at com.kms.katalon.core.main.ScriptEngine.run(ScriptEngine.java:194)
	at com.kms.katalon.core.main.ScriptEngine.runScriptAsRawText(ScriptEngine.java:119)
	at com.kms.katalon.core.main.TestCaseExecutor.runScript(TestCaseExecutor.java:448)
	at com.kms.katalon.core.main.TestCaseExecutor.doExecute(TestCaseExecutor.java:439)
	at com.kms.katalon.core.main.TestCaseExecutor.processExecutionPhase(TestCaseExecutor.java:418)
	at com.kms.katalon.core.main.TestCaseExecutor.accessMainPhase(TestCaseExecutor.java:410)
	at com.kms.katalon.core.main.TestCaseExecutor.execute(TestCaseExecutor.java:285)
	at com.kms.katalon.core.common.CommonExecutor.accessTestCaseMainPhase(CommonExecutor.java:65)
	at com.kms.katalon.core.main.TestSuiteExecutor.accessTestSuiteMainPhase(TestSuiteExecutor.java:151)
	at com.kms.katalon.core.main.TestSuiteExecutor.execute(TestSuiteExecutor.java:106)
	at com.kms.katalon.core.main.TestCaseMain.startTestSuite(TestCaseMain.java:185)
	at com.kms.katalon.core.main.TestCaseMain$startTestSuite$0.call(Unknown Source)
	at TempTestSuite1680475136875.run(TempTestSuite1680475136875.groovy:36)]]></system-err>
      </testcase>
      <testcase name="Test Cases/Web/REG/REG-24" time="75.912" classname="Test Cases/Web/REG/REG-24" status="PASSED">
         <system-out><![CDATA[2023-04-03 05:43:59 - [TEST_CASE][PASSED] - Test Cases/Web/REG/REG-24: Test Cases/Web/REG/REG-24

2023-04-03 05:44:00 - [TEST_STEP][PASSED] - openBrowser(""): Browser is opened with url: ''

2023-04-03 05:44:00 - [MESSAGE][WARNING] - A browser is already opened. Closing browser and opening a new one

2023-04-03 05:44:00 - [MESSAGE][INFO] - Starting 'Chrome' driver

2023-04-03 05:44:00 - [MESSAGE][INFO] - Action delay is set to 0 milliseconds

2023-04-03 05:44:01 - [MESSAGE][PASSED] - Browser is opened with url: ''

2023-04-03 05:44:01 - [TEST_STEP][PASSED] - testData = findTestData("Data Files/Web/Register_Email"): null

2023-04-03 05:44:01 - [TEST_STEP][PASSED] - for ([i = 1, i <= testData.getRowNumbers(), (i++)]): Current window's url is: 'https://demo-app.online/email/verify'

2023-04-03 05:44:01 - [TEST_STEP][PASSED] - email = testData.getValue("E-mail", i): null

2023-04-03 05:44:01 - [TEST_STEP][PASSED] - navigateToUrl("https://demo-app.online/daftar"): Navigate to 'https://demo-app.online/daftar' successfully

2023-04-03 05:44:03 - [MESSAGE][PASSED] - Navigate to 'https://demo-app.online/daftar' successfully

2023-04-03 05:44:03 - [TEST_STEP][PASSED] - setText(findTestObject("Object Repository/Web/Register/Reg_InputText_Nama"), "Rizki Khaerul Fajri"): Text 'Rizki Khaerul Fajri' is set on object 'Object Repository/Web/Register/Reg_InputText_Nama'

2023-04-03 05:44:04 - [MESSAGE][PASSED] - Text 'Rizki Khaerul Fajri' is set on object 'Object Repository/Web/Register/Reg_InputText_Nama'

2023-04-03 05:44:04 - [TEST_STEP][PASSED] - setText(findTestObject("Object Repository/Web/Register/Reg_InputText_BirthDay"), "18-Feb-1997"): Text '18-Feb-1997' is set on object 'Object Repository/Web/Register/Reg_InputText_BirthDay'

2023-04-03 05:44:05 - [MESSAGE][PASSED] - Text '18-Feb-1997' is set on object 'Object Repository/Web/Register/Reg_InputText_BirthDay'

2023-04-03 05:44:05 - [TEST_STEP][PASSED] - setText(findTestObject("Object Repository/Web/Register/Reg_InputText_Email"), email): Text 'Test@Practice.com' is set on object 'Object Repository/Web/Register/Reg_InputText_Email'

2023-04-03 05:44:06 - [MESSAGE][PASSED] - Text 'Test@Practice.com' is set on object 'Object Repository/Web/Register/Reg_InputText_Email'

2023-04-03 05:44:06 - [TEST_STEP][PASSED] - setText(findTestObject("Object Repository/Web/Register/Reg_InputText_Whatsapp"), "081324387267"): Text '081324387267' is set on object 'Object Repository/Web/Register/Reg_InputText_Whatsapp'

2023-04-03 05:44:07 - [MESSAGE][PASSED] - Text '081324387267' is set on object 'Object Repository/Web/Register/Reg_InputText_Whatsapp'

2023-04-03 05:44:07 - [TEST_STEP][PASSED] - setText(findTestObject("Object Repository/Web/Register/Reg_InputText_KataSandi"), "testingtesting"): Text 'testingtesting' is set on object 'Object Repository/Web/Register/Reg_InputText_KataSandi'

2023-04-03 05:44:08 - [MESSAGE][PASSED] - Text 'testingtesting' is set on object 'Object Repository/Web/Register/Reg_InputText_KataSandi'

2023-04-03 05:44:08 - [TEST_STEP][PASSED] - setText(findTestObject("Object Repository/Web/Register/Reg_InputText_KonfirmasiKataSandi"), "testingtesting"): Text 'testingtesting' is set on object 'Object Repository/Web/Register/Reg_InputText_KonfirmasiKataSandi'

2023-04-03 05:44:09 - [MESSAGE][PASSED] - Text 'testingtesting' is set on object 'Object Repository/Web/Register/Reg_InputText_KonfirmasiKataSandi'

2023-04-03 05:44:09 - [TEST_STEP][PASSED] - check(findTestObject("Object Repository/Web/Register/Reg_Checkbox_SyaratDanKetentuan")): Object 'Object Repository/Web/Register/Reg_Checkbox_SyaratDanKetentuan' is checked

2023-04-03 05:44:09 - [MESSAGE][PASSED] - Object 'Object Repository/Web/Register/Reg_Checkbox_SyaratDanKetentuan' is checked

2023-04-03 05:44:09 - [TEST_STEP][PASSED] - click(findTestObject("Object Repository/Web/Register/Reg_Button_Daftar")): Object: 'Object Repository/Web/Register/Reg_Button_Daftar' is clicked on

2023-04-03 05:44:11 - [MESSAGE][PASSED] - Object: 'Object Repository/Web/Register/Reg_Button_Daftar' is clicked on

2023-04-03 05:44:11 - [TEST_STEP][PASSED] - delay(5): Delayed 5 second(s)

2023-04-03 05:44:16 - [MESSAGE][PASSED] - Delayed 5 second(s)

2023-04-03 05:44:16 - [TEST_STEP][PASSED] - if (getUrl() == "https://demo-app.online/daftar"): Current window's url is: 'https://demo-app.online/email/verify'

2023-04-03 05:44:16 - [MESSAGE][PASSED] - Current window's url is: 'https://demo-app.online/email/verify'

2023-04-03 05:44:16 - [TEST_STEP][PASSED] - delay(5): Delayed 5 second(s)

2023-04-03 05:44:21 - [MESSAGE][PASSED] - Delayed 5 second(s)

2023-04-03 05:44:21 - [TEST_STEP][PASSED] - assert getUrl() == "https://demo-app.online/email/verify": Current window's url is: 'https://demo-app.online/email/verify'

2023-04-03 05:44:21 - [MESSAGE][PASSED] - Current window's url is: 'https://demo-app.online/email/verify'

2023-04-03 05:44:21 - [TEST_STEP][PASSED] - email = testData.getValue("E-mail", i): null

2023-04-03 05:44:21 - [TEST_STEP][PASSED] - navigateToUrl("https://demo-app.online/daftar"): Navigate to 'https://demo-app.online/daftar' successfully

2023-04-03 05:44:22 - [MESSAGE][PASSED] - Navigate to 'https://demo-app.online/daftar' successfully

2023-04-03 05:44:22 - [TEST_STEP][PASSED] - setText(findTestObject("Object Repository/Web/Register/Reg_InputText_Nama"), "Rizki Khaerul Fajri"): Text 'Rizki Khaerul Fajri' is set on object 'Object Repository/Web/Register/Reg_InputText_Nama'

2023-04-03 05:44:23 - [MESSAGE][PASSED] - Text 'Rizki Khaerul Fajri' is set on object 'Object Repository/Web/Register/Reg_InputText_Nama'

2023-04-03 05:44:23 - [TEST_STEP][PASSED] - setText(findTestObject("Object Repository/Web/Register/Reg_InputText_BirthDay"), "18-Feb-1997"): Text '18-Feb-1997' is set on object 'Object Repository/Web/Register/Reg_InputText_BirthDay'

2023-04-03 05:44:24 - [MESSAGE][PASSED] - Text '18-Feb-1997' is set on object 'Object Repository/Web/Register/Reg_InputText_BirthDay'

2023-04-03 05:44:24 - [TEST_STEP][PASSED] - setText(findTestObject("Object Repository/Web/Register/Reg_InputText_Email"), email): Text 'Test2@Practice2.com' is set on object 'Object Repository/Web/Register/Reg_InputText_Email'

2023-04-03 05:44:25 - [MESSAGE][PASSED] - Text 'Test2@Practice2.com' is set on object 'Object Repository/Web/Register/Reg_InputText_Email'

2023-04-03 05:44:25 - [TEST_STEP][PASSED] - setText(findTestObject("Object Repository/Web/Register/Reg_InputText_Whatsapp"), "081324387267"): Text '081324387267' is set on object 'Object Repository/Web/Register/Reg_InputText_Whatsapp'

2023-04-03 05:44:25 - [MESSAGE][PASSED] - Text '081324387267' is set on object 'Object Repository/Web/Register/Reg_InputText_Whatsapp'

2023-04-03 05:44:25 - [TEST_STEP][PASSED] - setText(findTestObject("Object Repository/Web/Register/Reg_InputText_KataSandi"), "testingtesting"): Text 'testingtesting' is set on object 'Object Repository/Web/Register/Reg_InputText_KataSandi'

2023-04-03 05:44:26 - [MESSAGE][PASSED] - Text 'testingtesting' is set on object 'Object Repository/Web/Register/Reg_InputText_KataSandi'

2023-04-03 05:44:26 - [TEST_STEP][PASSED] - setText(findTestObject("Object Repository/Web/Register/Reg_InputText_KonfirmasiKataSandi"), "testingtesting"): Text 'testingtesting' is set on object 'Object Repository/Web/Register/Reg_InputText_KonfirmasiKataSandi'

2023-04-03 05:44:26 - [MESSAGE][PASSED] - Text 'testingtesting' is set on object 'Object Repository/Web/Register/Reg_InputText_KonfirmasiKataSandi'

2023-04-03 05:44:26 - [TEST_STEP][PASSED] - check(findTestObject("Object Repository/Web/Register/Reg_Checkbox_SyaratDanKetentuan")): Object 'Object Repository/Web/Register/Reg_Checkbox_SyaratDanKetentuan' is checked

2023-04-03 05:44:27 - [MESSAGE][PASSED] - Object 'Object Repository/Web/Register/Reg_Checkbox_SyaratDanKetentuan' is checked

2023-04-03 05:44:27 - [TEST_STEP][PASSED] - click(findTestObject("Object Repository/Web/Register/Reg_Button_Daftar")): Object: 'Object Repository/Web/Register/Reg_Button_Daftar' is clicked on

2023-04-03 05:44:29 - [MESSAGE][PASSED] - Object: 'Object Repository/Web/Register/Reg_Button_Daftar' is clicked on

2023-04-03 05:44:29 - [TEST_STEP][PASSED] - delay(5): Delayed 5 second(s)

2023-04-03 05:44:34 - [MESSAGE][PASSED] - Delayed 5 second(s)

2023-04-03 05:44:34 - [TEST_STEP][PASSED] - if (getUrl() == "https://demo-app.online/daftar"): Current window's url is: 'https://demo-app.online/email/verify'

2023-04-03 05:44:34 - [MESSAGE][PASSED] - Current window's url is: 'https://demo-app.online/email/verify'

2023-04-03 05:44:34 - [TEST_STEP][PASSED] - delay(5): Delayed 5 second(s)

2023-04-03 05:44:39 - [MESSAGE][PASSED] - Delayed 5 second(s)

2023-04-03 05:44:39 - [TEST_STEP][PASSED] - assert getUrl() == "https://demo-app.online/email/verify": Current window's url is: 'https://demo-app.online/email/verify'

2023-04-03 05:44:39 - [MESSAGE][PASSED] - Current window's url is: 'https://demo-app.online/email/verify'

2023-04-03 05:44:39 - [TEST_STEP][PASSED] - email = testData.getValue("E-mail", i): null

2023-04-03 05:44:39 - [TEST_STEP][PASSED] - navigateToUrl("https://demo-app.online/daftar"): Navigate to 'https://demo-app.online/daftar' successfully

2023-04-03 05:44:39 - [MESSAGE][PASSED] - Navigate to 'https://demo-app.online/daftar' successfully

2023-04-03 05:44:39 - [TEST_STEP][PASSED] - setText(findTestObject("Object Repository/Web/Register/Reg_InputText_Nama"), "Rizki Khaerul Fajri"): Text 'Rizki Khaerul Fajri' is set on object 'Object Repository/Web/Register/Reg_InputText_Nama'

2023-04-03 05:44:40 - [MESSAGE][PASSED] - Text 'Rizki Khaerul Fajri' is set on object 'Object Repository/Web/Register/Reg_InputText_Nama'

2023-04-03 05:44:40 - [TEST_STEP][PASSED] - setText(findTestObject("Object Repository/Web/Register/Reg_InputText_BirthDay"), "18-Feb-1997"): Text '18-Feb-1997' is set on object 'Object Repository/Web/Register/Reg_InputText_BirthDay'

2023-04-03 05:44:41 - [MESSAGE][PASSED] - Text '18-Feb-1997' is set on object 'Object Repository/Web/Register/Reg_InputText_BirthDay'

2023-04-03 05:44:41 - [TEST_STEP][PASSED] - setText(findTestObject("Object Repository/Web/Register/Reg_InputText_Email"), email): Text 'Test@gmail.com' is set on object 'Object Repository/Web/Register/Reg_InputText_Email'

2023-04-03 05:44:42 - [MESSAGE][PASSED] - Text 'Test@gmail.com' is set on object 'Object Repository/Web/Register/Reg_InputText_Email'

2023-04-03 05:44:42 - [TEST_STEP][PASSED] - setText(findTestObject("Object Repository/Web/Register/Reg_InputText_Whatsapp"), "081324387267"): Text '081324387267' is set on object 'Object Repository/Web/Register/Reg_InputText_Whatsapp'

2023-04-03 05:44:43 - [MESSAGE][PASSED] - Text '081324387267' is set on object 'Object Repository/Web/Register/Reg_InputText_Whatsapp'

2023-04-03 05:44:43 - [TEST_STEP][PASSED] - setText(findTestObject("Object Repository/Web/Register/Reg_InputText_KataSandi"), "testingtesting"): Text 'testingtesting' is set on object 'Object Repository/Web/Register/Reg_InputText_KataSandi'

2023-04-03 05:44:43 - [MESSAGE][PASSED] - Text 'testingtesting' is set on object 'Object Repository/Web/Register/Reg_InputText_KataSandi'

2023-04-03 05:44:43 - [TEST_STEP][PASSED] - setText(findTestObject("Object Repository/Web/Register/Reg_InputText_KonfirmasiKataSandi"), "testingtesting"): Text 'testingtesting' is set on object 'Object Repository/Web/Register/Reg_InputText_KonfirmasiKataSandi'

2023-04-03 05:44:44 - [MESSAGE][PASSED] - Text 'testingtesting' is set on object 'Object Repository/Web/Register/Reg_InputText_KonfirmasiKataSandi'

2023-04-03 05:44:44 - [TEST_STEP][PASSED] - check(findTestObject("Object Repository/Web/Register/Reg_Checkbox_SyaratDanKetentuan")): Object 'Object Repository/Web/Register/Reg_Checkbox_SyaratDanKetentuan' is checked

2023-04-03 05:44:45 - [MESSAGE][PASSED] - Object 'Object Repository/Web/Register/Reg_Checkbox_SyaratDanKetentuan' is checked

2023-04-03 05:44:45 - [TEST_STEP][PASSED] - click(findTestObject("Object Repository/Web/Register/Reg_Button_Daftar")): Object: 'Object Repository/Web/Register/Reg_Button_Daftar' is clicked on

2023-04-03 05:44:47 - [MESSAGE][PASSED] - Object: 'Object Repository/Web/Register/Reg_Button_Daftar' is clicked on

2023-04-03 05:44:47 - [TEST_STEP][PASSED] - delay(5): Delayed 5 second(s)

2023-04-03 05:44:52 - [MESSAGE][PASSED] - Delayed 5 second(s)

2023-04-03 05:44:52 - [TEST_STEP][PASSED] - if (getUrl() == "https://demo-app.online/daftar"): Current window's url is: 'https://demo-app.online/email/verify'

2023-04-03 05:44:52 - [MESSAGE][PASSED] - Current window's url is: 'https://demo-app.online/email/verify'

2023-04-03 05:44:52 - [TEST_STEP][PASSED] - delay(5): Delayed 5 second(s)

2023-04-03 05:44:57 - [MESSAGE][PASSED] - Delayed 5 second(s)

2023-04-03 05:44:57 - [TEST_STEP][PASSED] - assert getUrl() == "https://demo-app.online/email/verify": Current window's url is: 'https://demo-app.online/email/verify'

2023-04-03 05:44:57 - [MESSAGE][PASSED] - Current window's url is: 'https://demo-app.online/email/verify'

2023-04-03 05:44:57 - [TEST_STEP][PASSED] - email = testData.getValue("E-mail", i): null

2023-04-03 05:44:57 - [TEST_STEP][PASSED] - navigateToUrl("https://demo-app.online/daftar"): Navigate to 'https://demo-app.online/daftar' successfully

2023-04-03 05:44:57 - [MESSAGE][PASSED] - Navigate to 'https://demo-app.online/daftar' successfully

2023-04-03 05:44:57 - [TEST_STEP][PASSED] - setText(findTestObject("Object Repository/Web/Register/Reg_InputText_Nama"), "Rizki Khaerul Fajri"): Text 'Rizki Khaerul Fajri' is set on object 'Object Repository/Web/Register/Reg_InputText_Nama'

2023-04-03 05:44:58 - [MESSAGE][PASSED] - Text 'Rizki Khaerul Fajri' is set on object 'Object Repository/Web/Register/Reg_InputText_Nama'

2023-04-03 05:44:58 - [TEST_STEP][PASSED] - setText(findTestObject("Object Repository/Web/Register/Reg_InputText_BirthDay"), "18-Feb-1997"): Text '18-Feb-1997' is set on object 'Object Repository/Web/Register/Reg_InputText_BirthDay'

2023-04-03 05:44:59 - [MESSAGE][PASSED] - Text '18-Feb-1997' is set on object 'Object Repository/Web/Register/Reg_InputText_BirthDay'

2023-04-03 05:44:59 - [TEST_STEP][PASSED] - setText(findTestObject("Object Repository/Web/Register/Reg_InputText_Email"), email): Text 'Test@8.8.8.8' is set on object 'Object Repository/Web/Register/Reg_InputText_Email'

2023-04-03 05:45:00 - [MESSAGE][PASSED] - Text 'Test@8.8.8.8' is set on object 'Object Repository/Web/Register/Reg_InputText_Email'

2023-04-03 05:45:00 - [TEST_STEP][PASSED] - setText(findTestObject("Object Repository/Web/Register/Reg_InputText_Whatsapp"), "081324387267"): Text '081324387267' is set on object 'Object Repository/Web/Register/Reg_InputText_Whatsapp'

2023-04-03 05:45:01 - [MESSAGE][PASSED] - Text '081324387267' is set on object 'Object Repository/Web/Register/Reg_InputText_Whatsapp'

2023-04-03 05:45:01 - [TEST_STEP][PASSED] - setText(findTestObject("Object Repository/Web/Register/Reg_InputText_KataSandi"), "testingtesting"): Text 'testingtesting' is set on object 'Object Repository/Web/Register/Reg_InputText_KataSandi'

2023-04-03 05:45:01 - [MESSAGE][PASSED] - Text 'testingtesting' is set on object 'Object Repository/Web/Register/Reg_InputText_KataSandi'

2023-04-03 05:45:01 - [TEST_STEP][PASSED] - setText(findTestObject("Object Repository/Web/Register/Reg_InputText_KonfirmasiKataSandi"), "testingtesting"): Text 'testingtesting' is set on object 'Object Repository/Web/Register/Reg_InputText_KonfirmasiKataSandi'

2023-04-03 05:45:02 - [MESSAGE][PASSED] - Text 'testingtesting' is set on object 'Object Repository/Web/Register/Reg_InputText_KonfirmasiKataSandi'

2023-04-03 05:45:02 - [TEST_STEP][PASSED] - check(findTestObject("Object Repository/Web/Register/Reg_Checkbox_SyaratDanKetentuan")): Object 'Object Repository/Web/Register/Reg_Checkbox_SyaratDanKetentuan' is checked

2023-04-03 05:45:03 - [MESSAGE][PASSED] - Object 'Object Repository/Web/Register/Reg_Checkbox_SyaratDanKetentuan' is checked

2023-04-03 05:45:03 - [TEST_STEP][PASSED] - click(findTestObject("Object Repository/Web/Register/Reg_Button_Daftar")): Object: 'Object Repository/Web/Register/Reg_Button_Daftar' is clicked on

2023-04-03 05:45:05 - [MESSAGE][PASSED] - Object: 'Object Repository/Web/Register/Reg_Button_Daftar' is clicked on

2023-04-03 05:45:05 - [TEST_STEP][PASSED] - delay(5): Delayed 5 second(s)

2023-04-03 05:45:10 - [MESSAGE][PASSED] - Delayed 5 second(s)

2023-04-03 05:45:10 - [TEST_STEP][PASSED] - if (getUrl() == "https://demo-app.online/daftar"): Current window's url is: 'https://demo-app.online/email/verify'

2023-04-03 05:45:10 - [MESSAGE][PASSED] - Current window's url is: 'https://demo-app.online/email/verify'

2023-04-03 05:45:10 - [TEST_STEP][PASSED] - delay(5): Delayed 5 second(s)

2023-04-03 05:45:15 - [MESSAGE][PASSED] - Delayed 5 second(s)

2023-04-03 05:45:15 - [TEST_STEP][PASSED] - assert getUrl() == "https://demo-app.online/email/verify": Current window's url is: 'https://demo-app.online/email/verify'

2023-04-03 05:45:15 - [MESSAGE][PASSED] - Current window's url is: 'https://demo-app.online/email/verify']]></system-out>
         <system-err><![CDATA[]]></system-err>
      </testcase>
      <testcase name="Test Cases/Web/REG/REG-25" time="10.374" classname="Test Cases/Web/REG/REG-25" status="FAILED">
         <failure type="FAILED" message="Test Cases/Web/REG/REG-25 FAILED.
Reason:
com.kms.katalon.core.exception.StepFailedException: Unable to verify match between actual text 'https://demo-app.online/email/verify' and expected text 'https://demo-app.online/daftar' (Root cause: com.kms.katalon.core.exception.StepFailedException: Actual text 'https://demo-app.online/email/verify' and expected text 'https://demo-app.online/daftar' are not matched
	at com.kms.katalon.core.keyword.builtin.VerifyMatchKeyword$_verifyMatch_closure1.doCall(VerifyMatchKeyword.groovy:57)
	at com.kms.katalon.core.keyword.builtin.VerifyMatchKeyword$_verifyMatch_closure1.call(VerifyMatchKeyword.groovy)
	at com.kms.katalon.core.keyword.internal.KeywordMain.runKeyword(KeywordMain.groovy:74)
	at com.kms.katalon.core.keyword.builtin.VerifyMatchKeyword.verifyMatch(VerifyMatchKeyword.groovy:60)
	at com.kms.katalon.core.keyword.builtin.VerifyMatchKeyword.execute(VerifyMatchKeyword.groovy:45)
	at com.kms.katalon.core.keyword.internal.KeywordExecutor.executeKeywordForPlatform(KeywordExecutor.groovy:74)
	at com.kms.katalon.core.keyword.BuiltinKeywords.verifyMatch(BuiltinKeywords.groovy:55)
	at REG-25.run(REG-25:44)
	at com.kms.katalon.core.main.ScriptEngine.run(ScriptEngine.java:194)
	at com.kms.katalon.core.main.ScriptEngine.runScriptAsRawText(ScriptEngine.java:119)
	at com.kms.katalon.core.main.TestCaseExecutor.runScript(TestCaseExecutor.java:448)
	at com.kms.katalon.core.main.TestCaseExecutor.doExecute(TestCaseExecutor.java:439)
	at com.kms.katalon.core.main.TestCaseExecutor.processExecutionPhase(TestCaseExecutor.java:418)
	at com.kms.katalon.core.main.TestCaseExecutor.accessMainPhase(TestCaseExecutor.java:410)
	at com.kms.katalon.core.main.TestCaseExecutor.execute(TestCaseExecutor.java:285)
	at com.kms.katalon.core.common.CommonExecutor.accessTestCaseMainPhase(CommonExecutor.java:65)
	at com.kms.katalon.core.main.TestSuiteExecutor.accessTestSuiteMainPhase(TestSuiteExecutor.java:151)
	at com.kms.katalon.core.main.TestSuiteExecutor.execute(TestSuiteExecutor.java:106)
	at com.kms.katalon.core.main.TestCaseMain.startTestSuite(TestCaseMain.java:185)
	at com.kms.katalon.core.main.TestCaseMain$startTestSuite$0.call(Unknown Source)
	at TempTestSuite1680475136875.run(TempTestSuite1680475136875.groovy:36)
)
	at com.kms.katalon.core.keyword.internal.KeywordMain.stepFailed(KeywordMain.groovy:39)
	at com.kms.katalon.core.keyword.internal.KeywordMain.stepFailed(KeywordMain.groovy)
	at com.kms.katalon.core.keyword.internal.KeywordMain.runKeyword(KeywordMain.groovy:76)
	at com.kms.katalon.core.keyword.builtin.VerifyMatchKeyword.verifyMatch(VerifyMatchKeyword.groovy:60)
	at com.kms.katalon.core.keyword.builtin.VerifyMatchKeyword.execute(VerifyMatchKeyword.groovy:45)
	at com.kms.katalon.core.keyword.internal.KeywordExecutor.executeKeywordForPlatform(KeywordExecutor.groovy:74)
	at com.kms.katalon.core.keyword.BuiltinKeywords.verifyMatch(BuiltinKeywords.groovy:55)
	at REG-25.run(REG-25:44)
	at com.kms.katalon.core.main.ScriptEngine.run(ScriptEngine.java:194)
	at com.kms.katalon.core.main.ScriptEngine.runScriptAsRawText(ScriptEngine.java:119)
	at com.kms.katalon.core.main.TestCaseExecutor.runScript(TestCaseExecutor.java:448)
	at com.kms.katalon.core.main.TestCaseExecutor.doExecute(TestCaseExecutor.java:439)
	at com.kms.katalon.core.main.TestCaseExecutor.processExecutionPhase(TestCaseExecutor.java:418)
	at com.kms.katalon.core.main.TestCaseExecutor.accessMainPhase(TestCaseExecutor.java:410)
	at com.kms.katalon.core.main.TestCaseExecutor.execute(TestCaseExecutor.java:285)
	at com.kms.katalon.core.common.CommonExecutor.accessTestCaseMainPhase(CommonExecutor.java:65)
	at com.kms.katalon.core.main.TestSuiteExecutor.accessTestSuiteMainPhase(TestSuiteExecutor.java:151)
	at com.kms.katalon.core.main.TestSuiteExecutor.execute(TestSuiteExecutor.java:106)
	at com.kms.katalon.core.main.TestCaseMain.startTestSuite(TestCaseMain.java:185)
	at com.kms.katalon.core.main.TestCaseMain$startTestSuite$0.call(Unknown Source)
	at TempTestSuite1680475136875.run(TempTestSuite1680475136875.groovy:36)
Caused by: com.kms.katalon.core.exception.StepFailedException: Actual text 'https://demo-app.online/email/verify' and expected text 'https://demo-app.online/daftar' are not matched
	at com.kms.katalon.core.keyword.builtin.VerifyMatchKeyword$_verifyMatch_closure1.doCall(VerifyMatchKeyword.groovy:57)
	at com.kms.katalon.core.keyword.builtin.VerifyMatchKeyword$_verifyMatch_closure1.call(VerifyMatchKeyword.groovy)
	at com.kms.katalon.core.keyword.internal.KeywordMain.runKeyword(KeywordMain.groovy:74)
	... 18 more
"/>
         <system-out><![CDATA[2023-04-03 05:45:15 - [TEST_CASE][FAILED] - Test Cases/Web/REG/REG-25: Test Cases/Web/REG/REG-25 FAILED.
Reason:
com.kms.katalon.core.exception.StepFailedException: Unable to verify match between actual text 'https://demo-app.online/email/verify' and expected text 'https://demo-app.online/daftar' (Root cause: com.kms.katalon.core.exception.StepFailedException: Actual text 'https://demo-app.online/email/verify' and expected text 'https://demo-app.online/daftar' are not matched
	at com.kms.katalon.core.keyword.builtin.VerifyMatchKeyword$_verifyMatch_closure1.doCall(VerifyMatchKeyword.groovy:57)
	at com.kms.katalon.core.keyword.builtin.VerifyMatchKeyword$_verifyMatch_closure1.call(VerifyMatchKeyword.groovy)
	at com.kms.katalon.core.keyword.internal.KeywordMain.runKeyword(KeywordMain.groovy:74)
	at com.kms.katalon.core.keyword.builtin.VerifyMatchKeyword.verifyMatch(VerifyMatchKeyword.groovy:60)
	at com.kms.katalon.core.keyword.builtin.VerifyMatchKeyword.execute(VerifyMatchKeyword.groovy:45)
	at com.kms.katalon.core.keyword.internal.KeywordExecutor.executeKeywordForPlatform(KeywordExecutor.groovy:74)
	at com.kms.katalon.core.keyword.BuiltinKeywords.verifyMatch(BuiltinKeywords.groovy:55)
	at REG-25.run(REG-25:44)
	at com.kms.katalon.core.main.ScriptEngine.run(ScriptEngine.java:194)
	at com.kms.katalon.core.main.ScriptEngine.runScriptAsRawText(ScriptEngine.java:119)
	at com.kms.katalon.core.main.TestCaseExecutor.runScript(TestCaseExecutor.java:448)
	at com.kms.katalon.core.main.TestCaseExecutor.doExecute(TestCaseExecutor.java:439)
	at com.kms.katalon.core.main.TestCaseExecutor.processExecutionPhase(TestCaseExecutor.java:418)
	at com.kms.katalon.core.main.TestCaseExecutor.accessMainPhase(TestCaseExecutor.java:410)
	at com.kms.katalon.core.main.TestCaseExecutor.execute(TestCaseExecutor.java:285)
	at com.kms.katalon.core.common.CommonExecutor.accessTestCaseMainPhase(CommonExecutor.java:65)
	at com.kms.katalon.core.main.TestSuiteExecutor.accessTestSuiteMainPhase(TestSuiteExecutor.java:151)
	at com.kms.katalon.core.main.TestSuiteExecutor.execute(TestSuiteExecutor.java:106)
	at com.kms.katalon.core.main.TestCaseMain.startTestSuite(TestCaseMain.java:185)
	at com.kms.katalon.core.main.TestCaseMain$startTestSuite$0.call(Unknown Source)
	at TempTestSuite1680475136875.run(TempTestSuite1680475136875.groovy:36)
)
	at com.kms.katalon.core.keyword.internal.KeywordMain.stepFailed(KeywordMain.groovy:39)
	at com.kms.katalon.core.keyword.internal.KeywordMain.stepFailed(KeywordMain.groovy)
	at com.kms.katalon.core.keyword.internal.KeywordMain.runKeyword(KeywordMain.groovy:76)
	at com.kms.katalon.core.keyword.builtin.VerifyMatchKeyword.verifyMatch(VerifyMatchKeyword.groovy:60)
	at com.kms.katalon.core.keyword.builtin.VerifyMatchKeyword.execute(VerifyMatchKeyword.groovy:45)
	at com.kms.katalon.core.keyword.internal.KeywordExecutor.executeKeywordForPlatform(KeywordExecutor.groovy:74)
	at com.kms.katalon.core.keyword.BuiltinKeywords.verifyMatch(BuiltinKeywords.groovy:55)
	at REG-25.run(REG-25:44)
	at com.kms.katalon.core.main.ScriptEngine.run(ScriptEngine.java:194)
	at com.kms.katalon.core.main.ScriptEngine.runScriptAsRawText(ScriptEngine.java:119)
	at com.kms.katalon.core.main.TestCaseExecutor.runScript(TestCaseExecutor.java:448)
	at com.kms.katalon.core.main.TestCaseExecutor.doExecute(TestCaseExecutor.java:439)
	at com.kms.katalon.core.main.TestCaseExecutor.processExecutionPhase(TestCaseExecutor.java:418)
	at com.kms.katalon.core.main.TestCaseExecutor.accessMainPhase(TestCaseExecutor.java:410)
	at com.kms.katalon.core.main.TestCaseExecutor.execute(TestCaseExecutor.java:285)
	at com.kms.katalon.core.common.CommonExecutor.accessTestCaseMainPhase(CommonExecutor.java:65)
	at com.kms.katalon.core.main.TestSuiteExecutor.accessTestSuiteMainPhase(TestSuiteExecutor.java:151)
	at com.kms.katalon.core.main.TestSuiteExecutor.execute(TestSuiteExecutor.java:106)
	at com.kms.katalon.core.main.TestCaseMain.startTestSuite(TestCaseMain.java:185)
	at com.kms.katalon.core.main.TestCaseMain$startTestSuite$0.call(Unknown Source)
	at TempTestSuite1680475136875.run(TempTestSuite1680475136875.groovy:36)
Caused by: com.kms.katalon.core.exception.StepFailedException: Actual text 'https://demo-app.online/email/verify' and expected text 'https://demo-app.online/daftar' are not matched
	at com.kms.katalon.core.keyword.builtin.VerifyMatchKeyword$_verifyMatch_closure1.doCall(VerifyMatchKeyword.groovy:57)
	at com.kms.katalon.core.keyword.builtin.VerifyMatchKeyword$_verifyMatch_closure1.call(VerifyMatchKeyword.groovy)
	at com.kms.katalon.core.keyword.internal.KeywordMain.runKeyword(KeywordMain.groovy:74)
	... 18 more


2023-04-03 05:45:16 - [TEST_STEP][PASSED] - openBrowser(""): Browser is opened with url: ''

2023-04-03 05:45:16 - [MESSAGE][WARNING] - A browser is already opened. Closing browser and opening a new one

2023-04-03 05:45:16 - [MESSAGE][INFO] - Starting 'Chrome' driver

2023-04-03 05:45:16 - [MESSAGE][INFO] - Action delay is set to 0 milliseconds

2023-04-03 05:45:17 - [MESSAGE][PASSED] - Browser is opened with url: ''

2023-04-03 05:45:17 - [TEST_STEP][PASSED] - navigateToUrl("https://demo-app.online/daftar"): Navigate to 'https://demo-app.online/daftar' successfully

2023-04-03 05:45:19 - [MESSAGE][PASSED] - Navigate to 'https://demo-app.online/daftar' successfully

2023-04-03 05:45:19 - [TEST_STEP][PASSED] - setText(findTestObject("Object Repository/Web/Register/Reg_InputText_Nama"), "Rizki Khaerul Fajri"): Text 'Rizki Khaerul Fajri' is set on object 'Object Repository/Web/Register/Reg_InputText_Nama'

2023-04-03 05:45:20 - [MESSAGE][PASSED] - Text 'Rizki Khaerul Fajri' is set on object 'Object Repository/Web/Register/Reg_InputText_Nama'

2023-04-03 05:45:20 - [TEST_STEP][PASSED] - setText(findTestObject("Object Repository/Web/Register/Reg_InputText_BirthDay"), "18-Feb-1997"): Text '18-Feb-1997' is set on object 'Object Repository/Web/Register/Reg_InputText_BirthDay'

2023-04-03 05:45:21 - [MESSAGE][PASSED] - Text '18-Feb-1997' is set on object 'Object Repository/Web/Register/Reg_InputText_BirthDay'

2023-04-03 05:45:21 - [TEST_STEP][PASSED] - setText(findTestObject("Object Repository/Web/Register/Reg_InputText_Email"), ""): Text '' is set on object 'Object Repository/Web/Register/Reg_InputText_Email'

2023-04-03 05:45:22 - [MESSAGE][PASSED] - Text '' is set on object 'Object Repository/Web/Register/Reg_InputText_Email'

2023-04-03 05:45:22 - [TEST_STEP][PASSED] - setText(findTestObject("Object Repository/Web/Register/Reg_InputText_Whatsapp"), "081324387267"): Text '081324387267' is set on object 'Object Repository/Web/Register/Reg_InputText_Whatsapp'

2023-04-03 05:45:22 - [MESSAGE][PASSED] - Text '081324387267' is set on object 'Object Repository/Web/Register/Reg_InputText_Whatsapp'

2023-04-03 05:45:22 - [TEST_STEP][PASSED] - setText(findTestObject("Object Repository/Web/Register/Reg_InputText_KataSandi"), "testingtesting"): Text 'testingtesting' is set on object 'Object Repository/Web/Register/Reg_InputText_KataSandi'

2023-04-03 05:45:23 - [MESSAGE][PASSED] - Text 'testingtesting' is set on object 'Object Repository/Web/Register/Reg_InputText_KataSandi'

2023-04-03 05:45:23 - [TEST_STEP][PASSED] - setText(findTestObject("Object Repository/Web/Register/Reg_InputText_KonfirmasiKataSandi"), "testingtesting"): Text 'testingtesting' is set on object 'Object Repository/Web/Register/Reg_InputText_KonfirmasiKataSandi'

2023-04-03 05:45:24 - [MESSAGE][PASSED] - Text 'testingtesting' is set on object 'Object Repository/Web/Register/Reg_InputText_KonfirmasiKataSandi'

2023-04-03 05:45:24 - [TEST_STEP][PASSED] - check(findTestObject("Object Repository/Web/Register/Reg_Checkbox_SyaratDanKetentuan")): Object 'Object Repository/Web/Register/Reg_Checkbox_SyaratDanKetentuan' is checked

2023-04-03 05:45:24 - [MESSAGE][PASSED] - Object 'Object Repository/Web/Register/Reg_Checkbox_SyaratDanKetentuan' is checked

2023-04-03 05:45:24 - [TEST_STEP][PASSED] - click(findTestObject("Object Repository/Web/Register/Reg_Button_Daftar")): Object: 'Object Repository/Web/Register/Reg_Button_Daftar' is clicked on

2023-04-03 05:45:25 - [MESSAGE][PASSED] - Object: 'Object Repository/Web/Register/Reg_Button_Daftar' is clicked on

2023-04-03 05:45:25 - [TEST_STEP][PASSED] - delay(1): Delayed 1 second(s)

2023-04-03 05:45:26 - [MESSAGE][PASSED] - Delayed 1 second(s)

2023-04-03 05:45:26 - [TEST_STEP][FAILED] - verifyMatch("https://demo-app.online/email/verify", getUrl(), false, CONTINUE_ON_FAILURE): Unable to verify match between actual text 'https://demo-app.online/email/verify' and expected text 'https://demo-app.online/daftar' (Root cause: com.kms.katalon.core.exception.StepFailedException: Actual text 'https://demo-app.online/email/verify' and expected text 'https://demo-app.online/daftar' are not matched
	at com.kms.katalon.core.keyword.builtin.VerifyMatchKeyword$_verifyMatch_closure1.doCall(VerifyMatchKeyword.groovy:57)
	at com.kms.katalon.core.keyword.builtin.VerifyMatchKeyword$_verifyMatch_closure1.call(VerifyMatchKeyword.groovy)
	at com.kms.katalon.core.keyword.internal.KeywordMain.runKeyword(KeywordMain.groovy:74)
	at com.kms.katalon.core.keyword.builtin.VerifyMatchKeyword.verifyMatch(VerifyMatchKeyword.groovy:60)
	at com.kms.katalon.core.keyword.builtin.VerifyMatchKeyword.execute(VerifyMatchKeyword.groovy:45)
	at com.kms.katalon.core.keyword.internal.KeywordExecutor.executeKeywordForPlatform(KeywordExecutor.groovy:74)
	at com.kms.katalon.core.keyword.BuiltinKeywords.verifyMatch(BuiltinKeywords.groovy:55)
	at REG-25.run(REG-25:44)
	at com.kms.katalon.core.main.ScriptEngine.run(ScriptEngine.java:194)
	at com.kms.katalon.core.main.ScriptEngine.runScriptAsRawText(ScriptEngine.java:119)
	at com.kms.katalon.core.main.TestCaseExecutor.runScript(TestCaseExecutor.java:448)
	at com.kms.katalon.core.main.TestCaseExecutor.doExecute(TestCaseExecutor.java:439)
	at com.kms.katalon.core.main.TestCaseExecutor.processExecutionPhase(TestCaseExecutor.java:418)
	at com.kms.katalon.core.main.TestCaseExecutor.accessMainPhase(TestCaseExecutor.java:410)
	at com.kms.katalon.core.main.TestCaseExecutor.execute(TestCaseExecutor.java:285)
	at com.kms.katalon.core.common.CommonExecutor.accessTestCaseMainPhase(CommonExecutor.java:65)
	at com.kms.katalon.core.main.TestSuiteExecutor.accessTestSuiteMainPhase(TestSuiteExecutor.java:151)
	at com.kms.katalon.core.main.TestSuiteExecutor.execute(TestSuiteExecutor.java:106)
	at com.kms.katalon.core.main.TestCaseMain.startTestSuite(TestCaseMain.java:185)
	at com.kms.katalon.core.main.TestCaseMain$startTestSuite$0.call(Unknown Source)
	at TempTestSuite1680475136875.run(TempTestSuite1680475136875.groovy:36)
)

2023-04-03 05:45:26 - [MESSAGE][PASSED] - Current window's url is: 'https://demo-app.online/daftar'

2023-04-03 05:45:26 - [MESSAGE][FAILED] - Unable to verify match between actual text 'https://demo-app.online/email/verify' and expected text 'https://demo-app.online/daftar' (Root cause: com.kms.katalon.core.exception.StepFailedException: Actual text 'https://demo-app.online/email/verify' and expected text 'https://demo-app.online/daftar' are not matched
	at com.kms.katalon.core.keyword.builtin.VerifyMatchKeyword$_verifyMatch_closure1.doCall(VerifyMatchKeyword.groovy:57)
	at com.kms.katalon.core.keyword.builtin.VerifyMatchKeyword$_verifyMatch_closure1.call(VerifyMatchKeyword.groovy)
	at com.kms.katalon.core.keyword.internal.KeywordMain.runKeyword(KeywordMain.groovy:74)
	at com.kms.katalon.core.keyword.builtin.VerifyMatchKeyword.verifyMatch(VerifyMatchKeyword.groovy:60)
	at com.kms.katalon.core.keyword.builtin.VerifyMatchKeyword.execute(VerifyMatchKeyword.groovy:45)
	at com.kms.katalon.core.keyword.internal.KeywordExecutor.executeKeywordForPlatform(KeywordExecutor.groovy:74)
	at com.kms.katalon.core.keyword.BuiltinKeywords.verifyMatch(BuiltinKeywords.groovy:55)
	at REG-25.run(REG-25:44)
	at com.kms.katalon.core.main.ScriptEngine.run(ScriptEngine.java:194)
	at com.kms.katalon.core.main.ScriptEngine.runScriptAsRawText(ScriptEngine.java:119)
	at com.kms.katalon.core.main.TestCaseExecutor.runScript(TestCaseExecutor.java:448)
	at com.kms.katalon.core.main.TestCaseExecutor.doExecute(TestCaseExecutor.java:439)
	at com.kms.katalon.core.main.TestCaseExecutor.processExecutionPhase(TestCaseExecutor.java:418)
	at com.kms.katalon.core.main.TestCaseExecutor.accessMainPhase(TestCaseExecutor.java:410)
	at com.kms.katalon.core.main.TestCaseExecutor.execute(TestCaseExecutor.java:285)
	at com.kms.katalon.core.common.CommonExecutor.accessTestCaseMainPhase(CommonExecutor.java:65)
	at com.kms.katalon.core.main.TestSuiteExecutor.accessTestSuiteMainPhase(TestSuiteExecutor.java:151)
	at com.kms.katalon.core.main.TestSuiteExecutor.execute(TestSuiteExecutor.java:106)
	at com.kms.katalon.core.main.TestCaseMain.startTestSuite(TestCaseMain.java:185)
	at com.kms.katalon.core.main.TestCaseMain$startTestSuite$0.call(Unknown Source)
	at TempTestSuite1680475136875.run(TempTestSuite1680475136875.groovy:36)
)

2023-04-03 05:45:26 - [TEST_STEP][PASSED] - println("After verification"): null

2023-04-03 05:45:26 - [TEST_STEP][PASSED] - isValid = executeJavaScript("document.getElementById("name").reportValidity();", null): Execute JavaScript 'document.getElementById("name").reportValidity();' successfully

2023-04-03 05:45:26 - [MESSAGE][PASSED] - Execute JavaScript 'document.getElementById("name").reportValidity();' successfully

2023-04-03 05:45:26 - [TEST_STEP][PASSED] - assert !(isValid) : "Validation error should be displayed": null]]></system-out>
         <system-err><![CDATA[2023-04-03 05:45:15 - [TEST_CASE][FAILED] - Test Cases/Web/REG/REG-25: Test Cases/Web/REG/REG-25 FAILED.
Reason:
com.kms.katalon.core.exception.StepFailedException: Unable to verify match between actual text 'https://demo-app.online/email/verify' and expected text 'https://demo-app.online/daftar' (Root cause: com.kms.katalon.core.exception.StepFailedException: Actual text 'https://demo-app.online/email/verify' and expected text 'https://demo-app.online/daftar' are not matched
	at com.kms.katalon.core.keyword.builtin.VerifyMatchKeyword$_verifyMatch_closure1.doCall(VerifyMatchKeyword.groovy:57)
	at com.kms.katalon.core.keyword.builtin.VerifyMatchKeyword$_verifyMatch_closure1.call(VerifyMatchKeyword.groovy)
	at com.kms.katalon.core.keyword.internal.KeywordMain.runKeyword(KeywordMain.groovy:74)
	at com.kms.katalon.core.keyword.builtin.VerifyMatchKeyword.verifyMatch(VerifyMatchKeyword.groovy:60)
	at com.kms.katalon.core.keyword.builtin.VerifyMatchKeyword.execute(VerifyMatchKeyword.groovy:45)
	at com.kms.katalon.core.keyword.internal.KeywordExecutor.executeKeywordForPlatform(KeywordExecutor.groovy:74)
	at com.kms.katalon.core.keyword.BuiltinKeywords.verifyMatch(BuiltinKeywords.groovy:55)
	at REG-25.run(REG-25:44)
	at com.kms.katalon.core.main.ScriptEngine.run(ScriptEngine.java:194)
	at com.kms.katalon.core.main.ScriptEngine.runScriptAsRawText(ScriptEngine.java:119)
	at com.kms.katalon.core.main.TestCaseExecutor.runScript(TestCaseExecutor.java:448)
	at com.kms.katalon.core.main.TestCaseExecutor.doExecute(TestCaseExecutor.java:439)
	at com.kms.katalon.core.main.TestCaseExecutor.processExecutionPhase(TestCaseExecutor.java:418)
	at com.kms.katalon.core.main.TestCaseExecutor.accessMainPhase(TestCaseExecutor.java:410)
	at com.kms.katalon.core.main.TestCaseExecutor.execute(TestCaseExecutor.java:285)
	at com.kms.katalon.core.common.CommonExecutor.accessTestCaseMainPhase(CommonExecutor.java:65)
	at com.kms.katalon.core.main.TestSuiteExecutor.accessTestSuiteMainPhase(TestSuiteExecutor.java:151)
	at com.kms.katalon.core.main.TestSuiteExecutor.execute(TestSuiteExecutor.java:106)
	at com.kms.katalon.core.main.TestCaseMain.startTestSuite(TestCaseMain.java:185)
	at com.kms.katalon.core.main.TestCaseMain$startTestSuite$0.call(Unknown Source)
	at TempTestSuite1680475136875.run(TempTestSuite1680475136875.groovy:36)
)
	at com.kms.katalon.core.keyword.internal.KeywordMain.stepFailed(KeywordMain.groovy:39)
	at com.kms.katalon.core.keyword.internal.KeywordMain.stepFailed(KeywordMain.groovy)
	at com.kms.katalon.core.keyword.internal.KeywordMain.runKeyword(KeywordMain.groovy:76)
	at com.kms.katalon.core.keyword.builtin.VerifyMatchKeyword.verifyMatch(VerifyMatchKeyword.groovy:60)
	at com.kms.katalon.core.keyword.builtin.VerifyMatchKeyword.execute(VerifyMatchKeyword.groovy:45)
	at com.kms.katalon.core.keyword.internal.KeywordExecutor.executeKeywordForPlatform(KeywordExecutor.groovy:74)
	at com.kms.katalon.core.keyword.BuiltinKeywords.verifyMatch(BuiltinKeywords.groovy:55)
	at REG-25.run(REG-25:44)
	at com.kms.katalon.core.main.ScriptEngine.run(ScriptEngine.java:194)
	at com.kms.katalon.core.main.ScriptEngine.runScriptAsRawText(ScriptEngine.java:119)
	at com.kms.katalon.core.main.TestCaseExecutor.runScript(TestCaseExecutor.java:448)
	at com.kms.katalon.core.main.TestCaseExecutor.doExecute(TestCaseExecutor.java:439)
	at com.kms.katalon.core.main.TestCaseExecutor.processExecutionPhase(TestCaseExecutor.java:418)
	at com.kms.katalon.core.main.TestCaseExecutor.accessMainPhase(TestCaseExecutor.java:410)
	at com.kms.katalon.core.main.TestCaseExecutor.execute(TestCaseExecutor.java:285)
	at com.kms.katalon.core.common.CommonExecutor.accessTestCaseMainPhase(CommonExecutor.java:65)
	at com.kms.katalon.core.main.TestSuiteExecutor.accessTestSuiteMainPhase(TestSuiteExecutor.java:151)
	at com.kms.katalon.core.main.TestSuiteExecutor.execute(TestSuiteExecutor.java:106)
	at com.kms.katalon.core.main.TestCaseMain.startTestSuite(TestCaseMain.java:185)
	at com.kms.katalon.core.main.TestCaseMain$startTestSuite$0.call(Unknown Source)
	at TempTestSuite1680475136875.run(TempTestSuite1680475136875.groovy:36)
Caused by: com.kms.katalon.core.exception.StepFailedException: Actual text 'https://demo-app.online/email/verify' and expected text 'https://demo-app.online/daftar' are not matched
	at com.kms.katalon.core.keyword.builtin.VerifyMatchKeyword$_verifyMatch_closure1.doCall(VerifyMatchKeyword.groovy:57)
	at com.kms.katalon.core.keyword.builtin.VerifyMatchKeyword$_verifyMatch_closure1.call(VerifyMatchKeyword.groovy)
	at com.kms.katalon.core.keyword.internal.KeywordMain.runKeyword(KeywordMain.groovy:74)
	... 18 more]]></system-err>
      </testcase>
      <testcase name="Test Cases/Web/REG/REG-26" time="10.337" classname="Test Cases/Web/REG/REG-26" status="FAILED">
         <failure type="FAILED" message="Test Cases/Web/REG/REG-26 FAILED.
Reason:
com.kms.katalon.core.exception.StepFailedException: Unable to verify match between actual text 'https://demo-app.online/email/verify' and expected text 'https://demo-app.online/daftar' (Root cause: com.kms.katalon.core.exception.StepFailedException: Actual text 'https://demo-app.online/email/verify' and expected text 'https://demo-app.online/daftar' are not matched
	at com.kms.katalon.core.keyword.builtin.VerifyMatchKeyword$_verifyMatch_closure1.doCall(VerifyMatchKeyword.groovy:57)
	at com.kms.katalon.core.keyword.builtin.VerifyMatchKeyword$_verifyMatch_closure1.call(VerifyMatchKeyword.groovy)
	at com.kms.katalon.core.keyword.internal.KeywordMain.runKeyword(KeywordMain.groovy:74)
	at com.kms.katalon.core.keyword.builtin.VerifyMatchKeyword.verifyMatch(VerifyMatchKeyword.groovy:60)
	at com.kms.katalon.core.keyword.builtin.VerifyMatchKeyword.execute(VerifyMatchKeyword.groovy:45)
	at com.kms.katalon.core.keyword.internal.KeywordExecutor.executeKeywordForPlatform(KeywordExecutor.groovy:74)
	at com.kms.katalon.core.keyword.BuiltinKeywords.verifyMatch(BuiltinKeywords.groovy:55)
	at REG-26.run(REG-26:45)
	at com.kms.katalon.core.main.ScriptEngine.run(ScriptEngine.java:194)
	at com.kms.katalon.core.main.ScriptEngine.runScriptAsRawText(ScriptEngine.java:119)
	at com.kms.katalon.core.main.TestCaseExecutor.runScript(TestCaseExecutor.java:448)
	at com.kms.katalon.core.main.TestCaseExecutor.doExecute(TestCaseExecutor.java:439)
	at com.kms.katalon.core.main.TestCaseExecutor.processExecutionPhase(TestCaseExecutor.java:418)
	at com.kms.katalon.core.main.TestCaseExecutor.accessMainPhase(TestCaseExecutor.java:410)
	at com.kms.katalon.core.main.TestCaseExecutor.execute(TestCaseExecutor.java:285)
	at com.kms.katalon.core.common.CommonExecutor.accessTestCaseMainPhase(CommonExecutor.java:65)
	at com.kms.katalon.core.main.TestSuiteExecutor.accessTestSuiteMainPhase(TestSuiteExecutor.java:151)
	at com.kms.katalon.core.main.TestSuiteExecutor.execute(TestSuiteExecutor.java:106)
	at com.kms.katalon.core.main.TestCaseMain.startTestSuite(TestCaseMain.java:185)
	at com.kms.katalon.core.main.TestCaseMain$startTestSuite$0.call(Unknown Source)
	at TempTestSuite1680475136875.run(TempTestSuite1680475136875.groovy:36)
)
	at com.kms.katalon.core.keyword.internal.KeywordMain.stepFailed(KeywordMain.groovy:39)
	at com.kms.katalon.core.keyword.internal.KeywordMain.stepFailed(KeywordMain.groovy)
	at com.kms.katalon.core.keyword.internal.KeywordMain.runKeyword(KeywordMain.groovy:76)
	at com.kms.katalon.core.keyword.builtin.VerifyMatchKeyword.verifyMatch(VerifyMatchKeyword.groovy:60)
	at com.kms.katalon.core.keyword.builtin.VerifyMatchKeyword.execute(VerifyMatchKeyword.groovy:45)
	at com.kms.katalon.core.keyword.internal.KeywordExecutor.executeKeywordForPlatform(KeywordExecutor.groovy:74)
	at com.kms.katalon.core.keyword.BuiltinKeywords.verifyMatch(BuiltinKeywords.groovy:55)
	at REG-26.run(REG-26:45)
	at com.kms.katalon.core.main.ScriptEngine.run(ScriptEngine.java:194)
	at com.kms.katalon.core.main.ScriptEngine.runScriptAsRawText(ScriptEngine.java:119)
	at com.kms.katalon.core.main.TestCaseExecutor.runScript(TestCaseExecutor.java:448)
	at com.kms.katalon.core.main.TestCaseExecutor.doExecute(TestCaseExecutor.java:439)
	at com.kms.katalon.core.main.TestCaseExecutor.processExecutionPhase(TestCaseExecutor.java:418)
	at com.kms.katalon.core.main.TestCaseExecutor.accessMainPhase(TestCaseExecutor.java:410)
	at com.kms.katalon.core.main.TestCaseExecutor.execute(TestCaseExecutor.java:285)
	at com.kms.katalon.core.common.CommonExecutor.accessTestCaseMainPhase(CommonExecutor.java:65)
	at com.kms.katalon.core.main.TestSuiteExecutor.accessTestSuiteMainPhase(TestSuiteExecutor.java:151)
	at com.kms.katalon.core.main.TestSuiteExecutor.execute(TestSuiteExecutor.java:106)
	at com.kms.katalon.core.main.TestCaseMain.startTestSuite(TestCaseMain.java:185)
	at com.kms.katalon.core.main.TestCaseMain$startTestSuite$0.call(Unknown Source)
	at TempTestSuite1680475136875.run(TempTestSuite1680475136875.groovy:36)
Caused by: com.kms.katalon.core.exception.StepFailedException: Actual text 'https://demo-app.online/email/verify' and expected text 'https://demo-app.online/daftar' are not matched
	at com.kms.katalon.core.keyword.builtin.VerifyMatchKeyword$_verifyMatch_closure1.doCall(VerifyMatchKeyword.groovy:57)
	at com.kms.katalon.core.keyword.builtin.VerifyMatchKeyword$_verifyMatch_closure1.call(VerifyMatchKeyword.groovy)
	at com.kms.katalon.core.keyword.internal.KeywordMain.runKeyword(KeywordMain.groovy:74)
	... 18 more
"/>
         <system-out><![CDATA[2023-04-03 05:45:26 - [TEST_CASE][FAILED] - Test Cases/Web/REG/REG-26: Test Cases/Web/REG/REG-26 FAILED.
Reason:
com.kms.katalon.core.exception.StepFailedException: Unable to verify match between actual text 'https://demo-app.online/email/verify' and expected text 'https://demo-app.online/daftar' (Root cause: com.kms.katalon.core.exception.StepFailedException: Actual text 'https://demo-app.online/email/verify' and expected text 'https://demo-app.online/daftar' are not matched
	at com.kms.katalon.core.keyword.builtin.VerifyMatchKeyword$_verifyMatch_closure1.doCall(VerifyMatchKeyword.groovy:57)
	at com.kms.katalon.core.keyword.builtin.VerifyMatchKeyword$_verifyMatch_closure1.call(VerifyMatchKeyword.groovy)
	at com.kms.katalon.core.keyword.internal.KeywordMain.runKeyword(KeywordMain.groovy:74)
	at com.kms.katalon.core.keyword.builtin.VerifyMatchKeyword.verifyMatch(VerifyMatchKeyword.groovy:60)
	at com.kms.katalon.core.keyword.builtin.VerifyMatchKeyword.execute(VerifyMatchKeyword.groovy:45)
	at com.kms.katalon.core.keyword.internal.KeywordExecutor.executeKeywordForPlatform(KeywordExecutor.groovy:74)
	at com.kms.katalon.core.keyword.BuiltinKeywords.verifyMatch(BuiltinKeywords.groovy:55)
	at REG-26.run(REG-26:45)
	at com.kms.katalon.core.main.ScriptEngine.run(ScriptEngine.java:194)
	at com.kms.katalon.core.main.ScriptEngine.runScriptAsRawText(ScriptEngine.java:119)
	at com.kms.katalon.core.main.TestCaseExecutor.runScript(TestCaseExecutor.java:448)
	at com.kms.katalon.core.main.TestCaseExecutor.doExecute(TestCaseExecutor.java:439)
	at com.kms.katalon.core.main.TestCaseExecutor.processExecutionPhase(TestCaseExecutor.java:418)
	at com.kms.katalon.core.main.TestCaseExecutor.accessMainPhase(TestCaseExecutor.java:410)
	at com.kms.katalon.core.main.TestCaseExecutor.execute(TestCaseExecutor.java:285)
	at com.kms.katalon.core.common.CommonExecutor.accessTestCaseMainPhase(CommonExecutor.java:65)
	at com.kms.katalon.core.main.TestSuiteExecutor.accessTestSuiteMainPhase(TestSuiteExecutor.java:151)
	at com.kms.katalon.core.main.TestSuiteExecutor.execute(TestSuiteExecutor.java:106)
	at com.kms.katalon.core.main.TestCaseMain.startTestSuite(TestCaseMain.java:185)
	at com.kms.katalon.core.main.TestCaseMain$startTestSuite$0.call(Unknown Source)
	at TempTestSuite1680475136875.run(TempTestSuite1680475136875.groovy:36)
)
	at com.kms.katalon.core.keyword.internal.KeywordMain.stepFailed(KeywordMain.groovy:39)
	at com.kms.katalon.core.keyword.internal.KeywordMain.stepFailed(KeywordMain.groovy)
	at com.kms.katalon.core.keyword.internal.KeywordMain.runKeyword(KeywordMain.groovy:76)
	at com.kms.katalon.core.keyword.builtin.VerifyMatchKeyword.verifyMatch(VerifyMatchKeyword.groovy:60)
	at com.kms.katalon.core.keyword.builtin.VerifyMatchKeyword.execute(VerifyMatchKeyword.groovy:45)
	at com.kms.katalon.core.keyword.internal.KeywordExecutor.executeKeywordForPlatform(KeywordExecutor.groovy:74)
	at com.kms.katalon.core.keyword.BuiltinKeywords.verifyMatch(BuiltinKeywords.groovy:55)
	at REG-26.run(REG-26:45)
	at com.kms.katalon.core.main.ScriptEngine.run(ScriptEngine.java:194)
	at com.kms.katalon.core.main.ScriptEngine.runScriptAsRawText(ScriptEngine.java:119)
	at com.kms.katalon.core.main.TestCaseExecutor.runScript(TestCaseExecutor.java:448)
	at com.kms.katalon.core.main.TestCaseExecutor.doExecute(TestCaseExecutor.java:439)
	at com.kms.katalon.core.main.TestCaseExecutor.processExecutionPhase(TestCaseExecutor.java:418)
	at com.kms.katalon.core.main.TestCaseExecutor.accessMainPhase(TestCaseExecutor.java:410)
	at com.kms.katalon.core.main.TestCaseExecutor.execute(TestCaseExecutor.java:285)
	at com.kms.katalon.core.common.CommonExecutor.accessTestCaseMainPhase(CommonExecutor.java:65)
	at com.kms.katalon.core.main.TestSuiteExecutor.accessTestSuiteMainPhase(TestSuiteExecutor.java:151)
	at com.kms.katalon.core.main.TestSuiteExecutor.execute(TestSuiteExecutor.java:106)
	at com.kms.katalon.core.main.TestCaseMain.startTestSuite(TestCaseMain.java:185)
	at com.kms.katalon.core.main.TestCaseMain$startTestSuite$0.call(Unknown Source)
	at TempTestSuite1680475136875.run(TempTestSuite1680475136875.groovy:36)
Caused by: com.kms.katalon.core.exception.StepFailedException: Actual text 'https://demo-app.online/email/verify' and expected text 'https://demo-app.online/daftar' are not matched
	at com.kms.katalon.core.keyword.builtin.VerifyMatchKeyword$_verifyMatch_closure1.doCall(VerifyMatchKeyword.groovy:57)
	at com.kms.katalon.core.keyword.builtin.VerifyMatchKeyword$_verifyMatch_closure1.call(VerifyMatchKeyword.groovy)
	at com.kms.katalon.core.keyword.internal.KeywordMain.runKeyword(KeywordMain.groovy:74)
	... 18 more


2023-04-03 05:45:26 - [TEST_STEP][PASSED] - openBrowser(""): Browser is opened with url: ''

2023-04-03 05:45:26 - [MESSAGE][WARNING] - A browser is already opened. Closing browser and opening a new one

2023-04-03 05:45:27 - [MESSAGE][INFO] - Starting 'Chrome' driver

2023-04-03 05:45:27 - [MESSAGE][INFO] - Action delay is set to 0 milliseconds

2023-04-03 05:45:28 - [MESSAGE][PASSED] - Browser is opened with url: ''

2023-04-03 05:45:28 - [TEST_STEP][PASSED] - navigateToUrl("https://demo-app.online/daftar"): Navigate to 'https://demo-app.online/daftar' successfully

2023-04-03 05:45:29 - [MESSAGE][PASSED] - Navigate to 'https://demo-app.online/daftar' successfully

2023-04-03 05:45:29 - [TEST_STEP][PASSED] - setText(findTestObject("Object Repository/Web/Register/Reg_InputText_Nama"), "Rizki Khaerul Fajri"): Text 'Rizki Khaerul Fajri' is set on object 'Object Repository/Web/Register/Reg_InputText_Nama'

2023-04-03 05:45:30 - [MESSAGE][PASSED] - Text 'Rizki Khaerul Fajri' is set on object 'Object Repository/Web/Register/Reg_InputText_Nama'

2023-04-03 05:45:30 - [TEST_STEP][PASSED] - setText(findTestObject("Object Repository/Web/Register/Reg_InputText_BirthDay"), "18-Feb-1997"): Text '18-Feb-1997' is set on object 'Object Repository/Web/Register/Reg_InputText_BirthDay'

2023-04-03 05:45:31 - [MESSAGE][PASSED] - Text '18-Feb-1997' is set on object 'Object Repository/Web/Register/Reg_InputText_BirthDay'

2023-04-03 05:45:31 - [TEST_STEP][PASSED] - setText(findTestObject("Object Repository/Web/Register/Reg_InputText_Email"), "     "): Text '     ' is set on object 'Object Repository/Web/Register/Reg_InputText_Email'

2023-04-03 05:45:32 - [MESSAGE][PASSED] - Text '     ' is set on object 'Object Repository/Web/Register/Reg_InputText_Email'

2023-04-03 05:45:32 - [TEST_STEP][PASSED] - setText(findTestObject("Object Repository/Web/Register/Reg_InputText_Whatsapp"), "081324387267"): Text '081324387267' is set on object 'Object Repository/Web/Register/Reg_InputText_Whatsapp'

2023-04-03 05:45:33 - [MESSAGE][PASSED] - Text '081324387267' is set on object 'Object Repository/Web/Register/Reg_InputText_Whatsapp'

2023-04-03 05:45:33 - [TEST_STEP][PASSED] - setText(findTestObject("Object Repository/Web/Register/Reg_InputText_KataSandi"), "testingtesting"): Text 'testingtesting' is set on object 'Object Repository/Web/Register/Reg_InputText_KataSandi'

2023-04-03 05:45:33 - [MESSAGE][PASSED] - Text 'testingtesting' is set on object 'Object Repository/Web/Register/Reg_InputText_KataSandi'

2023-04-03 05:45:33 - [TEST_STEP][PASSED] - setText(findTestObject("Object Repository/Web/Register/Reg_InputText_KonfirmasiKataSandi"), "testingtesting"): Text 'testingtesting' is set on object 'Object Repository/Web/Register/Reg_InputText_KonfirmasiKataSandi'

2023-04-03 05:45:34 - [MESSAGE][PASSED] - Text 'testingtesting' is set on object 'Object Repository/Web/Register/Reg_InputText_KonfirmasiKataSandi'

2023-04-03 05:45:34 - [TEST_STEP][PASSED] - check(findTestObject("Object Repository/Web/Register/Reg_Checkbox_SyaratDanKetentuan")): Object 'Object Repository/Web/Register/Reg_Checkbox_SyaratDanKetentuan' is checked

2023-04-03 05:45:35 - [MESSAGE][PASSED] - Object 'Object Repository/Web/Register/Reg_Checkbox_SyaratDanKetentuan' is checked

2023-04-03 05:45:35 - [TEST_STEP][PASSED] - click(findTestObject("Object Repository/Web/Register/Reg_Button_Daftar")): Object: 'Object Repository/Web/Register/Reg_Button_Daftar' is clicked on

2023-04-03 05:45:35 - [MESSAGE][PASSED] - Object: 'Object Repository/Web/Register/Reg_Button_Daftar' is clicked on

2023-04-03 05:45:35 - [TEST_STEP][PASSED] - delay(1): Delayed 1 second(s)

2023-04-03 05:45:36 - [MESSAGE][PASSED] - Delayed 1 second(s)

2023-04-03 05:45:36 - [TEST_STEP][FAILED] - verifyMatch("https://demo-app.online/email/verify", getUrl(), false, CONTINUE_ON_FAILURE): Unable to verify match between actual text 'https://demo-app.online/email/verify' and expected text 'https://demo-app.online/daftar' (Root cause: com.kms.katalon.core.exception.StepFailedException: Actual text 'https://demo-app.online/email/verify' and expected text 'https://demo-app.online/daftar' are not matched
	at com.kms.katalon.core.keyword.builtin.VerifyMatchKeyword$_verifyMatch_closure1.doCall(VerifyMatchKeyword.groovy:57)
	at com.kms.katalon.core.keyword.builtin.VerifyMatchKeyword$_verifyMatch_closure1.call(VerifyMatchKeyword.groovy)
	at com.kms.katalon.core.keyword.internal.KeywordMain.runKeyword(KeywordMain.groovy:74)
	at com.kms.katalon.core.keyword.builtin.VerifyMatchKeyword.verifyMatch(VerifyMatchKeyword.groovy:60)
	at com.kms.katalon.core.keyword.builtin.VerifyMatchKeyword.execute(VerifyMatchKeyword.groovy:45)
	at com.kms.katalon.core.keyword.internal.KeywordExecutor.executeKeywordForPlatform(KeywordExecutor.groovy:74)
	at com.kms.katalon.core.keyword.BuiltinKeywords.verifyMatch(BuiltinKeywords.groovy:55)
	at REG-26.run(REG-26:45)
	at com.kms.katalon.core.main.ScriptEngine.run(ScriptEngine.java:194)
	at com.kms.katalon.core.main.ScriptEngine.runScriptAsRawText(ScriptEngine.java:119)
	at com.kms.katalon.core.main.TestCaseExecutor.runScript(TestCaseExecutor.java:448)
	at com.kms.katalon.core.main.TestCaseExecutor.doExecute(TestCaseExecutor.java:439)
	at com.kms.katalon.core.main.TestCaseExecutor.processExecutionPhase(TestCaseExecutor.java:418)
	at com.kms.katalon.core.main.TestCaseExecutor.accessMainPhase(TestCaseExecutor.java:410)
	at com.kms.katalon.core.main.TestCaseExecutor.execute(TestCaseExecutor.java:285)
	at com.kms.katalon.core.common.CommonExecutor.accessTestCaseMainPhase(CommonExecutor.java:65)
	at com.kms.katalon.core.main.TestSuiteExecutor.accessTestSuiteMainPhase(TestSuiteExecutor.java:151)
	at com.kms.katalon.core.main.TestSuiteExecutor.execute(TestSuiteExecutor.java:106)
	at com.kms.katalon.core.main.TestCaseMain.startTestSuite(TestCaseMain.java:185)
	at com.kms.katalon.core.main.TestCaseMain$startTestSuite$0.call(Unknown Source)
	at TempTestSuite1680475136875.run(TempTestSuite1680475136875.groovy:36)
)

2023-04-03 05:45:36 - [MESSAGE][PASSED] - Current window's url is: 'https://demo-app.online/daftar'

2023-04-03 05:45:36 - [MESSAGE][FAILED] - Unable to verify match between actual text 'https://demo-app.online/email/verify' and expected text 'https://demo-app.online/daftar' (Root cause: com.kms.katalon.core.exception.StepFailedException: Actual text 'https://demo-app.online/email/verify' and expected text 'https://demo-app.online/daftar' are not matched
	at com.kms.katalon.core.keyword.builtin.VerifyMatchKeyword$_verifyMatch_closure1.doCall(VerifyMatchKeyword.groovy:57)
	at com.kms.katalon.core.keyword.builtin.VerifyMatchKeyword$_verifyMatch_closure1.call(VerifyMatchKeyword.groovy)
	at com.kms.katalon.core.keyword.internal.KeywordMain.runKeyword(KeywordMain.groovy:74)
	at com.kms.katalon.core.keyword.builtin.VerifyMatchKeyword.verifyMatch(VerifyMatchKeyword.groovy:60)
	at com.kms.katalon.core.keyword.builtin.VerifyMatchKeyword.execute(VerifyMatchKeyword.groovy:45)
	at com.kms.katalon.core.keyword.internal.KeywordExecutor.executeKeywordForPlatform(KeywordExecutor.groovy:74)
	at com.kms.katalon.core.keyword.BuiltinKeywords.verifyMatch(BuiltinKeywords.groovy:55)
	at REG-26.run(REG-26:45)
	at com.kms.katalon.core.main.ScriptEngine.run(ScriptEngine.java:194)
	at com.kms.katalon.core.main.ScriptEngine.runScriptAsRawText(ScriptEngine.java:119)
	at com.kms.katalon.core.main.TestCaseExecutor.runScript(TestCaseExecutor.java:448)
	at com.kms.katalon.core.main.TestCaseExecutor.doExecute(TestCaseExecutor.java:439)
	at com.kms.katalon.core.main.TestCaseExecutor.processExecutionPhase(TestCaseExecutor.java:418)
	at com.kms.katalon.core.main.TestCaseExecutor.accessMainPhase(TestCaseExecutor.java:410)
	at com.kms.katalon.core.main.TestCaseExecutor.execute(TestCaseExecutor.java:285)
	at com.kms.katalon.core.common.CommonExecutor.accessTestCaseMainPhase(CommonExecutor.java:65)
	at com.kms.katalon.core.main.TestSuiteExecutor.accessTestSuiteMainPhase(TestSuiteExecutor.java:151)
	at com.kms.katalon.core.main.TestSuiteExecutor.execute(TestSuiteExecutor.java:106)
	at com.kms.katalon.core.main.TestCaseMain.startTestSuite(TestCaseMain.java:185)
	at com.kms.katalon.core.main.TestCaseMain$startTestSuite$0.call(Unknown Source)
	at TempTestSuite1680475136875.run(TempTestSuite1680475136875.groovy:36)
)

2023-04-03 05:45:36 - [TEST_STEP][PASSED] - println("After verification"): null

2023-04-03 05:45:36 - [TEST_STEP][PASSED] - isValid = executeJavaScript("document.getElementById("email").reportValidity();", null): Execute JavaScript 'document.getElementById("email").reportValidity();' successfully

2023-04-03 05:45:36 - [MESSAGE][PASSED] - Execute JavaScript 'document.getElementById("email").reportValidity();' successfully

2023-04-03 05:45:36 - [TEST_STEP][PASSED] - assert !(isValid) : "Validation error should be displayed": null]]></system-out>
         <system-err><![CDATA[2023-04-03 05:45:26 - [TEST_CASE][FAILED] - Test Cases/Web/REG/REG-26: Test Cases/Web/REG/REG-26 FAILED.
Reason:
com.kms.katalon.core.exception.StepFailedException: Unable to verify match between actual text 'https://demo-app.online/email/verify' and expected text 'https://demo-app.online/daftar' (Root cause: com.kms.katalon.core.exception.StepFailedException: Actual text 'https://demo-app.online/email/verify' and expected text 'https://demo-app.online/daftar' are not matched
	at com.kms.katalon.core.keyword.builtin.VerifyMatchKeyword$_verifyMatch_closure1.doCall(VerifyMatchKeyword.groovy:57)
	at com.kms.katalon.core.keyword.builtin.VerifyMatchKeyword$_verifyMatch_closure1.call(VerifyMatchKeyword.groovy)
	at com.kms.katalon.core.keyword.internal.KeywordMain.runKeyword(KeywordMain.groovy:74)
	at com.kms.katalon.core.keyword.builtin.VerifyMatchKeyword.verifyMatch(VerifyMatchKeyword.groovy:60)
	at com.kms.katalon.core.keyword.builtin.VerifyMatchKeyword.execute(VerifyMatchKeyword.groovy:45)
	at com.kms.katalon.core.keyword.internal.KeywordExecutor.executeKeywordForPlatform(KeywordExecutor.groovy:74)
	at com.kms.katalon.core.keyword.BuiltinKeywords.verifyMatch(BuiltinKeywords.groovy:55)
	at REG-26.run(REG-26:45)
	at com.kms.katalon.core.main.ScriptEngine.run(ScriptEngine.java:194)
	at com.kms.katalon.core.main.ScriptEngine.runScriptAsRawText(ScriptEngine.java:119)
	at com.kms.katalon.core.main.TestCaseExecutor.runScript(TestCaseExecutor.java:448)
	at com.kms.katalon.core.main.TestCaseExecutor.doExecute(TestCaseExecutor.java:439)
	at com.kms.katalon.core.main.TestCaseExecutor.processExecutionPhase(TestCaseExecutor.java:418)
	at com.kms.katalon.core.main.TestCaseExecutor.accessMainPhase(TestCaseExecutor.java:410)
	at com.kms.katalon.core.main.TestCaseExecutor.execute(TestCaseExecutor.java:285)
	at com.kms.katalon.core.common.CommonExecutor.accessTestCaseMainPhase(CommonExecutor.java:65)
	at com.kms.katalon.core.main.TestSuiteExecutor.accessTestSuiteMainPhase(TestSuiteExecutor.java:151)
	at com.kms.katalon.core.main.TestSuiteExecutor.execute(TestSuiteExecutor.java:106)
	at com.kms.katalon.core.main.TestCaseMain.startTestSuite(TestCaseMain.java:185)
	at com.kms.katalon.core.main.TestCaseMain$startTestSuite$0.call(Unknown Source)
	at TempTestSuite1680475136875.run(TempTestSuite1680475136875.groovy:36)
)
	at com.kms.katalon.core.keyword.internal.KeywordMain.stepFailed(KeywordMain.groovy:39)
	at com.kms.katalon.core.keyword.internal.KeywordMain.stepFailed(KeywordMain.groovy)
	at com.kms.katalon.core.keyword.internal.KeywordMain.runKeyword(KeywordMain.groovy:76)
	at com.kms.katalon.core.keyword.builtin.VerifyMatchKeyword.verifyMatch(VerifyMatchKeyword.groovy:60)
	at com.kms.katalon.core.keyword.builtin.VerifyMatchKeyword.execute(VerifyMatchKeyword.groovy:45)
	at com.kms.katalon.core.keyword.internal.KeywordExecutor.executeKeywordForPlatform(KeywordExecutor.groovy:74)
	at com.kms.katalon.core.keyword.BuiltinKeywords.verifyMatch(BuiltinKeywords.groovy:55)
	at REG-26.run(REG-26:45)
	at com.kms.katalon.core.main.ScriptEngine.run(ScriptEngine.java:194)
	at com.kms.katalon.core.main.ScriptEngine.runScriptAsRawText(ScriptEngine.java:119)
	at com.kms.katalon.core.main.TestCaseExecutor.runScript(TestCaseExecutor.java:448)
	at com.kms.katalon.core.main.TestCaseExecutor.doExecute(TestCaseExecutor.java:439)
	at com.kms.katalon.core.main.TestCaseExecutor.processExecutionPhase(TestCaseExecutor.java:418)
	at com.kms.katalon.core.main.TestCaseExecutor.accessMainPhase(TestCaseExecutor.java:410)
	at com.kms.katalon.core.main.TestCaseExecutor.execute(TestCaseExecutor.java:285)
	at com.kms.katalon.core.common.CommonExecutor.accessTestCaseMainPhase(CommonExecutor.java:65)
	at com.kms.katalon.core.main.TestSuiteExecutor.accessTestSuiteMainPhase(TestSuiteExecutor.java:151)
	at com.kms.katalon.core.main.TestSuiteExecutor.execute(TestSuiteExecutor.java:106)
	at com.kms.katalon.core.main.TestCaseMain.startTestSuite(TestCaseMain.java:185)
	at com.kms.katalon.core.main.TestCaseMain$startTestSuite$0.call(Unknown Source)
	at TempTestSuite1680475136875.run(TempTestSuite1680475136875.groovy:36)
Caused by: com.kms.katalon.core.exception.StepFailedException: Actual text 'https://demo-app.online/email/verify' and expected text 'https://demo-app.online/daftar' are not matched
	at com.kms.katalon.core.keyword.builtin.VerifyMatchKeyword$_verifyMatch_closure1.doCall(VerifyMatchKeyword.groovy:57)
	at com.kms.katalon.core.keyword.builtin.VerifyMatchKeyword$_verifyMatch_closure1.call(VerifyMatchKeyword.groovy)
	at com.kms.katalon.core.keyword.internal.KeywordMain.runKeyword(KeywordMain.groovy:74)
	... 18 more]]></system-err>
      </testcase>
      <testcase name="Test Cases/Web/REG/REG-27" time="11.358" classname="Test Cases/Web/REG/REG-27" status="FAILED">
         <failure type="FAILED" message="Test Cases/Web/REG/REG-27 FAILED.
Reason:
com.kms.katalon.core.exception.StepFailedException: Unable to verify match between actual text 'https://demo-app.online/email/verify' and expected text 'https://demo-app.online/daftar' (Root cause: com.kms.katalon.core.exception.StepFailedException: Actual text 'https://demo-app.online/email/verify' and expected text 'https://demo-app.online/daftar' are not matched
	at com.kms.katalon.core.keyword.builtin.VerifyMatchKeyword$_verifyMatch_closure1.doCall(VerifyMatchKeyword.groovy:57)
	at com.kms.katalon.core.keyword.builtin.VerifyMatchKeyword$_verifyMatch_closure1.call(VerifyMatchKeyword.groovy)
	at com.kms.katalon.core.keyword.internal.KeywordMain.runKeyword(KeywordMain.groovy:74)
	at com.kms.katalon.core.keyword.builtin.VerifyMatchKeyword.verifyMatch(VerifyMatchKeyword.groovy:60)
	at com.kms.katalon.core.keyword.builtin.VerifyMatchKeyword.execute(VerifyMatchKeyword.groovy:45)
	at com.kms.katalon.core.keyword.internal.KeywordExecutor.executeKeywordForPlatform(KeywordExecutor.groovy:74)
	at com.kms.katalon.core.keyword.BuiltinKeywords.verifyMatch(BuiltinKeywords.groovy:55)
	at REG-27.run(REG-27:46)
	at com.kms.katalon.core.main.ScriptEngine.run(ScriptEngine.java:194)
	at com.kms.katalon.core.main.ScriptEngine.runScriptAsRawText(ScriptEngine.java:119)
	at com.kms.katalon.core.main.TestCaseExecutor.runScript(TestCaseExecutor.java:448)
	at com.kms.katalon.core.main.TestCaseExecutor.doExecute(TestCaseExecutor.java:439)
	at com.kms.katalon.core.main.TestCaseExecutor.processExecutionPhase(TestCaseExecutor.java:418)
	at com.kms.katalon.core.main.TestCaseExecutor.accessMainPhase(TestCaseExecutor.java:410)
	at com.kms.katalon.core.main.TestCaseExecutor.execute(TestCaseExecutor.java:285)
	at com.kms.katalon.core.common.CommonExecutor.accessTestCaseMainPhase(CommonExecutor.java:65)
	at com.kms.katalon.core.main.TestSuiteExecutor.accessTestSuiteMainPhase(TestSuiteExecutor.java:151)
	at com.kms.katalon.core.main.TestSuiteExecutor.execute(TestSuiteExecutor.java:106)
	at com.kms.katalon.core.main.TestCaseMain.startTestSuite(TestCaseMain.java:185)
	at com.kms.katalon.core.main.TestCaseMain$startTestSuite$0.call(Unknown Source)
	at TempTestSuite1680475136875.run(TempTestSuite1680475136875.groovy:36)
)
	at com.kms.katalon.core.keyword.internal.KeywordMain.stepFailed(KeywordMain.groovy:39)
	at com.kms.katalon.core.keyword.internal.KeywordMain.stepFailed(KeywordMain.groovy)
	at com.kms.katalon.core.keyword.internal.KeywordMain.runKeyword(KeywordMain.groovy:76)
	at com.kms.katalon.core.keyword.builtin.VerifyMatchKeyword.verifyMatch(VerifyMatchKeyword.groovy:60)
	at com.kms.katalon.core.keyword.builtin.VerifyMatchKeyword.execute(VerifyMatchKeyword.groovy:45)
	at com.kms.katalon.core.keyword.internal.KeywordExecutor.executeKeywordForPlatform(KeywordExecutor.groovy:74)
	at com.kms.katalon.core.keyword.BuiltinKeywords.verifyMatch(BuiltinKeywords.groovy:55)
	at REG-27.run(REG-27:46)
	at com.kms.katalon.core.main.ScriptEngine.run(ScriptEngine.java:194)
	at com.kms.katalon.core.main.ScriptEngine.runScriptAsRawText(ScriptEngine.java:119)
	at com.kms.katalon.core.main.TestCaseExecutor.runScript(TestCaseExecutor.java:448)
	at com.kms.katalon.core.main.TestCaseExecutor.doExecute(TestCaseExecutor.java:439)
	at com.kms.katalon.core.main.TestCaseExecutor.processExecutionPhase(TestCaseExecutor.java:418)
	at com.kms.katalon.core.main.TestCaseExecutor.accessMainPhase(TestCaseExecutor.java:410)
	at com.kms.katalon.core.main.TestCaseExecutor.execute(TestCaseExecutor.java:285)
	at com.kms.katalon.core.common.CommonExecutor.accessTestCaseMainPhase(CommonExecutor.java:65)
	at com.kms.katalon.core.main.TestSuiteExecutor.accessTestSuiteMainPhase(TestSuiteExecutor.java:151)
	at com.kms.katalon.core.main.TestSuiteExecutor.execute(TestSuiteExecutor.java:106)
	at com.kms.katalon.core.main.TestCaseMain.startTestSuite(TestCaseMain.java:185)
	at com.kms.katalon.core.main.TestCaseMain$startTestSuite$0.call(Unknown Source)
	at TempTestSuite1680475136875.run(TempTestSuite1680475136875.groovy:36)
Caused by: com.kms.katalon.core.exception.StepFailedException: Actual text 'https://demo-app.online/email/verify' and expected text 'https://demo-app.online/daftar' are not matched
	at com.kms.katalon.core.keyword.builtin.VerifyMatchKeyword$_verifyMatch_closure1.doCall(VerifyMatchKeyword.groovy:57)
	at com.kms.katalon.core.keyword.builtin.VerifyMatchKeyword$_verifyMatch_closure1.call(VerifyMatchKeyword.groovy)
	at com.kms.katalon.core.keyword.internal.KeywordMain.runKeyword(KeywordMain.groovy:74)
	... 18 more
"/>
         <system-out><![CDATA[2023-04-03 05:45:36 - [TEST_CASE][FAILED] - Test Cases/Web/REG/REG-27: Test Cases/Web/REG/REG-27 FAILED.
Reason:
com.kms.katalon.core.exception.StepFailedException: Unable to verify match between actual text 'https://demo-app.online/email/verify' and expected text 'https://demo-app.online/daftar' (Root cause: com.kms.katalon.core.exception.StepFailedException: Actual text 'https://demo-app.online/email/verify' and expected text 'https://demo-app.online/daftar' are not matched
	at com.kms.katalon.core.keyword.builtin.VerifyMatchKeyword$_verifyMatch_closure1.doCall(VerifyMatchKeyword.groovy:57)
	at com.kms.katalon.core.keyword.builtin.VerifyMatchKeyword$_verifyMatch_closure1.call(VerifyMatchKeyword.groovy)
	at com.kms.katalon.core.keyword.internal.KeywordMain.runKeyword(KeywordMain.groovy:74)
	at com.kms.katalon.core.keyword.builtin.VerifyMatchKeyword.verifyMatch(VerifyMatchKeyword.groovy:60)
	at com.kms.katalon.core.keyword.builtin.VerifyMatchKeyword.execute(VerifyMatchKeyword.groovy:45)
	at com.kms.katalon.core.keyword.internal.KeywordExecutor.executeKeywordForPlatform(KeywordExecutor.groovy:74)
	at com.kms.katalon.core.keyword.BuiltinKeywords.verifyMatch(BuiltinKeywords.groovy:55)
	at REG-27.run(REG-27:46)
	at com.kms.katalon.core.main.ScriptEngine.run(ScriptEngine.java:194)
	at com.kms.katalon.core.main.ScriptEngine.runScriptAsRawText(ScriptEngine.java:119)
	at com.kms.katalon.core.main.TestCaseExecutor.runScript(TestCaseExecutor.java:448)
	at com.kms.katalon.core.main.TestCaseExecutor.doExecute(TestCaseExecutor.java:439)
	at com.kms.katalon.core.main.TestCaseExecutor.processExecutionPhase(TestCaseExecutor.java:418)
	at com.kms.katalon.core.main.TestCaseExecutor.accessMainPhase(TestCaseExecutor.java:410)
	at com.kms.katalon.core.main.TestCaseExecutor.execute(TestCaseExecutor.java:285)
	at com.kms.katalon.core.common.CommonExecutor.accessTestCaseMainPhase(CommonExecutor.java:65)
	at com.kms.katalon.core.main.TestSuiteExecutor.accessTestSuiteMainPhase(TestSuiteExecutor.java:151)
	at com.kms.katalon.core.main.TestSuiteExecutor.execute(TestSuiteExecutor.java:106)
	at com.kms.katalon.core.main.TestCaseMain.startTestSuite(TestCaseMain.java:185)
	at com.kms.katalon.core.main.TestCaseMain$startTestSuite$0.call(Unknown Source)
	at TempTestSuite1680475136875.run(TempTestSuite1680475136875.groovy:36)
)
	at com.kms.katalon.core.keyword.internal.KeywordMain.stepFailed(KeywordMain.groovy:39)
	at com.kms.katalon.core.keyword.internal.KeywordMain.stepFailed(KeywordMain.groovy)
	at com.kms.katalon.core.keyword.internal.KeywordMain.runKeyword(KeywordMain.groovy:76)
	at com.kms.katalon.core.keyword.builtin.VerifyMatchKeyword.verifyMatch(VerifyMatchKeyword.groovy:60)
	at com.kms.katalon.core.keyword.builtin.VerifyMatchKeyword.execute(VerifyMatchKeyword.groovy:45)
	at com.kms.katalon.core.keyword.internal.KeywordExecutor.executeKeywordForPlatform(KeywordExecutor.groovy:74)
	at com.kms.katalon.core.keyword.BuiltinKeywords.verifyMatch(BuiltinKeywords.groovy:55)
	at REG-27.run(REG-27:46)
	at com.kms.katalon.core.main.ScriptEngine.run(ScriptEngine.java:194)
	at com.kms.katalon.core.main.ScriptEngine.runScriptAsRawText(ScriptEngine.java:119)
	at com.kms.katalon.core.main.TestCaseExecutor.runScript(TestCaseExecutor.java:448)
	at com.kms.katalon.core.main.TestCaseExecutor.doExecute(TestCaseExecutor.java:439)
	at com.kms.katalon.core.main.TestCaseExecutor.processExecutionPhase(TestCaseExecutor.java:418)
	at com.kms.katalon.core.main.TestCaseExecutor.accessMainPhase(TestCaseExecutor.java:410)
	at com.kms.katalon.core.main.TestCaseExecutor.execute(TestCaseExecutor.java:285)
	at com.kms.katalon.core.common.CommonExecutor.accessTestCaseMainPhase(CommonExecutor.java:65)
	at com.kms.katalon.core.main.TestSuiteExecutor.accessTestSuiteMainPhase(TestSuiteExecutor.java:151)
	at com.kms.katalon.core.main.TestSuiteExecutor.execute(TestSuiteExecutor.java:106)
	at com.kms.katalon.core.main.TestCaseMain.startTestSuite(TestCaseMain.java:185)
	at com.kms.katalon.core.main.TestCaseMain$startTestSuite$0.call(Unknown Source)
	at TempTestSuite1680475136875.run(TempTestSuite1680475136875.groovy:36)
Caused by: com.kms.katalon.core.exception.StepFailedException: Actual text 'https://demo-app.online/email/verify' and expected text 'https://demo-app.online/daftar' are not matched
	at com.kms.katalon.core.keyword.builtin.VerifyMatchKeyword$_verifyMatch_closure1.doCall(VerifyMatchKeyword.groovy:57)
	at com.kms.katalon.core.keyword.builtin.VerifyMatchKeyword$_verifyMatch_closure1.call(VerifyMatchKeyword.groovy)
	at com.kms.katalon.core.keyword.internal.KeywordMain.runKeyword(KeywordMain.groovy:74)
	... 18 more


2023-04-03 05:45:36 - [TEST_STEP][PASSED] - openBrowser(""): Browser is opened with url: ''

2023-04-03 05:45:36 - [MESSAGE][WARNING] - A browser is already opened. Closing browser and opening a new one

2023-04-03 05:45:37 - [MESSAGE][INFO] - Starting 'Chrome' driver

2023-04-03 05:45:37 - [MESSAGE][INFO] - Action delay is set to 0 milliseconds

2023-04-03 05:45:38 - [MESSAGE][PASSED] - Browser is opened with url: ''

2023-04-03 05:45:38 - [TEST_STEP][PASSED] - navigateToUrl("https://demo-app.online/daftar"): Navigate to 'https://demo-app.online/daftar' successfully

2023-04-03 05:45:40 - [MESSAGE][PASSED] - Navigate to 'https://demo-app.online/daftar' successfully

2023-04-03 05:45:40 - [TEST_STEP][PASSED] - setText(findTestObject("Object Repository/Web/Register/Reg_InputText_Nama"), "Rizki Khaerul Fajri"): Text 'Rizki Khaerul Fajri' is set on object 'Object Repository/Web/Register/Reg_InputText_Nama'

2023-04-03 05:45:41 - [MESSAGE][PASSED] - Text 'Rizki Khaerul Fajri' is set on object 'Object Repository/Web/Register/Reg_InputText_Nama'

2023-04-03 05:45:41 - [TEST_STEP][PASSED] - setText(findTestObject("Object Repository/Web/Register/Reg_InputText_BirthDay"), "18-Feb-1997"): Text '18-Feb-1997' is set on object 'Object Repository/Web/Register/Reg_InputText_BirthDay'

2023-04-03 05:45:42 - [MESSAGE][PASSED] - Text '18-Feb-1997' is set on object 'Object Repository/Web/Register/Reg_InputText_BirthDay'

2023-04-03 05:45:42 - [TEST_STEP][PASSED] - setText(findTestObject("Object Repository/Web/Register/Reg_InputText_Email"), "rizkikhaerulfajri@gmail.com"): Text 'rizkikhaerulfajri@gmail.com' is set on object 'Object Repository/Web/Register/Reg_InputText_Email'

2023-04-03 05:45:42 - [MESSAGE][PASSED] - Text 'rizkikhaerulfajri@gmail.com' is set on object 'Object Repository/Web/Register/Reg_InputText_Email'

2023-04-03 05:45:42 - [TEST_STEP][PASSED] - setText(findTestObject("Object Repository/Web/Register/Reg_InputText_Whatsapp"), "081324387267"): Text '081324387267' is set on object 'Object Repository/Web/Register/Reg_InputText_Whatsapp'

2023-04-03 05:45:43 - [MESSAGE][PASSED] - Text '081324387267' is set on object 'Object Repository/Web/Register/Reg_InputText_Whatsapp'

2023-04-03 05:45:43 - [TEST_STEP][PASSED] - setText(findTestObject("Object Repository/Web/Register/Reg_InputText_KataSandi"), "testingtesting"): Text 'testingtesting' is set on object 'Object Repository/Web/Register/Reg_InputText_KataSandi'

2023-04-03 05:45:44 - [MESSAGE][PASSED] - Text 'testingtesting' is set on object 'Object Repository/Web/Register/Reg_InputText_KataSandi'

2023-04-03 05:45:44 - [TEST_STEP][PASSED] - setText(findTestObject("Object Repository/Web/Register/Reg_InputText_KonfirmasiKataSandi"), "testingtesting"): Text 'testingtesting' is set on object 'Object Repository/Web/Register/Reg_InputText_KonfirmasiKataSandi'

2023-04-03 05:45:44 - [MESSAGE][PASSED] - Text 'testingtesting' is set on object 'Object Repository/Web/Register/Reg_InputText_KonfirmasiKataSandi'

2023-04-03 05:45:44 - [TEST_STEP][PASSED] - check(findTestObject("Object Repository/Web/Register/Reg_Checkbox_SyaratDanKetentuan")): Object 'Object Repository/Web/Register/Reg_Checkbox_SyaratDanKetentuan' is checked

2023-04-03 05:45:45 - [MESSAGE][PASSED] - Object 'Object Repository/Web/Register/Reg_Checkbox_SyaratDanKetentuan' is checked

2023-04-03 05:45:45 - [TEST_STEP][PASSED] - click(findTestObject("Object Repository/Web/Register/Reg_Button_Daftar")): Object: 'Object Repository/Web/Register/Reg_Button_Daftar' is clicked on

2023-04-03 05:45:46 - [MESSAGE][PASSED] - Object: 'Object Repository/Web/Register/Reg_Button_Daftar' is clicked on

2023-04-03 05:45:46 - [TEST_STEP][PASSED] - delay(1): Delayed 1 second(s)

2023-04-03 05:45:47 - [MESSAGE][PASSED] - Delayed 1 second(s)

2023-04-03 05:45:47 - [TEST_STEP][FAILED] - try: Unable to verify match between actual text 'https://demo-app.online/email/verify' and expected text 'https://demo-app.online/daftar' (Root cause: com.kms.katalon.core.exception.StepFailedException: Actual text 'https://demo-app.online/email/verify' and expected text 'https://demo-app.online/daftar' are not matched
	at com.kms.katalon.core.keyword.builtin.VerifyMatchKeyword$_verifyMatch_closure1.doCall(VerifyMatchKeyword.groovy:57)
	at com.kms.katalon.core.keyword.builtin.VerifyMatchKeyword$_verifyMatch_closure1.call(VerifyMatchKeyword.groovy)
	at com.kms.katalon.core.keyword.internal.KeywordMain.runKeyword(KeywordMain.groovy:74)
	at com.kms.katalon.core.keyword.builtin.VerifyMatchKeyword.verifyMatch(VerifyMatchKeyword.groovy:60)
	at com.kms.katalon.core.keyword.builtin.VerifyMatchKeyword.execute(VerifyMatchKeyword.groovy:45)
	at com.kms.katalon.core.keyword.internal.KeywordExecutor.executeKeywordForPlatform(KeywordExecutor.groovy:74)
	at com.kms.katalon.core.keyword.BuiltinKeywords.verifyMatch(BuiltinKeywords.groovy:55)
	at REG-27.run(REG-27:46)
	at com.kms.katalon.core.main.ScriptEngine.run(ScriptEngine.java:194)
	at com.kms.katalon.core.main.ScriptEngine.runScriptAsRawText(ScriptEngine.java:119)
	at com.kms.katalon.core.main.TestCaseExecutor.runScript(TestCaseExecutor.java:448)
	at com.kms.katalon.core.main.TestCaseExecutor.doExecute(TestCaseExecutor.java:439)
	at com.kms.katalon.core.main.TestCaseExecutor.processExecutionPhase(TestCaseExecutor.java:418)
	at com.kms.katalon.core.main.TestCaseExecutor.accessMainPhase(TestCaseExecutor.java:410)
	at com.kms.katalon.core.main.TestCaseExecutor.execute(TestCaseExecutor.java:285)
	at com.kms.katalon.core.common.CommonExecutor.accessTestCaseMainPhase(CommonExecutor.java:65)
	at com.kms.katalon.core.main.TestSuiteExecutor.accessTestSuiteMainPhase(TestSuiteExecutor.java:151)
	at com.kms.katalon.core.main.TestSuiteExecutor.execute(TestSuiteExecutor.java:106)
	at com.kms.katalon.core.main.TestCaseMain.startTestSuite(TestCaseMain.java:185)
	at com.kms.katalon.core.main.TestCaseMain$startTestSuite$0.call(Unknown Source)
	at TempTestSuite1680475136875.run(TempTestSuite1680475136875.groovy:36)
)

2023-04-03 05:45:47 - [TEST_STEP][FAILED] - verifyMatch("https://demo-app.online/email/verify", getUrl(), false, CONTINUE_ON_FAILURE): Unable to verify match between actual text 'https://demo-app.online/email/verify' and expected text 'https://demo-app.online/daftar' (Root cause: com.kms.katalon.core.exception.StepFailedException: Actual text 'https://demo-app.online/email/verify' and expected text 'https://demo-app.online/daftar' are not matched
	at com.kms.katalon.core.keyword.builtin.VerifyMatchKeyword$_verifyMatch_closure1.doCall(VerifyMatchKeyword.groovy:57)
	at com.kms.katalon.core.keyword.builtin.VerifyMatchKeyword$_verifyMatch_closure1.call(VerifyMatchKeyword.groovy)
	at com.kms.katalon.core.keyword.internal.KeywordMain.runKeyword(KeywordMain.groovy:74)
	at com.kms.katalon.core.keyword.builtin.VerifyMatchKeyword.verifyMatch(VerifyMatchKeyword.groovy:60)
	at com.kms.katalon.core.keyword.builtin.VerifyMatchKeyword.execute(VerifyMatchKeyword.groovy:45)
	at com.kms.katalon.core.keyword.internal.KeywordExecutor.executeKeywordForPlatform(KeywordExecutor.groovy:74)
	at com.kms.katalon.core.keyword.BuiltinKeywords.verifyMatch(BuiltinKeywords.groovy:55)
	at REG-27.run(REG-27:46)
	at com.kms.katalon.core.main.ScriptEngine.run(ScriptEngine.java:194)
	at com.kms.katalon.core.main.ScriptEngine.runScriptAsRawText(ScriptEngine.java:119)
	at com.kms.katalon.core.main.TestCaseExecutor.runScript(TestCaseExecutor.java:448)
	at com.kms.katalon.core.main.TestCaseExecutor.doExecute(TestCaseExecutor.java:439)
	at com.kms.katalon.core.main.TestCaseExecutor.processExecutionPhase(TestCaseExecutor.java:418)
	at com.kms.katalon.core.main.TestCaseExecutor.accessMainPhase(TestCaseExecutor.java:410)
	at com.kms.katalon.core.main.TestCaseExecutor.execute(TestCaseExecutor.java:285)
	at com.kms.katalon.core.common.CommonExecutor.accessTestCaseMainPhase(CommonExecutor.java:65)
	at com.kms.katalon.core.main.TestSuiteExecutor.accessTestSuiteMainPhase(TestSuiteExecutor.java:151)
	at com.kms.katalon.core.main.TestSuiteExecutor.execute(TestSuiteExecutor.java:106)
	at com.kms.katalon.core.main.TestCaseMain.startTestSuite(TestCaseMain.java:185)
	at com.kms.katalon.core.main.TestCaseMain$startTestSuite$0.call(Unknown Source)
	at TempTestSuite1680475136875.run(TempTestSuite1680475136875.groovy:36)
)

2023-04-03 05:45:47 - [MESSAGE][PASSED] - Current window's url is: 'https://demo-app.online/daftar'

2023-04-03 05:45:47 - [MESSAGE][FAILED] - Unable to verify match between actual text 'https://demo-app.online/email/verify' and expected text 'https://demo-app.online/daftar' (Root cause: com.kms.katalon.core.exception.StepFailedException: Actual text 'https://demo-app.online/email/verify' and expected text 'https://demo-app.online/daftar' are not matched
	at com.kms.katalon.core.keyword.builtin.VerifyMatchKeyword$_verifyMatch_closure1.doCall(VerifyMatchKeyword.groovy:57)
	at com.kms.katalon.core.keyword.builtin.VerifyMatchKeyword$_verifyMatch_closure1.call(VerifyMatchKeyword.groovy)
	at com.kms.katalon.core.keyword.internal.KeywordMain.runKeyword(KeywordMain.groovy:74)
	at com.kms.katalon.core.keyword.builtin.VerifyMatchKeyword.verifyMatch(VerifyMatchKeyword.groovy:60)
	at com.kms.katalon.core.keyword.builtin.VerifyMatchKeyword.execute(VerifyMatchKeyword.groovy:45)
	at com.kms.katalon.core.keyword.internal.KeywordExecutor.executeKeywordForPlatform(KeywordExecutor.groovy:74)
	at com.kms.katalon.core.keyword.BuiltinKeywords.verifyMatch(BuiltinKeywords.groovy:55)
	at REG-27.run(REG-27:46)
	at com.kms.katalon.core.main.ScriptEngine.run(ScriptEngine.java:194)
	at com.kms.katalon.core.main.ScriptEngine.runScriptAsRawText(ScriptEngine.java:119)
	at com.kms.katalon.core.main.TestCaseExecutor.runScript(TestCaseExecutor.java:448)
	at com.kms.katalon.core.main.TestCaseExecutor.doExecute(TestCaseExecutor.java:439)
	at com.kms.katalon.core.main.TestCaseExecutor.processExecutionPhase(TestCaseExecutor.java:418)
	at com.kms.katalon.core.main.TestCaseExecutor.accessMainPhase(TestCaseExecutor.java:410)
	at com.kms.katalon.core.main.TestCaseExecutor.execute(TestCaseExecutor.java:285)
	at com.kms.katalon.core.common.CommonExecutor.accessTestCaseMainPhase(CommonExecutor.java:65)
	at com.kms.katalon.core.main.TestSuiteExecutor.accessTestSuiteMainPhase(TestSuiteExecutor.java:151)
	at com.kms.katalon.core.main.TestSuiteExecutor.execute(TestSuiteExecutor.java:106)
	at com.kms.katalon.core.main.TestCaseMain.startTestSuite(TestCaseMain.java:185)
	at com.kms.katalon.core.main.TestCaseMain$startTestSuite$0.call(Unknown Source)
	at TempTestSuite1680475136875.run(TempTestSuite1680475136875.groovy:36)
)

2023-04-03 05:45:47 - [TEST_STEP][PASSED] - println("After URL verification"): null

2023-04-03 05:45:47 - [TEST_STEP][PASSED] - try: Object 'Object Repository/WEB/Register/Reg_validationError_EmailRegisteredAlready' is present

2023-04-03 05:45:47 - [TEST_STEP][PASSED] - verifyElementPresent(findTestObject("Object Repository/WEB/Register/Reg_validationError_EmailRegisteredAlready"), 1): Object 'Object Repository/WEB/Register/Reg_validationError_EmailRegisteredAlready' is present

2023-04-03 05:45:47 - [MESSAGE][PASSED] - Object 'Object Repository/WEB/Register/Reg_validationError_EmailRegisteredAlready' is present]]></system-out>
         <system-err><![CDATA[2023-04-03 05:45:36 - [TEST_CASE][FAILED] - Test Cases/Web/REG/REG-27: Test Cases/Web/REG/REG-27 FAILED.
Reason:
com.kms.katalon.core.exception.StepFailedException: Unable to verify match between actual text 'https://demo-app.online/email/verify' and expected text 'https://demo-app.online/daftar' (Root cause: com.kms.katalon.core.exception.StepFailedException: Actual text 'https://demo-app.online/email/verify' and expected text 'https://demo-app.online/daftar' are not matched
	at com.kms.katalon.core.keyword.builtin.VerifyMatchKeyword$_verifyMatch_closure1.doCall(VerifyMatchKeyword.groovy:57)
	at com.kms.katalon.core.keyword.builtin.VerifyMatchKeyword$_verifyMatch_closure1.call(VerifyMatchKeyword.groovy)
	at com.kms.katalon.core.keyword.internal.KeywordMain.runKeyword(KeywordMain.groovy:74)
	at com.kms.katalon.core.keyword.builtin.VerifyMatchKeyword.verifyMatch(VerifyMatchKeyword.groovy:60)
	at com.kms.katalon.core.keyword.builtin.VerifyMatchKeyword.execute(VerifyMatchKeyword.groovy:45)
	at com.kms.katalon.core.keyword.internal.KeywordExecutor.executeKeywordForPlatform(KeywordExecutor.groovy:74)
	at com.kms.katalon.core.keyword.BuiltinKeywords.verifyMatch(BuiltinKeywords.groovy:55)
	at REG-27.run(REG-27:46)
	at com.kms.katalon.core.main.ScriptEngine.run(ScriptEngine.java:194)
	at com.kms.katalon.core.main.ScriptEngine.runScriptAsRawText(ScriptEngine.java:119)
	at com.kms.katalon.core.main.TestCaseExecutor.runScript(TestCaseExecutor.java:448)
	at com.kms.katalon.core.main.TestCaseExecutor.doExecute(TestCaseExecutor.java:439)
	at com.kms.katalon.core.main.TestCaseExecutor.processExecutionPhase(TestCaseExecutor.java:418)
	at com.kms.katalon.core.main.TestCaseExecutor.accessMainPhase(TestCaseExecutor.java:410)
	at com.kms.katalon.core.main.TestCaseExecutor.execute(TestCaseExecutor.java:285)
	at com.kms.katalon.core.common.CommonExecutor.accessTestCaseMainPhase(CommonExecutor.java:65)
	at com.kms.katalon.core.main.TestSuiteExecutor.accessTestSuiteMainPhase(TestSuiteExecutor.java:151)
	at com.kms.katalon.core.main.TestSuiteExecutor.execute(TestSuiteExecutor.java:106)
	at com.kms.katalon.core.main.TestCaseMain.startTestSuite(TestCaseMain.java:185)
	at com.kms.katalon.core.main.TestCaseMain$startTestSuite$0.call(Unknown Source)
	at TempTestSuite1680475136875.run(TempTestSuite1680475136875.groovy:36)
)
	at com.kms.katalon.core.keyword.internal.KeywordMain.stepFailed(KeywordMain.groovy:39)
	at com.kms.katalon.core.keyword.internal.KeywordMain.stepFailed(KeywordMain.groovy)
	at com.kms.katalon.core.keyword.internal.KeywordMain.runKeyword(KeywordMain.groovy:76)
	at com.kms.katalon.core.keyword.builtin.VerifyMatchKeyword.verifyMatch(VerifyMatchKeyword.groovy:60)
	at com.kms.katalon.core.keyword.builtin.VerifyMatchKeyword.execute(VerifyMatchKeyword.groovy:45)
	at com.kms.katalon.core.keyword.internal.KeywordExecutor.executeKeywordForPlatform(KeywordExecutor.groovy:74)
	at com.kms.katalon.core.keyword.BuiltinKeywords.verifyMatch(BuiltinKeywords.groovy:55)
	at REG-27.run(REG-27:46)
	at com.kms.katalon.core.main.ScriptEngine.run(ScriptEngine.java:194)
	at com.kms.katalon.core.main.ScriptEngine.runScriptAsRawText(ScriptEngine.java:119)
	at com.kms.katalon.core.main.TestCaseExecutor.runScript(TestCaseExecutor.java:448)
	at com.kms.katalon.core.main.TestCaseExecutor.doExecute(TestCaseExecutor.java:439)
	at com.kms.katalon.core.main.TestCaseExecutor.processExecutionPhase(TestCaseExecutor.java:418)
	at com.kms.katalon.core.main.TestCaseExecutor.accessMainPhase(TestCaseExecutor.java:410)
	at com.kms.katalon.core.main.TestCaseExecutor.execute(TestCaseExecutor.java:285)
	at com.kms.katalon.core.common.CommonExecutor.accessTestCaseMainPhase(CommonExecutor.java:65)
	at com.kms.katalon.core.main.TestSuiteExecutor.accessTestSuiteMainPhase(TestSuiteExecutor.java:151)
	at com.kms.katalon.core.main.TestSuiteExecutor.execute(TestSuiteExecutor.java:106)
	at com.kms.katalon.core.main.TestCaseMain.startTestSuite(TestCaseMain.java:185)
	at com.kms.katalon.core.main.TestCaseMain$startTestSuite$0.call(Unknown Source)
	at TempTestSuite1680475136875.run(TempTestSuite1680475136875.groovy:36)
Caused by: com.kms.katalon.core.exception.StepFailedException: Actual text 'https://demo-app.online/email/verify' and expected text 'https://demo-app.online/daftar' are not matched
	at com.kms.katalon.core.keyword.builtin.VerifyMatchKeyword$_verifyMatch_closure1.doCall(VerifyMatchKeyword.groovy:57)
	at com.kms.katalon.core.keyword.builtin.VerifyMatchKeyword$_verifyMatch_closure1.call(VerifyMatchKeyword.groovy)
	at com.kms.katalon.core.keyword.internal.KeywordMain.runKeyword(KeywordMain.groovy:74)
	... 18 more]]></system-err>
      </testcase>
      <testcase name="Test Cases/Web/REG/REG-28" time="70.407" classname="Test Cases/Web/REG/REG-28" status="PASSED">
         <system-out><![CDATA[2023-04-03 05:45:47 - [TEST_CASE][PASSED] - Test Cases/Web/REG/REG-28: Test Cases/Web/REG/REG-28

2023-04-03 05:45:48 - [TEST_STEP][PASSED] - openBrowser(""): Browser is opened with url: ''

2023-04-03 05:45:48 - [MESSAGE][WARNING] - A browser is already opened. Closing browser and opening a new one

2023-04-03 05:45:48 - [MESSAGE][INFO] - Starting 'Chrome' driver

2023-04-03 05:45:48 - [MESSAGE][INFO] - Action delay is set to 0 milliseconds

2023-04-03 05:45:49 - [MESSAGE][PASSED] - Browser is opened with url: ''

2023-04-03 05:45:49 - [TEST_STEP][PASSED] - testData = findTestData("Data Files/Web/Register_InvalidEmail"): null

2023-04-03 05:45:49 - [TEST_STEP][PASSED] - hasError = true: null

2023-04-03 05:45:49 - [TEST_STEP][FAILED] - for ([i = 1, i <= testData.getRowNumbers(), (i++)]): null

2023-04-03 05:45:49 - [TEST_STEP][PASSED] - email = testData.getValue("E-mail", i): null

2023-04-03 05:45:49 - [TEST_STEP][PASSED] - navigateToUrl("https://demo-app.online/daftar"): Navigate to 'https://demo-app.online/daftar' successfully

2023-04-03 05:45:51 - [MESSAGE][PASSED] - Navigate to 'https://demo-app.online/daftar' successfully

2023-04-03 05:45:51 - [TEST_STEP][PASSED] - setText(findTestObject("Object Repository/Web/Register/Reg_InputText_Nama"), "Rizki Khaerul Fajri"): Text 'Rizki Khaerul Fajri' is set on object 'Object Repository/Web/Register/Reg_InputText_Nama'

2023-04-03 05:45:52 - [MESSAGE][PASSED] - Text 'Rizki Khaerul Fajri' is set on object 'Object Repository/Web/Register/Reg_InputText_Nama'

2023-04-03 05:45:52 - [TEST_STEP][PASSED] - setText(findTestObject("Object Repository/Web/Register/Reg_InputText_BirthDay"), "18-Feb-1997"): Text '18-Feb-1997' is set on object 'Object Repository/Web/Register/Reg_InputText_BirthDay'

2023-04-03 05:45:53 - [MESSAGE][PASSED] - Text '18-Feb-1997' is set on object 'Object Repository/Web/Register/Reg_InputText_BirthDay'

2023-04-03 05:45:53 - [TEST_STEP][PASSED] - setText(findTestObject("Object Repository/Web/Register/Reg_InputText_Email"), email): Text 'usernameexample.com' is set on object 'Object Repository/Web/Register/Reg_InputText_Email'

2023-04-03 05:45:54 - [MESSAGE][PASSED] - Text 'usernameexample.com' is set on object 'Object Repository/Web/Register/Reg_InputText_Email'

2023-04-03 05:45:54 - [TEST_STEP][PASSED] - setText(findTestObject("Object Repository/Web/Register/Reg_InputText_Whatsapp"), "081324387267"): Text '081324387267' is set on object 'Object Repository/Web/Register/Reg_InputText_Whatsapp'

2023-04-03 05:45:54 - [MESSAGE][PASSED] - Text '081324387267' is set on object 'Object Repository/Web/Register/Reg_InputText_Whatsapp'

2023-04-03 05:45:54 - [TEST_STEP][PASSED] - setText(findTestObject("Object Repository/Web/Register/Reg_InputText_KataSandi"), "testingtesting"): Text 'testingtesting' is set on object 'Object Repository/Web/Register/Reg_InputText_KataSandi'

2023-04-03 05:45:55 - [MESSAGE][PASSED] - Text 'testingtesting' is set on object 'Object Repository/Web/Register/Reg_InputText_KataSandi'

2023-04-03 05:45:55 - [TEST_STEP][PASSED] - setText(findTestObject("Object Repository/Web/Register/Reg_InputText_KonfirmasiKataSandi"), "testingtesting"): Text 'testingtesting' is set on object 'Object Repository/Web/Register/Reg_InputText_KonfirmasiKataSandi'

2023-04-03 05:45:56 - [MESSAGE][PASSED] - Text 'testingtesting' is set on object 'Object Repository/Web/Register/Reg_InputText_KonfirmasiKataSandi'

2023-04-03 05:45:56 - [TEST_STEP][PASSED] - check(findTestObject("Object Repository/Web/Register/Reg_Checkbox_SyaratDanKetentuan")): Object 'Object Repository/Web/Register/Reg_Checkbox_SyaratDanKetentuan' is checked

2023-04-03 05:45:56 - [MESSAGE][PASSED] - Object 'Object Repository/Web/Register/Reg_Checkbox_SyaratDanKetentuan' is checked

2023-04-03 05:45:56 - [TEST_STEP][PASSED] - click(findTestObject("Object Repository/Web/Register/Reg_Button_Daftar")): Object: 'Object Repository/Web/Register/Reg_Button_Daftar' is clicked on

2023-04-03 05:45:57 - [MESSAGE][PASSED] - Object: 'Object Repository/Web/Register/Reg_Button_Daftar' is clicked on

2023-04-03 05:45:57 - [TEST_STEP][PASSED] - delay(1): Delayed 1 second(s)

2023-04-03 05:45:58 - [MESSAGE][PASSED] - Delayed 1 second(s)

2023-04-03 05:45:58 - [TEST_STEP][PASSED] - if (getUrl().equals("https://demo-app.online/email/verify")): Current window's url is: 'https://demo-app.online/daftar'

2023-04-03 05:45:58 - [MESSAGE][PASSED] - Current window's url is: 'https://demo-app.online/daftar'

2023-04-03 05:45:58 - [TEST_STEP][FAILED] - else: null

2023-04-03 05:45:58 - [TEST_STEP][PASSED] - try: null

2023-04-03 05:45:58 - [TEST_STEP][PASSED] - isValid = executeJavaScript("document.getElementById("email").reportValidity();", null): Execute JavaScript 'document.getElementById("email").reportValidity();' successfully

2023-04-03 05:45:58 - [MESSAGE][PASSED] - Execute JavaScript 'document.getElementById("email").reportValidity();' successfully

2023-04-03 05:45:58 - [TEST_STEP][PASSED] - assert !(isValid) : "Validation error should be displayed": null

2023-04-03 05:45:58 - [TEST_STEP][FAILED] - try: Unable to verify object 'Object Repository/WEB/Register/Reg_validationError_EmailRegisteredAlready' is present (Root cause: com.kms.katalon.core.exception.StepFailedException: Unable to verify object 'Object Repository/WEB/Register/Reg_validationError_EmailRegisteredAlready' is present
	at com.kms.katalon.core.webui.keyword.internal.WebUIKeywordMain.stepFailed(WebUIKeywordMain.groovy:64)
	at com.kms.katalon.core.webui.keyword.internal.WebUIKeywordMain.runKeyword(WebUIKeywordMain.groovy:26)
	at com.kms.katalon.core.webui.keyword.builtin.VerifyElementPresentKeyword.verifyElementPresent(VerifyElementPresentKeyword.groovy:92)
	at com.kms.katalon.core.webui.keyword.builtin.VerifyElementPresentKeyword.execute(VerifyElementPresentKeyword.groovy:68)
	at com.kms.katalon.core.keyword.internal.KeywordExecutor.executeKeywordForPlatform(KeywordExecutor.groovy:74)
	at com.kms.katalon.core.webui.keyword.WebUiBuiltInKeywords.verifyElementPresent(WebUiBuiltInKeywords.groovy:1464)
	at com.kms.katalon.core.webui.keyword.WebUiBuiltInKeywords$verifyElementPresent$7.call(Unknown Source)
	at REG-28.run(REG-28:67)
	at com.kms.katalon.core.main.ScriptEngine.run(ScriptEngine.java:194)
	at com.kms.katalon.core.main.ScriptEngine.runScriptAsRawText(ScriptEngine.java:119)
	at com.kms.katalon.core.main.TestCaseExecutor.runScript(TestCaseExecutor.java:448)
	at com.kms.katalon.core.main.TestCaseExecutor.doExecute(TestCaseExecutor.java:439)
	at com.kms.katalon.core.main.TestCaseExecutor.processExecutionPhase(TestCaseExecutor.java:418)
	at com.kms.katalon.core.main.TestCaseExecutor.accessMainPhase(TestCaseExecutor.java:410)
	at com.kms.katalon.core.main.TestCaseExecutor.execute(TestCaseExecutor.java:285)
	at com.kms.katalon.core.common.CommonExecutor.accessTestCaseMainPhase(CommonExecutor.java:65)
	at com.kms.katalon.core.main.TestSuiteExecutor.accessTestSuiteMainPhase(TestSuiteExecutor.java:151)
	at com.kms.katalon.core.main.TestSuiteExecutor.execute(TestSuiteExecutor.java:106)
	at com.kms.katalon.core.main.TestCaseMain.startTestSuite(TestCaseMain.java:185)
	at com.kms.katalon.core.main.TestCaseMain$startTestSuite$0.call(Unknown Source)
	at TempTestSuite1680475136875.run(TempTestSuite1680475136875.groovy:36)
Caused by: com.kms.katalon.core.exception.StepFailedException: com.kms.katalon.core.webui.exception.WebElementNotFoundException: Web element with id: 'Object Repository/WEB/Register/Reg_validationError_EmailRegisteredAlready' located by '(.//*[normalize-space(text()) and normalize-space(.)='E-Mail'])[1]/following::small[1]' not found
	at com.kms.katalon.core.webui.keyword.internal.WebUIKeywordMain.stepFailed(WebUIKeywordMain.groovy:64)
	at com.kms.katalon.core.webui.keyword.builtin.VerifyElementPresentKeyword$_verifyElementPresent_closure1.doCall(VerifyElementPresentKeyword.groovy:85)
	at com.kms.katalon.core.webui.keyword.builtin.VerifyElementPresentKeyword$_verifyElementPresent_closure1.call(VerifyElementPresentKeyword.groovy)
	at com.kms.katalon.core.webui.keyword.internal.WebUIKeywordMain.runKeyword(WebUIKeywordMain.groovy:20)
	... 19 more
)

2023-04-03 05:45:58 - [TEST_STEP][FAILED] - verifyElementPresent(findTestObject("Object Repository/WEB/Register/Reg_validationError_EmailRegisteredAlready"), 1): Unable to verify object 'Object Repository/WEB/Register/Reg_validationError_EmailRegisteredAlready' is present (Root cause: com.kms.katalon.core.exception.StepFailedException: Unable to verify object 'Object Repository/WEB/Register/Reg_validationError_EmailRegisteredAlready' is present
	at com.kms.katalon.core.webui.keyword.internal.WebUIKeywordMain.stepFailed(WebUIKeywordMain.groovy:64)
	at com.kms.katalon.core.webui.keyword.internal.WebUIKeywordMain.runKeyword(WebUIKeywordMain.groovy:26)
	at com.kms.katalon.core.webui.keyword.builtin.VerifyElementPresentKeyword.verifyElementPresent(VerifyElementPresentKeyword.groovy:92)
	at com.kms.katalon.core.webui.keyword.builtin.VerifyElementPresentKeyword.execute(VerifyElementPresentKeyword.groovy:68)
	at com.kms.katalon.core.keyword.internal.KeywordExecutor.executeKeywordForPlatform(KeywordExecutor.groovy:74)
	at com.kms.katalon.core.webui.keyword.WebUiBuiltInKeywords.verifyElementPresent(WebUiBuiltInKeywords.groovy:1464)
	at com.kms.katalon.core.webui.keyword.WebUiBuiltInKeywords$verifyElementPresent$7.call(Unknown Source)
	at REG-28.run(REG-28:67)
	at com.kms.katalon.core.main.ScriptEngine.run(ScriptEngine.java:194)
	at com.kms.katalon.core.main.ScriptEngine.runScriptAsRawText(ScriptEngine.java:119)
	at com.kms.katalon.core.main.TestCaseExecutor.runScript(TestCaseExecutor.java:448)
	at com.kms.katalon.core.main.TestCaseExecutor.doExecute(TestCaseExecutor.java:439)
	at com.kms.katalon.core.main.TestCaseExecutor.processExecutionPhase(TestCaseExecutor.java:418)
	at com.kms.katalon.core.main.TestCaseExecutor.accessMainPhase(TestCaseExecutor.java:410)
	at com.kms.katalon.core.main.TestCaseExecutor.execute(TestCaseExecutor.java:285)
	at com.kms.katalon.core.common.CommonExecutor.accessTestCaseMainPhase(CommonExecutor.java:65)
	at com.kms.katalon.core.main.TestSuiteExecutor.accessTestSuiteMainPhase(TestSuiteExecutor.java:151)
	at com.kms.katalon.core.main.TestSuiteExecutor.execute(TestSuiteExecutor.java:106)
	at com.kms.katalon.core.main.TestCaseMain.startTestSuite(TestCaseMain.java:185)
	at com.kms.katalon.core.main.TestCaseMain$startTestSuite$0.call(Unknown Source)
	at TempTestSuite1680475136875.run(TempTestSuite1680475136875.groovy:36)
Caused by: com.kms.katalon.core.exception.StepFailedException: com.kms.katalon.core.webui.exception.WebElementNotFoundException: Web element with id: 'Object Repository/WEB/Register/Reg_validationError_EmailRegisteredAlready' located by '(.//*[normalize-space(text()) and normalize-space(.)='E-Mail'])[1]/following::small[1]' not found
	at com.kms.katalon.core.webui.keyword.internal.WebUIKeywordMain.stepFailed(WebUIKeywordMain.groovy:64)
	at com.kms.katalon.core.webui.keyword.builtin.VerifyElementPresentKeyword$_verifyElementPresent_closure1.doCall(VerifyElementPresentKeyword.groovy:85)
	at com.kms.katalon.core.webui.keyword.builtin.VerifyElementPresentKeyword$_verifyElementPresent_closure1.call(VerifyElementPresentKeyword.groovy)
	at com.kms.katalon.core.webui.keyword.internal.WebUIKeywordMain.runKeyword(WebUIKeywordMain.groovy:20)
	... 19 more
)

2023-04-03 05:46:00 - [MESSAGE][INFO] - Unable to find the element located by 'By.xpath: (.//*[normalize-space(text()) and normalize-space(.)='E-Mail'])[1]/following::small[1]'. Please recheck the objects properties to make sure the desired element is located. 

2023-04-03 05:46:00 - [MESSAGE][FAILED] - com.kms.katalon.core.webui.exception.WebElementNotFoundException: Web element with id: 'Object Repository/WEB/Register/Reg_validationError_EmailRegisteredAlready' located by '(.//*[normalize-space(text()) and normalize-space(.)='E-Mail'])[1]/following::small[1]' not found (Root cause: com.kms.katalon.core.exception.StepFailedException: com.kms.katalon.core.webui.exception.WebElementNotFoundException: Web element with id: 'Object Repository/WEB/Register/Reg_validationError_EmailRegisteredAlready' located by '(.//*[normalize-space(text()) and normalize-space(.)='E-Mail'])[1]/following::small[1]' not found
	at com.kms.katalon.core.webui.keyword.internal.WebUIKeywordMain.stepFailed(WebUIKeywordMain.groovy:64)
	at com.kms.katalon.core.webui.keyword.builtin.VerifyElementPresentKeyword$_verifyElementPresent_closure1.doCall(VerifyElementPresentKeyword.groovy:85)
	at com.kms.katalon.core.webui.keyword.builtin.VerifyElementPresentKeyword$_verifyElementPresent_closure1.call(VerifyElementPresentKeyword.groovy)
	at com.kms.katalon.core.webui.keyword.internal.WebUIKeywordMain.runKeyword(WebUIKeywordMain.groovy:20)
	at com.kms.katalon.core.webui.keyword.builtin.VerifyElementPresentKeyword.verifyElementPresent(VerifyElementPresentKeyword.groovy:92)
	at com.kms.katalon.core.webui.keyword.builtin.VerifyElementPresentKeyword.execute(VerifyElementPresentKeyword.groovy:68)
	at com.kms.katalon.core.keyword.internal.KeywordExecutor.executeKeywordForPlatform(KeywordExecutor.groovy:74)
	at com.kms.katalon.core.webui.keyword.WebUiBuiltInKeywords.verifyElementPresent(WebUiBuiltInKeywords.groovy:1464)
	at com.kms.katalon.core.webui.keyword.WebUiBuiltInKeywords$verifyElementPresent$7.call(Unknown Source)
	at REG-28.run(REG-28:67)
	at com.kms.katalon.core.main.ScriptEngine.run(ScriptEngine.java:194)
	at com.kms.katalon.core.main.ScriptEngine.runScriptAsRawText(ScriptEngine.java:119)
	at com.kms.katalon.core.main.TestCaseExecutor.runScript(TestCaseExecutor.java:448)
	at com.kms.katalon.core.main.TestCaseExecutor.doExecute(TestCaseExecutor.java:439)
	at com.kms.katalon.core.main.TestCaseExecutor.processExecutionPhase(TestCaseExecutor.java:418)
	at com.kms.katalon.core.main.TestCaseExecutor.accessMainPhase(TestCaseExecutor.java:410)
	at com.kms.katalon.core.main.TestCaseExecutor.execute(TestCaseExecutor.java:285)
	at com.kms.katalon.core.common.CommonExecutor.accessTestCaseMainPhase(CommonExecutor.java:65)
	at com.kms.katalon.core.main.TestSuiteExecutor.accessTestSuiteMainPhase(TestSuiteExecutor.java:151)
	at com.kms.katalon.core.main.TestSuiteExecutor.execute(TestSuiteExecutor.java:106)
	at com.kms.katalon.core.main.TestCaseMain.startTestSuite(TestCaseMain.java:185)
	at com.kms.katalon.core.main.TestCaseMain$startTestSuite$0.call(Unknown Source)
	at TempTestSuite1680475136875.run(TempTestSuite1680475136875.groovy:36)
)
[[ATTACHMENT|C:\\Users\\rizki\\git\\CodingID-QA\\Reports\\20230403_053856\\WEB\\REG\\20230403_053856\\1680475560395.png]]

2023-04-03 05:46:00 - [MESSAGE][FAILED] - Unable to verify object 'Object Repository/WEB/Register/Reg_validationError_EmailRegisteredAlready' is present (Root cause: com.kms.katalon.core.exception.StepFailedException: Unable to verify object 'Object Repository/WEB/Register/Reg_validationError_EmailRegisteredAlready' is present
	at com.kms.katalon.core.webui.keyword.internal.WebUIKeywordMain.stepFailed(WebUIKeywordMain.groovy:64)
	at com.kms.katalon.core.webui.keyword.internal.WebUIKeywordMain.runKeyword(WebUIKeywordMain.groovy:26)
	at com.kms.katalon.core.webui.keyword.builtin.VerifyElementPresentKeyword.verifyElementPresent(VerifyElementPresentKeyword.groovy:92)
	at com.kms.katalon.core.webui.keyword.builtin.VerifyElementPresentKeyword.execute(VerifyElementPresentKeyword.groovy:68)
	at com.kms.katalon.core.keyword.internal.KeywordExecutor.executeKeywordForPlatform(KeywordExecutor.groovy:74)
	at com.kms.katalon.core.webui.keyword.WebUiBuiltInKeywords.verifyElementPresent(WebUiBuiltInKeywords.groovy:1464)
	at com.kms.katalon.core.webui.keyword.WebUiBuiltInKeywords$verifyElementPresent$7.call(Unknown Source)
	at REG-28.run(REG-28:67)
	at com.kms.katalon.core.main.ScriptEngine.run(ScriptEngine.java:194)
	at com.kms.katalon.core.main.ScriptEngine.runScriptAsRawText(ScriptEngine.java:119)
	at com.kms.katalon.core.main.TestCaseExecutor.runScript(TestCaseExecutor.java:448)
	at com.kms.katalon.core.main.TestCaseExecutor.doExecute(TestCaseExecutor.java:439)
	at com.kms.katalon.core.main.TestCaseExecutor.processExecutionPhase(TestCaseExecutor.java:418)
	at com.kms.katalon.core.main.TestCaseExecutor.accessMainPhase(TestCaseExecutor.java:410)
	at com.kms.katalon.core.main.TestCaseExecutor.execute(TestCaseExecutor.java:285)
	at com.kms.katalon.core.common.CommonExecutor.accessTestCaseMainPhase(CommonExecutor.java:65)
	at com.kms.katalon.core.main.TestSuiteExecutor.accessTestSuiteMainPhase(TestSuiteExecutor.java:151)
	at com.kms.katalon.core.main.TestSuiteExecutor.execute(TestSuiteExecutor.java:106)
	at com.kms.katalon.core.main.TestCaseMain.startTestSuite(TestCaseMain.java:185)
	at com.kms.katalon.core.main.TestCaseMain$startTestSuite$0.call(Unknown Source)
	at TempTestSuite1680475136875.run(TempTestSuite1680475136875.groovy:36)
Caused by: com.kms.katalon.core.exception.StepFailedException: com.kms.katalon.core.webui.exception.WebElementNotFoundException: Web element with id: 'Object Repository/WEB/Register/Reg_validationError_EmailRegisteredAlready' located by '(.//*[normalize-space(text()) and normalize-space(.)='E-Mail'])[1]/following::small[1]' not found
	at com.kms.katalon.core.webui.keyword.internal.WebUIKeywordMain.stepFailed(WebUIKeywordMain.groovy:64)
	at com.kms.katalon.core.webui.keyword.builtin.VerifyElementPresentKeyword$_verifyElementPresent_closure1.doCall(VerifyElementPresentKeyword.groovy:85)
	at com.kms.katalon.core.webui.keyword.builtin.VerifyElementPresentKeyword$_verifyElementPresent_closure1.call(VerifyElementPresentKeyword.groovy)
	at com.kms.katalon.core.webui.keyword.internal.WebUIKeywordMain.runKeyword(WebUIKeywordMain.groovy:20)
	... 19 more
)
[[ATTACHMENT|C:\\Users\\rizki\\git\\CodingID-QA\\Reports\\20230403_053856\\WEB\\REG\\20230403_053856\\1680475560550.png]]

2023-04-03 05:46:00 - [TEST_STEP][PASSED] - catch (com.kms.katalon.core.exception.StepFailedException e): null

2023-04-03 05:46:00 - [TEST_STEP][PASSED] - if (!(hasError)): null

2023-04-03 05:46:00 - [TEST_STEP][PASSED] - email = testData.getValue("E-mail", i): null

2023-04-03 05:46:00 - [TEST_STEP][PASSED] - navigateToUrl("https://demo-app.online/daftar"): Navigate to 'https://demo-app.online/daftar' successfully

2023-04-03 05:46:01 - [MESSAGE][PASSED] - Navigate to 'https://demo-app.online/daftar' successfully

2023-04-03 05:46:01 - [TEST_STEP][PASSED] - setText(findTestObject("Object Repository/Web/Register/Reg_InputText_Nama"), "Rizki Khaerul Fajri"): Text 'Rizki Khaerul Fajri' is set on object 'Object Repository/Web/Register/Reg_InputText_Nama'

2023-04-03 05:46:02 - [MESSAGE][PASSED] - Text 'Rizki Khaerul Fajri' is set on object 'Object Repository/Web/Register/Reg_InputText_Nama'

2023-04-03 05:46:02 - [TEST_STEP][PASSED] - setText(findTestObject("Object Repository/Web/Register/Reg_InputText_BirthDay"), "18-Feb-1997"): Text '18-Feb-1997' is set on object 'Object Repository/Web/Register/Reg_InputText_BirthDay'

2023-04-03 05:46:03 - [MESSAGE][PASSED] - Text '18-Feb-1997' is set on object 'Object Repository/Web/Register/Reg_InputText_BirthDay'

2023-04-03 05:46:03 - [TEST_STEP][PASSED] - setText(findTestObject("Object Repository/Web/Register/Reg_InputText_Email"), email): Text 'user..name@example.com' is set on object 'Object Repository/Web/Register/Reg_InputText_Email'

2023-04-03 05:46:03 - [MESSAGE][PASSED] - Text 'user..name@example.com' is set on object 'Object Repository/Web/Register/Reg_InputText_Email'

2023-04-03 05:46:03 - [TEST_STEP][PASSED] - setText(findTestObject("Object Repository/Web/Register/Reg_InputText_Whatsapp"), "081324387267"): Text '081324387267' is set on object 'Object Repository/Web/Register/Reg_InputText_Whatsapp'

2023-04-03 05:46:04 - [MESSAGE][PASSED] - Text '081324387267' is set on object 'Object Repository/Web/Register/Reg_InputText_Whatsapp'

2023-04-03 05:46:04 - [TEST_STEP][PASSED] - setText(findTestObject("Object Repository/Web/Register/Reg_InputText_KataSandi"), "testingtesting"): Text 'testingtesting' is set on object 'Object Repository/Web/Register/Reg_InputText_KataSandi'

2023-04-03 05:46:05 - [MESSAGE][PASSED] - Text 'testingtesting' is set on object 'Object Repository/Web/Register/Reg_InputText_KataSandi'

2023-04-03 05:46:05 - [TEST_STEP][PASSED] - setText(findTestObject("Object Repository/Web/Register/Reg_InputText_KonfirmasiKataSandi"), "testingtesting"): Text 'testingtesting' is set on object 'Object Repository/Web/Register/Reg_InputText_KonfirmasiKataSandi'

2023-04-03 05:46:05 - [MESSAGE][PASSED] - Text 'testingtesting' is set on object 'Object Repository/Web/Register/Reg_InputText_KonfirmasiKataSandi'

2023-04-03 05:46:05 - [TEST_STEP][PASSED] - check(findTestObject("Object Repository/Web/Register/Reg_Checkbox_SyaratDanKetentuan")): Object 'Object Repository/Web/Register/Reg_Checkbox_SyaratDanKetentuan' is checked

2023-04-03 05:46:06 - [MESSAGE][PASSED] - Object 'Object Repository/Web/Register/Reg_Checkbox_SyaratDanKetentuan' is checked

2023-04-03 05:46:06 - [TEST_STEP][PASSED] - click(findTestObject("Object Repository/Web/Register/Reg_Button_Daftar")): Object: 'Object Repository/Web/Register/Reg_Button_Daftar' is clicked on

2023-04-03 05:46:08 - [MESSAGE][PASSED] - Object: 'Object Repository/Web/Register/Reg_Button_Daftar' is clicked on

2023-04-03 05:46:08 - [TEST_STEP][PASSED] - delay(1): Delayed 1 second(s)

2023-04-03 05:46:09 - [MESSAGE][PASSED] - Delayed 1 second(s)

2023-04-03 05:46:09 - [TEST_STEP][PASSED] - if (getUrl().equals("https://demo-app.online/email/verify")): Current window's url is: 'https://demo-app.online/daftar'

2023-04-03 05:46:09 - [MESSAGE][PASSED] - Current window's url is: 'https://demo-app.online/daftar'

2023-04-03 05:46:09 - [TEST_STEP][PASSED] - else: null

2023-04-03 05:46:09 - [TEST_STEP][PASSED] - try: null

2023-04-03 05:46:09 - [TEST_STEP][PASSED] - isValid = executeJavaScript("document.getElementById("email").reportValidity();", null): Execute JavaScript 'document.getElementById("email").reportValidity();' successfully

2023-04-03 05:46:09 - [MESSAGE][PASSED] - Execute JavaScript 'document.getElementById("email").reportValidity();' successfully

2023-04-03 05:46:09 - [TEST_STEP][PASSED] - assert !(isValid) : "Validation error should be displayed": null

2023-04-03 05:46:09 - [TEST_STEP][PASSED] - try: null

2023-04-03 05:46:09 - [TEST_STEP][PASSED] - verifyElementPresent(findTestObject("Object Repository/WEB/Register/Reg_validationError_EmailRegisteredAlready"), 1): Object 'Object Repository/WEB/Register/Reg_validationError_EmailRegisteredAlready' is present

2023-04-03 05:46:10 - [MESSAGE][PASSED] - Object 'Object Repository/WEB/Register/Reg_validationError_EmailRegisteredAlready' is present

2023-04-03 05:46:10 - [TEST_STEP][PASSED] - hasError = true: null

2023-04-03 05:46:10 - [TEST_STEP][PASSED] - if (!(hasError)): null

2023-04-03 05:46:10 - [TEST_STEP][PASSED] - email = testData.getValue("E-mail", i): null

2023-04-03 05:46:10 - [TEST_STEP][PASSED] - navigateToUrl("https://demo-app.online/daftar"): Navigate to 'https://demo-app.online/daftar' successfully

2023-04-03 05:46:11 - [MESSAGE][PASSED] - Navigate to 'https://demo-app.online/daftar' successfully

2023-04-03 05:46:11 - [TEST_STEP][PASSED] - setText(findTestObject("Object Repository/Web/Register/Reg_InputText_Nama"), "Rizki Khaerul Fajri"): Text 'Rizki Khaerul Fajri' is set on object 'Object Repository/Web/Register/Reg_InputText_Nama'

2023-04-03 05:46:12 - [MESSAGE][PASSED] - Text 'Rizki Khaerul Fajri' is set on object 'Object Repository/Web/Register/Reg_InputText_Nama'

2023-04-03 05:46:12 - [TEST_STEP][PASSED] - setText(findTestObject("Object Repository/Web/Register/Reg_InputText_BirthDay"), "18-Feb-1997"): Text '18-Feb-1997' is set on object 'Object Repository/Web/Register/Reg_InputText_BirthDay'

2023-04-03 05:46:13 - [MESSAGE][PASSED] - Text '18-Feb-1997' is set on object 'Object Repository/Web/Register/Reg_InputText_BirthDay'

2023-04-03 05:46:13 - [TEST_STEP][PASSED] - setText(findTestObject("Object Repository/Web/Register/Reg_InputText_Email"), email): Text 'username@example..com' is set on object 'Object Repository/Web/Register/Reg_InputText_Email'

2023-04-03 05:46:13 - [MESSAGE][PASSED] - Text 'username@example..com' is set on object 'Object Repository/Web/Register/Reg_InputText_Email'

2023-04-03 05:46:13 - [TEST_STEP][PASSED] - setText(findTestObject("Object Repository/Web/Register/Reg_InputText_Whatsapp"), "081324387267"): Text '081324387267' is set on object 'Object Repository/Web/Register/Reg_InputText_Whatsapp'

2023-04-03 05:46:14 - [MESSAGE][PASSED] - Text '081324387267' is set on object 'Object Repository/Web/Register/Reg_InputText_Whatsapp'

2023-04-03 05:46:14 - [TEST_STEP][PASSED] - setText(findTestObject("Object Repository/Web/Register/Reg_InputText_KataSandi"), "testingtesting"): Text 'testingtesting' is set on object 'Object Repository/Web/Register/Reg_InputText_KataSandi'

2023-04-03 05:46:15 - [MESSAGE][PASSED] - Text 'testingtesting' is set on object 'Object Repository/Web/Register/Reg_InputText_KataSandi'

2023-04-03 05:46:15 - [TEST_STEP][PASSED] - setText(findTestObject("Object Repository/Web/Register/Reg_InputText_KonfirmasiKataSandi"), "testingtesting"): Text 'testingtesting' is set on object 'Object Repository/Web/Register/Reg_InputText_KonfirmasiKataSandi'

2023-04-03 05:46:15 - [MESSAGE][PASSED] - Text 'testingtesting' is set on object 'Object Repository/Web/Register/Reg_InputText_KonfirmasiKataSandi'

2023-04-03 05:46:15 - [TEST_STEP][PASSED] - check(findTestObject("Object Repository/Web/Register/Reg_Checkbox_SyaratDanKetentuan")): Object 'Object Repository/Web/Register/Reg_Checkbox_SyaratDanKetentuan' is checked

2023-04-03 05:46:16 - [MESSAGE][PASSED] - Object 'Object Repository/Web/Register/Reg_Checkbox_SyaratDanKetentuan' is checked

2023-04-03 05:46:16 - [TEST_STEP][PASSED] - click(findTestObject("Object Repository/Web/Register/Reg_Button_Daftar")): Object: 'Object Repository/Web/Register/Reg_Button_Daftar' is clicked on

2023-04-03 05:46:16 - [MESSAGE][PASSED] - Object: 'Object Repository/Web/Register/Reg_Button_Daftar' is clicked on

2023-04-03 05:46:16 - [TEST_STEP][PASSED] - delay(1): Delayed 1 second(s)

2023-04-03 05:46:17 - [MESSAGE][PASSED] - Delayed 1 second(s)

2023-04-03 05:46:17 - [TEST_STEP][PASSED] - if (getUrl().equals("https://demo-app.online/email/verify")): Current window's url is: 'https://demo-app.online/daftar'

2023-04-03 05:46:17 - [MESSAGE][PASSED] - Current window's url is: 'https://demo-app.online/daftar'

2023-04-03 05:46:17 - [TEST_STEP][FAILED] - else: null

2023-04-03 05:46:17 - [TEST_STEP][PASSED] - try: null

2023-04-03 05:46:17 - [TEST_STEP][PASSED] - isValid = executeJavaScript("document.getElementById("email").reportValidity();", null): Execute JavaScript 'document.getElementById("email").reportValidity();' successfully

2023-04-03 05:46:17 - [MESSAGE][PASSED] - Execute JavaScript 'document.getElementById("email").reportValidity();' successfully

2023-04-03 05:46:17 - [TEST_STEP][PASSED] - assert !(isValid) : "Validation error should be displayed": null

2023-04-03 05:46:17 - [TEST_STEP][FAILED] - try: Unable to verify object 'Object Repository/WEB/Register/Reg_validationError_EmailRegisteredAlready' is present (Root cause: com.kms.katalon.core.exception.StepFailedException: Unable to verify object 'Object Repository/WEB/Register/Reg_validationError_EmailRegisteredAlready' is present
	at com.kms.katalon.core.webui.keyword.internal.WebUIKeywordMain.stepFailed(WebUIKeywordMain.groovy:64)
	at com.kms.katalon.core.webui.keyword.internal.WebUIKeywordMain.runKeyword(WebUIKeywordMain.groovy:26)
	at com.kms.katalon.core.webui.keyword.builtin.VerifyElementPresentKeyword.verifyElementPresent(VerifyElementPresentKeyword.groovy:92)
	at com.kms.katalon.core.webui.keyword.builtin.VerifyElementPresentKeyword.execute(VerifyElementPresentKeyword.groovy:68)
	at com.kms.katalon.core.keyword.internal.KeywordExecutor.executeKeywordForPlatform(KeywordExecutor.groovy:74)
	at com.kms.katalon.core.webui.keyword.WebUiBuiltInKeywords.verifyElementPresent(WebUiBuiltInKeywords.groovy:1464)
	at com.kms.katalon.core.webui.keyword.WebUiBuiltInKeywords$verifyElementPresent$7.call(Unknown Source)
	at REG-28.run(REG-28:67)
	at com.kms.katalon.core.main.ScriptEngine.run(ScriptEngine.java:194)
	at com.kms.katalon.core.main.ScriptEngine.runScriptAsRawText(ScriptEngine.java:119)
	at com.kms.katalon.core.main.TestCaseExecutor.runScript(TestCaseExecutor.java:448)
	at com.kms.katalon.core.main.TestCaseExecutor.doExecute(TestCaseExecutor.java:439)
	at com.kms.katalon.core.main.TestCaseExecutor.processExecutionPhase(TestCaseExecutor.java:418)
	at com.kms.katalon.core.main.TestCaseExecutor.accessMainPhase(TestCaseExecutor.java:410)
	at com.kms.katalon.core.main.TestCaseExecutor.execute(TestCaseExecutor.java:285)
	at com.kms.katalon.core.common.CommonExecutor.accessTestCaseMainPhase(CommonExecutor.java:65)
	at com.kms.katalon.core.main.TestSuiteExecutor.accessTestSuiteMainPhase(TestSuiteExecutor.java:151)
	at com.kms.katalon.core.main.TestSuiteExecutor.execute(TestSuiteExecutor.java:106)
	at com.kms.katalon.core.main.TestCaseMain.startTestSuite(TestCaseMain.java:185)
	at com.kms.katalon.core.main.TestCaseMain$startTestSuite$0.call(Unknown Source)
	at TempTestSuite1680475136875.run(TempTestSuite1680475136875.groovy:36)
Caused by: com.kms.katalon.core.exception.StepFailedException: com.kms.katalon.core.webui.exception.WebElementNotFoundException: Web element with id: 'Object Repository/WEB/Register/Reg_validationError_EmailRegisteredAlready' located by '(.//*[normalize-space(text()) and normalize-space(.)='E-Mail'])[1]/following::small[1]' not found
	at com.kms.katalon.core.webui.keyword.internal.WebUIKeywordMain.stepFailed(WebUIKeywordMain.groovy:64)
	at com.kms.katalon.core.webui.keyword.builtin.VerifyElementPresentKeyword$_verifyElementPresent_closure1.doCall(VerifyElementPresentKeyword.groovy:85)
	at com.kms.katalon.core.webui.keyword.builtin.VerifyElementPresentKeyword$_verifyElementPresent_closure1.call(VerifyElementPresentKeyword.groovy)
	at com.kms.katalon.core.webui.keyword.internal.WebUIKeywordMain.runKeyword(WebUIKeywordMain.groovy:20)
	... 19 more
)

2023-04-03 05:46:17 - [TEST_STEP][FAILED] - verifyElementPresent(findTestObject("Object Repository/WEB/Register/Reg_validationError_EmailRegisteredAlready"), 1): Unable to verify object 'Object Repository/WEB/Register/Reg_validationError_EmailRegisteredAlready' is present (Root cause: com.kms.katalon.core.exception.StepFailedException: Unable to verify object 'Object Repository/WEB/Register/Reg_validationError_EmailRegisteredAlready' is present
	at com.kms.katalon.core.webui.keyword.internal.WebUIKeywordMain.stepFailed(WebUIKeywordMain.groovy:64)
	at com.kms.katalon.core.webui.keyword.internal.WebUIKeywordMain.runKeyword(WebUIKeywordMain.groovy:26)
	at com.kms.katalon.core.webui.keyword.builtin.VerifyElementPresentKeyword.verifyElementPresent(VerifyElementPresentKeyword.groovy:92)
	at com.kms.katalon.core.webui.keyword.builtin.VerifyElementPresentKeyword.execute(VerifyElementPresentKeyword.groovy:68)
	at com.kms.katalon.core.keyword.internal.KeywordExecutor.executeKeywordForPlatform(KeywordExecutor.groovy:74)
	at com.kms.katalon.core.webui.keyword.WebUiBuiltInKeywords.verifyElementPresent(WebUiBuiltInKeywords.groovy:1464)
	at com.kms.katalon.core.webui.keyword.WebUiBuiltInKeywords$verifyElementPresent$7.call(Unknown Source)
	at REG-28.run(REG-28:67)
	at com.kms.katalon.core.main.ScriptEngine.run(ScriptEngine.java:194)
	at com.kms.katalon.core.main.ScriptEngine.runScriptAsRawText(ScriptEngine.java:119)
	at com.kms.katalon.core.main.TestCaseExecutor.runScript(TestCaseExecutor.java:448)
	at com.kms.katalon.core.main.TestCaseExecutor.doExecute(TestCaseExecutor.java:439)
	at com.kms.katalon.core.main.TestCaseExecutor.processExecutionPhase(TestCaseExecutor.java:418)
	at com.kms.katalon.core.main.TestCaseExecutor.accessMainPhase(TestCaseExecutor.java:410)
	at com.kms.katalon.core.main.TestCaseExecutor.execute(TestCaseExecutor.java:285)
	at com.kms.katalon.core.common.CommonExecutor.accessTestCaseMainPhase(CommonExecutor.java:65)
	at com.kms.katalon.core.main.TestSuiteExecutor.accessTestSuiteMainPhase(TestSuiteExecutor.java:151)
	at com.kms.katalon.core.main.TestSuiteExecutor.execute(TestSuiteExecutor.java:106)
	at com.kms.katalon.core.main.TestCaseMain.startTestSuite(TestCaseMain.java:185)
	at com.kms.katalon.core.main.TestCaseMain$startTestSuite$0.call(Unknown Source)
	at TempTestSuite1680475136875.run(TempTestSuite1680475136875.groovy:36)
Caused by: com.kms.katalon.core.exception.StepFailedException: com.kms.katalon.core.webui.exception.WebElementNotFoundException: Web element with id: 'Object Repository/WEB/Register/Reg_validationError_EmailRegisteredAlready' located by '(.//*[normalize-space(text()) and normalize-space(.)='E-Mail'])[1]/following::small[1]' not found
	at com.kms.katalon.core.webui.keyword.internal.WebUIKeywordMain.stepFailed(WebUIKeywordMain.groovy:64)
	at com.kms.katalon.core.webui.keyword.builtin.VerifyElementPresentKeyword$_verifyElementPresent_closure1.doCall(VerifyElementPresentKeyword.groovy:85)
	at com.kms.katalon.core.webui.keyword.builtin.VerifyElementPresentKeyword$_verifyElementPresent_closure1.call(VerifyElementPresentKeyword.groovy)
	at com.kms.katalon.core.webui.keyword.internal.WebUIKeywordMain.runKeyword(WebUIKeywordMain.groovy:20)
	... 19 more
)

2023-04-03 05:46:20 - [MESSAGE][INFO] - Unable to find the element located by 'By.xpath: (.//*[normalize-space(text()) and normalize-space(.)='E-Mail'])[1]/following::small[1]'. Please recheck the objects properties to make sure the desired element is located. 

2023-04-03 05:46:20 - [MESSAGE][FAILED] - com.kms.katalon.core.webui.exception.WebElementNotFoundException: Web element with id: 'Object Repository/WEB/Register/Reg_validationError_EmailRegisteredAlready' located by '(.//*[normalize-space(text()) and normalize-space(.)='E-Mail'])[1]/following::small[1]' not found (Root cause: com.kms.katalon.core.exception.StepFailedException: com.kms.katalon.core.webui.exception.WebElementNotFoundException: Web element with id: 'Object Repository/WEB/Register/Reg_validationError_EmailRegisteredAlready' located by '(.//*[normalize-space(text()) and normalize-space(.)='E-Mail'])[1]/following::small[1]' not found
	at com.kms.katalon.core.webui.keyword.internal.WebUIKeywordMain.stepFailed(WebUIKeywordMain.groovy:64)
	at com.kms.katalon.core.webui.keyword.builtin.VerifyElementPresentKeyword$_verifyElementPresent_closure1.doCall(VerifyElementPresentKeyword.groovy:85)
	at com.kms.katalon.core.webui.keyword.builtin.VerifyElementPresentKeyword$_verifyElementPresent_closure1.call(VerifyElementPresentKeyword.groovy)
	at com.kms.katalon.core.webui.keyword.internal.WebUIKeywordMain.runKeyword(WebUIKeywordMain.groovy:20)
	at com.kms.katalon.core.webui.keyword.builtin.VerifyElementPresentKeyword.verifyElementPresent(VerifyElementPresentKeyword.groovy:92)
	at com.kms.katalon.core.webui.keyword.builtin.VerifyElementPresentKeyword.execute(VerifyElementPresentKeyword.groovy:68)
	at com.kms.katalon.core.keyword.internal.KeywordExecutor.executeKeywordForPlatform(KeywordExecutor.groovy:74)
	at com.kms.katalon.core.webui.keyword.WebUiBuiltInKeywords.verifyElementPresent(WebUiBuiltInKeywords.groovy:1464)
	at com.kms.katalon.core.webui.keyword.WebUiBuiltInKeywords$verifyElementPresent$7.call(Unknown Source)
	at REG-28.run(REG-28:67)
	at com.kms.katalon.core.main.ScriptEngine.run(ScriptEngine.java:194)
	at com.kms.katalon.core.main.ScriptEngine.runScriptAsRawText(ScriptEngine.java:119)
	at com.kms.katalon.core.main.TestCaseExecutor.runScript(TestCaseExecutor.java:448)
	at com.kms.katalon.core.main.TestCaseExecutor.doExecute(TestCaseExecutor.java:439)
	at com.kms.katalon.core.main.TestCaseExecutor.processExecutionPhase(TestCaseExecutor.java:418)
	at com.kms.katalon.core.main.TestCaseExecutor.accessMainPhase(TestCaseExecutor.java:410)
	at com.kms.katalon.core.main.TestCaseExecutor.execute(TestCaseExecutor.java:285)
	at com.kms.katalon.core.common.CommonExecutor.accessTestCaseMainPhase(CommonExecutor.java:65)
	at com.kms.katalon.core.main.TestSuiteExecutor.accessTestSuiteMainPhase(TestSuiteExecutor.java:151)
	at com.kms.katalon.core.main.TestSuiteExecutor.execute(TestSuiteExecutor.java:106)
	at com.kms.katalon.core.main.TestCaseMain.startTestSuite(TestCaseMain.java:185)
	at com.kms.katalon.core.main.TestCaseMain$startTestSuite$0.call(Unknown Source)
	at TempTestSuite1680475136875.run(TempTestSuite1680475136875.groovy:36)
)
[[ATTACHMENT|C:\\Users\\rizki\\git\\CodingID-QA\\Reports\\20230403_053856\\WEB\\REG\\20230403_053856\\1680475580139.png]]

2023-04-03 05:46:20 - [MESSAGE][FAILED] - Unable to verify object 'Object Repository/WEB/Register/Reg_validationError_EmailRegisteredAlready' is present (Root cause: com.kms.katalon.core.exception.StepFailedException: Unable to verify object 'Object Repository/WEB/Register/Reg_validationError_EmailRegisteredAlready' is present
	at com.kms.katalon.core.webui.keyword.internal.WebUIKeywordMain.stepFailed(WebUIKeywordMain.groovy:64)
	at com.kms.katalon.core.webui.keyword.internal.WebUIKeywordMain.runKeyword(WebUIKeywordMain.groovy:26)
	at com.kms.katalon.core.webui.keyword.builtin.VerifyElementPresentKeyword.verifyElementPresent(VerifyElementPresentKeyword.groovy:92)
	at com.kms.katalon.core.webui.keyword.builtin.VerifyElementPresentKeyword.execute(VerifyElementPresentKeyword.groovy:68)
	at com.kms.katalon.core.keyword.internal.KeywordExecutor.executeKeywordForPlatform(KeywordExecutor.groovy:74)
	at com.kms.katalon.core.webui.keyword.WebUiBuiltInKeywords.verifyElementPresent(WebUiBuiltInKeywords.groovy:1464)
	at com.kms.katalon.core.webui.keyword.WebUiBuiltInKeywords$verifyElementPresent$7.call(Unknown Source)
	at REG-28.run(REG-28:67)
	at com.kms.katalon.core.main.ScriptEngine.run(ScriptEngine.java:194)
	at com.kms.katalon.core.main.ScriptEngine.runScriptAsRawText(ScriptEngine.java:119)
	at com.kms.katalon.core.main.TestCaseExecutor.runScript(TestCaseExecutor.java:448)
	at com.kms.katalon.core.main.TestCaseExecutor.doExecute(TestCaseExecutor.java:439)
	at com.kms.katalon.core.main.TestCaseExecutor.processExecutionPhase(TestCaseExecutor.java:418)
	at com.kms.katalon.core.main.TestCaseExecutor.accessMainPhase(TestCaseExecutor.java:410)
	at com.kms.katalon.core.main.TestCaseExecutor.execute(TestCaseExecutor.java:285)
	at com.kms.katalon.core.common.CommonExecutor.accessTestCaseMainPhase(CommonExecutor.java:65)
	at com.kms.katalon.core.main.TestSuiteExecutor.accessTestSuiteMainPhase(TestSuiteExecutor.java:151)
	at com.kms.katalon.core.main.TestSuiteExecutor.execute(TestSuiteExecutor.java:106)
	at com.kms.katalon.core.main.TestCaseMain.startTestSuite(TestCaseMain.java:185)
	at com.kms.katalon.core.main.TestCaseMain$startTestSuite$0.call(Unknown Source)
	at TempTestSuite1680475136875.run(TempTestSuite1680475136875.groovy:36)
Caused by: com.kms.katalon.core.exception.StepFailedException: com.kms.katalon.core.webui.exception.WebElementNotFoundException: Web element with id: 'Object Repository/WEB/Register/Reg_validationError_EmailRegisteredAlready' located by '(.//*[normalize-space(text()) and normalize-space(.)='E-Mail'])[1]/following::small[1]' not found
	at com.kms.katalon.core.webui.keyword.internal.WebUIKeywordMain.stepFailed(WebUIKeywordMain.groovy:64)
	at com.kms.katalon.core.webui.keyword.builtin.VerifyElementPresentKeyword$_verifyElementPresent_closure1.doCall(VerifyElementPresentKeyword.groovy:85)
	at com.kms.katalon.core.webui.keyword.builtin.VerifyElementPresentKeyword$_verifyElementPresent_closure1.call(VerifyElementPresentKeyword.groovy)
	at com.kms.katalon.core.webui.keyword.internal.WebUIKeywordMain.runKeyword(WebUIKeywordMain.groovy:20)
	... 19 more
)
[[ATTACHMENT|C:\\Users\\rizki\\git\\CodingID-QA\\Reports\\20230403_053856\\WEB\\REG\\20230403_053856\\1680475580244.png]]

2023-04-03 05:46:20 - [TEST_STEP][PASSED] - catch (com.kms.katalon.core.exception.StepFailedException e): null

2023-04-03 05:46:20 - [TEST_STEP][PASSED] - if (!(hasError)): null

2023-04-03 05:46:20 - [TEST_STEP][PASSED] - email = testData.getValue("E-mail", i): null

2023-04-03 05:46:20 - [TEST_STEP][PASSED] - navigateToUrl("https://demo-app.online/daftar"): Navigate to 'https://demo-app.online/daftar' successfully

2023-04-03 05:46:20 - [MESSAGE][PASSED] - Navigate to 'https://demo-app.online/daftar' successfully

2023-04-03 05:46:20 - [TEST_STEP][PASSED] - setText(findTestObject("Object Repository/Web/Register/Reg_InputText_Nama"), "Rizki Khaerul Fajri"): Text 'Rizki Khaerul Fajri' is set on object 'Object Repository/Web/Register/Reg_InputText_Nama'

2023-04-03 05:46:21 - [MESSAGE][PASSED] - Text 'Rizki Khaerul Fajri' is set on object 'Object Repository/Web/Register/Reg_InputText_Nama'

2023-04-03 05:46:21 - [TEST_STEP][PASSED] - setText(findTestObject("Object Repository/Web/Register/Reg_InputText_BirthDay"), "18-Feb-1997"): Text '18-Feb-1997' is set on object 'Object Repository/Web/Register/Reg_InputText_BirthDay'

2023-04-03 05:46:22 - [MESSAGE][PASSED] - Text '18-Feb-1997' is set on object 'Object Repository/Web/Register/Reg_InputText_BirthDay'

2023-04-03 05:46:22 - [TEST_STEP][PASSED] - setText(findTestObject("Object Repository/Web/Register/Reg_InputText_Email"), email): Text 'user name@example.com' is set on object 'Object Repository/Web/Register/Reg_InputText_Email'

2023-04-03 05:46:23 - [MESSAGE][PASSED] - Text 'user name@example.com' is set on object 'Object Repository/Web/Register/Reg_InputText_Email'

2023-04-03 05:46:23 - [TEST_STEP][PASSED] - setText(findTestObject("Object Repository/Web/Register/Reg_InputText_Whatsapp"), "081324387267"): Text '081324387267' is set on object 'Object Repository/Web/Register/Reg_InputText_Whatsapp'

2023-04-03 05:46:24 - [MESSAGE][PASSED] - Text '081324387267' is set on object 'Object Repository/Web/Register/Reg_InputText_Whatsapp'

2023-04-03 05:46:24 - [TEST_STEP][PASSED] - setText(findTestObject("Object Repository/Web/Register/Reg_InputText_KataSandi"), "testingtesting"): Text 'testingtesting' is set on object 'Object Repository/Web/Register/Reg_InputText_KataSandi'

2023-04-03 05:46:24 - [MESSAGE][PASSED] - Text 'testingtesting' is set on object 'Object Repository/Web/Register/Reg_InputText_KataSandi'

2023-04-03 05:46:24 - [TEST_STEP][PASSED] - setText(findTestObject("Object Repository/Web/Register/Reg_InputText_KonfirmasiKataSandi"), "testingtesting"): Text 'testingtesting' is set on object 'Object Repository/Web/Register/Reg_InputText_KonfirmasiKataSandi'

2023-04-03 05:46:25 - [MESSAGE][PASSED] - Text 'testingtesting' is set on object 'Object Repository/Web/Register/Reg_InputText_KonfirmasiKataSandi'

2023-04-03 05:46:25 - [TEST_STEP][PASSED] - check(findTestObject("Object Repository/Web/Register/Reg_Checkbox_SyaratDanKetentuan")): Object 'Object Repository/Web/Register/Reg_Checkbox_SyaratDanKetentuan' is checked

2023-04-03 05:46:25 - [MESSAGE][PASSED] - Object 'Object Repository/Web/Register/Reg_Checkbox_SyaratDanKetentuan' is checked

2023-04-03 05:46:25 - [TEST_STEP][PASSED] - click(findTestObject("Object Repository/Web/Register/Reg_Button_Daftar")): Object: 'Object Repository/Web/Register/Reg_Button_Daftar' is clicked on

2023-04-03 05:46:26 - [MESSAGE][PASSED] - Object: 'Object Repository/Web/Register/Reg_Button_Daftar' is clicked on

2023-04-03 05:46:26 - [TEST_STEP][PASSED] - delay(1): Delayed 1 second(s)

2023-04-03 05:46:27 - [MESSAGE][PASSED] - Delayed 1 second(s)

2023-04-03 05:46:27 - [TEST_STEP][PASSED] - if (getUrl().equals("https://demo-app.online/email/verify")): Current window's url is: 'https://demo-app.online/daftar'

2023-04-03 05:46:27 - [MESSAGE][PASSED] - Current window's url is: 'https://demo-app.online/daftar'

2023-04-03 05:46:27 - [TEST_STEP][FAILED] - else: null

2023-04-03 05:46:27 - [TEST_STEP][PASSED] - try: null

2023-04-03 05:46:27 - [TEST_STEP][PASSED] - isValid = executeJavaScript("document.getElementById("email").reportValidity();", null): Execute JavaScript 'document.getElementById("email").reportValidity();' successfully

2023-04-03 05:46:27 - [MESSAGE][PASSED] - Execute JavaScript 'document.getElementById("email").reportValidity();' successfully

2023-04-03 05:46:27 - [TEST_STEP][PASSED] - assert !(isValid) : "Validation error should be displayed": null

2023-04-03 05:46:27 - [TEST_STEP][FAILED] - try: Unable to verify object 'Object Repository/WEB/Register/Reg_validationError_EmailRegisteredAlready' is present (Root cause: com.kms.katalon.core.exception.StepFailedException: Unable to verify object 'Object Repository/WEB/Register/Reg_validationError_EmailRegisteredAlready' is present
	at com.kms.katalon.core.webui.keyword.internal.WebUIKeywordMain.stepFailed(WebUIKeywordMain.groovy:64)
	at com.kms.katalon.core.webui.keyword.internal.WebUIKeywordMain.runKeyword(WebUIKeywordMain.groovy:26)
	at com.kms.katalon.core.webui.keyword.builtin.VerifyElementPresentKeyword.verifyElementPresent(VerifyElementPresentKeyword.groovy:92)
	at com.kms.katalon.core.webui.keyword.builtin.VerifyElementPresentKeyword.execute(VerifyElementPresentKeyword.groovy:68)
	at com.kms.katalon.core.keyword.internal.KeywordExecutor.executeKeywordForPlatform(KeywordExecutor.groovy:74)
	at com.kms.katalon.core.webui.keyword.WebUiBuiltInKeywords.verifyElementPresent(WebUiBuiltInKeywords.groovy:1464)
	at com.kms.katalon.core.webui.keyword.WebUiBuiltInKeywords$verifyElementPresent$7.call(Unknown Source)
	at REG-28.run(REG-28:67)
	at com.kms.katalon.core.main.ScriptEngine.run(ScriptEngine.java:194)
	at com.kms.katalon.core.main.ScriptEngine.runScriptAsRawText(ScriptEngine.java:119)
	at com.kms.katalon.core.main.TestCaseExecutor.runScript(TestCaseExecutor.java:448)
	at com.kms.katalon.core.main.TestCaseExecutor.doExecute(TestCaseExecutor.java:439)
	at com.kms.katalon.core.main.TestCaseExecutor.processExecutionPhase(TestCaseExecutor.java:418)
	at com.kms.katalon.core.main.TestCaseExecutor.accessMainPhase(TestCaseExecutor.java:410)
	at com.kms.katalon.core.main.TestCaseExecutor.execute(TestCaseExecutor.java:285)
	at com.kms.katalon.core.common.CommonExecutor.accessTestCaseMainPhase(CommonExecutor.java:65)
	at com.kms.katalon.core.main.TestSuiteExecutor.accessTestSuiteMainPhase(TestSuiteExecutor.java:151)
	at com.kms.katalon.core.main.TestSuiteExecutor.execute(TestSuiteExecutor.java:106)
	at com.kms.katalon.core.main.TestCaseMain.startTestSuite(TestCaseMain.java:185)
	at com.kms.katalon.core.main.TestCaseMain$startTestSuite$0.call(Unknown Source)
	at TempTestSuite1680475136875.run(TempTestSuite1680475136875.groovy:36)
Caused by: com.kms.katalon.core.exception.StepFailedException: com.kms.katalon.core.webui.exception.WebElementNotFoundException: Web element with id: 'Object Repository/WEB/Register/Reg_validationError_EmailRegisteredAlready' located by '(.//*[normalize-space(text()) and normalize-space(.)='E-Mail'])[1]/following::small[1]' not found
	at com.kms.katalon.core.webui.keyword.internal.WebUIKeywordMain.stepFailed(WebUIKeywordMain.groovy:64)
	at com.kms.katalon.core.webui.keyword.builtin.VerifyElementPresentKeyword$_verifyElementPresent_closure1.doCall(VerifyElementPresentKeyword.groovy:85)
	at com.kms.katalon.core.webui.keyword.builtin.VerifyElementPresentKeyword$_verifyElementPresent_closure1.call(VerifyElementPresentKeyword.groovy)
	at com.kms.katalon.core.webui.keyword.internal.WebUIKeywordMain.runKeyword(WebUIKeywordMain.groovy:20)
	... 19 more
)

2023-04-03 05:46:27 - [TEST_STEP][FAILED] - verifyElementPresent(findTestObject("Object Repository/WEB/Register/Reg_validationError_EmailRegisteredAlready"), 1): Unable to verify object 'Object Repository/WEB/Register/Reg_validationError_EmailRegisteredAlready' is present (Root cause: com.kms.katalon.core.exception.StepFailedException: Unable to verify object 'Object Repository/WEB/Register/Reg_validationError_EmailRegisteredAlready' is present
	at com.kms.katalon.core.webui.keyword.internal.WebUIKeywordMain.stepFailed(WebUIKeywordMain.groovy:64)
	at com.kms.katalon.core.webui.keyword.internal.WebUIKeywordMain.runKeyword(WebUIKeywordMain.groovy:26)
	at com.kms.katalon.core.webui.keyword.builtin.VerifyElementPresentKeyword.verifyElementPresent(VerifyElementPresentKeyword.groovy:92)
	at com.kms.katalon.core.webui.keyword.builtin.VerifyElementPresentKeyword.execute(VerifyElementPresentKeyword.groovy:68)
	at com.kms.katalon.core.keyword.internal.KeywordExecutor.executeKeywordForPlatform(KeywordExecutor.groovy:74)
	at com.kms.katalon.core.webui.keyword.WebUiBuiltInKeywords.verifyElementPresent(WebUiBuiltInKeywords.groovy:1464)
	at com.kms.katalon.core.webui.keyword.WebUiBuiltInKeywords$verifyElementPresent$7.call(Unknown Source)
	at REG-28.run(REG-28:67)
	at com.kms.katalon.core.main.ScriptEngine.run(ScriptEngine.java:194)
	at com.kms.katalon.core.main.ScriptEngine.runScriptAsRawText(ScriptEngine.java:119)
	at com.kms.katalon.core.main.TestCaseExecutor.runScript(TestCaseExecutor.java:448)
	at com.kms.katalon.core.main.TestCaseExecutor.doExecute(TestCaseExecutor.java:439)
	at com.kms.katalon.core.main.TestCaseExecutor.processExecutionPhase(TestCaseExecutor.java:418)
	at com.kms.katalon.core.main.TestCaseExecutor.accessMainPhase(TestCaseExecutor.java:410)
	at com.kms.katalon.core.main.TestCaseExecutor.execute(TestCaseExecutor.java:285)
	at com.kms.katalon.core.common.CommonExecutor.accessTestCaseMainPhase(CommonExecutor.java:65)
	at com.kms.katalon.core.main.TestSuiteExecutor.accessTestSuiteMainPhase(TestSuiteExecutor.java:151)
	at com.kms.katalon.core.main.TestSuiteExecutor.execute(TestSuiteExecutor.java:106)
	at com.kms.katalon.core.main.TestCaseMain.startTestSuite(TestCaseMain.java:185)
	at com.kms.katalon.core.main.TestCaseMain$startTestSuite$0.call(Unknown Source)
	at TempTestSuite1680475136875.run(TempTestSuite1680475136875.groovy:36)
Caused by: com.kms.katalon.core.exception.StepFailedException: com.kms.katalon.core.webui.exception.WebElementNotFoundException: Web element with id: 'Object Repository/WEB/Register/Reg_validationError_EmailRegisteredAlready' located by '(.//*[normalize-space(text()) and normalize-space(.)='E-Mail'])[1]/following::small[1]' not found
	at com.kms.katalon.core.webui.keyword.internal.WebUIKeywordMain.stepFailed(WebUIKeywordMain.groovy:64)
	at com.kms.katalon.core.webui.keyword.builtin.VerifyElementPresentKeyword$_verifyElementPresent_closure1.doCall(VerifyElementPresentKeyword.groovy:85)
	at com.kms.katalon.core.webui.keyword.builtin.VerifyElementPresentKeyword$_verifyElementPresent_closure1.call(VerifyElementPresentKeyword.groovy)
	at com.kms.katalon.core.webui.keyword.internal.WebUIKeywordMain.runKeyword(WebUIKeywordMain.groovy:20)
	... 19 more
)

2023-04-03 05:46:29 - [MESSAGE][INFO] - Unable to find the element located by 'By.xpath: (.//*[normalize-space(text()) and normalize-space(.)='E-Mail'])[1]/following::small[1]'. Please recheck the objects properties to make sure the desired element is located. 

2023-04-03 05:46:29 - [MESSAGE][FAILED] - com.kms.katalon.core.webui.exception.WebElementNotFoundException: Web element with id: 'Object Repository/WEB/Register/Reg_validationError_EmailRegisteredAlready' located by '(.//*[normalize-space(text()) and normalize-space(.)='E-Mail'])[1]/following::small[1]' not found (Root cause: com.kms.katalon.core.exception.StepFailedException: com.kms.katalon.core.webui.exception.WebElementNotFoundException: Web element with id: 'Object Repository/WEB/Register/Reg_validationError_EmailRegisteredAlready' located by '(.//*[normalize-space(text()) and normalize-space(.)='E-Mail'])[1]/following::small[1]' not found
	at com.kms.katalon.core.webui.keyword.internal.WebUIKeywordMain.stepFailed(WebUIKeywordMain.groovy:64)
	at com.kms.katalon.core.webui.keyword.builtin.VerifyElementPresentKeyword$_verifyElementPresent_closure1.doCall(VerifyElementPresentKeyword.groovy:85)
	at com.kms.katalon.core.webui.keyword.builtin.VerifyElementPresentKeyword$_verifyElementPresent_closure1.call(VerifyElementPresentKeyword.groovy)
	at com.kms.katalon.core.webui.keyword.internal.WebUIKeywordMain.runKeyword(WebUIKeywordMain.groovy:20)
	at com.kms.katalon.core.webui.keyword.builtin.VerifyElementPresentKeyword.verifyElementPresent(VerifyElementPresentKeyword.groovy:92)
	at com.kms.katalon.core.webui.keyword.builtin.VerifyElementPresentKeyword.execute(VerifyElementPresentKeyword.groovy:68)
	at com.kms.katalon.core.keyword.internal.KeywordExecutor.executeKeywordForPlatform(KeywordExecutor.groovy:74)
	at com.kms.katalon.core.webui.keyword.WebUiBuiltInKeywords.verifyElementPresent(WebUiBuiltInKeywords.groovy:1464)
	at com.kms.katalon.core.webui.keyword.WebUiBuiltInKeywords$verifyElementPresent$7.call(Unknown Source)
	at REG-28.run(REG-28:67)
	at com.kms.katalon.core.main.ScriptEngine.run(ScriptEngine.java:194)
	at com.kms.katalon.core.main.ScriptEngine.runScriptAsRawText(ScriptEngine.java:119)
	at com.kms.katalon.core.main.TestCaseExecutor.runScript(TestCaseExecutor.java:448)
	at com.kms.katalon.core.main.TestCaseExecutor.doExecute(TestCaseExecutor.java:439)
	at com.kms.katalon.core.main.TestCaseExecutor.processExecutionPhase(TestCaseExecutor.java:418)
	at com.kms.katalon.core.main.TestCaseExecutor.accessMainPhase(TestCaseExecutor.java:410)
	at com.kms.katalon.core.main.TestCaseExecutor.execute(TestCaseExecutor.java:285)
	at com.kms.katalon.core.common.CommonExecutor.accessTestCaseMainPhase(CommonExecutor.java:65)
	at com.kms.katalon.core.main.TestSuiteExecutor.accessTestSuiteMainPhase(TestSuiteExecutor.java:151)
	at com.kms.katalon.core.main.TestSuiteExecutor.execute(TestSuiteExecutor.java:106)
	at com.kms.katalon.core.main.TestCaseMain.startTestSuite(TestCaseMain.java:185)
	at com.kms.katalon.core.main.TestCaseMain$startTestSuite$0.call(Unknown Source)
	at TempTestSuite1680475136875.run(TempTestSuite1680475136875.groovy:36)
)
[[ATTACHMENT|C:\\Users\\rizki\\git\\CodingID-QA\\Reports\\20230403_053856\\WEB\\REG\\20230403_053856\\1680475589415.png]]

2023-04-03 05:46:29 - [MESSAGE][FAILED] - Unable to verify object 'Object Repository/WEB/Register/Reg_validationError_EmailRegisteredAlready' is present (Root cause: com.kms.katalon.core.exception.StepFailedException: Unable to verify object 'Object Repository/WEB/Register/Reg_validationError_EmailRegisteredAlready' is present
	at com.kms.katalon.core.webui.keyword.internal.WebUIKeywordMain.stepFailed(WebUIKeywordMain.groovy:64)
	at com.kms.katalon.core.webui.keyword.internal.WebUIKeywordMain.runKeyword(WebUIKeywordMain.groovy:26)
	at com.kms.katalon.core.webui.keyword.builtin.VerifyElementPresentKeyword.verifyElementPresent(VerifyElementPresentKeyword.groovy:92)
	at com.kms.katalon.core.webui.keyword.builtin.VerifyElementPresentKeyword.execute(VerifyElementPresentKeyword.groovy:68)
	at com.kms.katalon.core.keyword.internal.KeywordExecutor.executeKeywordForPlatform(KeywordExecutor.groovy:74)
	at com.kms.katalon.core.webui.keyword.WebUiBuiltInKeywords.verifyElementPresent(WebUiBuiltInKeywords.groovy:1464)
	at com.kms.katalon.core.webui.keyword.WebUiBuiltInKeywords$verifyElementPresent$7.call(Unknown Source)
	at REG-28.run(REG-28:67)
	at com.kms.katalon.core.main.ScriptEngine.run(ScriptEngine.java:194)
	at com.kms.katalon.core.main.ScriptEngine.runScriptAsRawText(ScriptEngine.java:119)
	at com.kms.katalon.core.main.TestCaseExecutor.runScript(TestCaseExecutor.java:448)
	at com.kms.katalon.core.main.TestCaseExecutor.doExecute(TestCaseExecutor.java:439)
	at com.kms.katalon.core.main.TestCaseExecutor.processExecutionPhase(TestCaseExecutor.java:418)
	at com.kms.katalon.core.main.TestCaseExecutor.accessMainPhase(TestCaseExecutor.java:410)
	at com.kms.katalon.core.main.TestCaseExecutor.execute(TestCaseExecutor.java:285)
	at com.kms.katalon.core.common.CommonExecutor.accessTestCaseMainPhase(CommonExecutor.java:65)
	at com.kms.katalon.core.main.TestSuiteExecutor.accessTestSuiteMainPhase(TestSuiteExecutor.java:151)
	at com.kms.katalon.core.main.TestSuiteExecutor.execute(TestSuiteExecutor.java:106)
	at com.kms.katalon.core.main.TestCaseMain.startTestSuite(TestCaseMain.java:185)
	at com.kms.katalon.core.main.TestCaseMain$startTestSuite$0.call(Unknown Source)
	at TempTestSuite1680475136875.run(TempTestSuite1680475136875.groovy:36)
Caused by: com.kms.katalon.core.exception.StepFailedException: com.kms.katalon.core.webui.exception.WebElementNotFoundException: Web element with id: 'Object Repository/WEB/Register/Reg_validationError_EmailRegisteredAlready' located by '(.//*[normalize-space(text()) and normalize-space(.)='E-Mail'])[1]/following::small[1]' not found
	at com.kms.katalon.core.webui.keyword.internal.WebUIKeywordMain.stepFailed(WebUIKeywordMain.groovy:64)
	at com.kms.katalon.core.webui.keyword.builtin.VerifyElementPresentKeyword$_verifyElementPresent_closure1.doCall(VerifyElementPresentKeyword.groovy:85)
	at com.kms.katalon.core.webui.keyword.builtin.VerifyElementPresentKeyword$_verifyElementPresent_closure1.call(VerifyElementPresentKeyword.groovy)
	at com.kms.katalon.core.webui.keyword.internal.WebUIKeywordMain.runKeyword(WebUIKeywordMain.groovy:20)
	... 19 more
)
[[ATTACHMENT|C:\\Users\\rizki\\git\\CodingID-QA\\Reports\\20230403_053856\\WEB\\REG\\20230403_053856\\1680475589510.png]]

2023-04-03 05:46:29 - [TEST_STEP][PASSED] - catch (com.kms.katalon.core.exception.StepFailedException e): null

2023-04-03 05:46:29 - [TEST_STEP][PASSED] - if (!(hasError)): null

2023-04-03 05:46:29 - [TEST_STEP][PASSED] - email = testData.getValue("E-mail", i): null

2023-04-03 05:46:29 - [TEST_STEP][PASSED] - navigateToUrl("https://demo-app.online/daftar"): Navigate to 'https://demo-app.online/daftar' successfully

2023-04-03 05:46:30 - [MESSAGE][PASSED] - Navigate to 'https://demo-app.online/daftar' successfully

2023-04-03 05:46:30 - [TEST_STEP][PASSED] - setText(findTestObject("Object Repository/Web/Register/Reg_InputText_Nama"), "Rizki Khaerul Fajri"): Text 'Rizki Khaerul Fajri' is set on object 'Object Repository/Web/Register/Reg_InputText_Nama'

2023-04-03 05:46:31 - [MESSAGE][PASSED] - Text 'Rizki Khaerul Fajri' is set on object 'Object Repository/Web/Register/Reg_InputText_Nama'

2023-04-03 05:46:31 - [TEST_STEP][PASSED] - setText(findTestObject("Object Repository/Web/Register/Reg_InputText_BirthDay"), "18-Feb-1997"): Text '18-Feb-1997' is set on object 'Object Repository/Web/Register/Reg_InputText_BirthDay'

2023-04-03 05:46:31 - [MESSAGE][PASSED] - Text '18-Feb-1997' is set on object 'Object Repository/Web/Register/Reg_InputText_BirthDay'

2023-04-03 05:46:31 - [TEST_STEP][PASSED] - setText(findTestObject("Object Repository/Web/Register/Reg_InputText_Email"), email): Text 'username@exa[mple].com' is set on object 'Object Repository/Web/Register/Reg_InputText_Email'

2023-04-03 05:46:32 - [MESSAGE][PASSED] - Text 'username@exa[mple].com' is set on object 'Object Repository/Web/Register/Reg_InputText_Email'

2023-04-03 05:46:32 - [TEST_STEP][PASSED] - setText(findTestObject("Object Repository/Web/Register/Reg_InputText_Whatsapp"), "081324387267"): Text '081324387267' is set on object 'Object Repository/Web/Register/Reg_InputText_Whatsapp'

2023-04-03 05:46:33 - [MESSAGE][PASSED] - Text '081324387267' is set on object 'Object Repository/Web/Register/Reg_InputText_Whatsapp'

2023-04-03 05:46:33 - [TEST_STEP][PASSED] - setText(findTestObject("Object Repository/Web/Register/Reg_InputText_KataSandi"), "testingtesting"): Text 'testingtesting' is set on object 'Object Repository/Web/Register/Reg_InputText_KataSandi'

2023-04-03 05:46:34 - [MESSAGE][PASSED] - Text 'testingtesting' is set on object 'Object Repository/Web/Register/Reg_InputText_KataSandi'

2023-04-03 05:46:34 - [TEST_STEP][PASSED] - setText(findTestObject("Object Repository/Web/Register/Reg_InputText_KonfirmasiKataSandi"), "testingtesting"): Text 'testingtesting' is set on object 'Object Repository/Web/Register/Reg_InputText_KonfirmasiKataSandi'

2023-04-03 05:46:34 - [MESSAGE][PASSED] - Text 'testingtesting' is set on object 'Object Repository/Web/Register/Reg_InputText_KonfirmasiKataSandi'

2023-04-03 05:46:34 - [TEST_STEP][PASSED] - check(findTestObject("Object Repository/Web/Register/Reg_Checkbox_SyaratDanKetentuan")): Object 'Object Repository/Web/Register/Reg_Checkbox_SyaratDanKetentuan' is checked

2023-04-03 05:46:35 - [MESSAGE][PASSED] - Object 'Object Repository/Web/Register/Reg_Checkbox_SyaratDanKetentuan' is checked

2023-04-03 05:46:35 - [TEST_STEP][PASSED] - click(findTestObject("Object Repository/Web/Register/Reg_Button_Daftar")): Object: 'Object Repository/Web/Register/Reg_Button_Daftar' is clicked on

2023-04-03 05:46:35 - [MESSAGE][PASSED] - Object: 'Object Repository/Web/Register/Reg_Button_Daftar' is clicked on

2023-04-03 05:46:35 - [TEST_STEP][PASSED] - delay(1): Delayed 1 second(s)

2023-04-03 05:46:36 - [MESSAGE][PASSED] - Delayed 1 second(s)

2023-04-03 05:46:36 - [TEST_STEP][PASSED] - if (getUrl().equals("https://demo-app.online/email/verify")): Current window's url is: 'https://demo-app.online/daftar'

2023-04-03 05:46:36 - [MESSAGE][PASSED] - Current window's url is: 'https://demo-app.online/daftar'

2023-04-03 05:46:36 - [TEST_STEP][FAILED] - else: null

2023-04-03 05:46:36 - [TEST_STEP][PASSED] - try: null

2023-04-03 05:46:36 - [TEST_STEP][PASSED] - isValid = executeJavaScript("document.getElementById("email").reportValidity();", null): Execute JavaScript 'document.getElementById("email").reportValidity();' successfully

2023-04-03 05:46:36 - [MESSAGE][PASSED] - Execute JavaScript 'document.getElementById("email").reportValidity();' successfully

2023-04-03 05:46:36 - [TEST_STEP][PASSED] - assert !(isValid) : "Validation error should be displayed": null

2023-04-03 05:46:36 - [TEST_STEP][FAILED] - try: Unable to verify object 'Object Repository/WEB/Register/Reg_validationError_EmailRegisteredAlready' is present (Root cause: com.kms.katalon.core.exception.StepFailedException: Unable to verify object 'Object Repository/WEB/Register/Reg_validationError_EmailRegisteredAlready' is present
	at com.kms.katalon.core.webui.keyword.internal.WebUIKeywordMain.stepFailed(WebUIKeywordMain.groovy:64)
	at com.kms.katalon.core.webui.keyword.internal.WebUIKeywordMain.runKeyword(WebUIKeywordMain.groovy:26)
	at com.kms.katalon.core.webui.keyword.builtin.VerifyElementPresentKeyword.verifyElementPresent(VerifyElementPresentKeyword.groovy:92)
	at com.kms.katalon.core.webui.keyword.builtin.VerifyElementPresentKeyword.execute(VerifyElementPresentKeyword.groovy:68)
	at com.kms.katalon.core.keyword.internal.KeywordExecutor.executeKeywordForPlatform(KeywordExecutor.groovy:74)
	at com.kms.katalon.core.webui.keyword.WebUiBuiltInKeywords.verifyElementPresent(WebUiBuiltInKeywords.groovy:1464)
	at com.kms.katalon.core.webui.keyword.WebUiBuiltInKeywords$verifyElementPresent$7.call(Unknown Source)
	at REG-28.run(REG-28:67)
	at com.kms.katalon.core.main.ScriptEngine.run(ScriptEngine.java:194)
	at com.kms.katalon.core.main.ScriptEngine.runScriptAsRawText(ScriptEngine.java:119)
	at com.kms.katalon.core.main.TestCaseExecutor.runScript(TestCaseExecutor.java:448)
	at com.kms.katalon.core.main.TestCaseExecutor.doExecute(TestCaseExecutor.java:439)
	at com.kms.katalon.core.main.TestCaseExecutor.processExecutionPhase(TestCaseExecutor.java:418)
	at com.kms.katalon.core.main.TestCaseExecutor.accessMainPhase(TestCaseExecutor.java:410)
	at com.kms.katalon.core.main.TestCaseExecutor.execute(TestCaseExecutor.java:285)
	at com.kms.katalon.core.common.CommonExecutor.accessTestCaseMainPhase(CommonExecutor.java:65)
	at com.kms.katalon.core.main.TestSuiteExecutor.accessTestSuiteMainPhase(TestSuiteExecutor.java:151)
	at com.kms.katalon.core.main.TestSuiteExecutor.execute(TestSuiteExecutor.java:106)
	at com.kms.katalon.core.main.TestCaseMain.startTestSuite(TestCaseMain.java:185)
	at com.kms.katalon.core.main.TestCaseMain$startTestSuite$0.call(Unknown Source)
	at TempTestSuite1680475136875.run(TempTestSuite1680475136875.groovy:36)
Caused by: com.kms.katalon.core.exception.StepFailedException: com.kms.katalon.core.webui.exception.WebElementNotFoundException: Web element with id: 'Object Repository/WEB/Register/Reg_validationError_EmailRegisteredAlready' located by '(.//*[normalize-space(text()) and normalize-space(.)='E-Mail'])[1]/following::small[1]' not found
	at com.kms.katalon.core.webui.keyword.internal.WebUIKeywordMain.stepFailed(WebUIKeywordMain.groovy:64)
	at com.kms.katalon.core.webui.keyword.builtin.VerifyElementPresentKeyword$_verifyElementPresent_closure1.doCall(VerifyElementPresentKeyword.groovy:85)
	at com.kms.katalon.core.webui.keyword.builtin.VerifyElementPresentKeyword$_verifyElementPresent_closure1.call(VerifyElementPresentKeyword.groovy)
	at com.kms.katalon.core.webui.keyword.internal.WebUIKeywordMain.runKeyword(WebUIKeywordMain.groovy:20)
	... 19 more
)

2023-04-03 05:46:36 - [TEST_STEP][FAILED] - verifyElementPresent(findTestObject("Object Repository/WEB/Register/Reg_validationError_EmailRegisteredAlready"), 1): Unable to verify object 'Object Repository/WEB/Register/Reg_validationError_EmailRegisteredAlready' is present (Root cause: com.kms.katalon.core.exception.StepFailedException: Unable to verify object 'Object Repository/WEB/Register/Reg_validationError_EmailRegisteredAlready' is present
	at com.kms.katalon.core.webui.keyword.internal.WebUIKeywordMain.stepFailed(WebUIKeywordMain.groovy:64)
	at com.kms.katalon.core.webui.keyword.internal.WebUIKeywordMain.runKeyword(WebUIKeywordMain.groovy:26)
	at com.kms.katalon.core.webui.keyword.builtin.VerifyElementPresentKeyword.verifyElementPresent(VerifyElementPresentKeyword.groovy:92)
	at com.kms.katalon.core.webui.keyword.builtin.VerifyElementPresentKeyword.execute(VerifyElementPresentKeyword.groovy:68)
	at com.kms.katalon.core.keyword.internal.KeywordExecutor.executeKeywordForPlatform(KeywordExecutor.groovy:74)
	at com.kms.katalon.core.webui.keyword.WebUiBuiltInKeywords.verifyElementPresent(WebUiBuiltInKeywords.groovy:1464)
	at com.kms.katalon.core.webui.keyword.WebUiBuiltInKeywords$verifyElementPresent$7.call(Unknown Source)
	at REG-28.run(REG-28:67)
	at com.kms.katalon.core.main.ScriptEngine.run(ScriptEngine.java:194)
	at com.kms.katalon.core.main.ScriptEngine.runScriptAsRawText(ScriptEngine.java:119)
	at com.kms.katalon.core.main.TestCaseExecutor.runScript(TestCaseExecutor.java:448)
	at com.kms.katalon.core.main.TestCaseExecutor.doExecute(TestCaseExecutor.java:439)
	at com.kms.katalon.core.main.TestCaseExecutor.processExecutionPhase(TestCaseExecutor.java:418)
	at com.kms.katalon.core.main.TestCaseExecutor.accessMainPhase(TestCaseExecutor.java:410)
	at com.kms.katalon.core.main.TestCaseExecutor.execute(TestCaseExecutor.java:285)
	at com.kms.katalon.core.common.CommonExecutor.accessTestCaseMainPhase(CommonExecutor.java:65)
	at com.kms.katalon.core.main.TestSuiteExecutor.accessTestSuiteMainPhase(TestSuiteExecutor.java:151)
	at com.kms.katalon.core.main.TestSuiteExecutor.execute(TestSuiteExecutor.java:106)
	at com.kms.katalon.core.main.TestCaseMain.startTestSuite(TestCaseMain.java:185)
	at com.kms.katalon.core.main.TestCaseMain$startTestSuite$0.call(Unknown Source)
	at TempTestSuite1680475136875.run(TempTestSuite1680475136875.groovy:36)
Caused by: com.kms.katalon.core.exception.StepFailedException: com.kms.katalon.core.webui.exception.WebElementNotFoundException: Web element with id: 'Object Repository/WEB/Register/Reg_validationError_EmailRegisteredAlready' located by '(.//*[normalize-space(text()) and normalize-space(.)='E-Mail'])[1]/following::small[1]' not found
	at com.kms.katalon.core.webui.keyword.internal.WebUIKeywordMain.stepFailed(WebUIKeywordMain.groovy:64)
	at com.kms.katalon.core.webui.keyword.builtin.VerifyElementPresentKeyword$_verifyElementPresent_closure1.doCall(VerifyElementPresentKeyword.groovy:85)
	at com.kms.katalon.core.webui.keyword.builtin.VerifyElementPresentKeyword$_verifyElementPresent_closure1.call(VerifyElementPresentKeyword.groovy)
	at com.kms.katalon.core.webui.keyword.internal.WebUIKeywordMain.runKeyword(WebUIKeywordMain.groovy:20)
	... 19 more
)

2023-04-03 05:46:39 - [MESSAGE][INFO] - Unable to find the element located by 'By.xpath: (.//*[normalize-space(text()) and normalize-space(.)='E-Mail'])[1]/following::small[1]'. Please recheck the objects properties to make sure the desired element is located. 

2023-04-03 05:46:39 - [MESSAGE][FAILED] - com.kms.katalon.core.webui.exception.WebElementNotFoundException: Web element with id: 'Object Repository/WEB/Register/Reg_validationError_EmailRegisteredAlready' located by '(.//*[normalize-space(text()) and normalize-space(.)='E-Mail'])[1]/following::small[1]' not found (Root cause: com.kms.katalon.core.exception.StepFailedException: com.kms.katalon.core.webui.exception.WebElementNotFoundException: Web element with id: 'Object Repository/WEB/Register/Reg_validationError_EmailRegisteredAlready' located by '(.//*[normalize-space(text()) and normalize-space(.)='E-Mail'])[1]/following::small[1]' not found
	at com.kms.katalon.core.webui.keyword.internal.WebUIKeywordMain.stepFailed(WebUIKeywordMain.groovy:64)
	at com.kms.katalon.core.webui.keyword.builtin.VerifyElementPresentKeyword$_verifyElementPresent_closure1.doCall(VerifyElementPresentKeyword.groovy:85)
	at com.kms.katalon.core.webui.keyword.builtin.VerifyElementPresentKeyword$_verifyElementPresent_closure1.call(VerifyElementPresentKeyword.groovy)
	at com.kms.katalon.core.webui.keyword.internal.WebUIKeywordMain.runKeyword(WebUIKeywordMain.groovy:20)
	at com.kms.katalon.core.webui.keyword.builtin.VerifyElementPresentKeyword.verifyElementPresent(VerifyElementPresentKeyword.groovy:92)
	at com.kms.katalon.core.webui.keyword.builtin.VerifyElementPresentKeyword.execute(VerifyElementPresentKeyword.groovy:68)
	at com.kms.katalon.core.keyword.internal.KeywordExecutor.executeKeywordForPlatform(KeywordExecutor.groovy:74)
	at com.kms.katalon.core.webui.keyword.WebUiBuiltInKeywords.verifyElementPresent(WebUiBuiltInKeywords.groovy:1464)
	at com.kms.katalon.core.webui.keyword.WebUiBuiltInKeywords$verifyElementPresent$7.call(Unknown Source)
	at REG-28.run(REG-28:67)
	at com.kms.katalon.core.main.ScriptEngine.run(ScriptEngine.java:194)
	at com.kms.katalon.core.main.ScriptEngine.runScriptAsRawText(ScriptEngine.java:119)
	at com.kms.katalon.core.main.TestCaseExecutor.runScript(TestCaseExecutor.java:448)
	at com.kms.katalon.core.main.TestCaseExecutor.doExecute(TestCaseExecutor.java:439)
	at com.kms.katalon.core.main.TestCaseExecutor.processExecutionPhase(TestCaseExecutor.java:418)
	at com.kms.katalon.core.main.TestCaseExecutor.accessMainPhase(TestCaseExecutor.java:410)
	at com.kms.katalon.core.main.TestCaseExecutor.execute(TestCaseExecutor.java:285)
	at com.kms.katalon.core.common.CommonExecutor.accessTestCaseMainPhase(CommonExecutor.java:65)
	at com.kms.katalon.core.main.TestSuiteExecutor.accessTestSuiteMainPhase(TestSuiteExecutor.java:151)
	at com.kms.katalon.core.main.TestSuiteExecutor.execute(TestSuiteExecutor.java:106)
	at com.kms.katalon.core.main.TestCaseMain.startTestSuite(TestCaseMain.java:185)
	at com.kms.katalon.core.main.TestCaseMain$startTestSuite$0.call(Unknown Source)
	at TempTestSuite1680475136875.run(TempTestSuite1680475136875.groovy:36)
)
[[ATTACHMENT|C:\\Users\\rizki\\git\\CodingID-QA\\Reports\\20230403_053856\\WEB\\REG\\20230403_053856\\1680475599043.png]]

2023-04-03 05:46:39 - [MESSAGE][FAILED] - Unable to verify object 'Object Repository/WEB/Register/Reg_validationError_EmailRegisteredAlready' is present (Root cause: com.kms.katalon.core.exception.StepFailedException: Unable to verify object 'Object Repository/WEB/Register/Reg_validationError_EmailRegisteredAlready' is present
	at com.kms.katalon.core.webui.keyword.internal.WebUIKeywordMain.stepFailed(WebUIKeywordMain.groovy:64)
	at com.kms.katalon.core.webui.keyword.internal.WebUIKeywordMain.runKeyword(WebUIKeywordMain.groovy:26)
	at com.kms.katalon.core.webui.keyword.builtin.VerifyElementPresentKeyword.verifyElementPresent(VerifyElementPresentKeyword.groovy:92)
	at com.kms.katalon.core.webui.keyword.builtin.VerifyElementPresentKeyword.execute(VerifyElementPresentKeyword.groovy:68)
	at com.kms.katalon.core.keyword.internal.KeywordExecutor.executeKeywordForPlatform(KeywordExecutor.groovy:74)
	at com.kms.katalon.core.webui.keyword.WebUiBuiltInKeywords.verifyElementPresent(WebUiBuiltInKeywords.groovy:1464)
	at com.kms.katalon.core.webui.keyword.WebUiBuiltInKeywords$verifyElementPresent$7.call(Unknown Source)
	at REG-28.run(REG-28:67)
	at com.kms.katalon.core.main.ScriptEngine.run(ScriptEngine.java:194)
	at com.kms.katalon.core.main.ScriptEngine.runScriptAsRawText(ScriptEngine.java:119)
	at com.kms.katalon.core.main.TestCaseExecutor.runScript(TestCaseExecutor.java:448)
	at com.kms.katalon.core.main.TestCaseExecutor.doExecute(TestCaseExecutor.java:439)
	at com.kms.katalon.core.main.TestCaseExecutor.processExecutionPhase(TestCaseExecutor.java:418)
	at com.kms.katalon.core.main.TestCaseExecutor.accessMainPhase(TestCaseExecutor.java:410)
	at com.kms.katalon.core.main.TestCaseExecutor.execute(TestCaseExecutor.java:285)
	at com.kms.katalon.core.common.CommonExecutor.accessTestCaseMainPhase(CommonExecutor.java:65)
	at com.kms.katalon.core.main.TestSuiteExecutor.accessTestSuiteMainPhase(TestSuiteExecutor.java:151)
	at com.kms.katalon.core.main.TestSuiteExecutor.execute(TestSuiteExecutor.java:106)
	at com.kms.katalon.core.main.TestCaseMain.startTestSuite(TestCaseMain.java:185)
	at com.kms.katalon.core.main.TestCaseMain$startTestSuite$0.call(Unknown Source)
	at TempTestSuite1680475136875.run(TempTestSuite1680475136875.groovy:36)
Caused by: com.kms.katalon.core.exception.StepFailedException: com.kms.katalon.core.webui.exception.WebElementNotFoundException: Web element with id: 'Object Repository/WEB/Register/Reg_validationError_EmailRegisteredAlready' located by '(.//*[normalize-space(text()) and normalize-space(.)='E-Mail'])[1]/following::small[1]' not found
	at com.kms.katalon.core.webui.keyword.internal.WebUIKeywordMain.stepFailed(WebUIKeywordMain.groovy:64)
	at com.kms.katalon.core.webui.keyword.builtin.VerifyElementPresentKeyword$_verifyElementPresent_closure1.doCall(VerifyElementPresentKeyword.groovy:85)
	at com.kms.katalon.core.webui.keyword.builtin.VerifyElementPresentKeyword$_verifyElementPresent_closure1.call(VerifyElementPresentKeyword.groovy)
	at com.kms.katalon.core.webui.keyword.internal.WebUIKeywordMain.runKeyword(WebUIKeywordMain.groovy:20)
	... 19 more
)
[[ATTACHMENT|C:\\Users\\rizki\\git\\CodingID-QA\\Reports\\20230403_053856\\WEB\\REG\\20230403_053856\\1680475599169.png]]

2023-04-03 05:46:39 - [TEST_STEP][PASSED] - catch (com.kms.katalon.core.exception.StepFailedException e): null

2023-04-03 05:46:39 - [TEST_STEP][PASSED] - if (!(hasError)): null

2023-04-03 05:46:39 - [TEST_STEP][PASSED] - email = testData.getValue("E-mail", i): null

2023-04-03 05:46:39 - [TEST_STEP][PASSED] - navigateToUrl("https://demo-app.online/daftar"): Navigate to 'https://demo-app.online/daftar' successfully

2023-04-03 05:46:39 - [MESSAGE][PASSED] - Navigate to 'https://demo-app.online/daftar' successfully

2023-04-03 05:46:39 - [TEST_STEP][PASSED] - setText(findTestObject("Object Repository/Web/Register/Reg_InputText_Nama"), "Rizki Khaerul Fajri"): Text 'Rizki Khaerul Fajri' is set on object 'Object Repository/Web/Register/Reg_InputText_Nama'

2023-04-03 05:46:40 - [MESSAGE][PASSED] - Text 'Rizki Khaerul Fajri' is set on object 'Object Repository/Web/Register/Reg_InputText_Nama'

2023-04-03 05:46:40 - [TEST_STEP][PASSED] - setText(findTestObject("Object Repository/Web/Register/Reg_InputText_BirthDay"), "18-Feb-1997"): Text '18-Feb-1997' is set on object 'Object Repository/Web/Register/Reg_InputText_BirthDay'

2023-04-03 05:46:41 - [MESSAGE][PASSED] - Text '18-Feb-1997' is set on object 'Object Repository/Web/Register/Reg_InputText_BirthDay'

2023-04-03 05:46:41 - [TEST_STEP][PASSED] - setText(findTestObject("Object Repository/Web/Register/Reg_InputText_Email"), email): Text '@example.com' is set on object 'Object Repository/Web/Register/Reg_InputText_Email'

2023-04-03 05:46:42 - [MESSAGE][PASSED] - Text '@example.com' is set on object 'Object Repository/Web/Register/Reg_InputText_Email'

2023-04-03 05:46:42 - [TEST_STEP][PASSED] - setText(findTestObject("Object Repository/Web/Register/Reg_InputText_Whatsapp"), "081324387267"): Text '081324387267' is set on object 'Object Repository/Web/Register/Reg_InputText_Whatsapp'

2023-04-03 05:46:43 - [MESSAGE][PASSED] - Text '081324387267' is set on object 'Object Repository/Web/Register/Reg_InputText_Whatsapp'

2023-04-03 05:46:43 - [TEST_STEP][PASSED] - setText(findTestObject("Object Repository/Web/Register/Reg_InputText_KataSandi"), "testingtesting"): Text 'testingtesting' is set on object 'Object Repository/Web/Register/Reg_InputText_KataSandi'

2023-04-03 05:46:43 - [MESSAGE][PASSED] - Text 'testingtesting' is set on object 'Object Repository/Web/Register/Reg_InputText_KataSandi'

2023-04-03 05:46:43 - [TEST_STEP][PASSED] - setText(findTestObject("Object Repository/Web/Register/Reg_InputText_KonfirmasiKataSandi"), "testingtesting"): Text 'testingtesting' is set on object 'Object Repository/Web/Register/Reg_InputText_KonfirmasiKataSandi'

2023-04-03 05:46:44 - [MESSAGE][PASSED] - Text 'testingtesting' is set on object 'Object Repository/Web/Register/Reg_InputText_KonfirmasiKataSandi'

2023-04-03 05:46:44 - [TEST_STEP][PASSED] - check(findTestObject("Object Repository/Web/Register/Reg_Checkbox_SyaratDanKetentuan")): Object 'Object Repository/Web/Register/Reg_Checkbox_SyaratDanKetentuan' is checked

2023-04-03 05:46:45 - [MESSAGE][PASSED] - Object 'Object Repository/Web/Register/Reg_Checkbox_SyaratDanKetentuan' is checked

2023-04-03 05:46:45 - [TEST_STEP][PASSED] - click(findTestObject("Object Repository/Web/Register/Reg_Button_Daftar")): Object: 'Object Repository/Web/Register/Reg_Button_Daftar' is clicked on

2023-04-03 05:46:45 - [MESSAGE][PASSED] - Object: 'Object Repository/Web/Register/Reg_Button_Daftar' is clicked on

2023-04-03 05:46:45 - [TEST_STEP][PASSED] - delay(1): Delayed 1 second(s)

2023-04-03 05:46:46 - [MESSAGE][PASSED] - Delayed 1 second(s)

2023-04-03 05:46:46 - [TEST_STEP][PASSED] - if (getUrl().equals("https://demo-app.online/email/verify")): Current window's url is: 'https://demo-app.online/daftar'

2023-04-03 05:46:46 - [MESSAGE][PASSED] - Current window's url is: 'https://demo-app.online/daftar'

2023-04-03 05:46:46 - [TEST_STEP][FAILED] - else: null

2023-04-03 05:46:46 - [TEST_STEP][PASSED] - try: null

2023-04-03 05:46:46 - [TEST_STEP][PASSED] - isValid = executeJavaScript("document.getElementById("email").reportValidity();", null): Execute JavaScript 'document.getElementById("email").reportValidity();' successfully

2023-04-03 05:46:46 - [MESSAGE][PASSED] - Execute JavaScript 'document.getElementById("email").reportValidity();' successfully

2023-04-03 05:46:46 - [TEST_STEP][PASSED] - assert !(isValid) : "Validation error should be displayed": null

2023-04-03 05:46:46 - [TEST_STEP][FAILED] - try: Unable to verify object 'Object Repository/WEB/Register/Reg_validationError_EmailRegisteredAlready' is present (Root cause: com.kms.katalon.core.exception.StepFailedException: Unable to verify object 'Object Repository/WEB/Register/Reg_validationError_EmailRegisteredAlready' is present
	at com.kms.katalon.core.webui.keyword.internal.WebUIKeywordMain.stepFailed(WebUIKeywordMain.groovy:64)
	at com.kms.katalon.core.webui.keyword.internal.WebUIKeywordMain.runKeyword(WebUIKeywordMain.groovy:26)
	at com.kms.katalon.core.webui.keyword.builtin.VerifyElementPresentKeyword.verifyElementPresent(VerifyElementPresentKeyword.groovy:92)
	at com.kms.katalon.core.webui.keyword.builtin.VerifyElementPresentKeyword.execute(VerifyElementPresentKeyword.groovy:68)
	at com.kms.katalon.core.keyword.internal.KeywordExecutor.executeKeywordForPlatform(KeywordExecutor.groovy:74)
	at com.kms.katalon.core.webui.keyword.WebUiBuiltInKeywords.verifyElementPresent(WebUiBuiltInKeywords.groovy:1464)
	at com.kms.katalon.core.webui.keyword.WebUiBuiltInKeywords$verifyElementPresent$7.call(Unknown Source)
	at REG-28.run(REG-28:67)
	at com.kms.katalon.core.main.ScriptEngine.run(ScriptEngine.java:194)
	at com.kms.katalon.core.main.ScriptEngine.runScriptAsRawText(ScriptEngine.java:119)
	at com.kms.katalon.core.main.TestCaseExecutor.runScript(TestCaseExecutor.java:448)
	at com.kms.katalon.core.main.TestCaseExecutor.doExecute(TestCaseExecutor.java:439)
	at com.kms.katalon.core.main.TestCaseExecutor.processExecutionPhase(TestCaseExecutor.java:418)
	at com.kms.katalon.core.main.TestCaseExecutor.accessMainPhase(TestCaseExecutor.java:410)
	at com.kms.katalon.core.main.TestCaseExecutor.execute(TestCaseExecutor.java:285)
	at com.kms.katalon.core.common.CommonExecutor.accessTestCaseMainPhase(CommonExecutor.java:65)
	at com.kms.katalon.core.main.TestSuiteExecutor.accessTestSuiteMainPhase(TestSuiteExecutor.java:151)
	at com.kms.katalon.core.main.TestSuiteExecutor.execute(TestSuiteExecutor.java:106)
	at com.kms.katalon.core.main.TestCaseMain.startTestSuite(TestCaseMain.java:185)
	at com.kms.katalon.core.main.TestCaseMain$startTestSuite$0.call(Unknown Source)
	at TempTestSuite1680475136875.run(TempTestSuite1680475136875.groovy:36)
Caused by: com.kms.katalon.core.exception.StepFailedException: com.kms.katalon.core.webui.exception.WebElementNotFoundException: Web element with id: 'Object Repository/WEB/Register/Reg_validationError_EmailRegisteredAlready' located by '(.//*[normalize-space(text()) and normalize-space(.)='E-Mail'])[1]/following::small[1]' not found
	at com.kms.katalon.core.webui.keyword.internal.WebUIKeywordMain.stepFailed(WebUIKeywordMain.groovy:64)
	at com.kms.katalon.core.webui.keyword.builtin.VerifyElementPresentKeyword$_verifyElementPresent_closure1.doCall(VerifyElementPresentKeyword.groovy:85)
	at com.kms.katalon.core.webui.keyword.builtin.VerifyElementPresentKeyword$_verifyElementPresent_closure1.call(VerifyElementPresentKeyword.groovy)
	at com.kms.katalon.core.webui.keyword.internal.WebUIKeywordMain.runKeyword(WebUIKeywordMain.groovy:20)
	... 19 more
)

2023-04-03 05:46:46 - [TEST_STEP][FAILED] - verifyElementPresent(findTestObject("Object Repository/WEB/Register/Reg_validationError_EmailRegisteredAlready"), 1): Unable to verify object 'Object Repository/WEB/Register/Reg_validationError_EmailRegisteredAlready' is present (Root cause: com.kms.katalon.core.exception.StepFailedException: Unable to verify object 'Object Repository/WEB/Register/Reg_validationError_EmailRegisteredAlready' is present
	at com.kms.katalon.core.webui.keyword.internal.WebUIKeywordMain.stepFailed(WebUIKeywordMain.groovy:64)
	at com.kms.katalon.core.webui.keyword.internal.WebUIKeywordMain.runKeyword(WebUIKeywordMain.groovy:26)
	at com.kms.katalon.core.webui.keyword.builtin.VerifyElementPresentKeyword.verifyElementPresent(VerifyElementPresentKeyword.groovy:92)
	at com.kms.katalon.core.webui.keyword.builtin.VerifyElementPresentKeyword.execute(VerifyElementPresentKeyword.groovy:68)
	at com.kms.katalon.core.keyword.internal.KeywordExecutor.executeKeywordForPlatform(KeywordExecutor.groovy:74)
	at com.kms.katalon.core.webui.keyword.WebUiBuiltInKeywords.verifyElementPresent(WebUiBuiltInKeywords.groovy:1464)
	at com.kms.katalon.core.webui.keyword.WebUiBuiltInKeywords$verifyElementPresent$7.call(Unknown Source)
	at REG-28.run(REG-28:67)
	at com.kms.katalon.core.main.ScriptEngine.run(ScriptEngine.java:194)
	at com.kms.katalon.core.main.ScriptEngine.runScriptAsRawText(ScriptEngine.java:119)
	at com.kms.katalon.core.main.TestCaseExecutor.runScript(TestCaseExecutor.java:448)
	at com.kms.katalon.core.main.TestCaseExecutor.doExecute(TestCaseExecutor.java:439)
	at com.kms.katalon.core.main.TestCaseExecutor.processExecutionPhase(TestCaseExecutor.java:418)
	at com.kms.katalon.core.main.TestCaseExecutor.accessMainPhase(TestCaseExecutor.java:410)
	at com.kms.katalon.core.main.TestCaseExecutor.execute(TestCaseExecutor.java:285)
	at com.kms.katalon.core.common.CommonExecutor.accessTestCaseMainPhase(CommonExecutor.java:65)
	at com.kms.katalon.core.main.TestSuiteExecutor.accessTestSuiteMainPhase(TestSuiteExecutor.java:151)
	at com.kms.katalon.core.main.TestSuiteExecutor.execute(TestSuiteExecutor.java:106)
	at com.kms.katalon.core.main.TestCaseMain.startTestSuite(TestCaseMain.java:185)
	at com.kms.katalon.core.main.TestCaseMain$startTestSuite$0.call(Unknown Source)
	at TempTestSuite1680475136875.run(TempTestSuite1680475136875.groovy:36)
Caused by: com.kms.katalon.core.exception.StepFailedException: com.kms.katalon.core.webui.exception.WebElementNotFoundException: Web element with id: 'Object Repository/WEB/Register/Reg_validationError_EmailRegisteredAlready' located by '(.//*[normalize-space(text()) and normalize-space(.)='E-Mail'])[1]/following::small[1]' not found
	at com.kms.katalon.core.webui.keyword.internal.WebUIKeywordMain.stepFailed(WebUIKeywordMain.groovy:64)
	at com.kms.katalon.core.webui.keyword.builtin.VerifyElementPresentKeyword$_verifyElementPresent_closure1.doCall(VerifyElementPresentKeyword.groovy:85)
	at com.kms.katalon.core.webui.keyword.builtin.VerifyElementPresentKeyword$_verifyElementPresent_closure1.call(VerifyElementPresentKeyword.groovy)
	at com.kms.katalon.core.webui.keyword.internal.WebUIKeywordMain.runKeyword(WebUIKeywordMain.groovy:20)
	... 19 more
)

2023-04-03 05:46:48 - [MESSAGE][INFO] - Unable to find the element located by 'By.xpath: (.//*[normalize-space(text()) and normalize-space(.)='E-Mail'])[1]/following::small[1]'. Please recheck the objects properties to make sure the desired element is located. 

2023-04-03 05:46:48 - [MESSAGE][FAILED] - com.kms.katalon.core.webui.exception.WebElementNotFoundException: Web element with id: 'Object Repository/WEB/Register/Reg_validationError_EmailRegisteredAlready' located by '(.//*[normalize-space(text()) and normalize-space(.)='E-Mail'])[1]/following::small[1]' not found (Root cause: com.kms.katalon.core.exception.StepFailedException: com.kms.katalon.core.webui.exception.WebElementNotFoundException: Web element with id: 'Object Repository/WEB/Register/Reg_validationError_EmailRegisteredAlready' located by '(.//*[normalize-space(text()) and normalize-space(.)='E-Mail'])[1]/following::small[1]' not found
	at com.kms.katalon.core.webui.keyword.internal.WebUIKeywordMain.stepFailed(WebUIKeywordMain.groovy:64)
	at com.kms.katalon.core.webui.keyword.builtin.VerifyElementPresentKeyword$_verifyElementPresent_closure1.doCall(VerifyElementPresentKeyword.groovy:85)
	at com.kms.katalon.core.webui.keyword.builtin.VerifyElementPresentKeyword$_verifyElementPresent_closure1.call(VerifyElementPresentKeyword.groovy)
	at com.kms.katalon.core.webui.keyword.internal.WebUIKeywordMain.runKeyword(WebUIKeywordMain.groovy:20)
	at com.kms.katalon.core.webui.keyword.builtin.VerifyElementPresentKeyword.verifyElementPresent(VerifyElementPresentKeyword.groovy:92)
	at com.kms.katalon.core.webui.keyword.builtin.VerifyElementPresentKeyword.execute(VerifyElementPresentKeyword.groovy:68)
	at com.kms.katalon.core.keyword.internal.KeywordExecutor.executeKeywordForPlatform(KeywordExecutor.groovy:74)
	at com.kms.katalon.core.webui.keyword.WebUiBuiltInKeywords.verifyElementPresent(WebUiBuiltInKeywords.groovy:1464)
	at com.kms.katalon.core.webui.keyword.WebUiBuiltInKeywords$verifyElementPresent$7.call(Unknown Source)
	at REG-28.run(REG-28:67)
	at com.kms.katalon.core.main.ScriptEngine.run(ScriptEngine.java:194)
	at com.kms.katalon.core.main.ScriptEngine.runScriptAsRawText(ScriptEngine.java:119)
	at com.kms.katalon.core.main.TestCaseExecutor.runScript(TestCaseExecutor.java:448)
	at com.kms.katalon.core.main.TestCaseExecutor.doExecute(TestCaseExecutor.java:439)
	at com.kms.katalon.core.main.TestCaseExecutor.processExecutionPhase(TestCaseExecutor.java:418)
	at com.kms.katalon.core.main.TestCaseExecutor.accessMainPhase(TestCaseExecutor.java:410)
	at com.kms.katalon.core.main.TestCaseExecutor.execute(TestCaseExecutor.java:285)
	at com.kms.katalon.core.common.CommonExecutor.accessTestCaseMainPhase(CommonExecutor.java:65)
	at com.kms.katalon.core.main.TestSuiteExecutor.accessTestSuiteMainPhase(TestSuiteExecutor.java:151)
	at com.kms.katalon.core.main.TestSuiteExecutor.execute(TestSuiteExecutor.java:106)
	at com.kms.katalon.core.main.TestCaseMain.startTestSuite(TestCaseMain.java:185)
	at com.kms.katalon.core.main.TestCaseMain$startTestSuite$0.call(Unknown Source)
	at TempTestSuite1680475136875.run(TempTestSuite1680475136875.groovy:36)
)
[[ATTACHMENT|C:\\Users\\rizki\\git\\CodingID-QA\\Reports\\20230403_053856\\WEB\\REG\\20230403_053856\\1680475608724.png]]

2023-04-03 05:46:48 - [MESSAGE][FAILED] - Unable to verify object 'Object Repository/WEB/Register/Reg_validationError_EmailRegisteredAlready' is present (Root cause: com.kms.katalon.core.exception.StepFailedException: Unable to verify object 'Object Repository/WEB/Register/Reg_validationError_EmailRegisteredAlready' is present
	at com.kms.katalon.core.webui.keyword.internal.WebUIKeywordMain.stepFailed(WebUIKeywordMain.groovy:64)
	at com.kms.katalon.core.webui.keyword.internal.WebUIKeywordMain.runKeyword(WebUIKeywordMain.groovy:26)
	at com.kms.katalon.core.webui.keyword.builtin.VerifyElementPresentKeyword.verifyElementPresent(VerifyElementPresentKeyword.groovy:92)
	at com.kms.katalon.core.webui.keyword.builtin.VerifyElementPresentKeyword.execute(VerifyElementPresentKeyword.groovy:68)
	at com.kms.katalon.core.keyword.internal.KeywordExecutor.executeKeywordForPlatform(KeywordExecutor.groovy:74)
	at com.kms.katalon.core.webui.keyword.WebUiBuiltInKeywords.verifyElementPresent(WebUiBuiltInKeywords.groovy:1464)
	at com.kms.katalon.core.webui.keyword.WebUiBuiltInKeywords$verifyElementPresent$7.call(Unknown Source)
	at REG-28.run(REG-28:67)
	at com.kms.katalon.core.main.ScriptEngine.run(ScriptEngine.java:194)
	at com.kms.katalon.core.main.ScriptEngine.runScriptAsRawText(ScriptEngine.java:119)
	at com.kms.katalon.core.main.TestCaseExecutor.runScript(TestCaseExecutor.java:448)
	at com.kms.katalon.core.main.TestCaseExecutor.doExecute(TestCaseExecutor.java:439)
	at com.kms.katalon.core.main.TestCaseExecutor.processExecutionPhase(TestCaseExecutor.java:418)
	at com.kms.katalon.core.main.TestCaseExecutor.accessMainPhase(TestCaseExecutor.java:410)
	at com.kms.katalon.core.main.TestCaseExecutor.execute(TestCaseExecutor.java:285)
	at com.kms.katalon.core.common.CommonExecutor.accessTestCaseMainPhase(CommonExecutor.java:65)
	at com.kms.katalon.core.main.TestSuiteExecutor.accessTestSuiteMainPhase(TestSuiteExecutor.java:151)
	at com.kms.katalon.core.main.TestSuiteExecutor.execute(TestSuiteExecutor.java:106)
	at com.kms.katalon.core.main.TestCaseMain.startTestSuite(TestCaseMain.java:185)
	at com.kms.katalon.core.main.TestCaseMain$startTestSuite$0.call(Unknown Source)
	at TempTestSuite1680475136875.run(TempTestSuite1680475136875.groovy:36)
Caused by: com.kms.katalon.core.exception.StepFailedException: com.kms.katalon.core.webui.exception.WebElementNotFoundException: Web element with id: 'Object Repository/WEB/Register/Reg_validationError_EmailRegisteredAlready' located by '(.//*[normalize-space(text()) and normalize-space(.)='E-Mail'])[1]/following::small[1]' not found
	at com.kms.katalon.core.webui.keyword.internal.WebUIKeywordMain.stepFailed(WebUIKeywordMain.groovy:64)
	at com.kms.katalon.core.webui.keyword.builtin.VerifyElementPresentKeyword$_verifyElementPresent_closure1.doCall(VerifyElementPresentKeyword.groovy:85)
	at com.kms.katalon.core.webui.keyword.builtin.VerifyElementPresentKeyword$_verifyElementPresent_closure1.call(VerifyElementPresentKeyword.groovy)
	at com.kms.katalon.core.webui.keyword.internal.WebUIKeywordMain.runKeyword(WebUIKeywordMain.groovy:20)
	... 19 more
)
[[ATTACHMENT|C:\\Users\\rizki\\git\\CodingID-QA\\Reports\\20230403_053856\\WEB\\REG\\20230403_053856\\1680475608812.png]]

2023-04-03 05:46:48 - [TEST_STEP][PASSED] - catch (com.kms.katalon.core.exception.StepFailedException e): null

2023-04-03 05:46:48 - [TEST_STEP][PASSED] - if (!(hasError)): null

2023-04-03 05:46:48 - [TEST_STEP][PASSED] - email = testData.getValue("E-mail", i): null

2023-04-03 05:46:48 - [TEST_STEP][PASSED] - navigateToUrl("https://demo-app.online/daftar"): Navigate to 'https://demo-app.online/daftar' successfully

2023-04-03 05:46:49 - [MESSAGE][PASSED] - Navigate to 'https://demo-app.online/daftar' successfully

2023-04-03 05:46:49 - [TEST_STEP][PASSED] - setText(findTestObject("Object Repository/Web/Register/Reg_InputText_Nama"), "Rizki Khaerul Fajri"): Text 'Rizki Khaerul Fajri' is set on object 'Object Repository/Web/Register/Reg_InputText_Nama'

2023-04-03 05:46:50 - [MESSAGE][PASSED] - Text 'Rizki Khaerul Fajri' is set on object 'Object Repository/Web/Register/Reg_InputText_Nama'

2023-04-03 05:46:50 - [TEST_STEP][PASSED] - setText(findTestObject("Object Repository/Web/Register/Reg_InputText_BirthDay"), "18-Feb-1997"): Text '18-Feb-1997' is set on object 'Object Repository/Web/Register/Reg_InputText_BirthDay'

2023-04-03 05:46:51 - [MESSAGE][PASSED] - Text '18-Feb-1997' is set on object 'Object Repository/Web/Register/Reg_InputText_BirthDay'

2023-04-03 05:46:51 - [TEST_STEP][PASSED] - setText(findTestObject("Object Repository/Web/Register/Reg_InputText_Email"), email): Text 'username@example.com.' is set on object 'Object Repository/Web/Register/Reg_InputText_Email'

2023-04-03 05:46:52 - [MESSAGE][PASSED] - Text 'username@example.com.' is set on object 'Object Repository/Web/Register/Reg_InputText_Email'

2023-04-03 05:46:52 - [TEST_STEP][PASSED] - setText(findTestObject("Object Repository/Web/Register/Reg_InputText_Whatsapp"), "081324387267"): Text '081324387267' is set on object 'Object Repository/Web/Register/Reg_InputText_Whatsapp'

2023-04-03 05:46:52 - [MESSAGE][PASSED] - Text '081324387267' is set on object 'Object Repository/Web/Register/Reg_InputText_Whatsapp'

2023-04-03 05:46:52 - [TEST_STEP][PASSED] - setText(findTestObject("Object Repository/Web/Register/Reg_InputText_KataSandi"), "testingtesting"): Text 'testingtesting' is set on object 'Object Repository/Web/Register/Reg_InputText_KataSandi'

2023-04-03 05:46:53 - [MESSAGE][PASSED] - Text 'testingtesting' is set on object 'Object Repository/Web/Register/Reg_InputText_KataSandi'

2023-04-03 05:46:53 - [TEST_STEP][PASSED] - setText(findTestObject("Object Repository/Web/Register/Reg_InputText_KonfirmasiKataSandi"), "testingtesting"): Text 'testingtesting' is set on object 'Object Repository/Web/Register/Reg_InputText_KonfirmasiKataSandi'

2023-04-03 05:46:54 - [MESSAGE][PASSED] - Text 'testingtesting' is set on object 'Object Repository/Web/Register/Reg_InputText_KonfirmasiKataSandi'

2023-04-03 05:46:54 - [TEST_STEP][PASSED] - check(findTestObject("Object Repository/Web/Register/Reg_Checkbox_SyaratDanKetentuan")): Object 'Object Repository/Web/Register/Reg_Checkbox_SyaratDanKetentuan' is checked

2023-04-03 05:46:54 - [MESSAGE][PASSED] - Object 'Object Repository/Web/Register/Reg_Checkbox_SyaratDanKetentuan' is checked

2023-04-03 05:46:54 - [TEST_STEP][PASSED] - click(findTestObject("Object Repository/Web/Register/Reg_Button_Daftar")): Object: 'Object Repository/Web/Register/Reg_Button_Daftar' is clicked on

2023-04-03 05:46:54 - [MESSAGE][PASSED] - Object: 'Object Repository/Web/Register/Reg_Button_Daftar' is clicked on

2023-04-03 05:46:54 - [TEST_STEP][PASSED] - delay(1): Delayed 1 second(s)

2023-04-03 05:46:55 - [MESSAGE][PASSED] - Delayed 1 second(s)

2023-04-03 05:46:55 - [TEST_STEP][PASSED] - if (getUrl().equals("https://demo-app.online/email/verify")): Current window's url is: 'https://demo-app.online/daftar'

2023-04-03 05:46:55 - [MESSAGE][PASSED] - Current window's url is: 'https://demo-app.online/daftar'

2023-04-03 05:46:55 - [TEST_STEP][FAILED] - else: null

2023-04-03 05:46:55 - [TEST_STEP][PASSED] - try: null

2023-04-03 05:46:55 - [TEST_STEP][PASSED] - isValid = executeJavaScript("document.getElementById("email").reportValidity();", null): Execute JavaScript 'document.getElementById("email").reportValidity();' successfully

2023-04-03 05:46:55 - [MESSAGE][PASSED] - Execute JavaScript 'document.getElementById("email").reportValidity();' successfully

2023-04-03 05:46:55 - [TEST_STEP][PASSED] - assert !(isValid) : "Validation error should be displayed": null

2023-04-03 05:46:55 - [TEST_STEP][FAILED] - try: Unable to verify object 'Object Repository/WEB/Register/Reg_validationError_EmailRegisteredAlready' is present (Root cause: com.kms.katalon.core.exception.StepFailedException: Unable to verify object 'Object Repository/WEB/Register/Reg_validationError_EmailRegisteredAlready' is present
	at com.kms.katalon.core.webui.keyword.internal.WebUIKeywordMain.stepFailed(WebUIKeywordMain.groovy:64)
	at com.kms.katalon.core.webui.keyword.internal.WebUIKeywordMain.runKeyword(WebUIKeywordMain.groovy:26)
	at com.kms.katalon.core.webui.keyword.builtin.VerifyElementPresentKeyword.verifyElementPresent(VerifyElementPresentKeyword.groovy:92)
	at com.kms.katalon.core.webui.keyword.builtin.VerifyElementPresentKeyword.execute(VerifyElementPresentKeyword.groovy:68)
	at com.kms.katalon.core.keyword.internal.KeywordExecutor.executeKeywordForPlatform(KeywordExecutor.groovy:74)
	at com.kms.katalon.core.webui.keyword.WebUiBuiltInKeywords.verifyElementPresent(WebUiBuiltInKeywords.groovy:1464)
	at com.kms.katalon.core.webui.keyword.WebUiBuiltInKeywords$verifyElementPresent$7.call(Unknown Source)
	at REG-28.run(REG-28:67)
	at com.kms.katalon.core.main.ScriptEngine.run(ScriptEngine.java:194)
	at com.kms.katalon.core.main.ScriptEngine.runScriptAsRawText(ScriptEngine.java:119)
	at com.kms.katalon.core.main.TestCaseExecutor.runScript(TestCaseExecutor.java:448)
	at com.kms.katalon.core.main.TestCaseExecutor.doExecute(TestCaseExecutor.java:439)
	at com.kms.katalon.core.main.TestCaseExecutor.processExecutionPhase(TestCaseExecutor.java:418)
	at com.kms.katalon.core.main.TestCaseExecutor.accessMainPhase(TestCaseExecutor.java:410)
	at com.kms.katalon.core.main.TestCaseExecutor.execute(TestCaseExecutor.java:285)
	at com.kms.katalon.core.common.CommonExecutor.accessTestCaseMainPhase(CommonExecutor.java:65)
	at com.kms.katalon.core.main.TestSuiteExecutor.accessTestSuiteMainPhase(TestSuiteExecutor.java:151)
	at com.kms.katalon.core.main.TestSuiteExecutor.execute(TestSuiteExecutor.java:106)
	at com.kms.katalon.core.main.TestCaseMain.startTestSuite(TestCaseMain.java:185)
	at com.kms.katalon.core.main.TestCaseMain$startTestSuite$0.call(Unknown Source)
	at TempTestSuite1680475136875.run(TempTestSuite1680475136875.groovy:36)
Caused by: com.kms.katalon.core.exception.StepFailedException: com.kms.katalon.core.webui.exception.WebElementNotFoundException: Web element with id: 'Object Repository/WEB/Register/Reg_validationError_EmailRegisteredAlready' located by '(.//*[normalize-space(text()) and normalize-space(.)='E-Mail'])[1]/following::small[1]' not found
	at com.kms.katalon.core.webui.keyword.internal.WebUIKeywordMain.stepFailed(WebUIKeywordMain.groovy:64)
	at com.kms.katalon.core.webui.keyword.builtin.VerifyElementPresentKeyword$_verifyElementPresent_closure1.doCall(VerifyElementPresentKeyword.groovy:85)
	at com.kms.katalon.core.webui.keyword.builtin.VerifyElementPresentKeyword$_verifyElementPresent_closure1.call(VerifyElementPresentKeyword.groovy)
	at com.kms.katalon.core.webui.keyword.internal.WebUIKeywordMain.runKeyword(WebUIKeywordMain.groovy:20)
	... 19 more
)

2023-04-03 05:46:55 - [TEST_STEP][FAILED] - verifyElementPresent(findTestObject("Object Repository/WEB/Register/Reg_validationError_EmailRegisteredAlready"), 1): Unable to verify object 'Object Repository/WEB/Register/Reg_validationError_EmailRegisteredAlready' is present (Root cause: com.kms.katalon.core.exception.StepFailedException: Unable to verify object 'Object Repository/WEB/Register/Reg_validationError_EmailRegisteredAlready' is present
	at com.kms.katalon.core.webui.keyword.internal.WebUIKeywordMain.stepFailed(WebUIKeywordMain.groovy:64)
	at com.kms.katalon.core.webui.keyword.internal.WebUIKeywordMain.runKeyword(WebUIKeywordMain.groovy:26)
	at com.kms.katalon.core.webui.keyword.builtin.VerifyElementPresentKeyword.verifyElementPresent(VerifyElementPresentKeyword.groovy:92)
	at com.kms.katalon.core.webui.keyword.builtin.VerifyElementPresentKeyword.execute(VerifyElementPresentKeyword.groovy:68)
	at com.kms.katalon.core.keyword.internal.KeywordExecutor.executeKeywordForPlatform(KeywordExecutor.groovy:74)
	at com.kms.katalon.core.webui.keyword.WebUiBuiltInKeywords.verifyElementPresent(WebUiBuiltInKeywords.groovy:1464)
	at com.kms.katalon.core.webui.keyword.WebUiBuiltInKeywords$verifyElementPresent$7.call(Unknown Source)
	at REG-28.run(REG-28:67)
	at com.kms.katalon.core.main.ScriptEngine.run(ScriptEngine.java:194)
	at com.kms.katalon.core.main.ScriptEngine.runScriptAsRawText(ScriptEngine.java:119)
	at com.kms.katalon.core.main.TestCaseExecutor.runScript(TestCaseExecutor.java:448)
	at com.kms.katalon.core.main.TestCaseExecutor.doExecute(TestCaseExecutor.java:439)
	at com.kms.katalon.core.main.TestCaseExecutor.processExecutionPhase(TestCaseExecutor.java:418)
	at com.kms.katalon.core.main.TestCaseExecutor.accessMainPhase(TestCaseExecutor.java:410)
	at com.kms.katalon.core.main.TestCaseExecutor.execute(TestCaseExecutor.java:285)
	at com.kms.katalon.core.common.CommonExecutor.accessTestCaseMainPhase(CommonExecutor.java:65)
	at com.kms.katalon.core.main.TestSuiteExecutor.accessTestSuiteMainPhase(TestSuiteExecutor.java:151)
	at com.kms.katalon.core.main.TestSuiteExecutor.execute(TestSuiteExecutor.java:106)
	at com.kms.katalon.core.main.TestCaseMain.startTestSuite(TestCaseMain.java:185)
	at com.kms.katalon.core.main.TestCaseMain$startTestSuite$0.call(Unknown Source)
	at TempTestSuite1680475136875.run(TempTestSuite1680475136875.groovy:36)
Caused by: com.kms.katalon.core.exception.StepFailedException: com.kms.katalon.core.webui.exception.WebElementNotFoundException: Web element with id: 'Object Repository/WEB/Register/Reg_validationError_EmailRegisteredAlready' located by '(.//*[normalize-space(text()) and normalize-space(.)='E-Mail'])[1]/following::small[1]' not found
	at com.kms.katalon.core.webui.keyword.internal.WebUIKeywordMain.stepFailed(WebUIKeywordMain.groovy:64)
	at com.kms.katalon.core.webui.keyword.builtin.VerifyElementPresentKeyword$_verifyElementPresent_closure1.doCall(VerifyElementPresentKeyword.groovy:85)
	at com.kms.katalon.core.webui.keyword.builtin.VerifyElementPresentKeyword$_verifyElementPresent_closure1.call(VerifyElementPresentKeyword.groovy)
	at com.kms.katalon.core.webui.keyword.internal.WebUIKeywordMain.runKeyword(WebUIKeywordMain.groovy:20)
	... 19 more
)

2023-04-03 05:46:58 - [MESSAGE][INFO] - Unable to find the element located by 'By.xpath: (.//*[normalize-space(text()) and normalize-space(.)='E-Mail'])[1]/following::small[1]'. Please recheck the objects properties to make sure the desired element is located. 

2023-04-03 05:46:58 - [MESSAGE][FAILED] - com.kms.katalon.core.webui.exception.WebElementNotFoundException: Web element with id: 'Object Repository/WEB/Register/Reg_validationError_EmailRegisteredAlready' located by '(.//*[normalize-space(text()) and normalize-space(.)='E-Mail'])[1]/following::small[1]' not found (Root cause: com.kms.katalon.core.exception.StepFailedException: com.kms.katalon.core.webui.exception.WebElementNotFoundException: Web element with id: 'Object Repository/WEB/Register/Reg_validationError_EmailRegisteredAlready' located by '(.//*[normalize-space(text()) and normalize-space(.)='E-Mail'])[1]/following::small[1]' not found
	at com.kms.katalon.core.webui.keyword.internal.WebUIKeywordMain.stepFailed(WebUIKeywordMain.groovy:64)
	at com.kms.katalon.core.webui.keyword.builtin.VerifyElementPresentKeyword$_verifyElementPresent_closure1.doCall(VerifyElementPresentKeyword.groovy:85)
	at com.kms.katalon.core.webui.keyword.builtin.VerifyElementPresentKeyword$_verifyElementPresent_closure1.call(VerifyElementPresentKeyword.groovy)
	at com.kms.katalon.core.webui.keyword.internal.WebUIKeywordMain.runKeyword(WebUIKeywordMain.groovy:20)
	at com.kms.katalon.core.webui.keyword.builtin.VerifyElementPresentKeyword.verifyElementPresent(VerifyElementPresentKeyword.groovy:92)
	at com.kms.katalon.core.webui.keyword.builtin.VerifyElementPresentKeyword.execute(VerifyElementPresentKeyword.groovy:68)
	at com.kms.katalon.core.keyword.internal.KeywordExecutor.executeKeywordForPlatform(KeywordExecutor.groovy:74)
	at com.kms.katalon.core.webui.keyword.WebUiBuiltInKeywords.verifyElementPresent(WebUiBuiltInKeywords.groovy:1464)
	at com.kms.katalon.core.webui.keyword.WebUiBuiltInKeywords$verifyElementPresent$7.call(Unknown Source)
	at REG-28.run(REG-28:67)
	at com.kms.katalon.core.main.ScriptEngine.run(ScriptEngine.java:194)
	at com.kms.katalon.core.main.ScriptEngine.runScriptAsRawText(ScriptEngine.java:119)
	at com.kms.katalon.core.main.TestCaseExecutor.runScript(TestCaseExecutor.java:448)
	at com.kms.katalon.core.main.TestCaseExecutor.doExecute(TestCaseExecutor.java:439)
	at com.kms.katalon.core.main.TestCaseExecutor.processExecutionPhase(TestCaseExecutor.java:418)
	at com.kms.katalon.core.main.TestCaseExecutor.accessMainPhase(TestCaseExecutor.java:410)
	at com.kms.katalon.core.main.TestCaseExecutor.execute(TestCaseExecutor.java:285)
	at com.kms.katalon.core.common.CommonExecutor.accessTestCaseMainPhase(CommonExecutor.java:65)
	at com.kms.katalon.core.main.TestSuiteExecutor.accessTestSuiteMainPhase(TestSuiteExecutor.java:151)
	at com.kms.katalon.core.main.TestSuiteExecutor.execute(TestSuiteExecutor.java:106)
	at com.kms.katalon.core.main.TestCaseMain.startTestSuite(TestCaseMain.java:185)
	at com.kms.katalon.core.main.TestCaseMain$startTestSuite$0.call(Unknown Source)
	at TempTestSuite1680475136875.run(TempTestSuite1680475136875.groovy:36)
)
[[ATTACHMENT|C:\\Users\\rizki\\git\\CodingID-QA\\Reports\\20230403_053856\\WEB\\REG\\20230403_053856\\1680475618048.png]]

2023-04-03 05:46:58 - [MESSAGE][FAILED] - Unable to verify object 'Object Repository/WEB/Register/Reg_validationError_EmailRegisteredAlready' is present (Root cause: com.kms.katalon.core.exception.StepFailedException: Unable to verify object 'Object Repository/WEB/Register/Reg_validationError_EmailRegisteredAlready' is present
	at com.kms.katalon.core.webui.keyword.internal.WebUIKeywordMain.stepFailed(WebUIKeywordMain.groovy:64)
	at com.kms.katalon.core.webui.keyword.internal.WebUIKeywordMain.runKeyword(WebUIKeywordMain.groovy:26)
	at com.kms.katalon.core.webui.keyword.builtin.VerifyElementPresentKeyword.verifyElementPresent(VerifyElementPresentKeyword.groovy:92)
	at com.kms.katalon.core.webui.keyword.builtin.VerifyElementPresentKeyword.execute(VerifyElementPresentKeyword.groovy:68)
	at com.kms.katalon.core.keyword.internal.KeywordExecutor.executeKeywordForPlatform(KeywordExecutor.groovy:74)
	at com.kms.katalon.core.webui.keyword.WebUiBuiltInKeywords.verifyElementPresent(WebUiBuiltInKeywords.groovy:1464)
	at com.kms.katalon.core.webui.keyword.WebUiBuiltInKeywords$verifyElementPresent$7.call(Unknown Source)
	at REG-28.run(REG-28:67)
	at com.kms.katalon.core.main.ScriptEngine.run(ScriptEngine.java:194)
	at com.kms.katalon.core.main.ScriptEngine.runScriptAsRawText(ScriptEngine.java:119)
	at com.kms.katalon.core.main.TestCaseExecutor.runScript(TestCaseExecutor.java:448)
	at com.kms.katalon.core.main.TestCaseExecutor.doExecute(TestCaseExecutor.java:439)
	at com.kms.katalon.core.main.TestCaseExecutor.processExecutionPhase(TestCaseExecutor.java:418)
	at com.kms.katalon.core.main.TestCaseExecutor.accessMainPhase(TestCaseExecutor.java:410)
	at com.kms.katalon.core.main.TestCaseExecutor.execute(TestCaseExecutor.java:285)
	at com.kms.katalon.core.common.CommonExecutor.accessTestCaseMainPhase(CommonExecutor.java:65)
	at com.kms.katalon.core.main.TestSuiteExecutor.accessTestSuiteMainPhase(TestSuiteExecutor.java:151)
	at com.kms.katalon.core.main.TestSuiteExecutor.execute(TestSuiteExecutor.java:106)
	at com.kms.katalon.core.main.TestCaseMain.startTestSuite(TestCaseMain.java:185)
	at com.kms.katalon.core.main.TestCaseMain$startTestSuite$0.call(Unknown Source)
	at TempTestSuite1680475136875.run(TempTestSuite1680475136875.groovy:36)
Caused by: com.kms.katalon.core.exception.StepFailedException: com.kms.katalon.core.webui.exception.WebElementNotFoundException: Web element with id: 'Object Repository/WEB/Register/Reg_validationError_EmailRegisteredAlready' located by '(.//*[normalize-space(text()) and normalize-space(.)='E-Mail'])[1]/following::small[1]' not found
	at com.kms.katalon.core.webui.keyword.internal.WebUIKeywordMain.stepFailed(WebUIKeywordMain.groovy:64)
	at com.kms.katalon.core.webui.keyword.builtin.VerifyElementPresentKeyword$_verifyElementPresent_closure1.doCall(VerifyElementPresentKeyword.groovy:85)
	at com.kms.katalon.core.webui.keyword.builtin.VerifyElementPresentKeyword$_verifyElementPresent_closure1.call(VerifyElementPresentKeyword.groovy)
	at com.kms.katalon.core.webui.keyword.internal.WebUIKeywordMain.runKeyword(WebUIKeywordMain.groovy:20)
	... 19 more
)
[[ATTACHMENT|C:\\Users\\rizki\\git\\CodingID-QA\\Reports\\20230403_053856\\WEB\\REG\\20230403_053856\\1680475618129.png]]

2023-04-03 05:46:58 - [TEST_STEP][PASSED] - catch (com.kms.katalon.core.exception.StepFailedException e): null

2023-04-03 05:46:58 - [TEST_STEP][PASSED] - if (!(hasError)): null]]></system-out>
         <system-err><![CDATA[]]></system-err>
      </testcase>
      <testcase name="Test Cases/Web/REG/REG-29" time="95.723" classname="Test Cases/Web/REG/REG-29" status="PASSED">
         <system-out><![CDATA[2023-04-03 05:46:58 - [TEST_CASE][PASSED] - Test Cases/Web/REG/REG-29: Test Cases/Web/REG/REG-29

2023-04-03 05:46:58 - [TEST_STEP][PASSED] - openBrowser(""): Browser is opened with url: ''

2023-04-03 05:46:58 - [MESSAGE][WARNING] - A browser is already opened. Closing browser and opening a new one

2023-04-03 05:46:59 - [MESSAGE][INFO] - Starting 'Chrome' driver

2023-04-03 05:46:59 - [MESSAGE][INFO] - Action delay is set to 0 milliseconds

2023-04-03 05:47:00 - [MESSAGE][PASSED] - Browser is opened with url: ''

2023-04-03 05:47:00 - [TEST_STEP][PASSED] - testData = findTestData("Data Files/Web/Register_Whatsapp"): null

2023-04-03 05:47:00 - [TEST_STEP][PASSED] - for ([i = 1, i <= testData.getRowNumbers(), (i++)]): Current window's url is: 'https://demo-app.online/email/verify'

2023-04-03 05:47:00 - [TEST_STEP][PASSED] - whatsapp = testData.getValue("Whatsapp", i): null

2023-04-03 05:47:00 - [TEST_STEP][PASSED] - navigateToUrl("https://demo-app.online/daftar"): Navigate to 'https://demo-app.online/daftar' successfully

2023-04-03 05:47:01 - [MESSAGE][PASSED] - Navigate to 'https://demo-app.online/daftar' successfully

2023-04-03 05:47:01 - [TEST_STEP][PASSED] - setText(findTestObject("Object Repository/Web/Register/Reg_InputText_Nama"), "Rizki Khaerul Fajri"): Text 'Rizki Khaerul Fajri' is set on object 'Object Repository/Web/Register/Reg_InputText_Nama'

2023-04-03 05:47:02 - [MESSAGE][PASSED] - Text 'Rizki Khaerul Fajri' is set on object 'Object Repository/Web/Register/Reg_InputText_Nama'

2023-04-03 05:47:02 - [TEST_STEP][PASSED] - setText(findTestObject("Object Repository/Web/Register/Reg_InputText_BirthDay"), "18-Feb-1997"): Text '18-Feb-1997' is set on object 'Object Repository/Web/Register/Reg_InputText_BirthDay'

2023-04-03 05:47:03 - [MESSAGE][PASSED] - Text '18-Feb-1997' is set on object 'Object Repository/Web/Register/Reg_InputText_BirthDay'

2023-04-03 05:47:03 - [TEST_STEP][PASSED] - setText(findTestObject("Object Repository/Web/Register/Reg_InputText_Email"), "Test@Example.com"): Text 'Test@Example.com' is set on object 'Object Repository/Web/Register/Reg_InputText_Email'

2023-04-03 05:47:04 - [MESSAGE][PASSED] - Text 'Test@Example.com' is set on object 'Object Repository/Web/Register/Reg_InputText_Email'

2023-04-03 05:47:04 - [TEST_STEP][PASSED] - setText(findTestObject("Object Repository/Web/Register/Reg_InputText_Whatsapp"), whatsapp): Text '2125551212' is set on object 'Object Repository/Web/Register/Reg_InputText_Whatsapp'

2023-04-03 05:47:05 - [MESSAGE][PASSED] - Text '2125551212' is set on object 'Object Repository/Web/Register/Reg_InputText_Whatsapp'

2023-04-03 05:47:05 - [TEST_STEP][PASSED] - setText(findTestObject("Object Repository/Web/Register/Reg_InputText_KataSandi"), "testingtesting"): Text 'testingtesting' is set on object 'Object Repository/Web/Register/Reg_InputText_KataSandi'

2023-04-03 05:47:06 - [MESSAGE][PASSED] - Text 'testingtesting' is set on object 'Object Repository/Web/Register/Reg_InputText_KataSandi'

2023-04-03 05:47:06 - [TEST_STEP][PASSED] - setText(findTestObject("Object Repository/Web/Register/Reg_InputText_KonfirmasiKataSandi"), "testingtesting"): Text 'testingtesting' is set on object 'Object Repository/Web/Register/Reg_InputText_KonfirmasiKataSandi'

2023-04-03 05:47:07 - [MESSAGE][PASSED] - Text 'testingtesting' is set on object 'Object Repository/Web/Register/Reg_InputText_KonfirmasiKataSandi'

2023-04-03 05:47:07 - [TEST_STEP][PASSED] - check(findTestObject("Object Repository/Web/Register/Reg_Checkbox_SyaratDanKetentuan")): Object 'Object Repository/Web/Register/Reg_Checkbox_SyaratDanKetentuan' is checked

2023-04-03 05:47:07 - [MESSAGE][PASSED] - Object 'Object Repository/Web/Register/Reg_Checkbox_SyaratDanKetentuan' is checked

2023-04-03 05:47:07 - [TEST_STEP][PASSED] - click(findTestObject("Object Repository/Web/Register/Reg_Button_Daftar")): Object: 'Object Repository/Web/Register/Reg_Button_Daftar' is clicked on

2023-04-03 05:47:10 - [MESSAGE][PASSED] - Object: 'Object Repository/Web/Register/Reg_Button_Daftar' is clicked on

2023-04-03 05:47:10 - [TEST_STEP][PASSED] - delay(5): Delayed 5 second(s)

2023-04-03 05:47:15 - [MESSAGE][PASSED] - Delayed 5 second(s)

2023-04-03 05:47:15 - [TEST_STEP][PASSED] - if (getUrl() == "https://demo-app.online/daftar"): Current window's url is: 'https://demo-app.online/email/verify'

2023-04-03 05:47:15 - [MESSAGE][PASSED] - Current window's url is: 'https://demo-app.online/email/verify'

2023-04-03 05:47:15 - [TEST_STEP][PASSED] - delay(5): Delayed 5 second(s)

2023-04-03 05:47:20 - [MESSAGE][PASSED] - Delayed 5 second(s)

2023-04-03 05:47:20 - [TEST_STEP][PASSED] - assert getUrl() == "https://demo-app.online/email/verify": Current window's url is: 'https://demo-app.online/email/verify'

2023-04-03 05:47:20 - [MESSAGE][PASSED] - Current window's url is: 'https://demo-app.online/email/verify'

2023-04-03 05:47:20 - [TEST_STEP][PASSED] - whatsapp = testData.getValue("Whatsapp", i): null

2023-04-03 05:47:20 - [TEST_STEP][PASSED] - navigateToUrl("https://demo-app.online/daftar"): Navigate to 'https://demo-app.online/daftar' successfully

2023-04-03 05:47:21 - [MESSAGE][PASSED] - Navigate to 'https://demo-app.online/daftar' successfully

2023-04-03 05:47:21 - [TEST_STEP][PASSED] - setText(findTestObject("Object Repository/Web/Register/Reg_InputText_Nama"), "Rizki Khaerul Fajri"): Text 'Rizki Khaerul Fajri' is set on object 'Object Repository/Web/Register/Reg_InputText_Nama'

2023-04-03 05:47:22 - [MESSAGE][PASSED] - Text 'Rizki Khaerul Fajri' is set on object 'Object Repository/Web/Register/Reg_InputText_Nama'

2023-04-03 05:47:22 - [TEST_STEP][PASSED] - setText(findTestObject("Object Repository/Web/Register/Reg_InputText_BirthDay"), "18-Feb-1997"): Text '18-Feb-1997' is set on object 'Object Repository/Web/Register/Reg_InputText_BirthDay'

2023-04-03 05:47:22 - [MESSAGE][PASSED] - Text '18-Feb-1997' is set on object 'Object Repository/Web/Register/Reg_InputText_BirthDay'

2023-04-03 05:47:22 - [TEST_STEP][PASSED] - setText(findTestObject("Object Repository/Web/Register/Reg_InputText_Email"), "Test@Example.com"): Text 'Test@Example.com' is set on object 'Object Repository/Web/Register/Reg_InputText_Email'

2023-04-03 05:47:23 - [MESSAGE][PASSED] - Text 'Test@Example.com' is set on object 'Object Repository/Web/Register/Reg_InputText_Email'

2023-04-03 05:47:23 - [TEST_STEP][PASSED] - setText(findTestObject("Object Repository/Web/Register/Reg_InputText_Whatsapp"), whatsapp): Text '02071234567' is set on object 'Object Repository/Web/Register/Reg_InputText_Whatsapp'

2023-04-03 05:47:24 - [MESSAGE][PASSED] - Text '02071234567' is set on object 'Object Repository/Web/Register/Reg_InputText_Whatsapp'

2023-04-03 05:47:24 - [TEST_STEP][PASSED] - setText(findTestObject("Object Repository/Web/Register/Reg_InputText_KataSandi"), "testingtesting"): Text 'testingtesting' is set on object 'Object Repository/Web/Register/Reg_InputText_KataSandi'

2023-04-03 05:47:25 - [MESSAGE][PASSED] - Text 'testingtesting' is set on object 'Object Repository/Web/Register/Reg_InputText_KataSandi'

2023-04-03 05:47:25 - [TEST_STEP][PASSED] - setText(findTestObject("Object Repository/Web/Register/Reg_InputText_KonfirmasiKataSandi"), "testingtesting"): Text 'testingtesting' is set on object 'Object Repository/Web/Register/Reg_InputText_KonfirmasiKataSandi'

2023-04-03 05:47:25 - [MESSAGE][PASSED] - Text 'testingtesting' is set on object 'Object Repository/Web/Register/Reg_InputText_KonfirmasiKataSandi'

2023-04-03 05:47:25 - [TEST_STEP][PASSED] - check(findTestObject("Object Repository/Web/Register/Reg_Checkbox_SyaratDanKetentuan")): Object 'Object Repository/Web/Register/Reg_Checkbox_SyaratDanKetentuan' is checked

2023-04-03 05:47:26 - [MESSAGE][PASSED] - Object 'Object Repository/Web/Register/Reg_Checkbox_SyaratDanKetentuan' is checked

2023-04-03 05:47:26 - [TEST_STEP][PASSED] - click(findTestObject("Object Repository/Web/Register/Reg_Button_Daftar")): Object: 'Object Repository/Web/Register/Reg_Button_Daftar' is clicked on

2023-04-03 05:47:28 - [MESSAGE][PASSED] - Object: 'Object Repository/Web/Register/Reg_Button_Daftar' is clicked on

2023-04-03 05:47:28 - [TEST_STEP][PASSED] - delay(5): Delayed 5 second(s)

2023-04-03 05:47:33 - [MESSAGE][PASSED] - Delayed 5 second(s)

2023-04-03 05:47:33 - [TEST_STEP][PASSED] - if (getUrl() == "https://demo-app.online/daftar"): Current window's url is: 'https://demo-app.online/email/verify'

2023-04-03 05:47:33 - [MESSAGE][PASSED] - Current window's url is: 'https://demo-app.online/email/verify'

2023-04-03 05:47:33 - [TEST_STEP][PASSED] - delay(5): Delayed 5 second(s)

2023-04-03 05:47:38 - [MESSAGE][PASSED] - Delayed 5 second(s)

2023-04-03 05:47:38 - [TEST_STEP][PASSED] - assert getUrl() == "https://demo-app.online/email/verify": Current window's url is: 'https://demo-app.online/email/verify'

2023-04-03 05:47:38 - [MESSAGE][PASSED] - Current window's url is: 'https://demo-app.online/email/verify'

2023-04-03 05:47:38 - [TEST_STEP][PASSED] - whatsapp = testData.getValue("Whatsapp", i): null

2023-04-03 05:47:38 - [TEST_STEP][PASSED] - navigateToUrl("https://demo-app.online/daftar"): Navigate to 'https://demo-app.online/daftar' successfully

2023-04-03 05:47:38 - [MESSAGE][PASSED] - Navigate to 'https://demo-app.online/daftar' successfully

2023-04-03 05:47:38 - [TEST_STEP][PASSED] - setText(findTestObject("Object Repository/Web/Register/Reg_InputText_Nama"), "Rizki Khaerul Fajri"): Text 'Rizki Khaerul Fajri' is set on object 'Object Repository/Web/Register/Reg_InputText_Nama'

2023-04-03 05:47:40 - [MESSAGE][PASSED] - Text 'Rizki Khaerul Fajri' is set on object 'Object Repository/Web/Register/Reg_InputText_Nama'

2023-04-03 05:47:40 - [TEST_STEP][PASSED] - setText(findTestObject("Object Repository/Web/Register/Reg_InputText_BirthDay"), "18-Feb-1997"): Text '18-Feb-1997' is set on object 'Object Repository/Web/Register/Reg_InputText_BirthDay'

2023-04-03 05:47:41 - [MESSAGE][PASSED] - Text '18-Feb-1997' is set on object 'Object Repository/Web/Register/Reg_InputText_BirthDay'

2023-04-03 05:47:41 - [TEST_STEP][PASSED] - setText(findTestObject("Object Repository/Web/Register/Reg_InputText_Email"), "Test@Example.com"): Text 'Test@Example.com' is set on object 'Object Repository/Web/Register/Reg_InputText_Email'

2023-04-03 05:47:41 - [MESSAGE][PASSED] - Text 'Test@Example.com' is set on object 'Object Repository/Web/Register/Reg_InputText_Email'

2023-04-03 05:47:41 - [TEST_STEP][PASSED] - setText(findTestObject("Object Repository/Web/Register/Reg_InputText_Whatsapp"), whatsapp): Text '0312345678' is set on object 'Object Repository/Web/Register/Reg_InputText_Whatsapp'

2023-04-03 05:47:42 - [MESSAGE][PASSED] - Text '0312345678' is set on object 'Object Repository/Web/Register/Reg_InputText_Whatsapp'

2023-04-03 05:47:42 - [TEST_STEP][PASSED] - setText(findTestObject("Object Repository/Web/Register/Reg_InputText_KataSandi"), "testingtesting"): Text 'testingtesting' is set on object 'Object Repository/Web/Register/Reg_InputText_KataSandi'

2023-04-03 05:47:43 - [MESSAGE][PASSED] - Text 'testingtesting' is set on object 'Object Repository/Web/Register/Reg_InputText_KataSandi'

2023-04-03 05:47:43 - [TEST_STEP][PASSED] - setText(findTestObject("Object Repository/Web/Register/Reg_InputText_KonfirmasiKataSandi"), "testingtesting"): Text 'testingtesting' is set on object 'Object Repository/Web/Register/Reg_InputText_KonfirmasiKataSandi'

2023-04-03 05:47:44 - [MESSAGE][PASSED] - Text 'testingtesting' is set on object 'Object Repository/Web/Register/Reg_InputText_KonfirmasiKataSandi'

2023-04-03 05:47:44 - [TEST_STEP][PASSED] - check(findTestObject("Object Repository/Web/Register/Reg_Checkbox_SyaratDanKetentuan")): Object 'Object Repository/Web/Register/Reg_Checkbox_SyaratDanKetentuan' is checked

2023-04-03 05:47:45 - [MESSAGE][PASSED] - Object 'Object Repository/Web/Register/Reg_Checkbox_SyaratDanKetentuan' is checked

2023-04-03 05:47:45 - [TEST_STEP][PASSED] - click(findTestObject("Object Repository/Web/Register/Reg_Button_Daftar")): Object: 'Object Repository/Web/Register/Reg_Button_Daftar' is clicked on

2023-04-03 05:47:47 - [MESSAGE][PASSED] - Object: 'Object Repository/Web/Register/Reg_Button_Daftar' is clicked on

2023-04-03 05:47:47 - [TEST_STEP][PASSED] - delay(5): Delayed 5 second(s)

2023-04-03 05:47:52 - [MESSAGE][PASSED] - Delayed 5 second(s)

2023-04-03 05:47:52 - [TEST_STEP][PASSED] - if (getUrl() == "https://demo-app.online/daftar"): Current window's url is: 'https://demo-app.online/email/verify'

2023-04-03 05:47:52 - [MESSAGE][PASSED] - Current window's url is: 'https://demo-app.online/email/verify'

2023-04-03 05:47:52 - [TEST_STEP][PASSED] - delay(5): Delayed 5 second(s)

2023-04-03 05:47:57 - [MESSAGE][PASSED] - Delayed 5 second(s)

2023-04-03 05:47:57 - [TEST_STEP][PASSED] - assert getUrl() == "https://demo-app.online/email/verify": Current window's url is: 'https://demo-app.online/email/verify'

2023-04-03 05:47:57 - [MESSAGE][PASSED] - Current window's url is: 'https://demo-app.online/email/verify'

2023-04-03 05:47:57 - [TEST_STEP][PASSED] - whatsapp = testData.getValue("Whatsapp", i): null

2023-04-03 05:47:57 - [TEST_STEP][PASSED] - navigateToUrl("https://demo-app.online/daftar"): Navigate to 'https://demo-app.online/daftar' successfully

2023-04-03 05:47:57 - [MESSAGE][PASSED] - Navigate to 'https://demo-app.online/daftar' successfully

2023-04-03 05:47:57 - [TEST_STEP][PASSED] - setText(findTestObject("Object Repository/Web/Register/Reg_InputText_Nama"), "Rizki Khaerul Fajri"): Text 'Rizki Khaerul Fajri' is set on object 'Object Repository/Web/Register/Reg_InputText_Nama'

2023-04-03 05:47:58 - [MESSAGE][PASSED] - Text 'Rizki Khaerul Fajri' is set on object 'Object Repository/Web/Register/Reg_InputText_Nama'

2023-04-03 05:47:58 - [TEST_STEP][PASSED] - setText(findTestObject("Object Repository/Web/Register/Reg_InputText_BirthDay"), "18-Feb-1997"): Text '18-Feb-1997' is set on object 'Object Repository/Web/Register/Reg_InputText_BirthDay'

2023-04-03 05:47:59 - [MESSAGE][PASSED] - Text '18-Feb-1997' is set on object 'Object Repository/Web/Register/Reg_InputText_BirthDay'

2023-04-03 05:47:59 - [TEST_STEP][PASSED] - setText(findTestObject("Object Repository/Web/Register/Reg_InputText_Email"), "Test@Example.com"): Text 'Test@Example.com' is set on object 'Object Repository/Web/Register/Reg_InputText_Email'

2023-04-03 05:48:00 - [MESSAGE][PASSED] - Text 'Test@Example.com' is set on object 'Object Repository/Web/Register/Reg_InputText_Email'

2023-04-03 05:48:00 - [TEST_STEP][PASSED] - setText(findTestObject("Object Repository/Web/Register/Reg_InputText_Whatsapp"), whatsapp): Text '1012345678' is set on object 'Object Repository/Web/Register/Reg_InputText_Whatsapp'

2023-04-03 05:48:01 - [MESSAGE][PASSED] - Text '1012345678' is set on object 'Object Repository/Web/Register/Reg_InputText_Whatsapp'

2023-04-03 05:48:01 - [TEST_STEP][PASSED] - setText(findTestObject("Object Repository/Web/Register/Reg_InputText_KataSandi"), "testingtesting"): Text 'testingtesting' is set on object 'Object Repository/Web/Register/Reg_InputText_KataSandi'

2023-04-03 05:48:01 - [MESSAGE][PASSED] - Text 'testingtesting' is set on object 'Object Repository/Web/Register/Reg_InputText_KataSandi'

2023-04-03 05:48:01 - [TEST_STEP][PASSED] - setText(findTestObject("Object Repository/Web/Register/Reg_InputText_KonfirmasiKataSandi"), "testingtesting"): Text 'testingtesting' is set on object 'Object Repository/Web/Register/Reg_InputText_KonfirmasiKataSandi'

2023-04-03 05:48:02 - [MESSAGE][PASSED] - Text 'testingtesting' is set on object 'Object Repository/Web/Register/Reg_InputText_KonfirmasiKataSandi'

2023-04-03 05:48:02 - [TEST_STEP][PASSED] - check(findTestObject("Object Repository/Web/Register/Reg_Checkbox_SyaratDanKetentuan")): Object 'Object Repository/Web/Register/Reg_Checkbox_SyaratDanKetentuan' is checked

2023-04-03 05:48:03 - [MESSAGE][PASSED] - Object 'Object Repository/Web/Register/Reg_Checkbox_SyaratDanKetentuan' is checked

2023-04-03 05:48:03 - [TEST_STEP][PASSED] - click(findTestObject("Object Repository/Web/Register/Reg_Button_Daftar")): Object: 'Object Repository/Web/Register/Reg_Button_Daftar' is clicked on

2023-04-03 05:48:06 - [MESSAGE][PASSED] - Object: 'Object Repository/Web/Register/Reg_Button_Daftar' is clicked on

2023-04-03 05:48:06 - [TEST_STEP][PASSED] - delay(5): Delayed 5 second(s)

2023-04-03 05:48:11 - [MESSAGE][PASSED] - Delayed 5 second(s)

2023-04-03 05:48:11 - [TEST_STEP][PASSED] - if (getUrl() == "https://demo-app.online/daftar"): Current window's url is: 'https://demo-app.online/email/verify'

2023-04-03 05:48:11 - [MESSAGE][PASSED] - Current window's url is: 'https://demo-app.online/email/verify'

2023-04-03 05:48:11 - [TEST_STEP][PASSED] - delay(5): Delayed 5 second(s)

2023-04-03 05:48:16 - [MESSAGE][PASSED] - Delayed 5 second(s)

2023-04-03 05:48:16 - [TEST_STEP][PASSED] - assert getUrl() == "https://demo-app.online/email/verify": Current window's url is: 'https://demo-app.online/email/verify'

2023-04-03 05:48:16 - [MESSAGE][PASSED] - Current window's url is: 'https://demo-app.online/email/verify'

2023-04-03 05:48:16 - [TEST_STEP][PASSED] - whatsapp = testData.getValue("Whatsapp", i): null

2023-04-03 05:48:16 - [TEST_STEP][PASSED] - navigateToUrl("https://demo-app.online/daftar"): Navigate to 'https://demo-app.online/daftar' successfully

2023-04-03 05:48:16 - [MESSAGE][PASSED] - Navigate to 'https://demo-app.online/daftar' successfully

2023-04-03 05:48:16 - [TEST_STEP][PASSED] - setText(findTestObject("Object Repository/Web/Register/Reg_InputText_Nama"), "Rizki Khaerul Fajri"): Text 'Rizki Khaerul Fajri' is set on object 'Object Repository/Web/Register/Reg_InputText_Nama'

2023-04-03 05:48:17 - [MESSAGE][PASSED] - Text 'Rizki Khaerul Fajri' is set on object 'Object Repository/Web/Register/Reg_InputText_Nama'

2023-04-03 05:48:17 - [TEST_STEP][PASSED] - setText(findTestObject("Object Repository/Web/Register/Reg_InputText_BirthDay"), "18-Feb-1997"): Text '18-Feb-1997' is set on object 'Object Repository/Web/Register/Reg_InputText_BirthDay'

2023-04-03 05:48:18 - [MESSAGE][PASSED] - Text '18-Feb-1997' is set on object 'Object Repository/Web/Register/Reg_InputText_BirthDay'

2023-04-03 05:48:18 - [TEST_STEP][PASSED] - setText(findTestObject("Object Repository/Web/Register/Reg_InputText_Email"), "Test@Example.com"): Text 'Test@Example.com' is set on object 'Object Repository/Web/Register/Reg_InputText_Email'

2023-04-03 05:48:19 - [MESSAGE][PASSED] - Text 'Test@Example.com' is set on object 'Object Repository/Web/Register/Reg_InputText_Email'

2023-04-03 05:48:19 - [TEST_STEP][PASSED] - setText(findTestObject("Object Repository/Web/Register/Reg_InputText_Whatsapp"), whatsapp): Text '041234567' is set on object 'Object Repository/Web/Register/Reg_InputText_Whatsapp'

2023-04-03 05:48:20 - [MESSAGE][PASSED] - Text '041234567' is set on object 'Object Repository/Web/Register/Reg_InputText_Whatsapp'

2023-04-03 05:48:20 - [TEST_STEP][PASSED] - setText(findTestObject("Object Repository/Web/Register/Reg_InputText_KataSandi"), "testingtesting"): Text 'testingtesting' is set on object 'Object Repository/Web/Register/Reg_InputText_KataSandi'

2023-04-03 05:48:20 - [MESSAGE][PASSED] - Text 'testingtesting' is set on object 'Object Repository/Web/Register/Reg_InputText_KataSandi'

2023-04-03 05:48:20 - [TEST_STEP][PASSED] - setText(findTestObject("Object Repository/Web/Register/Reg_InputText_KonfirmasiKataSandi"), "testingtesting"): Text 'testingtesting' is set on object 'Object Repository/Web/Register/Reg_InputText_KonfirmasiKataSandi'

2023-04-03 05:48:21 - [MESSAGE][PASSED] - Text 'testingtesting' is set on object 'Object Repository/Web/Register/Reg_InputText_KonfirmasiKataSandi'

2023-04-03 05:48:21 - [TEST_STEP][PASSED] - check(findTestObject("Object Repository/Web/Register/Reg_Checkbox_SyaratDanKetentuan")): Object 'Object Repository/Web/Register/Reg_Checkbox_SyaratDanKetentuan' is checked

2023-04-03 05:48:22 - [MESSAGE][PASSED] - Object 'Object Repository/Web/Register/Reg_Checkbox_SyaratDanKetentuan' is checked

2023-04-03 05:48:22 - [TEST_STEP][PASSED] - click(findTestObject("Object Repository/Web/Register/Reg_Button_Daftar")): Object: 'Object Repository/Web/Register/Reg_Button_Daftar' is clicked on

2023-04-03 05:48:23 - [MESSAGE][PASSED] - Object: 'Object Repository/Web/Register/Reg_Button_Daftar' is clicked on

2023-04-03 05:48:23 - [TEST_STEP][PASSED] - delay(5): Delayed 5 second(s)

2023-04-03 05:48:28 - [MESSAGE][PASSED] - Delayed 5 second(s)

2023-04-03 05:48:28 - [TEST_STEP][PASSED] - if (getUrl() == "https://demo-app.online/daftar"): Current window's url is: 'https://demo-app.online/email/verify'

2023-04-03 05:48:28 - [MESSAGE][PASSED] - Current window's url is: 'https://demo-app.online/email/verify'

2023-04-03 05:48:28 - [TEST_STEP][PASSED] - delay(5): Delayed 5 second(s)

2023-04-03 05:48:33 - [MESSAGE][PASSED] - Delayed 5 second(s)

2023-04-03 05:48:33 - [TEST_STEP][PASSED] - assert getUrl() == "https://demo-app.online/email/verify": Current window's url is: 'https://demo-app.online/email/verify'

2023-04-03 05:48:33 - [MESSAGE][PASSED] - Current window's url is: 'https://demo-app.online/email/verify']]></system-out>
         <system-err><![CDATA[]]></system-err>
      </testcase>
      <testcase name="Test Cases/Web/REG/REG-30" time="93.127" classname="Test Cases/Web/REG/REG-30" status="PASSED">
         <system-out><![CDATA[2023-04-03 05:48:33 - [TEST_CASE][PASSED] - Test Cases/Web/REG/REG-30: Test Cases/Web/REG/REG-30

2023-04-03 05:48:34 - [TEST_STEP][PASSED] - openBrowser(""): Browser is opened with url: ''

2023-04-03 05:48:34 - [MESSAGE][WARNING] - A browser is already opened. Closing browser and opening a new one

2023-04-03 05:48:34 - [MESSAGE][INFO] - Starting 'Chrome' driver

2023-04-03 05:48:34 - [MESSAGE][INFO] - Action delay is set to 0 milliseconds

2023-04-03 05:48:36 - [MESSAGE][PASSED] - Browser is opened with url: ''

2023-04-03 05:48:36 - [TEST_STEP][PASSED] - testData = findTestData("Data Files/Web/Register_WhatsappCountryCode"): null

2023-04-03 05:48:36 - [TEST_STEP][PASSED] - for ([i = 1, i <= testData.getRowNumbers(), (i++)]): Current window's url is: 'https://demo-app.online/email/verify'

2023-04-03 05:48:36 - [TEST_STEP][PASSED] - whatsapp = testData.getValue("Whatsapp", i): null

2023-04-03 05:48:36 - [TEST_STEP][PASSED] - navigateToUrl("https://demo-app.online/daftar"): Navigate to 'https://demo-app.online/daftar' successfully

2023-04-03 05:48:37 - [MESSAGE][PASSED] - Navigate to 'https://demo-app.online/daftar' successfully

2023-04-03 05:48:37 - [TEST_STEP][PASSED] - setText(findTestObject("Object Repository/Web/Register/Reg_InputText_Nama"), "Rizki Khaerul Fajri"): Text 'Rizki Khaerul Fajri' is set on object 'Object Repository/Web/Register/Reg_InputText_Nama'

2023-04-03 05:48:38 - [MESSAGE][PASSED] - Text 'Rizki Khaerul Fajri' is set on object 'Object Repository/Web/Register/Reg_InputText_Nama'

2023-04-03 05:48:38 - [TEST_STEP][PASSED] - setText(findTestObject("Object Repository/Web/Register/Reg_InputText_BirthDay"), "18-Feb-1997"): Text '18-Feb-1997' is set on object 'Object Repository/Web/Register/Reg_InputText_BirthDay'

2023-04-03 05:48:39 - [MESSAGE][PASSED] - Text '18-Feb-1997' is set on object 'Object Repository/Web/Register/Reg_InputText_BirthDay'

2023-04-03 05:48:39 - [TEST_STEP][PASSED] - setText(findTestObject("Object Repository/Web/Register/Reg_InputText_Email"), "Test@Example.com"): Text 'Test@Example.com' is set on object 'Object Repository/Web/Register/Reg_InputText_Email'

2023-04-03 05:48:40 - [MESSAGE][PASSED] - Text 'Test@Example.com' is set on object 'Object Repository/Web/Register/Reg_InputText_Email'

2023-04-03 05:48:40 - [TEST_STEP][PASSED] - setText(findTestObject("Object Repository/Web/Register/Reg_InputText_Whatsapp"), whatsapp): Text '+12125551212' is set on object 'Object Repository/Web/Register/Reg_InputText_Whatsapp'

2023-04-03 05:48:41 - [MESSAGE][PASSED] - Text '+12125551212' is set on object 'Object Repository/Web/Register/Reg_InputText_Whatsapp'

2023-04-03 05:48:41 - [TEST_STEP][PASSED] - setText(findTestObject("Object Repository/Web/Register/Reg_InputText_KataSandi"), "testingtesting"): Text 'testingtesting' is set on object 'Object Repository/Web/Register/Reg_InputText_KataSandi'

2023-04-03 05:48:41 - [MESSAGE][PASSED] - Text 'testingtesting' is set on object 'Object Repository/Web/Register/Reg_InputText_KataSandi'

2023-04-03 05:48:41 - [TEST_STEP][PASSED] - setText(findTestObject("Object Repository/Web/Register/Reg_InputText_KonfirmasiKataSandi"), "testingtesting"): Text 'testingtesting' is set on object 'Object Repository/Web/Register/Reg_InputText_KonfirmasiKataSandi'

2023-04-03 05:48:42 - [MESSAGE][PASSED] - Text 'testingtesting' is set on object 'Object Repository/Web/Register/Reg_InputText_KonfirmasiKataSandi'

2023-04-03 05:48:42 - [TEST_STEP][PASSED] - check(findTestObject("Object Repository/Web/Register/Reg_Checkbox_SyaratDanKetentuan")): Object 'Object Repository/Web/Register/Reg_Checkbox_SyaratDanKetentuan' is checked

2023-04-03 05:48:43 - [MESSAGE][PASSED] - Object 'Object Repository/Web/Register/Reg_Checkbox_SyaratDanKetentuan' is checked

2023-04-03 05:48:43 - [TEST_STEP][PASSED] - click(findTestObject("Object Repository/Web/Register/Reg_Button_Daftar")): Object: 'Object Repository/Web/Register/Reg_Button_Daftar' is clicked on

2023-04-03 05:48:44 - [MESSAGE][PASSED] - Object: 'Object Repository/Web/Register/Reg_Button_Daftar' is clicked on

2023-04-03 05:48:44 - [TEST_STEP][PASSED] - delay(5): Delayed 5 second(s)

2023-04-03 05:48:49 - [MESSAGE][PASSED] - Delayed 5 second(s)

2023-04-03 05:48:49 - [TEST_STEP][PASSED] - if (getUrl() == "https://demo-app.online/daftar"): Current window's url is: 'https://demo-app.online/email/verify'

2023-04-03 05:48:50 - [MESSAGE][PASSED] - Current window's url is: 'https://demo-app.online/email/verify'

2023-04-03 05:48:50 - [TEST_STEP][PASSED] - delay(5): Delayed 5 second(s)

2023-04-03 05:48:55 - [MESSAGE][PASSED] - Delayed 5 second(s)

2023-04-03 05:48:55 - [TEST_STEP][PASSED] - assert getUrl() == "https://demo-app.online/email/verify": Current window's url is: 'https://demo-app.online/email/verify'

2023-04-03 05:48:55 - [MESSAGE][PASSED] - Current window's url is: 'https://demo-app.online/email/verify'

2023-04-03 05:48:55 - [TEST_STEP][PASSED] - whatsapp = testData.getValue("Whatsapp", i): null

2023-04-03 05:48:55 - [TEST_STEP][PASSED] - navigateToUrl("https://demo-app.online/daftar"): Navigate to 'https://demo-app.online/daftar' successfully

2023-04-03 05:48:55 - [MESSAGE][PASSED] - Navigate to 'https://demo-app.online/daftar' successfully

2023-04-03 05:48:55 - [TEST_STEP][PASSED] - setText(findTestObject("Object Repository/Web/Register/Reg_InputText_Nama"), "Rizki Khaerul Fajri"): Text 'Rizki Khaerul Fajri' is set on object 'Object Repository/Web/Register/Reg_InputText_Nama'

2023-04-03 05:48:56 - [MESSAGE][PASSED] - Text 'Rizki Khaerul Fajri' is set on object 'Object Repository/Web/Register/Reg_InputText_Nama'

2023-04-03 05:48:56 - [TEST_STEP][PASSED] - setText(findTestObject("Object Repository/Web/Register/Reg_InputText_BirthDay"), "18-Feb-1997"): Text '18-Feb-1997' is set on object 'Object Repository/Web/Register/Reg_InputText_BirthDay'

2023-04-03 05:48:57 - [MESSAGE][PASSED] - Text '18-Feb-1997' is set on object 'Object Repository/Web/Register/Reg_InputText_BirthDay'

2023-04-03 05:48:57 - [TEST_STEP][PASSED] - setText(findTestObject("Object Repository/Web/Register/Reg_InputText_Email"), "Test@Example.com"): Text 'Test@Example.com' is set on object 'Object Repository/Web/Register/Reg_InputText_Email'

2023-04-03 05:48:58 - [MESSAGE][PASSED] - Text 'Test@Example.com' is set on object 'Object Repository/Web/Register/Reg_InputText_Email'

2023-04-03 05:48:58 - [TEST_STEP][PASSED] - setText(findTestObject("Object Repository/Web/Register/Reg_InputText_Whatsapp"), whatsapp): Text '+12125551212' is set on object 'Object Repository/Web/Register/Reg_InputText_Whatsapp'

2023-04-03 05:48:59 - [MESSAGE][PASSED] - Text '+12125551212' is set on object 'Object Repository/Web/Register/Reg_InputText_Whatsapp'

2023-04-03 05:48:59 - [TEST_STEP][PASSED] - setText(findTestObject("Object Repository/Web/Register/Reg_InputText_KataSandi"), "testingtesting"): Text 'testingtesting' is set on object 'Object Repository/Web/Register/Reg_InputText_KataSandi'

2023-04-03 05:48:59 - [MESSAGE][PASSED] - Text 'testingtesting' is set on object 'Object Repository/Web/Register/Reg_InputText_KataSandi'

2023-04-03 05:48:59 - [TEST_STEP][PASSED] - setText(findTestObject("Object Repository/Web/Register/Reg_InputText_KonfirmasiKataSandi"), "testingtesting"): Text 'testingtesting' is set on object 'Object Repository/Web/Register/Reg_InputText_KonfirmasiKataSandi'

2023-04-03 05:49:00 - [MESSAGE][PASSED] - Text 'testingtesting' is set on object 'Object Repository/Web/Register/Reg_InputText_KonfirmasiKataSandi'

2023-04-03 05:49:00 - [TEST_STEP][PASSED] - check(findTestObject("Object Repository/Web/Register/Reg_Checkbox_SyaratDanKetentuan")): Object 'Object Repository/Web/Register/Reg_Checkbox_SyaratDanKetentuan' is checked

2023-04-03 05:49:01 - [MESSAGE][PASSED] - Object 'Object Repository/Web/Register/Reg_Checkbox_SyaratDanKetentuan' is checked

2023-04-03 05:49:01 - [TEST_STEP][PASSED] - click(findTestObject("Object Repository/Web/Register/Reg_Button_Daftar")): Object: 'Object Repository/Web/Register/Reg_Button_Daftar' is clicked on

2023-04-03 05:49:03 - [MESSAGE][PASSED] - Object: 'Object Repository/Web/Register/Reg_Button_Daftar' is clicked on

2023-04-03 05:49:03 - [TEST_STEP][PASSED] - delay(5): Delayed 5 second(s)

2023-04-03 05:49:08 - [MESSAGE][PASSED] - Delayed 5 second(s)

2023-04-03 05:49:08 - [TEST_STEP][PASSED] - if (getUrl() == "https://demo-app.online/daftar"): Current window's url is: 'https://demo-app.online/email/verify'

2023-04-03 05:49:08 - [MESSAGE][PASSED] - Current window's url is: 'https://demo-app.online/email/verify'

2023-04-03 05:49:08 - [TEST_STEP][PASSED] - delay(5): Delayed 5 second(s)

2023-04-03 05:49:13 - [MESSAGE][PASSED] - Delayed 5 second(s)

2023-04-03 05:49:13 - [TEST_STEP][PASSED] - assert getUrl() == "https://demo-app.online/email/verify": Current window's url is: 'https://demo-app.online/email/verify'

2023-04-03 05:49:13 - [MESSAGE][PASSED] - Current window's url is: 'https://demo-app.online/email/verify'

2023-04-03 05:49:13 - [TEST_STEP][PASSED] - whatsapp = testData.getValue("Whatsapp", i): null

2023-04-03 05:49:13 - [TEST_STEP][PASSED] - navigateToUrl("https://demo-app.online/daftar"): Navigate to 'https://demo-app.online/daftar' successfully

2023-04-03 05:49:14 - [MESSAGE][PASSED] - Navigate to 'https://demo-app.online/daftar' successfully

2023-04-03 05:49:14 - [TEST_STEP][PASSED] - setText(findTestObject("Object Repository/Web/Register/Reg_InputText_Nama"), "Rizki Khaerul Fajri"): Text 'Rizki Khaerul Fajri' is set on object 'Object Repository/Web/Register/Reg_InputText_Nama'

2023-04-03 05:49:15 - [MESSAGE][PASSED] - Text 'Rizki Khaerul Fajri' is set on object 'Object Repository/Web/Register/Reg_InputText_Nama'

2023-04-03 05:49:15 - [TEST_STEP][PASSED] - setText(findTestObject("Object Repository/Web/Register/Reg_InputText_BirthDay"), "18-Feb-1997"): Text '18-Feb-1997' is set on object 'Object Repository/Web/Register/Reg_InputText_BirthDay'

2023-04-03 05:49:15 - [MESSAGE][PASSED] - Text '18-Feb-1997' is set on object 'Object Repository/Web/Register/Reg_InputText_BirthDay'

2023-04-03 05:49:15 - [TEST_STEP][PASSED] - setText(findTestObject("Object Repository/Web/Register/Reg_InputText_Email"), "Test@Example.com"): Text 'Test@Example.com' is set on object 'Object Repository/Web/Register/Reg_InputText_Email'

2023-04-03 05:49:16 - [MESSAGE][PASSED] - Text 'Test@Example.com' is set on object 'Object Repository/Web/Register/Reg_InputText_Email'

2023-04-03 05:49:16 - [TEST_STEP][PASSED] - setText(findTestObject("Object Repository/Web/Register/Reg_InputText_Whatsapp"), whatsapp): Text '+81312345678' is set on object 'Object Repository/Web/Register/Reg_InputText_Whatsapp'

2023-04-03 05:49:17 - [MESSAGE][PASSED] - Text '+81312345678' is set on object 'Object Repository/Web/Register/Reg_InputText_Whatsapp'

2023-04-03 05:49:17 - [TEST_STEP][PASSED] - setText(findTestObject("Object Repository/Web/Register/Reg_InputText_KataSandi"), "testingtesting"): Text 'testingtesting' is set on object 'Object Repository/Web/Register/Reg_InputText_KataSandi'

2023-04-03 05:49:18 - [MESSAGE][PASSED] - Text 'testingtesting' is set on object 'Object Repository/Web/Register/Reg_InputText_KataSandi'

2023-04-03 05:49:18 - [TEST_STEP][PASSED] - setText(findTestObject("Object Repository/Web/Register/Reg_InputText_KonfirmasiKataSandi"), "testingtesting"): Text 'testingtesting' is set on object 'Object Repository/Web/Register/Reg_InputText_KonfirmasiKataSandi'

2023-04-03 05:49:18 - [MESSAGE][PASSED] - Text 'testingtesting' is set on object 'Object Repository/Web/Register/Reg_InputText_KonfirmasiKataSandi'

2023-04-03 05:49:18 - [TEST_STEP][PASSED] - check(findTestObject("Object Repository/Web/Register/Reg_Checkbox_SyaratDanKetentuan")): Object 'Object Repository/Web/Register/Reg_Checkbox_SyaratDanKetentuan' is checked

2023-04-03 05:49:19 - [MESSAGE][PASSED] - Object 'Object Repository/Web/Register/Reg_Checkbox_SyaratDanKetentuan' is checked

2023-04-03 05:49:19 - [TEST_STEP][PASSED] - click(findTestObject("Object Repository/Web/Register/Reg_Button_Daftar")): Object: 'Object Repository/Web/Register/Reg_Button_Daftar' is clicked on

2023-04-03 05:49:21 - [MESSAGE][PASSED] - Object: 'Object Repository/Web/Register/Reg_Button_Daftar' is clicked on

2023-04-03 05:49:21 - [TEST_STEP][PASSED] - delay(5): Delayed 5 second(s)

2023-04-03 05:49:26 - [MESSAGE][PASSED] - Delayed 5 second(s)

2023-04-03 05:49:26 - [TEST_STEP][PASSED] - if (getUrl() == "https://demo-app.online/daftar"): Current window's url is: 'https://demo-app.online/email/verify'

2023-04-03 05:49:26 - [MESSAGE][PASSED] - Current window's url is: 'https://demo-app.online/email/verify'

2023-04-03 05:49:26 - [TEST_STEP][PASSED] - delay(5): Delayed 5 second(s)

2023-04-03 05:49:31 - [MESSAGE][PASSED] - Delayed 5 second(s)

2023-04-03 05:49:31 - [TEST_STEP][PASSED] - assert getUrl() == "https://demo-app.online/email/verify": Current window's url is: 'https://demo-app.online/email/verify'

2023-04-03 05:49:31 - [MESSAGE][PASSED] - Current window's url is: 'https://demo-app.online/email/verify'

2023-04-03 05:49:31 - [TEST_STEP][PASSED] - whatsapp = testData.getValue("Whatsapp", i): null

2023-04-03 05:49:31 - [TEST_STEP][PASSED] - navigateToUrl("https://demo-app.online/daftar"): Navigate to 'https://demo-app.online/daftar' successfully

2023-04-03 05:49:31 - [MESSAGE][PASSED] - Navigate to 'https://demo-app.online/daftar' successfully

2023-04-03 05:49:31 - [TEST_STEP][PASSED] - setText(findTestObject("Object Repository/Web/Register/Reg_InputText_Nama"), "Rizki Khaerul Fajri"): Text 'Rizki Khaerul Fajri' is set on object 'Object Repository/Web/Register/Reg_InputText_Nama'

2023-04-03 05:49:32 - [MESSAGE][PASSED] - Text 'Rizki Khaerul Fajri' is set on object 'Object Repository/Web/Register/Reg_InputText_Nama'

2023-04-03 05:49:32 - [TEST_STEP][PASSED] - setText(findTestObject("Object Repository/Web/Register/Reg_InputText_BirthDay"), "18-Feb-1997"): Text '18-Feb-1997' is set on object 'Object Repository/Web/Register/Reg_InputText_BirthDay'

2023-04-03 05:49:33 - [MESSAGE][PASSED] - Text '18-Feb-1997' is set on object 'Object Repository/Web/Register/Reg_InputText_BirthDay'

2023-04-03 05:49:33 - [TEST_STEP][PASSED] - setText(findTestObject("Object Repository/Web/Register/Reg_InputText_Email"), "Test@Example.com"): Text 'Test@Example.com' is set on object 'Object Repository/Web/Register/Reg_InputText_Email'

2023-04-03 05:49:34 - [MESSAGE][PASSED] - Text 'Test@Example.com' is set on object 'Object Repository/Web/Register/Reg_InputText_Email'

2023-04-03 05:49:34 - [TEST_STEP][PASSED] - setText(findTestObject("Object Repository/Web/Register/Reg_InputText_Whatsapp"), whatsapp): Text '+861012345678' is set on object 'Object Repository/Web/Register/Reg_InputText_Whatsapp'

2023-04-03 05:49:35 - [MESSAGE][PASSED] - Text '+861012345678' is set on object 'Object Repository/Web/Register/Reg_InputText_Whatsapp'

2023-04-03 05:49:35 - [TEST_STEP][PASSED] - setText(findTestObject("Object Repository/Web/Register/Reg_InputText_KataSandi"), "testingtesting"): Text 'testingtesting' is set on object 'Object Repository/Web/Register/Reg_InputText_KataSandi'

2023-04-03 05:49:35 - [MESSAGE][PASSED] - Text 'testingtesting' is set on object 'Object Repository/Web/Register/Reg_InputText_KataSandi'

2023-04-03 05:49:35 - [TEST_STEP][PASSED] - setText(findTestObject("Object Repository/Web/Register/Reg_InputText_KonfirmasiKataSandi"), "testingtesting"): Text 'testingtesting' is set on object 'Object Repository/Web/Register/Reg_InputText_KonfirmasiKataSandi'

2023-04-03 05:49:36 - [MESSAGE][PASSED] - Text 'testingtesting' is set on object 'Object Repository/Web/Register/Reg_InputText_KonfirmasiKataSandi'

2023-04-03 05:49:36 - [TEST_STEP][PASSED] - check(findTestObject("Object Repository/Web/Register/Reg_Checkbox_SyaratDanKetentuan")): Object 'Object Repository/Web/Register/Reg_Checkbox_SyaratDanKetentuan' is checked

2023-04-03 05:49:37 - [MESSAGE][PASSED] - Object 'Object Repository/Web/Register/Reg_Checkbox_SyaratDanKetentuan' is checked

2023-04-03 05:49:37 - [TEST_STEP][PASSED] - click(findTestObject("Object Repository/Web/Register/Reg_Button_Daftar")): Object: 'Object Repository/Web/Register/Reg_Button_Daftar' is clicked on

2023-04-03 05:49:39 - [MESSAGE][PASSED] - Object: 'Object Repository/Web/Register/Reg_Button_Daftar' is clicked on

2023-04-03 05:49:39 - [TEST_STEP][PASSED] - delay(5): Delayed 5 second(s)

2023-04-03 05:49:44 - [MESSAGE][PASSED] - Delayed 5 second(s)

2023-04-03 05:49:44 - [TEST_STEP][PASSED] - if (getUrl() == "https://demo-app.online/daftar"): Current window's url is: 'https://demo-app.online/email/verify'

2023-04-03 05:49:44 - [MESSAGE][PASSED] - Current window's url is: 'https://demo-app.online/email/verify'

2023-04-03 05:49:44 - [TEST_STEP][PASSED] - delay(5): Delayed 5 second(s)

2023-04-03 05:49:49 - [MESSAGE][PASSED] - Delayed 5 second(s)

2023-04-03 05:49:49 - [TEST_STEP][PASSED] - assert getUrl() == "https://demo-app.online/email/verify": Current window's url is: 'https://demo-app.online/email/verify'

2023-04-03 05:49:49 - [MESSAGE][PASSED] - Current window's url is: 'https://demo-app.online/email/verify'

2023-04-03 05:49:49 - [TEST_STEP][PASSED] - whatsapp = testData.getValue("Whatsapp", i): null

2023-04-03 05:49:49 - [TEST_STEP][PASSED] - navigateToUrl("https://demo-app.online/daftar"): Navigate to 'https://demo-app.online/daftar' successfully

2023-04-03 05:49:49 - [MESSAGE][PASSED] - Navigate to 'https://demo-app.online/daftar' successfully

2023-04-03 05:49:49 - [TEST_STEP][PASSED] - setText(findTestObject("Object Repository/Web/Register/Reg_InputText_Nama"), "Rizki Khaerul Fajri"): Text 'Rizki Khaerul Fajri' is set on object 'Object Repository/Web/Register/Reg_InputText_Nama'

2023-04-03 05:49:50 - [MESSAGE][PASSED] - Text 'Rizki Khaerul Fajri' is set on object 'Object Repository/Web/Register/Reg_InputText_Nama'

2023-04-03 05:49:50 - [TEST_STEP][PASSED] - setText(findTestObject("Object Repository/Web/Register/Reg_InputText_BirthDay"), "18-Feb-1997"): Text '18-Feb-1997' is set on object 'Object Repository/Web/Register/Reg_InputText_BirthDay'

2023-04-03 05:49:51 - [MESSAGE][PASSED] - Text '18-Feb-1997' is set on object 'Object Repository/Web/Register/Reg_InputText_BirthDay'

2023-04-03 05:49:51 - [TEST_STEP][PASSED] - setText(findTestObject("Object Repository/Web/Register/Reg_InputText_Email"), "Test@Example.com"): Text 'Test@Example.com' is set on object 'Object Repository/Web/Register/Reg_InputText_Email'

2023-04-03 05:49:52 - [MESSAGE][PASSED] - Text 'Test@Example.com' is set on object 'Object Repository/Web/Register/Reg_InputText_Email'

2023-04-03 05:49:52 - [TEST_STEP][PASSED] - setText(findTestObject("Object Repository/Web/Register/Reg_InputText_Whatsapp"), whatsapp): Text '+97141234567' is set on object 'Object Repository/Web/Register/Reg_InputText_Whatsapp'

2023-04-03 05:49:53 - [MESSAGE][PASSED] - Text '+97141234567' is set on object 'Object Repository/Web/Register/Reg_InputText_Whatsapp'

2023-04-03 05:49:53 - [TEST_STEP][PASSED] - setText(findTestObject("Object Repository/Web/Register/Reg_InputText_KataSandi"), "testingtesting"): Text 'testingtesting' is set on object 'Object Repository/Web/Register/Reg_InputText_KataSandi'

2023-04-03 05:49:53 - [MESSAGE][PASSED] - Text 'testingtesting' is set on object 'Object Repository/Web/Register/Reg_InputText_KataSandi'

2023-04-03 05:49:53 - [TEST_STEP][PASSED] - setText(findTestObject("Object Repository/Web/Register/Reg_InputText_KonfirmasiKataSandi"), "testingtesting"): Text 'testingtesting' is set on object 'Object Repository/Web/Register/Reg_InputText_KonfirmasiKataSandi'

2023-04-03 05:49:54 - [MESSAGE][PASSED] - Text 'testingtesting' is set on object 'Object Repository/Web/Register/Reg_InputText_KonfirmasiKataSandi'

2023-04-03 05:49:54 - [TEST_STEP][PASSED] - check(findTestObject("Object Repository/Web/Register/Reg_Checkbox_SyaratDanKetentuan")): Object 'Object Repository/Web/Register/Reg_Checkbox_SyaratDanKetentuan' is checked

2023-04-03 05:49:55 - [MESSAGE][PASSED] - Object 'Object Repository/Web/Register/Reg_Checkbox_SyaratDanKetentuan' is checked

2023-04-03 05:49:55 - [TEST_STEP][PASSED] - click(findTestObject("Object Repository/Web/Register/Reg_Button_Daftar")): Object: 'Object Repository/Web/Register/Reg_Button_Daftar' is clicked on

2023-04-03 05:49:57 - [MESSAGE][PASSED] - Object: 'Object Repository/Web/Register/Reg_Button_Daftar' is clicked on

2023-04-03 05:49:57 - [TEST_STEP][PASSED] - delay(5): Delayed 5 second(s)

2023-04-03 05:50:02 - [MESSAGE][PASSED] - Delayed 5 second(s)

2023-04-03 05:50:02 - [TEST_STEP][PASSED] - if (getUrl() == "https://demo-app.online/daftar"): Current window's url is: 'https://demo-app.online/email/verify'

2023-04-03 05:50:02 - [MESSAGE][PASSED] - Current window's url is: 'https://demo-app.online/email/verify'

2023-04-03 05:50:02 - [TEST_STEP][PASSED] - delay(5): Delayed 5 second(s)

2023-04-03 05:50:07 - [MESSAGE][PASSED] - Delayed 5 second(s)

2023-04-03 05:50:07 - [TEST_STEP][PASSED] - assert getUrl() == "https://demo-app.online/email/verify": Current window's url is: 'https://demo-app.online/email/verify'

2023-04-03 05:50:07 - [MESSAGE][PASSED] - Current window's url is: 'https://demo-app.online/email/verify']]></system-out>
         <system-err><![CDATA[]]></system-err>
      </testcase>
      <testcase name="Test Cases/Web/REG/REG-31" time="15.264" classname="Test Cases/Web/REG/REG-31" status="PASSED">
         <system-out><![CDATA[2023-04-03 05:50:07 - [TEST_CASE][PASSED] - Test Cases/Web/REG/REG-31: Test Cases/Web/REG/REG-31

2023-04-03 05:50:07 - [TEST_STEP][PASSED] - openBrowser(""): Browser is opened with url: ''

2023-04-03 05:50:07 - [MESSAGE][WARNING] - A browser is already opened. Closing browser and opening a new one

2023-04-03 05:50:08 - [MESSAGE][INFO] - Starting 'Chrome' driver

2023-04-03 05:50:08 - [MESSAGE][INFO] - Action delay is set to 0 milliseconds

2023-04-03 05:50:09 - [MESSAGE][PASSED] - Browser is opened with url: ''

2023-04-03 05:50:09 - [TEST_STEP][PASSED] - navigateToUrl("https://demo-app.online/daftar"): Navigate to 'https://demo-app.online/daftar' successfully

2023-04-03 05:50:11 - [MESSAGE][PASSED] - Navigate to 'https://demo-app.online/daftar' successfully

2023-04-03 05:50:11 - [TEST_STEP][PASSED] - setText(findTestObject("Object Repository/Web/Register/Reg_InputText_Nama"), "Rizki Khaerul Fajri"): Text 'Rizki Khaerul Fajri' is set on object 'Object Repository/Web/Register/Reg_InputText_Nama'

2023-04-03 05:50:12 - [MESSAGE][PASSED] - Text 'Rizki Khaerul Fajri' is set on object 'Object Repository/Web/Register/Reg_InputText_Nama'

2023-04-03 05:50:12 - [TEST_STEP][PASSED] - setText(findTestObject("Object Repository/Web/Register/Reg_InputText_BirthDay"), "18-Feb-1997"): Text '18-Feb-1997' is set on object 'Object Repository/Web/Register/Reg_InputText_BirthDay'

2023-04-03 05:50:13 - [MESSAGE][PASSED] - Text '18-Feb-1997' is set on object 'Object Repository/Web/Register/Reg_InputText_BirthDay'

2023-04-03 05:50:13 - [TEST_STEP][PASSED] - setText(findTestObject("Object Repository/Web/Register/Reg_InputText_Email"), "Test@Example.com"): Text 'Test@Example.com' is set on object 'Object Repository/Web/Register/Reg_InputText_Email'

2023-04-03 05:50:14 - [MESSAGE][PASSED] - Text 'Test@Example.com' is set on object 'Object Repository/Web/Register/Reg_InputText_Email'

2023-04-03 05:50:14 - [TEST_STEP][PASSED] - setText(findTestObject("Object Repository/Web/Register/Reg_InputText_Whatsapp"), ""): Text '' is set on object 'Object Repository/Web/Register/Reg_InputText_Whatsapp'

2023-04-03 05:50:15 - [MESSAGE][PASSED] - Text '' is set on object 'Object Repository/Web/Register/Reg_InputText_Whatsapp'

2023-04-03 05:50:15 - [TEST_STEP][PASSED] - setText(findTestObject("Object Repository/Web/Register/Reg_InputText_KataSandi"), "testingtesting"): Text 'testingtesting' is set on object 'Object Repository/Web/Register/Reg_InputText_KataSandi'

2023-04-03 05:50:15 - [MESSAGE][PASSED] - Text 'testingtesting' is set on object 'Object Repository/Web/Register/Reg_InputText_KataSandi'

2023-04-03 05:50:15 - [TEST_STEP][PASSED] - setText(findTestObject("Object Repository/Web/Register/Reg_InputText_KonfirmasiKataSandi"), "testingtesting"): Text 'testingtesting' is set on object 'Object Repository/Web/Register/Reg_InputText_KonfirmasiKataSandi'

2023-04-03 05:50:16 - [MESSAGE][PASSED] - Text 'testingtesting' is set on object 'Object Repository/Web/Register/Reg_InputText_KonfirmasiKataSandi'

2023-04-03 05:50:16 - [TEST_STEP][PASSED] - check(findTestObject("Object Repository/Web/Register/Reg_Checkbox_SyaratDanKetentuan")): Object 'Object Repository/Web/Register/Reg_Checkbox_SyaratDanKetentuan' is checked

2023-04-03 05:50:16 - [MESSAGE][PASSED] - Object 'Object Repository/Web/Register/Reg_Checkbox_SyaratDanKetentuan' is checked

2023-04-03 05:50:16 - [TEST_STEP][PASSED] - click(findTestObject("Object Repository/Web/Register/Reg_Button_Daftar")): Object: 'Object Repository/Web/Register/Reg_Button_Daftar' is clicked on

2023-04-03 05:50:17 - [MESSAGE][PASSED] - Object: 'Object Repository/Web/Register/Reg_Button_Daftar' is clicked on

2023-04-03 05:50:17 - [TEST_STEP][PASSED] - delay(5): Delayed 5 second(s)

2023-04-03 05:50:22 - [MESSAGE][PASSED] - Delayed 5 second(s)

2023-04-03 05:50:22 - [TEST_STEP][PASSED] - verifyMatch("https://demo-app.online/daftar", getUrl(), false, CONTINUE_ON_FAILURE): Actual text 'https://demo-app.online/daftar' and expected text 'https://demo-app.online/daftar' are matched 

2023-04-03 05:50:22 - [MESSAGE][PASSED] - Current window's url is: 'https://demo-app.online/daftar'

2023-04-03 05:50:22 - [MESSAGE][PASSED] - Actual text 'https://demo-app.online/daftar' and expected text 'https://demo-app.online/daftar' are matched 

2023-04-03 05:50:22 - [TEST_STEP][PASSED] - println("After verification"): null

2023-04-03 05:50:22 - [TEST_STEP][PASSED] - isValid = executeJavaScript("document.getElementById("whatsapp").reportValidity();", null): Execute JavaScript 'document.getElementById("whatsapp").reportValidity();' successfully

2023-04-03 05:50:22 - [MESSAGE][PASSED] - Execute JavaScript 'document.getElementById("whatsapp").reportValidity();' successfully

2023-04-03 05:50:22 - [TEST_STEP][PASSED] - assert !(isValid) : "Validation error should be displayed": null]]></system-out>
         <system-err><![CDATA[]]></system-err>
      </testcase>
      <testcase name="Test Cases/Web/REG/REG-32" time="11.096" classname="Test Cases/Web/REG/REG-32" status="PASSED">
         <system-out><![CDATA[2023-04-03 05:50:22 - [TEST_CASE][PASSED] - Test Cases/Web/REG/REG-32: Test Cases/Web/REG/REG-32

2023-04-03 05:50:22 - [TEST_STEP][PASSED] - openBrowser(""): Browser is opened with url: ''

2023-04-03 05:50:22 - [MESSAGE][WARNING] - A browser is already opened. Closing browser and opening a new one

2023-04-03 05:50:23 - [MESSAGE][INFO] - Starting 'Chrome' driver

2023-04-03 05:50:23 - [MESSAGE][INFO] - Action delay is set to 0 milliseconds

2023-04-03 05:50:24 - [MESSAGE][PASSED] - Browser is opened with url: ''

2023-04-03 05:50:24 - [TEST_STEP][PASSED] - navigateToUrl("https://demo-app.online/daftar"): Navigate to 'https://demo-app.online/daftar' successfully

2023-04-03 05:50:26 - [MESSAGE][PASSED] - Navigate to 'https://demo-app.online/daftar' successfully

2023-04-03 05:50:26 - [TEST_STEP][PASSED] - setText(findTestObject("Object Repository/Web/Register/Reg_InputText_Nama"), "Rizki Khaerul Fajri"): Text 'Rizki Khaerul Fajri' is set on object 'Object Repository/Web/Register/Reg_InputText_Nama'

2023-04-03 05:50:27 - [MESSAGE][PASSED] - Text 'Rizki Khaerul Fajri' is set on object 'Object Repository/Web/Register/Reg_InputText_Nama'

2023-04-03 05:50:27 - [TEST_STEP][PASSED] - setText(findTestObject("Object Repository/Web/Register/Reg_InputText_BirthDay"), "18-Feb-1997"): Text '18-Feb-1997' is set on object 'Object Repository/Web/Register/Reg_InputText_BirthDay'

2023-04-03 05:50:28 - [MESSAGE][PASSED] - Text '18-Feb-1997' is set on object 'Object Repository/Web/Register/Reg_InputText_BirthDay'

2023-04-03 05:50:28 - [TEST_STEP][PASSED] - setText(findTestObject("Object Repository/Web/Register/Reg_InputText_Email"), "Test@Example.com"): Text 'Test@Example.com' is set on object 'Object Repository/Web/Register/Reg_InputText_Email'

2023-04-03 05:50:29 - [MESSAGE][PASSED] - Text 'Test@Example.com' is set on object 'Object Repository/Web/Register/Reg_InputText_Email'

2023-04-03 05:50:29 - [TEST_STEP][PASSED] - setText(findTestObject("Object Repository/Web/Register/Reg_InputText_Whatsapp"), "     "): Text '     ' is set on object 'Object Repository/Web/Register/Reg_InputText_Whatsapp'

2023-04-03 05:50:29 - [MESSAGE][PASSED] - Text '     ' is set on object 'Object Repository/Web/Register/Reg_InputText_Whatsapp'

2023-04-03 05:50:29 - [TEST_STEP][PASSED] - setText(findTestObject("Object Repository/Web/Register/Reg_InputText_KataSandi"), "testingtesting"): Text 'testingtesting' is set on object 'Object Repository/Web/Register/Reg_InputText_KataSandi'

2023-04-03 05:50:30 - [MESSAGE][PASSED] - Text 'testingtesting' is set on object 'Object Repository/Web/Register/Reg_InputText_KataSandi'

2023-04-03 05:50:30 - [TEST_STEP][PASSED] - setText(findTestObject("Object Repository/Web/Register/Reg_InputText_KonfirmasiKataSandi"), "testingtesting"): Text 'testingtesting' is set on object 'Object Repository/Web/Register/Reg_InputText_KonfirmasiKataSandi'

2023-04-03 05:50:31 - [MESSAGE][PASSED] - Text 'testingtesting' is set on object 'Object Repository/Web/Register/Reg_InputText_KonfirmasiKataSandi'

2023-04-03 05:50:31 - [TEST_STEP][PASSED] - check(findTestObject("Object Repository/Web/Register/Reg_Checkbox_SyaratDanKetentuan")): Object 'Object Repository/Web/Register/Reg_Checkbox_SyaratDanKetentuan' is checked

2023-04-03 05:50:32 - [MESSAGE][PASSED] - Object 'Object Repository/Web/Register/Reg_Checkbox_SyaratDanKetentuan' is checked

2023-04-03 05:50:32 - [TEST_STEP][PASSED] - click(findTestObject("Object Repository/Web/Register/Reg_Button_Daftar")): Object: 'Object Repository/Web/Register/Reg_Button_Daftar' is clicked on

2023-04-03 05:50:32 - [MESSAGE][PASSED] - Object: 'Object Repository/Web/Register/Reg_Button_Daftar' is clicked on

2023-04-03 05:50:32 - [TEST_STEP][PASSED] - delay(1): Delayed 1 second(s)

2023-04-03 05:50:33 - [MESSAGE][PASSED] - Delayed 1 second(s)

2023-04-03 05:50:33 - [TEST_STEP][PASSED] - verifyMatch("https://demo-app.online/daftar", getUrl(), false, CONTINUE_ON_FAILURE): Actual text 'https://demo-app.online/daftar' and expected text 'https://demo-app.online/daftar' are matched 

2023-04-03 05:50:33 - [MESSAGE][PASSED] - Current window's url is: 'https://demo-app.online/daftar'

2023-04-03 05:50:33 - [MESSAGE][PASSED] - Actual text 'https://demo-app.online/daftar' and expected text 'https://demo-app.online/daftar' are matched 

2023-04-03 05:50:33 - [TEST_STEP][PASSED] - println("After verification"): null

2023-04-03 05:50:33 - [TEST_STEP][PASSED] - isValid = executeJavaScript("document.getElementById("whatsapp").reportValidity();", null): Execute JavaScript 'document.getElementById("whatsapp").reportValidity();' successfully

2023-04-03 05:50:33 - [MESSAGE][PASSED] - Execute JavaScript 'document.getElementById("whatsapp").reportValidity();' successfully

2023-04-03 05:50:33 - [TEST_STEP][PASSED] - assert !(isValid) : "Validation error should be displayed": null]]></system-out>
         <system-err><![CDATA[]]></system-err>
      </testcase>
      <testcase name="Test Cases/Web/REG/REG-33" time="38.68" classname="Test Cases/Web/REG/REG-33" status="FAILED">
         <failure type="FAILED" message="Test Cases/Web/REG/REG-33 FAILED.
Reason:
com.kms.katalon.core.exception.StepFailedException: Valid input detected. Fail the case
	at com.kms.katalon.core.util.KeywordUtil.markFailed(KeywordUtil.java:19)
	at com.kms.katalon.core.util.KeywordUtil$markFailed.call(Unknown Source)
	at REG-33.run(REG-33:67)
	at com.kms.katalon.core.main.ScriptEngine.run(ScriptEngine.java:194)
	at com.kms.katalon.core.main.ScriptEngine.runScriptAsRawText(ScriptEngine.java:119)
	at com.kms.katalon.core.main.TestCaseExecutor.runScript(TestCaseExecutor.java:448)
	at com.kms.katalon.core.main.TestCaseExecutor.doExecute(TestCaseExecutor.java:439)
	at com.kms.katalon.core.main.TestCaseExecutor.processExecutionPhase(TestCaseExecutor.java:418)
	at com.kms.katalon.core.main.TestCaseExecutor.accessMainPhase(TestCaseExecutor.java:410)
	at com.kms.katalon.core.main.TestCaseExecutor.execute(TestCaseExecutor.java:285)
	at com.kms.katalon.core.common.CommonExecutor.accessTestCaseMainPhase(CommonExecutor.java:65)
	at com.kms.katalon.core.main.TestSuiteExecutor.accessTestSuiteMainPhase(TestSuiteExecutor.java:151)
	at com.kms.katalon.core.main.TestSuiteExecutor.execute(TestSuiteExecutor.java:106)
	at com.kms.katalon.core.main.TestCaseMain.startTestSuite(TestCaseMain.java:185)
	at com.kms.katalon.core.main.TestCaseMain$startTestSuite$0.call(Unknown Source)
	at TempTestSuite1680475136875.run(TempTestSuite1680475136875.groovy:36)
"/>
         <system-out><![CDATA[2023-04-03 05:50:33 - [TEST_CASE][FAILED] - Test Cases/Web/REG/REG-33: Test Cases/Web/REG/REG-33 FAILED.
Reason:
com.kms.katalon.core.exception.StepFailedException: Valid input detected. Fail the case
	at com.kms.katalon.core.util.KeywordUtil.markFailed(KeywordUtil.java:19)
	at com.kms.katalon.core.util.KeywordUtil$markFailed.call(Unknown Source)
	at REG-33.run(REG-33:67)
	at com.kms.katalon.core.main.ScriptEngine.run(ScriptEngine.java:194)
	at com.kms.katalon.core.main.ScriptEngine.runScriptAsRawText(ScriptEngine.java:119)
	at com.kms.katalon.core.main.TestCaseExecutor.runScript(TestCaseExecutor.java:448)
	at com.kms.katalon.core.main.TestCaseExecutor.doExecute(TestCaseExecutor.java:439)
	at com.kms.katalon.core.main.TestCaseExecutor.processExecutionPhase(TestCaseExecutor.java:418)
	at com.kms.katalon.core.main.TestCaseExecutor.accessMainPhase(TestCaseExecutor.java:410)
	at com.kms.katalon.core.main.TestCaseExecutor.execute(TestCaseExecutor.java:285)
	at com.kms.katalon.core.common.CommonExecutor.accessTestCaseMainPhase(CommonExecutor.java:65)
	at com.kms.katalon.core.main.TestSuiteExecutor.accessTestSuiteMainPhase(TestSuiteExecutor.java:151)
	at com.kms.katalon.core.main.TestSuiteExecutor.execute(TestSuiteExecutor.java:106)
	at com.kms.katalon.core.main.TestCaseMain.startTestSuite(TestCaseMain.java:185)
	at com.kms.katalon.core.main.TestCaseMain$startTestSuite$0.call(Unknown Source)
	at TempTestSuite1680475136875.run(TempTestSuite1680475136875.groovy:36)


2023-04-03 05:50:33 - [TEST_STEP][PASSED] - openBrowser(""): Browser is opened with url: ''

2023-04-03 05:50:33 - [MESSAGE][WARNING] - A browser is already opened. Closing browser and opening a new one

2023-04-03 05:50:34 - [MESSAGE][INFO] - Starting 'Chrome' driver

2023-04-03 05:50:34 - [MESSAGE][INFO] - Action delay is set to 0 milliseconds

2023-04-03 05:50:35 - [MESSAGE][PASSED] - Browser is opened with url: ''

2023-04-03 05:50:35 - [TEST_STEP][PASSED] - testData = findTestData("Data Files/Web/Register_WhatsappNonDigit"): null

2023-04-03 05:50:35 - [TEST_STEP][PASSED] - hasError = true: null

2023-04-03 05:50:35 - [TEST_STEP][FAILED] - for ([i = 1, i <= testData.getRowNumbers(), (i++)]): Valid input detected. Fail the case

2023-04-03 05:50:35 - [TEST_STEP][PASSED] - whatsapp = testData.getValue("Whatsapp", i): null

2023-04-03 05:50:35 - [TEST_STEP][PASSED] - navigateToUrl("https://demo-app.online/daftar"): Navigate to 'https://demo-app.online/daftar' successfully

2023-04-03 05:50:37 - [MESSAGE][PASSED] - Navigate to 'https://demo-app.online/daftar' successfully

2023-04-03 05:50:37 - [TEST_STEP][PASSED] - setText(findTestObject("Object Repository/Web/Register/Reg_InputText_Nama"), "Rizki Khaerul Fajri"): Text 'Rizki Khaerul Fajri' is set on object 'Object Repository/Web/Register/Reg_InputText_Nama'

2023-04-03 05:50:38 - [MESSAGE][PASSED] - Text 'Rizki Khaerul Fajri' is set on object 'Object Repository/Web/Register/Reg_InputText_Nama'

2023-04-03 05:50:38 - [TEST_STEP][PASSED] - setText(findTestObject("Object Repository/Web/Register/Reg_InputText_BirthDay"), "18-Feb-1997"): Text '18-Feb-1997' is set on object 'Object Repository/Web/Register/Reg_InputText_BirthDay'

2023-04-03 05:50:39 - [MESSAGE][PASSED] - Text '18-Feb-1997' is set on object 'Object Repository/Web/Register/Reg_InputText_BirthDay'

2023-04-03 05:50:39 - [TEST_STEP][PASSED] - setText(findTestObject("Object Repository/Web/Register/Reg_InputText_Email"), "Test@Example.com"): Text 'Test@Example.com' is set on object 'Object Repository/Web/Register/Reg_InputText_Email'

2023-04-03 05:50:40 - [MESSAGE][PASSED] - Text 'Test@Example.com' is set on object 'Object Repository/Web/Register/Reg_InputText_Email'

2023-04-03 05:50:40 - [TEST_STEP][PASSED] - setText(findTestObject("Object Repository/Web/Register/Reg_InputText_Whatsapp"), whatsapp): Text 'abcdefghijk' is set on object 'Object Repository/Web/Register/Reg_InputText_Whatsapp'

2023-04-03 05:50:40 - [MESSAGE][PASSED] - Text 'abcdefghijk' is set on object 'Object Repository/Web/Register/Reg_InputText_Whatsapp'

2023-04-03 05:50:40 - [TEST_STEP][PASSED] - setText(findTestObject("Object Repository/Web/Register/Reg_InputText_KataSandi"), "testingtesting"): Text 'testingtesting' is set on object 'Object Repository/Web/Register/Reg_InputText_KataSandi'

2023-04-03 05:50:41 - [MESSAGE][PASSED] - Text 'testingtesting' is set on object 'Object Repository/Web/Register/Reg_InputText_KataSandi'

2023-04-03 05:50:41 - [TEST_STEP][PASSED] - setText(findTestObject("Object Repository/Web/Register/Reg_InputText_KonfirmasiKataSandi"), "testingtesting"): Text 'testingtesting' is set on object 'Object Repository/Web/Register/Reg_InputText_KonfirmasiKataSandi'

2023-04-03 05:50:42 - [MESSAGE][PASSED] - Text 'testingtesting' is set on object 'Object Repository/Web/Register/Reg_InputText_KonfirmasiKataSandi'

2023-04-03 05:50:42 - [TEST_STEP][PASSED] - check(findTestObject("Object Repository/Web/Register/Reg_Checkbox_SyaratDanKetentuan")): Object 'Object Repository/Web/Register/Reg_Checkbox_SyaratDanKetentuan' is checked

2023-04-03 05:50:42 - [MESSAGE][PASSED] - Object 'Object Repository/Web/Register/Reg_Checkbox_SyaratDanKetentuan' is checked

2023-04-03 05:50:42 - [TEST_STEP][PASSED] - click(findTestObject("Object Repository/Web/Register/Reg_Button_Daftar")): Object: 'Object Repository/Web/Register/Reg_Button_Daftar' is clicked on

2023-04-03 05:50:43 - [MESSAGE][PASSED] - Object: 'Object Repository/Web/Register/Reg_Button_Daftar' is clicked on

2023-04-03 05:50:43 - [TEST_STEP][PASSED] - delay(2): Delayed 2 second(s)

2023-04-03 05:50:45 - [MESSAGE][PASSED] - Delayed 2 second(s)

2023-04-03 05:50:45 - [TEST_STEP][PASSED] - if (getUrl().equals("https://demo-app.online/email/verify")): Current window's url is: 'https://demo-app.online/daftar'

2023-04-03 05:50:45 - [MESSAGE][PASSED] - Current window's url is: 'https://demo-app.online/daftar'

2023-04-03 05:50:45 - [TEST_STEP][PASSED] - else: null

2023-04-03 05:50:45 - [TEST_STEP][PASSED] - try: null

2023-04-03 05:50:45 - [TEST_STEP][PASSED] - isValid = executeJavaScript("document.getElementById("whatsapp").reportValidity();", null): Execute JavaScript 'document.getElementById("whatsapp").reportValidity();' successfully

2023-04-03 05:50:45 - [MESSAGE][PASSED] - Execute JavaScript 'document.getElementById("whatsapp").reportValidity();' successfully

2023-04-03 05:50:45 - [TEST_STEP][PASSED] - assert !(isValid) : "Validation error should be displayed": null

2023-04-03 05:50:45 - [TEST_STEP][PASSED] - if (!(hasError)): null

2023-04-03 05:50:45 - [TEST_STEP][PASSED] - whatsapp = testData.getValue("Whatsapp", i): null

2023-04-03 05:50:45 - [TEST_STEP][PASSED] - navigateToUrl("https://demo-app.online/daftar"): Navigate to 'https://demo-app.online/daftar' successfully

2023-04-03 05:50:45 - [MESSAGE][PASSED] - Navigate to 'https://demo-app.online/daftar' successfully

2023-04-03 05:50:45 - [TEST_STEP][PASSED] - setText(findTestObject("Object Repository/Web/Register/Reg_InputText_Nama"), "Rizki Khaerul Fajri"): Text 'Rizki Khaerul Fajri' is set on object 'Object Repository/Web/Register/Reg_InputText_Nama'

2023-04-03 05:50:46 - [MESSAGE][PASSED] - Text 'Rizki Khaerul Fajri' is set on object 'Object Repository/Web/Register/Reg_InputText_Nama'

2023-04-03 05:50:46 - [TEST_STEP][PASSED] - setText(findTestObject("Object Repository/Web/Register/Reg_InputText_BirthDay"), "18-Feb-1997"): Text '18-Feb-1997' is set on object 'Object Repository/Web/Register/Reg_InputText_BirthDay'

2023-04-03 05:50:47 - [MESSAGE][PASSED] - Text '18-Feb-1997' is set on object 'Object Repository/Web/Register/Reg_InputText_BirthDay'

2023-04-03 05:50:47 - [TEST_STEP][PASSED] - setText(findTestObject("Object Repository/Web/Register/Reg_InputText_Email"), "Test@Example.com"): Text 'Test@Example.com' is set on object 'Object Repository/Web/Register/Reg_InputText_Email'

2023-04-03 05:50:48 - [MESSAGE][PASSED] - Text 'Test@Example.com' is set on object 'Object Repository/Web/Register/Reg_InputText_Email'

2023-04-03 05:50:48 - [TEST_STEP][PASSED] - setText(findTestObject("Object Repository/Web/Register/Reg_InputText_Whatsapp"), whatsapp): Text '0812438726e' is set on object 'Object Repository/Web/Register/Reg_InputText_Whatsapp'

2023-04-03 05:50:48 - [MESSAGE][PASSED] - Text '0812438726e' is set on object 'Object Repository/Web/Register/Reg_InputText_Whatsapp'

2023-04-03 05:50:48 - [TEST_STEP][PASSED] - setText(findTestObject("Object Repository/Web/Register/Reg_InputText_KataSandi"), "testingtesting"): Text 'testingtesting' is set on object 'Object Repository/Web/Register/Reg_InputText_KataSandi'

2023-04-03 05:50:49 - [MESSAGE][PASSED] - Text 'testingtesting' is set on object 'Object Repository/Web/Register/Reg_InputText_KataSandi'

2023-04-03 05:50:49 - [TEST_STEP][PASSED] - setText(findTestObject("Object Repository/Web/Register/Reg_InputText_KonfirmasiKataSandi"), "testingtesting"): Text 'testingtesting' is set on object 'Object Repository/Web/Register/Reg_InputText_KonfirmasiKataSandi'

2023-04-03 05:50:50 - [MESSAGE][PASSED] - Text 'testingtesting' is set on object 'Object Repository/Web/Register/Reg_InputText_KonfirmasiKataSandi'

2023-04-03 05:50:50 - [TEST_STEP][PASSED] - check(findTestObject("Object Repository/Web/Register/Reg_Checkbox_SyaratDanKetentuan")): Object 'Object Repository/Web/Register/Reg_Checkbox_SyaratDanKetentuan' is checked

2023-04-03 05:50:51 - [MESSAGE][PASSED] - Object 'Object Repository/Web/Register/Reg_Checkbox_SyaratDanKetentuan' is checked

2023-04-03 05:50:51 - [TEST_STEP][PASSED] - click(findTestObject("Object Repository/Web/Register/Reg_Button_Daftar")): Object: 'Object Repository/Web/Register/Reg_Button_Daftar' is clicked on

2023-04-03 05:50:51 - [MESSAGE][PASSED] - Object: 'Object Repository/Web/Register/Reg_Button_Daftar' is clicked on

2023-04-03 05:50:51 - [TEST_STEP][PASSED] - delay(2): Delayed 2 second(s)

2023-04-03 05:50:53 - [MESSAGE][PASSED] - Delayed 2 second(s)

2023-04-03 05:50:53 - [TEST_STEP][PASSED] - if (getUrl().equals("https://demo-app.online/email/verify")): Current window's url is: 'https://demo-app.online/daftar'

2023-04-03 05:50:53 - [MESSAGE][PASSED] - Current window's url is: 'https://demo-app.online/daftar'

2023-04-03 05:50:53 - [TEST_STEP][PASSED] - else: null

2023-04-03 05:50:53 - [TEST_STEP][PASSED] - try: null

2023-04-03 05:50:53 - [TEST_STEP][PASSED] - isValid = executeJavaScript("document.getElementById("whatsapp").reportValidity();", null): Execute JavaScript 'document.getElementById("whatsapp").reportValidity();' successfully

2023-04-03 05:50:53 - [MESSAGE][PASSED] - Execute JavaScript 'document.getElementById("whatsapp").reportValidity();' successfully

2023-04-03 05:50:53 - [TEST_STEP][PASSED] - assert !(isValid) : "Validation error should be displayed": null

2023-04-03 05:50:53 - [TEST_STEP][PASSED] - if (!(hasError)): null

2023-04-03 05:50:53 - [TEST_STEP][PASSED] - whatsapp = testData.getValue("Whatsapp", i): null

2023-04-03 05:50:53 - [TEST_STEP][PASSED] - navigateToUrl("https://demo-app.online/daftar"): Navigate to 'https://demo-app.online/daftar' successfully

2023-04-03 05:50:53 - [MESSAGE][PASSED] - Navigate to 'https://demo-app.online/daftar' successfully

2023-04-03 05:50:53 - [TEST_STEP][PASSED] - setText(findTestObject("Object Repository/Web/Register/Reg_InputText_Nama"), "Rizki Khaerul Fajri"): Text 'Rizki Khaerul Fajri' is set on object 'Object Repository/Web/Register/Reg_InputText_Nama'

2023-04-03 05:50:55 - [MESSAGE][PASSED] - Text 'Rizki Khaerul Fajri' is set on object 'Object Repository/Web/Register/Reg_InputText_Nama'

2023-04-03 05:50:55 - [TEST_STEP][PASSED] - setText(findTestObject("Object Repository/Web/Register/Reg_InputText_BirthDay"), "18-Feb-1997"): Text '18-Feb-1997' is set on object 'Object Repository/Web/Register/Reg_InputText_BirthDay'

2023-04-03 05:50:56 - [MESSAGE][PASSED] - Text '18-Feb-1997' is set on object 'Object Repository/Web/Register/Reg_InputText_BirthDay'

2023-04-03 05:50:56 - [TEST_STEP][PASSED] - setText(findTestObject("Object Repository/Web/Register/Reg_InputText_Email"), "Test@Example.com"): Text 'Test@Example.com' is set on object 'Object Repository/Web/Register/Reg_InputText_Email'

2023-04-03 05:50:57 - [MESSAGE][PASSED] - Text 'Test@Example.com' is set on object 'Object Repository/Web/Register/Reg_InputText_Email'

2023-04-03 05:50:57 - [TEST_STEP][PASSED] - setText(findTestObject("Object Repository/Web/Register/Reg_InputText_Whatsapp"), whatsapp): Text '+628132438726e' is set on object 'Object Repository/Web/Register/Reg_InputText_Whatsapp'

2023-04-03 05:50:57 - [MESSAGE][PASSED] - Text '+628132438726e' is set on object 'Object Repository/Web/Register/Reg_InputText_Whatsapp'

2023-04-03 05:50:57 - [TEST_STEP][PASSED] - setText(findTestObject("Object Repository/Web/Register/Reg_InputText_KataSandi"), "testingtesting"): Text 'testingtesting' is set on object 'Object Repository/Web/Register/Reg_InputText_KataSandi'

2023-04-03 05:50:58 - [MESSAGE][PASSED] - Text 'testingtesting' is set on object 'Object Repository/Web/Register/Reg_InputText_KataSandi'

2023-04-03 05:50:58 - [TEST_STEP][PASSED] - setText(findTestObject("Object Repository/Web/Register/Reg_InputText_KonfirmasiKataSandi"), "testingtesting"): Text 'testingtesting' is set on object 'Object Repository/Web/Register/Reg_InputText_KonfirmasiKataSandi'

2023-04-03 05:50:59 - [MESSAGE][PASSED] - Text 'testingtesting' is set on object 'Object Repository/Web/Register/Reg_InputText_KonfirmasiKataSandi'

2023-04-03 05:50:59 - [TEST_STEP][PASSED] - check(findTestObject("Object Repository/Web/Register/Reg_Checkbox_SyaratDanKetentuan")): Object 'Object Repository/Web/Register/Reg_Checkbox_SyaratDanKetentuan' is checked

2023-04-03 05:50:59 - [MESSAGE][PASSED] - Object 'Object Repository/Web/Register/Reg_Checkbox_SyaratDanKetentuan' is checked

2023-04-03 05:50:59 - [TEST_STEP][PASSED] - click(findTestObject("Object Repository/Web/Register/Reg_Button_Daftar")): Object: 'Object Repository/Web/Register/Reg_Button_Daftar' is clicked on

2023-04-03 05:50:59 - [MESSAGE][PASSED] - Object: 'Object Repository/Web/Register/Reg_Button_Daftar' is clicked on

2023-04-03 05:50:59 - [TEST_STEP][PASSED] - delay(2): Delayed 2 second(s)

2023-04-03 05:51:01 - [MESSAGE][PASSED] - Delayed 2 second(s)

2023-04-03 05:51:01 - [TEST_STEP][PASSED] - if (getUrl().equals("https://demo-app.online/email/verify")): Current window's url is: 'https://demo-app.online/daftar'

2023-04-03 05:51:01 - [MESSAGE][PASSED] - Current window's url is: 'https://demo-app.online/daftar'

2023-04-03 05:51:01 - [TEST_STEP][PASSED] - else: null

2023-04-03 05:51:01 - [TEST_STEP][PASSED] - try: null

2023-04-03 05:51:01 - [TEST_STEP][PASSED] - isValid = executeJavaScript("document.getElementById("whatsapp").reportValidity();", null): Execute JavaScript 'document.getElementById("whatsapp").reportValidity();' successfully

2023-04-03 05:51:01 - [MESSAGE][PASSED] - Execute JavaScript 'document.getElementById("whatsapp").reportValidity();' successfully

2023-04-03 05:51:01 - [TEST_STEP][PASSED] - assert !(isValid) : "Validation error should be displayed": null

2023-04-03 05:51:01 - [TEST_STEP][PASSED] - if (!(hasError)): null

2023-04-03 05:51:01 - [TEST_STEP][PASSED] - whatsapp = testData.getValue("Whatsapp", i): null

2023-04-03 05:51:01 - [TEST_STEP][PASSED] - navigateToUrl("https://demo-app.online/daftar"): Navigate to 'https://demo-app.online/daftar' successfully

2023-04-03 05:51:02 - [MESSAGE][PASSED] - Navigate to 'https://demo-app.online/daftar' successfully

2023-04-03 05:51:02 - [TEST_STEP][PASSED] - setText(findTestObject("Object Repository/Web/Register/Reg_InputText_Nama"), "Rizki Khaerul Fajri"): Text 'Rizki Khaerul Fajri' is set on object 'Object Repository/Web/Register/Reg_InputText_Nama'

2023-04-03 05:51:03 - [MESSAGE][PASSED] - Text 'Rizki Khaerul Fajri' is set on object 'Object Repository/Web/Register/Reg_InputText_Nama'

2023-04-03 05:51:03 - [TEST_STEP][PASSED] - setText(findTestObject("Object Repository/Web/Register/Reg_InputText_BirthDay"), "18-Feb-1997"): Text '18-Feb-1997' is set on object 'Object Repository/Web/Register/Reg_InputText_BirthDay'

2023-04-03 05:51:04 - [MESSAGE][PASSED] - Text '18-Feb-1997' is set on object 'Object Repository/Web/Register/Reg_InputText_BirthDay'

2023-04-03 05:51:04 - [TEST_STEP][PASSED] - setText(findTestObject("Object Repository/Web/Register/Reg_InputText_Email"), "Test@Example.com"): Text 'Test@Example.com' is set on object 'Object Repository/Web/Register/Reg_InputText_Email'

2023-04-03 05:51:05 - [MESSAGE][PASSED] - Text 'Test@Example.com' is set on object 'Object Repository/Web/Register/Reg_InputText_Email'

2023-04-03 05:51:05 - [TEST_STEP][PASSED] - setText(findTestObject("Object Repository/Web/Register/Reg_InputText_Whatsapp"), whatsapp): Text '08133456     ' is set on object 'Object Repository/Web/Register/Reg_InputText_Whatsapp'

2023-04-03 05:51:05 - [MESSAGE][PASSED] - Text '08133456     ' is set on object 'Object Repository/Web/Register/Reg_InputText_Whatsapp'

2023-04-03 05:51:05 - [TEST_STEP][PASSED] - setText(findTestObject("Object Repository/Web/Register/Reg_InputText_KataSandi"), "testingtesting"): Text 'testingtesting' is set on object 'Object Repository/Web/Register/Reg_InputText_KataSandi'

2023-04-03 05:51:06 - [MESSAGE][PASSED] - Text 'testingtesting' is set on object 'Object Repository/Web/Register/Reg_InputText_KataSandi'

2023-04-03 05:51:06 - [TEST_STEP][PASSED] - setText(findTestObject("Object Repository/Web/Register/Reg_InputText_KonfirmasiKataSandi"), "testingtesting"): Text 'testingtesting' is set on object 'Object Repository/Web/Register/Reg_InputText_KonfirmasiKataSandi'

2023-04-03 05:51:07 - [MESSAGE][PASSED] - Text 'testingtesting' is set on object 'Object Repository/Web/Register/Reg_InputText_KonfirmasiKataSandi'

2023-04-03 05:51:07 - [TEST_STEP][PASSED] - check(findTestObject("Object Repository/Web/Register/Reg_Checkbox_SyaratDanKetentuan")): Object 'Object Repository/Web/Register/Reg_Checkbox_SyaratDanKetentuan' is checked

2023-04-03 05:51:07 - [MESSAGE][PASSED] - Object 'Object Repository/Web/Register/Reg_Checkbox_SyaratDanKetentuan' is checked

2023-04-03 05:51:07 - [TEST_STEP][PASSED] - click(findTestObject("Object Repository/Web/Register/Reg_Button_Daftar")): Object: 'Object Repository/Web/Register/Reg_Button_Daftar' is clicked on

2023-04-03 05:51:10 - [MESSAGE][PASSED] - Object: 'Object Repository/Web/Register/Reg_Button_Daftar' is clicked on

2023-04-03 05:51:10 - [TEST_STEP][PASSED] - delay(2): Delayed 2 second(s)

2023-04-03 05:51:12 - [MESSAGE][PASSED] - Delayed 2 second(s)

2023-04-03 05:51:12 - [TEST_STEP][PASSED] - if (getUrl().equals("https://demo-app.online/email/verify")): null

2023-04-03 05:51:12 - [MESSAGE][PASSED] - Current window's url is: 'https://demo-app.online/email/verify'

2023-04-03 05:51:12 - [TEST_STEP][PASSED] - hasError = false: null

2023-04-03 05:51:12 - [TEST_STEP][FAILED] - if (!(hasError)): Valid input detected. Fail the case

2023-04-03 05:51:12 - [TEST_STEP][FAILED] - markFailed("Valid input detected. Fail the case"): Valid input detected. Fail the case

2023-04-03 05:51:12 - [MESSAGE][FAILED] - Valid input detected. Fail the case]]></system-out>
         <system-err><![CDATA[2023-04-03 05:50:33 - [TEST_CASE][FAILED] - Test Cases/Web/REG/REG-33: Test Cases/Web/REG/REG-33 FAILED.
Reason:
com.kms.katalon.core.exception.StepFailedException: Valid input detected. Fail the case
	at com.kms.katalon.core.util.KeywordUtil.markFailed(KeywordUtil.java:19)
	at com.kms.katalon.core.util.KeywordUtil$markFailed.call(Unknown Source)
	at REG-33.run(REG-33:67)
	at com.kms.katalon.core.main.ScriptEngine.run(ScriptEngine.java:194)
	at com.kms.katalon.core.main.ScriptEngine.runScriptAsRawText(ScriptEngine.java:119)
	at com.kms.katalon.core.main.TestCaseExecutor.runScript(TestCaseExecutor.java:448)
	at com.kms.katalon.core.main.TestCaseExecutor.doExecute(TestCaseExecutor.java:439)
	at com.kms.katalon.core.main.TestCaseExecutor.processExecutionPhase(TestCaseExecutor.java:418)
	at com.kms.katalon.core.main.TestCaseExecutor.accessMainPhase(TestCaseExecutor.java:410)
	at com.kms.katalon.core.main.TestCaseExecutor.execute(TestCaseExecutor.java:285)
	at com.kms.katalon.core.common.CommonExecutor.accessTestCaseMainPhase(CommonExecutor.java:65)
	at com.kms.katalon.core.main.TestSuiteExecutor.accessTestSuiteMainPhase(TestSuiteExecutor.java:151)
	at com.kms.katalon.core.main.TestSuiteExecutor.execute(TestSuiteExecutor.java:106)
	at com.kms.katalon.core.main.TestCaseMain.startTestSuite(TestCaseMain.java:185)
	at com.kms.katalon.core.main.TestCaseMain$startTestSuite$0.call(Unknown Source)
	at TempTestSuite1680475136875.run(TempTestSuite1680475136875.groovy:36)]]></system-err>
      </testcase>
      <testcase name="Test Cases/Web/REG/REG-34" time="12.462" classname="Test Cases/Web/REG/REG-34" status="FAILED">
         <failure type="FAILED" message="Test Cases/Web/REG/REG-34 FAILED.
Reason:
com.kms.katalon.core.exception.StepFailedException: Unable to verify match between actual text 'https://demo-app.online/daftar' and expected text 'https://demo-app.online/email/verify' (Root cause: com.kms.katalon.core.exception.StepFailedException: Actual text 'https://demo-app.online/daftar' and expected text 'https://demo-app.online/email/verify' are not matched
	at com.kms.katalon.core.keyword.builtin.VerifyMatchKeyword$_verifyMatch_closure1.doCall(VerifyMatchKeyword.groovy:57)
	at com.kms.katalon.core.keyword.builtin.VerifyMatchKeyword$_verifyMatch_closure1.call(VerifyMatchKeyword.groovy)
	at com.kms.katalon.core.keyword.internal.KeywordMain.runKeyword(KeywordMain.groovy:74)
	at com.kms.katalon.core.keyword.builtin.VerifyMatchKeyword.verifyMatch(VerifyMatchKeyword.groovy:60)
	at com.kms.katalon.core.keyword.builtin.VerifyMatchKeyword.execute(VerifyMatchKeyword.groovy:45)
	at com.kms.katalon.core.keyword.internal.KeywordExecutor.executeKeywordForPlatform(KeywordExecutor.groovy:74)
	at com.kms.katalon.core.keyword.BuiltinKeywords.verifyMatch(BuiltinKeywords.groovy:55)
	at REG-34.run(REG-34:44)
	at com.kms.katalon.core.main.ScriptEngine.run(ScriptEngine.java:194)
	at com.kms.katalon.core.main.ScriptEngine.runScriptAsRawText(ScriptEngine.java:119)
	at com.kms.katalon.core.main.TestCaseExecutor.runScript(TestCaseExecutor.java:448)
	at com.kms.katalon.core.main.TestCaseExecutor.doExecute(TestCaseExecutor.java:439)
	at com.kms.katalon.core.main.TestCaseExecutor.processExecutionPhase(TestCaseExecutor.java:418)
	at com.kms.katalon.core.main.TestCaseExecutor.accessMainPhase(TestCaseExecutor.java:410)
	at com.kms.katalon.core.main.TestCaseExecutor.execute(TestCaseExecutor.java:285)
	at com.kms.katalon.core.common.CommonExecutor.accessTestCaseMainPhase(CommonExecutor.java:65)
	at com.kms.katalon.core.main.TestSuiteExecutor.accessTestSuiteMainPhase(TestSuiteExecutor.java:151)
	at com.kms.katalon.core.main.TestSuiteExecutor.execute(TestSuiteExecutor.java:106)
	at com.kms.katalon.core.main.TestCaseMain.startTestSuite(TestCaseMain.java:185)
	at com.kms.katalon.core.main.TestCaseMain$startTestSuite$0.call(Unknown Source)
	at TempTestSuite1680475136875.run(TempTestSuite1680475136875.groovy:36)
)
	at com.kms.katalon.core.keyword.internal.KeywordMain.stepFailed(KeywordMain.groovy:39)
	at com.kms.katalon.core.keyword.internal.KeywordMain.stepFailed(KeywordMain.groovy)
	at com.kms.katalon.core.keyword.internal.KeywordMain.runKeyword(KeywordMain.groovy:76)
	at com.kms.katalon.core.keyword.builtin.VerifyMatchKeyword.verifyMatch(VerifyMatchKeyword.groovy:60)
	at com.kms.katalon.core.keyword.builtin.VerifyMatchKeyword.execute(VerifyMatchKeyword.groovy:45)
	at com.kms.katalon.core.keyword.internal.KeywordExecutor.executeKeywordForPlatform(KeywordExecutor.groovy:74)
	at com.kms.katalon.core.keyword.BuiltinKeywords.verifyMatch(BuiltinKeywords.groovy:55)
	at REG-34.run(REG-34:44)
	at com.kms.katalon.core.main.ScriptEngine.run(ScriptEngine.java:194)
	at com.kms.katalon.core.main.ScriptEngine.runScriptAsRawText(ScriptEngine.java:119)
	at com.kms.katalon.core.main.TestCaseExecutor.runScript(TestCaseExecutor.java:448)
	at com.kms.katalon.core.main.TestCaseExecutor.doExecute(TestCaseExecutor.java:439)
	at com.kms.katalon.core.main.TestCaseExecutor.processExecutionPhase(TestCaseExecutor.java:418)
	at com.kms.katalon.core.main.TestCaseExecutor.accessMainPhase(TestCaseExecutor.java:410)
	at com.kms.katalon.core.main.TestCaseExecutor.execute(TestCaseExecutor.java:285)
	at com.kms.katalon.core.common.CommonExecutor.accessTestCaseMainPhase(CommonExecutor.java:65)
	at com.kms.katalon.core.main.TestSuiteExecutor.accessTestSuiteMainPhase(TestSuiteExecutor.java:151)
	at com.kms.katalon.core.main.TestSuiteExecutor.execute(TestSuiteExecutor.java:106)
	at com.kms.katalon.core.main.TestCaseMain.startTestSuite(TestCaseMain.java:185)
	at com.kms.katalon.core.main.TestCaseMain$startTestSuite$0.call(Unknown Source)
	at TempTestSuite1680475136875.run(TempTestSuite1680475136875.groovy:36)
Caused by: com.kms.katalon.core.exception.StepFailedException: Actual text 'https://demo-app.online/daftar' and expected text 'https://demo-app.online/email/verify' are not matched
	at com.kms.katalon.core.keyword.builtin.VerifyMatchKeyword$_verifyMatch_closure1.doCall(VerifyMatchKeyword.groovy:57)
	at com.kms.katalon.core.keyword.builtin.VerifyMatchKeyword$_verifyMatch_closure1.call(VerifyMatchKeyword.groovy)
	at com.kms.katalon.core.keyword.internal.KeywordMain.runKeyword(KeywordMain.groovy:74)
	... 18 more
"/>
         <system-out><![CDATA[2023-04-03 05:51:12 - [TEST_CASE][FAILED] - Test Cases/Web/REG/REG-34: Test Cases/Web/REG/REG-34 FAILED.
Reason:
com.kms.katalon.core.exception.StepFailedException: Unable to verify match between actual text 'https://demo-app.online/daftar' and expected text 'https://demo-app.online/email/verify' (Root cause: com.kms.katalon.core.exception.StepFailedException: Actual text 'https://demo-app.online/daftar' and expected text 'https://demo-app.online/email/verify' are not matched
	at com.kms.katalon.core.keyword.builtin.VerifyMatchKeyword$_verifyMatch_closure1.doCall(VerifyMatchKeyword.groovy:57)
	at com.kms.katalon.core.keyword.builtin.VerifyMatchKeyword$_verifyMatch_closure1.call(VerifyMatchKeyword.groovy)
	at com.kms.katalon.core.keyword.internal.KeywordMain.runKeyword(KeywordMain.groovy:74)
	at com.kms.katalon.core.keyword.builtin.VerifyMatchKeyword.verifyMatch(VerifyMatchKeyword.groovy:60)
	at com.kms.katalon.core.keyword.builtin.VerifyMatchKeyword.execute(VerifyMatchKeyword.groovy:45)
	at com.kms.katalon.core.keyword.internal.KeywordExecutor.executeKeywordForPlatform(KeywordExecutor.groovy:74)
	at com.kms.katalon.core.keyword.BuiltinKeywords.verifyMatch(BuiltinKeywords.groovy:55)
	at REG-34.run(REG-34:44)
	at com.kms.katalon.core.main.ScriptEngine.run(ScriptEngine.java:194)
	at com.kms.katalon.core.main.ScriptEngine.runScriptAsRawText(ScriptEngine.java:119)
	at com.kms.katalon.core.main.TestCaseExecutor.runScript(TestCaseExecutor.java:448)
	at com.kms.katalon.core.main.TestCaseExecutor.doExecute(TestCaseExecutor.java:439)
	at com.kms.katalon.core.main.TestCaseExecutor.processExecutionPhase(TestCaseExecutor.java:418)
	at com.kms.katalon.core.main.TestCaseExecutor.accessMainPhase(TestCaseExecutor.java:410)
	at com.kms.katalon.core.main.TestCaseExecutor.execute(TestCaseExecutor.java:285)
	at com.kms.katalon.core.common.CommonExecutor.accessTestCaseMainPhase(CommonExecutor.java:65)
	at com.kms.katalon.core.main.TestSuiteExecutor.accessTestSuiteMainPhase(TestSuiteExecutor.java:151)
	at com.kms.katalon.core.main.TestSuiteExecutor.execute(TestSuiteExecutor.java:106)
	at com.kms.katalon.core.main.TestCaseMain.startTestSuite(TestCaseMain.java:185)
	at com.kms.katalon.core.main.TestCaseMain$startTestSuite$0.call(Unknown Source)
	at TempTestSuite1680475136875.run(TempTestSuite1680475136875.groovy:36)
)
	at com.kms.katalon.core.keyword.internal.KeywordMain.stepFailed(KeywordMain.groovy:39)
	at com.kms.katalon.core.keyword.internal.KeywordMain.stepFailed(KeywordMain.groovy)
	at com.kms.katalon.core.keyword.internal.KeywordMain.runKeyword(KeywordMain.groovy:76)
	at com.kms.katalon.core.keyword.builtin.VerifyMatchKeyword.verifyMatch(VerifyMatchKeyword.groovy:60)
	at com.kms.katalon.core.keyword.builtin.VerifyMatchKeyword.execute(VerifyMatchKeyword.groovy:45)
	at com.kms.katalon.core.keyword.internal.KeywordExecutor.executeKeywordForPlatform(KeywordExecutor.groovy:74)
	at com.kms.katalon.core.keyword.BuiltinKeywords.verifyMatch(BuiltinKeywords.groovy:55)
	at REG-34.run(REG-34:44)
	at com.kms.katalon.core.main.ScriptEngine.run(ScriptEngine.java:194)
	at com.kms.katalon.core.main.ScriptEngine.runScriptAsRawText(ScriptEngine.java:119)
	at com.kms.katalon.core.main.TestCaseExecutor.runScript(TestCaseExecutor.java:448)
	at com.kms.katalon.core.main.TestCaseExecutor.doExecute(TestCaseExecutor.java:439)
	at com.kms.katalon.core.main.TestCaseExecutor.processExecutionPhase(TestCaseExecutor.java:418)
	at com.kms.katalon.core.main.TestCaseExecutor.accessMainPhase(TestCaseExecutor.java:410)
	at com.kms.katalon.core.main.TestCaseExecutor.execute(TestCaseExecutor.java:285)
	at com.kms.katalon.core.common.CommonExecutor.accessTestCaseMainPhase(CommonExecutor.java:65)
	at com.kms.katalon.core.main.TestSuiteExecutor.accessTestSuiteMainPhase(TestSuiteExecutor.java:151)
	at com.kms.katalon.core.main.TestSuiteExecutor.execute(TestSuiteExecutor.java:106)
	at com.kms.katalon.core.main.TestCaseMain.startTestSuite(TestCaseMain.java:185)
	at com.kms.katalon.core.main.TestCaseMain$startTestSuite$0.call(Unknown Source)
	at TempTestSuite1680475136875.run(TempTestSuite1680475136875.groovy:36)
Caused by: com.kms.katalon.core.exception.StepFailedException: Actual text 'https://demo-app.online/daftar' and expected text 'https://demo-app.online/email/verify' are not matched
	at com.kms.katalon.core.keyword.builtin.VerifyMatchKeyword$_verifyMatch_closure1.doCall(VerifyMatchKeyword.groovy:57)
	at com.kms.katalon.core.keyword.builtin.VerifyMatchKeyword$_verifyMatch_closure1.call(VerifyMatchKeyword.groovy)
	at com.kms.katalon.core.keyword.internal.KeywordMain.runKeyword(KeywordMain.groovy:74)
	... 18 more


2023-04-03 05:51:12 - [TEST_STEP][PASSED] - openBrowser(""): Browser is opened with url: ''

2023-04-03 05:51:12 - [MESSAGE][WARNING] - A browser is already opened. Closing browser and opening a new one

2023-04-03 05:51:13 - [MESSAGE][INFO] - Starting 'Chrome' driver

2023-04-03 05:51:13 - [MESSAGE][INFO] - Action delay is set to 0 milliseconds

2023-04-03 05:51:14 - [MESSAGE][PASSED] - Browser is opened with url: ''

2023-04-03 05:51:14 - [TEST_STEP][PASSED] - navigateToUrl("https://demo-app.online/daftar"): Navigate to 'https://demo-app.online/daftar' successfully

2023-04-03 05:51:15 - [MESSAGE][PASSED] - Navigate to 'https://demo-app.online/daftar' successfully

2023-04-03 05:51:15 - [TEST_STEP][PASSED] - setText(findTestObject("Object Repository/Web/Register/Reg_InputText_Nama"), "Rizki Khaerul Fajri"): Text 'Rizki Khaerul Fajri' is set on object 'Object Repository/Web/Register/Reg_InputText_Nama'

2023-04-03 05:51:16 - [MESSAGE][PASSED] - Text 'Rizki Khaerul Fajri' is set on object 'Object Repository/Web/Register/Reg_InputText_Nama'

2023-04-03 05:51:16 - [TEST_STEP][PASSED] - setText(findTestObject("Object Repository/Web/Register/Reg_InputText_BirthDay"), "18-Feb-1997"): Text '18-Feb-1997' is set on object 'Object Repository/Web/Register/Reg_InputText_BirthDay'

2023-04-03 05:51:17 - [MESSAGE][PASSED] - Text '18-Feb-1997' is set on object 'Object Repository/Web/Register/Reg_InputText_BirthDay'

2023-04-03 05:51:17 - [TEST_STEP][PASSED] - setText(findTestObject("Object Repository/Web/Register/Reg_InputText_Email"), "Test@Example.com"): Text 'Test@Example.com' is set on object 'Object Repository/Web/Register/Reg_InputText_Email'

2023-04-03 05:51:18 - [MESSAGE][PASSED] - Text 'Test@Example.com' is set on object 'Object Repository/Web/Register/Reg_InputText_Email'

2023-04-03 05:51:18 - [TEST_STEP][PASSED] - setText(findTestObject("Object Repository/Web/Register/Reg_InputText_Whatsapp"), "081123456"): Text '081123456' is set on object 'Object Repository/Web/Register/Reg_InputText_Whatsapp'

2023-04-03 05:51:19 - [MESSAGE][PASSED] - Text '081123456' is set on object 'Object Repository/Web/Register/Reg_InputText_Whatsapp'

2023-04-03 05:51:19 - [TEST_STEP][PASSED] - setText(findTestObject("Object Repository/Web/Register/Reg_InputText_KataSandi"), "testingtesting"): Text 'testingtesting' is set on object 'Object Repository/Web/Register/Reg_InputText_KataSandi'

2023-04-03 05:51:19 - [MESSAGE][PASSED] - Text 'testingtesting' is set on object 'Object Repository/Web/Register/Reg_InputText_KataSandi'

2023-04-03 05:51:19 - [TEST_STEP][PASSED] - setText(findTestObject("Object Repository/Web/Register/Reg_InputText_KonfirmasiKataSandi"), "testingtesting"): Text 'testingtesting' is set on object 'Object Repository/Web/Register/Reg_InputText_KonfirmasiKataSandi'

2023-04-03 05:51:20 - [MESSAGE][PASSED] - Text 'testingtesting' is set on object 'Object Repository/Web/Register/Reg_InputText_KonfirmasiKataSandi'

2023-04-03 05:51:20 - [TEST_STEP][PASSED] - check(findTestObject("Object Repository/Web/Register/Reg_Checkbox_SyaratDanKetentuan")): Object 'Object Repository/Web/Register/Reg_Checkbox_SyaratDanKetentuan' is checked

2023-04-03 05:51:21 - [MESSAGE][PASSED] - Object 'Object Repository/Web/Register/Reg_Checkbox_SyaratDanKetentuan' is checked

2023-04-03 05:51:21 - [TEST_STEP][PASSED] - click(findTestObject("Object Repository/Web/Register/Reg_Button_Daftar")): Object: 'Object Repository/Web/Register/Reg_Button_Daftar' is clicked on

2023-04-03 05:51:23 - [MESSAGE][PASSED] - Object: 'Object Repository/Web/Register/Reg_Button_Daftar' is clicked on

2023-04-03 05:51:23 - [TEST_STEP][PASSED] - delay(1): Delayed 1 second(s)

2023-04-03 05:51:24 - [MESSAGE][PASSED] - Delayed 1 second(s)

2023-04-03 05:51:24 - [TEST_STEP][FAILED] - verifyMatch("https://demo-app.online/daftar", getUrl(), false, CONTINUE_ON_FAILURE): Unable to verify match between actual text 'https://demo-app.online/daftar' and expected text 'https://demo-app.online/email/verify' (Root cause: com.kms.katalon.core.exception.StepFailedException: Actual text 'https://demo-app.online/daftar' and expected text 'https://demo-app.online/email/verify' are not matched
	at com.kms.katalon.core.keyword.builtin.VerifyMatchKeyword$_verifyMatch_closure1.doCall(VerifyMatchKeyword.groovy:57)
	at com.kms.katalon.core.keyword.builtin.VerifyMatchKeyword$_verifyMatch_closure1.call(VerifyMatchKeyword.groovy)
	at com.kms.katalon.core.keyword.internal.KeywordMain.runKeyword(KeywordMain.groovy:74)
	at com.kms.katalon.core.keyword.builtin.VerifyMatchKeyword.verifyMatch(VerifyMatchKeyword.groovy:60)
	at com.kms.katalon.core.keyword.builtin.VerifyMatchKeyword.execute(VerifyMatchKeyword.groovy:45)
	at com.kms.katalon.core.keyword.internal.KeywordExecutor.executeKeywordForPlatform(KeywordExecutor.groovy:74)
	at com.kms.katalon.core.keyword.BuiltinKeywords.verifyMatch(BuiltinKeywords.groovy:55)
	at REG-34.run(REG-34:44)
	at com.kms.katalon.core.main.ScriptEngine.run(ScriptEngine.java:194)
	at com.kms.katalon.core.main.ScriptEngine.runScriptAsRawText(ScriptEngine.java:119)
	at com.kms.katalon.core.main.TestCaseExecutor.runScript(TestCaseExecutor.java:448)
	at com.kms.katalon.core.main.TestCaseExecutor.doExecute(TestCaseExecutor.java:439)
	at com.kms.katalon.core.main.TestCaseExecutor.processExecutionPhase(TestCaseExecutor.java:418)
	at com.kms.katalon.core.main.TestCaseExecutor.accessMainPhase(TestCaseExecutor.java:410)
	at com.kms.katalon.core.main.TestCaseExecutor.execute(TestCaseExecutor.java:285)
	at com.kms.katalon.core.common.CommonExecutor.accessTestCaseMainPhase(CommonExecutor.java:65)
	at com.kms.katalon.core.main.TestSuiteExecutor.accessTestSuiteMainPhase(TestSuiteExecutor.java:151)
	at com.kms.katalon.core.main.TestSuiteExecutor.execute(TestSuiteExecutor.java:106)
	at com.kms.katalon.core.main.TestCaseMain.startTestSuite(TestCaseMain.java:185)
	at com.kms.katalon.core.main.TestCaseMain$startTestSuite$0.call(Unknown Source)
	at TempTestSuite1680475136875.run(TempTestSuite1680475136875.groovy:36)
)

2023-04-03 05:51:24 - [MESSAGE][PASSED] - Current window's url is: 'https://demo-app.online/email/verify'

2023-04-03 05:51:24 - [MESSAGE][FAILED] - Unable to verify match between actual text 'https://demo-app.online/daftar' and expected text 'https://demo-app.online/email/verify' (Root cause: com.kms.katalon.core.exception.StepFailedException: Actual text 'https://demo-app.online/daftar' and expected text 'https://demo-app.online/email/verify' are not matched
	at com.kms.katalon.core.keyword.builtin.VerifyMatchKeyword$_verifyMatch_closure1.doCall(VerifyMatchKeyword.groovy:57)
	at com.kms.katalon.core.keyword.builtin.VerifyMatchKeyword$_verifyMatch_closure1.call(VerifyMatchKeyword.groovy)
	at com.kms.katalon.core.keyword.internal.KeywordMain.runKeyword(KeywordMain.groovy:74)
	at com.kms.katalon.core.keyword.builtin.VerifyMatchKeyword.verifyMatch(VerifyMatchKeyword.groovy:60)
	at com.kms.katalon.core.keyword.builtin.VerifyMatchKeyword.execute(VerifyMatchKeyword.groovy:45)
	at com.kms.katalon.core.keyword.internal.KeywordExecutor.executeKeywordForPlatform(KeywordExecutor.groovy:74)
	at com.kms.katalon.core.keyword.BuiltinKeywords.verifyMatch(BuiltinKeywords.groovy:55)
	at REG-34.run(REG-34:44)
	at com.kms.katalon.core.main.ScriptEngine.run(ScriptEngine.java:194)
	at com.kms.katalon.core.main.ScriptEngine.runScriptAsRawText(ScriptEngine.java:119)
	at com.kms.katalon.core.main.TestCaseExecutor.runScript(TestCaseExecutor.java:448)
	at com.kms.katalon.core.main.TestCaseExecutor.doExecute(TestCaseExecutor.java:439)
	at com.kms.katalon.core.main.TestCaseExecutor.processExecutionPhase(TestCaseExecutor.java:418)
	at com.kms.katalon.core.main.TestCaseExecutor.accessMainPhase(TestCaseExecutor.java:410)
	at com.kms.katalon.core.main.TestCaseExecutor.execute(TestCaseExecutor.java:285)
	at com.kms.katalon.core.common.CommonExecutor.accessTestCaseMainPhase(CommonExecutor.java:65)
	at com.kms.katalon.core.main.TestSuiteExecutor.accessTestSuiteMainPhase(TestSuiteExecutor.java:151)
	at com.kms.katalon.core.main.TestSuiteExecutor.execute(TestSuiteExecutor.java:106)
	at com.kms.katalon.core.main.TestCaseMain.startTestSuite(TestCaseMain.java:185)
	at com.kms.katalon.core.main.TestCaseMain$startTestSuite$0.call(Unknown Source)
	at TempTestSuite1680475136875.run(TempTestSuite1680475136875.groovy:36)
)

2023-04-03 05:51:24 - [TEST_STEP][PASSED] - println("After verification"): null

2023-04-03 05:51:24 - [TEST_STEP][FAILED] - isValid = executeJavaScript("document.getElementById("whatsapp").reportValidity();", null): Unable to execute JavaScript. (Root cause: com.kms.katalon.core.exception.StepFailedException: Unable to execute JavaScript.
	at com.kms.katalon.core.webui.keyword.internal.WebUIKeywordMain.stepFailed(WebUIKeywordMain.groovy:64)
	at com.kms.katalon.core.webui.keyword.internal.WebUIKeywordMain.runKeyword(WebUIKeywordMain.groovy:26)
	at com.kms.katalon.core.webui.keyword.builtin.ExecuteJavaScriptKeyword.executeJavascript(ExecuteJavascriptKeyword.groovy:42)
	at com.kms.katalon.core.webui.keyword.builtin.ExecuteJavaScriptKeyword.execute(ExecuteJavascriptKeyword.groovy:37)
	at com.kms.katalon.core.keyword.internal.KeywordExecutor.executeKeywordForPlatform(KeywordExecutor.groovy:74)
	at com.kms.katalon.core.webui.keyword.WebUiBuiltInKeywords.executeJavaScript(WebUiBuiltInKeywords.groovy:4873)
	at com.kms.katalon.core.webui.keyword.WebUiBuiltInKeywords$executeJavaScript$5.call(Unknown Source)
	at REG-34.run(REG-34:49)
	at com.kms.katalon.core.main.ScriptEngine.run(ScriptEngine.java:194)
	at com.kms.katalon.core.main.ScriptEngine.runScriptAsRawText(ScriptEngine.java:119)
	at com.kms.katalon.core.main.TestCaseExecutor.runScript(TestCaseExecutor.java:448)
	at com.kms.katalon.core.main.TestCaseExecutor.doExecute(TestCaseExecutor.java:439)
	at com.kms.katalon.core.main.TestCaseExecutor.processExecutionPhase(TestCaseExecutor.java:418)
	at com.kms.katalon.core.main.TestCaseExecutor.accessMainPhase(TestCaseExecutor.java:410)
	at com.kms.katalon.core.main.TestCaseExecutor.execute(TestCaseExecutor.java:285)
	at com.kms.katalon.core.common.CommonExecutor.accessTestCaseMainPhase(CommonExecutor.java:65)
	at com.kms.katalon.core.main.TestSuiteExecutor.accessTestSuiteMainPhase(TestSuiteExecutor.java:151)
	at com.kms.katalon.core.main.TestSuiteExecutor.execute(TestSuiteExecutor.java:106)
	at com.kms.katalon.core.main.TestCaseMain.startTestSuite(TestCaseMain.java:185)
	at com.kms.katalon.core.main.TestCaseMain$startTestSuite$0.call(Unknown Source)
	at TempTestSuite1680475136875.run(TempTestSuite1680475136875.groovy:36)
Caused by: org.openqa.selenium.JavascriptException: javascript error: Cannot read properties of null (reading 'reportValidity')
  (Session info: chrome=111.0.5563.147)
Build info: version: '3.141.59', revision: 'e82be7d358', time: '2018-11-14T08:25:53'
System info: host: 'RED', ip: '192.168.203.1', os.name: 'Windows 10', os.arch: 'amd64', os.version: '10.0', java.version: '1.8.0_282'
Driver info: com.kms.katalon.selenium.driver.CChromeDriver
Capabilities {acceptInsecureCerts: false, browserName: chrome, browserVersion: 111.0.5563.147, chrome: {chromedriverVersion: 111.0.5563.64 (c710e93d5b63..., userDataDir: C:\Users\rizki\AppData\Loca...}, goog:chromeOptions: {debuggerAddress: localhost:56106}, javascriptEnabled: true, networkConnectionEnabled: false, pageLoadStrategy: normal, platform: WINDOWS, platformName: WINDOWS, proxy: Proxy(), setWindowRect: true, strictFileInteractability: false, timeouts: {implicit: 0, pageLoad: 300000, script: 30000}, unhandledPromptBehavior: dismiss and notify, webauthn:extension:credBlob: true, webauthn:extension:largeBlob: true, webauthn:extension:minPinLength: true, webauthn:extension:prf: true, webauthn:virtualAuthenticators: true}
Session ID: fdeff2530dbde6d6c9192f35d0a0c154
	at org.openqa.selenium.remote.http.W3CHttpResponseCodec.createException(W3CHttpResponseCodec.java:187)
	at org.openqa.selenium.remote.http.W3CHttpResponseCodec.decode(W3CHttpResponseCodec.java:122)
	at org.openqa.selenium.remote.http.W3CHttpResponseCodec.decode(W3CHttpResponseCodec.java:49)
	at org.openqa.selenium.remote.HttpCommandExecutor.execute(HttpCommandExecutor.java:158)
	at org.openqa.selenium.remote.service.DriverCommandExecutor.execute(DriverCommandExecutor.java:83)
	at org.openqa.selenium.remote.RemoteWebDriver.execute(RemoteWebDriver.java:552)
	at com.kms.katalon.selenium.driver.CChromeDriver.execute(CChromeDriver.java:19)
	at org.openqa.selenium.remote.RemoteWebDriver.executeScript(RemoteWebDriver.java:489)
	at org.openqa.selenium.support.events.EventFiringWebDriver.lambda$new$1(EventFiringWebDriver.java:105)
	at com.sun.proxy.$Proxy10.executeScript(Unknown Source)
	at org.openqa.selenium.support.events.EventFiringWebDriver.executeScript(EventFiringWebDriver.java:229)
	at com.kms.katalon.core.webui.keyword.builtin.ExecuteJavaScriptKeyword$_executeJavascript_closure1.doCall(ExecuteJavascriptKeyword.groovy:48)
	at com.kms.katalon.core.webui.keyword.builtin.ExecuteJavaScriptKeyword$_executeJavascript_closure1.call(ExecuteJavascriptKeyword.groovy)
	at com.kms.katalon.core.webui.keyword.internal.WebUIKeywordMain.runKeyword(WebUIKeywordMain.groovy:20)
	at com.kms.katalon.core.webui.keyword.builtin.ExecuteJavaScriptKeyword.executeJavascript(ExecuteJavascriptKeyword.groovy:42)
	at com.kms.katalon.core.webui.keyword.builtin.ExecuteJavaScriptKeyword.execute(ExecuteJavascriptKeyword.groovy:37)
	at com.kms.katalon.core.keyword.internal.KeywordExecutor.executeKeywordForPlatform(KeywordExecutor.groovy:74)
	at com.kms.katalon.core.webui.keyword.WebUiBuiltInKeywords.executeJavaScript(WebUiBuiltInKeywords.groovy:4873)
	at com.kms.katalon.core.webui.keyword.WebUiBuiltInKeywords$executeJavaScript$5.call(Unknown Source)
	at Script1680129867108.run(Script1680129867108.groovy:49)
	... 13 more
)

2023-04-03 05:51:24 - [MESSAGE][FAILED] - Unable to execute JavaScript. (Root cause: com.kms.katalon.core.exception.StepFailedException: Unable to execute JavaScript.
	at com.kms.katalon.core.webui.keyword.internal.WebUIKeywordMain.stepFailed(WebUIKeywordMain.groovy:64)
	at com.kms.katalon.core.webui.keyword.internal.WebUIKeywordMain.runKeyword(WebUIKeywordMain.groovy:26)
	at com.kms.katalon.core.webui.keyword.builtin.ExecuteJavaScriptKeyword.executeJavascript(ExecuteJavascriptKeyword.groovy:42)
	at com.kms.katalon.core.webui.keyword.builtin.ExecuteJavaScriptKeyword.execute(ExecuteJavascriptKeyword.groovy:37)
	at com.kms.katalon.core.keyword.internal.KeywordExecutor.executeKeywordForPlatform(KeywordExecutor.groovy:74)
	at com.kms.katalon.core.webui.keyword.WebUiBuiltInKeywords.executeJavaScript(WebUiBuiltInKeywords.groovy:4873)
	at com.kms.katalon.core.webui.keyword.WebUiBuiltInKeywords$executeJavaScript$5.call(Unknown Source)
	at REG-34.run(REG-34:49)
	at com.kms.katalon.core.main.ScriptEngine.run(ScriptEngine.java:194)
	at com.kms.katalon.core.main.ScriptEngine.runScriptAsRawText(ScriptEngine.java:119)
	at com.kms.katalon.core.main.TestCaseExecutor.runScript(TestCaseExecutor.java:448)
	at com.kms.katalon.core.main.TestCaseExecutor.doExecute(TestCaseExecutor.java:439)
	at com.kms.katalon.core.main.TestCaseExecutor.processExecutionPhase(TestCaseExecutor.java:418)
	at com.kms.katalon.core.main.TestCaseExecutor.accessMainPhase(TestCaseExecutor.java:410)
	at com.kms.katalon.core.main.TestCaseExecutor.execute(TestCaseExecutor.java:285)
	at com.kms.katalon.core.common.CommonExecutor.accessTestCaseMainPhase(CommonExecutor.java:65)
	at com.kms.katalon.core.main.TestSuiteExecutor.accessTestSuiteMainPhase(TestSuiteExecutor.java:151)
	at com.kms.katalon.core.main.TestSuiteExecutor.execute(TestSuiteExecutor.java:106)
	at com.kms.katalon.core.main.TestCaseMain.startTestSuite(TestCaseMain.java:185)
	at com.kms.katalon.core.main.TestCaseMain$startTestSuite$0.call(Unknown Source)
	at TempTestSuite1680475136875.run(TempTestSuite1680475136875.groovy:36)
Caused by: org.openqa.selenium.JavascriptException: javascript error: Cannot read properties of null (reading 'reportValidity')
  (Session info: chrome=111.0.5563.147)
Build info: version: '3.141.59', revision: 'e82be7d358', time: '2018-11-14T08:25:53'
System info: host: 'RED', ip: '192.168.203.1', os.name: 'Windows 10', os.arch: 'amd64', os.version: '10.0', java.version: '1.8.0_282'
Driver info: com.kms.katalon.selenium.driver.CChromeDriver
Capabilities {acceptInsecureCerts: false, browserName: chrome, browserVersion: 111.0.5563.147, chrome: {chromedriverVersion: 111.0.5563.64 (c710e93d5b63..., userDataDir: C:\Users\rizki\AppData\Loca...}, goog:chromeOptions: {debuggerAddress: localhost:56106}, javascriptEnabled: true, networkConnectionEnabled: false, pageLoadStrategy: normal, platform: WINDOWS, platformName: WINDOWS, proxy: Proxy(), setWindowRect: true, strictFileInteractability: false, timeouts: {implicit: 0, pageLoad: 300000, script: 30000}, unhandledPromptBehavior: dismiss and notify, webauthn:extension:credBlob: true, webauthn:extension:largeBlob: true, webauthn:extension:minPinLength: true, webauthn:extension:prf: true, webauthn:virtualAuthenticators: true}
Session ID: fdeff2530dbde6d6c9192f35d0a0c154
	at org.openqa.selenium.remote.http.W3CHttpResponseCodec.createException(W3CHttpResponseCodec.java:187)
	at org.openqa.selenium.remote.http.W3CHttpResponseCodec.decode(W3CHttpResponseCodec.java:122)
	at org.openqa.selenium.remote.http.W3CHttpResponseCodec.decode(W3CHttpResponseCodec.java:49)
	at org.openqa.selenium.remote.HttpCommandExecutor.execute(HttpCommandExecutor.java:158)
	at org.openqa.selenium.remote.service.DriverCommandExecutor.execute(DriverCommandExecutor.java:83)
	at org.openqa.selenium.remote.RemoteWebDriver.execute(RemoteWebDriver.java:552)
	at com.kms.katalon.selenium.driver.CChromeDriver.execute(CChromeDriver.java:19)
	at org.openqa.selenium.remote.RemoteWebDriver.executeScript(RemoteWebDriver.java:489)
	at org.openqa.selenium.support.events.EventFiringWebDriver.lambda$new$1(EventFiringWebDriver.java:105)
	at com.sun.proxy.$Proxy10.executeScript(Unknown Source)
	at org.openqa.selenium.support.events.EventFiringWebDriver.executeScript(EventFiringWebDriver.java:229)
	at com.kms.katalon.core.webui.keyword.builtin.ExecuteJavaScriptKeyword$_executeJavascript_closure1.doCall(ExecuteJavascriptKeyword.groovy:48)
	at com.kms.katalon.core.webui.keyword.builtin.ExecuteJavaScriptKeyword$_executeJavascript_closure1.call(ExecuteJavascriptKeyword.groovy)
	at com.kms.katalon.core.webui.keyword.internal.WebUIKeywordMain.runKeyword(WebUIKeywordMain.groovy:20)
	at com.kms.katalon.core.webui.keyword.builtin.ExecuteJavaScriptKeyword.executeJavascript(ExecuteJavascriptKeyword.groovy:42)
	at com.kms.katalon.core.webui.keyword.builtin.ExecuteJavaScriptKeyword.execute(ExecuteJavascriptKeyword.groovy:37)
	at com.kms.katalon.core.keyword.internal.KeywordExecutor.executeKeywordForPlatform(KeywordExecutor.groovy:74)
	at com.kms.katalon.core.webui.keyword.WebUiBuiltInKeywords.executeJavaScript(WebUiBuiltInKeywords.groovy:4873)
	at com.kms.katalon.core.webui.keyword.WebUiBuiltInKeywords$executeJavaScript$5.call(Unknown Source)
	at Script1680129867108.run(Script1680129867108.groovy:49)
	... 13 more
)
[[ATTACHMENT|C:\\Users\\rizki\\git\\CodingID-QA\\Reports\\20230403_053856\\WEB\\REG\\20230403_053856\\1680475884499.png]]]]></system-out>
         <system-err><![CDATA[2023-04-03 05:51:12 - [TEST_CASE][FAILED] - Test Cases/Web/REG/REG-34: Test Cases/Web/REG/REG-34 FAILED.
Reason:
com.kms.katalon.core.exception.StepFailedException: Unable to verify match between actual text 'https://demo-app.online/daftar' and expected text 'https://demo-app.online/email/verify' (Root cause: com.kms.katalon.core.exception.StepFailedException: Actual text 'https://demo-app.online/daftar' and expected text 'https://demo-app.online/email/verify' are not matched
	at com.kms.katalon.core.keyword.builtin.VerifyMatchKeyword$_verifyMatch_closure1.doCall(VerifyMatchKeyword.groovy:57)
	at com.kms.katalon.core.keyword.builtin.VerifyMatchKeyword$_verifyMatch_closure1.call(VerifyMatchKeyword.groovy)
	at com.kms.katalon.core.keyword.internal.KeywordMain.runKeyword(KeywordMain.groovy:74)
	at com.kms.katalon.core.keyword.builtin.VerifyMatchKeyword.verifyMatch(VerifyMatchKeyword.groovy:60)
	at com.kms.katalon.core.keyword.builtin.VerifyMatchKeyword.execute(VerifyMatchKeyword.groovy:45)
	at com.kms.katalon.core.keyword.internal.KeywordExecutor.executeKeywordForPlatform(KeywordExecutor.groovy:74)
	at com.kms.katalon.core.keyword.BuiltinKeywords.verifyMatch(BuiltinKeywords.groovy:55)
	at REG-34.run(REG-34:44)
	at com.kms.katalon.core.main.ScriptEngine.run(ScriptEngine.java:194)
	at com.kms.katalon.core.main.ScriptEngine.runScriptAsRawText(ScriptEngine.java:119)
	at com.kms.katalon.core.main.TestCaseExecutor.runScript(TestCaseExecutor.java:448)
	at com.kms.katalon.core.main.TestCaseExecutor.doExecute(TestCaseExecutor.java:439)
	at com.kms.katalon.core.main.TestCaseExecutor.processExecutionPhase(TestCaseExecutor.java:418)
	at com.kms.katalon.core.main.TestCaseExecutor.accessMainPhase(TestCaseExecutor.java:410)
	at com.kms.katalon.core.main.TestCaseExecutor.execute(TestCaseExecutor.java:285)
	at com.kms.katalon.core.common.CommonExecutor.accessTestCaseMainPhase(CommonExecutor.java:65)
	at com.kms.katalon.core.main.TestSuiteExecutor.accessTestSuiteMainPhase(TestSuiteExecutor.java:151)
	at com.kms.katalon.core.main.TestSuiteExecutor.execute(TestSuiteExecutor.java:106)
	at com.kms.katalon.core.main.TestCaseMain.startTestSuite(TestCaseMain.java:185)
	at com.kms.katalon.core.main.TestCaseMain$startTestSuite$0.call(Unknown Source)
	at TempTestSuite1680475136875.run(TempTestSuite1680475136875.groovy:36)
)
	at com.kms.katalon.core.keyword.internal.KeywordMain.stepFailed(KeywordMain.groovy:39)
	at com.kms.katalon.core.keyword.internal.KeywordMain.stepFailed(KeywordMain.groovy)
	at com.kms.katalon.core.keyword.internal.KeywordMain.runKeyword(KeywordMain.groovy:76)
	at com.kms.katalon.core.keyword.builtin.VerifyMatchKeyword.verifyMatch(VerifyMatchKeyword.groovy:60)
	at com.kms.katalon.core.keyword.builtin.VerifyMatchKeyword.execute(VerifyMatchKeyword.groovy:45)
	at com.kms.katalon.core.keyword.internal.KeywordExecutor.executeKeywordForPlatform(KeywordExecutor.groovy:74)
	at com.kms.katalon.core.keyword.BuiltinKeywords.verifyMatch(BuiltinKeywords.groovy:55)
	at REG-34.run(REG-34:44)
	at com.kms.katalon.core.main.ScriptEngine.run(ScriptEngine.java:194)
	at com.kms.katalon.core.main.ScriptEngine.runScriptAsRawText(ScriptEngine.java:119)
	at com.kms.katalon.core.main.TestCaseExecutor.runScript(TestCaseExecutor.java:448)
	at com.kms.katalon.core.main.TestCaseExecutor.doExecute(TestCaseExecutor.java:439)
	at com.kms.katalon.core.main.TestCaseExecutor.processExecutionPhase(TestCaseExecutor.java:418)
	at com.kms.katalon.core.main.TestCaseExecutor.accessMainPhase(TestCaseExecutor.java:410)
	at com.kms.katalon.core.main.TestCaseExecutor.execute(TestCaseExecutor.java:285)
	at com.kms.katalon.core.common.CommonExecutor.accessTestCaseMainPhase(CommonExecutor.java:65)
	at com.kms.katalon.core.main.TestSuiteExecutor.accessTestSuiteMainPhase(TestSuiteExecutor.java:151)
	at com.kms.katalon.core.main.TestSuiteExecutor.execute(TestSuiteExecutor.java:106)
	at com.kms.katalon.core.main.TestCaseMain.startTestSuite(TestCaseMain.java:185)
	at com.kms.katalon.core.main.TestCaseMain$startTestSuite$0.call(Unknown Source)
	at TempTestSuite1680475136875.run(TempTestSuite1680475136875.groovy:36)
Caused by: com.kms.katalon.core.exception.StepFailedException: Actual text 'https://demo-app.online/daftar' and expected text 'https://demo-app.online/email/verify' are not matched
	at com.kms.katalon.core.keyword.builtin.VerifyMatchKeyword$_verifyMatch_closure1.doCall(VerifyMatchKeyword.groovy:57)
	at com.kms.katalon.core.keyword.builtin.VerifyMatchKeyword$_verifyMatch_closure1.call(VerifyMatchKeyword.groovy)
	at com.kms.katalon.core.keyword.internal.KeywordMain.runKeyword(KeywordMain.groovy:74)
	... 18 more]]></system-err>
      </testcase>
      <testcase name="Test Cases/Web/REG/REG-35" time="11.953" classname="Test Cases/Web/REG/REG-35" status="FAILED">
         <failure type="FAILED" message="Test Cases/Web/REG/REG-35 FAILED.
Reason:
com.kms.katalon.core.exception.StepFailedException: Unable to verify match between actual text 'https://demo-app.online/daftar' and expected text 'https://demo-app.online/email/verify' (Root cause: com.kms.katalon.core.exception.StepFailedException: Actual text 'https://demo-app.online/daftar' and expected text 'https://demo-app.online/email/verify' are not matched
	at com.kms.katalon.core.keyword.builtin.VerifyMatchKeyword$_verifyMatch_closure1.doCall(VerifyMatchKeyword.groovy:57)
	at com.kms.katalon.core.keyword.builtin.VerifyMatchKeyword$_verifyMatch_closure1.call(VerifyMatchKeyword.groovy)
	at com.kms.katalon.core.keyword.internal.KeywordMain.runKeyword(KeywordMain.groovy:74)
	at com.kms.katalon.core.keyword.builtin.VerifyMatchKeyword.verifyMatch(VerifyMatchKeyword.groovy:60)
	at com.kms.katalon.core.keyword.builtin.VerifyMatchKeyword.execute(VerifyMatchKeyword.groovy:45)
	at com.kms.katalon.core.keyword.internal.KeywordExecutor.executeKeywordForPlatform(KeywordExecutor.groovy:74)
	at com.kms.katalon.core.keyword.BuiltinKeywords.verifyMatch(BuiltinKeywords.groovy:55)
	at REG-35.run(REG-35:44)
	at com.kms.katalon.core.main.ScriptEngine.run(ScriptEngine.java:194)
	at com.kms.katalon.core.main.ScriptEngine.runScriptAsRawText(ScriptEngine.java:119)
	at com.kms.katalon.core.main.TestCaseExecutor.runScript(TestCaseExecutor.java:448)
	at com.kms.katalon.core.main.TestCaseExecutor.doExecute(TestCaseExecutor.java:439)
	at com.kms.katalon.core.main.TestCaseExecutor.processExecutionPhase(TestCaseExecutor.java:418)
	at com.kms.katalon.core.main.TestCaseExecutor.accessMainPhase(TestCaseExecutor.java:410)
	at com.kms.katalon.core.main.TestCaseExecutor.execute(TestCaseExecutor.java:285)
	at com.kms.katalon.core.common.CommonExecutor.accessTestCaseMainPhase(CommonExecutor.java:65)
	at com.kms.katalon.core.main.TestSuiteExecutor.accessTestSuiteMainPhase(TestSuiteExecutor.java:151)
	at com.kms.katalon.core.main.TestSuiteExecutor.execute(TestSuiteExecutor.java:106)
	at com.kms.katalon.core.main.TestCaseMain.startTestSuite(TestCaseMain.java:185)
	at com.kms.katalon.core.main.TestCaseMain$startTestSuite$0.call(Unknown Source)
	at TempTestSuite1680475136875.run(TempTestSuite1680475136875.groovy:36)
)
	at com.kms.katalon.core.keyword.internal.KeywordMain.stepFailed(KeywordMain.groovy:39)
	at com.kms.katalon.core.keyword.internal.KeywordMain.stepFailed(KeywordMain.groovy)
	at com.kms.katalon.core.keyword.internal.KeywordMain.runKeyword(KeywordMain.groovy:76)
	at com.kms.katalon.core.keyword.builtin.VerifyMatchKeyword.verifyMatch(VerifyMatchKeyword.groovy:60)
	at com.kms.katalon.core.keyword.builtin.VerifyMatchKeyword.execute(VerifyMatchKeyword.groovy:45)
	at com.kms.katalon.core.keyword.internal.KeywordExecutor.executeKeywordForPlatform(KeywordExecutor.groovy:74)
	at com.kms.katalon.core.keyword.BuiltinKeywords.verifyMatch(BuiltinKeywords.groovy:55)
	at REG-35.run(REG-35:44)
	at com.kms.katalon.core.main.ScriptEngine.run(ScriptEngine.java:194)
	at com.kms.katalon.core.main.ScriptEngine.runScriptAsRawText(ScriptEngine.java:119)
	at com.kms.katalon.core.main.TestCaseExecutor.runScript(TestCaseExecutor.java:448)
	at com.kms.katalon.core.main.TestCaseExecutor.doExecute(TestCaseExecutor.java:439)
	at com.kms.katalon.core.main.TestCaseExecutor.processExecutionPhase(TestCaseExecutor.java:418)
	at com.kms.katalon.core.main.TestCaseExecutor.accessMainPhase(TestCaseExecutor.java:410)
	at com.kms.katalon.core.main.TestCaseExecutor.execute(TestCaseExecutor.java:285)
	at com.kms.katalon.core.common.CommonExecutor.accessTestCaseMainPhase(CommonExecutor.java:65)
	at com.kms.katalon.core.main.TestSuiteExecutor.accessTestSuiteMainPhase(TestSuiteExecutor.java:151)
	at com.kms.katalon.core.main.TestSuiteExecutor.execute(TestSuiteExecutor.java:106)
	at com.kms.katalon.core.main.TestCaseMain.startTestSuite(TestCaseMain.java:185)
	at com.kms.katalon.core.main.TestCaseMain$startTestSuite$0.call(Unknown Source)
	at TempTestSuite1680475136875.run(TempTestSuite1680475136875.groovy:36)
Caused by: com.kms.katalon.core.exception.StepFailedException: Actual text 'https://demo-app.online/daftar' and expected text 'https://demo-app.online/email/verify' are not matched
	at com.kms.katalon.core.keyword.builtin.VerifyMatchKeyword$_verifyMatch_closure1.doCall(VerifyMatchKeyword.groovy:57)
	at com.kms.katalon.core.keyword.builtin.VerifyMatchKeyword$_verifyMatch_closure1.call(VerifyMatchKeyword.groovy)
	at com.kms.katalon.core.keyword.internal.KeywordMain.runKeyword(KeywordMain.groovy:74)
	... 18 more
"/>
         <system-out><![CDATA[2023-04-03 05:51:24 - [TEST_CASE][FAILED] - Test Cases/Web/REG/REG-35: Test Cases/Web/REG/REG-35 FAILED.
Reason:
com.kms.katalon.core.exception.StepFailedException: Unable to verify match between actual text 'https://demo-app.online/daftar' and expected text 'https://demo-app.online/email/verify' (Root cause: com.kms.katalon.core.exception.StepFailedException: Actual text 'https://demo-app.online/daftar' and expected text 'https://demo-app.online/email/verify' are not matched
	at com.kms.katalon.core.keyword.builtin.VerifyMatchKeyword$_verifyMatch_closure1.doCall(VerifyMatchKeyword.groovy:57)
	at com.kms.katalon.core.keyword.builtin.VerifyMatchKeyword$_verifyMatch_closure1.call(VerifyMatchKeyword.groovy)
	at com.kms.katalon.core.keyword.internal.KeywordMain.runKeyword(KeywordMain.groovy:74)
	at com.kms.katalon.core.keyword.builtin.VerifyMatchKeyword.verifyMatch(VerifyMatchKeyword.groovy:60)
	at com.kms.katalon.core.keyword.builtin.VerifyMatchKeyword.execute(VerifyMatchKeyword.groovy:45)
	at com.kms.katalon.core.keyword.internal.KeywordExecutor.executeKeywordForPlatform(KeywordExecutor.groovy:74)
	at com.kms.katalon.core.keyword.BuiltinKeywords.verifyMatch(BuiltinKeywords.groovy:55)
	at REG-35.run(REG-35:44)
	at com.kms.katalon.core.main.ScriptEngine.run(ScriptEngine.java:194)
	at com.kms.katalon.core.main.ScriptEngine.runScriptAsRawText(ScriptEngine.java:119)
	at com.kms.katalon.core.main.TestCaseExecutor.runScript(TestCaseExecutor.java:448)
	at com.kms.katalon.core.main.TestCaseExecutor.doExecute(TestCaseExecutor.java:439)
	at com.kms.katalon.core.main.TestCaseExecutor.processExecutionPhase(TestCaseExecutor.java:418)
	at com.kms.katalon.core.main.TestCaseExecutor.accessMainPhase(TestCaseExecutor.java:410)
	at com.kms.katalon.core.main.TestCaseExecutor.execute(TestCaseExecutor.java:285)
	at com.kms.katalon.core.common.CommonExecutor.accessTestCaseMainPhase(CommonExecutor.java:65)
	at com.kms.katalon.core.main.TestSuiteExecutor.accessTestSuiteMainPhase(TestSuiteExecutor.java:151)
	at com.kms.katalon.core.main.TestSuiteExecutor.execute(TestSuiteExecutor.java:106)
	at com.kms.katalon.core.main.TestCaseMain.startTestSuite(TestCaseMain.java:185)
	at com.kms.katalon.core.main.TestCaseMain$startTestSuite$0.call(Unknown Source)
	at TempTestSuite1680475136875.run(TempTestSuite1680475136875.groovy:36)
)
	at com.kms.katalon.core.keyword.internal.KeywordMain.stepFailed(KeywordMain.groovy:39)
	at com.kms.katalon.core.keyword.internal.KeywordMain.stepFailed(KeywordMain.groovy)
	at com.kms.katalon.core.keyword.internal.KeywordMain.runKeyword(KeywordMain.groovy:76)
	at com.kms.katalon.core.keyword.builtin.VerifyMatchKeyword.verifyMatch(VerifyMatchKeyword.groovy:60)
	at com.kms.katalon.core.keyword.builtin.VerifyMatchKeyword.execute(VerifyMatchKeyword.groovy:45)
	at com.kms.katalon.core.keyword.internal.KeywordExecutor.executeKeywordForPlatform(KeywordExecutor.groovy:74)
	at com.kms.katalon.core.keyword.BuiltinKeywords.verifyMatch(BuiltinKeywords.groovy:55)
	at REG-35.run(REG-35:44)
	at com.kms.katalon.core.main.ScriptEngine.run(ScriptEngine.java:194)
	at com.kms.katalon.core.main.ScriptEngine.runScriptAsRawText(ScriptEngine.java:119)
	at com.kms.katalon.core.main.TestCaseExecutor.runScript(TestCaseExecutor.java:448)
	at com.kms.katalon.core.main.TestCaseExecutor.doExecute(TestCaseExecutor.java:439)
	at com.kms.katalon.core.main.TestCaseExecutor.processExecutionPhase(TestCaseExecutor.java:418)
	at com.kms.katalon.core.main.TestCaseExecutor.accessMainPhase(TestCaseExecutor.java:410)
	at com.kms.katalon.core.main.TestCaseExecutor.execute(TestCaseExecutor.java:285)
	at com.kms.katalon.core.common.CommonExecutor.accessTestCaseMainPhase(CommonExecutor.java:65)
	at com.kms.katalon.core.main.TestSuiteExecutor.accessTestSuiteMainPhase(TestSuiteExecutor.java:151)
	at com.kms.katalon.core.main.TestSuiteExecutor.execute(TestSuiteExecutor.java:106)
	at com.kms.katalon.core.main.TestCaseMain.startTestSuite(TestCaseMain.java:185)
	at com.kms.katalon.core.main.TestCaseMain$startTestSuite$0.call(Unknown Source)
	at TempTestSuite1680475136875.run(TempTestSuite1680475136875.groovy:36)
Caused by: com.kms.katalon.core.exception.StepFailedException: Actual text 'https://demo-app.online/daftar' and expected text 'https://demo-app.online/email/verify' are not matched
	at com.kms.katalon.core.keyword.builtin.VerifyMatchKeyword$_verifyMatch_closure1.doCall(VerifyMatchKeyword.groovy:57)
	at com.kms.katalon.core.keyword.builtin.VerifyMatchKeyword$_verifyMatch_closure1.call(VerifyMatchKeyword.groovy)
	at com.kms.katalon.core.keyword.internal.KeywordMain.runKeyword(KeywordMain.groovy:74)
	... 18 more


2023-04-03 05:51:24 - [TEST_STEP][PASSED] - openBrowser(""): Browser is opened with url: ''

2023-04-03 05:51:24 - [MESSAGE][WARNING] - A browser is already opened. Closing browser and opening a new one

2023-04-03 05:51:25 - [MESSAGE][INFO] - Starting 'Chrome' driver

2023-04-03 05:51:25 - [MESSAGE][INFO] - Action delay is set to 0 milliseconds

2023-04-03 05:51:26 - [MESSAGE][PASSED] - Browser is opened with url: ''

2023-04-03 05:51:26 - [TEST_STEP][PASSED] - navigateToUrl("https://demo-app.online/daftar"): Navigate to 'https://demo-app.online/daftar' successfully

2023-04-03 05:51:28 - [MESSAGE][PASSED] - Navigate to 'https://demo-app.online/daftar' successfully

2023-04-03 05:51:28 - [TEST_STEP][PASSED] - setText(findTestObject("Object Repository/Web/Register/Reg_InputText_Nama"), "Rizki Khaerul Fajri"): Text 'Rizki Khaerul Fajri' is set on object 'Object Repository/Web/Register/Reg_InputText_Nama'

2023-04-03 05:51:29 - [MESSAGE][PASSED] - Text 'Rizki Khaerul Fajri' is set on object 'Object Repository/Web/Register/Reg_InputText_Nama'

2023-04-03 05:51:29 - [TEST_STEP][PASSED] - setText(findTestObject("Object Repository/Web/Register/Reg_InputText_BirthDay"), "18-Feb-1997"): Text '18-Feb-1997' is set on object 'Object Repository/Web/Register/Reg_InputText_BirthDay'

2023-04-03 05:51:30 - [MESSAGE][PASSED] - Text '18-Feb-1997' is set on object 'Object Repository/Web/Register/Reg_InputText_BirthDay'

2023-04-03 05:51:30 - [TEST_STEP][PASSED] - setText(findTestObject("Object Repository/Web/Register/Reg_InputText_Email"), "Test@Example.com"): Text 'Test@Example.com' is set on object 'Object Repository/Web/Register/Reg_InputText_Email'

2023-04-03 05:51:30 - [MESSAGE][PASSED] - Text 'Test@Example.com' is set on object 'Object Repository/Web/Register/Reg_InputText_Email'

2023-04-03 05:51:30 - [TEST_STEP][PASSED] - setText(findTestObject("Object Repository/Web/Register/Reg_InputText_Whatsapp"), "+6281123456"): Text '+6281123456' is set on object 'Object Repository/Web/Register/Reg_InputText_Whatsapp'

2023-04-03 05:51:31 - [MESSAGE][PASSED] - Text '+6281123456' is set on object 'Object Repository/Web/Register/Reg_InputText_Whatsapp'

2023-04-03 05:51:31 - [TEST_STEP][PASSED] - setText(findTestObject("Object Repository/Web/Register/Reg_InputText_KataSandi"), "testingtesting"): Text 'testingtesting' is set on object 'Object Repository/Web/Register/Reg_InputText_KataSandi'

2023-04-03 05:51:32 - [MESSAGE][PASSED] - Text 'testingtesting' is set on object 'Object Repository/Web/Register/Reg_InputText_KataSandi'

2023-04-03 05:51:32 - [TEST_STEP][PASSED] - setText(findTestObject("Object Repository/Web/Register/Reg_InputText_KonfirmasiKataSandi"), "testingtesting"): Text 'testingtesting' is set on object 'Object Repository/Web/Register/Reg_InputText_KonfirmasiKataSandi'

2023-04-03 05:51:32 - [MESSAGE][PASSED] - Text 'testingtesting' is set on object 'Object Repository/Web/Register/Reg_InputText_KonfirmasiKataSandi'

2023-04-03 05:51:32 - [TEST_STEP][PASSED] - check(findTestObject("Object Repository/Web/Register/Reg_Checkbox_SyaratDanKetentuan")): Object 'Object Repository/Web/Register/Reg_Checkbox_SyaratDanKetentuan' is checked

2023-04-03 05:51:33 - [MESSAGE][PASSED] - Object 'Object Repository/Web/Register/Reg_Checkbox_SyaratDanKetentuan' is checked

2023-04-03 05:51:33 - [TEST_STEP][PASSED] - click(findTestObject("Object Repository/Web/Register/Reg_Button_Daftar")): Object: 'Object Repository/Web/Register/Reg_Button_Daftar' is clicked on

2023-04-03 05:51:35 - [MESSAGE][PASSED] - Object: 'Object Repository/Web/Register/Reg_Button_Daftar' is clicked on

2023-04-03 05:51:35 - [TEST_STEP][PASSED] - delay(1): Delayed 1 second(s)

2023-04-03 05:51:36 - [MESSAGE][PASSED] - Delayed 1 second(s)

2023-04-03 05:51:36 - [TEST_STEP][FAILED] - verifyMatch("https://demo-app.online/daftar", getUrl(), false, CONTINUE_ON_FAILURE): Unable to verify match between actual text 'https://demo-app.online/daftar' and expected text 'https://demo-app.online/email/verify' (Root cause: com.kms.katalon.core.exception.StepFailedException: Actual text 'https://demo-app.online/daftar' and expected text 'https://demo-app.online/email/verify' are not matched
	at com.kms.katalon.core.keyword.builtin.VerifyMatchKeyword$_verifyMatch_closure1.doCall(VerifyMatchKeyword.groovy:57)
	at com.kms.katalon.core.keyword.builtin.VerifyMatchKeyword$_verifyMatch_closure1.call(VerifyMatchKeyword.groovy)
	at com.kms.katalon.core.keyword.internal.KeywordMain.runKeyword(KeywordMain.groovy:74)
	at com.kms.katalon.core.keyword.builtin.VerifyMatchKeyword.verifyMatch(VerifyMatchKeyword.groovy:60)
	at com.kms.katalon.core.keyword.builtin.VerifyMatchKeyword.execute(VerifyMatchKeyword.groovy:45)
	at com.kms.katalon.core.keyword.internal.KeywordExecutor.executeKeywordForPlatform(KeywordExecutor.groovy:74)
	at com.kms.katalon.core.keyword.BuiltinKeywords.verifyMatch(BuiltinKeywords.groovy:55)
	at REG-35.run(REG-35:44)
	at com.kms.katalon.core.main.ScriptEngine.run(ScriptEngine.java:194)
	at com.kms.katalon.core.main.ScriptEngine.runScriptAsRawText(ScriptEngine.java:119)
	at com.kms.katalon.core.main.TestCaseExecutor.runScript(TestCaseExecutor.java:448)
	at com.kms.katalon.core.main.TestCaseExecutor.doExecute(TestCaseExecutor.java:439)
	at com.kms.katalon.core.main.TestCaseExecutor.processExecutionPhase(TestCaseExecutor.java:418)
	at com.kms.katalon.core.main.TestCaseExecutor.accessMainPhase(TestCaseExecutor.java:410)
	at com.kms.katalon.core.main.TestCaseExecutor.execute(TestCaseExecutor.java:285)
	at com.kms.katalon.core.common.CommonExecutor.accessTestCaseMainPhase(CommonExecutor.java:65)
	at com.kms.katalon.core.main.TestSuiteExecutor.accessTestSuiteMainPhase(TestSuiteExecutor.java:151)
	at com.kms.katalon.core.main.TestSuiteExecutor.execute(TestSuiteExecutor.java:106)
	at com.kms.katalon.core.main.TestCaseMain.startTestSuite(TestCaseMain.java:185)
	at com.kms.katalon.core.main.TestCaseMain$startTestSuite$0.call(Unknown Source)
	at TempTestSuite1680475136875.run(TempTestSuite1680475136875.groovy:36)
)

2023-04-03 05:51:36 - [MESSAGE][PASSED] - Current window's url is: 'https://demo-app.online/email/verify'

2023-04-03 05:51:36 - [MESSAGE][FAILED] - Unable to verify match between actual text 'https://demo-app.online/daftar' and expected text 'https://demo-app.online/email/verify' (Root cause: com.kms.katalon.core.exception.StepFailedException: Actual text 'https://demo-app.online/daftar' and expected text 'https://demo-app.online/email/verify' are not matched
	at com.kms.katalon.core.keyword.builtin.VerifyMatchKeyword$_verifyMatch_closure1.doCall(VerifyMatchKeyword.groovy:57)
	at com.kms.katalon.core.keyword.builtin.VerifyMatchKeyword$_verifyMatch_closure1.call(VerifyMatchKeyword.groovy)
	at com.kms.katalon.core.keyword.internal.KeywordMain.runKeyword(KeywordMain.groovy:74)
	at com.kms.katalon.core.keyword.builtin.VerifyMatchKeyword.verifyMatch(VerifyMatchKeyword.groovy:60)
	at com.kms.katalon.core.keyword.builtin.VerifyMatchKeyword.execute(VerifyMatchKeyword.groovy:45)
	at com.kms.katalon.core.keyword.internal.KeywordExecutor.executeKeywordForPlatform(KeywordExecutor.groovy:74)
	at com.kms.katalon.core.keyword.BuiltinKeywords.verifyMatch(BuiltinKeywords.groovy:55)
	at REG-35.run(REG-35:44)
	at com.kms.katalon.core.main.ScriptEngine.run(ScriptEngine.java:194)
	at com.kms.katalon.core.main.ScriptEngine.runScriptAsRawText(ScriptEngine.java:119)
	at com.kms.katalon.core.main.TestCaseExecutor.runScript(TestCaseExecutor.java:448)
	at com.kms.katalon.core.main.TestCaseExecutor.doExecute(TestCaseExecutor.java:439)
	at com.kms.katalon.core.main.TestCaseExecutor.processExecutionPhase(TestCaseExecutor.java:418)
	at com.kms.katalon.core.main.TestCaseExecutor.accessMainPhase(TestCaseExecutor.java:410)
	at com.kms.katalon.core.main.TestCaseExecutor.execute(TestCaseExecutor.java:285)
	at com.kms.katalon.core.common.CommonExecutor.accessTestCaseMainPhase(CommonExecutor.java:65)
	at com.kms.katalon.core.main.TestSuiteExecutor.accessTestSuiteMainPhase(TestSuiteExecutor.java:151)
	at com.kms.katalon.core.main.TestSuiteExecutor.execute(TestSuiteExecutor.java:106)
	at com.kms.katalon.core.main.TestCaseMain.startTestSuite(TestCaseMain.java:185)
	at com.kms.katalon.core.main.TestCaseMain$startTestSuite$0.call(Unknown Source)
	at TempTestSuite1680475136875.run(TempTestSuite1680475136875.groovy:36)
)

2023-04-03 05:51:36 - [TEST_STEP][PASSED] - println("After verification"): null

2023-04-03 05:51:36 - [TEST_STEP][FAILED] - isValid = executeJavaScript("document.getElementById("whatsapp").reportValidity();", null): Unable to execute JavaScript. (Root cause: com.kms.katalon.core.exception.StepFailedException: Unable to execute JavaScript.
	at com.kms.katalon.core.webui.keyword.internal.WebUIKeywordMain.stepFailed(WebUIKeywordMain.groovy:64)
	at com.kms.katalon.core.webui.keyword.internal.WebUIKeywordMain.runKeyword(WebUIKeywordMain.groovy:26)
	at com.kms.katalon.core.webui.keyword.builtin.ExecuteJavaScriptKeyword.executeJavascript(ExecuteJavascriptKeyword.groovy:42)
	at com.kms.katalon.core.webui.keyword.builtin.ExecuteJavaScriptKeyword.execute(ExecuteJavascriptKeyword.groovy:37)
	at com.kms.katalon.core.keyword.internal.KeywordExecutor.executeKeywordForPlatform(KeywordExecutor.groovy:74)
	at com.kms.katalon.core.webui.keyword.WebUiBuiltInKeywords.executeJavaScript(WebUiBuiltInKeywords.groovy:4873)
	at com.kms.katalon.core.webui.keyword.WebUiBuiltInKeywords$executeJavaScript$5.call(Unknown Source)
	at REG-35.run(REG-35:49)
	at com.kms.katalon.core.main.ScriptEngine.run(ScriptEngine.java:194)
	at com.kms.katalon.core.main.ScriptEngine.runScriptAsRawText(ScriptEngine.java:119)
	at com.kms.katalon.core.main.TestCaseExecutor.runScript(TestCaseExecutor.java:448)
	at com.kms.katalon.core.main.TestCaseExecutor.doExecute(TestCaseExecutor.java:439)
	at com.kms.katalon.core.main.TestCaseExecutor.processExecutionPhase(TestCaseExecutor.java:418)
	at com.kms.katalon.core.main.TestCaseExecutor.accessMainPhase(TestCaseExecutor.java:410)
	at com.kms.katalon.core.main.TestCaseExecutor.execute(TestCaseExecutor.java:285)
	at com.kms.katalon.core.common.CommonExecutor.accessTestCaseMainPhase(CommonExecutor.java:65)
	at com.kms.katalon.core.main.TestSuiteExecutor.accessTestSuiteMainPhase(TestSuiteExecutor.java:151)
	at com.kms.katalon.core.main.TestSuiteExecutor.execute(TestSuiteExecutor.java:106)
	at com.kms.katalon.core.main.TestCaseMain.startTestSuite(TestCaseMain.java:185)
	at com.kms.katalon.core.main.TestCaseMain$startTestSuite$0.call(Unknown Source)
	at TempTestSuite1680475136875.run(TempTestSuite1680475136875.groovy:36)
Caused by: org.openqa.selenium.JavascriptException: javascript error: Cannot read properties of null (reading 'reportValidity')
  (Session info: chrome=111.0.5563.147)
Build info: version: '3.141.59', revision: 'e82be7d358', time: '2018-11-14T08:25:53'
System info: host: 'RED', ip: '192.168.203.1', os.name: 'Windows 10', os.arch: 'amd64', os.version: '10.0', java.version: '1.8.0_282'
Driver info: com.kms.katalon.selenium.driver.CChromeDriver
Capabilities {acceptInsecureCerts: false, browserName: chrome, browserVersion: 111.0.5563.147, chrome: {chromedriverVersion: 111.0.5563.64 (c710e93d5b63..., userDataDir: C:\Users\rizki\AppData\Loca...}, goog:chromeOptions: {debuggerAddress: localhost:56186}, javascriptEnabled: true, networkConnectionEnabled: false, pageLoadStrategy: normal, platform: WINDOWS, platformName: WINDOWS, proxy: Proxy(), setWindowRect: true, strictFileInteractability: false, timeouts: {implicit: 0, pageLoad: 300000, script: 30000}, unhandledPromptBehavior: dismiss and notify, webauthn:extension:credBlob: true, webauthn:extension:largeBlob: true, webauthn:extension:minPinLength: true, webauthn:extension:prf: true, webauthn:virtualAuthenticators: true}
Session ID: dcdbe8c5acad145c2fabb2e5df8db842
	at org.openqa.selenium.remote.http.W3CHttpResponseCodec.createException(W3CHttpResponseCodec.java:187)
	at org.openqa.selenium.remote.http.W3CHttpResponseCodec.decode(W3CHttpResponseCodec.java:122)
	at org.openqa.selenium.remote.http.W3CHttpResponseCodec.decode(W3CHttpResponseCodec.java:49)
	at org.openqa.selenium.remote.HttpCommandExecutor.execute(HttpCommandExecutor.java:158)
	at org.openqa.selenium.remote.service.DriverCommandExecutor.execute(DriverCommandExecutor.java:83)
	at org.openqa.selenium.remote.RemoteWebDriver.execute(RemoteWebDriver.java:552)
	at com.kms.katalon.selenium.driver.CChromeDriver.execute(CChromeDriver.java:19)
	at org.openqa.selenium.remote.RemoteWebDriver.executeScript(RemoteWebDriver.java:489)
	at org.openqa.selenium.support.events.EventFiringWebDriver.lambda$new$1(EventFiringWebDriver.java:105)
	at com.sun.proxy.$Proxy10.executeScript(Unknown Source)
	at org.openqa.selenium.support.events.EventFiringWebDriver.executeScript(EventFiringWebDriver.java:229)
	at com.kms.katalon.core.webui.keyword.builtin.ExecuteJavaScriptKeyword$_executeJavascript_closure1.doCall(ExecuteJavascriptKeyword.groovy:48)
	at com.kms.katalon.core.webui.keyword.builtin.ExecuteJavaScriptKeyword$_executeJavascript_closure1.call(ExecuteJavascriptKeyword.groovy)
	at com.kms.katalon.core.webui.keyword.internal.WebUIKeywordMain.runKeyword(WebUIKeywordMain.groovy:20)
	at com.kms.katalon.core.webui.keyword.builtin.ExecuteJavaScriptKeyword.executeJavascript(ExecuteJavascriptKeyword.groovy:42)
	at com.kms.katalon.core.webui.keyword.builtin.ExecuteJavaScriptKeyword.execute(ExecuteJavascriptKeyword.groovy:37)
	at com.kms.katalon.core.keyword.internal.KeywordExecutor.executeKeywordForPlatform(KeywordExecutor.groovy:74)
	at com.kms.katalon.core.webui.keyword.WebUiBuiltInKeywords.executeJavaScript(WebUiBuiltInKeywords.groovy:4873)
	at com.kms.katalon.core.webui.keyword.WebUiBuiltInKeywords$executeJavaScript$5.call(Unknown Source)
	at Script1680130061764.run(Script1680130061764.groovy:49)
	... 13 more
)

2023-04-03 05:51:36 - [MESSAGE][FAILED] - Unable to execute JavaScript. (Root cause: com.kms.katalon.core.exception.StepFailedException: Unable to execute JavaScript.
	at com.kms.katalon.core.webui.keyword.internal.WebUIKeywordMain.stepFailed(WebUIKeywordMain.groovy:64)
	at com.kms.katalon.core.webui.keyword.internal.WebUIKeywordMain.runKeyword(WebUIKeywordMain.groovy:26)
	at com.kms.katalon.core.webui.keyword.builtin.ExecuteJavaScriptKeyword.executeJavascript(ExecuteJavascriptKeyword.groovy:42)
	at com.kms.katalon.core.webui.keyword.builtin.ExecuteJavaScriptKeyword.execute(ExecuteJavascriptKeyword.groovy:37)
	at com.kms.katalon.core.keyword.internal.KeywordExecutor.executeKeywordForPlatform(KeywordExecutor.groovy:74)
	at com.kms.katalon.core.webui.keyword.WebUiBuiltInKeywords.executeJavaScript(WebUiBuiltInKeywords.groovy:4873)
	at com.kms.katalon.core.webui.keyword.WebUiBuiltInKeywords$executeJavaScript$5.call(Unknown Source)
	at REG-35.run(REG-35:49)
	at com.kms.katalon.core.main.ScriptEngine.run(ScriptEngine.java:194)
	at com.kms.katalon.core.main.ScriptEngine.runScriptAsRawText(ScriptEngine.java:119)
	at com.kms.katalon.core.main.TestCaseExecutor.runScript(TestCaseExecutor.java:448)
	at com.kms.katalon.core.main.TestCaseExecutor.doExecute(TestCaseExecutor.java:439)
	at com.kms.katalon.core.main.TestCaseExecutor.processExecutionPhase(TestCaseExecutor.java:418)
	at com.kms.katalon.core.main.TestCaseExecutor.accessMainPhase(TestCaseExecutor.java:410)
	at com.kms.katalon.core.main.TestCaseExecutor.execute(TestCaseExecutor.java:285)
	at com.kms.katalon.core.common.CommonExecutor.accessTestCaseMainPhase(CommonExecutor.java:65)
	at com.kms.katalon.core.main.TestSuiteExecutor.accessTestSuiteMainPhase(TestSuiteExecutor.java:151)
	at com.kms.katalon.core.main.TestSuiteExecutor.execute(TestSuiteExecutor.java:106)
	at com.kms.katalon.core.main.TestCaseMain.startTestSuite(TestCaseMain.java:185)
	at com.kms.katalon.core.main.TestCaseMain$startTestSuite$0.call(Unknown Source)
	at TempTestSuite1680475136875.run(TempTestSuite1680475136875.groovy:36)
Caused by: org.openqa.selenium.JavascriptException: javascript error: Cannot read properties of null (reading 'reportValidity')
  (Session info: chrome=111.0.5563.147)
Build info: version: '3.141.59', revision: 'e82be7d358', time: '2018-11-14T08:25:53'
System info: host: 'RED', ip: '192.168.203.1', os.name: 'Windows 10', os.arch: 'amd64', os.version: '10.0', java.version: '1.8.0_282'
Driver info: com.kms.katalon.selenium.driver.CChromeDriver
Capabilities {acceptInsecureCerts: false, browserName: chrome, browserVersion: 111.0.5563.147, chrome: {chromedriverVersion: 111.0.5563.64 (c710e93d5b63..., userDataDir: C:\Users\rizki\AppData\Loca...}, goog:chromeOptions: {debuggerAddress: localhost:56186}, javascriptEnabled: true, networkConnectionEnabled: false, pageLoadStrategy: normal, platform: WINDOWS, platformName: WINDOWS, proxy: Proxy(), setWindowRect: true, strictFileInteractability: false, timeouts: {implicit: 0, pageLoad: 300000, script: 30000}, unhandledPromptBehavior: dismiss and notify, webauthn:extension:credBlob: true, webauthn:extension:largeBlob: true, webauthn:extension:minPinLength: true, webauthn:extension:prf: true, webauthn:virtualAuthenticators: true}
Session ID: dcdbe8c5acad145c2fabb2e5df8db842
	at org.openqa.selenium.remote.http.W3CHttpResponseCodec.createException(W3CHttpResponseCodec.java:187)
	at org.openqa.selenium.remote.http.W3CHttpResponseCodec.decode(W3CHttpResponseCodec.java:122)
	at org.openqa.selenium.remote.http.W3CHttpResponseCodec.decode(W3CHttpResponseCodec.java:49)
	at org.openqa.selenium.remote.HttpCommandExecutor.execute(HttpCommandExecutor.java:158)
	at org.openqa.selenium.remote.service.DriverCommandExecutor.execute(DriverCommandExecutor.java:83)
	at org.openqa.selenium.remote.RemoteWebDriver.execute(RemoteWebDriver.java:552)
	at com.kms.katalon.selenium.driver.CChromeDriver.execute(CChromeDriver.java:19)
	at org.openqa.selenium.remote.RemoteWebDriver.executeScript(RemoteWebDriver.java:489)
	at org.openqa.selenium.support.events.EventFiringWebDriver.lambda$new$1(EventFiringWebDriver.java:105)
	at com.sun.proxy.$Proxy10.executeScript(Unknown Source)
	at org.openqa.selenium.support.events.EventFiringWebDriver.executeScript(EventFiringWebDriver.java:229)
	at com.kms.katalon.core.webui.keyword.builtin.ExecuteJavaScriptKeyword$_executeJavascript_closure1.doCall(ExecuteJavascriptKeyword.groovy:48)
	at com.kms.katalon.core.webui.keyword.builtin.ExecuteJavaScriptKeyword$_executeJavascript_closure1.call(ExecuteJavascriptKeyword.groovy)
	at com.kms.katalon.core.webui.keyword.internal.WebUIKeywordMain.runKeyword(WebUIKeywordMain.groovy:20)
	at com.kms.katalon.core.webui.keyword.builtin.ExecuteJavaScriptKeyword.executeJavascript(ExecuteJavascriptKeyword.groovy:42)
	at com.kms.katalon.core.webui.keyword.builtin.ExecuteJavaScriptKeyword.execute(ExecuteJavascriptKeyword.groovy:37)
	at com.kms.katalon.core.keyword.internal.KeywordExecutor.executeKeywordForPlatform(KeywordExecutor.groovy:74)
	at com.kms.katalon.core.webui.keyword.WebUiBuiltInKeywords.executeJavaScript(WebUiBuiltInKeywords.groovy:4873)
	at com.kms.katalon.core.webui.keyword.WebUiBuiltInKeywords$executeJavaScript$5.call(Unknown Source)
	at Script1680130061764.run(Script1680130061764.groovy:49)
	... 13 more
)
[[ATTACHMENT|C:\\Users\\rizki\\git\\CodingID-QA\\Reports\\20230403_053856\\WEB\\REG\\20230403_053856\\1680475896446.png]]]]></system-out>
         <system-err><![CDATA[2023-04-03 05:51:24 - [TEST_CASE][FAILED] - Test Cases/Web/REG/REG-35: Test Cases/Web/REG/REG-35 FAILED.
Reason:
com.kms.katalon.core.exception.StepFailedException: Unable to verify match between actual text 'https://demo-app.online/daftar' and expected text 'https://demo-app.online/email/verify' (Root cause: com.kms.katalon.core.exception.StepFailedException: Actual text 'https://demo-app.online/daftar' and expected text 'https://demo-app.online/email/verify' are not matched
	at com.kms.katalon.core.keyword.builtin.VerifyMatchKeyword$_verifyMatch_closure1.doCall(VerifyMatchKeyword.groovy:57)
	at com.kms.katalon.core.keyword.builtin.VerifyMatchKeyword$_verifyMatch_closure1.call(VerifyMatchKeyword.groovy)
	at com.kms.katalon.core.keyword.internal.KeywordMain.runKeyword(KeywordMain.groovy:74)
	at com.kms.katalon.core.keyword.builtin.VerifyMatchKeyword.verifyMatch(VerifyMatchKeyword.groovy:60)
	at com.kms.katalon.core.keyword.builtin.VerifyMatchKeyword.execute(VerifyMatchKeyword.groovy:45)
	at com.kms.katalon.core.keyword.internal.KeywordExecutor.executeKeywordForPlatform(KeywordExecutor.groovy:74)
	at com.kms.katalon.core.keyword.BuiltinKeywords.verifyMatch(BuiltinKeywords.groovy:55)
	at REG-35.run(REG-35:44)
	at com.kms.katalon.core.main.ScriptEngine.run(ScriptEngine.java:194)
	at com.kms.katalon.core.main.ScriptEngine.runScriptAsRawText(ScriptEngine.java:119)
	at com.kms.katalon.core.main.TestCaseExecutor.runScript(TestCaseExecutor.java:448)
	at com.kms.katalon.core.main.TestCaseExecutor.doExecute(TestCaseExecutor.java:439)
	at com.kms.katalon.core.main.TestCaseExecutor.processExecutionPhase(TestCaseExecutor.java:418)
	at com.kms.katalon.core.main.TestCaseExecutor.accessMainPhase(TestCaseExecutor.java:410)
	at com.kms.katalon.core.main.TestCaseExecutor.execute(TestCaseExecutor.java:285)
	at com.kms.katalon.core.common.CommonExecutor.accessTestCaseMainPhase(CommonExecutor.java:65)
	at com.kms.katalon.core.main.TestSuiteExecutor.accessTestSuiteMainPhase(TestSuiteExecutor.java:151)
	at com.kms.katalon.core.main.TestSuiteExecutor.execute(TestSuiteExecutor.java:106)
	at com.kms.katalon.core.main.TestCaseMain.startTestSuite(TestCaseMain.java:185)
	at com.kms.katalon.core.main.TestCaseMain$startTestSuite$0.call(Unknown Source)
	at TempTestSuite1680475136875.run(TempTestSuite1680475136875.groovy:36)
)
	at com.kms.katalon.core.keyword.internal.KeywordMain.stepFailed(KeywordMain.groovy:39)
	at com.kms.katalon.core.keyword.internal.KeywordMain.stepFailed(KeywordMain.groovy)
	at com.kms.katalon.core.keyword.internal.KeywordMain.runKeyword(KeywordMain.groovy:76)
	at com.kms.katalon.core.keyword.builtin.VerifyMatchKeyword.verifyMatch(VerifyMatchKeyword.groovy:60)
	at com.kms.katalon.core.keyword.builtin.VerifyMatchKeyword.execute(VerifyMatchKeyword.groovy:45)
	at com.kms.katalon.core.keyword.internal.KeywordExecutor.executeKeywordForPlatform(KeywordExecutor.groovy:74)
	at com.kms.katalon.core.keyword.BuiltinKeywords.verifyMatch(BuiltinKeywords.groovy:55)
	at REG-35.run(REG-35:44)
	at com.kms.katalon.core.main.ScriptEngine.run(ScriptEngine.java:194)
	at com.kms.katalon.core.main.ScriptEngine.runScriptAsRawText(ScriptEngine.java:119)
	at com.kms.katalon.core.main.TestCaseExecutor.runScript(TestCaseExecutor.java:448)
	at com.kms.katalon.core.main.TestCaseExecutor.doExecute(TestCaseExecutor.java:439)
	at com.kms.katalon.core.main.TestCaseExecutor.processExecutionPhase(TestCaseExecutor.java:418)
	at com.kms.katalon.core.main.TestCaseExecutor.accessMainPhase(TestCaseExecutor.java:410)
	at com.kms.katalon.core.main.TestCaseExecutor.execute(TestCaseExecutor.java:285)
	at com.kms.katalon.core.common.CommonExecutor.accessTestCaseMainPhase(CommonExecutor.java:65)
	at com.kms.katalon.core.main.TestSuiteExecutor.accessTestSuiteMainPhase(TestSuiteExecutor.java:151)
	at com.kms.katalon.core.main.TestSuiteExecutor.execute(TestSuiteExecutor.java:106)
	at com.kms.katalon.core.main.TestCaseMain.startTestSuite(TestCaseMain.java:185)
	at com.kms.katalon.core.main.TestCaseMain$startTestSuite$0.call(Unknown Source)
	at TempTestSuite1680475136875.run(TempTestSuite1680475136875.groovy:36)
Caused by: com.kms.katalon.core.exception.StepFailedException: Actual text 'https://demo-app.online/daftar' and expected text 'https://demo-app.online/email/verify' are not matched
	at com.kms.katalon.core.keyword.builtin.VerifyMatchKeyword$_verifyMatch_closure1.doCall(VerifyMatchKeyword.groovy:57)
	at com.kms.katalon.core.keyword.builtin.VerifyMatchKeyword$_verifyMatch_closure1.call(VerifyMatchKeyword.groovy)
	at com.kms.katalon.core.keyword.internal.KeywordMain.runKeyword(KeywordMain.groovy:74)
	... 18 more]]></system-err>
      </testcase>
      <testcase name="Test Cases/Web/REG/REG-36" time="12.259" classname="Test Cases/Web/REG/REG-36" status="FAILED">
         <failure type="FAILED" message="Test Cases/Web/REG/REG-36 FAILED.
Reason:
com.kms.katalon.core.exception.StepFailedException: Unable to verify match between actual text 'https://demo-app.online/daftar' and expected text 'https://demo-app.online/email/verify' (Root cause: com.kms.katalon.core.exception.StepFailedException: Actual text 'https://demo-app.online/daftar' and expected text 'https://demo-app.online/email/verify' are not matched
	at com.kms.katalon.core.keyword.builtin.VerifyMatchKeyword$_verifyMatch_closure1.doCall(VerifyMatchKeyword.groovy:57)
	at com.kms.katalon.core.keyword.builtin.VerifyMatchKeyword$_verifyMatch_closure1.call(VerifyMatchKeyword.groovy)
	at com.kms.katalon.core.keyword.internal.KeywordMain.runKeyword(KeywordMain.groovy:74)
	at com.kms.katalon.core.keyword.builtin.VerifyMatchKeyword.verifyMatch(VerifyMatchKeyword.groovy:60)
	at com.kms.katalon.core.keyword.builtin.VerifyMatchKeyword.execute(VerifyMatchKeyword.groovy:45)
	at com.kms.katalon.core.keyword.internal.KeywordExecutor.executeKeywordForPlatform(KeywordExecutor.groovy:74)
	at com.kms.katalon.core.keyword.BuiltinKeywords.verifyMatch(BuiltinKeywords.groovy:55)
	at REG-36.run(REG-36:44)
	at com.kms.katalon.core.main.ScriptEngine.run(ScriptEngine.java:194)
	at com.kms.katalon.core.main.ScriptEngine.runScriptAsRawText(ScriptEngine.java:119)
	at com.kms.katalon.core.main.TestCaseExecutor.runScript(TestCaseExecutor.java:448)
	at com.kms.katalon.core.main.TestCaseExecutor.doExecute(TestCaseExecutor.java:439)
	at com.kms.katalon.core.main.TestCaseExecutor.processExecutionPhase(TestCaseExecutor.java:418)
	at com.kms.katalon.core.main.TestCaseExecutor.accessMainPhase(TestCaseExecutor.java:410)
	at com.kms.katalon.core.main.TestCaseExecutor.execute(TestCaseExecutor.java:285)
	at com.kms.katalon.core.common.CommonExecutor.accessTestCaseMainPhase(CommonExecutor.java:65)
	at com.kms.katalon.core.main.TestSuiteExecutor.accessTestSuiteMainPhase(TestSuiteExecutor.java:151)
	at com.kms.katalon.core.main.TestSuiteExecutor.execute(TestSuiteExecutor.java:106)
	at com.kms.katalon.core.main.TestCaseMain.startTestSuite(TestCaseMain.java:185)
	at com.kms.katalon.core.main.TestCaseMain$startTestSuite$0.call(Unknown Source)
	at TempTestSuite1680475136875.run(TempTestSuite1680475136875.groovy:36)
)
	at com.kms.katalon.core.keyword.internal.KeywordMain.stepFailed(KeywordMain.groovy:39)
	at com.kms.katalon.core.keyword.internal.KeywordMain.stepFailed(KeywordMain.groovy)
	at com.kms.katalon.core.keyword.internal.KeywordMain.runKeyword(KeywordMain.groovy:76)
	at com.kms.katalon.core.keyword.builtin.VerifyMatchKeyword.verifyMatch(VerifyMatchKeyword.groovy:60)
	at com.kms.katalon.core.keyword.builtin.VerifyMatchKeyword.execute(VerifyMatchKeyword.groovy:45)
	at com.kms.katalon.core.keyword.internal.KeywordExecutor.executeKeywordForPlatform(KeywordExecutor.groovy:74)
	at com.kms.katalon.core.keyword.BuiltinKeywords.verifyMatch(BuiltinKeywords.groovy:55)
	at REG-36.run(REG-36:44)
	at com.kms.katalon.core.main.ScriptEngine.run(ScriptEngine.java:194)
	at com.kms.katalon.core.main.ScriptEngine.runScriptAsRawText(ScriptEngine.java:119)
	at com.kms.katalon.core.main.TestCaseExecutor.runScript(TestCaseExecutor.java:448)
	at com.kms.katalon.core.main.TestCaseExecutor.doExecute(TestCaseExecutor.java:439)
	at com.kms.katalon.core.main.TestCaseExecutor.processExecutionPhase(TestCaseExecutor.java:418)
	at com.kms.katalon.core.main.TestCaseExecutor.accessMainPhase(TestCaseExecutor.java:410)
	at com.kms.katalon.core.main.TestCaseExecutor.execute(TestCaseExecutor.java:285)
	at com.kms.katalon.core.common.CommonExecutor.accessTestCaseMainPhase(CommonExecutor.java:65)
	at com.kms.katalon.core.main.TestSuiteExecutor.accessTestSuiteMainPhase(TestSuiteExecutor.java:151)
	at com.kms.katalon.core.main.TestSuiteExecutor.execute(TestSuiteExecutor.java:106)
	at com.kms.katalon.core.main.TestCaseMain.startTestSuite(TestCaseMain.java:185)
	at com.kms.katalon.core.main.TestCaseMain$startTestSuite$0.call(Unknown Source)
	at TempTestSuite1680475136875.run(TempTestSuite1680475136875.groovy:36)
Caused by: com.kms.katalon.core.exception.StepFailedException: Actual text 'https://demo-app.online/daftar' and expected text 'https://demo-app.online/email/verify' are not matched
	at com.kms.katalon.core.keyword.builtin.VerifyMatchKeyword$_verifyMatch_closure1.doCall(VerifyMatchKeyword.groovy:57)
	at com.kms.katalon.core.keyword.builtin.VerifyMatchKeyword$_verifyMatch_closure1.call(VerifyMatchKeyword.groovy)
	at com.kms.katalon.core.keyword.internal.KeywordMain.runKeyword(KeywordMain.groovy:74)
	... 18 more
"/>
         <system-out><![CDATA[2023-04-03 05:51:36 - [TEST_CASE][FAILED] - Test Cases/Web/REG/REG-36: Test Cases/Web/REG/REG-36 FAILED.
Reason:
com.kms.katalon.core.exception.StepFailedException: Unable to verify match between actual text 'https://demo-app.online/daftar' and expected text 'https://demo-app.online/email/verify' (Root cause: com.kms.katalon.core.exception.StepFailedException: Actual text 'https://demo-app.online/daftar' and expected text 'https://demo-app.online/email/verify' are not matched
	at com.kms.katalon.core.keyword.builtin.VerifyMatchKeyword$_verifyMatch_closure1.doCall(VerifyMatchKeyword.groovy:57)
	at com.kms.katalon.core.keyword.builtin.VerifyMatchKeyword$_verifyMatch_closure1.call(VerifyMatchKeyword.groovy)
	at com.kms.katalon.core.keyword.internal.KeywordMain.runKeyword(KeywordMain.groovy:74)
	at com.kms.katalon.core.keyword.builtin.VerifyMatchKeyword.verifyMatch(VerifyMatchKeyword.groovy:60)
	at com.kms.katalon.core.keyword.builtin.VerifyMatchKeyword.execute(VerifyMatchKeyword.groovy:45)
	at com.kms.katalon.core.keyword.internal.KeywordExecutor.executeKeywordForPlatform(KeywordExecutor.groovy:74)
	at com.kms.katalon.core.keyword.BuiltinKeywords.verifyMatch(BuiltinKeywords.groovy:55)
	at REG-36.run(REG-36:44)
	at com.kms.katalon.core.main.ScriptEngine.run(ScriptEngine.java:194)
	at com.kms.katalon.core.main.ScriptEngine.runScriptAsRawText(ScriptEngine.java:119)
	at com.kms.katalon.core.main.TestCaseExecutor.runScript(TestCaseExecutor.java:448)
	at com.kms.katalon.core.main.TestCaseExecutor.doExecute(TestCaseExecutor.java:439)
	at com.kms.katalon.core.main.TestCaseExecutor.processExecutionPhase(TestCaseExecutor.java:418)
	at com.kms.katalon.core.main.TestCaseExecutor.accessMainPhase(TestCaseExecutor.java:410)
	at com.kms.katalon.core.main.TestCaseExecutor.execute(TestCaseExecutor.java:285)
	at com.kms.katalon.core.common.CommonExecutor.accessTestCaseMainPhase(CommonExecutor.java:65)
	at com.kms.katalon.core.main.TestSuiteExecutor.accessTestSuiteMainPhase(TestSuiteExecutor.java:151)
	at com.kms.katalon.core.main.TestSuiteExecutor.execute(TestSuiteExecutor.java:106)
	at com.kms.katalon.core.main.TestCaseMain.startTestSuite(TestCaseMain.java:185)
	at com.kms.katalon.core.main.TestCaseMain$startTestSuite$0.call(Unknown Source)
	at TempTestSuite1680475136875.run(TempTestSuite1680475136875.groovy:36)
)
	at com.kms.katalon.core.keyword.internal.KeywordMain.stepFailed(KeywordMain.groovy:39)
	at com.kms.katalon.core.keyword.internal.KeywordMain.stepFailed(KeywordMain.groovy)
	at com.kms.katalon.core.keyword.internal.KeywordMain.runKeyword(KeywordMain.groovy:76)
	at com.kms.katalon.core.keyword.builtin.VerifyMatchKeyword.verifyMatch(VerifyMatchKeyword.groovy:60)
	at com.kms.katalon.core.keyword.builtin.VerifyMatchKeyword.execute(VerifyMatchKeyword.groovy:45)
	at com.kms.katalon.core.keyword.internal.KeywordExecutor.executeKeywordForPlatform(KeywordExecutor.groovy:74)
	at com.kms.katalon.core.keyword.BuiltinKeywords.verifyMatch(BuiltinKeywords.groovy:55)
	at REG-36.run(REG-36:44)
	at com.kms.katalon.core.main.ScriptEngine.run(ScriptEngine.java:194)
	at com.kms.katalon.core.main.ScriptEngine.runScriptAsRawText(ScriptEngine.java:119)
	at com.kms.katalon.core.main.TestCaseExecutor.runScript(TestCaseExecutor.java:448)
	at com.kms.katalon.core.main.TestCaseExecutor.doExecute(TestCaseExecutor.java:439)
	at com.kms.katalon.core.main.TestCaseExecutor.processExecutionPhase(TestCaseExecutor.java:418)
	at com.kms.katalon.core.main.TestCaseExecutor.accessMainPhase(TestCaseExecutor.java:410)
	at com.kms.katalon.core.main.TestCaseExecutor.execute(TestCaseExecutor.java:285)
	at com.kms.katalon.core.common.CommonExecutor.accessTestCaseMainPhase(CommonExecutor.java:65)
	at com.kms.katalon.core.main.TestSuiteExecutor.accessTestSuiteMainPhase(TestSuiteExecutor.java:151)
	at com.kms.katalon.core.main.TestSuiteExecutor.execute(TestSuiteExecutor.java:106)
	at com.kms.katalon.core.main.TestCaseMain.startTestSuite(TestCaseMain.java:185)
	at com.kms.katalon.core.main.TestCaseMain$startTestSuite$0.call(Unknown Source)
	at TempTestSuite1680475136875.run(TempTestSuite1680475136875.groovy:36)
Caused by: com.kms.katalon.core.exception.StepFailedException: Actual text 'https://demo-app.online/daftar' and expected text 'https://demo-app.online/email/verify' are not matched
	at com.kms.katalon.core.keyword.builtin.VerifyMatchKeyword$_verifyMatch_closure1.doCall(VerifyMatchKeyword.groovy:57)
	at com.kms.katalon.core.keyword.builtin.VerifyMatchKeyword$_verifyMatch_closure1.call(VerifyMatchKeyword.groovy)
	at com.kms.katalon.core.keyword.internal.KeywordMain.runKeyword(KeywordMain.groovy:74)
	... 18 more


2023-04-03 05:51:36 - [TEST_STEP][PASSED] - openBrowser(""): Browser is opened with url: ''

2023-04-03 05:51:36 - [MESSAGE][WARNING] - A browser is already opened. Closing browser and opening a new one

2023-04-03 05:51:37 - [MESSAGE][INFO] - Starting 'Chrome' driver

2023-04-03 05:51:37 - [MESSAGE][INFO] - Action delay is set to 0 milliseconds

2023-04-03 05:51:38 - [MESSAGE][PASSED] - Browser is opened with url: ''

2023-04-03 05:51:38 - [TEST_STEP][PASSED] - navigateToUrl("https://demo-app.online/daftar"): Navigate to 'https://demo-app.online/daftar' successfully

2023-04-03 05:51:40 - [MESSAGE][PASSED] - Navigate to 'https://demo-app.online/daftar' successfully

2023-04-03 05:51:40 - [TEST_STEP][PASSED] - setText(findTestObject("Object Repository/Web/Register/Reg_InputText_Nama"), "Rizki Khaerul Fajri"): Text 'Rizki Khaerul Fajri' is set on object 'Object Repository/Web/Register/Reg_InputText_Nama'

2023-04-03 05:51:41 - [MESSAGE][PASSED] - Text 'Rizki Khaerul Fajri' is set on object 'Object Repository/Web/Register/Reg_InputText_Nama'

2023-04-03 05:51:41 - [TEST_STEP][PASSED] - setText(findTestObject("Object Repository/Web/Register/Reg_InputText_BirthDay"), "18-Feb-1997"): Text '18-Feb-1997' is set on object 'Object Repository/Web/Register/Reg_InputText_BirthDay'

2023-04-03 05:51:42 - [MESSAGE][PASSED] - Text '18-Feb-1997' is set on object 'Object Repository/Web/Register/Reg_InputText_BirthDay'

2023-04-03 05:51:42 - [TEST_STEP][PASSED] - setText(findTestObject("Object Repository/Web/Register/Reg_InputText_Email"), "Test@Example.com"): Text 'Test@Example.com' is set on object 'Object Repository/Web/Register/Reg_InputText_Email'

2023-04-03 05:51:43 - [MESSAGE][PASSED] - Text 'Test@Example.com' is set on object 'Object Repository/Web/Register/Reg_InputText_Email'

2023-04-03 05:51:43 - [TEST_STEP][PASSED] - setText(findTestObject("Object Repository/Web/Register/Reg_InputText_Whatsapp"), "08112345678910"): Text '08112345678910' is set on object 'Object Repository/Web/Register/Reg_InputText_Whatsapp'

2023-04-03 05:51:43 - [MESSAGE][PASSED] - Text '08112345678910' is set on object 'Object Repository/Web/Register/Reg_InputText_Whatsapp'

2023-04-03 05:51:43 - [TEST_STEP][PASSED] - setText(findTestObject("Object Repository/Web/Register/Reg_InputText_KataSandi"), "testingtesting"): Text 'testingtesting' is set on object 'Object Repository/Web/Register/Reg_InputText_KataSandi'

2023-04-03 05:51:44 - [MESSAGE][PASSED] - Text 'testingtesting' is set on object 'Object Repository/Web/Register/Reg_InputText_KataSandi'

2023-04-03 05:51:44 - [TEST_STEP][PASSED] - setText(findTestObject("Object Repository/Web/Register/Reg_InputText_KonfirmasiKataSandi"), "testingtesting"): Text 'testingtesting' is set on object 'Object Repository/Web/Register/Reg_InputText_KonfirmasiKataSandi'

2023-04-03 05:51:45 - [MESSAGE][PASSED] - Text 'testingtesting' is set on object 'Object Repository/Web/Register/Reg_InputText_KonfirmasiKataSandi'

2023-04-03 05:51:45 - [TEST_STEP][PASSED] - check(findTestObject("Object Repository/Web/Register/Reg_Checkbox_SyaratDanKetentuan")): Object 'Object Repository/Web/Register/Reg_Checkbox_SyaratDanKetentuan' is checked

2023-04-03 05:51:45 - [MESSAGE][PASSED] - Object 'Object Repository/Web/Register/Reg_Checkbox_SyaratDanKetentuan' is checked

2023-04-03 05:51:45 - [TEST_STEP][PASSED] - click(findTestObject("Object Repository/Web/Register/Reg_Button_Daftar")): Object: 'Object Repository/Web/Register/Reg_Button_Daftar' is clicked on

2023-04-03 05:51:47 - [MESSAGE][PASSED] - Object: 'Object Repository/Web/Register/Reg_Button_Daftar' is clicked on

2023-04-03 05:51:47 - [TEST_STEP][PASSED] - delay(1): Delayed 1 second(s)

2023-04-03 05:51:48 - [MESSAGE][PASSED] - Delayed 1 second(s)

2023-04-03 05:51:48 - [TEST_STEP][FAILED] - verifyMatch("https://demo-app.online/daftar", getUrl(), false, CONTINUE_ON_FAILURE): Unable to verify match between actual text 'https://demo-app.online/daftar' and expected text 'https://demo-app.online/email/verify' (Root cause: com.kms.katalon.core.exception.StepFailedException: Actual text 'https://demo-app.online/daftar' and expected text 'https://demo-app.online/email/verify' are not matched
	at com.kms.katalon.core.keyword.builtin.VerifyMatchKeyword$_verifyMatch_closure1.doCall(VerifyMatchKeyword.groovy:57)
	at com.kms.katalon.core.keyword.builtin.VerifyMatchKeyword$_verifyMatch_closure1.call(VerifyMatchKeyword.groovy)
	at com.kms.katalon.core.keyword.internal.KeywordMain.runKeyword(KeywordMain.groovy:74)
	at com.kms.katalon.core.keyword.builtin.VerifyMatchKeyword.verifyMatch(VerifyMatchKeyword.groovy:60)
	at com.kms.katalon.core.keyword.builtin.VerifyMatchKeyword.execute(VerifyMatchKeyword.groovy:45)
	at com.kms.katalon.core.keyword.internal.KeywordExecutor.executeKeywordForPlatform(KeywordExecutor.groovy:74)
	at com.kms.katalon.core.keyword.BuiltinKeywords.verifyMatch(BuiltinKeywords.groovy:55)
	at REG-36.run(REG-36:44)
	at com.kms.katalon.core.main.ScriptEngine.run(ScriptEngine.java:194)
	at com.kms.katalon.core.main.ScriptEngine.runScriptAsRawText(ScriptEngine.java:119)
	at com.kms.katalon.core.main.TestCaseExecutor.runScript(TestCaseExecutor.java:448)
	at com.kms.katalon.core.main.TestCaseExecutor.doExecute(TestCaseExecutor.java:439)
	at com.kms.katalon.core.main.TestCaseExecutor.processExecutionPhase(TestCaseExecutor.java:418)
	at com.kms.katalon.core.main.TestCaseExecutor.accessMainPhase(TestCaseExecutor.java:410)
	at com.kms.katalon.core.main.TestCaseExecutor.execute(TestCaseExecutor.java:285)
	at com.kms.katalon.core.common.CommonExecutor.accessTestCaseMainPhase(CommonExecutor.java:65)
	at com.kms.katalon.core.main.TestSuiteExecutor.accessTestSuiteMainPhase(TestSuiteExecutor.java:151)
	at com.kms.katalon.core.main.TestSuiteExecutor.execute(TestSuiteExecutor.java:106)
	at com.kms.katalon.core.main.TestCaseMain.startTestSuite(TestCaseMain.java:185)
	at com.kms.katalon.core.main.TestCaseMain$startTestSuite$0.call(Unknown Source)
	at TempTestSuite1680475136875.run(TempTestSuite1680475136875.groovy:36)
)

2023-04-03 05:51:48 - [MESSAGE][PASSED] - Current window's url is: 'https://demo-app.online/email/verify'

2023-04-03 05:51:48 - [MESSAGE][FAILED] - Unable to verify match between actual text 'https://demo-app.online/daftar' and expected text 'https://demo-app.online/email/verify' (Root cause: com.kms.katalon.core.exception.StepFailedException: Actual text 'https://demo-app.online/daftar' and expected text 'https://demo-app.online/email/verify' are not matched
	at com.kms.katalon.core.keyword.builtin.VerifyMatchKeyword$_verifyMatch_closure1.doCall(VerifyMatchKeyword.groovy:57)
	at com.kms.katalon.core.keyword.builtin.VerifyMatchKeyword$_verifyMatch_closure1.call(VerifyMatchKeyword.groovy)
	at com.kms.katalon.core.keyword.internal.KeywordMain.runKeyword(KeywordMain.groovy:74)
	at com.kms.katalon.core.keyword.builtin.VerifyMatchKeyword.verifyMatch(VerifyMatchKeyword.groovy:60)
	at com.kms.katalon.core.keyword.builtin.VerifyMatchKeyword.execute(VerifyMatchKeyword.groovy:45)
	at com.kms.katalon.core.keyword.internal.KeywordExecutor.executeKeywordForPlatform(KeywordExecutor.groovy:74)
	at com.kms.katalon.core.keyword.BuiltinKeywords.verifyMatch(BuiltinKeywords.groovy:55)
	at REG-36.run(REG-36:44)
	at com.kms.katalon.core.main.ScriptEngine.run(ScriptEngine.java:194)
	at com.kms.katalon.core.main.ScriptEngine.runScriptAsRawText(ScriptEngine.java:119)
	at com.kms.katalon.core.main.TestCaseExecutor.runScript(TestCaseExecutor.java:448)
	at com.kms.katalon.core.main.TestCaseExecutor.doExecute(TestCaseExecutor.java:439)
	at com.kms.katalon.core.main.TestCaseExecutor.processExecutionPhase(TestCaseExecutor.java:418)
	at com.kms.katalon.core.main.TestCaseExecutor.accessMainPhase(TestCaseExecutor.java:410)
	at com.kms.katalon.core.main.TestCaseExecutor.execute(TestCaseExecutor.java:285)
	at com.kms.katalon.core.common.CommonExecutor.accessTestCaseMainPhase(CommonExecutor.java:65)
	at com.kms.katalon.core.main.TestSuiteExecutor.accessTestSuiteMainPhase(TestSuiteExecutor.java:151)
	at com.kms.katalon.core.main.TestSuiteExecutor.execute(TestSuiteExecutor.java:106)
	at com.kms.katalon.core.main.TestCaseMain.startTestSuite(TestCaseMain.java:185)
	at com.kms.katalon.core.main.TestCaseMain$startTestSuite$0.call(Unknown Source)
	at TempTestSuite1680475136875.run(TempTestSuite1680475136875.groovy:36)
)

2023-04-03 05:51:48 - [TEST_STEP][PASSED] - println("After verification"): null

2023-04-03 05:51:48 - [TEST_STEP][FAILED] - isValid = executeJavaScript("document.getElementById("whatsapp").reportValidity();", null): Unable to execute JavaScript. (Root cause: com.kms.katalon.core.exception.StepFailedException: Unable to execute JavaScript.
	at com.kms.katalon.core.webui.keyword.internal.WebUIKeywordMain.stepFailed(WebUIKeywordMain.groovy:64)
	at com.kms.katalon.core.webui.keyword.internal.WebUIKeywordMain.runKeyword(WebUIKeywordMain.groovy:26)
	at com.kms.katalon.core.webui.keyword.builtin.ExecuteJavaScriptKeyword.executeJavascript(ExecuteJavascriptKeyword.groovy:42)
	at com.kms.katalon.core.webui.keyword.builtin.ExecuteJavaScriptKeyword.execute(ExecuteJavascriptKeyword.groovy:37)
	at com.kms.katalon.core.keyword.internal.KeywordExecutor.executeKeywordForPlatform(KeywordExecutor.groovy:74)
	at com.kms.katalon.core.webui.keyword.WebUiBuiltInKeywords.executeJavaScript(WebUiBuiltInKeywords.groovy:4873)
	at com.kms.katalon.core.webui.keyword.WebUiBuiltInKeywords$executeJavaScript$5.call(Unknown Source)
	at REG-36.run(REG-36:49)
	at com.kms.katalon.core.main.ScriptEngine.run(ScriptEngine.java:194)
	at com.kms.katalon.core.main.ScriptEngine.runScriptAsRawText(ScriptEngine.java:119)
	at com.kms.katalon.core.main.TestCaseExecutor.runScript(TestCaseExecutor.java:448)
	at com.kms.katalon.core.main.TestCaseExecutor.doExecute(TestCaseExecutor.java:439)
	at com.kms.katalon.core.main.TestCaseExecutor.processExecutionPhase(TestCaseExecutor.java:418)
	at com.kms.katalon.core.main.TestCaseExecutor.accessMainPhase(TestCaseExecutor.java:410)
	at com.kms.katalon.core.main.TestCaseExecutor.execute(TestCaseExecutor.java:285)
	at com.kms.katalon.core.common.CommonExecutor.accessTestCaseMainPhase(CommonExecutor.java:65)
	at com.kms.katalon.core.main.TestSuiteExecutor.accessTestSuiteMainPhase(TestSuiteExecutor.java:151)
	at com.kms.katalon.core.main.TestSuiteExecutor.execute(TestSuiteExecutor.java:106)
	at com.kms.katalon.core.main.TestCaseMain.startTestSuite(TestCaseMain.java:185)
	at com.kms.katalon.core.main.TestCaseMain$startTestSuite$0.call(Unknown Source)
	at TempTestSuite1680475136875.run(TempTestSuite1680475136875.groovy:36)
Caused by: org.openqa.selenium.JavascriptException: javascript error: Cannot read properties of null (reading 'reportValidity')
  (Session info: chrome=111.0.5563.147)
Build info: version: '3.141.59', revision: 'e82be7d358', time: '2018-11-14T08:25:53'
System info: host: 'RED', ip: '192.168.203.1', os.name: 'Windows 10', os.arch: 'amd64', os.version: '10.0', java.version: '1.8.0_282'
Driver info: com.kms.katalon.selenium.driver.CChromeDriver
Capabilities {acceptInsecureCerts: false, browserName: chrome, browserVersion: 111.0.5563.147, chrome: {chromedriverVersion: 111.0.5563.64 (c710e93d5b63..., userDataDir: C:\Users\rizki\AppData\Loca...}, goog:chromeOptions: {debuggerAddress: localhost:56273}, javascriptEnabled: true, networkConnectionEnabled: false, pageLoadStrategy: normal, platform: WINDOWS, platformName: WINDOWS, proxy: Proxy(), setWindowRect: true, strictFileInteractability: false, timeouts: {implicit: 0, pageLoad: 300000, script: 30000}, unhandledPromptBehavior: dismiss and notify, webauthn:extension:credBlob: true, webauthn:extension:largeBlob: true, webauthn:extension:minPinLength: true, webauthn:extension:prf: true, webauthn:virtualAuthenticators: true}
Session ID: 5f82362fabd52cd9c4c072832ca00b9a
	at org.openqa.selenium.remote.http.W3CHttpResponseCodec.createException(W3CHttpResponseCodec.java:187)
	at org.openqa.selenium.remote.http.W3CHttpResponseCodec.decode(W3CHttpResponseCodec.java:122)
	at org.openqa.selenium.remote.http.W3CHttpResponseCodec.decode(W3CHttpResponseCodec.java:49)
	at org.openqa.selenium.remote.HttpCommandExecutor.execute(HttpCommandExecutor.java:158)
	at org.openqa.selenium.remote.service.DriverCommandExecutor.execute(DriverCommandExecutor.java:83)
	at org.openqa.selenium.remote.RemoteWebDriver.execute(RemoteWebDriver.java:552)
	at com.kms.katalon.selenium.driver.CChromeDriver.execute(CChromeDriver.java:19)
	at org.openqa.selenium.remote.RemoteWebDriver.executeScript(RemoteWebDriver.java:489)
	at org.openqa.selenium.support.events.EventFiringWebDriver.lambda$new$1(EventFiringWebDriver.java:105)
	at com.sun.proxy.$Proxy10.executeScript(Unknown Source)
	at org.openqa.selenium.support.events.EventFiringWebDriver.executeScript(EventFiringWebDriver.java:229)
	at com.kms.katalon.core.webui.keyword.builtin.ExecuteJavaScriptKeyword$_executeJavascript_closure1.doCall(ExecuteJavascriptKeyword.groovy:48)
	at com.kms.katalon.core.webui.keyword.builtin.ExecuteJavaScriptKeyword$_executeJavascript_closure1.call(ExecuteJavascriptKeyword.groovy)
	at com.kms.katalon.core.webui.keyword.internal.WebUIKeywordMain.runKeyword(WebUIKeywordMain.groovy:20)
	at com.kms.katalon.core.webui.keyword.builtin.ExecuteJavaScriptKeyword.executeJavascript(ExecuteJavascriptKeyword.groovy:42)
	at com.kms.katalon.core.webui.keyword.builtin.ExecuteJavaScriptKeyword.execute(ExecuteJavascriptKeyword.groovy:37)
	at com.kms.katalon.core.keyword.internal.KeywordExecutor.executeKeywordForPlatform(KeywordExecutor.groovy:74)
	at com.kms.katalon.core.webui.keyword.WebUiBuiltInKeywords.executeJavaScript(WebUiBuiltInKeywords.groovy:4873)
	at com.kms.katalon.core.webui.keyword.WebUiBuiltInKeywords$executeJavaScript$5.call(Unknown Source)
	at Script1680130169565.run(Script1680130169565.groovy:49)
	... 13 more
)

2023-04-03 05:51:48 - [MESSAGE][FAILED] - Unable to execute JavaScript. (Root cause: com.kms.katalon.core.exception.StepFailedException: Unable to execute JavaScript.
	at com.kms.katalon.core.webui.keyword.internal.WebUIKeywordMain.stepFailed(WebUIKeywordMain.groovy:64)
	at com.kms.katalon.core.webui.keyword.internal.WebUIKeywordMain.runKeyword(WebUIKeywordMain.groovy:26)
	at com.kms.katalon.core.webui.keyword.builtin.ExecuteJavaScriptKeyword.executeJavascript(ExecuteJavascriptKeyword.groovy:42)
	at com.kms.katalon.core.webui.keyword.builtin.ExecuteJavaScriptKeyword.execute(ExecuteJavascriptKeyword.groovy:37)
	at com.kms.katalon.core.keyword.internal.KeywordExecutor.executeKeywordForPlatform(KeywordExecutor.groovy:74)
	at com.kms.katalon.core.webui.keyword.WebUiBuiltInKeywords.executeJavaScript(WebUiBuiltInKeywords.groovy:4873)
	at com.kms.katalon.core.webui.keyword.WebUiBuiltInKeywords$executeJavaScript$5.call(Unknown Source)
	at REG-36.run(REG-36:49)
	at com.kms.katalon.core.main.ScriptEngine.run(ScriptEngine.java:194)
	at com.kms.katalon.core.main.ScriptEngine.runScriptAsRawText(ScriptEngine.java:119)
	at com.kms.katalon.core.main.TestCaseExecutor.runScript(TestCaseExecutor.java:448)
	at com.kms.katalon.core.main.TestCaseExecutor.doExecute(TestCaseExecutor.java:439)
	at com.kms.katalon.core.main.TestCaseExecutor.processExecutionPhase(TestCaseExecutor.java:418)
	at com.kms.katalon.core.main.TestCaseExecutor.accessMainPhase(TestCaseExecutor.java:410)
	at com.kms.katalon.core.main.TestCaseExecutor.execute(TestCaseExecutor.java:285)
	at com.kms.katalon.core.common.CommonExecutor.accessTestCaseMainPhase(CommonExecutor.java:65)
	at com.kms.katalon.core.main.TestSuiteExecutor.accessTestSuiteMainPhase(TestSuiteExecutor.java:151)
	at com.kms.katalon.core.main.TestSuiteExecutor.execute(TestSuiteExecutor.java:106)
	at com.kms.katalon.core.main.TestCaseMain.startTestSuite(TestCaseMain.java:185)
	at com.kms.katalon.core.main.TestCaseMain$startTestSuite$0.call(Unknown Source)
	at TempTestSuite1680475136875.run(TempTestSuite1680475136875.groovy:36)
Caused by: org.openqa.selenium.JavascriptException: javascript error: Cannot read properties of null (reading 'reportValidity')
  (Session info: chrome=111.0.5563.147)
Build info: version: '3.141.59', revision: 'e82be7d358', time: '2018-11-14T08:25:53'
System info: host: 'RED', ip: '192.168.203.1', os.name: 'Windows 10', os.arch: 'amd64', os.version: '10.0', java.version: '1.8.0_282'
Driver info: com.kms.katalon.selenium.driver.CChromeDriver
Capabilities {acceptInsecureCerts: false, browserName: chrome, browserVersion: 111.0.5563.147, chrome: {chromedriverVersion: 111.0.5563.64 (c710e93d5b63..., userDataDir: C:\Users\rizki\AppData\Loca...}, goog:chromeOptions: {debuggerAddress: localhost:56273}, javascriptEnabled: true, networkConnectionEnabled: false, pageLoadStrategy: normal, platform: WINDOWS, platformName: WINDOWS, proxy: Proxy(), setWindowRect: true, strictFileInteractability: false, timeouts: {implicit: 0, pageLoad: 300000, script: 30000}, unhandledPromptBehavior: dismiss and notify, webauthn:extension:credBlob: true, webauthn:extension:largeBlob: true, webauthn:extension:minPinLength: true, webauthn:extension:prf: true, webauthn:virtualAuthenticators: true}
Session ID: 5f82362fabd52cd9c4c072832ca00b9a
	at org.openqa.selenium.remote.http.W3CHttpResponseCodec.createException(W3CHttpResponseCodec.java:187)
	at org.openqa.selenium.remote.http.W3CHttpResponseCodec.decode(W3CHttpResponseCodec.java:122)
	at org.openqa.selenium.remote.http.W3CHttpResponseCodec.decode(W3CHttpResponseCodec.java:49)
	at org.openqa.selenium.remote.HttpCommandExecutor.execute(HttpCommandExecutor.java:158)
	at org.openqa.selenium.remote.service.DriverCommandExecutor.execute(DriverCommandExecutor.java:83)
	at org.openqa.selenium.remote.RemoteWebDriver.execute(RemoteWebDriver.java:552)
	at com.kms.katalon.selenium.driver.CChromeDriver.execute(CChromeDriver.java:19)
	at org.openqa.selenium.remote.RemoteWebDriver.executeScript(RemoteWebDriver.java:489)
	at org.openqa.selenium.support.events.EventFiringWebDriver.lambda$new$1(EventFiringWebDriver.java:105)
	at com.sun.proxy.$Proxy10.executeScript(Unknown Source)
	at org.openqa.selenium.support.events.EventFiringWebDriver.executeScript(EventFiringWebDriver.java:229)
	at com.kms.katalon.core.webui.keyword.builtin.ExecuteJavaScriptKeyword$_executeJavascript_closure1.doCall(ExecuteJavascriptKeyword.groovy:48)
	at com.kms.katalon.core.webui.keyword.builtin.ExecuteJavaScriptKeyword$_executeJavascript_closure1.call(ExecuteJavascriptKeyword.groovy)
	at com.kms.katalon.core.webui.keyword.internal.WebUIKeywordMain.runKeyword(WebUIKeywordMain.groovy:20)
	at com.kms.katalon.core.webui.keyword.builtin.ExecuteJavaScriptKeyword.executeJavascript(ExecuteJavascriptKeyword.groovy:42)
	at com.kms.katalon.core.webui.keyword.builtin.ExecuteJavaScriptKeyword.execute(ExecuteJavascriptKeyword.groovy:37)
	at com.kms.katalon.core.keyword.internal.KeywordExecutor.executeKeywordForPlatform(KeywordExecutor.groovy:74)
	at com.kms.katalon.core.webui.keyword.WebUiBuiltInKeywords.executeJavaScript(WebUiBuiltInKeywords.groovy:4873)
	at com.kms.katalon.core.webui.keyword.WebUiBuiltInKeywords$executeJavaScript$5.call(Unknown Source)
	at Script1680130169565.run(Script1680130169565.groovy:49)
	... 13 more
)
[[ATTACHMENT|C:\\Users\\rizki\\git\\CodingID-QA\\Reports\\20230403_053856\\WEB\\REG\\20230403_053856\\1680475908727.png]]]]></system-out>
         <system-err><![CDATA[2023-04-03 05:51:36 - [TEST_CASE][FAILED] - Test Cases/Web/REG/REG-36: Test Cases/Web/REG/REG-36 FAILED.
Reason:
com.kms.katalon.core.exception.StepFailedException: Unable to verify match between actual text 'https://demo-app.online/daftar' and expected text 'https://demo-app.online/email/verify' (Root cause: com.kms.katalon.core.exception.StepFailedException: Actual text 'https://demo-app.online/daftar' and expected text 'https://demo-app.online/email/verify' are not matched
	at com.kms.katalon.core.keyword.builtin.VerifyMatchKeyword$_verifyMatch_closure1.doCall(VerifyMatchKeyword.groovy:57)
	at com.kms.katalon.core.keyword.builtin.VerifyMatchKeyword$_verifyMatch_closure1.call(VerifyMatchKeyword.groovy)
	at com.kms.katalon.core.keyword.internal.KeywordMain.runKeyword(KeywordMain.groovy:74)
	at com.kms.katalon.core.keyword.builtin.VerifyMatchKeyword.verifyMatch(VerifyMatchKeyword.groovy:60)
	at com.kms.katalon.core.keyword.builtin.VerifyMatchKeyword.execute(VerifyMatchKeyword.groovy:45)
	at com.kms.katalon.core.keyword.internal.KeywordExecutor.executeKeywordForPlatform(KeywordExecutor.groovy:74)
	at com.kms.katalon.core.keyword.BuiltinKeywords.verifyMatch(BuiltinKeywords.groovy:55)
	at REG-36.run(REG-36:44)
	at com.kms.katalon.core.main.ScriptEngine.run(ScriptEngine.java:194)
	at com.kms.katalon.core.main.ScriptEngine.runScriptAsRawText(ScriptEngine.java:119)
	at com.kms.katalon.core.main.TestCaseExecutor.runScript(TestCaseExecutor.java:448)
	at com.kms.katalon.core.main.TestCaseExecutor.doExecute(TestCaseExecutor.java:439)
	at com.kms.katalon.core.main.TestCaseExecutor.processExecutionPhase(TestCaseExecutor.java:418)
	at com.kms.katalon.core.main.TestCaseExecutor.accessMainPhase(TestCaseExecutor.java:410)
	at com.kms.katalon.core.main.TestCaseExecutor.execute(TestCaseExecutor.java:285)
	at com.kms.katalon.core.common.CommonExecutor.accessTestCaseMainPhase(CommonExecutor.java:65)
	at com.kms.katalon.core.main.TestSuiteExecutor.accessTestSuiteMainPhase(TestSuiteExecutor.java:151)
	at com.kms.katalon.core.main.TestSuiteExecutor.execute(TestSuiteExecutor.java:106)
	at com.kms.katalon.core.main.TestCaseMain.startTestSuite(TestCaseMain.java:185)
	at com.kms.katalon.core.main.TestCaseMain$startTestSuite$0.call(Unknown Source)
	at TempTestSuite1680475136875.run(TempTestSuite1680475136875.groovy:36)
)
	at com.kms.katalon.core.keyword.internal.KeywordMain.stepFailed(KeywordMain.groovy:39)
	at com.kms.katalon.core.keyword.internal.KeywordMain.stepFailed(KeywordMain.groovy)
	at com.kms.katalon.core.keyword.internal.KeywordMain.runKeyword(KeywordMain.groovy:76)
	at com.kms.katalon.core.keyword.builtin.VerifyMatchKeyword.verifyMatch(VerifyMatchKeyword.groovy:60)
	at com.kms.katalon.core.keyword.builtin.VerifyMatchKeyword.execute(VerifyMatchKeyword.groovy:45)
	at com.kms.katalon.core.keyword.internal.KeywordExecutor.executeKeywordForPlatform(KeywordExecutor.groovy:74)
	at com.kms.katalon.core.keyword.BuiltinKeywords.verifyMatch(BuiltinKeywords.groovy:55)
	at REG-36.run(REG-36:44)
	at com.kms.katalon.core.main.ScriptEngine.run(ScriptEngine.java:194)
	at com.kms.katalon.core.main.ScriptEngine.runScriptAsRawText(ScriptEngine.java:119)
	at com.kms.katalon.core.main.TestCaseExecutor.runScript(TestCaseExecutor.java:448)
	at com.kms.katalon.core.main.TestCaseExecutor.doExecute(TestCaseExecutor.java:439)
	at com.kms.katalon.core.main.TestCaseExecutor.processExecutionPhase(TestCaseExecutor.java:418)
	at com.kms.katalon.core.main.TestCaseExecutor.accessMainPhase(TestCaseExecutor.java:410)
	at com.kms.katalon.core.main.TestCaseExecutor.execute(TestCaseExecutor.java:285)
	at com.kms.katalon.core.common.CommonExecutor.accessTestCaseMainPhase(CommonExecutor.java:65)
	at com.kms.katalon.core.main.TestSuiteExecutor.accessTestSuiteMainPhase(TestSuiteExecutor.java:151)
	at com.kms.katalon.core.main.TestSuiteExecutor.execute(TestSuiteExecutor.java:106)
	at com.kms.katalon.core.main.TestCaseMain.startTestSuite(TestCaseMain.java:185)
	at com.kms.katalon.core.main.TestCaseMain$startTestSuite$0.call(Unknown Source)
	at TempTestSuite1680475136875.run(TempTestSuite1680475136875.groovy:36)
Caused by: com.kms.katalon.core.exception.StepFailedException: Actual text 'https://demo-app.online/daftar' and expected text 'https://demo-app.online/email/verify' are not matched
	at com.kms.katalon.core.keyword.builtin.VerifyMatchKeyword$_verifyMatch_closure1.doCall(VerifyMatchKeyword.groovy:57)
	at com.kms.katalon.core.keyword.builtin.VerifyMatchKeyword$_verifyMatch_closure1.call(VerifyMatchKeyword.groovy)
	at com.kms.katalon.core.keyword.internal.KeywordMain.runKeyword(KeywordMain.groovy:74)
	... 18 more]]></system-err>
      </testcase>
      <testcase name="Test Cases/Web/REG/REG-37" time="12.487" classname="Test Cases/Web/REG/REG-37" status="FAILED">
         <failure type="FAILED" message="Test Cases/Web/REG/REG-37 FAILED.
Reason:
com.kms.katalon.core.exception.StepFailedException: Unable to verify match between actual text 'https://demo-app.online/daftar' and expected text 'https://demo-app.online/email/verify' (Root cause: com.kms.katalon.core.exception.StepFailedException: Actual text 'https://demo-app.online/daftar' and expected text 'https://demo-app.online/email/verify' are not matched
	at com.kms.katalon.core.keyword.builtin.VerifyMatchKeyword$_verifyMatch_closure1.doCall(VerifyMatchKeyword.groovy:57)
	at com.kms.katalon.core.keyword.builtin.VerifyMatchKeyword$_verifyMatch_closure1.call(VerifyMatchKeyword.groovy)
	at com.kms.katalon.core.keyword.internal.KeywordMain.runKeyword(KeywordMain.groovy:74)
	at com.kms.katalon.core.keyword.builtin.VerifyMatchKeyword.verifyMatch(VerifyMatchKeyword.groovy:60)
	at com.kms.katalon.core.keyword.builtin.VerifyMatchKeyword.execute(VerifyMatchKeyword.groovy:45)
	at com.kms.katalon.core.keyword.internal.KeywordExecutor.executeKeywordForPlatform(KeywordExecutor.groovy:74)
	at com.kms.katalon.core.keyword.BuiltinKeywords.verifyMatch(BuiltinKeywords.groovy:55)
	at REG-37.run(REG-37:44)
	at com.kms.katalon.core.main.ScriptEngine.run(ScriptEngine.java:194)
	at com.kms.katalon.core.main.ScriptEngine.runScriptAsRawText(ScriptEngine.java:119)
	at com.kms.katalon.core.main.TestCaseExecutor.runScript(TestCaseExecutor.java:448)
	at com.kms.katalon.core.main.TestCaseExecutor.doExecute(TestCaseExecutor.java:439)
	at com.kms.katalon.core.main.TestCaseExecutor.processExecutionPhase(TestCaseExecutor.java:418)
	at com.kms.katalon.core.main.TestCaseExecutor.accessMainPhase(TestCaseExecutor.java:410)
	at com.kms.katalon.core.main.TestCaseExecutor.execute(TestCaseExecutor.java:285)
	at com.kms.katalon.core.common.CommonExecutor.accessTestCaseMainPhase(CommonExecutor.java:65)
	at com.kms.katalon.core.main.TestSuiteExecutor.accessTestSuiteMainPhase(TestSuiteExecutor.java:151)
	at com.kms.katalon.core.main.TestSuiteExecutor.execute(TestSuiteExecutor.java:106)
	at com.kms.katalon.core.main.TestCaseMain.startTestSuite(TestCaseMain.java:185)
	at com.kms.katalon.core.main.TestCaseMain$startTestSuite$0.call(Unknown Source)
	at TempTestSuite1680475136875.run(TempTestSuite1680475136875.groovy:36)
)
	at com.kms.katalon.core.keyword.internal.KeywordMain.stepFailed(KeywordMain.groovy:39)
	at com.kms.katalon.core.keyword.internal.KeywordMain.stepFailed(KeywordMain.groovy)
	at com.kms.katalon.core.keyword.internal.KeywordMain.runKeyword(KeywordMain.groovy:76)
	at com.kms.katalon.core.keyword.builtin.VerifyMatchKeyword.verifyMatch(VerifyMatchKeyword.groovy:60)
	at com.kms.katalon.core.keyword.builtin.VerifyMatchKeyword.execute(VerifyMatchKeyword.groovy:45)
	at com.kms.katalon.core.keyword.internal.KeywordExecutor.executeKeywordForPlatform(KeywordExecutor.groovy:74)
	at com.kms.katalon.core.keyword.BuiltinKeywords.verifyMatch(BuiltinKeywords.groovy:55)
	at REG-37.run(REG-37:44)
	at com.kms.katalon.core.main.ScriptEngine.run(ScriptEngine.java:194)
	at com.kms.katalon.core.main.ScriptEngine.runScriptAsRawText(ScriptEngine.java:119)
	at com.kms.katalon.core.main.TestCaseExecutor.runScript(TestCaseExecutor.java:448)
	at com.kms.katalon.core.main.TestCaseExecutor.doExecute(TestCaseExecutor.java:439)
	at com.kms.katalon.core.main.TestCaseExecutor.processExecutionPhase(TestCaseExecutor.java:418)
	at com.kms.katalon.core.main.TestCaseExecutor.accessMainPhase(TestCaseExecutor.java:410)
	at com.kms.katalon.core.main.TestCaseExecutor.execute(TestCaseExecutor.java:285)
	at com.kms.katalon.core.common.CommonExecutor.accessTestCaseMainPhase(CommonExecutor.java:65)
	at com.kms.katalon.core.main.TestSuiteExecutor.accessTestSuiteMainPhase(TestSuiteExecutor.java:151)
	at com.kms.katalon.core.main.TestSuiteExecutor.execute(TestSuiteExecutor.java:106)
	at com.kms.katalon.core.main.TestCaseMain.startTestSuite(TestCaseMain.java:185)
	at com.kms.katalon.core.main.TestCaseMain$startTestSuite$0.call(Unknown Source)
	at TempTestSuite1680475136875.run(TempTestSuite1680475136875.groovy:36)
Caused by: com.kms.katalon.core.exception.StepFailedException: Actual text 'https://demo-app.online/daftar' and expected text 'https://demo-app.online/email/verify' are not matched
	at com.kms.katalon.core.keyword.builtin.VerifyMatchKeyword$_verifyMatch_closure1.doCall(VerifyMatchKeyword.groovy:57)
	at com.kms.katalon.core.keyword.builtin.VerifyMatchKeyword$_verifyMatch_closure1.call(VerifyMatchKeyword.groovy)
	at com.kms.katalon.core.keyword.internal.KeywordMain.runKeyword(KeywordMain.groovy:74)
	... 18 more
"/>
         <system-out><![CDATA[2023-04-03 05:51:48 - [TEST_CASE][FAILED] - Test Cases/Web/REG/REG-37: Test Cases/Web/REG/REG-37 FAILED.
Reason:
com.kms.katalon.core.exception.StepFailedException: Unable to verify match between actual text 'https://demo-app.online/daftar' and expected text 'https://demo-app.online/email/verify' (Root cause: com.kms.katalon.core.exception.StepFailedException: Actual text 'https://demo-app.online/daftar' and expected text 'https://demo-app.online/email/verify' are not matched
	at com.kms.katalon.core.keyword.builtin.VerifyMatchKeyword$_verifyMatch_closure1.doCall(VerifyMatchKeyword.groovy:57)
	at com.kms.katalon.core.keyword.builtin.VerifyMatchKeyword$_verifyMatch_closure1.call(VerifyMatchKeyword.groovy)
	at com.kms.katalon.core.keyword.internal.KeywordMain.runKeyword(KeywordMain.groovy:74)
	at com.kms.katalon.core.keyword.builtin.VerifyMatchKeyword.verifyMatch(VerifyMatchKeyword.groovy:60)
	at com.kms.katalon.core.keyword.builtin.VerifyMatchKeyword.execute(VerifyMatchKeyword.groovy:45)
	at com.kms.katalon.core.keyword.internal.KeywordExecutor.executeKeywordForPlatform(KeywordExecutor.groovy:74)
	at com.kms.katalon.core.keyword.BuiltinKeywords.verifyMatch(BuiltinKeywords.groovy:55)
	at REG-37.run(REG-37:44)
	at com.kms.katalon.core.main.ScriptEngine.run(ScriptEngine.java:194)
	at com.kms.katalon.core.main.ScriptEngine.runScriptAsRawText(ScriptEngine.java:119)
	at com.kms.katalon.core.main.TestCaseExecutor.runScript(TestCaseExecutor.java:448)
	at com.kms.katalon.core.main.TestCaseExecutor.doExecute(TestCaseExecutor.java:439)
	at com.kms.katalon.core.main.TestCaseExecutor.processExecutionPhase(TestCaseExecutor.java:418)
	at com.kms.katalon.core.main.TestCaseExecutor.accessMainPhase(TestCaseExecutor.java:410)
	at com.kms.katalon.core.main.TestCaseExecutor.execute(TestCaseExecutor.java:285)
	at com.kms.katalon.core.common.CommonExecutor.accessTestCaseMainPhase(CommonExecutor.java:65)
	at com.kms.katalon.core.main.TestSuiteExecutor.accessTestSuiteMainPhase(TestSuiteExecutor.java:151)
	at com.kms.katalon.core.main.TestSuiteExecutor.execute(TestSuiteExecutor.java:106)
	at com.kms.katalon.core.main.TestCaseMain.startTestSuite(TestCaseMain.java:185)
	at com.kms.katalon.core.main.TestCaseMain$startTestSuite$0.call(Unknown Source)
	at TempTestSuite1680475136875.run(TempTestSuite1680475136875.groovy:36)
)
	at com.kms.katalon.core.keyword.internal.KeywordMain.stepFailed(KeywordMain.groovy:39)
	at com.kms.katalon.core.keyword.internal.KeywordMain.stepFailed(KeywordMain.groovy)
	at com.kms.katalon.core.keyword.internal.KeywordMain.runKeyword(KeywordMain.groovy:76)
	at com.kms.katalon.core.keyword.builtin.VerifyMatchKeyword.verifyMatch(VerifyMatchKeyword.groovy:60)
	at com.kms.katalon.core.keyword.builtin.VerifyMatchKeyword.execute(VerifyMatchKeyword.groovy:45)
	at com.kms.katalon.core.keyword.internal.KeywordExecutor.executeKeywordForPlatform(KeywordExecutor.groovy:74)
	at com.kms.katalon.core.keyword.BuiltinKeywords.verifyMatch(BuiltinKeywords.groovy:55)
	at REG-37.run(REG-37:44)
	at com.kms.katalon.core.main.ScriptEngine.run(ScriptEngine.java:194)
	at com.kms.katalon.core.main.ScriptEngine.runScriptAsRawText(ScriptEngine.java:119)
	at com.kms.katalon.core.main.TestCaseExecutor.runScript(TestCaseExecutor.java:448)
	at com.kms.katalon.core.main.TestCaseExecutor.doExecute(TestCaseExecutor.java:439)
	at com.kms.katalon.core.main.TestCaseExecutor.processExecutionPhase(TestCaseExecutor.java:418)
	at com.kms.katalon.core.main.TestCaseExecutor.accessMainPhase(TestCaseExecutor.java:410)
	at com.kms.katalon.core.main.TestCaseExecutor.execute(TestCaseExecutor.java:285)
	at com.kms.katalon.core.common.CommonExecutor.accessTestCaseMainPhase(CommonExecutor.java:65)
	at com.kms.katalon.core.main.TestSuiteExecutor.accessTestSuiteMainPhase(TestSuiteExecutor.java:151)
	at com.kms.katalon.core.main.TestSuiteExecutor.execute(TestSuiteExecutor.java:106)
	at com.kms.katalon.core.main.TestCaseMain.startTestSuite(TestCaseMain.java:185)
	at com.kms.katalon.core.main.TestCaseMain$startTestSuite$0.call(Unknown Source)
	at TempTestSuite1680475136875.run(TempTestSuite1680475136875.groovy:36)
Caused by: com.kms.katalon.core.exception.StepFailedException: Actual text 'https://demo-app.online/daftar' and expected text 'https://demo-app.online/email/verify' are not matched
	at com.kms.katalon.core.keyword.builtin.VerifyMatchKeyword$_verifyMatch_closure1.doCall(VerifyMatchKeyword.groovy:57)
	at com.kms.katalon.core.keyword.builtin.VerifyMatchKeyword$_verifyMatch_closure1.call(VerifyMatchKeyword.groovy)
	at com.kms.katalon.core.keyword.internal.KeywordMain.runKeyword(KeywordMain.groovy:74)
	... 18 more


2023-04-03 05:51:49 - [TEST_STEP][PASSED] - openBrowser(""): Browser is opened with url: ''

2023-04-03 05:51:49 - [MESSAGE][WARNING] - A browser is already opened. Closing browser and opening a new one

2023-04-03 05:51:49 - [MESSAGE][INFO] - Starting 'Chrome' driver

2023-04-03 05:51:49 - [MESSAGE][INFO] - Action delay is set to 0 milliseconds

2023-04-03 05:51:50 - [MESSAGE][PASSED] - Browser is opened with url: ''

2023-04-03 05:51:50 - [TEST_STEP][PASSED] - navigateToUrl("https://demo-app.online/daftar"): Navigate to 'https://demo-app.online/daftar' successfully

2023-04-03 05:51:52 - [MESSAGE][PASSED] - Navigate to 'https://demo-app.online/daftar' successfully

2023-04-03 05:51:52 - [TEST_STEP][PASSED] - setText(findTestObject("Object Repository/Web/Register/Reg_InputText_Nama"), "Rizki Khaerul Fajri"): Text 'Rizki Khaerul Fajri' is set on object 'Object Repository/Web/Register/Reg_InputText_Nama'

2023-04-03 05:51:53 - [MESSAGE][PASSED] - Text 'Rizki Khaerul Fajri' is set on object 'Object Repository/Web/Register/Reg_InputText_Nama'

2023-04-03 05:51:53 - [TEST_STEP][PASSED] - setText(findTestObject("Object Repository/Web/Register/Reg_InputText_BirthDay"), "18-Feb-1997"): Text '18-Feb-1997' is set on object 'Object Repository/Web/Register/Reg_InputText_BirthDay'

2023-04-03 05:51:54 - [MESSAGE][PASSED] - Text '18-Feb-1997' is set on object 'Object Repository/Web/Register/Reg_InputText_BirthDay'

2023-04-03 05:51:54 - [TEST_STEP][PASSED] - setText(findTestObject("Object Repository/Web/Register/Reg_InputText_Email"), "Test@Example.com"): Text 'Test@Example.com' is set on object 'Object Repository/Web/Register/Reg_InputText_Email'

2023-04-03 05:51:55 - [MESSAGE][PASSED] - Text 'Test@Example.com' is set on object 'Object Repository/Web/Register/Reg_InputText_Email'

2023-04-03 05:51:55 - [TEST_STEP][PASSED] - setText(findTestObject("Object Repository/Web/Register/Reg_InputText_Whatsapp"), "+628132438726710"): Text '+628132438726710' is set on object 'Object Repository/Web/Register/Reg_InputText_Whatsapp'

2023-04-03 05:51:56 - [MESSAGE][PASSED] - Text '+628132438726710' is set on object 'Object Repository/Web/Register/Reg_InputText_Whatsapp'

2023-04-03 05:51:56 - [TEST_STEP][PASSED] - setText(findTestObject("Object Repository/Web/Register/Reg_InputText_KataSandi"), "testingtesting"): Text 'testingtesting' is set on object 'Object Repository/Web/Register/Reg_InputText_KataSandi'

2023-04-03 05:51:56 - [MESSAGE][PASSED] - Text 'testingtesting' is set on object 'Object Repository/Web/Register/Reg_InputText_KataSandi'

2023-04-03 05:51:56 - [TEST_STEP][PASSED] - setText(findTestObject("Object Repository/Web/Register/Reg_InputText_KonfirmasiKataSandi"), "testingtesting"): Text 'testingtesting' is set on object 'Object Repository/Web/Register/Reg_InputText_KonfirmasiKataSandi'

2023-04-03 05:51:57 - [MESSAGE][PASSED] - Text 'testingtesting' is set on object 'Object Repository/Web/Register/Reg_InputText_KonfirmasiKataSandi'

2023-04-03 05:51:57 - [TEST_STEP][PASSED] - check(findTestObject("Object Repository/Web/Register/Reg_Checkbox_SyaratDanKetentuan")): Object 'Object Repository/Web/Register/Reg_Checkbox_SyaratDanKetentuan' is checked

2023-04-03 05:51:58 - [MESSAGE][PASSED] - Object 'Object Repository/Web/Register/Reg_Checkbox_SyaratDanKetentuan' is checked

2023-04-03 05:51:58 - [TEST_STEP][PASSED] - click(findTestObject("Object Repository/Web/Register/Reg_Button_Daftar")): Object: 'Object Repository/Web/Register/Reg_Button_Daftar' is clicked on

2023-04-03 05:52:00 - [MESSAGE][PASSED] - Object: 'Object Repository/Web/Register/Reg_Button_Daftar' is clicked on

2023-04-03 05:52:00 - [TEST_STEP][PASSED] - delay(1): Delayed 1 second(s)

2023-04-03 05:52:01 - [MESSAGE][PASSED] - Delayed 1 second(s)

2023-04-03 05:52:01 - [TEST_STEP][FAILED] - verifyMatch("https://demo-app.online/daftar", getUrl(), false, CONTINUE_ON_FAILURE): Unable to verify match between actual text 'https://demo-app.online/daftar' and expected text 'https://demo-app.online/email/verify' (Root cause: com.kms.katalon.core.exception.StepFailedException: Actual text 'https://demo-app.online/daftar' and expected text 'https://demo-app.online/email/verify' are not matched
	at com.kms.katalon.core.keyword.builtin.VerifyMatchKeyword$_verifyMatch_closure1.doCall(VerifyMatchKeyword.groovy:57)
	at com.kms.katalon.core.keyword.builtin.VerifyMatchKeyword$_verifyMatch_closure1.call(VerifyMatchKeyword.groovy)
	at com.kms.katalon.core.keyword.internal.KeywordMain.runKeyword(KeywordMain.groovy:74)
	at com.kms.katalon.core.keyword.builtin.VerifyMatchKeyword.verifyMatch(VerifyMatchKeyword.groovy:60)
	at com.kms.katalon.core.keyword.builtin.VerifyMatchKeyword.execute(VerifyMatchKeyword.groovy:45)
	at com.kms.katalon.core.keyword.internal.KeywordExecutor.executeKeywordForPlatform(KeywordExecutor.groovy:74)
	at com.kms.katalon.core.keyword.BuiltinKeywords.verifyMatch(BuiltinKeywords.groovy:55)
	at REG-37.run(REG-37:44)
	at com.kms.katalon.core.main.ScriptEngine.run(ScriptEngine.java:194)
	at com.kms.katalon.core.main.ScriptEngine.runScriptAsRawText(ScriptEngine.java:119)
	at com.kms.katalon.core.main.TestCaseExecutor.runScript(TestCaseExecutor.java:448)
	at com.kms.katalon.core.main.TestCaseExecutor.doExecute(TestCaseExecutor.java:439)
	at com.kms.katalon.core.main.TestCaseExecutor.processExecutionPhase(TestCaseExecutor.java:418)
	at com.kms.katalon.core.main.TestCaseExecutor.accessMainPhase(TestCaseExecutor.java:410)
	at com.kms.katalon.core.main.TestCaseExecutor.execute(TestCaseExecutor.java:285)
	at com.kms.katalon.core.common.CommonExecutor.accessTestCaseMainPhase(CommonExecutor.java:65)
	at com.kms.katalon.core.main.TestSuiteExecutor.accessTestSuiteMainPhase(TestSuiteExecutor.java:151)
	at com.kms.katalon.core.main.TestSuiteExecutor.execute(TestSuiteExecutor.java:106)
	at com.kms.katalon.core.main.TestCaseMain.startTestSuite(TestCaseMain.java:185)
	at com.kms.katalon.core.main.TestCaseMain$startTestSuite$0.call(Unknown Source)
	at TempTestSuite1680475136875.run(TempTestSuite1680475136875.groovy:36)
)

2023-04-03 05:52:01 - [MESSAGE][PASSED] - Current window's url is: 'https://demo-app.online/email/verify'

2023-04-03 05:52:01 - [MESSAGE][FAILED] - Unable to verify match between actual text 'https://demo-app.online/daftar' and expected text 'https://demo-app.online/email/verify' (Root cause: com.kms.katalon.core.exception.StepFailedException: Actual text 'https://demo-app.online/daftar' and expected text 'https://demo-app.online/email/verify' are not matched
	at com.kms.katalon.core.keyword.builtin.VerifyMatchKeyword$_verifyMatch_closure1.doCall(VerifyMatchKeyword.groovy:57)
	at com.kms.katalon.core.keyword.builtin.VerifyMatchKeyword$_verifyMatch_closure1.call(VerifyMatchKeyword.groovy)
	at com.kms.katalon.core.keyword.internal.KeywordMain.runKeyword(KeywordMain.groovy:74)
	at com.kms.katalon.core.keyword.builtin.VerifyMatchKeyword.verifyMatch(VerifyMatchKeyword.groovy:60)
	at com.kms.katalon.core.keyword.builtin.VerifyMatchKeyword.execute(VerifyMatchKeyword.groovy:45)
	at com.kms.katalon.core.keyword.internal.KeywordExecutor.executeKeywordForPlatform(KeywordExecutor.groovy:74)
	at com.kms.katalon.core.keyword.BuiltinKeywords.verifyMatch(BuiltinKeywords.groovy:55)
	at REG-37.run(REG-37:44)
	at com.kms.katalon.core.main.ScriptEngine.run(ScriptEngine.java:194)
	at com.kms.katalon.core.main.ScriptEngine.runScriptAsRawText(ScriptEngine.java:119)
	at com.kms.katalon.core.main.TestCaseExecutor.runScript(TestCaseExecutor.java:448)
	at com.kms.katalon.core.main.TestCaseExecutor.doExecute(TestCaseExecutor.java:439)
	at com.kms.katalon.core.main.TestCaseExecutor.processExecutionPhase(TestCaseExecutor.java:418)
	at com.kms.katalon.core.main.TestCaseExecutor.accessMainPhase(TestCaseExecutor.java:410)
	at com.kms.katalon.core.main.TestCaseExecutor.execute(TestCaseExecutor.java:285)
	at com.kms.katalon.core.common.CommonExecutor.accessTestCaseMainPhase(CommonExecutor.java:65)
	at com.kms.katalon.core.main.TestSuiteExecutor.accessTestSuiteMainPhase(TestSuiteExecutor.java:151)
	at com.kms.katalon.core.main.TestSuiteExecutor.execute(TestSuiteExecutor.java:106)
	at com.kms.katalon.core.main.TestCaseMain.startTestSuite(TestCaseMain.java:185)
	at com.kms.katalon.core.main.TestCaseMain$startTestSuite$0.call(Unknown Source)
	at TempTestSuite1680475136875.run(TempTestSuite1680475136875.groovy:36)
)

2023-04-03 05:52:01 - [TEST_STEP][PASSED] - println("After verification"): null

2023-04-03 05:52:01 - [TEST_STEP][FAILED] - isValid = executeJavaScript("document.getElementById("whatsapp").reportValidity();", null): Unable to execute JavaScript. (Root cause: com.kms.katalon.core.exception.StepFailedException: Unable to execute JavaScript.
	at com.kms.katalon.core.webui.keyword.internal.WebUIKeywordMain.stepFailed(WebUIKeywordMain.groovy:64)
	at com.kms.katalon.core.webui.keyword.internal.WebUIKeywordMain.runKeyword(WebUIKeywordMain.groovy:26)
	at com.kms.katalon.core.webui.keyword.builtin.ExecuteJavaScriptKeyword.executeJavascript(ExecuteJavascriptKeyword.groovy:42)
	at com.kms.katalon.core.webui.keyword.builtin.ExecuteJavaScriptKeyword.execute(ExecuteJavascriptKeyword.groovy:37)
	at com.kms.katalon.core.keyword.internal.KeywordExecutor.executeKeywordForPlatform(KeywordExecutor.groovy:74)
	at com.kms.katalon.core.webui.keyword.WebUiBuiltInKeywords.executeJavaScript(WebUiBuiltInKeywords.groovy:4873)
	at com.kms.katalon.core.webui.keyword.WebUiBuiltInKeywords$executeJavaScript$5.call(Unknown Source)
	at REG-37.run(REG-37:49)
	at com.kms.katalon.core.main.ScriptEngine.run(ScriptEngine.java:194)
	at com.kms.katalon.core.main.ScriptEngine.runScriptAsRawText(ScriptEngine.java:119)
	at com.kms.katalon.core.main.TestCaseExecutor.runScript(TestCaseExecutor.java:448)
	at com.kms.katalon.core.main.TestCaseExecutor.doExecute(TestCaseExecutor.java:439)
	at com.kms.katalon.core.main.TestCaseExecutor.processExecutionPhase(TestCaseExecutor.java:418)
	at com.kms.katalon.core.main.TestCaseExecutor.accessMainPhase(TestCaseExecutor.java:410)
	at com.kms.katalon.core.main.TestCaseExecutor.execute(TestCaseExecutor.java:285)
	at com.kms.katalon.core.common.CommonExecutor.accessTestCaseMainPhase(CommonExecutor.java:65)
	at com.kms.katalon.core.main.TestSuiteExecutor.accessTestSuiteMainPhase(TestSuiteExecutor.java:151)
	at com.kms.katalon.core.main.TestSuiteExecutor.execute(TestSuiteExecutor.java:106)
	at com.kms.katalon.core.main.TestCaseMain.startTestSuite(TestCaseMain.java:185)
	at com.kms.katalon.core.main.TestCaseMain$startTestSuite$0.call(Unknown Source)
	at TempTestSuite1680475136875.run(TempTestSuite1680475136875.groovy:36)
Caused by: org.openqa.selenium.JavascriptException: javascript error: Cannot read properties of null (reading 'reportValidity')
  (Session info: chrome=111.0.5563.147)
Build info: version: '3.141.59', revision: 'e82be7d358', time: '2018-11-14T08:25:53'
System info: host: 'RED', ip: '192.168.203.1', os.name: 'Windows 10', os.arch: 'amd64', os.version: '10.0', java.version: '1.8.0_282'
Driver info: com.kms.katalon.selenium.driver.CChromeDriver
Capabilities {acceptInsecureCerts: false, browserName: chrome, browserVersion: 111.0.5563.147, chrome: {chromedriverVersion: 111.0.5563.64 (c710e93d5b63..., userDataDir: C:\Users\rizki\AppData\Loca...}, goog:chromeOptions: {debuggerAddress: localhost:56354}, javascriptEnabled: true, networkConnectionEnabled: false, pageLoadStrategy: normal, platform: WINDOWS, platformName: WINDOWS, proxy: Proxy(), setWindowRect: true, strictFileInteractability: false, timeouts: {implicit: 0, pageLoad: 300000, script: 30000}, unhandledPromptBehavior: dismiss and notify, webauthn:extension:credBlob: true, webauthn:extension:largeBlob: true, webauthn:extension:minPinLength: true, webauthn:extension:prf: true, webauthn:virtualAuthenticators: true}
Session ID: 323601d015248ad2e22e5d27176aeb17
	at org.openqa.selenium.remote.http.W3CHttpResponseCodec.createException(W3CHttpResponseCodec.java:187)
	at org.openqa.selenium.remote.http.W3CHttpResponseCodec.decode(W3CHttpResponseCodec.java:122)
	at org.openqa.selenium.remote.http.W3CHttpResponseCodec.decode(W3CHttpResponseCodec.java:49)
	at org.openqa.selenium.remote.HttpCommandExecutor.execute(HttpCommandExecutor.java:158)
	at org.openqa.selenium.remote.service.DriverCommandExecutor.execute(DriverCommandExecutor.java:83)
	at org.openqa.selenium.remote.RemoteWebDriver.execute(RemoteWebDriver.java:552)
	at com.kms.katalon.selenium.driver.CChromeDriver.execute(CChromeDriver.java:19)
	at org.openqa.selenium.remote.RemoteWebDriver.executeScript(RemoteWebDriver.java:489)
	at org.openqa.selenium.support.events.EventFiringWebDriver.lambda$new$1(EventFiringWebDriver.java:105)
	at com.sun.proxy.$Proxy10.executeScript(Unknown Source)
	at org.openqa.selenium.support.events.EventFiringWebDriver.executeScript(EventFiringWebDriver.java:229)
	at com.kms.katalon.core.webui.keyword.builtin.ExecuteJavaScriptKeyword$_executeJavascript_closure1.doCall(ExecuteJavascriptKeyword.groovy:48)
	at com.kms.katalon.core.webui.keyword.builtin.ExecuteJavaScriptKeyword$_executeJavascript_closure1.call(ExecuteJavascriptKeyword.groovy)
	at com.kms.katalon.core.webui.keyword.internal.WebUIKeywordMain.runKeyword(WebUIKeywordMain.groovy:20)
	at com.kms.katalon.core.webui.keyword.builtin.ExecuteJavaScriptKeyword.executeJavascript(ExecuteJavascriptKeyword.groovy:42)
	at com.kms.katalon.core.webui.keyword.builtin.ExecuteJavaScriptKeyword.execute(ExecuteJavascriptKeyword.groovy:37)
	at com.kms.katalon.core.keyword.internal.KeywordExecutor.executeKeywordForPlatform(KeywordExecutor.groovy:74)
	at com.kms.katalon.core.webui.keyword.WebUiBuiltInKeywords.executeJavaScript(WebUiBuiltInKeywords.groovy:4873)
	at com.kms.katalon.core.webui.keyword.WebUiBuiltInKeywords$executeJavaScript$5.call(Unknown Source)
	at Script1680130257571.run(Script1680130257571.groovy:49)
	... 13 more
)

2023-04-03 05:52:01 - [MESSAGE][FAILED] - Unable to execute JavaScript. (Root cause: com.kms.katalon.core.exception.StepFailedException: Unable to execute JavaScript.
	at com.kms.katalon.core.webui.keyword.internal.WebUIKeywordMain.stepFailed(WebUIKeywordMain.groovy:64)
	at com.kms.katalon.core.webui.keyword.internal.WebUIKeywordMain.runKeyword(WebUIKeywordMain.groovy:26)
	at com.kms.katalon.core.webui.keyword.builtin.ExecuteJavaScriptKeyword.executeJavascript(ExecuteJavascriptKeyword.groovy:42)
	at com.kms.katalon.core.webui.keyword.builtin.ExecuteJavaScriptKeyword.execute(ExecuteJavascriptKeyword.groovy:37)
	at com.kms.katalon.core.keyword.internal.KeywordExecutor.executeKeywordForPlatform(KeywordExecutor.groovy:74)
	at com.kms.katalon.core.webui.keyword.WebUiBuiltInKeywords.executeJavaScript(WebUiBuiltInKeywords.groovy:4873)
	at com.kms.katalon.core.webui.keyword.WebUiBuiltInKeywords$executeJavaScript$5.call(Unknown Source)
	at REG-37.run(REG-37:49)
	at com.kms.katalon.core.main.ScriptEngine.run(ScriptEngine.java:194)
	at com.kms.katalon.core.main.ScriptEngine.runScriptAsRawText(ScriptEngine.java:119)
	at com.kms.katalon.core.main.TestCaseExecutor.runScript(TestCaseExecutor.java:448)
	at com.kms.katalon.core.main.TestCaseExecutor.doExecute(TestCaseExecutor.java:439)
	at com.kms.katalon.core.main.TestCaseExecutor.processExecutionPhase(TestCaseExecutor.java:418)
	at com.kms.katalon.core.main.TestCaseExecutor.accessMainPhase(TestCaseExecutor.java:410)
	at com.kms.katalon.core.main.TestCaseExecutor.execute(TestCaseExecutor.java:285)
	at com.kms.katalon.core.common.CommonExecutor.accessTestCaseMainPhase(CommonExecutor.java:65)
	at com.kms.katalon.core.main.TestSuiteExecutor.accessTestSuiteMainPhase(TestSuiteExecutor.java:151)
	at com.kms.katalon.core.main.TestSuiteExecutor.execute(TestSuiteExecutor.java:106)
	at com.kms.katalon.core.main.TestCaseMain.startTestSuite(TestCaseMain.java:185)
	at com.kms.katalon.core.main.TestCaseMain$startTestSuite$0.call(Unknown Source)
	at TempTestSuite1680475136875.run(TempTestSuite1680475136875.groovy:36)
Caused by: org.openqa.selenium.JavascriptException: javascript error: Cannot read properties of null (reading 'reportValidity')
  (Session info: chrome=111.0.5563.147)
Build info: version: '3.141.59', revision: 'e82be7d358', time: '2018-11-14T08:25:53'
System info: host: 'RED', ip: '192.168.203.1', os.name: 'Windows 10', os.arch: 'amd64', os.version: '10.0', java.version: '1.8.0_282'
Driver info: com.kms.katalon.selenium.driver.CChromeDriver
Capabilities {acceptInsecureCerts: false, browserName: chrome, browserVersion: 111.0.5563.147, chrome: {chromedriverVersion: 111.0.5563.64 (c710e93d5b63..., userDataDir: C:\Users\rizki\AppData\Loca...}, goog:chromeOptions: {debuggerAddress: localhost:56354}, javascriptEnabled: true, networkConnectionEnabled: false, pageLoadStrategy: normal, platform: WINDOWS, platformName: WINDOWS, proxy: Proxy(), setWindowRect: true, strictFileInteractability: false, timeouts: {implicit: 0, pageLoad: 300000, script: 30000}, unhandledPromptBehavior: dismiss and notify, webauthn:extension:credBlob: true, webauthn:extension:largeBlob: true, webauthn:extension:minPinLength: true, webauthn:extension:prf: true, webauthn:virtualAuthenticators: true}
Session ID: 323601d015248ad2e22e5d27176aeb17
	at org.openqa.selenium.remote.http.W3CHttpResponseCodec.createException(W3CHttpResponseCodec.java:187)
	at org.openqa.selenium.remote.http.W3CHttpResponseCodec.decode(W3CHttpResponseCodec.java:122)
	at org.openqa.selenium.remote.http.W3CHttpResponseCodec.decode(W3CHttpResponseCodec.java:49)
	at org.openqa.selenium.remote.HttpCommandExecutor.execute(HttpCommandExecutor.java:158)
	at org.openqa.selenium.remote.service.DriverCommandExecutor.execute(DriverCommandExecutor.java:83)
	at org.openqa.selenium.remote.RemoteWebDriver.execute(RemoteWebDriver.java:552)
	at com.kms.katalon.selenium.driver.CChromeDriver.execute(CChromeDriver.java:19)
	at org.openqa.selenium.remote.RemoteWebDriver.executeScript(RemoteWebDriver.java:489)
	at org.openqa.selenium.support.events.EventFiringWebDriver.lambda$new$1(EventFiringWebDriver.java:105)
	at com.sun.proxy.$Proxy10.executeScript(Unknown Source)
	at org.openqa.selenium.support.events.EventFiringWebDriver.executeScript(EventFiringWebDriver.java:229)
	at com.kms.katalon.core.webui.keyword.builtin.ExecuteJavaScriptKeyword$_executeJavascript_closure1.doCall(ExecuteJavascriptKeyword.groovy:48)
	at com.kms.katalon.core.webui.keyword.builtin.ExecuteJavaScriptKeyword$_executeJavascript_closure1.call(ExecuteJavascriptKeyword.groovy)
	at com.kms.katalon.core.webui.keyword.internal.WebUIKeywordMain.runKeyword(WebUIKeywordMain.groovy:20)
	at com.kms.katalon.core.webui.keyword.builtin.ExecuteJavaScriptKeyword.executeJavascript(ExecuteJavascriptKeyword.groovy:42)
	at com.kms.katalon.core.webui.keyword.builtin.ExecuteJavaScriptKeyword.execute(ExecuteJavascriptKeyword.groovy:37)
	at com.kms.katalon.core.keyword.internal.KeywordExecutor.executeKeywordForPlatform(KeywordExecutor.groovy:74)
	at com.kms.katalon.core.webui.keyword.WebUiBuiltInKeywords.executeJavaScript(WebUiBuiltInKeywords.groovy:4873)
	at com.kms.katalon.core.webui.keyword.WebUiBuiltInKeywords$executeJavaScript$5.call(Unknown Source)
	at Script1680130257571.run(Script1680130257571.groovy:49)
	... 13 more
)
[[ATTACHMENT|C:\\Users\\rizki\\git\\CodingID-QA\\Reports\\20230403_053856\\WEB\\REG\\20230403_053856\\1680475921186.png]]]]></system-out>
         <system-err><![CDATA[2023-04-03 05:51:48 - [TEST_CASE][FAILED] - Test Cases/Web/REG/REG-37: Test Cases/Web/REG/REG-37 FAILED.
Reason:
com.kms.katalon.core.exception.StepFailedException: Unable to verify match between actual text 'https://demo-app.online/daftar' and expected text 'https://demo-app.online/email/verify' (Root cause: com.kms.katalon.core.exception.StepFailedException: Actual text 'https://demo-app.online/daftar' and expected text 'https://demo-app.online/email/verify' are not matched
	at com.kms.katalon.core.keyword.builtin.VerifyMatchKeyword$_verifyMatch_closure1.doCall(VerifyMatchKeyword.groovy:57)
	at com.kms.katalon.core.keyword.builtin.VerifyMatchKeyword$_verifyMatch_closure1.call(VerifyMatchKeyword.groovy)
	at com.kms.katalon.core.keyword.internal.KeywordMain.runKeyword(KeywordMain.groovy:74)
	at com.kms.katalon.core.keyword.builtin.VerifyMatchKeyword.verifyMatch(VerifyMatchKeyword.groovy:60)
	at com.kms.katalon.core.keyword.builtin.VerifyMatchKeyword.execute(VerifyMatchKeyword.groovy:45)
	at com.kms.katalon.core.keyword.internal.KeywordExecutor.executeKeywordForPlatform(KeywordExecutor.groovy:74)
	at com.kms.katalon.core.keyword.BuiltinKeywords.verifyMatch(BuiltinKeywords.groovy:55)
	at REG-37.run(REG-37:44)
	at com.kms.katalon.core.main.ScriptEngine.run(ScriptEngine.java:194)
	at com.kms.katalon.core.main.ScriptEngine.runScriptAsRawText(ScriptEngine.java:119)
	at com.kms.katalon.core.main.TestCaseExecutor.runScript(TestCaseExecutor.java:448)
	at com.kms.katalon.core.main.TestCaseExecutor.doExecute(TestCaseExecutor.java:439)
	at com.kms.katalon.core.main.TestCaseExecutor.processExecutionPhase(TestCaseExecutor.java:418)
	at com.kms.katalon.core.main.TestCaseExecutor.accessMainPhase(TestCaseExecutor.java:410)
	at com.kms.katalon.core.main.TestCaseExecutor.execute(TestCaseExecutor.java:285)
	at com.kms.katalon.core.common.CommonExecutor.accessTestCaseMainPhase(CommonExecutor.java:65)
	at com.kms.katalon.core.main.TestSuiteExecutor.accessTestSuiteMainPhase(TestSuiteExecutor.java:151)
	at com.kms.katalon.core.main.TestSuiteExecutor.execute(TestSuiteExecutor.java:106)
	at com.kms.katalon.core.main.TestCaseMain.startTestSuite(TestCaseMain.java:185)
	at com.kms.katalon.core.main.TestCaseMain$startTestSuite$0.call(Unknown Source)
	at TempTestSuite1680475136875.run(TempTestSuite1680475136875.groovy:36)
)
	at com.kms.katalon.core.keyword.internal.KeywordMain.stepFailed(KeywordMain.groovy:39)
	at com.kms.katalon.core.keyword.internal.KeywordMain.stepFailed(KeywordMain.groovy)
	at com.kms.katalon.core.keyword.internal.KeywordMain.runKeyword(KeywordMain.groovy:76)
	at com.kms.katalon.core.keyword.builtin.VerifyMatchKeyword.verifyMatch(VerifyMatchKeyword.groovy:60)
	at com.kms.katalon.core.keyword.builtin.VerifyMatchKeyword.execute(VerifyMatchKeyword.groovy:45)
	at com.kms.katalon.core.keyword.internal.KeywordExecutor.executeKeywordForPlatform(KeywordExecutor.groovy:74)
	at com.kms.katalon.core.keyword.BuiltinKeywords.verifyMatch(BuiltinKeywords.groovy:55)
	at REG-37.run(REG-37:44)
	at com.kms.katalon.core.main.ScriptEngine.run(ScriptEngine.java:194)
	at com.kms.katalon.core.main.ScriptEngine.runScriptAsRawText(ScriptEngine.java:119)
	at com.kms.katalon.core.main.TestCaseExecutor.runScript(TestCaseExecutor.java:448)
	at com.kms.katalon.core.main.TestCaseExecutor.doExecute(TestCaseExecutor.java:439)
	at com.kms.katalon.core.main.TestCaseExecutor.processExecutionPhase(TestCaseExecutor.java:418)
	at com.kms.katalon.core.main.TestCaseExecutor.accessMainPhase(TestCaseExecutor.java:410)
	at com.kms.katalon.core.main.TestCaseExecutor.execute(TestCaseExecutor.java:285)
	at com.kms.katalon.core.common.CommonExecutor.accessTestCaseMainPhase(CommonExecutor.java:65)
	at com.kms.katalon.core.main.TestSuiteExecutor.accessTestSuiteMainPhase(TestSuiteExecutor.java:151)
	at com.kms.katalon.core.main.TestSuiteExecutor.execute(TestSuiteExecutor.java:106)
	at com.kms.katalon.core.main.TestCaseMain.startTestSuite(TestCaseMain.java:185)
	at com.kms.katalon.core.main.TestCaseMain$startTestSuite$0.call(Unknown Source)
	at TempTestSuite1680475136875.run(TempTestSuite1680475136875.groovy:36)
Caused by: com.kms.katalon.core.exception.StepFailedException: Actual text 'https://demo-app.online/daftar' and expected text 'https://demo-app.online/email/verify' are not matched
	at com.kms.katalon.core.keyword.builtin.VerifyMatchKeyword$_verifyMatch_closure1.doCall(VerifyMatchKeyword.groovy:57)
	at com.kms.katalon.core.keyword.builtin.VerifyMatchKeyword$_verifyMatch_closure1.call(VerifyMatchKeyword.groovy)
	at com.kms.katalon.core.keyword.internal.KeywordMain.runKeyword(KeywordMain.groovy:74)
	... 18 more]]></system-err>
      </testcase>
      <testcase name="Test Cases/Web/REG/REG-38" time="115.87" classname="Test Cases/Web/REG/REG-38" status="PASSED">
         <system-out><![CDATA[2023-04-03 05:52:01 - [TEST_CASE][PASSED] - Test Cases/Web/REG/REG-38: Test Cases/Web/REG/REG-38

2023-04-03 05:52:01 - [TEST_STEP][PASSED] - openBrowser(""): Browser is opened with url: ''

2023-04-03 05:52:01 - [MESSAGE][WARNING] - A browser is already opened. Closing browser and opening a new one

2023-04-03 05:52:02 - [MESSAGE][INFO] - Starting 'Chrome' driver

2023-04-03 05:52:02 - [MESSAGE][INFO] - Action delay is set to 0 milliseconds

2023-04-03 05:52:03 - [MESSAGE][PASSED] - Browser is opened with url: ''

2023-04-03 05:52:03 - [TEST_STEP][PASSED] - testData = findTestData("Data Files/Web/Register_Password"): null

2023-04-03 05:52:03 - [TEST_STEP][PASSED] - for ([i = 1, i <= testData.getRowNumbers(), (i++)]): Current window's url is: 'https://demo-app.online/email/verify'

2023-04-03 05:52:03 - [TEST_STEP][PASSED] - password = testData.getValue("Password", i): null

2023-04-03 05:52:03 - [TEST_STEP][PASSED] - navigateToUrl("https://demo-app.online/daftar"): Navigate to 'https://demo-app.online/daftar' successfully

2023-04-03 05:52:05 - [MESSAGE][PASSED] - Navigate to 'https://demo-app.online/daftar' successfully

2023-04-03 05:52:05 - [TEST_STEP][PASSED] - setText(findTestObject("Object Repository/Web/Register/Reg_InputText_Nama"), "Rizki Khaerul Fajri"): Text 'Rizki Khaerul Fajri' is set on object 'Object Repository/Web/Register/Reg_InputText_Nama'

2023-04-03 05:52:06 - [MESSAGE][PASSED] - Text 'Rizki Khaerul Fajri' is set on object 'Object Repository/Web/Register/Reg_InputText_Nama'

2023-04-03 05:52:06 - [TEST_STEP][PASSED] - setText(findTestObject("Object Repository/Web/Register/Reg_InputText_BirthDay"), "18-Feb-1997"): Text '18-Feb-1997' is set on object 'Object Repository/Web/Register/Reg_InputText_BirthDay'

2023-04-03 05:52:07 - [MESSAGE][PASSED] - Text '18-Feb-1997' is set on object 'Object Repository/Web/Register/Reg_InputText_BirthDay'

2023-04-03 05:52:07 - [TEST_STEP][PASSED] - setText(findTestObject("Object Repository/Web/Register/Reg_InputText_Email"), "Test@Example.com"): Text 'Test@Example.com' is set on object 'Object Repository/Web/Register/Reg_InputText_Email'

2023-04-03 05:52:08 - [MESSAGE][PASSED] - Text 'Test@Example.com' is set on object 'Object Repository/Web/Register/Reg_InputText_Email'

2023-04-03 05:52:08 - [TEST_STEP][PASSED] - setText(findTestObject("Object Repository/Web/Register/Reg_InputText_Whatsapp"), "081324387267"): Text '081324387267' is set on object 'Object Repository/Web/Register/Reg_InputText_Whatsapp'

2023-04-03 05:52:09 - [MESSAGE][PASSED] - Text '081324387267' is set on object 'Object Repository/Web/Register/Reg_InputText_Whatsapp'

2023-04-03 05:52:09 - [TEST_STEP][PASSED] - setText(findTestObject("Object Repository/Web/Register/Reg_InputText_KataSandi"), password): Text 'testingtesting' is set on object 'Object Repository/Web/Register/Reg_InputText_KataSandi'

2023-04-03 05:52:09 - [MESSAGE][PASSED] - Text 'testingtesting' is set on object 'Object Repository/Web/Register/Reg_InputText_KataSandi'

2023-04-03 05:52:09 - [TEST_STEP][PASSED] - setText(findTestObject("Object Repository/Web/Register/Reg_InputText_KonfirmasiKataSandi"), password): Text 'testingtesting' is set on object 'Object Repository/Web/Register/Reg_InputText_KonfirmasiKataSandi'

2023-04-03 05:52:10 - [MESSAGE][PASSED] - Text 'testingtesting' is set on object 'Object Repository/Web/Register/Reg_InputText_KonfirmasiKataSandi'

2023-04-03 05:52:10 - [TEST_STEP][PASSED] - check(findTestObject("Object Repository/Web/Register/Reg_Checkbox_SyaratDanKetentuan")): Object 'Object Repository/Web/Register/Reg_Checkbox_SyaratDanKetentuan' is checked

2023-04-03 05:52:11 - [MESSAGE][PASSED] - Object 'Object Repository/Web/Register/Reg_Checkbox_SyaratDanKetentuan' is checked

2023-04-03 05:52:11 - [TEST_STEP][PASSED] - click(findTestObject("Object Repository/Web/Register/Reg_Button_Daftar")): Object: 'Object Repository/Web/Register/Reg_Button_Daftar' is clicked on

2023-04-03 05:52:13 - [MESSAGE][PASSED] - Object: 'Object Repository/Web/Register/Reg_Button_Daftar' is clicked on

2023-04-03 05:52:13 - [TEST_STEP][PASSED] - delay(5): Delayed 5 second(s)

2023-04-03 05:52:18 - [MESSAGE][PASSED] - Delayed 5 second(s)

2023-04-03 05:52:18 - [TEST_STEP][PASSED] - if (getUrl() == "https://demo-app.online/daftar"): Current window's url is: 'https://demo-app.online/email/verify'

2023-04-03 05:52:18 - [MESSAGE][PASSED] - Current window's url is: 'https://demo-app.online/email/verify'

2023-04-03 05:52:18 - [TEST_STEP][PASSED] - delay(5): Delayed 5 second(s)

2023-04-03 05:52:23 - [MESSAGE][PASSED] - Delayed 5 second(s)

2023-04-03 05:52:23 - [TEST_STEP][PASSED] - assert getUrl() == "https://demo-app.online/email/verify": Current window's url is: 'https://demo-app.online/email/verify'

2023-04-03 05:52:23 - [MESSAGE][PASSED] - Current window's url is: 'https://demo-app.online/email/verify'

2023-04-03 05:52:23 - [TEST_STEP][PASSED] - password = testData.getValue("Password", i): null

2023-04-03 05:52:23 - [TEST_STEP][PASSED] - navigateToUrl("https://demo-app.online/daftar"): Navigate to 'https://demo-app.online/daftar' successfully

2023-04-03 05:52:23 - [MESSAGE][PASSED] - Navigate to 'https://demo-app.online/daftar' successfully

2023-04-03 05:52:23 - [TEST_STEP][PASSED] - setText(findTestObject("Object Repository/Web/Register/Reg_InputText_Nama"), "Rizki Khaerul Fajri"): Text 'Rizki Khaerul Fajri' is set on object 'Object Repository/Web/Register/Reg_InputText_Nama'

2023-04-03 05:52:24 - [MESSAGE][PASSED] - Text 'Rizki Khaerul Fajri' is set on object 'Object Repository/Web/Register/Reg_InputText_Nama'

2023-04-03 05:52:24 - [TEST_STEP][PASSED] - setText(findTestObject("Object Repository/Web/Register/Reg_InputText_BirthDay"), "18-Feb-1997"): Text '18-Feb-1997' is set on object 'Object Repository/Web/Register/Reg_InputText_BirthDay'

2023-04-03 05:52:25 - [MESSAGE][PASSED] - Text '18-Feb-1997' is set on object 'Object Repository/Web/Register/Reg_InputText_BirthDay'

2023-04-03 05:52:25 - [TEST_STEP][PASSED] - setText(findTestObject("Object Repository/Web/Register/Reg_InputText_Email"), "Test@Example.com"): Text 'Test@Example.com' is set on object 'Object Repository/Web/Register/Reg_InputText_Email'

2023-04-03 05:52:26 - [MESSAGE][PASSED] - Text 'Test@Example.com' is set on object 'Object Repository/Web/Register/Reg_InputText_Email'

2023-04-03 05:52:26 - [TEST_STEP][PASSED] - setText(findTestObject("Object Repository/Web/Register/Reg_InputText_Whatsapp"), "081324387267"): Text '081324387267' is set on object 'Object Repository/Web/Register/Reg_InputText_Whatsapp'

2023-04-03 05:52:28 - [MESSAGE][PASSED] - Text '081324387267' is set on object 'Object Repository/Web/Register/Reg_InputText_Whatsapp'

2023-04-03 05:52:28 - [TEST_STEP][PASSED] - setText(findTestObject("Object Repository/Web/Register/Reg_InputText_KataSandi"), password): Text '12345678' is set on object 'Object Repository/Web/Register/Reg_InputText_KataSandi'

2023-04-03 05:52:28 - [MESSAGE][PASSED] - Text '12345678' is set on object 'Object Repository/Web/Register/Reg_InputText_KataSandi'

2023-04-03 05:52:28 - [TEST_STEP][PASSED] - setText(findTestObject("Object Repository/Web/Register/Reg_InputText_KonfirmasiKataSandi"), password): Text '12345678' is set on object 'Object Repository/Web/Register/Reg_InputText_KonfirmasiKataSandi'

2023-04-03 05:52:29 - [MESSAGE][PASSED] - Text '12345678' is set on object 'Object Repository/Web/Register/Reg_InputText_KonfirmasiKataSandi'

2023-04-03 05:52:29 - [TEST_STEP][PASSED] - check(findTestObject("Object Repository/Web/Register/Reg_Checkbox_SyaratDanKetentuan")): Object 'Object Repository/Web/Register/Reg_Checkbox_SyaratDanKetentuan' is checked

2023-04-03 05:52:30 - [MESSAGE][PASSED] - Object 'Object Repository/Web/Register/Reg_Checkbox_SyaratDanKetentuan' is checked

2023-04-03 05:52:30 - [TEST_STEP][PASSED] - click(findTestObject("Object Repository/Web/Register/Reg_Button_Daftar")): Object: 'Object Repository/Web/Register/Reg_Button_Daftar' is clicked on

2023-04-03 05:52:32 - [MESSAGE][PASSED] - Object: 'Object Repository/Web/Register/Reg_Button_Daftar' is clicked on

2023-04-03 05:52:32 - [TEST_STEP][PASSED] - delay(5): Delayed 5 second(s)

2023-04-03 05:52:37 - [MESSAGE][PASSED] - Delayed 5 second(s)

2023-04-03 05:52:37 - [TEST_STEP][PASSED] - if (getUrl() == "https://demo-app.online/daftar"): Current window's url is: 'https://demo-app.online/email/verify'

2023-04-03 05:52:37 - [MESSAGE][PASSED] - Current window's url is: 'https://demo-app.online/email/verify'

2023-04-03 05:52:37 - [TEST_STEP][PASSED] - delay(5): Delayed 5 second(s)

2023-04-03 05:52:42 - [MESSAGE][PASSED] - Delayed 5 second(s)

2023-04-03 05:52:42 - [TEST_STEP][PASSED] - assert getUrl() == "https://demo-app.online/email/verify": Current window's url is: 'https://demo-app.online/email/verify'

2023-04-03 05:52:42 - [MESSAGE][PASSED] - Current window's url is: 'https://demo-app.online/email/verify'

2023-04-03 05:52:42 - [TEST_STEP][PASSED] - password = testData.getValue("Password", i): null

2023-04-03 05:52:42 - [TEST_STEP][PASSED] - navigateToUrl("https://demo-app.online/daftar"): Navigate to 'https://demo-app.online/daftar' successfully

2023-04-03 05:52:42 - [MESSAGE][PASSED] - Navigate to 'https://demo-app.online/daftar' successfully

2023-04-03 05:52:42 - [TEST_STEP][PASSED] - setText(findTestObject("Object Repository/Web/Register/Reg_InputText_Nama"), "Rizki Khaerul Fajri"): Text 'Rizki Khaerul Fajri' is set on object 'Object Repository/Web/Register/Reg_InputText_Nama'

2023-04-03 05:52:44 - [MESSAGE][PASSED] - Text 'Rizki Khaerul Fajri' is set on object 'Object Repository/Web/Register/Reg_InputText_Nama'

2023-04-03 05:52:44 - [TEST_STEP][PASSED] - setText(findTestObject("Object Repository/Web/Register/Reg_InputText_BirthDay"), "18-Feb-1997"): Text '18-Feb-1997' is set on object 'Object Repository/Web/Register/Reg_InputText_BirthDay'

2023-04-03 05:52:44 - [MESSAGE][PASSED] - Text '18-Feb-1997' is set on object 'Object Repository/Web/Register/Reg_InputText_BirthDay'

2023-04-03 05:52:44 - [TEST_STEP][PASSED] - setText(findTestObject("Object Repository/Web/Register/Reg_InputText_Email"), "Test@Example.com"): Text 'Test@Example.com' is set on object 'Object Repository/Web/Register/Reg_InputText_Email'

2023-04-03 05:52:45 - [MESSAGE][PASSED] - Text 'Test@Example.com' is set on object 'Object Repository/Web/Register/Reg_InputText_Email'

2023-04-03 05:52:45 - [TEST_STEP][PASSED] - setText(findTestObject("Object Repository/Web/Register/Reg_InputText_Whatsapp"), "081324387267"): Text '081324387267' is set on object 'Object Repository/Web/Register/Reg_InputText_Whatsapp'

2023-04-03 05:52:46 - [MESSAGE][PASSED] - Text '081324387267' is set on object 'Object Repository/Web/Register/Reg_InputText_Whatsapp'

2023-04-03 05:52:46 - [TEST_STEP][PASSED] - setText(findTestObject("Object Repository/Web/Register/Reg_InputText_KataSandi"), password): Text 'password8karakter' is set on object 'Object Repository/Web/Register/Reg_InputText_KataSandi'

2023-04-03 05:52:47 - [MESSAGE][PASSED] - Text 'password8karakter' is set on object 'Object Repository/Web/Register/Reg_InputText_KataSandi'

2023-04-03 05:52:47 - [TEST_STEP][PASSED] - setText(findTestObject("Object Repository/Web/Register/Reg_InputText_KonfirmasiKataSandi"), password): Text 'password8karakter' is set on object 'Object Repository/Web/Register/Reg_InputText_KonfirmasiKataSandi'

2023-04-03 05:52:47 - [MESSAGE][PASSED] - Text 'password8karakter' is set on object 'Object Repository/Web/Register/Reg_InputText_KonfirmasiKataSandi'

2023-04-03 05:52:47 - [TEST_STEP][PASSED] - check(findTestObject("Object Repository/Web/Register/Reg_Checkbox_SyaratDanKetentuan")): Object 'Object Repository/Web/Register/Reg_Checkbox_SyaratDanKetentuan' is checked

2023-04-03 05:52:48 - [MESSAGE][PASSED] - Object 'Object Repository/Web/Register/Reg_Checkbox_SyaratDanKetentuan' is checked

2023-04-03 05:52:48 - [TEST_STEP][PASSED] - click(findTestObject("Object Repository/Web/Register/Reg_Button_Daftar")): Object: 'Object Repository/Web/Register/Reg_Button_Daftar' is clicked on

2023-04-03 05:52:50 - [MESSAGE][PASSED] - Object: 'Object Repository/Web/Register/Reg_Button_Daftar' is clicked on

2023-04-03 05:52:50 - [TEST_STEP][PASSED] - delay(5): Delayed 5 second(s)

2023-04-03 05:52:55 - [MESSAGE][PASSED] - Delayed 5 second(s)

2023-04-03 05:52:55 - [TEST_STEP][PASSED] - if (getUrl() == "https://demo-app.online/daftar"): Current window's url is: 'https://demo-app.online/email/verify'

2023-04-03 05:52:55 - [MESSAGE][PASSED] - Current window's url is: 'https://demo-app.online/email/verify'

2023-04-03 05:52:55 - [TEST_STEP][PASSED] - delay(5): Delayed 5 second(s)

2023-04-03 05:53:00 - [MESSAGE][PASSED] - Delayed 5 second(s)

2023-04-03 05:53:00 - [TEST_STEP][PASSED] - assert getUrl() == "https://demo-app.online/email/verify": Current window's url is: 'https://demo-app.online/email/verify'

2023-04-03 05:53:00 - [MESSAGE][PASSED] - Current window's url is: 'https://demo-app.online/email/verify'

2023-04-03 05:53:00 - [TEST_STEP][PASSED] - password = testData.getValue("Password", i): null

2023-04-03 05:53:00 - [TEST_STEP][PASSED] - navigateToUrl("https://demo-app.online/daftar"): Navigate to 'https://demo-app.online/daftar' successfully

2023-04-03 05:53:00 - [MESSAGE][PASSED] - Navigate to 'https://demo-app.online/daftar' successfully

2023-04-03 05:53:00 - [TEST_STEP][PASSED] - setText(findTestObject("Object Repository/Web/Register/Reg_InputText_Nama"), "Rizki Khaerul Fajri"): Text 'Rizki Khaerul Fajri' is set on object 'Object Repository/Web/Register/Reg_InputText_Nama'

2023-04-03 05:53:01 - [MESSAGE][PASSED] - Text 'Rizki Khaerul Fajri' is set on object 'Object Repository/Web/Register/Reg_InputText_Nama'

2023-04-03 05:53:01 - [TEST_STEP][PASSED] - setText(findTestObject("Object Repository/Web/Register/Reg_InputText_BirthDay"), "18-Feb-1997"): Text '18-Feb-1997' is set on object 'Object Repository/Web/Register/Reg_InputText_BirthDay'

2023-04-03 05:53:02 - [MESSAGE][PASSED] - Text '18-Feb-1997' is set on object 'Object Repository/Web/Register/Reg_InputText_BirthDay'

2023-04-03 05:53:02 - [TEST_STEP][PASSED] - setText(findTestObject("Object Repository/Web/Register/Reg_InputText_Email"), "Test@Example.com"): Text 'Test@Example.com' is set on object 'Object Repository/Web/Register/Reg_InputText_Email'

2023-04-03 05:53:03 - [MESSAGE][PASSED] - Text 'Test@Example.com' is set on object 'Object Repository/Web/Register/Reg_InputText_Email'

2023-04-03 05:53:03 - [TEST_STEP][PASSED] - setText(findTestObject("Object Repository/Web/Register/Reg_InputText_Whatsapp"), "081324387267"): Text '081324387267' is set on object 'Object Repository/Web/Register/Reg_InputText_Whatsapp'

2023-04-03 05:53:04 - [MESSAGE][PASSED] - Text '081324387267' is set on object 'Object Repository/Web/Register/Reg_InputText_Whatsapp'

2023-04-03 05:53:04 - [TEST_STEP][PASSED] - setText(findTestObject("Object Repository/Web/Register/Reg_InputText_KataSandi"), password): Text 'p@ssw0rdvalid' is set on object 'Object Repository/Web/Register/Reg_InputText_KataSandi'

2023-04-03 05:53:04 - [MESSAGE][PASSED] - Text 'p@ssw0rdvalid' is set on object 'Object Repository/Web/Register/Reg_InputText_KataSandi'

2023-04-03 05:53:04 - [TEST_STEP][PASSED] - setText(findTestObject("Object Repository/Web/Register/Reg_InputText_KonfirmasiKataSandi"), password): Text 'p@ssw0rdvalid' is set on object 'Object Repository/Web/Register/Reg_InputText_KonfirmasiKataSandi'

2023-04-03 05:53:05 - [MESSAGE][PASSED] - Text 'p@ssw0rdvalid' is set on object 'Object Repository/Web/Register/Reg_InputText_KonfirmasiKataSandi'

2023-04-03 05:53:05 - [TEST_STEP][PASSED] - check(findTestObject("Object Repository/Web/Register/Reg_Checkbox_SyaratDanKetentuan")): Object 'Object Repository/Web/Register/Reg_Checkbox_SyaratDanKetentuan' is checked

2023-04-03 05:53:06 - [MESSAGE][PASSED] - Object 'Object Repository/Web/Register/Reg_Checkbox_SyaratDanKetentuan' is checked

2023-04-03 05:53:06 - [TEST_STEP][PASSED] - click(findTestObject("Object Repository/Web/Register/Reg_Button_Daftar")): Object: 'Object Repository/Web/Register/Reg_Button_Daftar' is clicked on

2023-04-03 05:53:09 - [MESSAGE][PASSED] - Object: 'Object Repository/Web/Register/Reg_Button_Daftar' is clicked on

2023-04-03 05:53:09 - [TEST_STEP][PASSED] - delay(5): Delayed 5 second(s)

2023-04-03 05:53:14 - [MESSAGE][PASSED] - Delayed 5 second(s)

2023-04-03 05:53:14 - [TEST_STEP][PASSED] - if (getUrl() == "https://demo-app.online/daftar"): Current window's url is: 'https://demo-app.online/email/verify'

2023-04-03 05:53:14 - [MESSAGE][PASSED] - Current window's url is: 'https://demo-app.online/email/verify'

2023-04-03 05:53:14 - [TEST_STEP][PASSED] - delay(5): Delayed 5 second(s)

2023-04-03 05:53:19 - [MESSAGE][PASSED] - Delayed 5 second(s)

2023-04-03 05:53:19 - [TEST_STEP][PASSED] - assert getUrl() == "https://demo-app.online/email/verify": Current window's url is: 'https://demo-app.online/email/verify'

2023-04-03 05:53:19 - [MESSAGE][PASSED] - Current window's url is: 'https://demo-app.online/email/verify'

2023-04-03 05:53:19 - [TEST_STEP][PASSED] - password = testData.getValue("Password", i): null

2023-04-03 05:53:19 - [TEST_STEP][PASSED] - navigateToUrl("https://demo-app.online/daftar"): Navigate to 'https://demo-app.online/daftar' successfully

2023-04-03 05:53:19 - [MESSAGE][PASSED] - Navigate to 'https://demo-app.online/daftar' successfully

2023-04-03 05:53:19 - [TEST_STEP][PASSED] - setText(findTestObject("Object Repository/Web/Register/Reg_InputText_Nama"), "Rizki Khaerul Fajri"): Text 'Rizki Khaerul Fajri' is set on object 'Object Repository/Web/Register/Reg_InputText_Nama'

2023-04-03 05:53:20 - [MESSAGE][PASSED] - Text 'Rizki Khaerul Fajri' is set on object 'Object Repository/Web/Register/Reg_InputText_Nama'

2023-04-03 05:53:20 - [TEST_STEP][PASSED] - setText(findTestObject("Object Repository/Web/Register/Reg_InputText_BirthDay"), "18-Feb-1997"): Text '18-Feb-1997' is set on object 'Object Repository/Web/Register/Reg_InputText_BirthDay'

2023-04-03 05:53:21 - [MESSAGE][PASSED] - Text '18-Feb-1997' is set on object 'Object Repository/Web/Register/Reg_InputText_BirthDay'

2023-04-03 05:53:21 - [TEST_STEP][PASSED] - setText(findTestObject("Object Repository/Web/Register/Reg_InputText_Email"), "Test@Example.com"): Text 'Test@Example.com' is set on object 'Object Repository/Web/Register/Reg_InputText_Email'

2023-04-03 05:53:22 - [MESSAGE][PASSED] - Text 'Test@Example.com' is set on object 'Object Repository/Web/Register/Reg_InputText_Email'

2023-04-03 05:53:22 - [TEST_STEP][PASSED] - setText(findTestObject("Object Repository/Web/Register/Reg_InputText_Whatsapp"), "081324387267"): Text '081324387267' is set on object 'Object Repository/Web/Register/Reg_InputText_Whatsapp'

2023-04-03 05:53:23 - [MESSAGE][PASSED] - Text '081324387267' is set on object 'Object Repository/Web/Register/Reg_InputText_Whatsapp'

2023-04-03 05:53:23 - [TEST_STEP][PASSED] - setText(findTestObject("Object Repository/Web/Register/Reg_InputText_KataSandi"), password): Text 'isthisavalidpassword' is set on object 'Object Repository/Web/Register/Reg_InputText_KataSandi'

2023-04-03 05:53:23 - [MESSAGE][PASSED] - Text 'isthisavalidpassword' is set on object 'Object Repository/Web/Register/Reg_InputText_KataSandi'

2023-04-03 05:53:23 - [TEST_STEP][PASSED] - setText(findTestObject("Object Repository/Web/Register/Reg_InputText_KonfirmasiKataSandi"), password): Text 'isthisavalidpassword' is set on object 'Object Repository/Web/Register/Reg_InputText_KonfirmasiKataSandi'

2023-04-03 05:53:24 - [MESSAGE][PASSED] - Text 'isthisavalidpassword' is set on object 'Object Repository/Web/Register/Reg_InputText_KonfirmasiKataSandi'

2023-04-03 05:53:24 - [TEST_STEP][PASSED] - check(findTestObject("Object Repository/Web/Register/Reg_Checkbox_SyaratDanKetentuan")): Object 'Object Repository/Web/Register/Reg_Checkbox_SyaratDanKetentuan' is checked

2023-04-03 05:53:25 - [MESSAGE][PASSED] - Object 'Object Repository/Web/Register/Reg_Checkbox_SyaratDanKetentuan' is checked

2023-04-03 05:53:25 - [TEST_STEP][PASSED] - click(findTestObject("Object Repository/Web/Register/Reg_Button_Daftar")): Object: 'Object Repository/Web/Register/Reg_Button_Daftar' is clicked on

2023-04-03 05:53:28 - [MESSAGE][PASSED] - Object: 'Object Repository/Web/Register/Reg_Button_Daftar' is clicked on

2023-04-03 05:53:28 - [TEST_STEP][PASSED] - delay(5): Delayed 5 second(s)

2023-04-03 05:53:33 - [MESSAGE][PASSED] - Delayed 5 second(s)

2023-04-03 05:53:33 - [TEST_STEP][PASSED] - if (getUrl() == "https://demo-app.online/daftar"): Current window's url is: 'https://demo-app.online/email/verify'

2023-04-03 05:53:33 - [MESSAGE][PASSED] - Current window's url is: 'https://demo-app.online/email/verify'

2023-04-03 05:53:33 - [TEST_STEP][PASSED] - delay(5): Delayed 5 second(s)

2023-04-03 05:53:38 - [MESSAGE][PASSED] - Delayed 5 second(s)

2023-04-03 05:53:38 - [TEST_STEP][PASSED] - assert getUrl() == "https://demo-app.online/email/verify": Current window's url is: 'https://demo-app.online/email/verify'

2023-04-03 05:53:38 - [MESSAGE][PASSED] - Current window's url is: 'https://demo-app.online/email/verify'

2023-04-03 05:53:38 - [TEST_STEP][PASSED] - password = testData.getValue("Password", i): null

2023-04-03 05:53:38 - [TEST_STEP][PASSED] - navigateToUrl("https://demo-app.online/daftar"): Navigate to 'https://demo-app.online/daftar' successfully

2023-04-03 05:53:38 - [MESSAGE][PASSED] - Navigate to 'https://demo-app.online/daftar' successfully

2023-04-03 05:53:38 - [TEST_STEP][PASSED] - setText(findTestObject("Object Repository/Web/Register/Reg_InputText_Nama"), "Rizki Khaerul Fajri"): Text 'Rizki Khaerul Fajri' is set on object 'Object Repository/Web/Register/Reg_InputText_Nama'

2023-04-03 05:53:39 - [MESSAGE][PASSED] - Text 'Rizki Khaerul Fajri' is set on object 'Object Repository/Web/Register/Reg_InputText_Nama'

2023-04-03 05:53:39 - [TEST_STEP][PASSED] - setText(findTestObject("Object Repository/Web/Register/Reg_InputText_BirthDay"), "18-Feb-1997"): Text '18-Feb-1997' is set on object 'Object Repository/Web/Register/Reg_InputText_BirthDay'

2023-04-03 05:53:40 - [MESSAGE][PASSED] - Text '18-Feb-1997' is set on object 'Object Repository/Web/Register/Reg_InputText_BirthDay'

2023-04-03 05:53:40 - [TEST_STEP][PASSED] - setText(findTestObject("Object Repository/Web/Register/Reg_InputText_Email"), "Test@Example.com"): Text 'Test@Example.com' is set on object 'Object Repository/Web/Register/Reg_InputText_Email'

2023-04-03 05:53:41 - [MESSAGE][PASSED] - Text 'Test@Example.com' is set on object 'Object Repository/Web/Register/Reg_InputText_Email'

2023-04-03 05:53:41 - [TEST_STEP][PASSED] - setText(findTestObject("Object Repository/Web/Register/Reg_InputText_Whatsapp"), "081324387267"): Text '081324387267' is set on object 'Object Repository/Web/Register/Reg_InputText_Whatsapp'

2023-04-03 05:53:42 - [MESSAGE][PASSED] - Text '081324387267' is set on object 'Object Repository/Web/Register/Reg_InputText_Whatsapp'

2023-04-03 05:53:42 - [TEST_STEP][PASSED] - setText(findTestObject("Object Repository/Web/Register/Reg_InputText_KataSandi"), password): Text 'thispasswordshouldbevalid' is set on object 'Object Repository/Web/Register/Reg_InputText_KataSandi'

2023-04-03 05:53:42 - [MESSAGE][PASSED] - Text 'thispasswordshouldbevalid' is set on object 'Object Repository/Web/Register/Reg_InputText_KataSandi'

2023-04-03 05:53:42 - [TEST_STEP][PASSED] - setText(findTestObject("Object Repository/Web/Register/Reg_InputText_KonfirmasiKataSandi"), password): Text 'thispasswordshouldbevalid' is set on object 'Object Repository/Web/Register/Reg_InputText_KonfirmasiKataSandi'

2023-04-03 05:53:43 - [MESSAGE][PASSED] - Text 'thispasswordshouldbevalid' is set on object 'Object Repository/Web/Register/Reg_InputText_KonfirmasiKataSandi'

2023-04-03 05:53:43 - [TEST_STEP][PASSED] - check(findTestObject("Object Repository/Web/Register/Reg_Checkbox_SyaratDanKetentuan")): Object 'Object Repository/Web/Register/Reg_Checkbox_SyaratDanKetentuan' is checked

2023-04-03 05:53:44 - [MESSAGE][PASSED] - Object 'Object Repository/Web/Register/Reg_Checkbox_SyaratDanKetentuan' is checked

2023-04-03 05:53:44 - [TEST_STEP][PASSED] - click(findTestObject("Object Repository/Web/Register/Reg_Button_Daftar")): Object: 'Object Repository/Web/Register/Reg_Button_Daftar' is clicked on

2023-04-03 05:53:47 - [MESSAGE][PASSED] - Object: 'Object Repository/Web/Register/Reg_Button_Daftar' is clicked on

2023-04-03 05:53:47 - [TEST_STEP][PASSED] - delay(5): Delayed 5 second(s)

2023-04-03 05:53:52 - [MESSAGE][PASSED] - Delayed 5 second(s)

2023-04-03 05:53:52 - [TEST_STEP][PASSED] - if (getUrl() == "https://demo-app.online/daftar"): Current window's url is: 'https://demo-app.online/email/verify'

2023-04-03 05:53:52 - [MESSAGE][PASSED] - Current window's url is: 'https://demo-app.online/email/verify'

2023-04-03 05:53:52 - [TEST_STEP][PASSED] - delay(5): Delayed 5 second(s)

2023-04-03 05:53:57 - [MESSAGE][PASSED] - Delayed 5 second(s)

2023-04-03 05:53:57 - [TEST_STEP][PASSED] - assert getUrl() == "https://demo-app.online/email/verify": Current window's url is: 'https://demo-app.online/email/verify'

2023-04-03 05:53:57 - [MESSAGE][PASSED] - Current window's url is: 'https://demo-app.online/email/verify']]></system-out>
         <system-err><![CDATA[]]></system-err>
      </testcase>
      <testcase name="Test Cases/Web/REG/REG-39" time="10.355" classname="Test Cases/Web/REG/REG-39" status="PASSED">
         <system-out><![CDATA[2023-04-03 05:53:57 - [TEST_CASE][PASSED] - Test Cases/Web/REG/REG-39: Test Cases/Web/REG/REG-39

2023-04-03 05:53:57 - [TEST_STEP][PASSED] - openBrowser(""): Browser is opened with url: ''

2023-04-03 05:53:57 - [MESSAGE][WARNING] - A browser is already opened. Closing browser and opening a new one

2023-04-03 05:53:58 - [MESSAGE][INFO] - Starting 'Chrome' driver

2023-04-03 05:53:58 - [MESSAGE][INFO] - Action delay is set to 0 milliseconds

2023-04-03 05:53:59 - [MESSAGE][PASSED] - Browser is opened with url: ''

2023-04-03 05:53:59 - [TEST_STEP][PASSED] - navigateToUrl("https://demo-app.online/daftar"): Navigate to 'https://demo-app.online/daftar' successfully

2023-04-03 05:54:00 - [MESSAGE][PASSED] - Navigate to 'https://demo-app.online/daftar' successfully

2023-04-03 05:54:00 - [TEST_STEP][PASSED] - setText(findTestObject("Object Repository/Web/Register/Reg_InputText_Nama"), "Rizki Khaerul Fajri"): Text 'Rizki Khaerul Fajri' is set on object 'Object Repository/Web/Register/Reg_InputText_Nama'

2023-04-03 05:54:01 - [MESSAGE][PASSED] - Text 'Rizki Khaerul Fajri' is set on object 'Object Repository/Web/Register/Reg_InputText_Nama'

2023-04-03 05:54:01 - [TEST_STEP][PASSED] - setText(findTestObject("Object Repository/Web/Register/Reg_InputText_BirthDay"), "18-Feb-1997"): Text '18-Feb-1997' is set on object 'Object Repository/Web/Register/Reg_InputText_BirthDay'

2023-04-03 05:54:02 - [MESSAGE][PASSED] - Text '18-Feb-1997' is set on object 'Object Repository/Web/Register/Reg_InputText_BirthDay'

2023-04-03 05:54:02 - [TEST_STEP][PASSED] - setText(findTestObject("Object Repository/Web/Register/Reg_InputText_Email"), "Test@Example.com"): Text 'Test@Example.com' is set on object 'Object Repository/Web/Register/Reg_InputText_Email'

2023-04-03 05:54:03 - [MESSAGE][PASSED] - Text 'Test@Example.com' is set on object 'Object Repository/Web/Register/Reg_InputText_Email'

2023-04-03 05:54:03 - [TEST_STEP][PASSED] - setText(findTestObject("Object Repository/Web/Register/Reg_InputText_Whatsapp"), "081324387267"): Text '081324387267' is set on object 'Object Repository/Web/Register/Reg_InputText_Whatsapp'

2023-04-03 05:54:04 - [MESSAGE][PASSED] - Text '081324387267' is set on object 'Object Repository/Web/Register/Reg_InputText_Whatsapp'

2023-04-03 05:54:04 - [TEST_STEP][PASSED] - setText(findTestObject("Object Repository/Web/Register/Reg_InputText_KataSandi"), ""): Text '' is set on object 'Object Repository/Web/Register/Reg_InputText_KataSandi'

2023-04-03 05:54:04 - [MESSAGE][PASSED] - Text '' is set on object 'Object Repository/Web/Register/Reg_InputText_KataSandi'

2023-04-03 05:54:04 - [TEST_STEP][PASSED] - setText(findTestObject("Object Repository/Web/Register/Reg_InputText_KonfirmasiKataSandi"), ""): Text '' is set on object 'Object Repository/Web/Register/Reg_InputText_KonfirmasiKataSandi'

2023-04-03 05:54:05 - [MESSAGE][PASSED] - Text '' is set on object 'Object Repository/Web/Register/Reg_InputText_KonfirmasiKataSandi'

2023-04-03 05:54:05 - [TEST_STEP][PASSED] - check(findTestObject("Object Repository/Web/Register/Reg_Checkbox_SyaratDanKetentuan")): Object 'Object Repository/Web/Register/Reg_Checkbox_SyaratDanKetentuan' is checked

2023-04-03 05:54:06 - [MESSAGE][PASSED] - Object 'Object Repository/Web/Register/Reg_Checkbox_SyaratDanKetentuan' is checked

2023-04-03 05:54:06 - [TEST_STEP][PASSED] - click(findTestObject("Object Repository/Web/Register/Reg_Button_Daftar")): Object: 'Object Repository/Web/Register/Reg_Button_Daftar' is clicked on

2023-04-03 05:54:06 - [MESSAGE][PASSED] - Object: 'Object Repository/Web/Register/Reg_Button_Daftar' is clicked on

2023-04-03 05:54:06 - [TEST_STEP][PASSED] - delay(1): Delayed 1 second(s)

2023-04-03 05:54:07 - [MESSAGE][PASSED] - Delayed 1 second(s)

2023-04-03 05:54:07 - [TEST_STEP][PASSED] - verifyMatch("https://demo-app.online/daftar", getUrl(), false, CONTINUE_ON_FAILURE): Actual text 'https://demo-app.online/daftar' and expected text 'https://demo-app.online/daftar' are matched 

2023-04-03 05:54:07 - [MESSAGE][PASSED] - Current window's url is: 'https://demo-app.online/daftar'

2023-04-03 05:54:07 - [MESSAGE][PASSED] - Actual text 'https://demo-app.online/daftar' and expected text 'https://demo-app.online/daftar' are matched 

2023-04-03 05:54:07 - [TEST_STEP][PASSED] - println("After URL Validation"): null

2023-04-03 05:54:07 - [TEST_STEP][PASSED] - isValid = executeJavaScript("document.getElementById("password").reportValidity();", null): Execute JavaScript 'document.getElementById("password").reportValidity();' successfully

2023-04-03 05:54:07 - [MESSAGE][PASSED] - Execute JavaScript 'document.getElementById("password").reportValidity();' successfully

2023-04-03 05:54:07 - [TEST_STEP][PASSED] - assert !(isValid) : "No validation error for password field": null]]></system-out>
         <system-err><![CDATA[]]></system-err>
      </testcase>
      <testcase name="Test Cases/Web/REG/REG-40" time="11.107" classname="Test Cases/Web/REG/REG-40" status="PASSED">
         <system-out><![CDATA[2023-04-03 05:54:07 - [TEST_CASE][PASSED] - Test Cases/Web/REG/REG-40: Test Cases/Web/REG/REG-40

2023-04-03 05:54:07 - [TEST_STEP][PASSED] - openBrowser(""): Browser is opened with url: ''

2023-04-03 05:54:07 - [MESSAGE][WARNING] - A browser is already opened. Closing browser and opening a new one

2023-04-03 05:54:08 - [MESSAGE][INFO] - Starting 'Chrome' driver

2023-04-03 05:54:08 - [MESSAGE][INFO] - Action delay is set to 0 milliseconds

2023-04-03 05:54:09 - [MESSAGE][PASSED] - Browser is opened with url: ''

2023-04-03 05:54:09 - [TEST_STEP][PASSED] - navigateToUrl("https://demo-app.online/daftar"): Navigate to 'https://demo-app.online/daftar' successfully

2023-04-03 05:54:11 - [MESSAGE][PASSED] - Navigate to 'https://demo-app.online/daftar' successfully

2023-04-03 05:54:11 - [TEST_STEP][PASSED] - setText(findTestObject("Object Repository/Web/Register/Reg_InputText_Nama"), "Rizki Khaerul Fajri"): Text 'Rizki Khaerul Fajri' is set on object 'Object Repository/Web/Register/Reg_InputText_Nama'

2023-04-03 05:54:12 - [MESSAGE][PASSED] - Text 'Rizki Khaerul Fajri' is set on object 'Object Repository/Web/Register/Reg_InputText_Nama'

2023-04-03 05:54:12 - [TEST_STEP][PASSED] - setText(findTestObject("Object Repository/Web/Register/Reg_InputText_BirthDay"), "18-Feb-1997"): Text '18-Feb-1997' is set on object 'Object Repository/Web/Register/Reg_InputText_BirthDay'

2023-04-03 05:54:13 - [MESSAGE][PASSED] - Text '18-Feb-1997' is set on object 'Object Repository/Web/Register/Reg_InputText_BirthDay'

2023-04-03 05:54:13 - [TEST_STEP][PASSED] - setText(findTestObject("Object Repository/Web/Register/Reg_InputText_Email"), "Test@Example.com"): Text 'Test@Example.com' is set on object 'Object Repository/Web/Register/Reg_InputText_Email'

2023-04-03 05:54:14 - [MESSAGE][PASSED] - Text 'Test@Example.com' is set on object 'Object Repository/Web/Register/Reg_InputText_Email'

2023-04-03 05:54:14 - [TEST_STEP][PASSED] - setText(findTestObject("Object Repository/Web/Register/Reg_InputText_Whatsapp"), "081324387267"): Text '081324387267' is set on object 'Object Repository/Web/Register/Reg_InputText_Whatsapp'

2023-04-03 05:54:14 - [MESSAGE][PASSED] - Text '081324387267' is set on object 'Object Repository/Web/Register/Reg_InputText_Whatsapp'

2023-04-03 05:54:14 - [TEST_STEP][PASSED] - setText(findTestObject("Object Repository/Web/Register/Reg_InputText_KataSandi"), "        "): Text '        ' is set on object 'Object Repository/Web/Register/Reg_InputText_KataSandi'

2023-04-03 05:54:15 - [MESSAGE][PASSED] - Text '        ' is set on object 'Object Repository/Web/Register/Reg_InputText_KataSandi'

2023-04-03 05:54:15 - [TEST_STEP][PASSED] - setText(findTestObject("Object Repository/Web/Register/Reg_InputText_KonfirmasiKataSandi"), "        "): Text '        ' is set on object 'Object Repository/Web/Register/Reg_InputText_KonfirmasiKataSandi'

2023-04-03 05:54:16 - [MESSAGE][PASSED] - Text '        ' is set on object 'Object Repository/Web/Register/Reg_InputText_KonfirmasiKataSandi'

2023-04-03 05:54:16 - [TEST_STEP][PASSED] - check(findTestObject("Object Repository/Web/Register/Reg_Checkbox_SyaratDanKetentuan")): Object 'Object Repository/Web/Register/Reg_Checkbox_SyaratDanKetentuan' is checked

2023-04-03 05:54:16 - [MESSAGE][PASSED] - Object 'Object Repository/Web/Register/Reg_Checkbox_SyaratDanKetentuan' is checked

2023-04-03 05:54:16 - [TEST_STEP][PASSED] - click(findTestObject("Object Repository/Web/Register/Reg_Button_Daftar")): Object: 'Object Repository/Web/Register/Reg_Button_Daftar' is clicked on

2023-04-03 05:54:17 - [MESSAGE][PASSED] - Object: 'Object Repository/Web/Register/Reg_Button_Daftar' is clicked on

2023-04-03 05:54:17 - [TEST_STEP][PASSED] - delay(1): Delayed 1 second(s)

2023-04-03 05:54:18 - [MESSAGE][PASSED] - Delayed 1 second(s)

2023-04-03 05:54:18 - [TEST_STEP][PASSED] - verifyMatch("https://demo-app.online/daftar", getUrl(), false, CONTINUE_ON_FAILURE): Actual text 'https://demo-app.online/daftar' and expected text 'https://demo-app.online/daftar' are matched 

2023-04-03 05:54:18 - [MESSAGE][PASSED] - Current window's url is: 'https://demo-app.online/daftar'

2023-04-03 05:54:18 - [MESSAGE][PASSED] - Actual text 'https://demo-app.online/daftar' and expected text 'https://demo-app.online/daftar' are matched 

2023-04-03 05:54:18 - [TEST_STEP][PASSED] - println("After URL Validation"): null

2023-04-03 05:54:18 - [TEST_STEP][PASSED] - isValid = executeJavaScript("document.getElementById("password").reportValidity();", null): Execute JavaScript 'document.getElementById("password").reportValidity();' successfully

2023-04-03 05:54:18 - [MESSAGE][PASSED] - Execute JavaScript 'document.getElementById("password").reportValidity();' successfully

2023-04-03 05:54:18 - [TEST_STEP][PASSED] - assert !(isValid) : "No validation error for password field": null]]></system-out>
         <system-err><![CDATA[]]></system-err>
      </testcase>
      <testcase name="Test Cases/Web/REG/REG-41" time="37.266" classname="Test Cases/Web/REG/REG-41" status="PASSED">
         <system-out><![CDATA[2023-04-03 05:54:18 - [TEST_CASE][PASSED] - Test Cases/Web/REG/REG-41: Test Cases/Web/REG/REG-41

2023-04-03 05:54:18 - [TEST_STEP][PASSED] - openBrowser(""): Browser is opened with url: ''

2023-04-03 05:54:18 - [MESSAGE][WARNING] - A browser is already opened. Closing browser and opening a new one

2023-04-03 05:54:19 - [MESSAGE][INFO] - Starting 'Chrome' driver

2023-04-03 05:54:19 - [MESSAGE][INFO] - Action delay is set to 0 milliseconds

2023-04-03 05:54:20 - [MESSAGE][PASSED] - Browser is opened with url: ''

2023-04-03 05:54:20 - [TEST_STEP][PASSED] - testData = findTestData("Data Files/Web/Register_PasswordLessChar"): null

2023-04-03 05:54:20 - [TEST_STEP][PASSED] - for ([i = 1, i <= testData.getRowNumbers(), (i++)]): Object 'Object Repository/WEB/Register/Reg_validationError_PasswordConfirm' is present

2023-04-03 05:54:20 - [TEST_STEP][PASSED] - password = testData.getValue("Password", i): null

2023-04-03 05:54:20 - [TEST_STEP][PASSED] - navigateToUrl("https://demo-app.online/daftar"): Navigate to 'https://demo-app.online/daftar' successfully

2023-04-03 05:54:22 - [MESSAGE][PASSED] - Navigate to 'https://demo-app.online/daftar' successfully

2023-04-03 05:54:22 - [TEST_STEP][PASSED] - setText(findTestObject("Object Repository/Web/Register/Reg_InputText_Nama"), "Rizki Khaerul Fajri"): Text 'Rizki Khaerul Fajri' is set on object 'Object Repository/Web/Register/Reg_InputText_Nama'

2023-04-03 05:54:23 - [MESSAGE][PASSED] - Text 'Rizki Khaerul Fajri' is set on object 'Object Repository/Web/Register/Reg_InputText_Nama'

2023-04-03 05:54:23 - [TEST_STEP][PASSED] - setText(findTestObject("Object Repository/Web/Register/Reg_InputText_BirthDay"), "18-Feb-1997"): Text '18-Feb-1997' is set on object 'Object Repository/Web/Register/Reg_InputText_BirthDay'

2023-04-03 05:54:24 - [MESSAGE][PASSED] - Text '18-Feb-1997' is set on object 'Object Repository/Web/Register/Reg_InputText_BirthDay'

2023-04-03 05:54:24 - [TEST_STEP][PASSED] - setText(findTestObject("Object Repository/Web/Register/Reg_InputText_Email"), "Test@Example.com"): Text 'Test@Example.com' is set on object 'Object Repository/Web/Register/Reg_InputText_Email'

2023-04-03 05:54:25 - [MESSAGE][PASSED] - Text 'Test@Example.com' is set on object 'Object Repository/Web/Register/Reg_InputText_Email'

2023-04-03 05:54:25 - [TEST_STEP][PASSED] - setText(findTestObject("Object Repository/Web/Register/Reg_InputText_Whatsapp"), "081324387267"): Text '081324387267' is set on object 'Object Repository/Web/Register/Reg_InputText_Whatsapp'

2023-04-03 05:54:25 - [MESSAGE][PASSED] - Text '081324387267' is set on object 'Object Repository/Web/Register/Reg_InputText_Whatsapp'

2023-04-03 05:54:25 - [TEST_STEP][PASSED] - setText(findTestObject("Object Repository/Web/Register/Reg_InputText_KataSandi"), password): Text '1234567' is set on object 'Object Repository/Web/Register/Reg_InputText_KataSandi'

2023-04-03 05:54:26 - [MESSAGE][PASSED] - Text '1234567' is set on object 'Object Repository/Web/Register/Reg_InputText_KataSandi'

2023-04-03 05:54:26 - [TEST_STEP][PASSED] - setText(findTestObject("Object Repository/Web/Register/Reg_InputText_KonfirmasiKataSandi"), password): Text '1234567' is set on object 'Object Repository/Web/Register/Reg_InputText_KonfirmasiKataSandi'

2023-04-03 05:54:27 - [MESSAGE][PASSED] - Text '1234567' is set on object 'Object Repository/Web/Register/Reg_InputText_KonfirmasiKataSandi'

2023-04-03 05:54:27 - [TEST_STEP][PASSED] - check(findTestObject("Object Repository/Web/Register/Reg_Checkbox_SyaratDanKetentuan")): Object 'Object Repository/Web/Register/Reg_Checkbox_SyaratDanKetentuan' is checked

2023-04-03 05:54:27 - [MESSAGE][PASSED] - Object 'Object Repository/Web/Register/Reg_Checkbox_SyaratDanKetentuan' is checked

2023-04-03 05:54:27 - [TEST_STEP][PASSED] - click(findTestObject("Object Repository/Web/Register/Reg_Button_Daftar")): Object: 'Object Repository/Web/Register/Reg_Button_Daftar' is clicked on

2023-04-03 05:54:28 - [MESSAGE][PASSED] - Object: 'Object Repository/Web/Register/Reg_Button_Daftar' is clicked on

2023-04-03 05:54:28 - [TEST_STEP][PASSED] - delay(1): Delayed 1 second(s)

2023-04-03 05:54:29 - [MESSAGE][PASSED] - Delayed 1 second(s)

2023-04-03 05:54:29 - [TEST_STEP][PASSED] - verifyMatch("https://demo-app.online/daftar", getUrl(), false, CONTINUE_ON_FAILURE): Actual text 'https://demo-app.online/daftar' and expected text 'https://demo-app.online/daftar' are matched 

2023-04-03 05:54:29 - [MESSAGE][PASSED] - Current window's url is: 'https://demo-app.online/daftar'

2023-04-03 05:54:29 - [MESSAGE][PASSED] - Actual text 'https://demo-app.online/daftar' and expected text 'https://demo-app.online/daftar' are matched 

2023-04-03 05:54:29 - [TEST_STEP][PASSED] - println("After URL Validation"): null

2023-04-03 05:54:29 - [TEST_STEP][PASSED] - verifyElementPresent(findTestObject("Object Repository/WEB/Register/Reg_validationError_Password"), 1): Object 'Object Repository/WEB/Register/Reg_validationError_Password' is present

2023-04-03 05:54:30 - [MESSAGE][PASSED] - Object 'Object Repository/WEB/Register/Reg_validationError_Password' is present

2023-04-03 05:54:30 - [TEST_STEP][PASSED] - verifyElementPresent(findTestObject("Object Repository/WEB/Register/Reg_validationError_PasswordConfirm"), 1): Object 'Object Repository/WEB/Register/Reg_validationError_PasswordConfirm' is present

2023-04-03 05:54:30 - [MESSAGE][PASSED] - Object 'Object Repository/WEB/Register/Reg_validationError_PasswordConfirm' is present

2023-04-03 05:54:30 - [TEST_STEP][PASSED] - password = testData.getValue("Password", i): null

2023-04-03 05:54:30 - [TEST_STEP][PASSED] - navigateToUrl("https://demo-app.online/daftar"): Navigate to 'https://demo-app.online/daftar' successfully

2023-04-03 05:54:30 - [MESSAGE][PASSED] - Navigate to 'https://demo-app.online/daftar' successfully

2023-04-03 05:54:30 - [TEST_STEP][PASSED] - setText(findTestObject("Object Repository/Web/Register/Reg_InputText_Nama"), "Rizki Khaerul Fajri"): Text 'Rizki Khaerul Fajri' is set on object 'Object Repository/Web/Register/Reg_InputText_Nama'

2023-04-03 05:54:31 - [MESSAGE][PASSED] - Text 'Rizki Khaerul Fajri' is set on object 'Object Repository/Web/Register/Reg_InputText_Nama'

2023-04-03 05:54:31 - [TEST_STEP][PASSED] - setText(findTestObject("Object Repository/Web/Register/Reg_InputText_BirthDay"), "18-Feb-1997"): Text '18-Feb-1997' is set on object 'Object Repository/Web/Register/Reg_InputText_BirthDay'

2023-04-03 05:54:32 - [MESSAGE][PASSED] - Text '18-Feb-1997' is set on object 'Object Repository/Web/Register/Reg_InputText_BirthDay'

2023-04-03 05:54:32 - [TEST_STEP][PASSED] - setText(findTestObject("Object Repository/Web/Register/Reg_InputText_Email"), "Test@Example.com"): Text 'Test@Example.com' is set on object 'Object Repository/Web/Register/Reg_InputText_Email'

2023-04-03 05:54:33 - [MESSAGE][PASSED] - Text 'Test@Example.com' is set on object 'Object Repository/Web/Register/Reg_InputText_Email'

2023-04-03 05:54:33 - [TEST_STEP][PASSED] - setText(findTestObject("Object Repository/Web/Register/Reg_InputText_Whatsapp"), "081324387267"): Text '081324387267' is set on object 'Object Repository/Web/Register/Reg_InputText_Whatsapp'

2023-04-03 05:54:34 - [MESSAGE][PASSED] - Text '081324387267' is set on object 'Object Repository/Web/Register/Reg_InputText_Whatsapp'

2023-04-03 05:54:34 - [TEST_STEP][PASSED] - setText(findTestObject("Object Repository/Web/Register/Reg_InputText_KataSandi"), password): Text 'passwor' is set on object 'Object Repository/Web/Register/Reg_InputText_KataSandi'

2023-04-03 05:54:34 - [MESSAGE][PASSED] - Text 'passwor' is set on object 'Object Repository/Web/Register/Reg_InputText_KataSandi'

2023-04-03 05:54:34 - [TEST_STEP][PASSED] - setText(findTestObject("Object Repository/Web/Register/Reg_InputText_KonfirmasiKataSandi"), password): Text 'passwor' is set on object 'Object Repository/Web/Register/Reg_InputText_KonfirmasiKataSandi'

2023-04-03 05:54:35 - [MESSAGE][PASSED] - Text 'passwor' is set on object 'Object Repository/Web/Register/Reg_InputText_KonfirmasiKataSandi'

2023-04-03 05:54:35 - [TEST_STEP][PASSED] - check(findTestObject("Object Repository/Web/Register/Reg_Checkbox_SyaratDanKetentuan")): Object 'Object Repository/Web/Register/Reg_Checkbox_SyaratDanKetentuan' is checked

2023-04-03 05:54:36 - [MESSAGE][PASSED] - Object 'Object Repository/Web/Register/Reg_Checkbox_SyaratDanKetentuan' is checked

2023-04-03 05:54:36 - [TEST_STEP][PASSED] - click(findTestObject("Object Repository/Web/Register/Reg_Button_Daftar")): Object: 'Object Repository/Web/Register/Reg_Button_Daftar' is clicked on

2023-04-03 05:54:37 - [MESSAGE][PASSED] - Object: 'Object Repository/Web/Register/Reg_Button_Daftar' is clicked on

2023-04-03 05:54:37 - [TEST_STEP][PASSED] - delay(1): Delayed 1 second(s)

2023-04-03 05:54:38 - [MESSAGE][PASSED] - Delayed 1 second(s)

2023-04-03 05:54:38 - [TEST_STEP][PASSED] - verifyMatch("https://demo-app.online/daftar", getUrl(), false, CONTINUE_ON_FAILURE): Actual text 'https://demo-app.online/daftar' and expected text 'https://demo-app.online/daftar' are matched 

2023-04-03 05:54:38 - [MESSAGE][PASSED] - Current window's url is: 'https://demo-app.online/daftar'

2023-04-03 05:54:38 - [MESSAGE][PASSED] - Actual text 'https://demo-app.online/daftar' and expected text 'https://demo-app.online/daftar' are matched 

2023-04-03 05:54:38 - [TEST_STEP][PASSED] - println("After URL Validation"): null

2023-04-03 05:54:38 - [TEST_STEP][PASSED] - verifyElementPresent(findTestObject("Object Repository/WEB/Register/Reg_validationError_Password"), 1): Object 'Object Repository/WEB/Register/Reg_validationError_Password' is present

2023-04-03 05:54:38 - [MESSAGE][PASSED] - Object 'Object Repository/WEB/Register/Reg_validationError_Password' is present

2023-04-03 05:54:38 - [TEST_STEP][PASSED] - verifyElementPresent(findTestObject("Object Repository/WEB/Register/Reg_validationError_PasswordConfirm"), 1): Object 'Object Repository/WEB/Register/Reg_validationError_PasswordConfirm' is present

2023-04-03 05:54:39 - [MESSAGE][PASSED] - Object 'Object Repository/WEB/Register/Reg_validationError_PasswordConfirm' is present

2023-04-03 05:54:39 - [TEST_STEP][PASSED] - password = testData.getValue("Password", i): null

2023-04-03 05:54:39 - [TEST_STEP][PASSED] - navigateToUrl("https://demo-app.online/daftar"): Navigate to 'https://demo-app.online/daftar' successfully

2023-04-03 05:54:39 - [MESSAGE][PASSED] - Navigate to 'https://demo-app.online/daftar' successfully

2023-04-03 05:54:39 - [TEST_STEP][PASSED] - setText(findTestObject("Object Repository/Web/Register/Reg_InputText_Nama"), "Rizki Khaerul Fajri"): Text 'Rizki Khaerul Fajri' is set on object 'Object Repository/Web/Register/Reg_InputText_Nama'

2023-04-03 05:54:40 - [MESSAGE][PASSED] - Text 'Rizki Khaerul Fajri' is set on object 'Object Repository/Web/Register/Reg_InputText_Nama'

2023-04-03 05:54:40 - [TEST_STEP][PASSED] - setText(findTestObject("Object Repository/Web/Register/Reg_InputText_BirthDay"), "18-Feb-1997"): Text '18-Feb-1997' is set on object 'Object Repository/Web/Register/Reg_InputText_BirthDay'

2023-04-03 05:54:41 - [MESSAGE][PASSED] - Text '18-Feb-1997' is set on object 'Object Repository/Web/Register/Reg_InputText_BirthDay'

2023-04-03 05:54:41 - [TEST_STEP][PASSED] - setText(findTestObject("Object Repository/Web/Register/Reg_InputText_Email"), "Test@Example.com"): Text 'Test@Example.com' is set on object 'Object Repository/Web/Register/Reg_InputText_Email'

2023-04-03 05:54:42 - [MESSAGE][PASSED] - Text 'Test@Example.com' is set on object 'Object Repository/Web/Register/Reg_InputText_Email'

2023-04-03 05:54:42 - [TEST_STEP][PASSED] - setText(findTestObject("Object Repository/Web/Register/Reg_InputText_Whatsapp"), "081324387267"): Text '081324387267' is set on object 'Object Repository/Web/Register/Reg_InputText_Whatsapp'

2023-04-03 05:54:43 - [MESSAGE][PASSED] - Text '081324387267' is set on object 'Object Repository/Web/Register/Reg_InputText_Whatsapp'

2023-04-03 05:54:43 - [TEST_STEP][PASSED] - setText(findTestObject("Object Repository/Web/Register/Reg_InputText_KataSandi"), password): Text 'invalid' is set on object 'Object Repository/Web/Register/Reg_InputText_KataSandi'

2023-04-03 05:54:43 - [MESSAGE][PASSED] - Text 'invalid' is set on object 'Object Repository/Web/Register/Reg_InputText_KataSandi'

2023-04-03 05:54:43 - [TEST_STEP][PASSED] - setText(findTestObject("Object Repository/Web/Register/Reg_InputText_KonfirmasiKataSandi"), password): Text 'invalid' is set on object 'Object Repository/Web/Register/Reg_InputText_KonfirmasiKataSandi'

2023-04-03 05:54:44 - [MESSAGE][PASSED] - Text 'invalid' is set on object 'Object Repository/Web/Register/Reg_InputText_KonfirmasiKataSandi'

2023-04-03 05:54:44 - [TEST_STEP][PASSED] - check(findTestObject("Object Repository/Web/Register/Reg_Checkbox_SyaratDanKetentuan")): Object 'Object Repository/Web/Register/Reg_Checkbox_SyaratDanKetentuan' is checked

2023-04-03 05:54:45 - [MESSAGE][PASSED] - Object 'Object Repository/Web/Register/Reg_Checkbox_SyaratDanKetentuan' is checked

2023-04-03 05:54:45 - [TEST_STEP][PASSED] - click(findTestObject("Object Repository/Web/Register/Reg_Button_Daftar")): Object: 'Object Repository/Web/Register/Reg_Button_Daftar' is clicked on

2023-04-03 05:54:46 - [MESSAGE][PASSED] - Object: 'Object Repository/Web/Register/Reg_Button_Daftar' is clicked on

2023-04-03 05:54:46 - [TEST_STEP][PASSED] - delay(1): Delayed 1 second(s)

2023-04-03 05:54:47 - [MESSAGE][PASSED] - Delayed 1 second(s)

2023-04-03 05:54:47 - [TEST_STEP][PASSED] - verifyMatch("https://demo-app.online/daftar", getUrl(), false, CONTINUE_ON_FAILURE): Actual text 'https://demo-app.online/daftar' and expected text 'https://demo-app.online/daftar' are matched 

2023-04-03 05:54:47 - [MESSAGE][PASSED] - Current window's url is: 'https://demo-app.online/daftar'

2023-04-03 05:54:47 - [MESSAGE][PASSED] - Actual text 'https://demo-app.online/daftar' and expected text 'https://demo-app.online/daftar' are matched 

2023-04-03 05:54:47 - [TEST_STEP][PASSED] - println("After URL Validation"): null

2023-04-03 05:54:47 - [TEST_STEP][PASSED] - verifyElementPresent(findTestObject("Object Repository/WEB/Register/Reg_validationError_Password"), 1): Object 'Object Repository/WEB/Register/Reg_validationError_Password' is present

2023-04-03 05:54:47 - [MESSAGE][PASSED] - Object 'Object Repository/WEB/Register/Reg_validationError_Password' is present

2023-04-03 05:54:47 - [TEST_STEP][PASSED] - verifyElementPresent(findTestObject("Object Repository/WEB/Register/Reg_validationError_PasswordConfirm"), 1): Object 'Object Repository/WEB/Register/Reg_validationError_PasswordConfirm' is present

2023-04-03 05:54:47 - [MESSAGE][PASSED] - Object 'Object Repository/WEB/Register/Reg_validationError_PasswordConfirm' is present

2023-04-03 05:54:47 - [TEST_STEP][PASSED] - password = testData.getValue("Password", i): null

2023-04-03 05:54:47 - [TEST_STEP][PASSED] - navigateToUrl("https://demo-app.online/daftar"): Navigate to 'https://demo-app.online/daftar' successfully

2023-04-03 05:54:48 - [MESSAGE][PASSED] - Navigate to 'https://demo-app.online/daftar' successfully

2023-04-03 05:54:48 - [TEST_STEP][PASSED] - setText(findTestObject("Object Repository/Web/Register/Reg_InputText_Nama"), "Rizki Khaerul Fajri"): Text 'Rizki Khaerul Fajri' is set on object 'Object Repository/Web/Register/Reg_InputText_Nama'

2023-04-03 05:54:49 - [MESSAGE][PASSED] - Text 'Rizki Khaerul Fajri' is set on object 'Object Repository/Web/Register/Reg_InputText_Nama'

2023-04-03 05:54:49 - [TEST_STEP][PASSED] - setText(findTestObject("Object Repository/Web/Register/Reg_InputText_BirthDay"), "18-Feb-1997"): Text '18-Feb-1997' is set on object 'Object Repository/Web/Register/Reg_InputText_BirthDay'

2023-04-03 05:54:50 - [MESSAGE][PASSED] - Text '18-Feb-1997' is set on object 'Object Repository/Web/Register/Reg_InputText_BirthDay'

2023-04-03 05:54:50 - [TEST_STEP][PASSED] - setText(findTestObject("Object Repository/Web/Register/Reg_InputText_Email"), "Test@Example.com"): Text 'Test@Example.com' is set on object 'Object Repository/Web/Register/Reg_InputText_Email'

2023-04-03 05:54:51 - [MESSAGE][PASSED] - Text 'Test@Example.com' is set on object 'Object Repository/Web/Register/Reg_InputText_Email'

2023-04-03 05:54:51 - [TEST_STEP][PASSED] - setText(findTestObject("Object Repository/Web/Register/Reg_InputText_Whatsapp"), "081324387267"): Text '081324387267' is set on object 'Object Repository/Web/Register/Reg_InputText_Whatsapp'

2023-04-03 05:54:51 - [MESSAGE][PASSED] - Text '081324387267' is set on object 'Object Repository/Web/Register/Reg_InputText_Whatsapp'

2023-04-03 05:54:51 - [TEST_STEP][PASSED] - setText(findTestObject("Object Repository/Web/Register/Reg_InputText_KataSandi"), password): Text 'p4ssw0r' is set on object 'Object Repository/Web/Register/Reg_InputText_KataSandi'

2023-04-03 05:54:52 - [MESSAGE][PASSED] - Text 'p4ssw0r' is set on object 'Object Repository/Web/Register/Reg_InputText_KataSandi'

2023-04-03 05:54:52 - [TEST_STEP][PASSED] - setText(findTestObject("Object Repository/Web/Register/Reg_InputText_KonfirmasiKataSandi"), password): Text 'p4ssw0r' is set on object 'Object Repository/Web/Register/Reg_InputText_KonfirmasiKataSandi'

2023-04-03 05:54:52 - [MESSAGE][PASSED] - Text 'p4ssw0r' is set on object 'Object Repository/Web/Register/Reg_InputText_KonfirmasiKataSandi'

2023-04-03 05:54:52 - [TEST_STEP][PASSED] - check(findTestObject("Object Repository/Web/Register/Reg_Checkbox_SyaratDanKetentuan")): Object 'Object Repository/Web/Register/Reg_Checkbox_SyaratDanKetentuan' is checked

2023-04-03 05:54:53 - [MESSAGE][PASSED] - Object 'Object Repository/Web/Register/Reg_Checkbox_SyaratDanKetentuan' is checked

2023-04-03 05:54:53 - [TEST_STEP][PASSED] - click(findTestObject("Object Repository/Web/Register/Reg_Button_Daftar")): Object: 'Object Repository/Web/Register/Reg_Button_Daftar' is clicked on

2023-04-03 05:54:54 - [MESSAGE][PASSED] - Object: 'Object Repository/Web/Register/Reg_Button_Daftar' is clicked on

2023-04-03 05:54:54 - [TEST_STEP][PASSED] - delay(1): Delayed 1 second(s)

2023-04-03 05:54:55 - [MESSAGE][PASSED] - Delayed 1 second(s)

2023-04-03 05:54:55 - [TEST_STEP][PASSED] - verifyMatch("https://demo-app.online/daftar", getUrl(), false, CONTINUE_ON_FAILURE): Actual text 'https://demo-app.online/daftar' and expected text 'https://demo-app.online/daftar' are matched 

2023-04-03 05:54:55 - [MESSAGE][PASSED] - Current window's url is: 'https://demo-app.online/daftar'

2023-04-03 05:54:55 - [MESSAGE][PASSED] - Actual text 'https://demo-app.online/daftar' and expected text 'https://demo-app.online/daftar' are matched 

2023-04-03 05:54:55 - [TEST_STEP][PASSED] - println("After URL Validation"): null

2023-04-03 05:54:55 - [TEST_STEP][PASSED] - verifyElementPresent(findTestObject("Object Repository/WEB/Register/Reg_validationError_Password"), 1): Object 'Object Repository/WEB/Register/Reg_validationError_Password' is present

2023-04-03 05:54:55 - [MESSAGE][PASSED] - Object 'Object Repository/WEB/Register/Reg_validationError_Password' is present

2023-04-03 05:54:55 - [TEST_STEP][PASSED] - verifyElementPresent(findTestObject("Object Repository/WEB/Register/Reg_validationError_PasswordConfirm"), 1): Object 'Object Repository/WEB/Register/Reg_validationError_PasswordConfirm' is present

2023-04-03 05:54:55 - [MESSAGE][PASSED] - Object 'Object Repository/WEB/Register/Reg_validationError_PasswordConfirm' is present]]></system-out>
         <system-err><![CDATA[]]></system-err>
      </testcase>
      <testcase name="Test Cases/Web/REG/REG-42" time="12.26" classname="Test Cases/Web/REG/REG-42" status="PASSED">
         <system-out><![CDATA[2023-04-03 05:54:55 - [TEST_CASE][PASSED] - Test Cases/Web/REG/REG-42: Test Cases/Web/REG/REG-42

2023-04-03 05:54:56 - [TEST_STEP][PASSED] - openBrowser(""): Browser is opened with url: ''

2023-04-03 05:54:56 - [MESSAGE][WARNING] - A browser is already opened. Closing browser and opening a new one

2023-04-03 05:54:56 - [MESSAGE][INFO] - Starting 'Chrome' driver

2023-04-03 05:54:56 - [MESSAGE][INFO] - Action delay is set to 0 milliseconds

2023-04-03 05:54:57 - [MESSAGE][PASSED] - Browser is opened with url: ''

2023-04-03 05:54:57 - [TEST_STEP][PASSED] - navigateToUrl("https://demo-app.online/daftar"): Navigate to 'https://demo-app.online/daftar' successfully

2023-04-03 05:54:59 - [MESSAGE][PASSED] - Navigate to 'https://demo-app.online/daftar' successfully

2023-04-03 05:54:59 - [TEST_STEP][PASSED] - setText(findTestObject("Object Repository/Web/Register/Reg_InputText_Nama"), "Rizki Khaerul Fajri"): Text 'Rizki Khaerul Fajri' is set on object 'Object Repository/Web/Register/Reg_InputText_Nama'

2023-04-03 05:55:00 - [MESSAGE][PASSED] - Text 'Rizki Khaerul Fajri' is set on object 'Object Repository/Web/Register/Reg_InputText_Nama'

2023-04-03 05:55:00 - [TEST_STEP][PASSED] - setText(findTestObject("Object Repository/Web/Register/Reg_InputText_BirthDay"), "18-Feb-1997"): Text '18-Feb-1997' is set on object 'Object Repository/Web/Register/Reg_InputText_BirthDay'

2023-04-03 05:55:01 - [MESSAGE][PASSED] - Text '18-Feb-1997' is set on object 'Object Repository/Web/Register/Reg_InputText_BirthDay'

2023-04-03 05:55:01 - [TEST_STEP][PASSED] - setText(findTestObject("Object Repository/Web/Register/Reg_InputText_Email"), "Test@Example.com"): Text 'Test@Example.com' is set on object 'Object Repository/Web/Register/Reg_InputText_Email'

2023-04-03 05:55:02 - [MESSAGE][PASSED] - Text 'Test@Example.com' is set on object 'Object Repository/Web/Register/Reg_InputText_Email'

2023-04-03 05:55:02 - [TEST_STEP][PASSED] - setText(findTestObject("Object Repository/Web/Register/Reg_InputText_Whatsapp"), "081324387267"): Text '081324387267' is set on object 'Object Repository/Web/Register/Reg_InputText_Whatsapp'

2023-04-03 05:55:02 - [MESSAGE][PASSED] - Text '081324387267' is set on object 'Object Repository/Web/Register/Reg_InputText_Whatsapp'

2023-04-03 05:55:02 - [TEST_STEP][PASSED] - setText(findTestObject("Object Repository/Web/Register/Reg_InputText_KataSandi"), "12345678"): Text '12345678' is set on object 'Object Repository/Web/Register/Reg_InputText_KataSandi'

2023-04-03 05:55:03 - [MESSAGE][PASSED] - Text '12345678' is set on object 'Object Repository/Web/Register/Reg_InputText_KataSandi'

2023-04-03 05:55:03 - [TEST_STEP][PASSED] - setText(findTestObject("Object Repository/Web/Register/Reg_InputText_KonfirmasiKataSandi"), "87654321"): Text '87654321' is set on object 'Object Repository/Web/Register/Reg_InputText_KonfirmasiKataSandi'

2023-04-03 05:55:04 - [MESSAGE][PASSED] - Text '87654321' is set on object 'Object Repository/Web/Register/Reg_InputText_KonfirmasiKataSandi'

2023-04-03 05:55:04 - [TEST_STEP][PASSED] - check(findTestObject("Object Repository/Web/Register/Reg_Checkbox_SyaratDanKetentuan")): Object 'Object Repository/Web/Register/Reg_Checkbox_SyaratDanKetentuan' is checked

2023-04-03 05:55:04 - [MESSAGE][PASSED] - Object 'Object Repository/Web/Register/Reg_Checkbox_SyaratDanKetentuan' is checked

2023-04-03 05:55:04 - [TEST_STEP][PASSED] - click(findTestObject("Object Repository/Web/Register/Reg_Button_Daftar")): Object: 'Object Repository/Web/Register/Reg_Button_Daftar' is clicked on

2023-04-03 05:55:06 - [MESSAGE][PASSED] - Object: 'Object Repository/Web/Register/Reg_Button_Daftar' is clicked on

2023-04-03 05:55:06 - [TEST_STEP][PASSED] - delay(1): Delayed 1 second(s)

2023-04-03 05:55:07 - [MESSAGE][PASSED] - Delayed 1 second(s)

2023-04-03 05:55:07 - [TEST_STEP][PASSED] - verifyMatch("https://demo-app.online/daftar", getUrl(), false, CONTINUE_ON_FAILURE): Actual text 'https://demo-app.online/daftar' and expected text 'https://demo-app.online/daftar' are matched 

2023-04-03 05:55:07 - [MESSAGE][PASSED] - Current window's url is: 'https://demo-app.online/daftar'

2023-04-03 05:55:07 - [MESSAGE][PASSED] - Actual text 'https://demo-app.online/daftar' and expected text 'https://demo-app.online/daftar' are matched 

2023-04-03 05:55:07 - [TEST_STEP][PASSED] - println("After URL Validation"): null

2023-04-03 05:55:07 - [TEST_STEP][PASSED] - verifyElementPresent(findTestObject("Object Repository/WEB/Register/Reg_validationError_Password"), 1): Object 'Object Repository/WEB/Register/Reg_validationError_Password' is present

2023-04-03 05:55:07 - [MESSAGE][PASSED] - Object 'Object Repository/WEB/Register/Reg_validationError_Password' is present

2023-04-03 05:55:07 - [TEST_STEP][PASSED] - verifyElementPresent(findTestObject("Object Repository/WEB/Register/Reg_validationError_PasswordConfirm"), 1): Object 'Object Repository/WEB/Register/Reg_validationError_PasswordConfirm' is present

2023-04-03 05:55:08 - [MESSAGE][PASSED] - Object 'Object Repository/WEB/Register/Reg_validationError_PasswordConfirm' is present]]></system-out>
         <system-err><![CDATA[]]></system-err>
      </testcase>
      <testcase name="Test Cases/Web/REG/REG-43" time="10.295" classname="Test Cases/Web/REG/REG-43" status="PASSED">
         <system-out><![CDATA[2023-04-03 05:55:08 - [TEST_CASE][PASSED] - Test Cases/Web/REG/REG-43: Test Cases/Web/REG/REG-43

2023-04-03 05:55:08 - [TEST_STEP][PASSED] - openBrowser(""): Browser is opened with url: ''

2023-04-03 05:55:08 - [MESSAGE][WARNING] - A browser is already opened. Closing browser and opening a new one

2023-04-03 05:55:09 - [MESSAGE][INFO] - Starting 'Chrome' driver

2023-04-03 05:55:09 - [MESSAGE][INFO] - Action delay is set to 0 milliseconds

2023-04-03 05:55:10 - [MESSAGE][PASSED] - Browser is opened with url: ''

2023-04-03 05:55:10 - [TEST_STEP][PASSED] - navigateToUrl("https://demo-app.online/daftar"): Navigate to 'https://demo-app.online/daftar' successfully

2023-04-03 05:55:11 - [MESSAGE][PASSED] - Navigate to 'https://demo-app.online/daftar' successfully

2023-04-03 05:55:11 - [TEST_STEP][PASSED] - setText(findTestObject("Object Repository/Web/Register/Reg_InputText_Nama"), "Rizki Khaerul Fajri"): Text 'Rizki Khaerul Fajri' is set on object 'Object Repository/Web/Register/Reg_InputText_Nama'

2023-04-03 05:55:12 - [MESSAGE][PASSED] - Text 'Rizki Khaerul Fajri' is set on object 'Object Repository/Web/Register/Reg_InputText_Nama'

2023-04-03 05:55:12 - [TEST_STEP][PASSED] - setText(findTestObject("Object Repository/Web/Register/Reg_InputText_BirthDay"), "18-Feb-1997"): Text '18-Feb-1997' is set on object 'Object Repository/Web/Register/Reg_InputText_BirthDay'

2023-04-03 05:55:13 - [MESSAGE][PASSED] - Text '18-Feb-1997' is set on object 'Object Repository/Web/Register/Reg_InputText_BirthDay'

2023-04-03 05:55:13 - [TEST_STEP][PASSED] - setText(findTestObject("Object Repository/Web/Register/Reg_InputText_Email"), "Test@Example.com"): Text 'Test@Example.com' is set on object 'Object Repository/Web/Register/Reg_InputText_Email'

2023-04-03 05:55:14 - [MESSAGE][PASSED] - Text 'Test@Example.com' is set on object 'Object Repository/Web/Register/Reg_InputText_Email'

2023-04-03 05:55:14 - [TEST_STEP][PASSED] - setText(findTestObject("Object Repository/Web/Register/Reg_InputText_Whatsapp"), "081324387267"): Text '081324387267' is set on object 'Object Repository/Web/Register/Reg_InputText_Whatsapp'

2023-04-03 05:55:15 - [MESSAGE][PASSED] - Text '081324387267' is set on object 'Object Repository/Web/Register/Reg_InputText_Whatsapp'

2023-04-03 05:55:15 - [TEST_STEP][PASSED] - setText(findTestObject("Object Repository/Web/Register/Reg_InputText_KataSandi"), "testingtesting"): Text 'testingtesting' is set on object 'Object Repository/Web/Register/Reg_InputText_KataSandi'

2023-04-03 05:55:15 - [MESSAGE][PASSED] - Text 'testingtesting' is set on object 'Object Repository/Web/Register/Reg_InputText_KataSandi'

2023-04-03 05:55:15 - [TEST_STEP][PASSED] - setText(findTestObject("Object Repository/Web/Register/Reg_InputText_KonfirmasiKataSandi"), "testingtesting"): Text 'testingtesting' is set on object 'Object Repository/Web/Register/Reg_InputText_KonfirmasiKataSandi'

2023-04-03 05:55:16 - [MESSAGE][PASSED] - Text 'testingtesting' is set on object 'Object Repository/Web/Register/Reg_InputText_KonfirmasiKataSandi'

2023-04-03 05:55:16 - [TEST_STEP][PASSED] - verifyElementNotChecked(findTestObject("Object Repository/Web/Register/Reg_Checkbox_SyaratDanKetentuan"), 1): Object 'Object Repository/Web/Register/Reg_Checkbox_SyaratDanKetentuan' is not checked

2023-04-03 05:55:17 - [MESSAGE][PASSED] - Object 'Object Repository/Web/Register/Reg_Checkbox_SyaratDanKetentuan' is not checked

2023-04-03 05:55:17 - [TEST_STEP][PASSED] - click(findTestObject("Object Repository/Web/Register/Reg_Button_Daftar")): Object: 'Object Repository/Web/Register/Reg_Button_Daftar' is clicked on

2023-04-03 05:55:17 - [MESSAGE][PASSED] - Object: 'Object Repository/Web/Register/Reg_Button_Daftar' is clicked on

2023-04-03 05:55:17 - [TEST_STEP][PASSED] - delay(1): Delayed 1 second(s)

2023-04-03 05:55:18 - [MESSAGE][PASSED] - Delayed 1 second(s)

2023-04-03 05:55:18 - [TEST_STEP][PASSED] - verifyMatch("https://demo-app.online/daftar", getUrl(), false, CONTINUE_ON_FAILURE): Actual text 'https://demo-app.online/daftar' and expected text 'https://demo-app.online/daftar' are matched 

2023-04-03 05:55:18 - [MESSAGE][PASSED] - Current window's url is: 'https://demo-app.online/daftar'

2023-04-03 05:55:18 - [MESSAGE][PASSED] - Actual text 'https://demo-app.online/daftar' and expected text 'https://demo-app.online/daftar' are matched 

2023-04-03 05:55:18 - [TEST_STEP][PASSED] - println("After URL Validation"): null

2023-04-03 05:55:18 - [TEST_STEP][PASSED] - isValid = executeJavaScript("document.getElementById("inlineCheckbox1").reportValidity();", null): Execute JavaScript 'document.getElementById("inlineCheckbox1").reportValidity();' successfully

2023-04-03 05:55:18 - [MESSAGE][PASSED] - Execute JavaScript 'document.getElementById("inlineCheckbox1").reportValidity();' successfully

2023-04-03 05:55:18 - [TEST_STEP][PASSED] - assert !(isValid) : "No validation error for password field": null]]></system-out>
         <system-err><![CDATA[]]></system-err>
      </testcase>
      <system-out><![CDATA[2023-04-03 05:39:15 - [TEST_SUITE][FAILED] - REG: Test Cases/Web/REG/REG-14 FAILED.
Reason:
com.kms.katalon.core.exception.StepFailedException: Unable to execute JavaScript.
	at com.kms.katalon.core.webui.keyword.internal.WebUIKeywordMain.stepFailed(WebUIKeywordMain.groovy:64)
	at com.kms.katalon.core.webui.keyword.internal.WebUIKeywordMain.runKeyword(WebUIKeywordMain.groovy:26)
	at com.kms.katalon.core.webui.keyword.builtin.ExecuteJavaScriptKeyword.executeJavascript(ExecuteJavascriptKeyword.groovy:42)
	at com.kms.katalon.core.webui.keyword.builtin.ExecuteJavaScriptKeyword.execute(ExecuteJavascriptKeyword.groovy:37)
	at com.kms.katalon.core.keyword.internal.KeywordExecutor.executeKeywordForPlatform(KeywordExecutor.groovy:74)
	at com.kms.katalon.core.webui.keyword.WebUiBuiltInKeywords.executeJavaScript(WebUiBuiltInKeywords.groovy:4873)
	at com.kms.katalon.core.webui.keyword.WebUiBuiltInKeywords$executeJavaScript$5.call(Unknown Source)
	at REG-14.run(REG-14:42)
	at com.kms.katalon.core.main.ScriptEngine.run(ScriptEngine.java:194)
	at com.kms.katalon.core.main.ScriptEngine.runScriptAsRawText(ScriptEngine.java:119)
	at com.kms.katalon.core.main.TestCaseExecutor.runScript(TestCaseExecutor.java:448)
	at com.kms.katalon.core.main.TestCaseExecutor.doExecute(TestCaseExecutor.java:439)
	at com.kms.katalon.core.main.TestCaseExecutor.processExecutionPhase(TestCaseExecutor.java:418)
	at com.kms.katalon.core.main.TestCaseExecutor.accessMainPhase(TestCaseExecutor.java:410)
	at com.kms.katalon.core.main.TestCaseExecutor.execute(TestCaseExecutor.java:285)
	at com.kms.katalon.core.common.CommonExecutor.accessTestCaseMainPhase(CommonExecutor.java:65)
	at com.kms.katalon.core.main.TestSuiteExecutor.accessTestSuiteMainPhase(TestSuiteExecutor.java:151)
	at com.kms.katalon.core.main.TestSuiteExecutor.execute(TestSuiteExecutor.java:106)
	at com.kms.katalon.core.main.TestCaseMain.startTestSuite(TestCaseMain.java:185)
	at com.kms.katalon.core.main.TestCaseMain$startTestSuite$0.call(Unknown Source)
	at TempTestSuite1680475136875.run(TempTestSuite1680475136875.groovy:36)
Caused by: org.openqa.selenium.JavascriptException: javascript error: Cannot read properties of null (reading 'reportValidity')
  (Session info: chrome=111.0.5563.147)
Build info: version: '3.141.59', revision: 'e82be7d358', time: '2018-11-14T08:25:53'
System info: host: 'RED', ip: '192.168.203.1', os.name: 'Windows 10', os.arch: 'amd64', os.version: '10.0', java.version: '1.8.0_282'
Driver info: com.kms.katalon.selenium.driver.CChromeDriver
Capabilities {acceptInsecureCerts: false, browserName: chrome, browserVersion: 111.0.5563.147, chrome: {chromedriverVersion: 111.0.5563.64 (c710e93d5b63..., userDataDir: C:\Users\rizki\AppData\Loca...}, goog:chromeOptions: {debuggerAddress: localhost:53738}, javascriptEnabled: true, networkConnectionEnabled: false, pageLoadStrategy: normal, platform: WINDOWS, platformName: WINDOWS, proxy: Proxy(), setWindowRect: true, strictFileInteractability: false, timeouts: {implicit: 0, pageLoad: 300000, script: 30000}, unhandledPromptBehavior: dismiss and notify, webauthn:extension:credBlob: true, webauthn:extension:largeBlob: true, webauthn:extension:minPinLength: true, webauthn:extension:prf: true, webauthn:virtualAuthenticators: true}
Session ID: a540af7ed3786de5029ea073d1de2964
	at org.openqa.selenium.remote.http.W3CHttpResponseCodec.createException(W3CHttpResponseCodec.java:187)
	at org.openqa.selenium.remote.http.W3CHttpResponseCodec.decode(W3CHttpResponseCodec.java:122)
	at org.openqa.selenium.remote.http.W3CHttpResponseCodec.decode(W3CHttpResponseCodec.java:49)
	at org.openqa.selenium.remote.HttpCommandExecutor.execute(HttpCommandExecutor.java:158)
	at org.openqa.selenium.remote.service.DriverCommandExecutor.execute(DriverCommandExecutor.java:83)
	at org.openqa.selenium.remote.RemoteWebDriver.execute(RemoteWebDriver.java:552)
	at com.kms.katalon.selenium.driver.CChromeDriver.execute(CChromeDriver.java:19)
	at org.openqa.selenium.remote.RemoteWebDriver.executeScript(RemoteWebDriver.java:489)
	at org.openqa.selenium.support.events.EventFiringWebDriver.lambda$new$1(EventFiringWebDriver.java:105)
	at com.sun.proxy.$Proxy10.executeScript(Unknown Source)
	at org.openqa.selenium.support.events.EventFiringWebDriver.executeScript(EventFiringWebDriver.java:229)
	at com.kms.katalon.core.webui.keyword.builtin.ExecuteJavaScriptKeyword$_executeJavascript_closure1.doCall(ExecuteJavascriptKeyword.groovy:48)
	at com.kms.katalon.core.webui.keyword.builtin.ExecuteJavaScriptKeyword$_executeJavascript_closure1.call(ExecuteJavascriptKeyword.groovy)
	at com.kms.katalon.core.webui.keyword.internal.WebUIKeywordMain.runKeyword(WebUIKeywordMain.groovy:20)
	... 19 more]]></system-out>
      <system-err><![CDATA[2023-04-03 05:39:15 - [TEST_SUITE][FAILED] - REG: Test Cases/Web/REG/REG-14 FAILED.
Reason:
com.kms.katalon.core.exception.StepFailedException: Unable to execute JavaScript.
	at com.kms.katalon.core.webui.keyword.internal.WebUIKeywordMain.stepFailed(WebUIKeywordMain.groovy:64)
	at com.kms.katalon.core.webui.keyword.internal.WebUIKeywordMain.runKeyword(WebUIKeywordMain.groovy:26)
	at com.kms.katalon.core.webui.keyword.builtin.ExecuteJavaScriptKeyword.executeJavascript(ExecuteJavascriptKeyword.groovy:42)
	at com.kms.katalon.core.webui.keyword.builtin.ExecuteJavaScriptKeyword.execute(ExecuteJavascriptKeyword.groovy:37)
	at com.kms.katalon.core.keyword.internal.KeywordExecutor.executeKeywordForPlatform(KeywordExecutor.groovy:74)
	at com.kms.katalon.core.webui.keyword.WebUiBuiltInKeywords.executeJavaScript(WebUiBuiltInKeywords.groovy:4873)
	at com.kms.katalon.core.webui.keyword.WebUiBuiltInKeywords$executeJavaScript$5.call(Unknown Source)
	at REG-14.run(REG-14:42)
	at com.kms.katalon.core.main.ScriptEngine.run(ScriptEngine.java:194)
	at com.kms.katalon.core.main.ScriptEngine.runScriptAsRawText(ScriptEngine.java:119)
	at com.kms.katalon.core.main.TestCaseExecutor.runScript(TestCaseExecutor.java:448)
	at com.kms.katalon.core.main.TestCaseExecutor.doExecute(TestCaseExecutor.java:439)
	at com.kms.katalon.core.main.TestCaseExecutor.processExecutionPhase(TestCaseExecutor.java:418)
	at com.kms.katalon.core.main.TestCaseExecutor.accessMainPhase(TestCaseExecutor.java:410)
	at com.kms.katalon.core.main.TestCaseExecutor.execute(TestCaseExecutor.java:285)
	at com.kms.katalon.core.common.CommonExecutor.accessTestCaseMainPhase(CommonExecutor.java:65)
	at com.kms.katalon.core.main.TestSuiteExecutor.accessTestSuiteMainPhase(TestSuiteExecutor.java:151)
	at com.kms.katalon.core.main.TestSuiteExecutor.execute(TestSuiteExecutor.java:106)
	at com.kms.katalon.core.main.TestCaseMain.startTestSuite(TestCaseMain.java:185)
	at com.kms.katalon.core.main.TestCaseMain$startTestSuite$0.call(Unknown Source)
	at TempTestSuite1680475136875.run(TempTestSuite1680475136875.groovy:36)
Caused by: org.openqa.selenium.JavascriptException: javascript error: Cannot read properties of null (reading 'reportValidity')
  (Session info: chrome=111.0.5563.147)
Build info: version: '3.141.59', revision: 'e82be7d358', time: '2018-11-14T08:25:53'
System info: host: 'RED', ip: '192.168.203.1', os.name: 'Windows 10', os.arch: 'amd64', os.version: '10.0', java.version: '1.8.0_282'
Driver info: com.kms.katalon.selenium.driver.CChromeDriver
Capabilities {acceptInsecureCerts: false, browserName: chrome, browserVersion: 111.0.5563.147, chrome: {chromedriverVersion: 111.0.5563.64 (c710e93d5b63..., userDataDir: C:\Users\rizki\AppData\Loca...}, goog:chromeOptions: {debuggerAddress: localhost:53738}, javascriptEnabled: true, networkConnectionEnabled: false, pageLoadStrategy: normal, platform: WINDOWS, platformName: WINDOWS, proxy: Proxy(), setWindowRect: true, strictFileInteractability: false, timeouts: {implicit: 0, pageLoad: 300000, script: 30000}, unhandledPromptBehavior: dismiss and notify, webauthn:extension:credBlob: true, webauthn:extension:largeBlob: true, webauthn:extension:minPinLength: true, webauthn:extension:prf: true, webauthn:virtualAuthenticators: true}
Session ID: a540af7ed3786de5029ea073d1de2964
	at org.openqa.selenium.remote.http.W3CHttpResponseCodec.createException(W3CHttpResponseCodec.java:187)
	at org.openqa.selenium.remote.http.W3CHttpResponseCodec.decode(W3CHttpResponseCodec.java:122)
	at org.openqa.selenium.remote.http.W3CHttpResponseCodec.decode(W3CHttpResponseCodec.java:49)
	at org.openqa.selenium.remote.HttpCommandExecutor.execute(HttpCommandExecutor.java:158)
	at org.openqa.selenium.remote.service.DriverCommandExecutor.execute(DriverCommandExecutor.java:83)
	at org.openqa.selenium.remote.RemoteWebDriver.execute(RemoteWebDriver.java:552)
	at com.kms.katalon.selenium.driver.CChromeDriver.execute(CChromeDriver.java:19)
	at org.openqa.selenium.remote.RemoteWebDriver.executeScript(RemoteWebDriver.java:489)
	at org.openqa.selenium.support.events.EventFiringWebDriver.lambda$new$1(EventFiringWebDriver.java:105)
	at com.sun.proxy.$Proxy10.executeScript(Unknown Source)
	at org.openqa.selenium.support.events.EventFiringWebDriver.executeScript(EventFiringWebDriver.java:229)
	at com.kms.katalon.core.webui.keyword.builtin.ExecuteJavaScriptKeyword$_executeJavascript_closure1.doCall(ExecuteJavascriptKeyword.groovy:48)
	at com.kms.katalon.core.webui.keyword.builtin.ExecuteJavaScriptKeyword$_executeJavascript_closure1.call(ExecuteJavascriptKeyword.groovy)
	at com.kms.katalon.core.webui.keyword.internal.WebUIKeywordMain.runKeyword(WebUIKeywordMain.groovy:20)
	... 19 more]]></system-err>
   </testsuite>
</testsuites>
