<?xml version="1.0" encoding="UTF-8"?>
<testsuites name="Login All TC" time="162.929" tests="8" failures="0" errors="0">
   <testsuite name="Login All TC" tests="8" failures="0" errors="0" time="162.929" skipped="0" timestamp="2023-04-03 10:27:07" hostname="pooyu - ADS" id="Test Suites/Login All TC">
      <properties>
         <property name="deviceName" value="emulator-5554 (sdk_gphone64_x86_64 - Android 13)"/>
         <property name="devicePlatform" value=""/>
         <property name="logFolder" value="C:\\Users\\pooyu\\Katalon Studio\\CodingID-QA\\Reports\\20230403_102705\\Login All TC\\20230403_102705"/>
         <property name="logFiles" value="C:\\Users\\pooyu\\Katalon Studio\\CodingID-QA\\Reports\\20230403_102705\\Login All TC\\20230403_102705\\appium.log, C:\\Users\\pooyu\\Katalon Studio\\CodingID-QA\\Reports\\20230403_102705\\Login All TC\\20230403_102705\\execution0.log"/>
         <property name="attachments" value=""/>
         <property name="hostName" value="pooyu - ADS"/>
         <property name="os" value="Windows 10 64bit"/>
         <property name="appiumServerStatus" value="{&quot;value&quot;:{&quot;build&quot;:{&quot;version&quot;:&quot;1.22.3&quot;}},&quot;sessionId&quot;:null,&quot;status&quot;:0}"/>
         <property name="katalonVersion" value="8.5.5.208"/>
         <property name="deviceOS" value="Android"/>
         <property name="appiumVersion" value="1.22.3"/>
         <property name="deviceModel" value="sdk_gphone64_x86_64"/>
         <property name="hostAddress" value="192.168.0.105"/>
         <property name="deviceManufacturer" value="Google"/>
         <property name="deviceId" value="emulator-5554"/>
         <property name="deviceName" value="emulator-5554 (sdk_gphone64_x86_64 - Android 13)"/>
         <property name="deviceOSVersion" value="13"/>
      </properties>
      <testcase name="Test Cases/Android/Login/LOG-01" time="25.285" classname="Test Cases/Android/Login/LOG-01" status="PASSED">
         <system-out><![CDATA[2023-04-03 10:27:07 - [TEST_CASE][PASSED] - Test Cases/Android/Login/LOG-01: Test Cases/Android/Login/LOG-01

2023-04-03 10:27:07 - [TEST_STEP][PASSED] - startExistingApplication("com.codingid.codingidhive.betastaging"): Starting app with application ID: 'com.codingid.codingidhive.betastaging'

2023-04-03 10:27:08 - [MESSAGE][INFO] - Detected NodeJS location: "C:\Program Files\nodejs\node.exe"

2023-04-03 10:27:09 - [MESSAGE][INFO] - Appium server started on port 51,201

2023-04-03 10:27:22 - [MESSAGE][PASSED] - Starting app with application ID: 'com.codingid.codingidhive.betastaging'

2023-04-03 10:27:22 - [TEST_STEP][PASSED] - tap(findTestObject("Object Repository/Android/Home_Button_LoginButton"), 0): Tapped on element 'Object Repository/Android/Home_Button_LoginButton'

2023-04-03 10:27:22 - [MESSAGE][WARNING] - Timeout '0' is invalid. Using default page load timeout: '30'

2023-04-03 10:27:25 - [MESSAGE][PASSED] - Tapped on element 'Object Repository/Android/Home_Button_LoginButton'

2023-04-03 10:27:25 - [TEST_STEP][PASSED] - tap(findTestObject("Android/Login_Field_Email"), 0): Tapped on element 'Object Repository/Android/Login_Field_Email'

2023-04-03 10:27:25 - [MESSAGE][WARNING] - Timeout '0' is invalid. Using default page load timeout: '30'

2023-04-03 10:27:26 - [MESSAGE][PASSED] - Tapped on element 'Object Repository/Android/Login_Field_Email'

2023-04-03 10:27:26 - [TEST_STEP][PASSED] - hideKeyboard(): Keyboard is hidden

2023-04-03 10:27:27 - [MESSAGE][PASSED] - Keyboard is hidden

2023-04-03 10:27:27 - [TEST_STEP][PASSED] - setEncryptedText(findTestObject("Android/Login_Field_Password"), "7joVKksfSVM=", 0): Encrypted text '7joVKksfSVM=' has been set to element 'Object Repository/Android/Login_Field_Password'

2023-04-03 10:27:27 - [MESSAGE][WARNING] - Timeout '0' is invalid. Using default page load timeout: '30'

2023-04-03 10:27:29 - [MESSAGE][PASSED] - Encrypted text '7joVKksfSVM=' has been set to element 'Object Repository/Android/Login_Field_Password'

2023-04-03 10:27:29 - [TEST_STEP][PASSED] - hideKeyboard(): Keyboard is hidden

2023-04-03 10:27:29 - [MESSAGE][PASSED] - Keyboard is hidden

2023-04-03 10:27:29 - [TEST_STEP][PASSED] - tap(findTestObject("Android/Login_Button_RevealPassword"), 0): Tapped on element 'Object Repository/Android/Login_Button_RevealPassword'

2023-04-03 10:27:29 - [MESSAGE][WARNING] - Timeout '0' is invalid. Using default page load timeout: '30'

2023-04-03 10:27:30 - [MESSAGE][PASSED] - Tapped on element 'Object Repository/Android/Login_Button_RevealPassword'

2023-04-03 10:27:30 - [TEST_STEP][PASSED] - waitForElementPresent(findTestObject("New Obj/Login_Field_Password_Filled_apaaja"), 0): Element 'Object Repository/New Obj/Login_Field_Password_Filled_apaaja' is present

2023-04-03 10:27:30 - [MESSAGE][WARNING] - Timeout '0' is invalid. Using default page load timeout: '30'

2023-04-03 10:27:31 - [MESSAGE][PASSED] - Element 'Object Repository/New Obj/Login_Field_Password_Filled_apaaja' is present

2023-04-03 10:27:31 - [TEST_STEP][PASSED] - hideKeyboard(): Keyboard is hidden

2023-04-03 10:27:31 - [MESSAGE][PASSED] - Keyboard is hidden

2023-04-03 10:27:31 - [TEST_STEP][PASSED] - pressBack(): Press back button successfully

2023-04-03 10:27:32 - [MESSAGE][PASSED] - Press back button successfully

2023-04-03 10:27:32 - [TEST_STEP][PASSED] - closeApplication(): Close app successfully

2023-04-03 10:27:32 - [MESSAGE][PASSED] - Close app successfully]]></system-out>
         <system-err><![CDATA[]]></system-err>
      </testcase>
      <testcase name="Test Cases/Android/Login/LOG-02" time="19.139" classname="Test Cases/Android/Login/LOG-02" status="PASSED">
         <system-out><![CDATA[2023-04-03 10:27:32 - [TEST_CASE][PASSED] - Test Cases/Android/Login/LOG-02: Test Cases/Android/Login/LOG-02

2023-04-03 10:27:33 - [TEST_STEP][PASSED] - startExistingApplication("com.codingid.codingidhive.betastaging"): Starting app with application ID: 'com.codingid.codingidhive.betastaging'

2023-04-03 10:27:33 - [MESSAGE][INFO] - Detected NodeJS location: "C:\Program Files\nodejs\node.exe"

2023-04-03 10:27:34 - [MESSAGE][INFO] - Appium server started on port 51,442

2023-04-03 10:27:43 - [MESSAGE][PASSED] - Starting app with application ID: 'com.codingid.codingidhive.betastaging'

2023-04-03 10:27:43 - [TEST_STEP][PASSED] - tap(findTestObject("Android/Home_Button_LoginButton"), 0): Tapped on element 'Object Repository/Android/Home_Button_LoginButton'

2023-04-03 10:27:43 - [MESSAGE][WARNING] - Timeout '0' is invalid. Using default page load timeout: '30'

2023-04-03 10:27:44 - [MESSAGE][PASSED] - Tapped on element 'Object Repository/Android/Home_Button_LoginButton'

2023-04-03 10:27:44 - [TEST_STEP][PASSED] - tap(findTestObject("Android/Login_Button_Login With Apple ID"), 0): Tapped on element 'Object Repository/Android/Login_Button_Login With Apple ID'

2023-04-03 10:27:44 - [MESSAGE][WARNING] - Timeout '0' is invalid. Using default page load timeout: '30'

2023-04-03 10:27:46 - [MESSAGE][PASSED] - Tapped on element 'Object Repository/Android/Login_Button_Login With Apple ID'

2023-04-03 10:27:46 - [TEST_STEP][PASSED] - waitForElementPresent(findTestObject("Object Repository/Android/AppleIDWindow_Login"), 0): Element 'Object Repository/Android/AppleIDWindow_Login' is present

2023-04-03 10:27:46 - [MESSAGE][WARNING] - Timeout '0' is invalid. Using default page load timeout: '30'

2023-04-03 10:27:50 - [MESSAGE][PASSED] - Element 'Object Repository/Android/AppleIDWindow_Login' is present

2023-04-03 10:27:50 - [TEST_STEP][PASSED] - pressBack(): Press back button successfully

2023-04-03 10:27:51 - [MESSAGE][PASSED] - Press back button successfully

2023-04-03 10:27:51 - [TEST_STEP][PASSED] - pressBack(): Press back button successfully

2023-04-03 10:27:51 - [MESSAGE][PASSED] - Press back button successfully

2023-04-03 10:27:51 - [TEST_STEP][PASSED] - closeApplication(): Close app successfully

2023-04-03 10:27:52 - [MESSAGE][PASSED] - Close app successfully]]></system-out>
         <system-err><![CDATA[]]></system-err>
      </testcase>
      <testcase name="Test Cases/Android/Login/LOG-04" time="18.509" classname="Test Cases/Android/Login/LOG-04" status="PASSED">
         <system-out><![CDATA[2023-04-03 10:27:52 - [TEST_CASE][PASSED] - Test Cases/Android/Login/LOG-04: Test Cases/Android/Login/LOG-04

2023-04-03 10:27:52 - [TEST_STEP][PASSED] - startExistingApplication("com.codingid.codingidhive.betastaging"): Starting app with application ID: 'com.codingid.codingidhive.betastaging'

2023-04-03 10:27:52 - [MESSAGE][INFO] - Detected NodeJS location: "C:\Program Files\nodejs\node.exe"

2023-04-03 10:27:53 - [MESSAGE][INFO] - Appium server started on port 51,640

2023-04-03 10:28:02 - [MESSAGE][PASSED] - Starting app with application ID: 'com.codingid.codingidhive.betastaging'

2023-04-03 10:28:02 - [TEST_STEP][PASSED] - tap(findTestObject("Android/Home_Button_LoginButton"), 0): Tapped on element 'Object Repository/Android/Home_Button_LoginButton'

2023-04-03 10:28:02 - [MESSAGE][WARNING] - Timeout '0' is invalid. Using default page load timeout: '30'

2023-04-03 10:28:03 - [MESSAGE][PASSED] - Tapped on element 'Object Repository/Android/Home_Button_LoginButton'

2023-04-03 10:28:03 - [TEST_STEP][PASSED] - tap(findTestObject("Android/Login_Button_Login"), 0): Tapped on element 'Object Repository/Android/Login_Button_Login'

2023-04-03 10:28:03 - [MESSAGE][WARNING] - Timeout '0' is invalid. Using default page load timeout: '30'

2023-04-03 10:28:05 - [MESSAGE][PASSED] - Tapped on element 'Object Repository/Android/Login_Button_Login'

2023-04-03 10:28:05 - [TEST_STEP][PASSED] - waitForElementPresent(findTestObject("Android/Login_ErrorMsg_InvalidCredentials"), 0): Element 'Object Repository/Android/Login_ErrorMsg_InvalidCredentials' is present

2023-04-03 10:28:05 - [MESSAGE][WARNING] - Timeout '0' is invalid. Using default page load timeout: '30'

2023-04-03 10:28:09 - [MESSAGE][PASSED] - Element 'Object Repository/Android/Login_ErrorMsg_InvalidCredentials' is present

2023-04-03 10:28:09 - [TEST_STEP][PASSED] - tap(findTestObject("Object Repository/Android/Login_ErrorMsg_InvalidCredentials_BtnOk"), 0): Tapped on element 'Object Repository/Android/Login_ErrorMsg_InvalidCredentials_BtnOk'

2023-04-03 10:28:09 - [MESSAGE][WARNING] - Timeout '0' is invalid. Using default page load timeout: '30'

2023-04-03 10:28:09 - [MESSAGE][PASSED] - Tapped on element 'Object Repository/Android/Login_ErrorMsg_InvalidCredentials_BtnOk'

2023-04-03 10:28:09 - [TEST_STEP][PASSED] - pressBack(): Press back button successfully

2023-04-03 10:28:10 - [MESSAGE][PASSED] - Press back button successfully

2023-04-03 10:28:10 - [TEST_STEP][PASSED] - closeApplication(): Close app successfully

2023-04-03 10:28:10 - [MESSAGE][PASSED] - Close app successfully]]></system-out>
         <system-err><![CDATA[]]></system-err>
      </testcase>
      <testcase name="Test Cases/Android/Login/LOG-05" time="21.139" classname="Test Cases/Android/Login/LOG-05" status="PASSED">
         <system-out><![CDATA[2023-04-03 10:28:10 - [TEST_CASE][PASSED] - Test Cases/Android/Login/LOG-05: Test Cases/Android/Login/LOG-05

2023-04-03 10:28:11 - [TEST_STEP][PASSED] - startExistingApplication("com.codingid.codingidhive.betastaging"): Starting app with application ID: 'com.codingid.codingidhive.betastaging'

2023-04-03 10:28:11 - [MESSAGE][INFO] - Detected NodeJS location: "C:\Program Files\nodejs\node.exe"

2023-04-03 10:28:12 - [MESSAGE][INFO] - Appium server started on port 51,832

2023-04-03 10:28:21 - [MESSAGE][PASSED] - Starting app with application ID: 'com.codingid.codingidhive.betastaging'

2023-04-03 10:28:21 - [TEST_STEP][PASSED] - tap(findTestObject("Android/Home_Button_LoginButton"), 0): Tapped on element 'Object Repository/Android/Home_Button_LoginButton'

2023-04-03 10:28:21 - [MESSAGE][WARNING] - Timeout '0' is invalid. Using default page load timeout: '30'

2023-04-03 10:28:22 - [MESSAGE][PASSED] - Tapped on element 'Object Repository/Android/Home_Button_LoginButton'

2023-04-03 10:28:22 - [TEST_STEP][PASSED] - setText(findTestObject("Android/Login_Field_Email"), "pooyutre203@gmail.com", 0): Text 'pooyutre203@gmail.com' has been set to element 'Object Repository/Android/Login_Field_Email'

2023-04-03 10:28:22 - [MESSAGE][WARNING] - Timeout '0' is invalid. Using default page load timeout: '30'

2023-04-03 10:28:24 - [MESSAGE][PASSED] - Text 'pooyutre203@gmail.com' has been set to element 'Object Repository/Android/Login_Field_Email'

2023-04-03 10:28:24 - [TEST_STEP][PASSED] - setEncryptedText(findTestObject("Android/Login_Field_Password"), "gR0Nb1R4MGJzAGnAbnpVZA==", 0): Encrypted text 'gR0Nb1R4MGJzAGnAbnpVZA==' has been set to element 'Object Repository/Android/Login_Field_Password'

2023-04-03 10:28:24 - [MESSAGE][WARNING] - Timeout '0' is invalid. Using default page load timeout: '30'

2023-04-03 10:28:25 - [MESSAGE][PASSED] - Encrypted text 'gR0Nb1R4MGJzAGnAbnpVZA==' has been set to element 'Object Repository/Android/Login_Field_Password'

2023-04-03 10:28:25 - [TEST_STEP][PASSED] - switchToNative(): Switching the driver to NATIVE mode successfully

2023-04-03 10:28:26 - [MESSAGE][PASSED] - Switching the driver to NATIVE mode successfully

2023-04-03 10:28:26 - [TEST_STEP][PASSED] - tap(findTestObject("Android/Login_Button_Login"), 0): Tapped on element 'Object Repository/Android/Login_Button_Login'

2023-04-03 10:28:26 - [MESSAGE][WARNING] - Timeout '0' is invalid. Using default page load timeout: '30'

2023-04-03 10:28:27 - [MESSAGE][PASSED] - Tapped on element 'Object Repository/Android/Login_Button_Login'

2023-04-03 10:28:27 - [TEST_STEP][PASSED] - waitForElementPresent(findTestObject("Android/Home_Button_Cart"), 3, CONTINUE_ON_FAILURE): Element 'Object Repository/Android/Home_Button_Cart' is present

2023-04-03 10:28:31 - [MESSAGE][PASSED] - Element 'Object Repository/Android/Home_Button_Cart' is present

2023-04-03 10:28:31 - [TEST_STEP][PASSED] - closeApplication(): Close app successfully

2023-04-03 10:28:31 - [MESSAGE][PASSED] - Close app successfully]]></system-out>
         <system-err><![CDATA[]]></system-err>
      </testcase>
      <testcase name="Test Cases/Logout" time="16.482" classname="Test Cases/Logout" status="PASSED">
         <system-out><![CDATA[2023-04-03 10:28:31 - [TEST_CASE][PASSED] - Test Cases/Logout: Test Cases/Logout

2023-04-03 10:28:32 - [TEST_STEP][PASSED] - startExistingApplication("com.codingid.codingidhive.betastaging"): Starting app with application ID: 'com.codingid.codingidhive.betastaging'

2023-04-03 10:28:32 - [MESSAGE][INFO] - Detected NodeJS location: "C:\Program Files\nodejs\node.exe"

2023-04-03 10:28:33 - [MESSAGE][INFO] - Appium server started on port 52,029

2023-04-03 10:28:41 - [MESSAGE][PASSED] - Starting app with application ID: 'com.codingid.codingidhive.betastaging'

2023-04-03 10:28:41 - [TEST_STEP][PASSED] - tap(findTestObject("Android/Home_Section_Profile"), 0): Tapped on element 'Object Repository/Android/Home_Section_Profile'

2023-04-03 10:28:42 - [MESSAGE][WARNING] - Timeout '0' is invalid. Using default page load timeout: '30'

2023-04-03 10:28:43 - [MESSAGE][PASSED] - Tapped on element 'Object Repository/Android/Home_Section_Profile'

2023-04-03 10:28:43 - [TEST_STEP][PASSED] - tap(findTestObject("Android/Profile_Button_Settings"), 0): Tapped on element 'Object Repository/Android/Profile_Button_Settings'

2023-04-03 10:28:43 - [MESSAGE][WARNING] - Timeout '0' is invalid. Using default page load timeout: '30'

2023-04-03 10:28:44 - [MESSAGE][PASSED] - Tapped on element 'Object Repository/Android/Profile_Button_Settings'

2023-04-03 10:28:44 - [TEST_STEP][PASSED] - tap(findTestObject("Object Repository/Android/Profile_Button_Logout"), 0): Tapped on element 'Object Repository/Android/Profile_Button_Logout'

2023-04-03 10:28:44 - [MESSAGE][WARNING] - Timeout '0' is invalid. Using default page load timeout: '30'

2023-04-03 10:28:45 - [MESSAGE][PASSED] - Tapped on element 'Object Repository/Android/Profile_Button_Logout'

2023-04-03 10:28:45 - [TEST_STEP][PASSED] - verifyElementVisible(findTestObject("Object Repository/Android/Profile_Button_Login Here (Pre Login)"), 0): Element 'Object Repository/Android/Profile_Button_Login Here (Pre Login)' is visible

2023-04-03 10:28:45 - [MESSAGE][WARNING] - Timeout '0' is invalid. Using default page load timeout: '30'

2023-04-03 10:28:47 - [MESSAGE][PASSED] - Element 'Object Repository/Android/Profile_Button_Login Here (Pre Login)' is visible

2023-04-03 10:28:47 - [TEST_STEP][PASSED] - pressBack(): Press back button successfully

2023-04-03 10:28:48 - [MESSAGE][PASSED] - Press back button successfully]]></system-out>
         <system-err><![CDATA[]]></system-err>
      </testcase>
      <testcase name="Test Cases/Android/Login/LOG-06" time="20.082" classname="Test Cases/Android/Login/LOG-06" status="PASSED">
         <system-out><![CDATA[2023-04-03 10:28:48 - [TEST_CASE][PASSED] - Test Cases/Android/Login/LOG-06: Test Cases/Android/Login/LOG-06

2023-04-03 10:28:48 - [TEST_STEP][PASSED] - startExistingApplication("com.codingid.codingidhive.betastaging"): Starting app with application ID: 'com.codingid.codingidhive.betastaging'

2023-04-03 10:28:58 - [MESSAGE][PASSED] - Starting app with application ID: 'com.codingid.codingidhive.betastaging'

2023-04-03 10:28:58 - [TEST_STEP][PASSED] - tap(findTestObject("Android/Home_Button_LoginButton"), 0): Tapped on element 'Object Repository/Android/Home_Button_LoginButton'

2023-04-03 10:28:58 - [MESSAGE][WARNING] - Timeout '0' is invalid. Using default page load timeout: '30'

2023-04-03 10:29:00 - [MESSAGE][PASSED] - Tapped on element 'Object Repository/Android/Home_Button_LoginButton'

2023-04-03 10:29:00 - [TEST_STEP][PASSED] - setText(findTestObject("Android/Login_Field_Email"), "pooyutre203@gmail.com", 0): Text 'pooyutre203@gmail.com' has been set to element 'Object Repository/Android/Login_Field_Email'

2023-04-03 10:29:00 - [MESSAGE][WARNING] - Timeout '0' is invalid. Using default page load timeout: '30'

2023-04-03 10:29:02 - [MESSAGE][PASSED] - Text 'pooyutre203@gmail.com' has been set to element 'Object Repository/Android/Login_Field_Email'

2023-04-03 10:29:02 - [TEST_STEP][PASSED] - setEncryptedText(findTestObject("Android/Login_Field_Password"), "qsMa34VCJB3iRZrQ7Ygp+A==", 0): Encrypted text 'qsMa34VCJB3iRZrQ7Ygp+A==' has been set to element 'Object Repository/Android/Login_Field_Password'

2023-04-03 10:29:02 - [MESSAGE][WARNING] - Timeout '0' is invalid. Using default page load timeout: '30'

2023-04-03 10:29:03 - [MESSAGE][PASSED] - Encrypted text 'qsMa34VCJB3iRZrQ7Ygp+A==' has been set to element 'Object Repository/Android/Login_Field_Password'

2023-04-03 10:29:03 - [TEST_STEP][PASSED] - switchToNative(): Switching the driver to NATIVE mode successfully

2023-04-03 10:29:04 - [MESSAGE][PASSED] - Switching the driver to NATIVE mode successfully

2023-04-03 10:29:04 - [TEST_STEP][PASSED] - tap(findTestObject("Android/Login_Button_Login"), 0): Tapped on element 'Object Repository/Android/Login_Button_Login'

2023-04-03 10:29:04 - [MESSAGE][WARNING] - Timeout '0' is invalid. Using default page load timeout: '30'

2023-04-03 10:29:05 - [MESSAGE][PASSED] - Tapped on element 'Object Repository/Android/Login_Button_Login'

2023-04-03 10:29:05 - [TEST_STEP][PASSED] - waitForElementPresent(findTestObject("Android/Login_ErrorMsg_InvalidCredentials"), 0): Element 'Object Repository/Android/Login_ErrorMsg_InvalidCredentials' is present

2023-04-03 10:29:05 - [MESSAGE][WARNING] - Timeout '0' is invalid. Using default page load timeout: '30'

2023-04-03 10:29:06 - [MESSAGE][PASSED] - Element 'Object Repository/Android/Login_ErrorMsg_InvalidCredentials' is present

2023-04-03 10:29:06 - [TEST_STEP][PASSED] - tap(findTestObject("Android/Login_ErrorMsg_InvalidCredentials_BtnOk"), 0): Tapped on element 'Object Repository/Android/Login_ErrorMsg_InvalidCredentials_BtnOk'

2023-04-03 10:29:06 - [MESSAGE][WARNING] - Timeout '0' is invalid. Using default page load timeout: '30'

2023-04-03 10:29:07 - [MESSAGE][PASSED] - Tapped on element 'Object Repository/Android/Login_ErrorMsg_InvalidCredentials_BtnOk'

2023-04-03 10:29:07 - [TEST_STEP][PASSED] - pressBack(): Press back button successfully

2023-04-03 10:29:07 - [MESSAGE][PASSED] - Press back button successfully

2023-04-03 10:29:07 - [TEST_STEP][PASSED] - closeApplication(): Close app successfully

2023-04-03 10:29:08 - [MESSAGE][PASSED] - Close app successfully]]></system-out>
         <system-err><![CDATA[]]></system-err>
      </testcase>
      <testcase name="Test Cases/Android/Login/LOG-07" time="19.905" classname="Test Cases/Android/Login/LOG-07" status="PASSED">
         <system-out><![CDATA[2023-04-03 10:29:08 - [TEST_CASE][PASSED] - Test Cases/Android/Login/LOG-07: Test Cases/Android/Login/LOG-07

2023-04-03 10:29:08 - [TEST_STEP][PASSED] - startExistingApplication("com.codingid.codingidhive.betastaging"): Starting app with application ID: 'com.codingid.codingidhive.betastaging'

2023-04-03 10:29:08 - [MESSAGE][INFO] - Detected NodeJS location: "C:\Program Files\nodejs\node.exe"

2023-04-03 10:29:10 - [MESSAGE][INFO] - Appium server started on port 52,402

2023-04-03 10:29:18 - [MESSAGE][PASSED] - Starting app with application ID: 'com.codingid.codingidhive.betastaging'

2023-04-03 10:29:18 - [TEST_STEP][PASSED] - tap(findTestObject("Android/Home_Button_LoginButton"), 0): Tapped on element 'Object Repository/Android/Home_Button_LoginButton'

2023-04-03 10:29:18 - [MESSAGE][WARNING] - Timeout '0' is invalid. Using default page load timeout: '30'

2023-04-03 10:29:20 - [MESSAGE][PASSED] - Tapped on element 'Object Repository/Android/Home_Button_LoginButton'

2023-04-03 10:29:20 - [TEST_STEP][PASSED] - tap(findTestObject("Android/Login_Button_Login"), 0): Tapped on element 'Object Repository/Android/Login_Button_Login'

2023-04-03 10:29:20 - [MESSAGE][WARNING] - Timeout '0' is invalid. Using default page load timeout: '30'

2023-04-03 10:29:23 - [MESSAGE][PASSED] - Tapped on element 'Object Repository/Android/Login_Button_Login'

2023-04-03 10:29:23 - [TEST_STEP][PASSED] - waitForElementPresent(findTestObject("Android/Login_ErrorMsg_InvalidCredentials"), 0): Element 'Object Repository/Android/Login_ErrorMsg_InvalidCredentials' is present

2023-04-03 10:29:23 - [MESSAGE][WARNING] - Timeout '0' is invalid. Using default page load timeout: '30'

2023-04-03 10:29:26 - [MESSAGE][PASSED] - Element 'Object Repository/Android/Login_ErrorMsg_InvalidCredentials' is present

2023-04-03 10:29:26 - [TEST_STEP][PASSED] - tap(findTestObject("Android/Login_ErrorMsg_InvalidCredentials_BtnOk"), 0): Tapped on element 'Object Repository/Android/Login_ErrorMsg_InvalidCredentials_BtnOk'

2023-04-03 10:29:26 - [MESSAGE][WARNING] - Timeout '0' is invalid. Using default page load timeout: '30'

2023-04-03 10:29:26 - [MESSAGE][PASSED] - Tapped on element 'Object Repository/Android/Login_ErrorMsg_InvalidCredentials_BtnOk'

2023-04-03 10:29:26 - [TEST_STEP][PASSED] - pressBack(): Press back button successfully

2023-04-03 10:29:27 - [MESSAGE][PASSED] - Press back button successfully

2023-04-03 10:29:27 - [TEST_STEP][PASSED] - closeApplication(): Close app successfully

2023-04-03 10:29:28 - [MESSAGE][PASSED] - Close app successfully]]></system-out>
         <system-err><![CDATA[]]></system-err>
      </testcase>
      <testcase name="Test Cases/Android/Login/LOG-08" time="22.072" classname="Test Cases/Android/Login/LOG-08" status="PASSED">
         <system-out><![CDATA[2023-04-03 10:29:28 - [TEST_CASE][PASSED] - Test Cases/Android/Login/LOG-08: Test Cases/Android/Login/LOG-08

2023-04-03 10:29:28 - [TEST_STEP][PASSED] - startExistingApplication("com.codingid.codingidhive.betastaging"): Starting app with application ID: 'com.codingid.codingidhive.betastaging'

2023-04-03 10:29:28 - [MESSAGE][INFO] - Detected NodeJS location: "C:\Program Files\nodejs\node.exe"

2023-04-03 10:29:29 - [MESSAGE][INFO] - Appium server started on port 52,595

2023-04-03 10:29:41 - [MESSAGE][PASSED] - Starting app with application ID: 'com.codingid.codingidhive.betastaging'

2023-04-03 10:29:41 - [TEST_STEP][PASSED] - tap(findTestObject("Object Repository/Android/Home_Button_LoginButton"), 0): Tapped on element 'Object Repository/Android/Home_Button_LoginButton'

2023-04-03 10:29:41 - [MESSAGE][WARNING] - Timeout '0' is invalid. Using default page load timeout: '30'

2023-04-03 10:29:43 - [MESSAGE][PASSED] - Tapped on element 'Object Repository/Android/Home_Button_LoginButton'

2023-04-03 10:29:43 - [TEST_STEP][PASSED] - setText(findTestObject("Object Repository/Android/Login_Field_Email"), "ppp@g.co", 0): Text 'ppp@g.co' has been set to element 'Object Repository/Android/Login_Field_Email'

2023-04-03 10:29:44 - [MESSAGE][WARNING] - Timeout '0' is invalid. Using default page load timeout: '30'

2023-04-03 10:29:44 - [MESSAGE][PASSED] - Text 'ppp@g.co' has been set to element 'Object Repository/Android/Login_Field_Email'

2023-04-03 10:29:44 - [TEST_STEP][PASSED] - setText(findTestObject("Object Repository/Android/Login_Field_Password"), "a1234567", 0): Text 'a1234567' has been set to element 'Object Repository/Android/Login_Field_Password'

2023-04-03 10:29:44 - [MESSAGE][WARNING] - Timeout '0' is invalid. Using default page load timeout: '30'

2023-04-03 10:29:46 - [MESSAGE][PASSED] - Text 'a1234567' has been set to element 'Object Repository/Android/Login_Field_Password'

2023-04-03 10:29:46 - [TEST_STEP][PASSED] - tap(findTestObject("Object Repository/Android/Login_Button_Login"), 0): Tapped on element 'Object Repository/Android/Login_Button_Login'

2023-04-03 10:29:46 - [MESSAGE][WARNING] - Timeout '0' is invalid. Using default page load timeout: '30'

2023-04-03 10:29:47 - [MESSAGE][PASSED] - Tapped on element 'Object Repository/Android/Login_Button_Login'

2023-04-03 10:29:47 - [TEST_STEP][PASSED] - waitForElementPresent(findTestObject("Object Repository/Android/Login_ErrorMsg_Email not verified_PopUp"), 0): Element 'Object Repository/Android/Login_ErrorMsg_Email not verified_PopUp' is present

2023-04-03 10:29:47 - [MESSAGE][WARNING] - Timeout '0' is invalid. Using default page load timeout: '30'

2023-04-03 10:29:48 - [MESSAGE][PASSED] - Element 'Object Repository/Android/Login_ErrorMsg_Email not verified_PopUp' is present

2023-04-03 10:29:48 - [TEST_STEP][PASSED] - tap(findTestObject("Object Repository/Android/Login_ErrorMsg_Email not verified_BtnCancel"), 0): Tapped on element 'Object Repository/Android/Login_ErrorMsg_Email not verified_BtnCancel'

2023-04-03 10:29:48 - [MESSAGE][WARNING] - Timeout '0' is invalid. Using default page load timeout: '30'

2023-04-03 10:29:49 - [MESSAGE][PASSED] - Tapped on element 'Object Repository/Android/Login_ErrorMsg_Email not verified_BtnCancel'

2023-04-03 10:29:49 - [TEST_STEP][PASSED] - pressBack(): Press back button successfully

2023-04-03 10:29:49 - [MESSAGE][PASSED] - Press back button successfully

2023-04-03 10:29:49 - [TEST_STEP][PASSED] - closeApplication(): Close app successfully

2023-04-03 10:29:50 - [MESSAGE][PASSED] - Close app successfully]]></system-out>
         <system-err><![CDATA[]]></system-err>
      </testcase>
      <system-out><![CDATA[2023-04-03 10:27:07 - [TEST_SUITE][PASSED] - Login All TC: Test Cases/Android/Login/LOG-08]]></system-out>
      <system-err><![CDATA[]]></system-err>
   </testsuite>
</testsuites>
