<?xml version="1.0" encoding="UTF-8"?>
<testsuites name="Login All TC" time="147.834" tests="8" failures="0" errors="0">
   <testsuite name="Login All TC" tests="8" failures="0" errors="0" time="147.834" skipped="0" timestamp="2023-04-04 04:55:32" hostname="pooyu - ADS" id="Test Suites/Login All TC">
      <properties>
         <property name="deviceName" value="emulator-5554 (sdk_gphone64_x86_64 - Android 13)"/>
         <property name="devicePlatform" value=""/>
         <property name="logFolder" value="C:\\Users\\pooyu\\Katalon Studio\\CodingID-QA\\Reports\\20230404_045530\\Login All TC\\20230404_045530"/>
         <property name="logFiles" value="C:\\Users\\pooyu\\Katalon Studio\\CodingID-QA\\Reports\\20230404_045530\\Login All TC\\20230404_045530\\appium.log, C:\\Users\\pooyu\\Katalon Studio\\CodingID-QA\\Reports\\20230404_045530\\Login All TC\\20230404_045530\\execution0.log"/>
         <property name="attachments" value=""/>
         <property name="hostName" value="pooyu - ADS"/>
         <property name="os" value="Windows 10 64bit"/>
         <property name="appiumServerStatus" value="{&quot;value&quot;:{&quot;build&quot;:{&quot;version&quot;:&quot;1.22.3&quot;}},&quot;sessionId&quot;:null,&quot;status&quot;:0}"/>
         <property name="katalonVersion" value="8.5.5.208"/>
         <property name="deviceOS" value="Android"/>
         <property name="appiumVersion" value="1.22.3"/>
         <property name="deviceModel" value="sdk_gphone64_x86_64"/>
         <property name="hostAddress" value="192.168.0.105"/>
         <property name="deviceManufacturer" value="Google"/>
         <property name="deviceId" value="emulator-5554"/>
         <property name="deviceName" value="emulator-5554 (sdk_gphone64_x86_64 - Android 13)"/>
         <property name="deviceOSVersion" value="13"/>
      </properties>
      <testcase name="Test Cases/Android/Login/LOG-01" time="23.051" classname="Test Cases/Android/Login/LOG-01" status="PASSED">
         <system-out><![CDATA[2023-04-04 04:55:32 - [TEST_CASE][PASSED] - Test Cases/Android/Login/LOG-01: Test Cases/Android/Login/LOG-01

2023-04-04 04:55:32 - [TEST_STEP][PASSED] - startExistingApplication("com.codingid.codingidhive.betastaging"): Starting app with application ID: 'com.codingid.codingidhive.betastaging'

2023-04-04 04:55:33 - [MESSAGE][INFO] - Detected NodeJS location: "C:\Program Files\nodejs\node.exe"

2023-04-04 04:55:34 - [MESSAGE][INFO] - Appium server started on port 64,185

2023-04-04 04:55:45 - [MESSAGE][PASSED] - Starting app with application ID: 'com.codingid.codingidhive.betastaging'

2023-04-04 04:55:45 - [TEST_STEP][PASSED] - tap(findTestObject("Object Repository/Android/Home_Button_LoginButton"), 0): Tapped on element 'Object Repository/Android/Home_Button_LoginButton'

2023-04-04 04:55:45 - [MESSAGE][WARNING] - Timeout '0' is invalid. Using default page load timeout: '30'

2023-04-04 04:55:47 - [MESSAGE][PASSED] - Tapped on element 'Object Repository/Android/Home_Button_LoginButton'

2023-04-04 04:55:47 - [TEST_STEP][PASSED] - tap(findTestObject("Android/Login_Field_Email"), 0): Tapped on element 'Object Repository/Android/Login_Field_Email'

2023-04-04 04:55:47 - [MESSAGE][WARNING] - Timeout '0' is invalid. Using default page load timeout: '30'

2023-04-04 04:55:49 - [MESSAGE][PASSED] - Tapped on element 'Object Repository/Android/Login_Field_Email'

2023-04-04 04:55:49 - [TEST_STEP][PASSED] - hideKeyboard(): Keyboard is hidden

2023-04-04 04:55:51 - [MESSAGE][PASSED] - Keyboard is hidden

2023-04-04 04:55:51 - [TEST_STEP][PASSED] - setEncryptedText(findTestObject("Android/Login_Field_Password"), "7joVKksfSVM=", 0): Encrypted text '7joVKksfSVM=' has been set to element 'Object Repository/Android/Login_Field_Password'

2023-04-04 04:55:51 - [MESSAGE][WARNING] - Timeout '0' is invalid. Using default page load timeout: '30'

2023-04-04 04:55:52 - [MESSAGE][PASSED] - Encrypted text '7joVKksfSVM=' has been set to element 'Object Repository/Android/Login_Field_Password'

2023-04-04 04:55:52 - [TEST_STEP][PASSED] - hideKeyboard(): Keyboard is hidden

2023-04-04 04:55:52 - [MESSAGE][PASSED] - Keyboard is hidden

2023-04-04 04:55:53 - [TEST_STEP][PASSED] - tap(findTestObject("Android/Login_Button_RevealPassword"), 0): Tapped on element 'Object Repository/Android/Login_Button_RevealPassword'

2023-04-04 04:55:53 - [MESSAGE][WARNING] - Timeout '0' is invalid. Using default page load timeout: '30'

2023-04-04 04:55:53 - [MESSAGE][PASSED] - Tapped on element 'Object Repository/Android/Login_Button_RevealPassword'

2023-04-04 04:55:53 - [TEST_STEP][PASSED] - waitForElementPresent(findTestObject("Android/Login_Field_Password_Filled_apaaja"), 0): Element 'Object Repository/Android/Login_Field_Password_Filled_apaaja' is present

2023-04-04 04:55:53 - [MESSAGE][WARNING] - Timeout '0' is invalid. Using default page load timeout: '30'

2023-04-04 04:55:54 - [MESSAGE][PASSED] - Element 'Object Repository/Android/Login_Field_Password_Filled_apaaja' is present

2023-04-04 04:55:54 - [TEST_STEP][PASSED] - hideKeyboard(): Keyboard is hidden

2023-04-04 04:55:54 - [MESSAGE][PASSED] - Keyboard is hidden

2023-04-04 04:55:54 - [TEST_STEP][PASSED] - pressBack(): Press back button successfully

2023-04-04 04:55:55 - [MESSAGE][PASSED] - Press back button successfully

2023-04-04 04:55:55 - [TEST_STEP][PASSED] - closeApplication(): Close app successfully

2023-04-04 04:55:55 - [MESSAGE][PASSED] - Close app successfully]]></system-out>
         <system-err><![CDATA[]]></system-err>
      </testcase>
      <testcase name="Test Cases/Android/Login/LOG-02" time="19.277" classname="Test Cases/Android/Login/LOG-02" status="PASSED">
         <system-out><![CDATA[2023-04-04 04:55:55 - [TEST_CASE][PASSED] - Test Cases/Android/Login/LOG-02: Test Cases/Android/Login/LOG-02

2023-04-04 04:55:55 - [TEST_STEP][PASSED] - startExistingApplication("com.codingid.codingidhive.betastaging"): Starting app with application ID: 'com.codingid.codingidhive.betastaging'

2023-04-04 04:55:56 - [MESSAGE][INFO] - Detected NodeJS location: "C:\Program Files\nodejs\node.exe"

2023-04-04 04:55:57 - [MESSAGE][INFO] - Appium server started on port 64,418

2023-04-04 04:56:04 - [MESSAGE][PASSED] - Starting app with application ID: 'com.codingid.codingidhive.betastaging'

2023-04-04 04:56:04 - [TEST_STEP][PASSED] - tap(findTestObject("Android/Home_Button_LoginButton"), 0): Tapped on element 'Object Repository/Android/Home_Button_LoginButton'

2023-04-04 04:56:04 - [MESSAGE][WARNING] - Timeout '0' is invalid. Using default page load timeout: '30'

2023-04-04 04:56:06 - [MESSAGE][PASSED] - Tapped on element 'Object Repository/Android/Home_Button_LoginButton'

2023-04-04 04:56:06 - [TEST_STEP][PASSED] - tap(findTestObject("Android/Login_Button_Login With Apple ID"), 0): Tapped on element 'Object Repository/Android/Login_Button_Login With Apple ID'

2023-04-04 04:56:06 - [MESSAGE][WARNING] - Timeout '0' is invalid. Using default page load timeout: '30'

2023-04-04 04:56:07 - [MESSAGE][PASSED] - Tapped on element 'Object Repository/Android/Login_Button_Login With Apple ID'

2023-04-04 04:56:07 - [TEST_STEP][PASSED] - waitForElementPresent(findTestObject("Object Repository/Android/AppleIDWindow_Login"), 0): Element 'Object Repository/Android/AppleIDWindow_Login' is present

2023-04-04 04:56:07 - [MESSAGE][WARNING] - Timeout '0' is invalid. Using default page load timeout: '30'

2023-04-04 04:56:13 - [MESSAGE][PASSED] - Element 'Object Repository/Android/AppleIDWindow_Login' is present

2023-04-04 04:56:13 - [TEST_STEP][PASSED] - pressBack(): Press back button successfully

2023-04-04 04:56:14 - [MESSAGE][PASSED] - Press back button successfully

2023-04-04 04:56:14 - [TEST_STEP][PASSED] - pressBack(): Press back button successfully

2023-04-04 04:56:14 - [MESSAGE][PASSED] - Press back button successfully

2023-04-04 04:56:14 - [TEST_STEP][PASSED] - closeApplication(): Close app successfully

2023-04-04 04:56:14 - [MESSAGE][PASSED] - Close app successfully]]></system-out>
         <system-err><![CDATA[]]></system-err>
      </testcase>
      <testcase name="Test Cases/Android/Login/LOG-04" time="17.15" classname="Test Cases/Android/Login/LOG-04" status="PASSED">
         <system-out><![CDATA[2023-04-04 04:56:14 - [TEST_CASE][PASSED] - Test Cases/Android/Login/LOG-04: Test Cases/Android/Login/LOG-04

2023-04-04 04:56:15 - [TEST_STEP][PASSED] - startExistingApplication("com.codingid.codingidhive.betastaging"): Starting app with application ID: 'com.codingid.codingidhive.betastaging'

2023-04-04 04:56:15 - [MESSAGE][INFO] - Detected NodeJS location: "C:\Program Files\nodejs\node.exe"

2023-04-04 04:56:16 - [MESSAGE][INFO] - Appium server started on port 64,625

2023-04-04 04:56:26 - [MESSAGE][PASSED] - Starting app with application ID: 'com.codingid.codingidhive.betastaging'

2023-04-04 04:56:26 - [TEST_STEP][PASSED] - tap(findTestObject("Android/Home_Button_LoginButton"), 0): Tapped on element 'Object Repository/Android/Home_Button_LoginButton'

2023-04-04 04:56:26 - [MESSAGE][WARNING] - Timeout '0' is invalid. Using default page load timeout: '30'

2023-04-04 04:56:28 - [MESSAGE][PASSED] - Tapped on element 'Object Repository/Android/Home_Button_LoginButton'

2023-04-04 04:56:28 - [TEST_STEP][PASSED] - tap(findTestObject("Android/Login_Button_Login"), 0): Tapped on element 'Object Repository/Android/Login_Button_Login'

2023-04-04 04:56:28 - [MESSAGE][WARNING] - Timeout '0' is invalid. Using default page load timeout: '30'

2023-04-04 04:56:29 - [MESSAGE][PASSED] - Tapped on element 'Object Repository/Android/Login_Button_Login'

2023-04-04 04:56:29 - [TEST_STEP][PASSED] - waitForElementPresent(findTestObject("Android/Login_ErrorMsg_InvalidCredentials"), 0): Element 'Object Repository/Android/Login_ErrorMsg_InvalidCredentials' is present

2023-04-04 04:56:29 - [MESSAGE][WARNING] - Timeout '0' is invalid. Using default page load timeout: '30'

2023-04-04 04:56:30 - [MESSAGE][PASSED] - Element 'Object Repository/Android/Login_ErrorMsg_InvalidCredentials' is present

2023-04-04 04:56:30 - [TEST_STEP][PASSED] - tap(findTestObject("Object Repository/Android/Login_ErrorMsg_InvalidCredentials_BtnOk"), 0): Tapped on element 'Object Repository/Android/Login_ErrorMsg_InvalidCredentials_BtnOk'

2023-04-04 04:56:30 - [MESSAGE][WARNING] - Timeout '0' is invalid. Using default page load timeout: '30'

2023-04-04 04:56:31 - [MESSAGE][PASSED] - Tapped on element 'Object Repository/Android/Login_ErrorMsg_InvalidCredentials_BtnOk'

2023-04-04 04:56:31 - [TEST_STEP][PASSED] - pressBack(): Press back button successfully

2023-04-04 04:56:31 - [MESSAGE][PASSED] - Press back button successfully

2023-04-04 04:56:31 - [TEST_STEP][PASSED] - closeApplication(): Close app successfully

2023-04-04 04:56:32 - [MESSAGE][PASSED] - Close app successfully]]></system-out>
         <system-err><![CDATA[]]></system-err>
      </testcase>
      <testcase name="Test Cases/Android/Login/LOG-05" time="19.401" classname="Test Cases/Android/Login/LOG-05" status="PASSED">
         <system-out><![CDATA[2023-04-04 04:56:32 - [TEST_CASE][PASSED] - Test Cases/Android/Login/LOG-05: Test Cases/Android/Login/LOG-05

2023-04-04 04:56:32 - [TEST_STEP][PASSED] - startExistingApplication("com.codingid.codingidhive.betastaging"): Starting app with application ID: 'com.codingid.codingidhive.betastaging'

2023-04-04 04:56:32 - [MESSAGE][INFO] - Detected NodeJS location: "C:\Program Files\nodejs\node.exe"

2023-04-04 04:56:33 - [MESSAGE][INFO] - Appium server started on port 64,818

2023-04-04 04:56:42 - [MESSAGE][PASSED] - Starting app with application ID: 'com.codingid.codingidhive.betastaging'

2023-04-04 04:56:42 - [TEST_STEP][PASSED] - tap(findTestObject("Android/Home_Button_LoginButton"), 0): Tapped on element 'Object Repository/Android/Home_Button_LoginButton'

2023-04-04 04:56:42 - [MESSAGE][WARNING] - Timeout '0' is invalid. Using default page load timeout: '30'

2023-04-04 04:56:44 - [MESSAGE][PASSED] - Tapped on element 'Object Repository/Android/Home_Button_LoginButton'

2023-04-04 04:56:44 - [TEST_STEP][PASSED] - setText(findTestObject("Android/Login_Field_Email"), "pooyutre203@gmail.com", 0): Text 'pooyutre203@gmail.com' has been set to element 'Object Repository/Android/Login_Field_Email'

2023-04-04 04:56:44 - [MESSAGE][WARNING] - Timeout '0' is invalid. Using default page load timeout: '30'

2023-04-04 04:56:45 - [MESSAGE][PASSED] - Text 'pooyutre203@gmail.com' has been set to element 'Object Repository/Android/Login_Field_Email'

2023-04-04 04:56:45 - [TEST_STEP][PASSED] - setEncryptedText(findTestObject("Android/Login_Field_Password"), "gR0Nb1R4MGJzAGnAbnpVZA==", 0): Encrypted text 'gR0Nb1R4MGJzAGnAbnpVZA==' has been set to element 'Object Repository/Android/Login_Field_Password'

2023-04-04 04:56:45 - [MESSAGE][WARNING] - Timeout '0' is invalid. Using default page load timeout: '30'

2023-04-04 04:56:47 - [MESSAGE][PASSED] - Encrypted text 'gR0Nb1R4MGJzAGnAbnpVZA==' has been set to element 'Object Repository/Android/Login_Field_Password'

2023-04-04 04:56:47 - [TEST_STEP][PASSED] - switchToNative(): Switching the driver to NATIVE mode successfully

2023-04-04 04:56:47 - [MESSAGE][PASSED] - Switching the driver to NATIVE mode successfully

2023-04-04 04:56:47 - [TEST_STEP][PASSED] - tap(findTestObject("Android/Login_Button_Login"), 0): Tapped on element 'Object Repository/Android/Login_Button_Login'

2023-04-04 04:56:47 - [MESSAGE][WARNING] - Timeout '0' is invalid. Using default page load timeout: '30'

2023-04-04 04:56:48 - [MESSAGE][PASSED] - Tapped on element 'Object Repository/Android/Login_Button_Login'

2023-04-04 04:56:48 - [TEST_STEP][PASSED] - waitForElementPresent(findTestObject("Android/Home_Button_Cart"), 3, CONTINUE_ON_FAILURE): Element 'Object Repository/Android/Home_Button_Cart' is present

2023-04-04 04:56:51 - [MESSAGE][PASSED] - Element 'Object Repository/Android/Home_Button_Cart' is present

2023-04-04 04:56:51 - [TEST_STEP][PASSED] - closeApplication(): Close app successfully

2023-04-04 04:56:51 - [MESSAGE][PASSED] - Close app successfully]]></system-out>
         <system-err><![CDATA[]]></system-err>
      </testcase>
      <testcase name="Test Cases/Logout" time="16.7" classname="Test Cases/Logout" status="PASSED">
         <system-out><![CDATA[2023-04-04 04:56:51 - [TEST_CASE][PASSED] - Test Cases/Logout: Test Cases/Logout

2023-04-04 04:56:51 - [TEST_STEP][PASSED] - startExistingApplication("com.codingid.codingidhive.betastaging"): Starting app with application ID: 'com.codingid.codingidhive.betastaging'

2023-04-04 04:56:52 - [MESSAGE][INFO] - Detected NodeJS location: "C:\Program Files\nodejs\node.exe"

2023-04-04 04:56:53 - [MESSAGE][INFO] - Appium server started on port 65,016

2023-04-04 04:57:02 - [MESSAGE][PASSED] - Starting app with application ID: 'com.codingid.codingidhive.betastaging'

2023-04-04 04:57:02 - [TEST_STEP][PASSED] - tap(findTestObject("Android/Home_Section_Profile"), 0): Tapped on element 'Object Repository/Android/Home_Section_Profile'

2023-04-04 04:57:02 - [MESSAGE][WARNING] - Timeout '0' is invalid. Using default page load timeout: '30'

2023-04-04 04:57:03 - [MESSAGE][PASSED] - Tapped on element 'Object Repository/Android/Home_Section_Profile'

2023-04-04 04:57:03 - [TEST_STEP][PASSED] - tap(findTestObject("Android/Profile_Button_Settings"), 0): Tapped on element 'Object Repository/Android/Profile_Button_Settings'

2023-04-04 04:57:03 - [MESSAGE][WARNING] - Timeout '0' is invalid. Using default page load timeout: '30'

2023-04-04 04:57:04 - [MESSAGE][PASSED] - Tapped on element 'Object Repository/Android/Profile_Button_Settings'

2023-04-04 04:57:04 - [TEST_STEP][PASSED] - tap(findTestObject("Object Repository/Android/Profile_Button_Logout"), 0): Tapped on element 'Object Repository/Android/Profile_Button_Logout'

2023-04-04 04:57:04 - [MESSAGE][WARNING] - Timeout '0' is invalid. Using default page load timeout: '30'

2023-04-04 04:57:05 - [MESSAGE][PASSED] - Tapped on element 'Object Repository/Android/Profile_Button_Logout'

2023-04-04 04:57:05 - [TEST_STEP][PASSED] - verifyElementVisible(findTestObject("Object Repository/Android/Profile_Button_Login Here (Pre Login)"), 0): Element 'Object Repository/Android/Profile_Button_Login Here (Pre Login)' is visible

2023-04-04 04:57:05 - [MESSAGE][WARNING] - Timeout '0' is invalid. Using default page load timeout: '30'

2023-04-04 04:57:08 - [MESSAGE][PASSED] - Element 'Object Repository/Android/Profile_Button_Login Here (Pre Login)' is visible

2023-04-04 04:57:08 - [TEST_STEP][PASSED] - pressBack(): Press back button successfully

2023-04-04 04:57:08 - [MESSAGE][PASSED] - Press back button successfully]]></system-out>
         <system-err><![CDATA[]]></system-err>
      </testcase>
      <testcase name="Test Cases/Android/Login/LOG-06" time="18.239" classname="Test Cases/Android/Login/LOG-06" status="PASSED">
         <system-out><![CDATA[2023-04-04 04:57:08 - [TEST_CASE][PASSED] - Test Cases/Android/Login/LOG-06: Test Cases/Android/Login/LOG-06

2023-04-04 04:57:08 - [TEST_STEP][PASSED] - startExistingApplication("com.codingid.codingidhive.betastaging"): Starting app with application ID: 'com.codingid.codingidhive.betastaging'

2023-04-04 04:57:16 - [MESSAGE][PASSED] - Starting app with application ID: 'com.codingid.codingidhive.betastaging'

2023-04-04 04:57:16 - [TEST_STEP][PASSED] - tap(findTestObject("Android/Home_Button_LoginButton"), 0): Tapped on element 'Object Repository/Android/Home_Button_LoginButton'

2023-04-04 04:57:16 - [MESSAGE][WARNING] - Timeout '0' is invalid. Using default page load timeout: '30'

2023-04-04 04:57:17 - [MESSAGE][PASSED] - Tapped on element 'Object Repository/Android/Home_Button_LoginButton'

2023-04-04 04:57:17 - [TEST_STEP][PASSED] - setText(findTestObject("Android/Login_Field_Email"), "pooyutre203@gmail.com", 0): Text 'pooyutre203@gmail.com' has been set to element 'Object Repository/Android/Login_Field_Email'

2023-04-04 04:57:17 - [MESSAGE][WARNING] - Timeout '0' is invalid. Using default page load timeout: '30'

2023-04-04 04:57:20 - [MESSAGE][PASSED] - Text 'pooyutre203@gmail.com' has been set to element 'Object Repository/Android/Login_Field_Email'

2023-04-04 04:57:20 - [TEST_STEP][PASSED] - setEncryptedText(findTestObject("Android/Login_Field_Password"), "qsMa34VCJB3iRZrQ7Ygp+A==", 0): Encrypted text 'qsMa34VCJB3iRZrQ7Ygp+A==' has been set to element 'Object Repository/Android/Login_Field_Password'

2023-04-04 04:57:20 - [MESSAGE][WARNING] - Timeout '0' is invalid. Using default page load timeout: '30'

2023-04-04 04:57:21 - [MESSAGE][PASSED] - Encrypted text 'qsMa34VCJB3iRZrQ7Ygp+A==' has been set to element 'Object Repository/Android/Login_Field_Password'

2023-04-04 04:57:21 - [TEST_STEP][PASSED] - switchToNative(): Switching the driver to NATIVE mode successfully

2023-04-04 04:57:22 - [MESSAGE][PASSED] - Switching the driver to NATIVE mode successfully

2023-04-04 04:57:22 - [TEST_STEP][PASSED] - tap(findTestObject("Android/Login_Button_Login"), 0): Tapped on element 'Object Repository/Android/Login_Button_Login'

2023-04-04 04:57:22 - [MESSAGE][WARNING] - Timeout '0' is invalid. Using default page load timeout: '30'

2023-04-04 04:57:22 - [MESSAGE][PASSED] - Tapped on element 'Object Repository/Android/Login_Button_Login'

2023-04-04 04:57:22 - [TEST_STEP][PASSED] - waitForElementPresent(findTestObject("Android/Login_ErrorMsg_InvalidCredentials"), 0): Element 'Object Repository/Android/Login_ErrorMsg_InvalidCredentials' is present

2023-04-04 04:57:23 - [MESSAGE][WARNING] - Timeout '0' is invalid. Using default page load timeout: '30'

2023-04-04 04:57:25 - [MESSAGE][PASSED] - Element 'Object Repository/Android/Login_ErrorMsg_InvalidCredentials' is present

2023-04-04 04:57:25 - [TEST_STEP][PASSED] - tap(findTestObject("Android/Login_ErrorMsg_InvalidCredentials_BtnOk"), 0): Tapped on element 'Object Repository/Android/Login_ErrorMsg_InvalidCredentials_BtnOk'

2023-04-04 04:57:25 - [MESSAGE][WARNING] - Timeout '0' is invalid. Using default page load timeout: '30'

2023-04-04 04:57:25 - [MESSAGE][PASSED] - Tapped on element 'Object Repository/Android/Login_ErrorMsg_InvalidCredentials_BtnOk'

2023-04-04 04:57:25 - [TEST_STEP][PASSED] - pressBack(): Press back button successfully

2023-04-04 04:57:26 - [MESSAGE][PASSED] - Press back button successfully

2023-04-04 04:57:26 - [TEST_STEP][PASSED] - closeApplication(): Close app successfully

2023-04-04 04:57:26 - [MESSAGE][PASSED] - Close app successfully]]></system-out>
         <system-err><![CDATA[]]></system-err>
      </testcase>
      <testcase name="Test Cases/Android/Login/LOG-07" time="15.43" classname="Test Cases/Android/Login/LOG-07" status="PASSED">
         <system-out><![CDATA[2023-04-04 04:57:26 - [TEST_CASE][PASSED] - Test Cases/Android/Login/LOG-07: Test Cases/Android/Login/LOG-07

2023-04-04 04:57:26 - [TEST_STEP][PASSED] - startExistingApplication("com.codingid.codingidhive.betastaging"): Starting app with application ID: 'com.codingid.codingidhive.betastaging'

2023-04-04 04:57:26 - [MESSAGE][INFO] - Detected NodeJS location: "C:\Program Files\nodejs\node.exe"

2023-04-04 04:57:28 - [MESSAGE][INFO] - Appium server started on port 65,382

2023-04-04 04:57:36 - [MESSAGE][PASSED] - Starting app with application ID: 'com.codingid.codingidhive.betastaging'

2023-04-04 04:57:36 - [TEST_STEP][PASSED] - tap(findTestObject("Android/Home_Button_LoginButton"), 0): Tapped on element 'Object Repository/Android/Home_Button_LoginButton'

2023-04-04 04:57:36 - [MESSAGE][WARNING] - Timeout '0' is invalid. Using default page load timeout: '30'

2023-04-04 04:57:37 - [MESSAGE][PASSED] - Tapped on element 'Object Repository/Android/Home_Button_LoginButton'

2023-04-04 04:57:37 - [TEST_STEP][PASSED] - tap(findTestObject("Android/Login_Button_Login"), 0): Tapped on element 'Object Repository/Android/Login_Button_Login'

2023-04-04 04:57:37 - [MESSAGE][WARNING] - Timeout '0' is invalid. Using default page load timeout: '30'

2023-04-04 04:57:39 - [MESSAGE][PASSED] - Tapped on element 'Object Repository/Android/Login_Button_Login'

2023-04-04 04:57:39 - [TEST_STEP][PASSED] - waitForElementPresent(findTestObject("Android/Login_ErrorMsg_InvalidCredentials"), 0): Element 'Object Repository/Android/Login_ErrorMsg_InvalidCredentials' is present

2023-04-04 04:57:39 - [MESSAGE][WARNING] - Timeout '0' is invalid. Using default page load timeout: '30'

2023-04-04 04:57:40 - [MESSAGE][PASSED] - Element 'Object Repository/Android/Login_ErrorMsg_InvalidCredentials' is present

2023-04-04 04:57:40 - [TEST_STEP][PASSED] - tap(findTestObject("Android/Login_ErrorMsg_InvalidCredentials_BtnOk"), 0): Tapped on element 'Object Repository/Android/Login_ErrorMsg_InvalidCredentials_BtnOk'

2023-04-04 04:57:40 - [MESSAGE][WARNING] - Timeout '0' is invalid. Using default page load timeout: '30'

2023-04-04 04:57:40 - [MESSAGE][PASSED] - Tapped on element 'Object Repository/Android/Login_ErrorMsg_InvalidCredentials_BtnOk'

2023-04-04 04:57:40 - [TEST_STEP][PASSED] - pressBack(): Press back button successfully

2023-04-04 04:57:41 - [MESSAGE][PASSED] - Press back button successfully

2023-04-04 04:57:41 - [TEST_STEP][PASSED] - closeApplication(): Close app successfully

2023-04-04 04:57:41 - [MESSAGE][PASSED] - Close app successfully]]></system-out>
         <system-err><![CDATA[]]></system-err>
      </testcase>
      <testcase name="Test Cases/Android/Login/LOG-08" time="18.248" classname="Test Cases/Android/Login/LOG-08" status="PASSED">
         <system-out><![CDATA[2023-04-04 04:57:41 - [TEST_CASE][PASSED] - Test Cases/Android/Login/LOG-08: Test Cases/Android/Login/LOG-08

2023-04-04 04:57:42 - [TEST_STEP][PASSED] - startExistingApplication("com.codingid.codingidhive.betastaging"): Starting app with application ID: 'com.codingid.codingidhive.betastaging'

2023-04-04 04:57:42 - [MESSAGE][INFO] - Detected NodeJS location: "C:\Program Files\nodejs\node.exe"

2023-04-04 04:57:43 - [MESSAGE][INFO] - Appium server started on port 49,187

2023-04-04 04:57:51 - [MESSAGE][PASSED] - Starting app with application ID: 'com.codingid.codingidhive.betastaging'

2023-04-04 04:57:51 - [TEST_STEP][PASSED] - tap(findTestObject("Object Repository/Android/Home_Button_LoginButton"), 0): Tapped on element 'Object Repository/Android/Home_Button_LoginButton'

2023-04-04 04:57:51 - [MESSAGE][WARNING] - Timeout '0' is invalid. Using default page load timeout: '30'

2023-04-04 04:57:53 - [MESSAGE][PASSED] - Tapped on element 'Object Repository/Android/Home_Button_LoginButton'

2023-04-04 04:57:53 - [TEST_STEP][PASSED] - setText(findTestObject("Object Repository/Android/Login_Field_Email"), "ppp@g.co", 0): Text 'ppp@g.co' has been set to element 'Object Repository/Android/Login_Field_Email'

2023-04-04 04:57:53 - [MESSAGE][WARNING] - Timeout '0' is invalid. Using default page load timeout: '30'

2023-04-04 04:57:55 - [MESSAGE][PASSED] - Text 'ppp@g.co' has been set to element 'Object Repository/Android/Login_Field_Email'

2023-04-04 04:57:55 - [TEST_STEP][PASSED] - setText(findTestObject("Object Repository/Android/Login_Field_Password"), "a1234567", 0): Text 'a1234567' has been set to element 'Object Repository/Android/Login_Field_Password'

2023-04-04 04:57:55 - [MESSAGE][WARNING] - Timeout '0' is invalid. Using default page load timeout: '30'

2023-04-04 04:57:56 - [MESSAGE][PASSED] - Text 'a1234567' has been set to element 'Object Repository/Android/Login_Field_Password'

2023-04-04 04:57:56 - [TEST_STEP][PASSED] - tap(findTestObject("Object Repository/Android/Login_Button_Login"), 0): Tapped on element 'Object Repository/Android/Login_Button_Login'

2023-04-04 04:57:56 - [MESSAGE][WARNING] - Timeout '0' is invalid. Using default page load timeout: '30'

2023-04-04 04:57:57 - [MESSAGE][PASSED] - Tapped on element 'Object Repository/Android/Login_Button_Login'

2023-04-04 04:57:57 - [TEST_STEP][PASSED] - waitForElementPresent(findTestObject("Object Repository/Android/Login_ErrorMsg_Email not verified_PopUp"), 0): Element 'Object Repository/Android/Login_ErrorMsg_Email not verified_PopUp' is present

2023-04-04 04:57:57 - [MESSAGE][WARNING] - Timeout '0' is invalid. Using default page load timeout: '30'

2023-04-04 04:57:58 - [MESSAGE][PASSED] - Element 'Object Repository/Android/Login_ErrorMsg_Email not verified_PopUp' is present

2023-04-04 04:57:58 - [TEST_STEP][PASSED] - tap(findTestObject("Object Repository/Android/Login_ErrorMsg_Email not verified_BtnCancel"), 0): Tapped on element 'Object Repository/Android/Login_ErrorMsg_Email not verified_BtnCancel'

2023-04-04 04:57:59 - [MESSAGE][WARNING] - Timeout '0' is invalid. Using default page load timeout: '30'

2023-04-04 04:57:59 - [MESSAGE][PASSED] - Tapped on element 'Object Repository/Android/Login_ErrorMsg_Email not verified_BtnCancel'

2023-04-04 04:57:59 - [TEST_STEP][PASSED] - pressBack(): Press back button successfully

2023-04-04 04:57:59 - [MESSAGE][PASSED] - Press back button successfully

2023-04-04 04:57:59 - [TEST_STEP][PASSED] - closeApplication(): Close app successfully

2023-04-04 04:58:00 - [MESSAGE][PASSED] - Close app successfully]]></system-out>
         <system-err><![CDATA[]]></system-err>
      </testcase>
      <system-out><![CDATA[2023-04-04 04:55:32 - [TEST_SUITE][PASSED] - Login All TC: Test Cases/Android/Login/LOG-08]]></system-out>
      <system-err><![CDATA[]]></system-err>
   </testsuite>
</testsuites>
