<?xml version="1.0" encoding="UTF-8"?>
<testsuites name="CP" time="586.101" tests="27" failures="6" errors="1">
   <testsuite name="CP" tests="27" failures="6" errors="1" time="586.101" skipped="0" timestamp="2023-04-03 08:34:09" hostname="rizki - Red" id="Test Suites/WEB/CP">
      <properties>
         <property name="deviceName" value=""/>
         <property name="devicePlatform" value=""/>
         <property name="logFolder" value="C:\\Users\\rizki\\git\\CodingID-QA\\Reports\\20230403_083351\\WEB\\CP\\20230403_083351"/>
         <property name="logFiles" value="C:\\Users\\rizki\\git\\CodingID-QA\\Reports\\20230403_083351\\WEB\\CP\\20230403_083351\\execution0.log"/>
         <property name="attachments" value="C:\\Users\\rizki\\git\\CodingID-QA\\Reports\\20230403_083351\\WEB\\CP\\20230403_083351\\1680485778284.png, C:\\Users\\rizki\\git\\CodingID-QA\\Reports\\20230403_083351\\WEB\\CP\\20230403_083351\\1680485818949.png, C:\\Users\\rizki\\git\\CodingID-QA\\Reports\\20230403_083351\\WEB\\CP\\20230403_083351\\1680486001160.png, C:\\Users\\rizki\\git\\CodingID-QA\\Reports\\20230403_083351\\WEB\\CP\\20230403_083351\\1680486010648.png, C:\\Users\\rizki\\git\\CodingID-QA\\Reports\\20230403_083351\\WEB\\CP\\20230403_083351\\1680486010764.png, C:\\Users\\rizki\\git\\CodingID-QA\\Reports\\20230403_083351\\WEB\\CP\\20230403_083351\\1680486120703.png, C:\\Users\\rizki\\git\\CodingID-QA\\Reports\\20230403_083351\\WEB\\CP\\20230403_083351\\1680486162591.png"/>
         <property name="hostName" value="rizki - Red"/>
         <property name="os" value="Windows 10 64bit"/>
         <property name="katalonVersion" value="8.5.5.208"/>
         <property name="browser" value="Chrome 111.0.0.0"/>
         <property name="hostAddress" value="192.168.203.1"/>
         <property name="sessionId" value="92b110fc5c086a530d1502000f74bb9f"/>
         <property name="seleniumVersion" value="3.141.59"/>
         <property name="proxyInformation" value="ProxyInformation { proxyOption=NO_PROXY, proxyServerType=HTTP, username=, password=********, proxyServerAddress=, proxyServerPort=0, executionList=&quot;&quot;, isApplyToDesiredCapabilities=true }"/>
         <property name="platform" value="Windows 10"/>
      </properties>
      <testcase name="Test Cases/Web/LOG/LOG-01" time="13.972" classname="Test Cases/Web/LOG/LOG-01" status="PASSED">
         <system-out><![CDATA[2023-04-03 08:34:09 - [TEST_CASE][PASSED] - Test Cases/Web/LOG/LOG-01: Test Cases/Web/LOG/LOG-01

2023-04-03 08:34:10 - [TEST_STEP][PASSED] - openBrowser(""): Browser is opened with url: ''

2023-04-03 08:34:10 - [MESSAGE][INFO] - Starting 'Chrome' driver

2023-04-03 08:34:10 - [MESSAGE][INFO] - Action delay is set to 0 milliseconds

2023-04-03 08:34:12 - [MESSAGE][PASSED] - Browser is opened with url: ''

2023-04-03 08:34:12 - [TEST_STEP][PASSED] - navigateToUrl("https://demo-app.online/login"): Navigate to 'https://demo-app.online/login' successfully

2023-04-03 08:34:15 - [MESSAGE][PASSED] - Navigate to 'https://demo-app.online/login' successfully

2023-04-03 08:34:15 - [TEST_STEP][PASSED] - email = "burnerforpractice02@gmail.com": null

2023-04-03 08:34:15 - [TEST_STEP][PASSED] - setText(findTestObject("Object Repository/Web/Login/Login_inputText_Email"), email): Text 'burnerforpractice02@gmail.com' is set on object 'Object Repository/Web/Login/Login_inputText_Email'

2023-04-03 08:34:16 - [MESSAGE][PASSED] - Text 'burnerforpractice02@gmail.com' is set on object 'Object Repository/Web/Login/Login_inputText_Email'

2023-04-03 08:34:16 - [TEST_STEP][PASSED] - setText(findTestObject("Object Repository/Web/Login/Login_inputText_Password"), "testingtesting"): Text 'testingtesting' is set on object 'Object Repository/Web/Login/Login_inputText_Password'

2023-04-03 08:34:16 - [MESSAGE][PASSED] - Text 'testingtesting' is set on object 'Object Repository/Web/Login/Login_inputText_Password'

2023-04-03 08:34:16 - [TEST_STEP][PASSED] - click(findTestObject("Object Repository/Web/Login/Login_button_Login")): Object: 'Object Repository/Web/Login/Login_button_Login' is clicked on

2023-04-03 08:34:18 - [MESSAGE][PASSED] - Object: 'Object Repository/Web/Login/Login_button_Login' is clicked on

2023-04-03 08:34:18 - [TEST_STEP][PASSED] - delay(5): Delayed 5 second(s)

2023-04-03 08:34:23 - [MESSAGE][PASSED] - Delayed 5 second(s)

2023-04-03 08:34:23 - [TEST_STEP][PASSED] - assert getUrl() == "https://demo-app.online/": Current window's url is: 'https://demo-app.online/'

2023-04-03 08:34:23 - [MESSAGE][PASSED] - Current window's url is: 'https://demo-app.online/'

2023-04-03 08:34:23 - [TEST_STEP][PASSED] - emailConfirm = executeJavaScript("return mail;", null): Execute JavaScript 'return mail;' successfully

2023-04-03 08:34:23 - [MESSAGE][PASSED] - Execute JavaScript 'return mail;' successfully

2023-04-03 08:34:23 - [TEST_STEP][PASSED] - assert emailConfirm == email: null]]></system-out>
         <system-err><![CDATA[]]></system-err>
      </testcase>
      <testcase name="Test Cases/Web/CP/CP-01" time="11.264" classname="Test Cases/Web/CP/CP-01" status="PASSED">
         <system-out><![CDATA[2023-04-03 08:34:23 - [TEST_CASE][PASSED] - Test Cases/Web/CP/CP-01: Test Cases/Web/CP/CP-01

2023-04-03 08:34:23 - [TEST_STEP][PASSED] - navigateToUrl("https://demo-app.online/dashboard/profile"): Navigate to 'https://demo-app.online/dashboard/profile' successfully

2023-04-03 08:34:24 - [MESSAGE][PASSED] - Navigate to 'https://demo-app.online/dashboard/profile' successfully

2023-04-03 08:34:24 - [TEST_STEP][PASSED] - uploadFilePath = "/Include/Resources/": null

2023-04-03 08:34:24 - [TEST_STEP][PASSED] - uploadFileName = "cat01.jpeg": null

2023-04-03 08:34:24 - [TEST_STEP][PASSED] - file = new java.io.File(com.kms.katalon.core.configuration.RunConfiguration.getProjectDir(), (uploadFilePath + uploadFileName)): null

2023-04-03 08:34:24 - [TEST_STEP][PASSED] - inputImage = file.toString(): null

2023-04-03 08:34:24 - [TEST_STEP][PASSED] - inputName = "Edited Value".trim(): null

2023-04-03 08:34:24 - [TEST_STEP][PASSED] - inputPhone = "081123456789": null

2023-04-03 08:34:24 - [TEST_STEP][PASSED] - inputBirthday = "01-Jan-2000": null

2023-04-03 08:34:24 - [TEST_STEP][PASSED] - originalNameProfile = getText(findTestObject("WEB/Profile/Profile_text_Name")).trim(): Text of object 'Object Repository/WEB/Profile/Profile_text_Name' is: 'Edited Value'

2023-04-03 08:34:25 - [MESSAGE][PASSED] - Text of object 'Object Repository/WEB/Profile/Profile_text_Name' is: 'Edited Value'

2023-04-03 08:34:25 - [TEST_STEP][PASSED] - click(findTestObject("WEB/Profile/Profile_button_EditProfile")): Object: 'Object Repository/WEB/Profile/Profile_button_EditProfile' is clicked on

2023-04-03 08:34:26 - [MESSAGE][PASSED] - Object: 'Object Repository/WEB/Profile/Profile_button_EditProfile' is clicked on

2023-04-03 08:34:26 - [TEST_STEP][PASSED] - uploadFile(findTestObject("WEB/Change Profile/ChangeProfile_button_uploadButton"), inputImage): File 'C:\Users\rizki\git\CodingID-QA\Include\Resources\cat01.jpeg' sent to object: 'Object Repository/WEB/Change Profile/ChangeProfile_button_uploadButton'

2023-04-03 08:34:26 - [MESSAGE][PASSED] - File 'C:\Users\rizki\git\CodingID-QA\Include\Resources\cat01.jpeg' sent to object: 'Object Repository/WEB/Change Profile/ChangeProfile_button_uploadButton'

2023-04-03 08:34:26 - [TEST_STEP][PASSED] - setText(findTestObject("WEB/Change Profile/ChangeProfile_inputText_Name"), inputName): Text 'Edited Value' is set on object 'Object Repository/WEB/Change Profile/ChangeProfile_inputText_Name'

2023-04-03 08:34:27 - [MESSAGE][PASSED] - Text 'Edited Value' is set on object 'Object Repository/WEB/Change Profile/ChangeProfile_inputText_Name'

2023-04-03 08:34:27 - [TEST_STEP][PASSED] - setText(findTestObject("WEB/Change Profile/ChangeProfile_inputText_Phone"), inputPhone): Text '081123456789' is set on object 'Object Repository/WEB/Change Profile/ChangeProfile_inputText_Phone'

2023-04-03 08:34:28 - [MESSAGE][PASSED] - Text '081123456789' is set on object 'Object Repository/WEB/Change Profile/ChangeProfile_inputText_Phone'

2023-04-03 08:34:28 - [TEST_STEP][PASSED] - setText(findTestObject("WEB/Change Profile/ChangeProfile_inputText_BirthDay"), inputBirthday): Text '01-Jan-2000' is set on object 'Object Repository/WEB/Change Profile/ChangeProfile_inputText_BirthDay'

2023-04-03 08:34:29 - [MESSAGE][PASSED] - Text '01-Jan-2000' is set on object 'Object Repository/WEB/Change Profile/ChangeProfile_inputText_BirthDay'

2023-04-03 08:34:29 - [TEST_STEP][PASSED] - click(findTestObject("WEB/Change Profile/ChangeProfile_button_Save")): Object: 'Object Repository/WEB/Change Profile/ChangeProfile_button_Save' is clicked on

2023-04-03 08:34:30 - [MESSAGE][PASSED] - Object: 'Object Repository/WEB/Change Profile/ChangeProfile_button_Save' is clicked on

2023-04-03 08:34:30 - [TEST_STEP][PASSED] - delay(2): Delayed 2 second(s)

2023-04-03 08:34:32 - [MESSAGE][PASSED] - Delayed 2 second(s)

2023-04-03 08:34:32 - [TEST_STEP][PASSED] - profileImage = getAttribute(findTestObject("WEB/Profile/Profile_img_profilePhoto"), "src"): Attribute 'src' of object 'Object Repository/WEB/Profile/Profile_img_profilePhoto' is: 'https://storage.googleapis.com/codingid-storage-bucket/storage/uploads/avatar/1680485669cat01.jpeg'

2023-04-03 08:34:33 - [MESSAGE][PASSED] - Attribute 'src' of object 'Object Repository/WEB/Profile/Profile_img_profilePhoto' is: 'https://storage.googleapis.com/codingid-storage-bucket/storage/uploads/avatar/1680485669cat01.jpeg'

2023-04-03 08:34:33 - [TEST_STEP][PASSED] - decodedProfileImage = URLDecoder.decode(profileImage, "UTF-8"): null

2023-04-03 08:34:33 - [TEST_STEP][PASSED] - nameProfile = getText(findTestObject("WEB/Profile/Profile_text_Name")): Text of object 'Object Repository/WEB/Profile/Profile_text_Name' is: 'Edited Value'

2023-04-03 08:34:33 - [MESSAGE][PASSED] - Text of object 'Object Repository/WEB/Profile/Profile_text_Name' is: 'Edited Value'

2023-04-03 08:34:33 - [TEST_STEP][PASSED] - phoneProfile = getText(findTestObject("WEB/Profile/Profile_text_Phone")): Text of object 'Object Repository/WEB/Profile/Profile_text_Phone' is: '081123456789'

2023-04-03 08:34:33 - [MESSAGE][PASSED] - Text of object 'Object Repository/WEB/Profile/Profile_text_Phone' is: '081123456789'

2023-04-03 08:34:33 - [TEST_STEP][PASSED] - birthdayProfile = getText(findTestObject("WEB/Profile/Profile_text_Birthday")): Text of object 'Object Repository/WEB/Profile/Profile_text_Birthday' is: '01-Jan-2000'

2023-04-03 08:34:34 - [MESSAGE][PASSED] - Text of object 'Object Repository/WEB/Profile/Profile_text_Birthday' is: '01-Jan-2000'

2023-04-03 08:34:34 - [TEST_STEP][PASSED] - verifyElementText(findTestObject("Object Repository/WEB/Change Profile/Profile_p_ChangeSuccessNotif"), originalNameProfile + " telah di edit"): Actual text and expected text of test object 'Object Repository/WEB/Change Profile/Profile_p_ChangeSuccessNotif' are matched.

2023-04-03 08:34:34 - [MESSAGE][PASSED] - Actual text and expected text of test object 'Object Repository/WEB/Change Profile/Profile_p_ChangeSuccessNotif' are matched.

2023-04-03 08:34:34 - [TEST_STEP][PASSED] - click(findTestObject("Object Repository/WEB/Change Profile/Profile_button_ChangeSuccessNotif")): Object: 'Object Repository/WEB/Change Profile/Profile_button_ChangeSuccessNotif' is clicked on

2023-04-03 08:34:34 - [MESSAGE][PASSED] - Object: 'Object Repository/WEB/Change Profile/Profile_button_ChangeSuccessNotif' is clicked on

2023-04-03 08:34:34 - [TEST_STEP][PASSED] - assert decodedProfileImage.endsWith(uploadFileName) : "Updated photo does not match the uploaded one": null

2023-04-03 08:34:34 - [TEST_STEP][PASSED] - assert nameProfile == inputName : "Updated Name does not match the inputted one": null

2023-04-03 08:34:34 - [TEST_STEP][PASSED] - assert phoneProfile == inputPhone : "Updated Phone Number does not match the inputted one": null

2023-04-03 08:34:34 - [TEST_STEP][PASSED] - assert birthdayProfile == inputBirthday : "Updated Birthday does not match the inputted one": null]]></system-out>
         <system-err><![CDATA[]]></system-err>
      </testcase>
      <testcase name="Test Cases/Web/CP/CP-02" time="10.714" classname="Test Cases/Web/CP/CP-02" status="PASSED">
         <system-out><![CDATA[2023-04-03 08:34:34 - [TEST_CASE][PASSED] - Test Cases/Web/CP/CP-02: Test Cases/Web/CP/CP-02

2023-04-03 08:34:35 - [TEST_STEP][PASSED] - navigateToUrl("https://demo-app.online/dashboard/profile"): Navigate to 'https://demo-app.online/dashboard/profile' successfully

2023-04-03 08:34:35 - [MESSAGE][PASSED] - Navigate to 'https://demo-app.online/dashboard/profile' successfully

2023-04-03 08:34:35 - [TEST_STEP][PASSED] - uploadFilePath = "/Include/Resources/": null

2023-04-03 08:34:35 - [TEST_STEP][PASSED] - uploadFileName = "cat01.jpeg": null

2023-04-03 08:34:35 - [TEST_STEP][PASSED] - file = new java.io.File(com.kms.katalon.core.configuration.RunConfiguration.getProjectDir(), (uploadFilePath + uploadFileName)): null

2023-04-03 08:34:35 - [TEST_STEP][PASSED] - inputImage = file.toString(): null

2023-04-03 08:34:35 - [TEST_STEP][PASSED] - inputName = "Edited Value".trim(): null

2023-04-03 08:34:35 - [TEST_STEP][PASSED] - inputPhone = "081123456789": null

2023-04-03 08:34:35 - [TEST_STEP][PASSED] - inputBirthday = "01-Jan-2000": null

2023-04-03 08:34:35 - [TEST_STEP][PASSED] - originalProfileImage = getAttribute(findTestObject("WEB/Profile/Profile_img_profilePhoto"), "src"): Attribute 'src' of object 'Object Repository/WEB/Profile/Profile_img_profilePhoto' is: 'https://storage.googleapis.com/codingid-storage-bucket/storage/uploads/avatar/1680485669cat01.jpeg'

2023-04-03 08:34:36 - [MESSAGE][PASSED] - Attribute 'src' of object 'Object Repository/WEB/Profile/Profile_img_profilePhoto' is: 'https://storage.googleapis.com/codingid-storage-bucket/storage/uploads/avatar/1680485669cat01.jpeg'

2023-04-03 08:34:36 - [TEST_STEP][PASSED] - originalDecodedProfileImage = URLDecoder.decode(originalProfileImage, "UTF-8"): null

2023-04-03 08:34:36 - [TEST_STEP][PASSED] - originalNameProfile = getText(findTestObject("WEB/Profile/Profile_text_Name")): Text of object 'Object Repository/WEB/Profile/Profile_text_Name' is: 'Edited Value'

2023-04-03 08:34:36 - [MESSAGE][PASSED] - Text of object 'Object Repository/WEB/Profile/Profile_text_Name' is: 'Edited Value'

2023-04-03 08:34:36 - [TEST_STEP][PASSED] - originalPhoneProfile = getText(findTestObject("WEB/Profile/Profile_text_Phone")): Text of object 'Object Repository/WEB/Profile/Profile_text_Phone' is: '081123456789'

2023-04-03 08:34:36 - [MESSAGE][PASSED] - Text of object 'Object Repository/WEB/Profile/Profile_text_Phone' is: '081123456789'

2023-04-03 08:34:36 - [TEST_STEP][PASSED] - originalBirthdayProfile = getText(findTestObject("WEB/Profile/Profile_text_Birthday")): Text of object 'Object Repository/WEB/Profile/Profile_text_Birthday' is: '01-Jan-2000'

2023-04-03 08:34:37 - [MESSAGE][PASSED] - Text of object 'Object Repository/WEB/Profile/Profile_text_Birthday' is: '01-Jan-2000'

2023-04-03 08:34:37 - [TEST_STEP][PASSED] - click(findTestObject("WEB/Profile/Profile_button_EditProfile")): Object: 'Object Repository/WEB/Profile/Profile_button_EditProfile' is clicked on

2023-04-03 08:34:38 - [MESSAGE][PASSED] - Object: 'Object Repository/WEB/Profile/Profile_button_EditProfile' is clicked on

2023-04-03 08:34:38 - [TEST_STEP][PASSED] - uploadFile(findTestObject("WEB/Change Profile/ChangeProfile_button_uploadButton"), inputImage): File 'C:\Users\rizki\git\CodingID-QA\Include\Resources\cat01.jpeg' sent to object: 'Object Repository/WEB/Change Profile/ChangeProfile_button_uploadButton'

2023-04-03 08:34:38 - [MESSAGE][PASSED] - File 'C:\Users\rizki\git\CodingID-QA\Include\Resources\cat01.jpeg' sent to object: 'Object Repository/WEB/Change Profile/ChangeProfile_button_uploadButton'

2023-04-03 08:34:38 - [TEST_STEP][PASSED] - setText(findTestObject("WEB/Change Profile/ChangeProfile_inputText_Name"), inputName): Text 'Edited Value' is set on object 'Object Repository/WEB/Change Profile/ChangeProfile_inputText_Name'

2023-04-03 08:34:39 - [MESSAGE][PASSED] - Text 'Edited Value' is set on object 'Object Repository/WEB/Change Profile/ChangeProfile_inputText_Name'

2023-04-03 08:34:39 - [TEST_STEP][PASSED] - setText(findTestObject("WEB/Change Profile/ChangeProfile_inputText_Phone"), inputPhone): Text '081123456789' is set on object 'Object Repository/WEB/Change Profile/ChangeProfile_inputText_Phone'

2023-04-03 08:34:40 - [MESSAGE][PASSED] - Text '081123456789' is set on object 'Object Repository/WEB/Change Profile/ChangeProfile_inputText_Phone'

2023-04-03 08:34:40 - [TEST_STEP][PASSED] - setText(findTestObject("WEB/Change Profile/ChangeProfile_inputText_BirthDay"), inputBirthday): Text '01-Jan-2000' is set on object 'Object Repository/WEB/Change Profile/ChangeProfile_inputText_BirthDay'

2023-04-03 08:34:41 - [MESSAGE][PASSED] - Text '01-Jan-2000' is set on object 'Object Repository/WEB/Change Profile/ChangeProfile_inputText_BirthDay'

2023-04-03 08:34:41 - [TEST_STEP][PASSED] - click(findTestObject("WEB/Change Profile/ChangeProfile_button_Cancel")): Object: 'Object Repository/WEB/Change Profile/ChangeProfile_button_Cancel' is clicked on

2023-04-03 08:34:41 - [MESSAGE][PASSED] - Object: 'Object Repository/WEB/Change Profile/ChangeProfile_button_Cancel' is clicked on

2023-04-03 08:34:41 - [TEST_STEP][PASSED] - delay(2): Delayed 2 second(s)

2023-04-03 08:34:43 - [MESSAGE][PASSED] - Delayed 2 second(s)

2023-04-03 08:34:43 - [TEST_STEP][PASSED] - profileImage = getAttribute(findTestObject("WEB/Profile/Profile_img_profilePhoto"), "src"): Attribute 'src' of object 'Object Repository/WEB/Profile/Profile_img_profilePhoto' is: 'https://storage.googleapis.com/codingid-storage-bucket/storage/uploads/avatar/1680485669cat01.jpeg'

2023-04-03 08:34:44 - [MESSAGE][PASSED] - Attribute 'src' of object 'Object Repository/WEB/Profile/Profile_img_profilePhoto' is: 'https://storage.googleapis.com/codingid-storage-bucket/storage/uploads/avatar/1680485669cat01.jpeg'

2023-04-03 08:34:44 - [TEST_STEP][PASSED] - decodedProfileImage = URLDecoder.decode(profileImage, "UTF-8"): null

2023-04-03 08:34:44 - [TEST_STEP][PASSED] - nameProfile = getText(findTestObject("WEB/Profile/Profile_text_Name")): Text of object 'Object Repository/WEB/Profile/Profile_text_Name' is: 'Edited Value'

2023-04-03 08:34:44 - [MESSAGE][PASSED] - Text of object 'Object Repository/WEB/Profile/Profile_text_Name' is: 'Edited Value'

2023-04-03 08:34:44 - [TEST_STEP][PASSED] - phoneProfile = getText(findTestObject("WEB/Profile/Profile_text_Phone")): Text of object 'Object Repository/WEB/Profile/Profile_text_Phone' is: '081123456789'

2023-04-03 08:34:44 - [MESSAGE][PASSED] - Text of object 'Object Repository/WEB/Profile/Profile_text_Phone' is: '081123456789'

2023-04-03 08:34:44 - [TEST_STEP][PASSED] - birthdayProfile = getText(findTestObject("WEB/Profile/Profile_text_Birthday")): Text of object 'Object Repository/WEB/Profile/Profile_text_Birthday' is: '01-Jan-2000'

2023-04-03 08:34:45 - [MESSAGE][PASSED] - Text of object 'Object Repository/WEB/Profile/Profile_text_Birthday' is: '01-Jan-2000'

2023-04-03 08:34:45 - [TEST_STEP][PASSED] - assert verifyElementNotPresent(findTestObject("Object Repository/WEB/Change Profile/Profile_p_ChangeSuccessNotif"), 2) : "Profile was updated, not cancelled": Web element with id: 'Object Repository/WEB/Change Profile/Profile_p_ChangeSuccessNotif' located by 'By.xpath: (.//*[normalize-space(text()) and normalize-space(.)='Berhasil'])[1]/following::div[1]' is not present after '2' second(s)

2023-04-03 08:34:45 - [MESSAGE][PASSED] - Web element with id: 'Object Repository/WEB/Change Profile/Profile_p_ChangeSuccessNotif' located by 'By.xpath: (.//*[normalize-space(text()) and normalize-space(.)='Berhasil'])[1]/following::div[1]' is not present after '2' second(s)

2023-04-03 08:34:45 - [TEST_STEP][PASSED] - assert decodedProfileImage == originalDecodedProfileImage : "Updated photo does not match the uploaded one": null

2023-04-03 08:34:45 - [TEST_STEP][PASSED] - assert nameProfile == originalNameProfile : "Updated Name does not match the inputted one": null

2023-04-03 08:34:45 - [TEST_STEP][PASSED] - assert phoneProfile == originalPhoneProfile : "Updated Phone Number does not match the inputted one": null

2023-04-03 08:34:45 - [TEST_STEP][PASSED] - assert birthdayProfile == originalBirthdayProfile : "Updated Birthday does not match the inputted one": null]]></system-out>
         <system-err><![CDATA[]]></system-err>
      </testcase>
      <testcase name="Test Cases/Web/CP/CP-03" time="0.371" classname="Test Cases/Web/CP/CP-03" status="ERROR">
         <error type="ERROR" message="Test Cases/Web/CP/CP-03 FAILED.
Reason:
org.codehaus.groovy.control.MultipleCompilationErrorsException: startup failed:
file:/C:/Users/rizki/git/CodingID-QA/Scripts/Web/CP/CP-03/Script1680330345305.groovy: 50: The current scope already contains a variable of the name originalNameProfile
 @ line 50, column 5.
   def originalNameProfile = WebUI.getText(findTestObject('WEB/Profile/Profile_text_Name'))
       ^

1 error

	at com.kms.katalon.core.main.ScriptEngine.getScript(ScriptEngine.java:199)
	at com.kms.katalon.core.main.ScriptEngine.run(ScriptEngine.java:194)
	at com.kms.katalon.core.main.ScriptEngine.runScriptAsRawText(ScriptEngine.java:119)
	at com.kms.katalon.core.main.TestCaseExecutor.runScript(TestCaseExecutor.java:448)
	at com.kms.katalon.core.main.TestCaseExecutor.doExecute(TestCaseExecutor.java:439)
	at com.kms.katalon.core.main.TestCaseExecutor.processExecutionPhase(TestCaseExecutor.java:418)
	at com.kms.katalon.core.main.TestCaseExecutor.accessMainPhase(TestCaseExecutor.java:410)
	at com.kms.katalon.core.main.TestCaseExecutor.execute(TestCaseExecutor.java:285)
	at com.kms.katalon.core.common.CommonExecutor.accessTestCaseMainPhase(CommonExecutor.java:65)
	at com.kms.katalon.core.main.TestSuiteExecutor.accessTestSuiteMainPhase(TestSuiteExecutor.java:151)
	at com.kms.katalon.core.main.TestSuiteExecutor.execute(TestSuiteExecutor.java:106)
	at com.kms.katalon.core.main.TestCaseMain.startTestSuite(TestCaseMain.java:185)
	at com.kms.katalon.core.main.TestCaseMain$startTestSuite$0.call(Unknown Source)
	at TempTestSuite1680485631021.run(TempTestSuite1680485631021.groovy:36)
"/>
         <system-out><![CDATA[2023-04-03 08:34:45 - [TEST_CASE][ERROR] - Test Cases/Web/CP/CP-03: Test Cases/Web/CP/CP-03 FAILED.
Reason:
org.codehaus.groovy.control.MultipleCompilationErrorsException: startup failed:
file:/C:/Users/rizki/git/CodingID-QA/Scripts/Web/CP/CP-03/Script1680330345305.groovy: 50: The current scope already contains a variable of the name originalNameProfile
 @ line 50, column 5.
   def originalNameProfile = WebUI.getText(findTestObject('WEB/Profile/Profile_text_Name'))
       ^

1 error

	at com.kms.katalon.core.main.ScriptEngine.getScript(ScriptEngine.java:199)
	at com.kms.katalon.core.main.ScriptEngine.run(ScriptEngine.java:194)
	at com.kms.katalon.core.main.ScriptEngine.runScriptAsRawText(ScriptEngine.java:119)
	at com.kms.katalon.core.main.TestCaseExecutor.runScript(TestCaseExecutor.java:448)
	at com.kms.katalon.core.main.TestCaseExecutor.doExecute(TestCaseExecutor.java:439)
	at com.kms.katalon.core.main.TestCaseExecutor.processExecutionPhase(TestCaseExecutor.java:418)
	at com.kms.katalon.core.main.TestCaseExecutor.accessMainPhase(TestCaseExecutor.java:410)
	at com.kms.katalon.core.main.TestCaseExecutor.execute(TestCaseExecutor.java:285)
	at com.kms.katalon.core.common.CommonExecutor.accessTestCaseMainPhase(CommonExecutor.java:65)
	at com.kms.katalon.core.main.TestSuiteExecutor.accessTestSuiteMainPhase(TestSuiteExecutor.java:151)
	at com.kms.katalon.core.main.TestSuiteExecutor.execute(TestSuiteExecutor.java:106)
	at com.kms.katalon.core.main.TestCaseMain.startTestSuite(TestCaseMain.java:185)
	at com.kms.katalon.core.main.TestCaseMain$startTestSuite$0.call(Unknown Source)
	at TempTestSuite1680485631021.run(TempTestSuite1680485631021.groovy:36)]]></system-out>
         <system-err><![CDATA[2023-04-03 08:34:45 - [TEST_CASE][ERROR] - Test Cases/Web/CP/CP-03: Test Cases/Web/CP/CP-03 FAILED.
Reason:
org.codehaus.groovy.control.MultipleCompilationErrorsException: startup failed:
file:/C:/Users/rizki/git/CodingID-QA/Scripts/Web/CP/CP-03/Script1680330345305.groovy: 50: The current scope already contains a variable of the name originalNameProfile
 @ line 50, column 5.
   def originalNameProfile = WebUI.getText(findTestObject('WEB/Profile/Profile_text_Name'))
       ^

1 error

	at com.kms.katalon.core.main.ScriptEngine.getScript(ScriptEngine.java:199)
	at com.kms.katalon.core.main.ScriptEngine.run(ScriptEngine.java:194)
	at com.kms.katalon.core.main.ScriptEngine.runScriptAsRawText(ScriptEngine.java:119)
	at com.kms.katalon.core.main.TestCaseExecutor.runScript(TestCaseExecutor.java:448)
	at com.kms.katalon.core.main.TestCaseExecutor.doExecute(TestCaseExecutor.java:439)
	at com.kms.katalon.core.main.TestCaseExecutor.processExecutionPhase(TestCaseExecutor.java:418)
	at com.kms.katalon.core.main.TestCaseExecutor.accessMainPhase(TestCaseExecutor.java:410)
	at com.kms.katalon.core.main.TestCaseExecutor.execute(TestCaseExecutor.java:285)
	at com.kms.katalon.core.common.CommonExecutor.accessTestCaseMainPhase(CommonExecutor.java:65)
	at com.kms.katalon.core.main.TestSuiteExecutor.accessTestSuiteMainPhase(TestSuiteExecutor.java:151)
	at com.kms.katalon.core.main.TestSuiteExecutor.execute(TestSuiteExecutor.java:106)
	at com.kms.katalon.core.main.TestCaseMain.startTestSuite(TestCaseMain.java:185)
	at com.kms.katalon.core.main.TestCaseMain$startTestSuite$0.call(Unknown Source)
	at TempTestSuite1680485631021.run(TempTestSuite1680485631021.groovy:36)]]></system-err>
      </testcase>
      <testcase name="Test Cases/Web/CP/CP-04" time="51.969" classname="Test Cases/Web/CP/CP-04" status="PASSED">
         <system-out><![CDATA[2023-04-03 08:34:45 - [TEST_CASE][PASSED] - Test Cases/Web/CP/CP-04: Test Cases/Web/CP/CP-04

2023-04-03 08:34:46 - [TEST_STEP][PASSED] - navigateToUrl("https://demo-app.online/dashboard/profile"): Navigate to 'https://demo-app.online/dashboard/profile' successfully

2023-04-03 08:34:46 - [MESSAGE][PASSED] - Navigate to 'https://demo-app.online/dashboard/profile' successfully

2023-04-03 08:34:46 - [TEST_STEP][PASSED] - testData = findTestData("Data Files/Web/ChangeProfile_Photo"): null

2023-04-03 08:34:47 - [TEST_STEP][PASSED] - for ([i = 1, i <= testData.getRowNumbers(), (i++)]): null

2023-04-03 08:34:47 - [TEST_STEP][PASSED] - uploadFilePath = "/Include/Resources/": null

2023-04-03 08:34:47 - [TEST_STEP][PASSED] - uploadFileName = testData.getValue("photo", i): null

2023-04-03 08:34:47 - [TEST_STEP][PASSED] - file = new java.io.File(com.kms.katalon.core.configuration.RunConfiguration.getProjectDir(), (uploadFilePath + uploadFileName)): null

2023-04-03 08:34:47 - [TEST_STEP][PASSED] - inputImage = file.toString(): null

2023-04-03 08:34:47 - [TEST_STEP][PASSED] - inputName = "Edited Value".trim(): null

2023-04-03 08:34:47 - [TEST_STEP][PASSED] - inputPhone = "081123456789": null

2023-04-03 08:34:47 - [TEST_STEP][PASSED] - inputBirthday = "01-Jan-2000": null

2023-04-03 08:34:47 - [TEST_STEP][PASSED] - originalNameProfile = getText(findTestObject("WEB/Profile/Profile_text_Name")).trim(): Text of object 'Object Repository/WEB/Profile/Profile_text_Name' is: 'Edited Value'

2023-04-03 08:34:47 - [MESSAGE][PASSED] - Text of object 'Object Repository/WEB/Profile/Profile_text_Name' is: 'Edited Value'

2023-04-03 08:34:47 - [TEST_STEP][PASSED] - click(findTestObject("WEB/Profile/Profile_button_EditProfile")): Object: 'Object Repository/WEB/Profile/Profile_button_EditProfile' is clicked on

2023-04-03 08:34:48 - [MESSAGE][PASSED] - Object: 'Object Repository/WEB/Profile/Profile_button_EditProfile' is clicked on

2023-04-03 08:34:48 - [TEST_STEP][PASSED] - uploadFile(findTestObject("WEB/Change Profile/ChangeProfile_button_uploadButton"), inputImage): File 'C:\Users\rizki\git\CodingID-QA\Include\Resources\cat01.jpeg' sent to object: 'Object Repository/WEB/Change Profile/ChangeProfile_button_uploadButton'

2023-04-03 08:34:48 - [MESSAGE][PASSED] - File 'C:\Users\rizki\git\CodingID-QA\Include\Resources\cat01.jpeg' sent to object: 'Object Repository/WEB/Change Profile/ChangeProfile_button_uploadButton'

2023-04-03 08:34:48 - [TEST_STEP][PASSED] - setText(findTestObject("WEB/Change Profile/ChangeProfile_inputText_Name"), inputName): Text 'Edited Value' is set on object 'Object Repository/WEB/Change Profile/ChangeProfile_inputText_Name'

2023-04-03 08:34:49 - [MESSAGE][PASSED] - Text 'Edited Value' is set on object 'Object Repository/WEB/Change Profile/ChangeProfile_inputText_Name'

2023-04-03 08:34:49 - [TEST_STEP][PASSED] - setText(findTestObject("WEB/Change Profile/ChangeProfile_inputText_Phone"), inputPhone): Text '081123456789' is set on object 'Object Repository/WEB/Change Profile/ChangeProfile_inputText_Phone'

2023-04-03 08:34:50 - [MESSAGE][PASSED] - Text '081123456789' is set on object 'Object Repository/WEB/Change Profile/ChangeProfile_inputText_Phone'

2023-04-03 08:34:50 - [TEST_STEP][PASSED] - setText(findTestObject("WEB/Change Profile/ChangeProfile_inputText_BirthDay"), inputBirthday): Text '01-Jan-2000' is set on object 'Object Repository/WEB/Change Profile/ChangeProfile_inputText_BirthDay'

2023-04-03 08:34:51 - [MESSAGE][PASSED] - Text '01-Jan-2000' is set on object 'Object Repository/WEB/Change Profile/ChangeProfile_inputText_BirthDay'

2023-04-03 08:34:51 - [TEST_STEP][PASSED] - nameInputValue = getAttribute(findTestObject("WEB/Change Profile/ChangeProfile_inputText_Name"), "value"): Attribute 'value' of object 'Object Repository/WEB/Change Profile/ChangeProfile_inputText_Name' is: 'Edited Value'

2023-04-03 08:34:51 - [MESSAGE][PASSED] - Attribute 'value' of object 'Object Repository/WEB/Change Profile/ChangeProfile_inputText_Name' is: 'Edited Value'

2023-04-03 08:34:51 - [TEST_STEP][PASSED] - click(findTestObject("WEB/Change Profile/ChangeProfile_button_Save")): Object: 'Object Repository/WEB/Change Profile/ChangeProfile_button_Save' is clicked on

2023-04-03 08:34:53 - [MESSAGE][PASSED] - Object: 'Object Repository/WEB/Change Profile/ChangeProfile_button_Save' is clicked on

2023-04-03 08:34:53 - [TEST_STEP][PASSED] - delay(2): Delayed 2 second(s)

2023-04-03 08:34:55 - [MESSAGE][PASSED] - Delayed 2 second(s)

2023-04-03 08:34:55 - [TEST_STEP][PASSED] - profileImage = getAttribute(findTestObject("WEB/Profile/Profile_img_profilePhoto"), "src"): Attribute 'src' of object 'Object Repository/WEB/Profile/Profile_img_profilePhoto' is: 'https://storage.googleapis.com/codingid-storage-bucket/storage/uploads/avatar/1680485692cat01.jpeg'

2023-04-03 08:34:55 - [MESSAGE][PASSED] - Attribute 'src' of object 'Object Repository/WEB/Profile/Profile_img_profilePhoto' is: 'https://storage.googleapis.com/codingid-storage-bucket/storage/uploads/avatar/1680485692cat01.jpeg'

2023-04-03 08:34:55 - [TEST_STEP][PASSED] - decodedProfileImage = URLDecoder.decode(profileImage, "UTF-8"): null

2023-04-03 08:34:55 - [TEST_STEP][PASSED] - nameProfile = getText(findTestObject("WEB/Profile/Profile_text_Name")): Text of object 'Object Repository/WEB/Profile/Profile_text_Name' is: 'Edited Value'

2023-04-03 08:34:55 - [MESSAGE][PASSED] - Text of object 'Object Repository/WEB/Profile/Profile_text_Name' is: 'Edited Value'

2023-04-03 08:34:55 - [TEST_STEP][PASSED] - phoneProfile = getText(findTestObject("WEB/Profile/Profile_text_Phone")): Text of object 'Object Repository/WEB/Profile/Profile_text_Phone' is: '081123456789'

2023-04-03 08:34:56 - [MESSAGE][PASSED] - Text of object 'Object Repository/WEB/Profile/Profile_text_Phone' is: '081123456789'

2023-04-03 08:34:56 - [TEST_STEP][PASSED] - birthdayProfile = getText(findTestObject("WEB/Profile/Profile_text_Birthday")): Text of object 'Object Repository/WEB/Profile/Profile_text_Birthday' is: '01-Jan-2000'

2023-04-03 08:34:56 - [MESSAGE][PASSED] - Text of object 'Object Repository/WEB/Profile/Profile_text_Birthday' is: '01-Jan-2000'

2023-04-03 08:34:56 - [TEST_STEP][PASSED] - verifyElementText(findTestObject("Object Repository/WEB/Change Profile/Profile_p_ChangeSuccessNotif"), originalNameProfile + " telah di edit"): Actual text and expected text of test object 'Object Repository/WEB/Change Profile/Profile_p_ChangeSuccessNotif' are matched.

2023-04-03 08:34:56 - [MESSAGE][PASSED] - Actual text and expected text of test object 'Object Repository/WEB/Change Profile/Profile_p_ChangeSuccessNotif' are matched.

2023-04-03 08:34:56 - [TEST_STEP][PASSED] - click(findTestObject("Object Repository/WEB/Change Profile/Profile_button_ChangeSuccessNotif")): Object: 'Object Repository/WEB/Change Profile/Profile_button_ChangeSuccessNotif' is clicked on

2023-04-03 08:34:57 - [MESSAGE][PASSED] - Object: 'Object Repository/WEB/Change Profile/Profile_button_ChangeSuccessNotif' is clicked on

2023-04-03 08:34:57 - [TEST_STEP][PASSED] - assert decodedProfileImage.endsWith(uploadFileName) : "Updated photo does not match the uploaded one": null

2023-04-03 08:34:57 - [TEST_STEP][PASSED] - assert nameProfile == inputName : "Updated Name does not match the inputted one": null

2023-04-03 08:34:57 - [TEST_STEP][PASSED] - assert phoneProfile == inputPhone : "Updated Phone Number does not match the inputted one": null

2023-04-03 08:34:57 - [TEST_STEP][PASSED] - assert birthdayProfile == inputBirthday : "Updated Birthday does not match the inputted one": null

2023-04-03 08:34:57 - [TEST_STEP][PASSED] - uploadFilePath = "/Include/Resources/": null

2023-04-03 08:34:57 - [TEST_STEP][PASSED] - uploadFileName = testData.getValue("photo", i): null

2023-04-03 08:34:57 - [TEST_STEP][PASSED] - file = new java.io.File(com.kms.katalon.core.configuration.RunConfiguration.getProjectDir(), (uploadFilePath + uploadFileName)): null

2023-04-03 08:34:57 - [TEST_STEP][PASSED] - inputImage = file.toString(): null

2023-04-03 08:34:57 - [TEST_STEP][PASSED] - inputName = "Edited Value".trim(): null

2023-04-03 08:34:57 - [TEST_STEP][PASSED] - inputPhone = "081123456789": null

2023-04-03 08:34:57 - [TEST_STEP][PASSED] - inputBirthday = "01-Jan-2000": null

2023-04-03 08:34:57 - [TEST_STEP][PASSED] - originalNameProfile = getText(findTestObject("WEB/Profile/Profile_text_Name")).trim(): Text of object 'Object Repository/WEB/Profile/Profile_text_Name' is: 'Edited Value'

2023-04-03 08:34:57 - [MESSAGE][PASSED] - Text of object 'Object Repository/WEB/Profile/Profile_text_Name' is: 'Edited Value'

2023-04-03 08:34:57 - [TEST_STEP][PASSED] - click(findTestObject("WEB/Profile/Profile_button_EditProfile")): Object: 'Object Repository/WEB/Profile/Profile_button_EditProfile' is clicked on

2023-04-03 08:34:58 - [MESSAGE][PASSED] - Object: 'Object Repository/WEB/Profile/Profile_button_EditProfile' is clicked on

2023-04-03 08:34:58 - [TEST_STEP][PASSED] - uploadFile(findTestObject("WEB/Change Profile/ChangeProfile_button_uploadButton"), inputImage): File 'C:\Users\rizki\git\CodingID-QA\Include\Resources\cat02.jpeg' sent to object: 'Object Repository/WEB/Change Profile/ChangeProfile_button_uploadButton'

2023-04-03 08:34:58 - [MESSAGE][PASSED] - File 'C:\Users\rizki\git\CodingID-QA\Include\Resources\cat02.jpeg' sent to object: 'Object Repository/WEB/Change Profile/ChangeProfile_button_uploadButton'

2023-04-03 08:34:58 - [TEST_STEP][PASSED] - setText(findTestObject("WEB/Change Profile/ChangeProfile_inputText_Name"), inputName): Text 'Edited Value' is set on object 'Object Repository/WEB/Change Profile/ChangeProfile_inputText_Name'

2023-04-03 08:34:59 - [MESSAGE][PASSED] - Text 'Edited Value' is set on object 'Object Repository/WEB/Change Profile/ChangeProfile_inputText_Name'

2023-04-03 08:34:59 - [TEST_STEP][PASSED] - setText(findTestObject("WEB/Change Profile/ChangeProfile_inputText_Phone"), inputPhone): Text '081123456789' is set on object 'Object Repository/WEB/Change Profile/ChangeProfile_inputText_Phone'

2023-04-03 08:35:00 - [MESSAGE][PASSED] - Text '081123456789' is set on object 'Object Repository/WEB/Change Profile/ChangeProfile_inputText_Phone'

2023-04-03 08:35:00 - [TEST_STEP][PASSED] - setText(findTestObject("WEB/Change Profile/ChangeProfile_inputText_BirthDay"), inputBirthday): Text '01-Jan-2000' is set on object 'Object Repository/WEB/Change Profile/ChangeProfile_inputText_BirthDay'

2023-04-03 08:35:01 - [MESSAGE][PASSED] - Text '01-Jan-2000' is set on object 'Object Repository/WEB/Change Profile/ChangeProfile_inputText_BirthDay'

2023-04-03 08:35:01 - [TEST_STEP][PASSED] - nameInputValue = getAttribute(findTestObject("WEB/Change Profile/ChangeProfile_inputText_Name"), "value"): Attribute 'value' of object 'Object Repository/WEB/Change Profile/ChangeProfile_inputText_Name' is: 'Edited Value'

2023-04-03 08:35:01 - [MESSAGE][PASSED] - Attribute 'value' of object 'Object Repository/WEB/Change Profile/ChangeProfile_inputText_Name' is: 'Edited Value'

2023-04-03 08:35:01 - [TEST_STEP][PASSED] - click(findTestObject("WEB/Change Profile/ChangeProfile_button_Save")): Object: 'Object Repository/WEB/Change Profile/ChangeProfile_button_Save' is clicked on

2023-04-03 08:35:04 - [MESSAGE][PASSED] - Object: 'Object Repository/WEB/Change Profile/ChangeProfile_button_Save' is clicked on

2023-04-03 08:35:04 - [TEST_STEP][PASSED] - delay(2): Delayed 2 second(s)

2023-04-03 08:35:06 - [MESSAGE][PASSED] - Delayed 2 second(s)

2023-04-03 08:35:06 - [TEST_STEP][PASSED] - profileImage = getAttribute(findTestObject("WEB/Profile/Profile_img_profilePhoto"), "src"): Attribute 'src' of object 'Object Repository/WEB/Profile/Profile_img_profilePhoto' is: 'https://storage.googleapis.com/codingid-storage-bucket/storage/uploads/avatar/1680485703cat02.jpeg'

2023-04-03 08:35:06 - [MESSAGE][PASSED] - Attribute 'src' of object 'Object Repository/WEB/Profile/Profile_img_profilePhoto' is: 'https://storage.googleapis.com/codingid-storage-bucket/storage/uploads/avatar/1680485703cat02.jpeg'

2023-04-03 08:35:06 - [TEST_STEP][PASSED] - decodedProfileImage = URLDecoder.decode(profileImage, "UTF-8"): null

2023-04-03 08:35:06 - [TEST_STEP][PASSED] - nameProfile = getText(findTestObject("WEB/Profile/Profile_text_Name")): Text of object 'Object Repository/WEB/Profile/Profile_text_Name' is: 'Edited Value'

2023-04-03 08:35:07 - [MESSAGE][PASSED] - Text of object 'Object Repository/WEB/Profile/Profile_text_Name' is: 'Edited Value'

2023-04-03 08:35:07 - [TEST_STEP][PASSED] - phoneProfile = getText(findTestObject("WEB/Profile/Profile_text_Phone")): Text of object 'Object Repository/WEB/Profile/Profile_text_Phone' is: '081123456789'

2023-04-03 08:35:07 - [MESSAGE][PASSED] - Text of object 'Object Repository/WEB/Profile/Profile_text_Phone' is: '081123456789'

2023-04-03 08:35:07 - [TEST_STEP][PASSED] - birthdayProfile = getText(findTestObject("WEB/Profile/Profile_text_Birthday")): Text of object 'Object Repository/WEB/Profile/Profile_text_Birthday' is: '01-Jan-2000'

2023-04-03 08:35:07 - [MESSAGE][PASSED] - Text of object 'Object Repository/WEB/Profile/Profile_text_Birthday' is: '01-Jan-2000'

2023-04-03 08:35:07 - [TEST_STEP][PASSED] - verifyElementText(findTestObject("Object Repository/WEB/Change Profile/Profile_p_ChangeSuccessNotif"), originalNameProfile + " telah di edit"): Actual text and expected text of test object 'Object Repository/WEB/Change Profile/Profile_p_ChangeSuccessNotif' are matched.

2023-04-03 08:35:08 - [MESSAGE][PASSED] - Actual text and expected text of test object 'Object Repository/WEB/Change Profile/Profile_p_ChangeSuccessNotif' are matched.

2023-04-03 08:35:08 - [TEST_STEP][PASSED] - click(findTestObject("Object Repository/WEB/Change Profile/Profile_button_ChangeSuccessNotif")): Object: 'Object Repository/WEB/Change Profile/Profile_button_ChangeSuccessNotif' is clicked on

2023-04-03 08:35:08 - [MESSAGE][PASSED] - Object: 'Object Repository/WEB/Change Profile/Profile_button_ChangeSuccessNotif' is clicked on

2023-04-03 08:35:08 - [TEST_STEP][PASSED] - assert decodedProfileImage.endsWith(uploadFileName) : "Updated photo does not match the uploaded one": null

2023-04-03 08:35:08 - [TEST_STEP][PASSED] - assert nameProfile == inputName : "Updated Name does not match the inputted one": null

2023-04-03 08:35:08 - [TEST_STEP][PASSED] - assert phoneProfile == inputPhone : "Updated Phone Number does not match the inputted one": null

2023-04-03 08:35:08 - [TEST_STEP][PASSED] - assert birthdayProfile == inputBirthday : "Updated Birthday does not match the inputted one": null

2023-04-03 08:35:08 - [TEST_STEP][PASSED] - uploadFilePath = "/Include/Resources/": null

2023-04-03 08:35:08 - [TEST_STEP][PASSED] - uploadFileName = testData.getValue("photo", i): null

2023-04-03 08:35:08 - [TEST_STEP][PASSED] - file = new java.io.File(com.kms.katalon.core.configuration.RunConfiguration.getProjectDir(), (uploadFilePath + uploadFileName)): null

2023-04-03 08:35:08 - [TEST_STEP][PASSED] - inputImage = file.toString(): null

2023-04-03 08:35:08 - [TEST_STEP][PASSED] - inputName = "Edited Value".trim(): null

2023-04-03 08:35:08 - [TEST_STEP][PASSED] - inputPhone = "081123456789": null

2023-04-03 08:35:08 - [TEST_STEP][PASSED] - inputBirthday = "01-Jan-2000": null

2023-04-03 08:35:08 - [TEST_STEP][PASSED] - originalNameProfile = getText(findTestObject("WEB/Profile/Profile_text_Name")).trim(): Text of object 'Object Repository/WEB/Profile/Profile_text_Name' is: 'Edited Value'

2023-04-03 08:35:08 - [MESSAGE][PASSED] - Text of object 'Object Repository/WEB/Profile/Profile_text_Name' is: 'Edited Value'

2023-04-03 08:35:08 - [TEST_STEP][PASSED] - click(findTestObject("WEB/Profile/Profile_button_EditProfile")): Object: 'Object Repository/WEB/Profile/Profile_button_EditProfile' is clicked on

2023-04-03 08:35:09 - [MESSAGE][PASSED] - Object: 'Object Repository/WEB/Profile/Profile_button_EditProfile' is clicked on

2023-04-03 08:35:09 - [TEST_STEP][PASSED] - uploadFile(findTestObject("WEB/Change Profile/ChangeProfile_button_uploadButton"), inputImage): File 'C:\Users\rizki\git\CodingID-QA\Include\Resources\cat03.jpeg' sent to object: 'Object Repository/WEB/Change Profile/ChangeProfile_button_uploadButton'

2023-04-03 08:35:10 - [MESSAGE][PASSED] - File 'C:\Users\rizki\git\CodingID-QA\Include\Resources\cat03.jpeg' sent to object: 'Object Repository/WEB/Change Profile/ChangeProfile_button_uploadButton'

2023-04-03 08:35:10 - [TEST_STEP][PASSED] - setText(findTestObject("WEB/Change Profile/ChangeProfile_inputText_Name"), inputName): Text 'Edited Value' is set on object 'Object Repository/WEB/Change Profile/ChangeProfile_inputText_Name'

2023-04-03 08:35:11 - [MESSAGE][PASSED] - Text 'Edited Value' is set on object 'Object Repository/WEB/Change Profile/ChangeProfile_inputText_Name'

2023-04-03 08:35:11 - [TEST_STEP][PASSED] - setText(findTestObject("WEB/Change Profile/ChangeProfile_inputText_Phone"), inputPhone): Text '081123456789' is set on object 'Object Repository/WEB/Change Profile/ChangeProfile_inputText_Phone'

2023-04-03 08:35:11 - [MESSAGE][PASSED] - Text '081123456789' is set on object 'Object Repository/WEB/Change Profile/ChangeProfile_inputText_Phone'

2023-04-03 08:35:11 - [TEST_STEP][PASSED] - setText(findTestObject("WEB/Change Profile/ChangeProfile_inputText_BirthDay"), inputBirthday): Text '01-Jan-2000' is set on object 'Object Repository/WEB/Change Profile/ChangeProfile_inputText_BirthDay'

2023-04-03 08:35:12 - [MESSAGE][PASSED] - Text '01-Jan-2000' is set on object 'Object Repository/WEB/Change Profile/ChangeProfile_inputText_BirthDay'

2023-04-03 08:35:12 - [TEST_STEP][PASSED] - nameInputValue = getAttribute(findTestObject("WEB/Change Profile/ChangeProfile_inputText_Name"), "value"): Attribute 'value' of object 'Object Repository/WEB/Change Profile/ChangeProfile_inputText_Name' is: 'Edited Value'

2023-04-03 08:35:13 - [MESSAGE][PASSED] - Attribute 'value' of object 'Object Repository/WEB/Change Profile/ChangeProfile_inputText_Name' is: 'Edited Value'

2023-04-03 08:35:13 - [TEST_STEP][PASSED] - click(findTestObject("WEB/Change Profile/ChangeProfile_button_Save")): Object: 'Object Repository/WEB/Change Profile/ChangeProfile_button_Save' is clicked on

2023-04-03 08:35:14 - [MESSAGE][PASSED] - Object: 'Object Repository/WEB/Change Profile/ChangeProfile_button_Save' is clicked on

2023-04-03 08:35:14 - [TEST_STEP][PASSED] - delay(2): Delayed 2 second(s)

2023-04-03 08:35:16 - [MESSAGE][PASSED] - Delayed 2 second(s)

2023-04-03 08:35:16 - [TEST_STEP][PASSED] - profileImage = getAttribute(findTestObject("WEB/Profile/Profile_img_profilePhoto"), "src"): Attribute 'src' of object 'Object Repository/WEB/Profile/Profile_img_profilePhoto' is: 'https://storage.googleapis.com/codingid-storage-bucket/storage/uploads/avatar/1680485713cat03.jpeg'

2023-04-03 08:35:17 - [MESSAGE][PASSED] - Attribute 'src' of object 'Object Repository/WEB/Profile/Profile_img_profilePhoto' is: 'https://storage.googleapis.com/codingid-storage-bucket/storage/uploads/avatar/1680485713cat03.jpeg'

2023-04-03 08:35:17 - [TEST_STEP][PASSED] - decodedProfileImage = URLDecoder.decode(profileImage, "UTF-8"): null

2023-04-03 08:35:17 - [TEST_STEP][PASSED] - nameProfile = getText(findTestObject("WEB/Profile/Profile_text_Name")): Text of object 'Object Repository/WEB/Profile/Profile_text_Name' is: 'Edited Value'

2023-04-03 08:35:17 - [MESSAGE][PASSED] - Text of object 'Object Repository/WEB/Profile/Profile_text_Name' is: 'Edited Value'

2023-04-03 08:35:17 - [TEST_STEP][PASSED] - phoneProfile = getText(findTestObject("WEB/Profile/Profile_text_Phone")): Text of object 'Object Repository/WEB/Profile/Profile_text_Phone' is: '081123456789'

2023-04-03 08:35:17 - [MESSAGE][PASSED] - Text of object 'Object Repository/WEB/Profile/Profile_text_Phone' is: '081123456789'

2023-04-03 08:35:17 - [TEST_STEP][PASSED] - birthdayProfile = getText(findTestObject("WEB/Profile/Profile_text_Birthday")): Text of object 'Object Repository/WEB/Profile/Profile_text_Birthday' is: '01-Jan-2000'

2023-04-03 08:35:17 - [MESSAGE][PASSED] - Text of object 'Object Repository/WEB/Profile/Profile_text_Birthday' is: '01-Jan-2000'

2023-04-03 08:35:17 - [TEST_STEP][PASSED] - verifyElementText(findTestObject("Object Repository/WEB/Change Profile/Profile_p_ChangeSuccessNotif"), originalNameProfile + " telah di edit"): Actual text and expected text of test object 'Object Repository/WEB/Change Profile/Profile_p_ChangeSuccessNotif' are matched.

2023-04-03 08:35:18 - [MESSAGE][PASSED] - Actual text and expected text of test object 'Object Repository/WEB/Change Profile/Profile_p_ChangeSuccessNotif' are matched.

2023-04-03 08:35:18 - [TEST_STEP][PASSED] - click(findTestObject("Object Repository/WEB/Change Profile/Profile_button_ChangeSuccessNotif")): Object: 'Object Repository/WEB/Change Profile/Profile_button_ChangeSuccessNotif' is clicked on

2023-04-03 08:35:18 - [MESSAGE][PASSED] - Object: 'Object Repository/WEB/Change Profile/Profile_button_ChangeSuccessNotif' is clicked on

2023-04-03 08:35:18 - [TEST_STEP][PASSED] - assert decodedProfileImage.endsWith(uploadFileName) : "Updated photo does not match the uploaded one": null

2023-04-03 08:35:18 - [TEST_STEP][PASSED] - assert nameProfile == inputName : "Updated Name does not match the inputted one": null

2023-04-03 08:35:18 - [TEST_STEP][PASSED] - assert phoneProfile == inputPhone : "Updated Phone Number does not match the inputted one": null

2023-04-03 08:35:18 - [TEST_STEP][PASSED] - assert birthdayProfile == inputBirthday : "Updated Birthday does not match the inputted one": null

2023-04-03 08:35:18 - [TEST_STEP][PASSED] - uploadFilePath = "/Include/Resources/": null

2023-04-03 08:35:18 - [TEST_STEP][PASSED] - uploadFileName = testData.getValue("photo", i): null

2023-04-03 08:35:18 - [TEST_STEP][PASSED] - file = new java.io.File(com.kms.katalon.core.configuration.RunConfiguration.getProjectDir(), (uploadFilePath + uploadFileName)): null

2023-04-03 08:35:18 - [TEST_STEP][PASSED] - inputImage = file.toString(): null

2023-04-03 08:35:18 - [TEST_STEP][PASSED] - inputName = "Edited Value".trim(): null

2023-04-03 08:35:18 - [TEST_STEP][PASSED] - inputPhone = "081123456789": null

2023-04-03 08:35:18 - [TEST_STEP][PASSED] - inputBirthday = "01-Jan-2000": null

2023-04-03 08:35:18 - [TEST_STEP][PASSED] - originalNameProfile = getText(findTestObject("WEB/Profile/Profile_text_Name")).trim(): Text of object 'Object Repository/WEB/Profile/Profile_text_Name' is: 'Edited Value'

2023-04-03 08:35:18 - [MESSAGE][PASSED] - Text of object 'Object Repository/WEB/Profile/Profile_text_Name' is: 'Edited Value'

2023-04-03 08:35:18 - [TEST_STEP][PASSED] - click(findTestObject("WEB/Profile/Profile_button_EditProfile")): Object: 'Object Repository/WEB/Profile/Profile_button_EditProfile' is clicked on

2023-04-03 08:35:19 - [MESSAGE][PASSED] - Object: 'Object Repository/WEB/Profile/Profile_button_EditProfile' is clicked on

2023-04-03 08:35:19 - [TEST_STEP][PASSED] - uploadFile(findTestObject("WEB/Change Profile/ChangeProfile_button_uploadButton"), inputImage): File 'C:\Users\rizki\git\CodingID-QA\Include\Resources\cat04.jpeg' sent to object: 'Object Repository/WEB/Change Profile/ChangeProfile_button_uploadButton'

2023-04-03 08:35:20 - [MESSAGE][PASSED] - File 'C:\Users\rizki\git\CodingID-QA\Include\Resources\cat04.jpeg' sent to object: 'Object Repository/WEB/Change Profile/ChangeProfile_button_uploadButton'

2023-04-03 08:35:20 - [TEST_STEP][PASSED] - setText(findTestObject("WEB/Change Profile/ChangeProfile_inputText_Name"), inputName): Text 'Edited Value' is set on object 'Object Repository/WEB/Change Profile/ChangeProfile_inputText_Name'

2023-04-03 08:35:20 - [MESSAGE][PASSED] - Text 'Edited Value' is set on object 'Object Repository/WEB/Change Profile/ChangeProfile_inputText_Name'

2023-04-03 08:35:20 - [TEST_STEP][PASSED] - setText(findTestObject("WEB/Change Profile/ChangeProfile_inputText_Phone"), inputPhone): Text '081123456789' is set on object 'Object Repository/WEB/Change Profile/ChangeProfile_inputText_Phone'

2023-04-03 08:35:21 - [MESSAGE][PASSED] - Text '081123456789' is set on object 'Object Repository/WEB/Change Profile/ChangeProfile_inputText_Phone'

2023-04-03 08:35:21 - [TEST_STEP][PASSED] - setText(findTestObject("WEB/Change Profile/ChangeProfile_inputText_BirthDay"), inputBirthday): Text '01-Jan-2000' is set on object 'Object Repository/WEB/Change Profile/ChangeProfile_inputText_BirthDay'

2023-04-03 08:35:22 - [MESSAGE][PASSED] - Text '01-Jan-2000' is set on object 'Object Repository/WEB/Change Profile/ChangeProfile_inputText_BirthDay'

2023-04-03 08:35:22 - [TEST_STEP][PASSED] - nameInputValue = getAttribute(findTestObject("WEB/Change Profile/ChangeProfile_inputText_Name"), "value"): Attribute 'value' of object 'Object Repository/WEB/Change Profile/ChangeProfile_inputText_Name' is: 'Edited Value'

2023-04-03 08:35:22 - [MESSAGE][PASSED] - Attribute 'value' of object 'Object Repository/WEB/Change Profile/ChangeProfile_inputText_Name' is: 'Edited Value'

2023-04-03 08:35:22 - [TEST_STEP][PASSED] - click(findTestObject("WEB/Change Profile/ChangeProfile_button_Save")): Object: 'Object Repository/WEB/Change Profile/ChangeProfile_button_Save' is clicked on

2023-04-03 08:35:24 - [MESSAGE][PASSED] - Object: 'Object Repository/WEB/Change Profile/ChangeProfile_button_Save' is clicked on

2023-04-03 08:35:24 - [TEST_STEP][PASSED] - delay(2): Delayed 2 second(s)

2023-04-03 08:35:26 - [MESSAGE][PASSED] - Delayed 2 second(s)

2023-04-03 08:35:26 - [TEST_STEP][PASSED] - profileImage = getAttribute(findTestObject("WEB/Profile/Profile_img_profilePhoto"), "src"): Attribute 'src' of object 'Object Repository/WEB/Profile/Profile_img_profilePhoto' is: 'https://storage.googleapis.com/codingid-storage-bucket/storage/uploads/avatar/1680485723cat04.jpeg'

2023-04-03 08:35:26 - [MESSAGE][PASSED] - Attribute 'src' of object 'Object Repository/WEB/Profile/Profile_img_profilePhoto' is: 'https://storage.googleapis.com/codingid-storage-bucket/storage/uploads/avatar/1680485723cat04.jpeg'

2023-04-03 08:35:26 - [TEST_STEP][PASSED] - decodedProfileImage = URLDecoder.decode(profileImage, "UTF-8"): null

2023-04-03 08:35:26 - [TEST_STEP][PASSED] - nameProfile = getText(findTestObject("WEB/Profile/Profile_text_Name")): Text of object 'Object Repository/WEB/Profile/Profile_text_Name' is: 'Edited Value'

2023-04-03 08:35:26 - [MESSAGE][PASSED] - Text of object 'Object Repository/WEB/Profile/Profile_text_Name' is: 'Edited Value'

2023-04-03 08:35:26 - [TEST_STEP][PASSED] - phoneProfile = getText(findTestObject("WEB/Profile/Profile_text_Phone")): Text of object 'Object Repository/WEB/Profile/Profile_text_Phone' is: '081123456789'

2023-04-03 08:35:27 - [MESSAGE][PASSED] - Text of object 'Object Repository/WEB/Profile/Profile_text_Phone' is: '081123456789'

2023-04-03 08:35:27 - [TEST_STEP][PASSED] - birthdayProfile = getText(findTestObject("WEB/Profile/Profile_text_Birthday")): Text of object 'Object Repository/WEB/Profile/Profile_text_Birthday' is: '01-Jan-2000'

2023-04-03 08:35:27 - [MESSAGE][PASSED] - Text of object 'Object Repository/WEB/Profile/Profile_text_Birthday' is: '01-Jan-2000'

2023-04-03 08:35:27 - [TEST_STEP][PASSED] - verifyElementText(findTestObject("Object Repository/WEB/Change Profile/Profile_p_ChangeSuccessNotif"), originalNameProfile + " telah di edit"): Actual text and expected text of test object 'Object Repository/WEB/Change Profile/Profile_p_ChangeSuccessNotif' are matched.

2023-04-03 08:35:27 - [MESSAGE][PASSED] - Actual text and expected text of test object 'Object Repository/WEB/Change Profile/Profile_p_ChangeSuccessNotif' are matched.

2023-04-03 08:35:27 - [TEST_STEP][PASSED] - click(findTestObject("Object Repository/WEB/Change Profile/Profile_button_ChangeSuccessNotif")): Object: 'Object Repository/WEB/Change Profile/Profile_button_ChangeSuccessNotif' is clicked on

2023-04-03 08:35:28 - [MESSAGE][PASSED] - Object: 'Object Repository/WEB/Change Profile/Profile_button_ChangeSuccessNotif' is clicked on

2023-04-03 08:35:28 - [TEST_STEP][PASSED] - assert decodedProfileImage.endsWith(uploadFileName) : "Updated photo does not match the uploaded one": null

2023-04-03 08:35:28 - [TEST_STEP][PASSED] - assert nameProfile == inputName : "Updated Name does not match the inputted one": null

2023-04-03 08:35:28 - [TEST_STEP][PASSED] - assert phoneProfile == inputPhone : "Updated Phone Number does not match the inputted one": null

2023-04-03 08:35:28 - [TEST_STEP][PASSED] - assert birthdayProfile == inputBirthday : "Updated Birthday does not match the inputted one": null

2023-04-03 08:35:28 - [TEST_STEP][PASSED] - uploadFilePath = "/Include/Resources/": null

2023-04-03 08:35:28 - [TEST_STEP][PASSED] - uploadFileName = testData.getValue("photo", i): null

2023-04-03 08:35:28 - [TEST_STEP][PASSED] - file = new java.io.File(com.kms.katalon.core.configuration.RunConfiguration.getProjectDir(), (uploadFilePath + uploadFileName)): null

2023-04-03 08:35:28 - [TEST_STEP][PASSED] - inputImage = file.toString(): null

2023-04-03 08:35:28 - [TEST_STEP][PASSED] - inputName = "Edited Value".trim(): null

2023-04-03 08:35:28 - [TEST_STEP][PASSED] - inputPhone = "081123456789": null

2023-04-03 08:35:28 - [TEST_STEP][PASSED] - inputBirthday = "01-Jan-2000": null

2023-04-03 08:35:28 - [TEST_STEP][PASSED] - originalNameProfile = getText(findTestObject("WEB/Profile/Profile_text_Name")).trim(): Text of object 'Object Repository/WEB/Profile/Profile_text_Name' is: 'Edited Value'

2023-04-03 08:35:28 - [MESSAGE][PASSED] - Text of object 'Object Repository/WEB/Profile/Profile_text_Name' is: 'Edited Value'

2023-04-03 08:35:28 - [TEST_STEP][PASSED] - click(findTestObject("WEB/Profile/Profile_button_EditProfile")): Object: 'Object Repository/WEB/Profile/Profile_button_EditProfile' is clicked on

2023-04-03 08:35:29 - [MESSAGE][PASSED] - Object: 'Object Repository/WEB/Profile/Profile_button_EditProfile' is clicked on

2023-04-03 08:35:29 - [TEST_STEP][PASSED] - uploadFile(findTestObject("WEB/Change Profile/ChangeProfile_button_uploadButton"), inputImage): File 'C:\Users\rizki\git\CodingID-QA\Include\Resources\cat05.jpeg' sent to object: 'Object Repository/WEB/Change Profile/ChangeProfile_button_uploadButton'

2023-04-03 08:35:29 - [MESSAGE][PASSED] - File 'C:\Users\rizki\git\CodingID-QA\Include\Resources\cat05.jpeg' sent to object: 'Object Repository/WEB/Change Profile/ChangeProfile_button_uploadButton'

2023-04-03 08:35:29 - [TEST_STEP][PASSED] - setText(findTestObject("WEB/Change Profile/ChangeProfile_inputText_Name"), inputName): Text 'Edited Value' is set on object 'Object Repository/WEB/Change Profile/ChangeProfile_inputText_Name'

2023-04-03 08:35:30 - [MESSAGE][PASSED] - Text 'Edited Value' is set on object 'Object Repository/WEB/Change Profile/ChangeProfile_inputText_Name'

2023-04-03 08:35:30 - [TEST_STEP][PASSED] - setText(findTestObject("WEB/Change Profile/ChangeProfile_inputText_Phone"), inputPhone): Text '081123456789' is set on object 'Object Repository/WEB/Change Profile/ChangeProfile_inputText_Phone'

2023-04-03 08:35:31 - [MESSAGE][PASSED] - Text '081123456789' is set on object 'Object Repository/WEB/Change Profile/ChangeProfile_inputText_Phone'

2023-04-03 08:35:31 - [TEST_STEP][PASSED] - setText(findTestObject("WEB/Change Profile/ChangeProfile_inputText_BirthDay"), inputBirthday): Text '01-Jan-2000' is set on object 'Object Repository/WEB/Change Profile/ChangeProfile_inputText_BirthDay'

2023-04-03 08:35:32 - [MESSAGE][PASSED] - Text '01-Jan-2000' is set on object 'Object Repository/WEB/Change Profile/ChangeProfile_inputText_BirthDay'

2023-04-03 08:35:32 - [TEST_STEP][PASSED] - nameInputValue = getAttribute(findTestObject("WEB/Change Profile/ChangeProfile_inputText_Name"), "value"): Attribute 'value' of object 'Object Repository/WEB/Change Profile/ChangeProfile_inputText_Name' is: 'Edited Value'

2023-04-03 08:35:32 - [MESSAGE][PASSED] - Attribute 'value' of object 'Object Repository/WEB/Change Profile/ChangeProfile_inputText_Name' is: 'Edited Value'

2023-04-03 08:35:32 - [TEST_STEP][PASSED] - click(findTestObject("WEB/Change Profile/ChangeProfile_button_Save")): Object: 'Object Repository/WEB/Change Profile/ChangeProfile_button_Save' is clicked on

2023-04-03 08:35:34 - [MESSAGE][PASSED] - Object: 'Object Repository/WEB/Change Profile/ChangeProfile_button_Save' is clicked on

2023-04-03 08:35:34 - [TEST_STEP][PASSED] - delay(2): Delayed 2 second(s)

2023-04-03 08:35:36 - [MESSAGE][PASSED] - Delayed 2 second(s)

2023-04-03 08:35:36 - [TEST_STEP][PASSED] - profileImage = getAttribute(findTestObject("WEB/Profile/Profile_img_profilePhoto"), "src"): Attribute 'src' of object 'Object Repository/WEB/Profile/Profile_img_profilePhoto' is: 'https://storage.googleapis.com/codingid-storage-bucket/storage/uploads/avatar/1680485733cat05.jpeg'

2023-04-03 08:35:36 - [MESSAGE][PASSED] - Attribute 'src' of object 'Object Repository/WEB/Profile/Profile_img_profilePhoto' is: 'https://storage.googleapis.com/codingid-storage-bucket/storage/uploads/avatar/1680485733cat05.jpeg'

2023-04-03 08:35:36 - [TEST_STEP][PASSED] - decodedProfileImage = URLDecoder.decode(profileImage, "UTF-8"): null

2023-04-03 08:35:36 - [TEST_STEP][PASSED] - nameProfile = getText(findTestObject("WEB/Profile/Profile_text_Name")): Text of object 'Object Repository/WEB/Profile/Profile_text_Name' is: 'Edited Value'

2023-04-03 08:35:36 - [MESSAGE][PASSED] - Text of object 'Object Repository/WEB/Profile/Profile_text_Name' is: 'Edited Value'

2023-04-03 08:35:36 - [TEST_STEP][PASSED] - phoneProfile = getText(findTestObject("WEB/Profile/Profile_text_Phone")): Text of object 'Object Repository/WEB/Profile/Profile_text_Phone' is: '081123456789'

2023-04-03 08:35:36 - [MESSAGE][PASSED] - Text of object 'Object Repository/WEB/Profile/Profile_text_Phone' is: '081123456789'

2023-04-03 08:35:36 - [TEST_STEP][PASSED] - birthdayProfile = getText(findTestObject("WEB/Profile/Profile_text_Birthday")): Text of object 'Object Repository/WEB/Profile/Profile_text_Birthday' is: '01-Jan-2000'

2023-04-03 08:35:37 - [MESSAGE][PASSED] - Text of object 'Object Repository/WEB/Profile/Profile_text_Birthday' is: '01-Jan-2000'

2023-04-03 08:35:37 - [TEST_STEP][PASSED] - verifyElementText(findTestObject("Object Repository/WEB/Change Profile/Profile_p_ChangeSuccessNotif"), originalNameProfile + " telah di edit"): Actual text and expected text of test object 'Object Repository/WEB/Change Profile/Profile_p_ChangeSuccessNotif' are matched.

2023-04-03 08:35:37 - [MESSAGE][PASSED] - Actual text and expected text of test object 'Object Repository/WEB/Change Profile/Profile_p_ChangeSuccessNotif' are matched.

2023-04-03 08:35:37 - [TEST_STEP][PASSED] - click(findTestObject("Object Repository/WEB/Change Profile/Profile_button_ChangeSuccessNotif")): Object: 'Object Repository/WEB/Change Profile/Profile_button_ChangeSuccessNotif' is clicked on

2023-04-03 08:35:37 - [MESSAGE][PASSED] - Object: 'Object Repository/WEB/Change Profile/Profile_button_ChangeSuccessNotif' is clicked on

2023-04-03 08:35:37 - [TEST_STEP][PASSED] - assert decodedProfileImage.endsWith(uploadFileName) : "Updated photo does not match the uploaded one": null

2023-04-03 08:35:37 - [TEST_STEP][PASSED] - assert nameProfile == inputName : "Updated Name does not match the inputted one": null

2023-04-03 08:35:37 - [TEST_STEP][PASSED] - assert phoneProfile == inputPhone : "Updated Phone Number does not match the inputted one": null

2023-04-03 08:35:37 - [TEST_STEP][PASSED] - assert birthdayProfile == inputBirthday : "Updated Birthday does not match the inputted one": null]]></system-out>
         <system-err><![CDATA[]]></system-err>
      </testcase>
      <testcase name="Test Cases/Web/CP/CP-05" time="40.446" classname="Test Cases/Web/CP/CP-05" status="FAILED">
         <failure type="FAILED" message="Test Cases/Web/CP/CP-05 FAILED.
Reason:
com.kms.katalon.core.exception.StepFailedException: Unable to get attribute 'src' of object 'Object Repository/WEB/Profile/Profile_img_profilePhoto'
	at com.kms.katalon.core.webui.keyword.internal.WebUIKeywordMain.stepFailed(WebUIKeywordMain.groovy:64)
	at com.kms.katalon.core.webui.keyword.internal.WebUIKeywordMain.runKeyword(WebUIKeywordMain.groovy:26)
	at com.kms.katalon.core.webui.keyword.builtin.GetAttributeKeyword.getAttribute(GetAttributeKeyword.groovy:93)
	at com.kms.katalon.core.webui.keyword.builtin.GetAttributeKeyword.execute(GetAttributeKeyword.groovy:68)
	at com.kms.katalon.core.keyword.internal.KeywordExecutor.executeKeywordForPlatform(KeywordExecutor.groovy:74)
	at com.kms.katalon.core.webui.keyword.WebUiBuiltInKeywords.getAttribute(WebUiBuiltInKeywords.groovy:951)
	at com.kms.katalon.core.webui.keyword.WebUiBuiltInKeywords$getAttribute$7.call(Unknown Source)
	at CP-05.run(CP-05:52)
	at com.kms.katalon.core.main.ScriptEngine.run(ScriptEngine.java:194)
	at com.kms.katalon.core.main.ScriptEngine.runScriptAsRawText(ScriptEngine.java:119)
	at com.kms.katalon.core.main.TestCaseExecutor.runScript(TestCaseExecutor.java:448)
	at com.kms.katalon.core.main.TestCaseExecutor.doExecute(TestCaseExecutor.java:439)
	at com.kms.katalon.core.main.TestCaseExecutor.processExecutionPhase(TestCaseExecutor.java:418)
	at com.kms.katalon.core.main.TestCaseExecutor.accessMainPhase(TestCaseExecutor.java:410)
	at com.kms.katalon.core.main.TestCaseExecutor.execute(TestCaseExecutor.java:285)
	at com.kms.katalon.core.common.CommonExecutor.accessTestCaseMainPhase(CommonExecutor.java:65)
	at com.kms.katalon.core.main.TestSuiteExecutor.accessTestSuiteMainPhase(TestSuiteExecutor.java:151)
	at com.kms.katalon.core.main.TestSuiteExecutor.execute(TestSuiteExecutor.java:106)
	at com.kms.katalon.core.main.TestCaseMain.startTestSuite(TestCaseMain.java:185)
	at com.kms.katalon.core.main.TestCaseMain$startTestSuite$0.call(Unknown Source)
	at TempTestSuite1680485631021.run(TempTestSuite1680485631021.groovy:36)
Caused by: com.kms.katalon.core.webui.exception.WebElementNotFoundException: Web element with id: 'Object Repository/WEB/Profile/Profile_img_profilePhoto' located by '//div[@id='app']/div/div[3]/section/div/div/div/div/div/div/div/img' not found
	at com.kms.katalon.core.webui.common.WebUiCommonHelper.findWebElement(WebUiCommonHelper.java:1370)
	at com.kms.katalon.core.webui.keyword.internal.WebUIAbstractKeyword.findWebElement(WebUIAbstractKeyword.groovy:27)
	at com.kms.katalon.core.webui.keyword.internal.WebUIAbstractKeyword.findWebElement(WebUIAbstractKeyword.groovy:26)
	at com.kms.katalon.core.webui.keyword.builtin.GetAttributeKeyword$_getAttribute_closure1.doCall(GetAttributeKeyword.groovy:83)
	at com.kms.katalon.core.webui.keyword.builtin.GetAttributeKeyword$_getAttribute_closure1.call(GetAttributeKeyword.groovy)
	at com.kms.katalon.core.webui.keyword.internal.WebUIKeywordMain.runKeyword(WebUIKeywordMain.groovy:20)
	... 19 more
"/>
         <system-out><![CDATA[2023-04-03 08:35:37 - [TEST_CASE][FAILED] - Test Cases/Web/CP/CP-05: Test Cases/Web/CP/CP-05 FAILED.
Reason:
com.kms.katalon.core.exception.StepFailedException: Unable to get attribute 'src' of object 'Object Repository/WEB/Profile/Profile_img_profilePhoto'
	at com.kms.katalon.core.webui.keyword.internal.WebUIKeywordMain.stepFailed(WebUIKeywordMain.groovy:64)
	at com.kms.katalon.core.webui.keyword.internal.WebUIKeywordMain.runKeyword(WebUIKeywordMain.groovy:26)
	at com.kms.katalon.core.webui.keyword.builtin.GetAttributeKeyword.getAttribute(GetAttributeKeyword.groovy:93)
	at com.kms.katalon.core.webui.keyword.builtin.GetAttributeKeyword.execute(GetAttributeKeyword.groovy:68)
	at com.kms.katalon.core.keyword.internal.KeywordExecutor.executeKeywordForPlatform(KeywordExecutor.groovy:74)
	at com.kms.katalon.core.webui.keyword.WebUiBuiltInKeywords.getAttribute(WebUiBuiltInKeywords.groovy:951)
	at com.kms.katalon.core.webui.keyword.WebUiBuiltInKeywords$getAttribute$7.call(Unknown Source)
	at CP-05.run(CP-05:52)
	at com.kms.katalon.core.main.ScriptEngine.run(ScriptEngine.java:194)
	at com.kms.katalon.core.main.ScriptEngine.runScriptAsRawText(ScriptEngine.java:119)
	at com.kms.katalon.core.main.TestCaseExecutor.runScript(TestCaseExecutor.java:448)
	at com.kms.katalon.core.main.TestCaseExecutor.doExecute(TestCaseExecutor.java:439)
	at com.kms.katalon.core.main.TestCaseExecutor.processExecutionPhase(TestCaseExecutor.java:418)
	at com.kms.katalon.core.main.TestCaseExecutor.accessMainPhase(TestCaseExecutor.java:410)
	at com.kms.katalon.core.main.TestCaseExecutor.execute(TestCaseExecutor.java:285)
	at com.kms.katalon.core.common.CommonExecutor.accessTestCaseMainPhase(CommonExecutor.java:65)
	at com.kms.katalon.core.main.TestSuiteExecutor.accessTestSuiteMainPhase(TestSuiteExecutor.java:151)
	at com.kms.katalon.core.main.TestSuiteExecutor.execute(TestSuiteExecutor.java:106)
	at com.kms.katalon.core.main.TestCaseMain.startTestSuite(TestCaseMain.java:185)
	at com.kms.katalon.core.main.TestCaseMain$startTestSuite$0.call(Unknown Source)
	at TempTestSuite1680485631021.run(TempTestSuite1680485631021.groovy:36)
Caused by: com.kms.katalon.core.webui.exception.WebElementNotFoundException: Web element with id: 'Object Repository/WEB/Profile/Profile_img_profilePhoto' located by '//div[@id='app']/div/div[3]/section/div/div/div/div/div/div/div/img' not found
	at com.kms.katalon.core.webui.common.WebUiCommonHelper.findWebElement(WebUiCommonHelper.java:1370)
	at com.kms.katalon.core.webui.keyword.internal.WebUIAbstractKeyword.findWebElement(WebUIAbstractKeyword.groovy:27)
	at com.kms.katalon.core.webui.keyword.internal.WebUIAbstractKeyword.findWebElement(WebUIAbstractKeyword.groovy:26)
	at com.kms.katalon.core.webui.keyword.builtin.GetAttributeKeyword$_getAttribute_closure1.doCall(GetAttributeKeyword.groovy:83)
	at com.kms.katalon.core.webui.keyword.builtin.GetAttributeKeyword$_getAttribute_closure1.call(GetAttributeKeyword.groovy)
	at com.kms.katalon.core.webui.keyword.internal.WebUIKeywordMain.runKeyword(WebUIKeywordMain.groovy:20)
	... 19 more


2023-04-03 08:35:38 - [TEST_STEP][PASSED] - navigateToUrl("https://demo-app.online/dashboard/profile"): Navigate to 'https://demo-app.online/dashboard/profile' successfully

2023-04-03 08:35:38 - [MESSAGE][PASSED] - Navigate to 'https://demo-app.online/dashboard/profile' successfully

2023-04-03 08:35:38 - [TEST_STEP][PASSED] - uploadFilePath = "/Include/Resources/": null

2023-04-03 08:35:38 - [TEST_STEP][PASSED] - uploadFileName = "testUpload.txt": null

2023-04-03 08:35:38 - [TEST_STEP][PASSED] - file = new java.io.File(com.kms.katalon.core.configuration.RunConfiguration.getProjectDir(), (uploadFilePath + uploadFileName)): null

2023-04-03 08:35:38 - [TEST_STEP][PASSED] - inputImage = file.toString(): null

2023-04-03 08:35:38 - [TEST_STEP][PASSED] - inputName = "Edited Value".trim(): null

2023-04-03 08:35:38 - [TEST_STEP][PASSED] - inputPhone = "081123456789": null

2023-04-03 08:35:38 - [TEST_STEP][PASSED] - inputBirthday = "01-Jan-2000": null

2023-04-03 08:35:38 - [TEST_STEP][PASSED] - originalNameProfile = getText(findTestObject("WEB/Profile/Profile_text_Name")).trim(): Text of object 'Object Repository/WEB/Profile/Profile_text_Name' is: 'Edited Value'

2023-04-03 08:35:39 - [MESSAGE][PASSED] - Text of object 'Object Repository/WEB/Profile/Profile_text_Name' is: 'Edited Value'

2023-04-03 08:35:39 - [TEST_STEP][PASSED] - click(findTestObject("WEB/Profile/Profile_button_EditProfile")): Object: 'Object Repository/WEB/Profile/Profile_button_EditProfile' is clicked on

2023-04-03 08:35:39 - [MESSAGE][PASSED] - Object: 'Object Repository/WEB/Profile/Profile_button_EditProfile' is clicked on

2023-04-03 08:35:39 - [TEST_STEP][PASSED] - uploadFile(findTestObject("WEB/Change Profile/ChangeProfile_button_uploadButton"), inputImage): File 'C:\Users\rizki\git\CodingID-QA\Include\Resources\testUpload.txt' sent to object: 'Object Repository/WEB/Change Profile/ChangeProfile_button_uploadButton'

2023-04-03 08:35:40 - [MESSAGE][PASSED] - File 'C:\Users\rizki\git\CodingID-QA\Include\Resources\testUpload.txt' sent to object: 'Object Repository/WEB/Change Profile/ChangeProfile_button_uploadButton'

2023-04-03 08:35:40 - [TEST_STEP][PASSED] - setText(findTestObject("WEB/Change Profile/ChangeProfile_inputText_Name"), inputName): Text 'Edited Value' is set on object 'Object Repository/WEB/Change Profile/ChangeProfile_inputText_Name'

2023-04-03 08:35:41 - [MESSAGE][PASSED] - Text 'Edited Value' is set on object 'Object Repository/WEB/Change Profile/ChangeProfile_inputText_Name'

2023-04-03 08:35:41 - [TEST_STEP][PASSED] - setText(findTestObject("WEB/Change Profile/ChangeProfile_inputText_Phone"), inputPhone): Text '081123456789' is set on object 'Object Repository/WEB/Change Profile/ChangeProfile_inputText_Phone'

2023-04-03 08:35:41 - [MESSAGE][PASSED] - Text '081123456789' is set on object 'Object Repository/WEB/Change Profile/ChangeProfile_inputText_Phone'

2023-04-03 08:35:41 - [TEST_STEP][PASSED] - setText(findTestObject("WEB/Change Profile/ChangeProfile_inputText_BirthDay"), inputBirthday): Text '01-Jan-2000' is set on object 'Object Repository/WEB/Change Profile/ChangeProfile_inputText_BirthDay'

2023-04-03 08:35:42 - [MESSAGE][PASSED] - Text '01-Jan-2000' is set on object 'Object Repository/WEB/Change Profile/ChangeProfile_inputText_BirthDay'

2023-04-03 08:35:42 - [TEST_STEP][PASSED] - nameInputValue = getAttribute(findTestObject("WEB/Change Profile/ChangeProfile_inputText_Name"), "value"): Attribute 'value' of object 'Object Repository/WEB/Change Profile/ChangeProfile_inputText_Name' is: 'Edited Value'

2023-04-03 08:35:43 - [MESSAGE][PASSED] - Attribute 'value' of object 'Object Repository/WEB/Change Profile/ChangeProfile_inputText_Name' is: 'Edited Value'

2023-04-03 08:35:43 - [TEST_STEP][PASSED] - click(findTestObject("WEB/Change Profile/ChangeProfile_button_Save")): Object: 'Object Repository/WEB/Change Profile/ChangeProfile_button_Save' is clicked on

2023-04-03 08:35:45 - [MESSAGE][PASSED] - Object: 'Object Repository/WEB/Change Profile/ChangeProfile_button_Save' is clicked on

2023-04-03 08:35:45 - [TEST_STEP][PASSED] - delay(2): Delayed 2 second(s)

2023-04-03 08:35:47 - [MESSAGE][PASSED] - Delayed 2 second(s)

2023-04-03 08:35:47 - [TEST_STEP][FAILED] - profileImage = getAttribute(findTestObject("WEB/Profile/Profile_img_profilePhoto"), "src"): Unable to get attribute 'src' of object 'Object Repository/WEB/Profile/Profile_img_profilePhoto' (Root cause: com.kms.katalon.core.exception.StepFailedException: Unable to get attribute 'src' of object 'Object Repository/WEB/Profile/Profile_img_profilePhoto'
	at com.kms.katalon.core.webui.keyword.internal.WebUIKeywordMain.stepFailed(WebUIKeywordMain.groovy:64)
	at com.kms.katalon.core.webui.keyword.internal.WebUIKeywordMain.runKeyword(WebUIKeywordMain.groovy:26)
	at com.kms.katalon.core.webui.keyword.builtin.GetAttributeKeyword.getAttribute(GetAttributeKeyword.groovy:93)
	at com.kms.katalon.core.webui.keyword.builtin.GetAttributeKeyword.execute(GetAttributeKeyword.groovy:68)
	at com.kms.katalon.core.keyword.internal.KeywordExecutor.executeKeywordForPlatform(KeywordExecutor.groovy:74)
	at com.kms.katalon.core.webui.keyword.WebUiBuiltInKeywords.getAttribute(WebUiBuiltInKeywords.groovy:951)
	at com.kms.katalon.core.webui.keyword.WebUiBuiltInKeywords$getAttribute$7.call(Unknown Source)
	at CP-05.run(CP-05:52)
	at com.kms.katalon.core.main.ScriptEngine.run(ScriptEngine.java:194)
	at com.kms.katalon.core.main.ScriptEngine.runScriptAsRawText(ScriptEngine.java:119)
	at com.kms.katalon.core.main.TestCaseExecutor.runScript(TestCaseExecutor.java:448)
	at com.kms.katalon.core.main.TestCaseExecutor.doExecute(TestCaseExecutor.java:439)
	at com.kms.katalon.core.main.TestCaseExecutor.processExecutionPhase(TestCaseExecutor.java:418)
	at com.kms.katalon.core.main.TestCaseExecutor.accessMainPhase(TestCaseExecutor.java:410)
	at com.kms.katalon.core.main.TestCaseExecutor.execute(TestCaseExecutor.java:285)
	at com.kms.katalon.core.common.CommonExecutor.accessTestCaseMainPhase(CommonExecutor.java:65)
	at com.kms.katalon.core.main.TestSuiteExecutor.accessTestSuiteMainPhase(TestSuiteExecutor.java:151)
	at com.kms.katalon.core.main.TestSuiteExecutor.execute(TestSuiteExecutor.java:106)
	at com.kms.katalon.core.main.TestCaseMain.startTestSuite(TestCaseMain.java:185)
	at com.kms.katalon.core.main.TestCaseMain$startTestSuite$0.call(Unknown Source)
	at TempTestSuite1680485631021.run(TempTestSuite1680485631021.groovy:36)
Caused by: com.kms.katalon.core.webui.exception.WebElementNotFoundException: Web element with id: 'Object Repository/WEB/Profile/Profile_img_profilePhoto' located by '//div[@id='app']/div/div[3]/section/div/div/div/div/div/div/div/img' not found
	at com.kms.katalon.core.webui.common.WebUiCommonHelper.findWebElement(WebUiCommonHelper.java:1370)
	at com.kms.katalon.core.webui.keyword.internal.WebUIAbstractKeyword.findWebElement(WebUIAbstractKeyword.groovy:27)
	at com.kms.katalon.core.webui.keyword.internal.WebUIAbstractKeyword.findWebElement(WebUIAbstractKeyword.groovy:26)
	at com.kms.katalon.core.webui.keyword.builtin.GetAttributeKeyword$_getAttribute_closure1.doCall(GetAttributeKeyword.groovy:83)
	at com.kms.katalon.core.webui.keyword.builtin.GetAttributeKeyword$_getAttribute_closure1.call(GetAttributeKeyword.groovy)
	at com.kms.katalon.core.webui.keyword.internal.WebUIKeywordMain.runKeyword(WebUIKeywordMain.groovy:20)
	at com.kms.katalon.core.webui.keyword.builtin.GetAttributeKeyword.getAttribute(GetAttributeKeyword.groovy:93)
	at com.kms.katalon.core.webui.keyword.builtin.GetAttributeKeyword.execute(GetAttributeKeyword.groovy:68)
	at com.kms.katalon.core.keyword.internal.KeywordExecutor.executeKeywordForPlatform(KeywordExecutor.groovy:74)
	at com.kms.katalon.core.webui.keyword.WebUiBuiltInKeywords.getAttribute(WebUiBuiltInKeywords.groovy:951)
	at com.kms.katalon.core.webui.keyword.WebUiBuiltInKeywords$getAttribute$7.call(Unknown Source)
	at Script1680382154142.run(Script1680382154142.groovy:52)
	... 13 more
)

2023-04-03 08:36:18 - [MESSAGE][INFO] - Unable to find the element located by 'By.xpath: //div[@id='app']/div/div[3]/section/div/div/div/div/div/div/div/img'. Please recheck the objects properties to make sure the desired element is located. 

2023-04-03 08:36:18 - [MESSAGE][FAILED] - Unable to get attribute 'src' of object 'Object Repository/WEB/Profile/Profile_img_profilePhoto' (Root cause: com.kms.katalon.core.exception.StepFailedException: Unable to get attribute 'src' of object 'Object Repository/WEB/Profile/Profile_img_profilePhoto'
	at com.kms.katalon.core.webui.keyword.internal.WebUIKeywordMain.stepFailed(WebUIKeywordMain.groovy:64)
	at com.kms.katalon.core.webui.keyword.internal.WebUIKeywordMain.runKeyword(WebUIKeywordMain.groovy:26)
	at com.kms.katalon.core.webui.keyword.builtin.GetAttributeKeyword.getAttribute(GetAttributeKeyword.groovy:93)
	at com.kms.katalon.core.webui.keyword.builtin.GetAttributeKeyword.execute(GetAttributeKeyword.groovy:68)
	at com.kms.katalon.core.keyword.internal.KeywordExecutor.executeKeywordForPlatform(KeywordExecutor.groovy:74)
	at com.kms.katalon.core.webui.keyword.WebUiBuiltInKeywords.getAttribute(WebUiBuiltInKeywords.groovy:951)
	at com.kms.katalon.core.webui.keyword.WebUiBuiltInKeywords$getAttribute$7.call(Unknown Source)
	at CP-05.run(CP-05:52)
	at com.kms.katalon.core.main.ScriptEngine.run(ScriptEngine.java:194)
	at com.kms.katalon.core.main.ScriptEngine.runScriptAsRawText(ScriptEngine.java:119)
	at com.kms.katalon.core.main.TestCaseExecutor.runScript(TestCaseExecutor.java:448)
	at com.kms.katalon.core.main.TestCaseExecutor.doExecute(TestCaseExecutor.java:439)
	at com.kms.katalon.core.main.TestCaseExecutor.processExecutionPhase(TestCaseExecutor.java:418)
	at com.kms.katalon.core.main.TestCaseExecutor.accessMainPhase(TestCaseExecutor.java:410)
	at com.kms.katalon.core.main.TestCaseExecutor.execute(TestCaseExecutor.java:285)
	at com.kms.katalon.core.common.CommonExecutor.accessTestCaseMainPhase(CommonExecutor.java:65)
	at com.kms.katalon.core.main.TestSuiteExecutor.accessTestSuiteMainPhase(TestSuiteExecutor.java:151)
	at com.kms.katalon.core.main.TestSuiteExecutor.execute(TestSuiteExecutor.java:106)
	at com.kms.katalon.core.main.TestCaseMain.startTestSuite(TestCaseMain.java:185)
	at com.kms.katalon.core.main.TestCaseMain$startTestSuite$0.call(Unknown Source)
	at TempTestSuite1680485631021.run(TempTestSuite1680485631021.groovy:36)
Caused by: com.kms.katalon.core.webui.exception.WebElementNotFoundException: Web element with id: 'Object Repository/WEB/Profile/Profile_img_profilePhoto' located by '//div[@id='app']/div/div[3]/section/div/div/div/div/div/div/div/img' not found
	at com.kms.katalon.core.webui.common.WebUiCommonHelper.findWebElement(WebUiCommonHelper.java:1370)
	at com.kms.katalon.core.webui.keyword.internal.WebUIAbstractKeyword.findWebElement(WebUIAbstractKeyword.groovy:27)
	at com.kms.katalon.core.webui.keyword.internal.WebUIAbstractKeyword.findWebElement(WebUIAbstractKeyword.groovy:26)
	at com.kms.katalon.core.webui.keyword.builtin.GetAttributeKeyword$_getAttribute_closure1.doCall(GetAttributeKeyword.groovy:83)
	at com.kms.katalon.core.webui.keyword.builtin.GetAttributeKeyword$_getAttribute_closure1.call(GetAttributeKeyword.groovy)
	at com.kms.katalon.core.webui.keyword.internal.WebUIKeywordMain.runKeyword(WebUIKeywordMain.groovy:20)
	at com.kms.katalon.core.webui.keyword.builtin.GetAttributeKeyword.getAttribute(GetAttributeKeyword.groovy:93)
	at com.kms.katalon.core.webui.keyword.builtin.GetAttributeKeyword.execute(GetAttributeKeyword.groovy:68)
	at com.kms.katalon.core.keyword.internal.KeywordExecutor.executeKeywordForPlatform(KeywordExecutor.groovy:74)
	at com.kms.katalon.core.webui.keyword.WebUiBuiltInKeywords.getAttribute(WebUiBuiltInKeywords.groovy:951)
	at com.kms.katalon.core.webui.keyword.WebUiBuiltInKeywords$getAttribute$7.call(Unknown Source)
	at Script1680382154142.run(Script1680382154142.groovy:52)
	... 13 more
)
[[ATTACHMENT|C:\\Users\\rizki\\git\\CodingID-QA\\Reports\\20230403_083351\\WEB\\CP\\20230403_083351\\1680485778284.png]]]]></system-out>
         <system-err><![CDATA[2023-04-03 08:35:37 - [TEST_CASE][FAILED] - Test Cases/Web/CP/CP-05: Test Cases/Web/CP/CP-05 FAILED.
Reason:
com.kms.katalon.core.exception.StepFailedException: Unable to get attribute 'src' of object 'Object Repository/WEB/Profile/Profile_img_profilePhoto'
	at com.kms.katalon.core.webui.keyword.internal.WebUIKeywordMain.stepFailed(WebUIKeywordMain.groovy:64)
	at com.kms.katalon.core.webui.keyword.internal.WebUIKeywordMain.runKeyword(WebUIKeywordMain.groovy:26)
	at com.kms.katalon.core.webui.keyword.builtin.GetAttributeKeyword.getAttribute(GetAttributeKeyword.groovy:93)
	at com.kms.katalon.core.webui.keyword.builtin.GetAttributeKeyword.execute(GetAttributeKeyword.groovy:68)
	at com.kms.katalon.core.keyword.internal.KeywordExecutor.executeKeywordForPlatform(KeywordExecutor.groovy:74)
	at com.kms.katalon.core.webui.keyword.WebUiBuiltInKeywords.getAttribute(WebUiBuiltInKeywords.groovy:951)
	at com.kms.katalon.core.webui.keyword.WebUiBuiltInKeywords$getAttribute$7.call(Unknown Source)
	at CP-05.run(CP-05:52)
	at com.kms.katalon.core.main.ScriptEngine.run(ScriptEngine.java:194)
	at com.kms.katalon.core.main.ScriptEngine.runScriptAsRawText(ScriptEngine.java:119)
	at com.kms.katalon.core.main.TestCaseExecutor.runScript(TestCaseExecutor.java:448)
	at com.kms.katalon.core.main.TestCaseExecutor.doExecute(TestCaseExecutor.java:439)
	at com.kms.katalon.core.main.TestCaseExecutor.processExecutionPhase(TestCaseExecutor.java:418)
	at com.kms.katalon.core.main.TestCaseExecutor.accessMainPhase(TestCaseExecutor.java:410)
	at com.kms.katalon.core.main.TestCaseExecutor.execute(TestCaseExecutor.java:285)
	at com.kms.katalon.core.common.CommonExecutor.accessTestCaseMainPhase(CommonExecutor.java:65)
	at com.kms.katalon.core.main.TestSuiteExecutor.accessTestSuiteMainPhase(TestSuiteExecutor.java:151)
	at com.kms.katalon.core.main.TestSuiteExecutor.execute(TestSuiteExecutor.java:106)
	at com.kms.katalon.core.main.TestCaseMain.startTestSuite(TestCaseMain.java:185)
	at com.kms.katalon.core.main.TestCaseMain$startTestSuite$0.call(Unknown Source)
	at TempTestSuite1680485631021.run(TempTestSuite1680485631021.groovy:36)
Caused by: com.kms.katalon.core.webui.exception.WebElementNotFoundException: Web element with id: 'Object Repository/WEB/Profile/Profile_img_profilePhoto' located by '//div[@id='app']/div/div[3]/section/div/div/div/div/div/div/div/img' not found
	at com.kms.katalon.core.webui.common.WebUiCommonHelper.findWebElement(WebUiCommonHelper.java:1370)
	at com.kms.katalon.core.webui.keyword.internal.WebUIAbstractKeyword.findWebElement(WebUIAbstractKeyword.groovy:27)
	at com.kms.katalon.core.webui.keyword.internal.WebUIAbstractKeyword.findWebElement(WebUIAbstractKeyword.groovy:26)
	at com.kms.katalon.core.webui.keyword.builtin.GetAttributeKeyword$_getAttribute_closure1.doCall(GetAttributeKeyword.groovy:83)
	at com.kms.katalon.core.webui.keyword.builtin.GetAttributeKeyword$_getAttribute_closure1.call(GetAttributeKeyword.groovy)
	at com.kms.katalon.core.webui.keyword.internal.WebUIKeywordMain.runKeyword(WebUIKeywordMain.groovy:20)
	... 19 more]]></system-err>
      </testcase>
      <testcase name="Test Cases/Web/CP/CP-06" time="40.673" classname="Test Cases/Web/CP/CP-06" status="FAILED">
         <failure type="FAILED" message="Test Cases/Web/CP/CP-06 FAILED.
Reason:
com.kms.katalon.core.exception.StepFailedException: Unable to get attribute 'src' of object 'Object Repository/WEB/Profile/Profile_img_profilePhoto'
	at com.kms.katalon.core.webui.keyword.internal.WebUIKeywordMain.stepFailed(WebUIKeywordMain.groovy:64)
	at com.kms.katalon.core.webui.keyword.internal.WebUIKeywordMain.runKeyword(WebUIKeywordMain.groovy:26)
	at com.kms.katalon.core.webui.keyword.builtin.GetAttributeKeyword.getAttribute(GetAttributeKeyword.groovy:93)
	at com.kms.katalon.core.webui.keyword.builtin.GetAttributeKeyword.execute(GetAttributeKeyword.groovy:68)
	at com.kms.katalon.core.keyword.internal.KeywordExecutor.executeKeywordForPlatform(KeywordExecutor.groovy:74)
	at com.kms.katalon.core.webui.keyword.WebUiBuiltInKeywords.getAttribute(WebUiBuiltInKeywords.groovy:951)
	at com.kms.katalon.core.webui.keyword.WebUiBuiltInKeywords$getAttribute$7.call(Unknown Source)
	at CP-06.run(CP-06:52)
	at com.kms.katalon.core.main.ScriptEngine.run(ScriptEngine.java:194)
	at com.kms.katalon.core.main.ScriptEngine.runScriptAsRawText(ScriptEngine.java:119)
	at com.kms.katalon.core.main.TestCaseExecutor.runScript(TestCaseExecutor.java:448)
	at com.kms.katalon.core.main.TestCaseExecutor.doExecute(TestCaseExecutor.java:439)
	at com.kms.katalon.core.main.TestCaseExecutor.processExecutionPhase(TestCaseExecutor.java:418)
	at com.kms.katalon.core.main.TestCaseExecutor.accessMainPhase(TestCaseExecutor.java:410)
	at com.kms.katalon.core.main.TestCaseExecutor.execute(TestCaseExecutor.java:285)
	at com.kms.katalon.core.common.CommonExecutor.accessTestCaseMainPhase(CommonExecutor.java:65)
	at com.kms.katalon.core.main.TestSuiteExecutor.accessTestSuiteMainPhase(TestSuiteExecutor.java:151)
	at com.kms.katalon.core.main.TestSuiteExecutor.execute(TestSuiteExecutor.java:106)
	at com.kms.katalon.core.main.TestCaseMain.startTestSuite(TestCaseMain.java:185)
	at com.kms.katalon.core.main.TestCaseMain$startTestSuite$0.call(Unknown Source)
	at TempTestSuite1680485631021.run(TempTestSuite1680485631021.groovy:36)
Caused by: com.kms.katalon.core.webui.exception.WebElementNotFoundException: Web element with id: 'Object Repository/WEB/Profile/Profile_img_profilePhoto' located by '//div[@id='app']/div/div[3]/section/div/div/div/div/div/div/div/img' not found
	at com.kms.katalon.core.webui.common.WebUiCommonHelper.findWebElement(WebUiCommonHelper.java:1370)
	at com.kms.katalon.core.webui.keyword.internal.WebUIAbstractKeyword.findWebElement(WebUIAbstractKeyword.groovy:27)
	at com.kms.katalon.core.webui.keyword.internal.WebUIAbstractKeyword.findWebElement(WebUIAbstractKeyword.groovy:26)
	at com.kms.katalon.core.webui.keyword.builtin.GetAttributeKeyword$_getAttribute_closure1.doCall(GetAttributeKeyword.groovy:83)
	at com.kms.katalon.core.webui.keyword.builtin.GetAttributeKeyword$_getAttribute_closure1.call(GetAttributeKeyword.groovy)
	at com.kms.katalon.core.webui.keyword.internal.WebUIKeywordMain.runKeyword(WebUIKeywordMain.groovy:20)
	... 19 more
"/>
         <system-out><![CDATA[2023-04-03 08:36:18 - [TEST_CASE][FAILED] - Test Cases/Web/CP/CP-06: Test Cases/Web/CP/CP-06 FAILED.
Reason:
com.kms.katalon.core.exception.StepFailedException: Unable to get attribute 'src' of object 'Object Repository/WEB/Profile/Profile_img_profilePhoto'
	at com.kms.katalon.core.webui.keyword.internal.WebUIKeywordMain.stepFailed(WebUIKeywordMain.groovy:64)
	at com.kms.katalon.core.webui.keyword.internal.WebUIKeywordMain.runKeyword(WebUIKeywordMain.groovy:26)
	at com.kms.katalon.core.webui.keyword.builtin.GetAttributeKeyword.getAttribute(GetAttributeKeyword.groovy:93)
	at com.kms.katalon.core.webui.keyword.builtin.GetAttributeKeyword.execute(GetAttributeKeyword.groovy:68)
	at com.kms.katalon.core.keyword.internal.KeywordExecutor.executeKeywordForPlatform(KeywordExecutor.groovy:74)
	at com.kms.katalon.core.webui.keyword.WebUiBuiltInKeywords.getAttribute(WebUiBuiltInKeywords.groovy:951)
	at com.kms.katalon.core.webui.keyword.WebUiBuiltInKeywords$getAttribute$7.call(Unknown Source)
	at CP-06.run(CP-06:52)
	at com.kms.katalon.core.main.ScriptEngine.run(ScriptEngine.java:194)
	at com.kms.katalon.core.main.ScriptEngine.runScriptAsRawText(ScriptEngine.java:119)
	at com.kms.katalon.core.main.TestCaseExecutor.runScript(TestCaseExecutor.java:448)
	at com.kms.katalon.core.main.TestCaseExecutor.doExecute(TestCaseExecutor.java:439)
	at com.kms.katalon.core.main.TestCaseExecutor.processExecutionPhase(TestCaseExecutor.java:418)
	at com.kms.katalon.core.main.TestCaseExecutor.accessMainPhase(TestCaseExecutor.java:410)
	at com.kms.katalon.core.main.TestCaseExecutor.execute(TestCaseExecutor.java:285)
	at com.kms.katalon.core.common.CommonExecutor.accessTestCaseMainPhase(CommonExecutor.java:65)
	at com.kms.katalon.core.main.TestSuiteExecutor.accessTestSuiteMainPhase(TestSuiteExecutor.java:151)
	at com.kms.katalon.core.main.TestSuiteExecutor.execute(TestSuiteExecutor.java:106)
	at com.kms.katalon.core.main.TestCaseMain.startTestSuite(TestCaseMain.java:185)
	at com.kms.katalon.core.main.TestCaseMain$startTestSuite$0.call(Unknown Source)
	at TempTestSuite1680485631021.run(TempTestSuite1680485631021.groovy:36)
Caused by: com.kms.katalon.core.webui.exception.WebElementNotFoundException: Web element with id: 'Object Repository/WEB/Profile/Profile_img_profilePhoto' located by '//div[@id='app']/div/div[3]/section/div/div/div/div/div/div/div/img' not found
	at com.kms.katalon.core.webui.common.WebUiCommonHelper.findWebElement(WebUiCommonHelper.java:1370)
	at com.kms.katalon.core.webui.keyword.internal.WebUIAbstractKeyword.findWebElement(WebUIAbstractKeyword.groovy:27)
	at com.kms.katalon.core.webui.keyword.internal.WebUIAbstractKeyword.findWebElement(WebUIAbstractKeyword.groovy:26)
	at com.kms.katalon.core.webui.keyword.builtin.GetAttributeKeyword$_getAttribute_closure1.doCall(GetAttributeKeyword.groovy:83)
	at com.kms.katalon.core.webui.keyword.builtin.GetAttributeKeyword$_getAttribute_closure1.call(GetAttributeKeyword.groovy)
	at com.kms.katalon.core.webui.keyword.internal.WebUIKeywordMain.runKeyword(WebUIKeywordMain.groovy:20)
	... 19 more


2023-04-03 08:36:18 - [TEST_STEP][PASSED] - navigateToUrl("https://demo-app.online/dashboard/profile"): Navigate to 'https://demo-app.online/dashboard/profile' successfully

2023-04-03 08:36:19 - [MESSAGE][PASSED] - Navigate to 'https://demo-app.online/dashboard/profile' successfully

2023-04-03 08:36:19 - [TEST_STEP][PASSED] - uploadFilePath = "/Include/Resources/": null

2023-04-03 08:36:19 - [TEST_STEP][PASSED] - uploadFileName = "testUpload.jpg": null

2023-04-03 08:36:19 - [TEST_STEP][PASSED] - file = new java.io.File(com.kms.katalon.core.configuration.RunConfiguration.getProjectDir(), (uploadFilePath + uploadFileName)): null

2023-04-03 08:36:19 - [TEST_STEP][PASSED] - inputImage = file.toString(): null

2023-04-03 08:36:19 - [TEST_STEP][PASSED] - inputName = "Edited Value".trim(): null

2023-04-03 08:36:19 - [TEST_STEP][PASSED] - inputPhone = "081123456789": null

2023-04-03 08:36:19 - [TEST_STEP][PASSED] - inputBirthday = "01-Jan-2000": null

2023-04-03 08:36:19 - [TEST_STEP][PASSED] - originalNameProfile = getText(findTestObject("WEB/Profile/Profile_text_Name")).trim(): Text of object 'Object Repository/WEB/Profile/Profile_text_Name' is: 'Edited Value'

2023-04-03 08:36:19 - [MESSAGE][PASSED] - Text of object 'Object Repository/WEB/Profile/Profile_text_Name' is: 'Edited Value'

2023-04-03 08:36:19 - [TEST_STEP][PASSED] - click(findTestObject("WEB/Profile/Profile_button_EditProfile")): Object: 'Object Repository/WEB/Profile/Profile_button_EditProfile' is clicked on

2023-04-03 08:36:20 - [MESSAGE][PASSED] - Object: 'Object Repository/WEB/Profile/Profile_button_EditProfile' is clicked on

2023-04-03 08:36:20 - [TEST_STEP][PASSED] - uploadFile(findTestObject("WEB/Change Profile/ChangeProfile_button_uploadButton"), inputImage): File 'C:\Users\rizki\git\CodingID-QA\Include\Resources\testUpload.jpg' sent to object: 'Object Repository/WEB/Change Profile/ChangeProfile_button_uploadButton'

2023-04-03 08:36:21 - [MESSAGE][PASSED] - File 'C:\Users\rizki\git\CodingID-QA\Include\Resources\testUpload.jpg' sent to object: 'Object Repository/WEB/Change Profile/ChangeProfile_button_uploadButton'

2023-04-03 08:36:21 - [TEST_STEP][PASSED] - setText(findTestObject("WEB/Change Profile/ChangeProfile_inputText_Name"), inputName): Text 'Edited Value' is set on object 'Object Repository/WEB/Change Profile/ChangeProfile_inputText_Name'

2023-04-03 08:36:22 - [MESSAGE][PASSED] - Text 'Edited Value' is set on object 'Object Repository/WEB/Change Profile/ChangeProfile_inputText_Name'

2023-04-03 08:36:22 - [TEST_STEP][PASSED] - setText(findTestObject("WEB/Change Profile/ChangeProfile_inputText_Phone"), inputPhone): Text '081123456789' is set on object 'Object Repository/WEB/Change Profile/ChangeProfile_inputText_Phone'

2023-04-03 08:36:23 - [MESSAGE][PASSED] - Text '081123456789' is set on object 'Object Repository/WEB/Change Profile/ChangeProfile_inputText_Phone'

2023-04-03 08:36:23 - [TEST_STEP][PASSED] - setText(findTestObject("WEB/Change Profile/ChangeProfile_inputText_BirthDay"), inputBirthday): Text '01-Jan-2000' is set on object 'Object Repository/WEB/Change Profile/ChangeProfile_inputText_BirthDay'

2023-04-03 08:36:24 - [MESSAGE][PASSED] - Text '01-Jan-2000' is set on object 'Object Repository/WEB/Change Profile/ChangeProfile_inputText_BirthDay'

2023-04-03 08:36:24 - [TEST_STEP][PASSED] - nameInputValue = getAttribute(findTestObject("WEB/Change Profile/ChangeProfile_inputText_Name"), "value"): Attribute 'value' of object 'Object Repository/WEB/Change Profile/ChangeProfile_inputText_Name' is: 'Edited Value'

2023-04-03 08:36:24 - [MESSAGE][PASSED] - Attribute 'value' of object 'Object Repository/WEB/Change Profile/ChangeProfile_inputText_Name' is: 'Edited Value'

2023-04-03 08:36:24 - [TEST_STEP][PASSED] - click(findTestObject("WEB/Change Profile/ChangeProfile_button_Save")): Object: 'Object Repository/WEB/Change Profile/ChangeProfile_button_Save' is clicked on

2023-04-03 08:36:25 - [MESSAGE][PASSED] - Object: 'Object Repository/WEB/Change Profile/ChangeProfile_button_Save' is clicked on

2023-04-03 08:36:25 - [TEST_STEP][PASSED] - delay(2): Delayed 2 second(s)

2023-04-03 08:36:27 - [MESSAGE][PASSED] - Delayed 2 second(s)

2023-04-03 08:36:27 - [TEST_STEP][FAILED] - profileImage = getAttribute(findTestObject("WEB/Profile/Profile_img_profilePhoto"), "src"): Unable to get attribute 'src' of object 'Object Repository/WEB/Profile/Profile_img_profilePhoto' (Root cause: com.kms.katalon.core.exception.StepFailedException: Unable to get attribute 'src' of object 'Object Repository/WEB/Profile/Profile_img_profilePhoto'
	at com.kms.katalon.core.webui.keyword.internal.WebUIKeywordMain.stepFailed(WebUIKeywordMain.groovy:64)
	at com.kms.katalon.core.webui.keyword.internal.WebUIKeywordMain.runKeyword(WebUIKeywordMain.groovy:26)
	at com.kms.katalon.core.webui.keyword.builtin.GetAttributeKeyword.getAttribute(GetAttributeKeyword.groovy:93)
	at com.kms.katalon.core.webui.keyword.builtin.GetAttributeKeyword.execute(GetAttributeKeyword.groovy:68)
	at com.kms.katalon.core.keyword.internal.KeywordExecutor.executeKeywordForPlatform(KeywordExecutor.groovy:74)
	at com.kms.katalon.core.webui.keyword.WebUiBuiltInKeywords.getAttribute(WebUiBuiltInKeywords.groovy:951)
	at com.kms.katalon.core.webui.keyword.WebUiBuiltInKeywords$getAttribute$7.call(Unknown Source)
	at CP-06.run(CP-06:52)
	at com.kms.katalon.core.main.ScriptEngine.run(ScriptEngine.java:194)
	at com.kms.katalon.core.main.ScriptEngine.runScriptAsRawText(ScriptEngine.java:119)
	at com.kms.katalon.core.main.TestCaseExecutor.runScript(TestCaseExecutor.java:448)
	at com.kms.katalon.core.main.TestCaseExecutor.doExecute(TestCaseExecutor.java:439)
	at com.kms.katalon.core.main.TestCaseExecutor.processExecutionPhase(TestCaseExecutor.java:418)
	at com.kms.katalon.core.main.TestCaseExecutor.accessMainPhase(TestCaseExecutor.java:410)
	at com.kms.katalon.core.main.TestCaseExecutor.execute(TestCaseExecutor.java:285)
	at com.kms.katalon.core.common.CommonExecutor.accessTestCaseMainPhase(CommonExecutor.java:65)
	at com.kms.katalon.core.main.TestSuiteExecutor.accessTestSuiteMainPhase(TestSuiteExecutor.java:151)
	at com.kms.katalon.core.main.TestSuiteExecutor.execute(TestSuiteExecutor.java:106)
	at com.kms.katalon.core.main.TestCaseMain.startTestSuite(TestCaseMain.java:185)
	at com.kms.katalon.core.main.TestCaseMain$startTestSuite$0.call(Unknown Source)
	at TempTestSuite1680485631021.run(TempTestSuite1680485631021.groovy:36)
Caused by: com.kms.katalon.core.webui.exception.WebElementNotFoundException: Web element with id: 'Object Repository/WEB/Profile/Profile_img_profilePhoto' located by '//div[@id='app']/div/div[3]/section/div/div/div/div/div/div/div/img' not found
	at com.kms.katalon.core.webui.common.WebUiCommonHelper.findWebElement(WebUiCommonHelper.java:1370)
	at com.kms.katalon.core.webui.keyword.internal.WebUIAbstractKeyword.findWebElement(WebUIAbstractKeyword.groovy:27)
	at com.kms.katalon.core.webui.keyword.internal.WebUIAbstractKeyword.findWebElement(WebUIAbstractKeyword.groovy:26)
	at com.kms.katalon.core.webui.keyword.builtin.GetAttributeKeyword$_getAttribute_closure1.doCall(GetAttributeKeyword.groovy:83)
	at com.kms.katalon.core.webui.keyword.builtin.GetAttributeKeyword$_getAttribute_closure1.call(GetAttributeKeyword.groovy)
	at com.kms.katalon.core.webui.keyword.internal.WebUIKeywordMain.runKeyword(WebUIKeywordMain.groovy:20)
	at com.kms.katalon.core.webui.keyword.builtin.GetAttributeKeyword.getAttribute(GetAttributeKeyword.groovy:93)
	at com.kms.katalon.core.webui.keyword.builtin.GetAttributeKeyword.execute(GetAttributeKeyword.groovy:68)
	at com.kms.katalon.core.keyword.internal.KeywordExecutor.executeKeywordForPlatform(KeywordExecutor.groovy:74)
	at com.kms.katalon.core.webui.keyword.WebUiBuiltInKeywords.getAttribute(WebUiBuiltInKeywords.groovy:951)
	at com.kms.katalon.core.webui.keyword.WebUiBuiltInKeywords$getAttribute$7.call(Unknown Source)
	at Script1680382752759.run(Script1680382752759.groovy:52)
	... 13 more
)

2023-04-03 08:36:58 - [MESSAGE][INFO] - Unable to find the element located by 'By.xpath: //div[@id='app']/div/div[3]/section/div/div/div/div/div/div/div/img'. Please recheck the objects properties to make sure the desired element is located. 

2023-04-03 08:36:59 - [MESSAGE][FAILED] - Unable to get attribute 'src' of object 'Object Repository/WEB/Profile/Profile_img_profilePhoto' (Root cause: com.kms.katalon.core.exception.StepFailedException: Unable to get attribute 'src' of object 'Object Repository/WEB/Profile/Profile_img_profilePhoto'
	at com.kms.katalon.core.webui.keyword.internal.WebUIKeywordMain.stepFailed(WebUIKeywordMain.groovy:64)
	at com.kms.katalon.core.webui.keyword.internal.WebUIKeywordMain.runKeyword(WebUIKeywordMain.groovy:26)
	at com.kms.katalon.core.webui.keyword.builtin.GetAttributeKeyword.getAttribute(GetAttributeKeyword.groovy:93)
	at com.kms.katalon.core.webui.keyword.builtin.GetAttributeKeyword.execute(GetAttributeKeyword.groovy:68)
	at com.kms.katalon.core.keyword.internal.KeywordExecutor.executeKeywordForPlatform(KeywordExecutor.groovy:74)
	at com.kms.katalon.core.webui.keyword.WebUiBuiltInKeywords.getAttribute(WebUiBuiltInKeywords.groovy:951)
	at com.kms.katalon.core.webui.keyword.WebUiBuiltInKeywords$getAttribute$7.call(Unknown Source)
	at CP-06.run(CP-06:52)
	at com.kms.katalon.core.main.ScriptEngine.run(ScriptEngine.java:194)
	at com.kms.katalon.core.main.ScriptEngine.runScriptAsRawText(ScriptEngine.java:119)
	at com.kms.katalon.core.main.TestCaseExecutor.runScript(TestCaseExecutor.java:448)
	at com.kms.katalon.core.main.TestCaseExecutor.doExecute(TestCaseExecutor.java:439)
	at com.kms.katalon.core.main.TestCaseExecutor.processExecutionPhase(TestCaseExecutor.java:418)
	at com.kms.katalon.core.main.TestCaseExecutor.accessMainPhase(TestCaseExecutor.java:410)
	at com.kms.katalon.core.main.TestCaseExecutor.execute(TestCaseExecutor.java:285)
	at com.kms.katalon.core.common.CommonExecutor.accessTestCaseMainPhase(CommonExecutor.java:65)
	at com.kms.katalon.core.main.TestSuiteExecutor.accessTestSuiteMainPhase(TestSuiteExecutor.java:151)
	at com.kms.katalon.core.main.TestSuiteExecutor.execute(TestSuiteExecutor.java:106)
	at com.kms.katalon.core.main.TestCaseMain.startTestSuite(TestCaseMain.java:185)
	at com.kms.katalon.core.main.TestCaseMain$startTestSuite$0.call(Unknown Source)
	at TempTestSuite1680485631021.run(TempTestSuite1680485631021.groovy:36)
Caused by: com.kms.katalon.core.webui.exception.WebElementNotFoundException: Web element with id: 'Object Repository/WEB/Profile/Profile_img_profilePhoto' located by '//div[@id='app']/div/div[3]/section/div/div/div/div/div/div/div/img' not found
	at com.kms.katalon.core.webui.common.WebUiCommonHelper.findWebElement(WebUiCommonHelper.java:1370)
	at com.kms.katalon.core.webui.keyword.internal.WebUIAbstractKeyword.findWebElement(WebUIAbstractKeyword.groovy:27)
	at com.kms.katalon.core.webui.keyword.internal.WebUIAbstractKeyword.findWebElement(WebUIAbstractKeyword.groovy:26)
	at com.kms.katalon.core.webui.keyword.builtin.GetAttributeKeyword$_getAttribute_closure1.doCall(GetAttributeKeyword.groovy:83)
	at com.kms.katalon.core.webui.keyword.builtin.GetAttributeKeyword$_getAttribute_closure1.call(GetAttributeKeyword.groovy)
	at com.kms.katalon.core.webui.keyword.internal.WebUIKeywordMain.runKeyword(WebUIKeywordMain.groovy:20)
	at com.kms.katalon.core.webui.keyword.builtin.GetAttributeKeyword.getAttribute(GetAttributeKeyword.groovy:93)
	at com.kms.katalon.core.webui.keyword.builtin.GetAttributeKeyword.execute(GetAttributeKeyword.groovy:68)
	at com.kms.katalon.core.keyword.internal.KeywordExecutor.executeKeywordForPlatform(KeywordExecutor.groovy:74)
	at com.kms.katalon.core.webui.keyword.WebUiBuiltInKeywords.getAttribute(WebUiBuiltInKeywords.groovy:951)
	at com.kms.katalon.core.webui.keyword.WebUiBuiltInKeywords$getAttribute$7.call(Unknown Source)
	at Script1680382752759.run(Script1680382752759.groovy:52)
	... 13 more
)
[[ATTACHMENT|C:\\Users\\rizki\\git\\CodingID-QA\\Reports\\20230403_083351\\WEB\\CP\\20230403_083351\\1680485818949.png]]]]></system-out>
         <system-err><![CDATA[2023-04-03 08:36:18 - [TEST_CASE][FAILED] - Test Cases/Web/CP/CP-06: Test Cases/Web/CP/CP-06 FAILED.
Reason:
com.kms.katalon.core.exception.StepFailedException: Unable to get attribute 'src' of object 'Object Repository/WEB/Profile/Profile_img_profilePhoto'
	at com.kms.katalon.core.webui.keyword.internal.WebUIKeywordMain.stepFailed(WebUIKeywordMain.groovy:64)
	at com.kms.katalon.core.webui.keyword.internal.WebUIKeywordMain.runKeyword(WebUIKeywordMain.groovy:26)
	at com.kms.katalon.core.webui.keyword.builtin.GetAttributeKeyword.getAttribute(GetAttributeKeyword.groovy:93)
	at com.kms.katalon.core.webui.keyword.builtin.GetAttributeKeyword.execute(GetAttributeKeyword.groovy:68)
	at com.kms.katalon.core.keyword.internal.KeywordExecutor.executeKeywordForPlatform(KeywordExecutor.groovy:74)
	at com.kms.katalon.core.webui.keyword.WebUiBuiltInKeywords.getAttribute(WebUiBuiltInKeywords.groovy:951)
	at com.kms.katalon.core.webui.keyword.WebUiBuiltInKeywords$getAttribute$7.call(Unknown Source)
	at CP-06.run(CP-06:52)
	at com.kms.katalon.core.main.ScriptEngine.run(ScriptEngine.java:194)
	at com.kms.katalon.core.main.ScriptEngine.runScriptAsRawText(ScriptEngine.java:119)
	at com.kms.katalon.core.main.TestCaseExecutor.runScript(TestCaseExecutor.java:448)
	at com.kms.katalon.core.main.TestCaseExecutor.doExecute(TestCaseExecutor.java:439)
	at com.kms.katalon.core.main.TestCaseExecutor.processExecutionPhase(TestCaseExecutor.java:418)
	at com.kms.katalon.core.main.TestCaseExecutor.accessMainPhase(TestCaseExecutor.java:410)
	at com.kms.katalon.core.main.TestCaseExecutor.execute(TestCaseExecutor.java:285)
	at com.kms.katalon.core.common.CommonExecutor.accessTestCaseMainPhase(CommonExecutor.java:65)
	at com.kms.katalon.core.main.TestSuiteExecutor.accessTestSuiteMainPhase(TestSuiteExecutor.java:151)
	at com.kms.katalon.core.main.TestSuiteExecutor.execute(TestSuiteExecutor.java:106)
	at com.kms.katalon.core.main.TestCaseMain.startTestSuite(TestCaseMain.java:185)
	at com.kms.katalon.core.main.TestCaseMain$startTestSuite$0.call(Unknown Source)
	at TempTestSuite1680485631021.run(TempTestSuite1680485631021.groovy:36)
Caused by: com.kms.katalon.core.webui.exception.WebElementNotFoundException: Web element with id: 'Object Repository/WEB/Profile/Profile_img_profilePhoto' located by '//div[@id='app']/div/div[3]/section/div/div/div/div/div/div/div/img' not found
	at com.kms.katalon.core.webui.common.WebUiCommonHelper.findWebElement(WebUiCommonHelper.java:1370)
	at com.kms.katalon.core.webui.keyword.internal.WebUIAbstractKeyword.findWebElement(WebUIAbstractKeyword.groovy:27)
	at com.kms.katalon.core.webui.keyword.internal.WebUIAbstractKeyword.findWebElement(WebUIAbstractKeyword.groovy:26)
	at com.kms.katalon.core.webui.keyword.builtin.GetAttributeKeyword$_getAttribute_closure1.doCall(GetAttributeKeyword.groovy:83)
	at com.kms.katalon.core.webui.keyword.builtin.GetAttributeKeyword$_getAttribute_closure1.call(GetAttributeKeyword.groovy)
	at com.kms.katalon.core.webui.keyword.internal.WebUIKeywordMain.runKeyword(WebUIKeywordMain.groovy:20)
	... 19 more]]></system-err>
      </testcase>
      <testcase name="Test Cases/Web/CP/CP-07" time="11.725" classname="Test Cases/Web/CP/CP-07" status="FAILED">
         <failure type="FAILED" message="Test Cases/Web/CP/CP-07 FAILED.
Reason:
java.lang.AssertionError: Updated photo does not match the uploaded one. Expression: decodedProfileImage.endsWith(uploadFileName)
	at CP-07.run(CP-07:62)
	at com.kms.katalon.core.main.ScriptEngine.run(ScriptEngine.java:194)
	at com.kms.katalon.core.main.ScriptEngine.runScriptAsRawText(ScriptEngine.java:119)
	at com.kms.katalon.core.main.TestCaseExecutor.runScript(TestCaseExecutor.java:448)
	at com.kms.katalon.core.main.TestCaseExecutor.doExecute(TestCaseExecutor.java:439)
	at com.kms.katalon.core.main.TestCaseExecutor.processExecutionPhase(TestCaseExecutor.java:418)
	at com.kms.katalon.core.main.TestCaseExecutor.accessMainPhase(TestCaseExecutor.java:410)
	at com.kms.katalon.core.main.TestCaseExecutor.execute(TestCaseExecutor.java:285)
	at com.kms.katalon.core.common.CommonExecutor.accessTestCaseMainPhase(CommonExecutor.java:65)
	at com.kms.katalon.core.main.TestSuiteExecutor.accessTestSuiteMainPhase(TestSuiteExecutor.java:151)
	at com.kms.katalon.core.main.TestSuiteExecutor.execute(TestSuiteExecutor.java:106)
	at com.kms.katalon.core.main.TestCaseMain.startTestSuite(TestCaseMain.java:185)
	at com.kms.katalon.core.main.TestCaseMain$startTestSuite$0.call(Unknown Source)
	at TempTestSuite1680485631021.run(TempTestSuite1680485631021.groovy:36)
"/>
         <system-out><![CDATA[2023-04-03 08:36:59 - [TEST_CASE][FAILED] - Test Cases/Web/CP/CP-07: Test Cases/Web/CP/CP-07 FAILED.
Reason:
java.lang.AssertionError: Updated photo does not match the uploaded one. Expression: decodedProfileImage.endsWith(uploadFileName)
	at CP-07.run(CP-07:62)
	at com.kms.katalon.core.main.ScriptEngine.run(ScriptEngine.java:194)
	at com.kms.katalon.core.main.ScriptEngine.runScriptAsRawText(ScriptEngine.java:119)
	at com.kms.katalon.core.main.TestCaseExecutor.runScript(TestCaseExecutor.java:448)
	at com.kms.katalon.core.main.TestCaseExecutor.doExecute(TestCaseExecutor.java:439)
	at com.kms.katalon.core.main.TestCaseExecutor.processExecutionPhase(TestCaseExecutor.java:418)
	at com.kms.katalon.core.main.TestCaseExecutor.accessMainPhase(TestCaseExecutor.java:410)
	at com.kms.katalon.core.main.TestCaseExecutor.execute(TestCaseExecutor.java:285)
	at com.kms.katalon.core.common.CommonExecutor.accessTestCaseMainPhase(CommonExecutor.java:65)
	at com.kms.katalon.core.main.TestSuiteExecutor.accessTestSuiteMainPhase(TestSuiteExecutor.java:151)
	at com.kms.katalon.core.main.TestSuiteExecutor.execute(TestSuiteExecutor.java:106)
	at com.kms.katalon.core.main.TestCaseMain.startTestSuite(TestCaseMain.java:185)
	at com.kms.katalon.core.main.TestCaseMain$startTestSuite$0.call(Unknown Source)
	at TempTestSuite1680485631021.run(TempTestSuite1680485631021.groovy:36)


2023-04-03 08:36:59 - [TEST_STEP][PASSED] - navigateToUrl("https://demo-app.online/dashboard/profile"): Navigate to 'https://demo-app.online/dashboard/profile' successfully

2023-04-03 08:36:59 - [MESSAGE][PASSED] - Navigate to 'https://demo-app.online/dashboard/profile' successfully

2023-04-03 08:36:59 - [TEST_STEP][PASSED] - uploadFilePath = "/Include/Resources/": null

2023-04-03 08:36:59 - [TEST_STEP][PASSED] - uploadFileName = "Lorem ipsum dolor sit amet, consectetur adipiscing elit, sed do eiusmod tempor incididunt ut labore et dolore magna aliqua. Ut enim ad minim veniam, quis nostrud exercitation ullamco laboris.jpg": null

2023-04-03 08:36:59 - [TEST_STEP][PASSED] - file = new java.io.File(com.kms.katalon.core.configuration.RunConfiguration.getProjectDir(), (uploadFilePath + uploadFileName)): null

2023-04-03 08:36:59 - [TEST_STEP][PASSED] - inputImage = file.toString(): null

2023-04-03 08:36:59 - [TEST_STEP][PASSED] - inputName = "Edited Value".trim(): null

2023-04-03 08:36:59 - [TEST_STEP][PASSED] - inputPhone = "081123456789": null

2023-04-03 08:36:59 - [TEST_STEP][PASSED] - inputBirthday = "01-Jan-2000": null

2023-04-03 08:36:59 - [TEST_STEP][PASSED] - originalNameProfile = getText(findTestObject("WEB/Profile/Profile_text_Name")).trim(): Text of object 'Object Repository/WEB/Profile/Profile_text_Name' is: 'Edited Value'

2023-04-03 08:37:00 - [MESSAGE][PASSED] - Text of object 'Object Repository/WEB/Profile/Profile_text_Name' is: 'Edited Value'

2023-04-03 08:37:00 - [TEST_STEP][PASSED] - click(findTestObject("WEB/Profile/Profile_button_EditProfile")): Object: 'Object Repository/WEB/Profile/Profile_button_EditProfile' is clicked on

2023-04-03 08:37:01 - [MESSAGE][PASSED] - Object: 'Object Repository/WEB/Profile/Profile_button_EditProfile' is clicked on

2023-04-03 08:37:01 - [TEST_STEP][PASSED] - uploadFile(findTestObject("WEB/Change Profile/ChangeProfile_button_uploadButton"), inputImage): File 'C:\Users\rizki\git\CodingID-QA\Include\Resources\Lorem ipsum dolor sit amet, consectetur adipiscing elit, sed do eiusmod tempor incididunt ut labore et dolore magna aliqua. Ut enim ad minim veniam, quis nostrud exercitation ullamco laboris.jpg' sent to object: 'Object Repository/WEB/Change Profile/ChangeProfile_button_uploadButton'

2023-04-03 08:37:01 - [MESSAGE][PASSED] - File 'C:\Users\rizki\git\CodingID-QA\Include\Resources\Lorem ipsum dolor sit amet, consectetur adipiscing elit, sed do eiusmod tempor incididunt ut labore et dolore magna aliqua. Ut enim ad minim veniam, quis nostrud exercitation ullamco laboris.jpg' sent to object: 'Object Repository/WEB/Change Profile/ChangeProfile_button_uploadButton'

2023-04-03 08:37:01 - [TEST_STEP][PASSED] - setText(findTestObject("WEB/Change Profile/ChangeProfile_inputText_Name"), inputName): Text 'Edited Value' is set on object 'Object Repository/WEB/Change Profile/ChangeProfile_inputText_Name'

2023-04-03 08:37:02 - [MESSAGE][PASSED] - Text 'Edited Value' is set on object 'Object Repository/WEB/Change Profile/ChangeProfile_inputText_Name'

2023-04-03 08:37:02 - [TEST_STEP][PASSED] - setText(findTestObject("WEB/Change Profile/ChangeProfile_inputText_Phone"), inputPhone): Text '081123456789' is set on object 'Object Repository/WEB/Change Profile/ChangeProfile_inputText_Phone'

2023-04-03 08:37:03 - [MESSAGE][PASSED] - Text '081123456789' is set on object 'Object Repository/WEB/Change Profile/ChangeProfile_inputText_Phone'

2023-04-03 08:37:03 - [TEST_STEP][PASSED] - setText(findTestObject("WEB/Change Profile/ChangeProfile_inputText_BirthDay"), inputBirthday): Text '01-Jan-2000' is set on object 'Object Repository/WEB/Change Profile/ChangeProfile_inputText_BirthDay'

2023-04-03 08:37:04 - [MESSAGE][PASSED] - Text '01-Jan-2000' is set on object 'Object Repository/WEB/Change Profile/ChangeProfile_inputText_BirthDay'

2023-04-03 08:37:04 - [TEST_STEP][PASSED] - nameInputValue = getAttribute(findTestObject("WEB/Change Profile/ChangeProfile_inputText_Name"), "value"): Attribute 'value' of object 'Object Repository/WEB/Change Profile/ChangeProfile_inputText_Name' is: 'Edited Value'

2023-04-03 08:37:04 - [MESSAGE][PASSED] - Attribute 'value' of object 'Object Repository/WEB/Change Profile/ChangeProfile_inputText_Name' is: 'Edited Value'

2023-04-03 08:37:04 - [TEST_STEP][PASSED] - click(findTestObject("WEB/Change Profile/ChangeProfile_button_Save")): Object: 'Object Repository/WEB/Change Profile/ChangeProfile_button_Save' is clicked on

2023-04-03 08:37:06 - [MESSAGE][PASSED] - Object: 'Object Repository/WEB/Change Profile/ChangeProfile_button_Save' is clicked on

2023-04-03 08:37:06 - [TEST_STEP][PASSED] - delay(2): Delayed 2 second(s)

2023-04-03 08:37:08 - [MESSAGE][PASSED] - Delayed 2 second(s)

2023-04-03 08:37:08 - [TEST_STEP][PASSED] - profileImage = getAttribute(findTestObject("WEB/Profile/Profile_img_profilePhoto"), "src"): Attribute 'src' of object 'Object Repository/WEB/Profile/Profile_img_profilePhoto' is: 'https://storage.googleapis.com/codingid-storage-bucket/storage/uploads/avatar/1680485825Lorem%20ipsum%20dolor%20sit%20amet,%20consectetur%20adipiscing%20elit,%20sed%20do%20eiusmod%20tempor%20incididunt%20ut%20labore%20et%20dolore%20magna%20aliqua.%20Ut%20enim%20ad%20minim%20veniam,%20quis%20nostrud%20exe'

2023-04-03 08:37:09 - [MESSAGE][PASSED] - Attribute 'src' of object 'Object Repository/WEB/Profile/Profile_img_profilePhoto' is: 'https://storage.googleapis.com/codingid-storage-bucket/storage/uploads/avatar/1680485825Lorem%20ipsum%20dolor%20sit%20amet,%20consectetur%20adipiscing%20elit,%20sed%20do%20eiusmod%20tempor%20incididunt%20ut%20labore%20et%20dolore%20magna%20aliqua.%20Ut%20enim%20ad%20minim%20veniam,%20quis%20nostrud%20exe'

2023-04-03 08:37:09 - [TEST_STEP][PASSED] - decodedProfileImage = URLDecoder.decode(profileImage, "UTF-8"): null

2023-04-03 08:37:09 - [TEST_STEP][PASSED] - nameProfile = getText(findTestObject("WEB/Profile/Profile_text_Name")): Text of object 'Object Repository/WEB/Profile/Profile_text_Name' is: 'Edited Value'

2023-04-03 08:37:09 - [MESSAGE][PASSED] - Text of object 'Object Repository/WEB/Profile/Profile_text_Name' is: 'Edited Value'

2023-04-03 08:37:09 - [TEST_STEP][PASSED] - phoneProfile = getText(findTestObject("WEB/Profile/Profile_text_Phone")): Text of object 'Object Repository/WEB/Profile/Profile_text_Phone' is: '081123456789'

2023-04-03 08:37:09 - [MESSAGE][PASSED] - Text of object 'Object Repository/WEB/Profile/Profile_text_Phone' is: '081123456789'

2023-04-03 08:37:09 - [TEST_STEP][PASSED] - birthdayProfile = getText(findTestObject("WEB/Profile/Profile_text_Birthday")): Text of object 'Object Repository/WEB/Profile/Profile_text_Birthday' is: '01-Jan-2000'

2023-04-03 08:37:10 - [MESSAGE][PASSED] - Text of object 'Object Repository/WEB/Profile/Profile_text_Birthday' is: '01-Jan-2000'

2023-04-03 08:37:10 - [TEST_STEP][PASSED] - verifyElementText(findTestObject("Object Repository/WEB/Change Profile/Profile_p_ChangeSuccessNotif"), originalNameProfile + " telah di edit"): Actual text and expected text of test object 'Object Repository/WEB/Change Profile/Profile_p_ChangeSuccessNotif' are matched.

2023-04-03 08:37:10 - [MESSAGE][PASSED] - Actual text and expected text of test object 'Object Repository/WEB/Change Profile/Profile_p_ChangeSuccessNotif' are matched.

2023-04-03 08:37:10 - [TEST_STEP][PASSED] - click(findTestObject("Object Repository/WEB/Change Profile/Profile_button_ChangeSuccessNotif")): Object: 'Object Repository/WEB/Change Profile/Profile_button_ChangeSuccessNotif' is clicked on

2023-04-03 08:37:10 - [MESSAGE][PASSED] - Object: 'Object Repository/WEB/Change Profile/Profile_button_ChangeSuccessNotif' is clicked on

2023-04-03 08:37:10 - [TEST_STEP][FAILED] - assert decodedProfileImage.endsWith(uploadFileName) : "Updated photo does not match the uploaded one": Test Cases/Web/CP/CP-07 FAILED.
Reason:
java.lang.AssertionError: Updated photo does not match the uploaded one. Expression: decodedProfileImage.endsWith(uploadFileName)
	at CP-07.run(CP-07:62)
	at com.kms.katalon.core.main.ScriptEngine.run(ScriptEngine.java:194)
	at com.kms.katalon.core.main.ScriptEngine.runScriptAsRawText(ScriptEngine.java:119)
	at com.kms.katalon.core.main.TestCaseExecutor.runScript(TestCaseExecutor.java:448)
	at com.kms.katalon.core.main.TestCaseExecutor.doExecute(TestCaseExecutor.java:439)
	at com.kms.katalon.core.main.TestCaseExecutor.processExecutionPhase(TestCaseExecutor.java:418)
	at com.kms.katalon.core.main.TestCaseExecutor.accessMainPhase(TestCaseExecutor.java:410)
	at com.kms.katalon.core.main.TestCaseExecutor.execute(TestCaseExecutor.java:285)
	at com.kms.katalon.core.common.CommonExecutor.accessTestCaseMainPhase(CommonExecutor.java:65)
	at com.kms.katalon.core.main.TestSuiteExecutor.accessTestSuiteMainPhase(TestSuiteExecutor.java:151)
	at com.kms.katalon.core.main.TestSuiteExecutor.execute(TestSuiteExecutor.java:106)
	at com.kms.katalon.core.main.TestCaseMain.startTestSuite(TestCaseMain.java:185)
	at com.kms.katalon.core.main.TestCaseMain$startTestSuite$0.call(Unknown Source)
	at TempTestSuite1680485631021.run(TempTestSuite1680485631021.groovy:36)


2023-04-03 08:37:10 - [MESSAGE][FAILED] - Test Cases/Web/CP/CP-07 FAILED.
Reason:
java.lang.AssertionError: Updated photo does not match the uploaded one. Expression: decodedProfileImage.endsWith(uploadFileName)
	at CP-07.run(CP-07:62)
	at com.kms.katalon.core.main.ScriptEngine.run(ScriptEngine.java:194)
	at com.kms.katalon.core.main.ScriptEngine.runScriptAsRawText(ScriptEngine.java:119)
	at com.kms.katalon.core.main.TestCaseExecutor.runScript(TestCaseExecutor.java:448)
	at com.kms.katalon.core.main.TestCaseExecutor.doExecute(TestCaseExecutor.java:439)
	at com.kms.katalon.core.main.TestCaseExecutor.processExecutionPhase(TestCaseExecutor.java:418)
	at com.kms.katalon.core.main.TestCaseExecutor.accessMainPhase(TestCaseExecutor.java:410)
	at com.kms.katalon.core.main.TestCaseExecutor.execute(TestCaseExecutor.java:285)
	at com.kms.katalon.core.common.CommonExecutor.accessTestCaseMainPhase(CommonExecutor.java:65)
	at com.kms.katalon.core.main.TestSuiteExecutor.accessTestSuiteMainPhase(TestSuiteExecutor.java:151)
	at com.kms.katalon.core.main.TestSuiteExecutor.execute(TestSuiteExecutor.java:106)
	at com.kms.katalon.core.main.TestCaseMain.startTestSuite(TestCaseMain.java:185)
	at com.kms.katalon.core.main.TestCaseMain$startTestSuite$0.call(Unknown Source)
	at TempTestSuite1680485631021.run(TempTestSuite1680485631021.groovy:36)]]></system-out>
         <system-err><![CDATA[2023-04-03 08:36:59 - [TEST_CASE][FAILED] - Test Cases/Web/CP/CP-07: Test Cases/Web/CP/CP-07 FAILED.
Reason:
java.lang.AssertionError: Updated photo does not match the uploaded one. Expression: decodedProfileImage.endsWith(uploadFileName)
	at CP-07.run(CP-07:62)
	at com.kms.katalon.core.main.ScriptEngine.run(ScriptEngine.java:194)
	at com.kms.katalon.core.main.ScriptEngine.runScriptAsRawText(ScriptEngine.java:119)
	at com.kms.katalon.core.main.TestCaseExecutor.runScript(TestCaseExecutor.java:448)
	at com.kms.katalon.core.main.TestCaseExecutor.doExecute(TestCaseExecutor.java:439)
	at com.kms.katalon.core.main.TestCaseExecutor.processExecutionPhase(TestCaseExecutor.java:418)
	at com.kms.katalon.core.main.TestCaseExecutor.accessMainPhase(TestCaseExecutor.java:410)
	at com.kms.katalon.core.main.TestCaseExecutor.execute(TestCaseExecutor.java:285)
	at com.kms.katalon.core.common.CommonExecutor.accessTestCaseMainPhase(CommonExecutor.java:65)
	at com.kms.katalon.core.main.TestSuiteExecutor.accessTestSuiteMainPhase(TestSuiteExecutor.java:151)
	at com.kms.katalon.core.main.TestSuiteExecutor.execute(TestSuiteExecutor.java:106)
	at com.kms.katalon.core.main.TestCaseMain.startTestSuite(TestCaseMain.java:185)
	at com.kms.katalon.core.main.TestCaseMain$startTestSuite$0.call(Unknown Source)
	at TempTestSuite1680485631021.run(TempTestSuite1680485631021.groovy:36)]]></system-err>
      </testcase>
      <testcase name="Test Cases/Web/CP/CP-08" time="19.278" classname="Test Cases/Web/CP/CP-08" status="FAILED">
         <failure type="FAILED" message="Test Cases/Web/CP/CP-08 FAILED.
Reason:
java.lang.AssertionError: Not redirected to profile after saving change. Expression: (com.kms.katalon.core.webui.keyword.WebUiBuiltInKeywords.getUrl() == https://demo-app.online/dashboard/profile)
	at CP-08.run(CP-08:53)
	at com.kms.katalon.core.main.ScriptEngine.run(ScriptEngine.java:194)
	at com.kms.katalon.core.main.ScriptEngine.runScriptAsRawText(ScriptEngine.java:119)
	at com.kms.katalon.core.main.TestCaseExecutor.runScript(TestCaseExecutor.java:448)
	at com.kms.katalon.core.main.TestCaseExecutor.doExecute(TestCaseExecutor.java:439)
	at com.kms.katalon.core.main.TestCaseExecutor.processExecutionPhase(TestCaseExecutor.java:418)
	at com.kms.katalon.core.main.TestCaseExecutor.accessMainPhase(TestCaseExecutor.java:410)
	at com.kms.katalon.core.main.TestCaseExecutor.execute(TestCaseExecutor.java:285)
	at com.kms.katalon.core.common.CommonExecutor.accessTestCaseMainPhase(CommonExecutor.java:65)
	at com.kms.katalon.core.main.TestSuiteExecutor.accessTestSuiteMainPhase(TestSuiteExecutor.java:151)
	at com.kms.katalon.core.main.TestSuiteExecutor.execute(TestSuiteExecutor.java:106)
	at com.kms.katalon.core.main.TestCaseMain.startTestSuite(TestCaseMain.java:185)
	at com.kms.katalon.core.main.TestCaseMain$startTestSuite$0.call(Unknown Source)
	at TempTestSuite1680485631021.run(TempTestSuite1680485631021.groovy:36)
"/>
         <system-out><![CDATA[2023-04-03 08:37:10 - [TEST_CASE][FAILED] - Test Cases/Web/CP/CP-08: Test Cases/Web/CP/CP-08 FAILED.
Reason:
java.lang.AssertionError: Not redirected to profile after saving change. Expression: (com.kms.katalon.core.webui.keyword.WebUiBuiltInKeywords.getUrl() == https://demo-app.online/dashboard/profile)
	at CP-08.run(CP-08:53)
	at com.kms.katalon.core.main.ScriptEngine.run(ScriptEngine.java:194)
	at com.kms.katalon.core.main.ScriptEngine.runScriptAsRawText(ScriptEngine.java:119)
	at com.kms.katalon.core.main.TestCaseExecutor.runScript(TestCaseExecutor.java:448)
	at com.kms.katalon.core.main.TestCaseExecutor.doExecute(TestCaseExecutor.java:439)
	at com.kms.katalon.core.main.TestCaseExecutor.processExecutionPhase(TestCaseExecutor.java:418)
	at com.kms.katalon.core.main.TestCaseExecutor.accessMainPhase(TestCaseExecutor.java:410)
	at com.kms.katalon.core.main.TestCaseExecutor.execute(TestCaseExecutor.java:285)
	at com.kms.katalon.core.common.CommonExecutor.accessTestCaseMainPhase(CommonExecutor.java:65)
	at com.kms.katalon.core.main.TestSuiteExecutor.accessTestSuiteMainPhase(TestSuiteExecutor.java:151)
	at com.kms.katalon.core.main.TestSuiteExecutor.execute(TestSuiteExecutor.java:106)
	at com.kms.katalon.core.main.TestCaseMain.startTestSuite(TestCaseMain.java:185)
	at com.kms.katalon.core.main.TestCaseMain$startTestSuite$0.call(Unknown Source)
	at TempTestSuite1680485631021.run(TempTestSuite1680485631021.groovy:36)


2023-04-03 08:37:11 - [TEST_STEP][PASSED] - navigateToUrl("https://demo-app.online/dashboard/profile"): Navigate to 'https://demo-app.online/dashboard/profile' successfully

2023-04-03 08:37:11 - [MESSAGE][PASSED] - Navigate to 'https://demo-app.online/dashboard/profile' successfully

2023-04-03 08:37:11 - [TEST_STEP][PASSED] - uploadFilePath = "/Include/Resources/": null

2023-04-03 08:37:11 - [TEST_STEP][PASSED] - uploadFileName = "big pic.png": null

2023-04-03 08:37:11 - [TEST_STEP][PASSED] - file = new java.io.File(com.kms.katalon.core.configuration.RunConfiguration.getProjectDir(), (uploadFilePath + uploadFileName)): null

2023-04-03 08:37:11 - [TEST_STEP][PASSED] - absolutePath = file.toString(): null

2023-04-03 08:37:11 - [TEST_STEP][PASSED] - nameValue = "Edited Value".trim(): null

2023-04-03 08:37:11 - [TEST_STEP][PASSED] - phoneValue = "081123456789": null

2023-04-03 08:37:11 - [TEST_STEP][PASSED] - birthdayValue = "01-Jan-2000": null

2023-04-03 08:37:11 - [TEST_STEP][PASSED] - originalNameProfile = getText(findTestObject("WEB/Profile/Profile_text_Name")).trim(): Text of object 'Object Repository/WEB/Profile/Profile_text_Name' is: 'Edited Value'

2023-04-03 08:37:12 - [MESSAGE][PASSED] - Text of object 'Object Repository/WEB/Profile/Profile_text_Name' is: 'Edited Value'

2023-04-03 08:37:12 - [TEST_STEP][PASSED] - click(findTestObject("WEB/Profile/Profile_button_EditProfile")): Object: 'Object Repository/WEB/Profile/Profile_button_EditProfile' is clicked on

2023-04-03 08:37:12 - [MESSAGE][PASSED] - Object: 'Object Repository/WEB/Profile/Profile_button_EditProfile' is clicked on

2023-04-03 08:37:12 - [TEST_STEP][PASSED] - uploadFile(findTestObject("WEB/Change Profile/ChangeProfile_button_uploadButton"), absolutePath): File 'C:\Users\rizki\git\CodingID-QA\Include\Resources\big pic.png' sent to object: 'Object Repository/WEB/Change Profile/ChangeProfile_button_uploadButton'

2023-04-03 08:37:13 - [MESSAGE][PASSED] - File 'C:\Users\rizki\git\CodingID-QA\Include\Resources\big pic.png' sent to object: 'Object Repository/WEB/Change Profile/ChangeProfile_button_uploadButton'

2023-04-03 08:37:13 - [TEST_STEP][PASSED] - nameInputValue = getAttribute(findTestObject("WEB/Change Profile/ChangeProfile_inputText_Name"), "value"): Attribute 'value' of object 'Object Repository/WEB/Change Profile/ChangeProfile_inputText_Name' is: 'Edited Value'

2023-04-03 08:37:13 - [MESSAGE][PASSED] - Attribute 'value' of object 'Object Repository/WEB/Change Profile/ChangeProfile_inputText_Name' is: 'Edited Value'

2023-04-03 08:37:13 - [TEST_STEP][PASSED] - phoneInputValue = getAttribute(findTestObject("WEB/Change Profile/ChangeProfile_inputText_Phone"), "value"): Attribute 'value' of object 'Object Repository/WEB/Change Profile/ChangeProfile_inputText_Phone' is: '081123456789'

2023-04-03 08:37:14 - [MESSAGE][PASSED] - Attribute 'value' of object 'Object Repository/WEB/Change Profile/ChangeProfile_inputText_Phone' is: '081123456789'

2023-04-03 08:37:14 - [TEST_STEP][PASSED] - birthdayInputValue = getAttribute(findTestObject("WEB/Change Profile/ChangeProfile_inputText_BirthDay"), "value"): Attribute 'value' of object 'Object Repository/WEB/Change Profile/ChangeProfile_inputText_BirthDay' is: '01-Jan-2000'

2023-04-03 08:37:14 - [MESSAGE][PASSED] - Attribute 'value' of object 'Object Repository/WEB/Change Profile/ChangeProfile_inputText_BirthDay' is: '01-Jan-2000'

2023-04-03 08:37:14 - [TEST_STEP][PASSED] - click(findTestObject("WEB/Change Profile/ChangeProfile_button_Save")): Object: 'Object Repository/WEB/Change Profile/ChangeProfile_button_Save' is clicked on

2023-04-03 08:37:28 - [MESSAGE][PASSED] - Object: 'Object Repository/WEB/Change Profile/ChangeProfile_button_Save' is clicked on

2023-04-03 08:37:28 - [TEST_STEP][PASSED] - delay(2): Delayed 2 second(s)

2023-04-03 08:37:30 - [MESSAGE][PASSED] - Delayed 2 second(s)

2023-04-03 08:37:30 - [TEST_STEP][FAILED] - assert getUrl() == "https://demo-app.online/dashboard/profile" : "Not redirected to profile after saving change": Test Cases/Web/CP/CP-08 FAILED.
Reason:
java.lang.AssertionError: Not redirected to profile after saving change. Expression: (com.kms.katalon.core.webui.keyword.WebUiBuiltInKeywords.getUrl() == https://demo-app.online/dashboard/profile)
	at CP-08.run(CP-08:53)
	at com.kms.katalon.core.main.ScriptEngine.run(ScriptEngine.java:194)
	at com.kms.katalon.core.main.ScriptEngine.runScriptAsRawText(ScriptEngine.java:119)
	at com.kms.katalon.core.main.TestCaseExecutor.runScript(TestCaseExecutor.java:448)
	at com.kms.katalon.core.main.TestCaseExecutor.doExecute(TestCaseExecutor.java:439)
	at com.kms.katalon.core.main.TestCaseExecutor.processExecutionPhase(TestCaseExecutor.java:418)
	at com.kms.katalon.core.main.TestCaseExecutor.accessMainPhase(TestCaseExecutor.java:410)
	at com.kms.katalon.core.main.TestCaseExecutor.execute(TestCaseExecutor.java:285)
	at com.kms.katalon.core.common.CommonExecutor.accessTestCaseMainPhase(CommonExecutor.java:65)
	at com.kms.katalon.core.main.TestSuiteExecutor.accessTestSuiteMainPhase(TestSuiteExecutor.java:151)
	at com.kms.katalon.core.main.TestSuiteExecutor.execute(TestSuiteExecutor.java:106)
	at com.kms.katalon.core.main.TestCaseMain.startTestSuite(TestCaseMain.java:185)
	at com.kms.katalon.core.main.TestCaseMain$startTestSuite$0.call(Unknown Source)
	at TempTestSuite1680485631021.run(TempTestSuite1680485631021.groovy:36)


2023-04-03 08:37:30 - [MESSAGE][PASSED] - Current window's url is: 'https://demo-app.online/dashboard/profile/update'

2023-04-03 08:37:30 - [MESSAGE][FAILED] - Test Cases/Web/CP/CP-08 FAILED.
Reason:
java.lang.AssertionError: Not redirected to profile after saving change. Expression: (com.kms.katalon.core.webui.keyword.WebUiBuiltInKeywords.getUrl() == https://demo-app.online/dashboard/profile)
	at CP-08.run(CP-08:53)
	at com.kms.katalon.core.main.ScriptEngine.run(ScriptEngine.java:194)
	at com.kms.katalon.core.main.ScriptEngine.runScriptAsRawText(ScriptEngine.java:119)
	at com.kms.katalon.core.main.TestCaseExecutor.runScript(TestCaseExecutor.java:448)
	at com.kms.katalon.core.main.TestCaseExecutor.doExecute(TestCaseExecutor.java:439)
	at com.kms.katalon.core.main.TestCaseExecutor.processExecutionPhase(TestCaseExecutor.java:418)
	at com.kms.katalon.core.main.TestCaseExecutor.accessMainPhase(TestCaseExecutor.java:410)
	at com.kms.katalon.core.main.TestCaseExecutor.execute(TestCaseExecutor.java:285)
	at com.kms.katalon.core.common.CommonExecutor.accessTestCaseMainPhase(CommonExecutor.java:65)
	at com.kms.katalon.core.main.TestSuiteExecutor.accessTestSuiteMainPhase(TestSuiteExecutor.java:151)
	at com.kms.katalon.core.main.TestSuiteExecutor.execute(TestSuiteExecutor.java:106)
	at com.kms.katalon.core.main.TestCaseMain.startTestSuite(TestCaseMain.java:185)
	at com.kms.katalon.core.main.TestCaseMain$startTestSuite$0.call(Unknown Source)
	at TempTestSuite1680485631021.run(TempTestSuite1680485631021.groovy:36)]]></system-out>
         <system-err><![CDATA[2023-04-03 08:37:10 - [TEST_CASE][FAILED] - Test Cases/Web/CP/CP-08: Test Cases/Web/CP/CP-08 FAILED.
Reason:
java.lang.AssertionError: Not redirected to profile after saving change. Expression: (com.kms.katalon.core.webui.keyword.WebUiBuiltInKeywords.getUrl() == https://demo-app.online/dashboard/profile)
	at CP-08.run(CP-08:53)
	at com.kms.katalon.core.main.ScriptEngine.run(ScriptEngine.java:194)
	at com.kms.katalon.core.main.ScriptEngine.runScriptAsRawText(ScriptEngine.java:119)
	at com.kms.katalon.core.main.TestCaseExecutor.runScript(TestCaseExecutor.java:448)
	at com.kms.katalon.core.main.TestCaseExecutor.doExecute(TestCaseExecutor.java:439)
	at com.kms.katalon.core.main.TestCaseExecutor.processExecutionPhase(TestCaseExecutor.java:418)
	at com.kms.katalon.core.main.TestCaseExecutor.accessMainPhase(TestCaseExecutor.java:410)
	at com.kms.katalon.core.main.TestCaseExecutor.execute(TestCaseExecutor.java:285)
	at com.kms.katalon.core.common.CommonExecutor.accessTestCaseMainPhase(CommonExecutor.java:65)
	at com.kms.katalon.core.main.TestSuiteExecutor.accessTestSuiteMainPhase(TestSuiteExecutor.java:151)
	at com.kms.katalon.core.main.TestSuiteExecutor.execute(TestSuiteExecutor.java:106)
	at com.kms.katalon.core.main.TestCaseMain.startTestSuite(TestCaseMain.java:185)
	at com.kms.katalon.core.main.TestCaseMain$startTestSuite$0.call(Unknown Source)
	at TempTestSuite1680485631021.run(TempTestSuite1680485631021.groovy:36)]]></system-err>
      </testcase>
      <testcase name="Test Cases/Web/CP/CP-09" time="60.389" classname="Test Cases/Web/CP/CP-09" status="PASSED">
         <system-out><![CDATA[2023-04-03 08:37:30 - [TEST_CASE][PASSED] - Test Cases/Web/CP/CP-09: Test Cases/Web/CP/CP-09

2023-04-03 08:37:30 - [TEST_STEP][PASSED] - navigateToUrl("https://demo-app.online/dashboard/profile"): Navigate to 'https://demo-app.online/dashboard/profile' successfully

2023-04-03 08:37:30 - [MESSAGE][PASSED] - Navigate to 'https://demo-app.online/dashboard/profile' successfully

2023-04-03 08:37:30 - [TEST_STEP][PASSED] - testData = findTestData("Data Files/Web/ChangeProfile_Name"): null

2023-04-03 08:37:30 - [TEST_STEP][PASSED] - for ([i = 1, i <= testData.getRowNumbers(), (i++)]): null

2023-04-03 08:37:30 - [TEST_STEP][PASSED] - uploadFilePath = "/Include/Resources/": null

2023-04-03 08:37:30 - [TEST_STEP][PASSED] - uploadFileName = "cat01.jpeg": null

2023-04-03 08:37:30 - [TEST_STEP][PASSED] - file = new java.io.File(com.kms.katalon.core.configuration.RunConfiguration.getProjectDir(), (uploadFilePath + uploadFileName)): null

2023-04-03 08:37:30 - [TEST_STEP][PASSED] - inputImage = file.toString(): null

2023-04-03 08:37:30 - [TEST_STEP][PASSED] - inputName = toString().trim(): null

2023-04-03 08:37:30 - [TEST_STEP][PASSED] - inputPhone = "081123456789": null

2023-04-03 08:37:30 - [TEST_STEP][PASSED] - inputBirthday = "01-Jan-2000": null

2023-04-03 08:37:30 - [TEST_STEP][PASSED] - originalNameProfile = getText(findTestObject("WEB/Profile/Profile_text_Name")).trim(): Text of object 'Object Repository/WEB/Profile/Profile_text_Name' is: 'Edited Value'

2023-04-03 08:37:31 - [MESSAGE][PASSED] - Text of object 'Object Repository/WEB/Profile/Profile_text_Name' is: 'Edited Value'

2023-04-03 08:37:31 - [TEST_STEP][PASSED] - click(findTestObject("WEB/Profile/Profile_button_EditProfile")): Object: 'Object Repository/WEB/Profile/Profile_button_EditProfile' is clicked on

2023-04-03 08:37:32 - [MESSAGE][PASSED] - Object: 'Object Repository/WEB/Profile/Profile_button_EditProfile' is clicked on

2023-04-03 08:37:32 - [TEST_STEP][PASSED] - uploadFile(findTestObject("WEB/Change Profile/ChangeProfile_button_uploadButton"), inputImage): File 'C:\Users\rizki\git\CodingID-QA\Include\Resources\cat01.jpeg' sent to object: 'Object Repository/WEB/Change Profile/ChangeProfile_button_uploadButton'

2023-04-03 08:37:32 - [MESSAGE][PASSED] - File 'C:\Users\rizki\git\CodingID-QA\Include\Resources\cat01.jpeg' sent to object: 'Object Repository/WEB/Change Profile/ChangeProfile_button_uploadButton'

2023-04-03 08:37:32 - [TEST_STEP][PASSED] - setText(findTestObject("WEB/Change Profile/ChangeProfile_inputText_Name"), inputName): Text 'Rizki Khaerul' is set on object 'Object Repository/WEB/Change Profile/ChangeProfile_inputText_Name'

2023-04-03 08:37:33 - [MESSAGE][PASSED] - Text 'Rizki Khaerul' is set on object 'Object Repository/WEB/Change Profile/ChangeProfile_inputText_Name'

2023-04-03 08:37:33 - [TEST_STEP][PASSED] - setText(findTestObject("WEB/Change Profile/ChangeProfile_inputText_Phone"), inputPhone): Text '081123456789' is set on object 'Object Repository/WEB/Change Profile/ChangeProfile_inputText_Phone'

2023-04-03 08:37:34 - [MESSAGE][PASSED] - Text '081123456789' is set on object 'Object Repository/WEB/Change Profile/ChangeProfile_inputText_Phone'

2023-04-03 08:37:34 - [TEST_STEP][PASSED] - setText(findTestObject("WEB/Change Profile/ChangeProfile_inputText_BirthDay"), inputBirthday): Text '01-Jan-2000' is set on object 'Object Repository/WEB/Change Profile/ChangeProfile_inputText_BirthDay'

2023-04-03 08:37:35 - [MESSAGE][PASSED] - Text '01-Jan-2000' is set on object 'Object Repository/WEB/Change Profile/ChangeProfile_inputText_BirthDay'

2023-04-03 08:37:35 - [TEST_STEP][PASSED] - nameInputValue = getAttribute(findTestObject("WEB/Change Profile/ChangeProfile_inputText_Name"), "value"): Attribute 'value' of object 'Object Repository/WEB/Change Profile/ChangeProfile_inputText_Name' is: 'Rizki Khaerul'

2023-04-03 08:37:35 - [MESSAGE][PASSED] - Attribute 'value' of object 'Object Repository/WEB/Change Profile/ChangeProfile_inputText_Name' is: 'Rizki Khaerul'

2023-04-03 08:37:35 - [TEST_STEP][PASSED] - click(findTestObject("WEB/Change Profile/ChangeProfile_button_Save")): Object: 'Object Repository/WEB/Change Profile/ChangeProfile_button_Save' is clicked on

2023-04-03 08:37:37 - [MESSAGE][PASSED] - Object: 'Object Repository/WEB/Change Profile/ChangeProfile_button_Save' is clicked on

2023-04-03 08:37:37 - [TEST_STEP][PASSED] - delay(2): Delayed 2 second(s)

2023-04-03 08:37:39 - [MESSAGE][PASSED] - Delayed 2 second(s)

2023-04-03 08:37:39 - [TEST_STEP][PASSED] - profileImage = getAttribute(findTestObject("WEB/Profile/Profile_img_profilePhoto"), "src"): Attribute 'src' of object 'Object Repository/WEB/Profile/Profile_img_profilePhoto' is: 'https://storage.googleapis.com/codingid-storage-bucket/storage/uploads/avatar/1680485856cat01.jpeg'

2023-04-03 08:37:39 - [MESSAGE][PASSED] - Attribute 'src' of object 'Object Repository/WEB/Profile/Profile_img_profilePhoto' is: 'https://storage.googleapis.com/codingid-storage-bucket/storage/uploads/avatar/1680485856cat01.jpeg'

2023-04-03 08:37:39 - [TEST_STEP][PASSED] - decodedProfileImage = URLDecoder.decode(profileImage, "UTF-8"): null

2023-04-03 08:37:39 - [TEST_STEP][PASSED] - nameProfile = getText(findTestObject("WEB/Profile/Profile_text_Name")): Text of object 'Object Repository/WEB/Profile/Profile_text_Name' is: 'Rizki Khaerul'

2023-04-03 08:37:39 - [MESSAGE][PASSED] - Text of object 'Object Repository/WEB/Profile/Profile_text_Name' is: 'Rizki Khaerul'

2023-04-03 08:37:39 - [TEST_STEP][PASSED] - phoneProfile = getText(findTestObject("WEB/Profile/Profile_text_Phone")): Text of object 'Object Repository/WEB/Profile/Profile_text_Phone' is: '081123456789'

2023-04-03 08:37:40 - [MESSAGE][PASSED] - Text of object 'Object Repository/WEB/Profile/Profile_text_Phone' is: '081123456789'

2023-04-03 08:37:40 - [TEST_STEP][PASSED] - birthdayProfile = getText(findTestObject("WEB/Profile/Profile_text_Birthday")): Text of object 'Object Repository/WEB/Profile/Profile_text_Birthday' is: '01-Jan-2000'

2023-04-03 08:37:40 - [MESSAGE][PASSED] - Text of object 'Object Repository/WEB/Profile/Profile_text_Birthday' is: '01-Jan-2000'

2023-04-03 08:37:40 - [TEST_STEP][PASSED] - verifyElementText(findTestObject("Object Repository/WEB/Change Profile/Profile_p_ChangeSuccessNotif"), originalNameProfile + " telah di edit"): Actual text and expected text of test object 'Object Repository/WEB/Change Profile/Profile_p_ChangeSuccessNotif' are matched.

2023-04-03 08:37:40 - [MESSAGE][PASSED] - Actual text and expected text of test object 'Object Repository/WEB/Change Profile/Profile_p_ChangeSuccessNotif' are matched.

2023-04-03 08:37:40 - [TEST_STEP][PASSED] - click(findTestObject("Object Repository/WEB/Change Profile/Profile_button_ChangeSuccessNotif")): Object: 'Object Repository/WEB/Change Profile/Profile_button_ChangeSuccessNotif' is clicked on

2023-04-03 08:37:41 - [MESSAGE][PASSED] - Object: 'Object Repository/WEB/Change Profile/Profile_button_ChangeSuccessNotif' is clicked on

2023-04-03 08:37:41 - [TEST_STEP][PASSED] - assert decodedProfileImage.endsWith(uploadFileName) : "Updated photo does not match the uploaded one": null

2023-04-03 08:37:41 - [TEST_STEP][PASSED] - assert nameProfile == inputName : "Updated Name does not match the inputted one": null

2023-04-03 08:37:41 - [TEST_STEP][PASSED] - assert phoneProfile == inputPhone : "Updated Phone Number does not match the inputted one": null

2023-04-03 08:37:41 - [TEST_STEP][PASSED] - assert birthdayProfile == inputBirthday : "Updated Birthday does not match the inputted one": null

2023-04-03 08:37:41 - [TEST_STEP][PASSED] - uploadFilePath = "/Include/Resources/": null

2023-04-03 08:37:41 - [TEST_STEP][PASSED] - uploadFileName = "cat01.jpeg": null

2023-04-03 08:37:41 - [TEST_STEP][PASSED] - file = new java.io.File(com.kms.katalon.core.configuration.RunConfiguration.getProjectDir(), (uploadFilePath + uploadFileName)): null

2023-04-03 08:37:41 - [TEST_STEP][PASSED] - inputImage = file.toString(): null

2023-04-03 08:37:41 - [TEST_STEP][PASSED] - inputName = toString().trim(): null

2023-04-03 08:37:41 - [TEST_STEP][PASSED] - inputPhone = "081123456789": null

2023-04-03 08:37:41 - [TEST_STEP][PASSED] - inputBirthday = "01-Jan-2000": null

2023-04-03 08:37:41 - [TEST_STEP][PASSED] - originalNameProfile = getText(findTestObject("WEB/Profile/Profile_text_Name")).trim(): Text of object 'Object Repository/WEB/Profile/Profile_text_Name' is: 'Rizki Khaerul'

2023-04-03 08:37:41 - [MESSAGE][PASSED] - Text of object 'Object Repository/WEB/Profile/Profile_text_Name' is: 'Rizki Khaerul'

2023-04-03 08:37:41 - [TEST_STEP][PASSED] - click(findTestObject("WEB/Profile/Profile_button_EditProfile")): Object: 'Object Repository/WEB/Profile/Profile_button_EditProfile' is clicked on

2023-04-03 08:37:42 - [MESSAGE][PASSED] - Object: 'Object Repository/WEB/Profile/Profile_button_EditProfile' is clicked on

2023-04-03 08:37:42 - [TEST_STEP][PASSED] - uploadFile(findTestObject("WEB/Change Profile/ChangeProfile_button_uploadButton"), inputImage): File 'C:\Users\rizki\git\CodingID-QA\Include\Resources\cat01.jpeg' sent to object: 'Object Repository/WEB/Change Profile/ChangeProfile_button_uploadButton'

2023-04-03 08:37:42 - [MESSAGE][PASSED] - File 'C:\Users\rizki\git\CodingID-QA\Include\Resources\cat01.jpeg' sent to object: 'Object Repository/WEB/Change Profile/ChangeProfile_button_uploadButton'

2023-04-03 08:37:42 - [TEST_STEP][PASSED] - setText(findTestObject("WEB/Change Profile/ChangeProfile_inputText_Name"), inputName): Text 'Khaerul Rizki' is set on object 'Object Repository/WEB/Change Profile/ChangeProfile_inputText_Name'

2023-04-03 08:37:43 - [MESSAGE][PASSED] - Text 'Khaerul Rizki' is set on object 'Object Repository/WEB/Change Profile/ChangeProfile_inputText_Name'

2023-04-03 08:37:43 - [TEST_STEP][PASSED] - setText(findTestObject("WEB/Change Profile/ChangeProfile_inputText_Phone"), inputPhone): Text '081123456789' is set on object 'Object Repository/WEB/Change Profile/ChangeProfile_inputText_Phone'

2023-04-03 08:37:44 - [MESSAGE][PASSED] - Text '081123456789' is set on object 'Object Repository/WEB/Change Profile/ChangeProfile_inputText_Phone'

2023-04-03 08:37:44 - [TEST_STEP][PASSED] - setText(findTestObject("WEB/Change Profile/ChangeProfile_inputText_BirthDay"), inputBirthday): Text '01-Jan-2000' is set on object 'Object Repository/WEB/Change Profile/ChangeProfile_inputText_BirthDay'

2023-04-03 08:37:45 - [MESSAGE][PASSED] - Text '01-Jan-2000' is set on object 'Object Repository/WEB/Change Profile/ChangeProfile_inputText_BirthDay'

2023-04-03 08:37:45 - [TEST_STEP][PASSED] - nameInputValue = getAttribute(findTestObject("WEB/Change Profile/ChangeProfile_inputText_Name"), "value"): Attribute 'value' of object 'Object Repository/WEB/Change Profile/ChangeProfile_inputText_Name' is: 'Khaerul Rizki'

2023-04-03 08:37:45 - [MESSAGE][PASSED] - Attribute 'value' of object 'Object Repository/WEB/Change Profile/ChangeProfile_inputText_Name' is: 'Khaerul Rizki'

2023-04-03 08:37:45 - [TEST_STEP][PASSED] - click(findTestObject("WEB/Change Profile/ChangeProfile_button_Save")): Object: 'Object Repository/WEB/Change Profile/ChangeProfile_button_Save' is clicked on

2023-04-03 08:37:46 - [MESSAGE][PASSED] - Object: 'Object Repository/WEB/Change Profile/ChangeProfile_button_Save' is clicked on

2023-04-03 08:37:46 - [TEST_STEP][PASSED] - delay(2): Delayed 2 second(s)

2023-04-03 08:37:48 - [MESSAGE][PASSED] - Delayed 2 second(s)

2023-04-03 08:37:48 - [TEST_STEP][PASSED] - profileImage = getAttribute(findTestObject("WEB/Profile/Profile_img_profilePhoto"), "src"): Attribute 'src' of object 'Object Repository/WEB/Profile/Profile_img_profilePhoto' is: 'https://storage.googleapis.com/codingid-storage-bucket/storage/uploads/avatar/1680485866cat01.jpeg'

2023-04-03 08:37:49 - [MESSAGE][PASSED] - Attribute 'src' of object 'Object Repository/WEB/Profile/Profile_img_profilePhoto' is: 'https://storage.googleapis.com/codingid-storage-bucket/storage/uploads/avatar/1680485866cat01.jpeg'

2023-04-03 08:37:49 - [TEST_STEP][PASSED] - decodedProfileImage = URLDecoder.decode(profileImage, "UTF-8"): null

2023-04-03 08:37:49 - [TEST_STEP][PASSED] - nameProfile = getText(findTestObject("WEB/Profile/Profile_text_Name")): Text of object 'Object Repository/WEB/Profile/Profile_text_Name' is: 'Khaerul Rizki'

2023-04-03 08:37:49 - [MESSAGE][PASSED] - Text of object 'Object Repository/WEB/Profile/Profile_text_Name' is: 'Khaerul Rizki'

2023-04-03 08:37:49 - [TEST_STEP][PASSED] - phoneProfile = getText(findTestObject("WEB/Profile/Profile_text_Phone")): Text of object 'Object Repository/WEB/Profile/Profile_text_Phone' is: '081123456789'

2023-04-03 08:37:49 - [MESSAGE][PASSED] - Text of object 'Object Repository/WEB/Profile/Profile_text_Phone' is: '081123456789'

2023-04-03 08:37:49 - [TEST_STEP][PASSED] - birthdayProfile = getText(findTestObject("WEB/Profile/Profile_text_Birthday")): Text of object 'Object Repository/WEB/Profile/Profile_text_Birthday' is: '01-Jan-2000'

2023-04-03 08:37:50 - [MESSAGE][PASSED] - Text of object 'Object Repository/WEB/Profile/Profile_text_Birthday' is: '01-Jan-2000'

2023-04-03 08:37:50 - [TEST_STEP][PASSED] - verifyElementText(findTestObject("Object Repository/WEB/Change Profile/Profile_p_ChangeSuccessNotif"), originalNameProfile + " telah di edit"): Actual text and expected text of test object 'Object Repository/WEB/Change Profile/Profile_p_ChangeSuccessNotif' are matched.

2023-04-03 08:37:50 - [MESSAGE][PASSED] - Actual text and expected text of test object 'Object Repository/WEB/Change Profile/Profile_p_ChangeSuccessNotif' are matched.

2023-04-03 08:37:50 - [TEST_STEP][PASSED] - click(findTestObject("Object Repository/WEB/Change Profile/Profile_button_ChangeSuccessNotif")): Object: 'Object Repository/WEB/Change Profile/Profile_button_ChangeSuccessNotif' is clicked on

2023-04-03 08:37:50 - [MESSAGE][PASSED] - Object: 'Object Repository/WEB/Change Profile/Profile_button_ChangeSuccessNotif' is clicked on

2023-04-03 08:37:50 - [TEST_STEP][PASSED] - assert decodedProfileImage.endsWith(uploadFileName) : "Updated photo does not match the uploaded one": null

2023-04-03 08:37:50 - [TEST_STEP][PASSED] - assert nameProfile == inputName : "Updated Name does not match the inputted one": null

2023-04-03 08:37:50 - [TEST_STEP][PASSED] - assert phoneProfile == inputPhone : "Updated Phone Number does not match the inputted one": null

2023-04-03 08:37:50 - [TEST_STEP][PASSED] - assert birthdayProfile == inputBirthday : "Updated Birthday does not match the inputted one": null

2023-04-03 08:37:50 - [TEST_STEP][PASSED] - uploadFilePath = "/Include/Resources/": null

2023-04-03 08:37:50 - [TEST_STEP][PASSED] - uploadFileName = "cat01.jpeg": null

2023-04-03 08:37:50 - [TEST_STEP][PASSED] - file = new java.io.File(com.kms.katalon.core.configuration.RunConfiguration.getProjectDir(), (uploadFilePath + uploadFileName)): null

2023-04-03 08:37:50 - [TEST_STEP][PASSED] - inputImage = file.toString(): null

2023-04-03 08:37:50 - [TEST_STEP][PASSED] - inputName = toString().trim(): null

2023-04-03 08:37:50 - [TEST_STEP][PASSED] - inputPhone = "081123456789": null

2023-04-03 08:37:50 - [TEST_STEP][PASSED] - inputBirthday = "01-Jan-2000": null

2023-04-03 08:37:50 - [TEST_STEP][PASSED] - originalNameProfile = getText(findTestObject("WEB/Profile/Profile_text_Name")).trim(): Text of object 'Object Repository/WEB/Profile/Profile_text_Name' is: 'Khaerul Rizki'

2023-04-03 08:37:51 - [MESSAGE][PASSED] - Text of object 'Object Repository/WEB/Profile/Profile_text_Name' is: 'Khaerul Rizki'

2023-04-03 08:37:51 - [TEST_STEP][PASSED] - click(findTestObject("WEB/Profile/Profile_button_EditProfile")): Object: 'Object Repository/WEB/Profile/Profile_button_EditProfile' is clicked on

2023-04-03 08:37:51 - [MESSAGE][PASSED] - Object: 'Object Repository/WEB/Profile/Profile_button_EditProfile' is clicked on

2023-04-03 08:37:51 - [TEST_STEP][PASSED] - uploadFile(findTestObject("WEB/Change Profile/ChangeProfile_button_uploadButton"), inputImage): File 'C:\Users\rizki\git\CodingID-QA\Include\Resources\cat01.jpeg' sent to object: 'Object Repository/WEB/Change Profile/ChangeProfile_button_uploadButton'

2023-04-03 08:37:52 - [MESSAGE][PASSED] - File 'C:\Users\rizki\git\CodingID-QA\Include\Resources\cat01.jpeg' sent to object: 'Object Repository/WEB/Change Profile/ChangeProfile_button_uploadButton'

2023-04-03 08:37:52 - [TEST_STEP][PASSED] - setText(findTestObject("WEB/Change Profile/ChangeProfile_inputText_Name"), inputName): Text 'Nama Valid' is set on object 'Object Repository/WEB/Change Profile/ChangeProfile_inputText_Name'

2023-04-03 08:37:53 - [MESSAGE][PASSED] - Text 'Nama Valid' is set on object 'Object Repository/WEB/Change Profile/ChangeProfile_inputText_Name'

2023-04-03 08:37:53 - [TEST_STEP][PASSED] - setText(findTestObject("WEB/Change Profile/ChangeProfile_inputText_Phone"), inputPhone): Text '081123456789' is set on object 'Object Repository/WEB/Change Profile/ChangeProfile_inputText_Phone'

2023-04-03 08:37:53 - [MESSAGE][PASSED] - Text '081123456789' is set on object 'Object Repository/WEB/Change Profile/ChangeProfile_inputText_Phone'

2023-04-03 08:37:53 - [TEST_STEP][PASSED] - setText(findTestObject("WEB/Change Profile/ChangeProfile_inputText_BirthDay"), inputBirthday): Text '01-Jan-2000' is set on object 'Object Repository/WEB/Change Profile/ChangeProfile_inputText_BirthDay'

2023-04-03 08:37:54 - [MESSAGE][PASSED] - Text '01-Jan-2000' is set on object 'Object Repository/WEB/Change Profile/ChangeProfile_inputText_BirthDay'

2023-04-03 08:37:54 - [TEST_STEP][PASSED] - nameInputValue = getAttribute(findTestObject("WEB/Change Profile/ChangeProfile_inputText_Name"), "value"): Attribute 'value' of object 'Object Repository/WEB/Change Profile/ChangeProfile_inputText_Name' is: 'Nama Valid'

2023-04-03 08:37:55 - [MESSAGE][PASSED] - Attribute 'value' of object 'Object Repository/WEB/Change Profile/ChangeProfile_inputText_Name' is: 'Nama Valid'

2023-04-03 08:37:55 - [TEST_STEP][PASSED] - click(findTestObject("WEB/Change Profile/ChangeProfile_button_Save")): Object: 'Object Repository/WEB/Change Profile/ChangeProfile_button_Save' is clicked on

2023-04-03 08:37:56 - [MESSAGE][PASSED] - Object: 'Object Repository/WEB/Change Profile/ChangeProfile_button_Save' is clicked on

2023-04-03 08:37:56 - [TEST_STEP][PASSED] - delay(2): Delayed 2 second(s)

2023-04-03 08:37:58 - [MESSAGE][PASSED] - Delayed 2 second(s)

2023-04-03 08:37:58 - [TEST_STEP][PASSED] - profileImage = getAttribute(findTestObject("WEB/Profile/Profile_img_profilePhoto"), "src"): Attribute 'src' of object 'Object Repository/WEB/Profile/Profile_img_profilePhoto' is: 'https://storage.googleapis.com/codingid-storage-bucket/storage/uploads/avatar/1680485875cat01.jpeg'

2023-04-03 08:37:59 - [MESSAGE][PASSED] - Attribute 'src' of object 'Object Repository/WEB/Profile/Profile_img_profilePhoto' is: 'https://storage.googleapis.com/codingid-storage-bucket/storage/uploads/avatar/1680485875cat01.jpeg'

2023-04-03 08:37:59 - [TEST_STEP][PASSED] - decodedProfileImage = URLDecoder.decode(profileImage, "UTF-8"): null

2023-04-03 08:37:59 - [TEST_STEP][PASSED] - nameProfile = getText(findTestObject("WEB/Profile/Profile_text_Name")): Text of object 'Object Repository/WEB/Profile/Profile_text_Name' is: 'Nama Valid'

2023-04-03 08:37:59 - [MESSAGE][PASSED] - Text of object 'Object Repository/WEB/Profile/Profile_text_Name' is: 'Nama Valid'

2023-04-03 08:37:59 - [TEST_STEP][PASSED] - phoneProfile = getText(findTestObject("WEB/Profile/Profile_text_Phone")): Text of object 'Object Repository/WEB/Profile/Profile_text_Phone' is: '081123456789'

2023-04-03 08:37:59 - [MESSAGE][PASSED] - Text of object 'Object Repository/WEB/Profile/Profile_text_Phone' is: '081123456789'

2023-04-03 08:37:59 - [TEST_STEP][PASSED] - birthdayProfile = getText(findTestObject("WEB/Profile/Profile_text_Birthday")): Text of object 'Object Repository/WEB/Profile/Profile_text_Birthday' is: '01-Jan-2000'

2023-04-03 08:37:59 - [MESSAGE][PASSED] - Text of object 'Object Repository/WEB/Profile/Profile_text_Birthday' is: '01-Jan-2000'

2023-04-03 08:37:59 - [TEST_STEP][PASSED] - verifyElementText(findTestObject("Object Repository/WEB/Change Profile/Profile_p_ChangeSuccessNotif"), originalNameProfile + " telah di edit"): Actual text and expected text of test object 'Object Repository/WEB/Change Profile/Profile_p_ChangeSuccessNotif' are matched.

2023-04-03 08:38:00 - [MESSAGE][PASSED] - Actual text and expected text of test object 'Object Repository/WEB/Change Profile/Profile_p_ChangeSuccessNotif' are matched.

2023-04-03 08:38:00 - [TEST_STEP][PASSED] - click(findTestObject("Object Repository/WEB/Change Profile/Profile_button_ChangeSuccessNotif")): Object: 'Object Repository/WEB/Change Profile/Profile_button_ChangeSuccessNotif' is clicked on

2023-04-03 08:38:00 - [MESSAGE][PASSED] - Object: 'Object Repository/WEB/Change Profile/Profile_button_ChangeSuccessNotif' is clicked on

2023-04-03 08:38:00 - [TEST_STEP][PASSED] - assert decodedProfileImage.endsWith(uploadFileName) : "Updated photo does not match the uploaded one": null

2023-04-03 08:38:00 - [TEST_STEP][PASSED] - assert nameProfile == inputName : "Updated Name does not match the inputted one": null

2023-04-03 08:38:00 - [TEST_STEP][PASSED] - assert phoneProfile == inputPhone : "Updated Phone Number does not match the inputted one": null

2023-04-03 08:38:00 - [TEST_STEP][PASSED] - assert birthdayProfile == inputBirthday : "Updated Birthday does not match the inputted one": null

2023-04-03 08:38:00 - [TEST_STEP][PASSED] - uploadFilePath = "/Include/Resources/": null

2023-04-03 08:38:00 - [TEST_STEP][PASSED] - uploadFileName = "cat01.jpeg": null

2023-04-03 08:38:00 - [TEST_STEP][PASSED] - file = new java.io.File(com.kms.katalon.core.configuration.RunConfiguration.getProjectDir(), (uploadFilePath + uploadFileName)): null

2023-04-03 08:38:00 - [TEST_STEP][PASSED] - inputImage = file.toString(): null

2023-04-03 08:38:00 - [TEST_STEP][PASSED] - inputName = toString().trim(): null

2023-04-03 08:38:00 - [TEST_STEP][PASSED] - inputPhone = "081123456789": null

2023-04-03 08:38:00 - [TEST_STEP][PASSED] - inputBirthday = "01-Jan-2000": null

2023-04-03 08:38:00 - [TEST_STEP][PASSED] - originalNameProfile = getText(findTestObject("WEB/Profile/Profile_text_Name")).trim(): Text of object 'Object Repository/WEB/Profile/Profile_text_Name' is: 'Nama Valid'

2023-04-03 08:38:00 - [MESSAGE][PASSED] - Text of object 'Object Repository/WEB/Profile/Profile_text_Name' is: 'Nama Valid'

2023-04-03 08:38:00 - [TEST_STEP][PASSED] - click(findTestObject("WEB/Profile/Profile_button_EditProfile")): Object: 'Object Repository/WEB/Profile/Profile_button_EditProfile' is clicked on

2023-04-03 08:38:01 - [MESSAGE][PASSED] - Object: 'Object Repository/WEB/Profile/Profile_button_EditProfile' is clicked on

2023-04-03 08:38:01 - [TEST_STEP][PASSED] - uploadFile(findTestObject("WEB/Change Profile/ChangeProfile_button_uploadButton"), inputImage): File 'C:\Users\rizki\git\CodingID-QA\Include\Resources\cat01.jpeg' sent to object: 'Object Repository/WEB/Change Profile/ChangeProfile_button_uploadButton'

2023-04-03 08:38:02 - [MESSAGE][PASSED] - File 'C:\Users\rizki\git\CodingID-QA\Include\Resources\cat01.jpeg' sent to object: 'Object Repository/WEB/Change Profile/ChangeProfile_button_uploadButton'

2023-04-03 08:38:02 - [TEST_STEP][PASSED] - setText(findTestObject("WEB/Change Profile/ChangeProfile_inputText_Name"), inputName): Text 'Valid Name' is set on object 'Object Repository/WEB/Change Profile/ChangeProfile_inputText_Name'

2023-04-03 08:38:03 - [MESSAGE][PASSED] - Text 'Valid Name' is set on object 'Object Repository/WEB/Change Profile/ChangeProfile_inputText_Name'

2023-04-03 08:38:03 - [TEST_STEP][PASSED] - setText(findTestObject("WEB/Change Profile/ChangeProfile_inputText_Phone"), inputPhone): Text '081123456789' is set on object 'Object Repository/WEB/Change Profile/ChangeProfile_inputText_Phone'

2023-04-03 08:38:03 - [MESSAGE][PASSED] - Text '081123456789' is set on object 'Object Repository/WEB/Change Profile/ChangeProfile_inputText_Phone'

2023-04-03 08:38:03 - [TEST_STEP][PASSED] - setText(findTestObject("WEB/Change Profile/ChangeProfile_inputText_BirthDay"), inputBirthday): Text '01-Jan-2000' is set on object 'Object Repository/WEB/Change Profile/ChangeProfile_inputText_BirthDay'

2023-04-03 08:38:04 - [MESSAGE][PASSED] - Text '01-Jan-2000' is set on object 'Object Repository/WEB/Change Profile/ChangeProfile_inputText_BirthDay'

2023-04-03 08:38:04 - [TEST_STEP][PASSED] - nameInputValue = getAttribute(findTestObject("WEB/Change Profile/ChangeProfile_inputText_Name"), "value"): Attribute 'value' of object 'Object Repository/WEB/Change Profile/ChangeProfile_inputText_Name' is: 'Valid Name'

2023-04-03 08:38:05 - [MESSAGE][PASSED] - Attribute 'value' of object 'Object Repository/WEB/Change Profile/ChangeProfile_inputText_Name' is: 'Valid Name'

2023-04-03 08:38:05 - [TEST_STEP][PASSED] - click(findTestObject("WEB/Change Profile/ChangeProfile_button_Save")): Object: 'Object Repository/WEB/Change Profile/ChangeProfile_button_Save' is clicked on

2023-04-03 08:38:07 - [MESSAGE][PASSED] - Object: 'Object Repository/WEB/Change Profile/ChangeProfile_button_Save' is clicked on

2023-04-03 08:38:07 - [TEST_STEP][PASSED] - delay(2): Delayed 2 second(s)

2023-04-03 08:38:09 - [MESSAGE][PASSED] - Delayed 2 second(s)

2023-04-03 08:38:09 - [TEST_STEP][PASSED] - profileImage = getAttribute(findTestObject("WEB/Profile/Profile_img_profilePhoto"), "src"): Attribute 'src' of object 'Object Repository/WEB/Profile/Profile_img_profilePhoto' is: 'https://storage.googleapis.com/codingid-storage-bucket/storage/uploads/avatar/1680485885cat01.jpeg'

2023-04-03 08:38:09 - [MESSAGE][PASSED] - Attribute 'src' of object 'Object Repository/WEB/Profile/Profile_img_profilePhoto' is: 'https://storage.googleapis.com/codingid-storage-bucket/storage/uploads/avatar/1680485885cat01.jpeg'

2023-04-03 08:38:09 - [TEST_STEP][PASSED] - decodedProfileImage = URLDecoder.decode(profileImage, "UTF-8"): null

2023-04-03 08:38:09 - [TEST_STEP][PASSED] - nameProfile = getText(findTestObject("WEB/Profile/Profile_text_Name")): Text of object 'Object Repository/WEB/Profile/Profile_text_Name' is: 'Valid Name'

2023-04-03 08:38:09 - [MESSAGE][PASSED] - Text of object 'Object Repository/WEB/Profile/Profile_text_Name' is: 'Valid Name'

2023-04-03 08:38:09 - [TEST_STEP][PASSED] - phoneProfile = getText(findTestObject("WEB/Profile/Profile_text_Phone")): Text of object 'Object Repository/WEB/Profile/Profile_text_Phone' is: '081123456789'

2023-04-03 08:38:10 - [MESSAGE][PASSED] - Text of object 'Object Repository/WEB/Profile/Profile_text_Phone' is: '081123456789'

2023-04-03 08:38:10 - [TEST_STEP][PASSED] - birthdayProfile = getText(findTestObject("WEB/Profile/Profile_text_Birthday")): Text of object 'Object Repository/WEB/Profile/Profile_text_Birthday' is: '01-Jan-2000'

2023-04-03 08:38:10 - [MESSAGE][PASSED] - Text of object 'Object Repository/WEB/Profile/Profile_text_Birthday' is: '01-Jan-2000'

2023-04-03 08:38:10 - [TEST_STEP][PASSED] - verifyElementText(findTestObject("Object Repository/WEB/Change Profile/Profile_p_ChangeSuccessNotif"), originalNameProfile + " telah di edit"): Actual text and expected text of test object 'Object Repository/WEB/Change Profile/Profile_p_ChangeSuccessNotif' are matched.

2023-04-03 08:38:10 - [MESSAGE][PASSED] - Actual text and expected text of test object 'Object Repository/WEB/Change Profile/Profile_p_ChangeSuccessNotif' are matched.

2023-04-03 08:38:10 - [TEST_STEP][PASSED] - click(findTestObject("Object Repository/WEB/Change Profile/Profile_button_ChangeSuccessNotif")): Object: 'Object Repository/WEB/Change Profile/Profile_button_ChangeSuccessNotif' is clicked on

2023-04-03 08:38:11 - [MESSAGE][PASSED] - Object: 'Object Repository/WEB/Change Profile/Profile_button_ChangeSuccessNotif' is clicked on

2023-04-03 08:38:11 - [TEST_STEP][PASSED] - assert decodedProfileImage.endsWith(uploadFileName) : "Updated photo does not match the uploaded one": null

2023-04-03 08:38:11 - [TEST_STEP][PASSED] - assert nameProfile == inputName : "Updated Name does not match the inputted one": null

2023-04-03 08:38:11 - [TEST_STEP][PASSED] - assert phoneProfile == inputPhone : "Updated Phone Number does not match the inputted one": null

2023-04-03 08:38:11 - [TEST_STEP][PASSED] - assert birthdayProfile == inputBirthday : "Updated Birthday does not match the inputted one": null

2023-04-03 08:38:11 - [TEST_STEP][PASSED] - uploadFilePath = "/Include/Resources/": null

2023-04-03 08:38:11 - [TEST_STEP][PASSED] - uploadFileName = "cat01.jpeg": null

2023-04-03 08:38:11 - [TEST_STEP][PASSED] - file = new java.io.File(com.kms.katalon.core.configuration.RunConfiguration.getProjectDir(), (uploadFilePath + uploadFileName)): null

2023-04-03 08:38:11 - [TEST_STEP][PASSED] - inputImage = file.toString(): null

2023-04-03 08:38:11 - [TEST_STEP][PASSED] - inputName = toString().trim(): null

2023-04-03 08:38:11 - [TEST_STEP][PASSED] - inputPhone = "081123456789": null

2023-04-03 08:38:11 - [TEST_STEP][PASSED] - inputBirthday = "01-Jan-2000": null

2023-04-03 08:38:11 - [TEST_STEP][PASSED] - originalNameProfile = getText(findTestObject("WEB/Profile/Profile_text_Name")).trim(): Text of object 'Object Repository/WEB/Profile/Profile_text_Name' is: 'Valid Name'

2023-04-03 08:38:11 - [MESSAGE][PASSED] - Text of object 'Object Repository/WEB/Profile/Profile_text_Name' is: 'Valid Name'

2023-04-03 08:38:11 - [TEST_STEP][PASSED] - click(findTestObject("WEB/Profile/Profile_button_EditProfile")): Object: 'Object Repository/WEB/Profile/Profile_button_EditProfile' is clicked on

2023-04-03 08:38:11 - [MESSAGE][PASSED] - Object: 'Object Repository/WEB/Profile/Profile_button_EditProfile' is clicked on

2023-04-03 08:38:11 - [TEST_STEP][PASSED] - uploadFile(findTestObject("WEB/Change Profile/ChangeProfile_button_uploadButton"), inputImage): File 'C:\Users\rizki\git\CodingID-QA\Include\Resources\cat01.jpeg' sent to object: 'Object Repository/WEB/Change Profile/ChangeProfile_button_uploadButton'

2023-04-03 08:38:12 - [MESSAGE][PASSED] - File 'C:\Users\rizki\git\CodingID-QA\Include\Resources\cat01.jpeg' sent to object: 'Object Repository/WEB/Change Profile/ChangeProfile_button_uploadButton'

2023-04-03 08:38:12 - [TEST_STEP][PASSED] - setText(findTestObject("WEB/Change Profile/ChangeProfile_inputText_Name"), inputName): Text 'Test Name' is set on object 'Object Repository/WEB/Change Profile/ChangeProfile_inputText_Name'

2023-04-03 08:38:13 - [MESSAGE][PASSED] - Text 'Test Name' is set on object 'Object Repository/WEB/Change Profile/ChangeProfile_inputText_Name'

2023-04-03 08:38:13 - [TEST_STEP][PASSED] - setText(findTestObject("WEB/Change Profile/ChangeProfile_inputText_Phone"), inputPhone): Text '081123456789' is set on object 'Object Repository/WEB/Change Profile/ChangeProfile_inputText_Phone'

2023-04-03 08:38:14 - [MESSAGE][PASSED] - Text '081123456789' is set on object 'Object Repository/WEB/Change Profile/ChangeProfile_inputText_Phone'

2023-04-03 08:38:14 - [TEST_STEP][PASSED] - setText(findTestObject("WEB/Change Profile/ChangeProfile_inputText_BirthDay"), inputBirthday): Text '01-Jan-2000' is set on object 'Object Repository/WEB/Change Profile/ChangeProfile_inputText_BirthDay'

2023-04-03 08:38:15 - [MESSAGE][PASSED] - Text '01-Jan-2000' is set on object 'Object Repository/WEB/Change Profile/ChangeProfile_inputText_BirthDay'

2023-04-03 08:38:15 - [TEST_STEP][PASSED] - nameInputValue = getAttribute(findTestObject("WEB/Change Profile/ChangeProfile_inputText_Name"), "value"): Attribute 'value' of object 'Object Repository/WEB/Change Profile/ChangeProfile_inputText_Name' is: 'Test Name'

2023-04-03 08:38:15 - [MESSAGE][PASSED] - Attribute 'value' of object 'Object Repository/WEB/Change Profile/ChangeProfile_inputText_Name' is: 'Test Name'

2023-04-03 08:38:15 - [TEST_STEP][PASSED] - click(findTestObject("WEB/Change Profile/ChangeProfile_button_Save")): Object: 'Object Repository/WEB/Change Profile/ChangeProfile_button_Save' is clicked on

2023-04-03 08:38:16 - [MESSAGE][PASSED] - Object: 'Object Repository/WEB/Change Profile/ChangeProfile_button_Save' is clicked on

2023-04-03 08:38:16 - [TEST_STEP][PASSED] - delay(2): Delayed 2 second(s)

2023-04-03 08:38:18 - [MESSAGE][PASSED] - Delayed 2 second(s)

2023-04-03 08:38:18 - [TEST_STEP][PASSED] - profileImage = getAttribute(findTestObject("WEB/Profile/Profile_img_profilePhoto"), "src"): Attribute 'src' of object 'Object Repository/WEB/Profile/Profile_img_profilePhoto' is: 'https://storage.googleapis.com/codingid-storage-bucket/storage/uploads/avatar/1680485895cat01.jpeg'

2023-04-03 08:38:19 - [MESSAGE][PASSED] - Attribute 'src' of object 'Object Repository/WEB/Profile/Profile_img_profilePhoto' is: 'https://storage.googleapis.com/codingid-storage-bucket/storage/uploads/avatar/1680485895cat01.jpeg'

2023-04-03 08:38:19 - [TEST_STEP][PASSED] - decodedProfileImage = URLDecoder.decode(profileImage, "UTF-8"): null

2023-04-03 08:38:19 - [TEST_STEP][PASSED] - nameProfile = getText(findTestObject("WEB/Profile/Profile_text_Name")): Text of object 'Object Repository/WEB/Profile/Profile_text_Name' is: 'Test Name'

2023-04-03 08:38:19 - [MESSAGE][PASSED] - Text of object 'Object Repository/WEB/Profile/Profile_text_Name' is: 'Test Name'

2023-04-03 08:38:19 - [TEST_STEP][PASSED] - phoneProfile = getText(findTestObject("WEB/Profile/Profile_text_Phone")): Text of object 'Object Repository/WEB/Profile/Profile_text_Phone' is: '081123456789'

2023-04-03 08:38:19 - [MESSAGE][PASSED] - Text of object 'Object Repository/WEB/Profile/Profile_text_Phone' is: '081123456789'

2023-04-03 08:38:19 - [TEST_STEP][PASSED] - birthdayProfile = getText(findTestObject("WEB/Profile/Profile_text_Birthday")): Text of object 'Object Repository/WEB/Profile/Profile_text_Birthday' is: '01-Jan-2000'

2023-04-03 08:38:20 - [MESSAGE][PASSED] - Text of object 'Object Repository/WEB/Profile/Profile_text_Birthday' is: '01-Jan-2000'

2023-04-03 08:38:20 - [TEST_STEP][PASSED] - verifyElementText(findTestObject("Object Repository/WEB/Change Profile/Profile_p_ChangeSuccessNotif"), originalNameProfile + " telah di edit"): Actual text and expected text of test object 'Object Repository/WEB/Change Profile/Profile_p_ChangeSuccessNotif' are matched.

2023-04-03 08:38:20 - [MESSAGE][PASSED] - Actual text and expected text of test object 'Object Repository/WEB/Change Profile/Profile_p_ChangeSuccessNotif' are matched.

2023-04-03 08:38:20 - [TEST_STEP][PASSED] - click(findTestObject("Object Repository/WEB/Change Profile/Profile_button_ChangeSuccessNotif")): Object: 'Object Repository/WEB/Change Profile/Profile_button_ChangeSuccessNotif' is clicked on

2023-04-03 08:38:20 - [MESSAGE][PASSED] - Object: 'Object Repository/WEB/Change Profile/Profile_button_ChangeSuccessNotif' is clicked on

2023-04-03 08:38:20 - [TEST_STEP][PASSED] - assert decodedProfileImage.endsWith(uploadFileName) : "Updated photo does not match the uploaded one": null

2023-04-03 08:38:20 - [TEST_STEP][PASSED] - assert nameProfile == inputName : "Updated Name does not match the inputted one": null

2023-04-03 08:38:20 - [TEST_STEP][PASSED] - assert phoneProfile == inputPhone : "Updated Phone Number does not match the inputted one": null

2023-04-03 08:38:20 - [TEST_STEP][PASSED] - assert birthdayProfile == inputBirthday : "Updated Birthday does not match the inputted one": null

2023-04-03 08:38:20 - [TEST_STEP][PASSED] - uploadFilePath = "/Include/Resources/": null

2023-04-03 08:38:20 - [TEST_STEP][PASSED] - uploadFileName = "cat01.jpeg": null

2023-04-03 08:38:20 - [TEST_STEP][PASSED] - file = new java.io.File(com.kms.katalon.core.configuration.RunConfiguration.getProjectDir(), (uploadFilePath + uploadFileName)): null

2023-04-03 08:38:20 - [TEST_STEP][PASSED] - inputImage = file.toString(): null

2023-04-03 08:38:20 - [TEST_STEP][PASSED] - inputName = toString().trim(): null

2023-04-03 08:38:20 - [TEST_STEP][PASSED] - inputPhone = "081123456789": null

2023-04-03 08:38:20 - [TEST_STEP][PASSED] - inputBirthday = "01-Jan-2000": null

2023-04-03 08:38:20 - [TEST_STEP][PASSED] - originalNameProfile = getText(findTestObject("WEB/Profile/Profile_text_Name")).trim(): Text of object 'Object Repository/WEB/Profile/Profile_text_Name' is: 'Test Name'

2023-04-03 08:38:20 - [MESSAGE][PASSED] - Text of object 'Object Repository/WEB/Profile/Profile_text_Name' is: 'Test Name'

2023-04-03 08:38:20 - [TEST_STEP][PASSED] - click(findTestObject("WEB/Profile/Profile_button_EditProfile")): Object: 'Object Repository/WEB/Profile/Profile_button_EditProfile' is clicked on

2023-04-03 08:38:21 - [MESSAGE][PASSED] - Object: 'Object Repository/WEB/Profile/Profile_button_EditProfile' is clicked on

2023-04-03 08:38:21 - [TEST_STEP][PASSED] - uploadFile(findTestObject("WEB/Change Profile/ChangeProfile_button_uploadButton"), inputImage): File 'C:\Users\rizki\git\CodingID-QA\Include\Resources\cat01.jpeg' sent to object: 'Object Repository/WEB/Change Profile/ChangeProfile_button_uploadButton'

2023-04-03 08:38:22 - [MESSAGE][PASSED] - File 'C:\Users\rizki\git\CodingID-QA\Include\Resources\cat01.jpeg' sent to object: 'Object Repository/WEB/Change Profile/ChangeProfile_button_uploadButton'

2023-04-03 08:38:22 - [TEST_STEP][PASSED] - setText(findTestObject("WEB/Change Profile/ChangeProfile_inputText_Name"), inputName): Text 'John Doe' is set on object 'Object Repository/WEB/Change Profile/ChangeProfile_inputText_Name'

2023-04-03 08:38:23 - [MESSAGE][PASSED] - Text 'John Doe' is set on object 'Object Repository/WEB/Change Profile/ChangeProfile_inputText_Name'

2023-04-03 08:38:23 - [TEST_STEP][PASSED] - setText(findTestObject("WEB/Change Profile/ChangeProfile_inputText_Phone"), inputPhone): Text '081123456789' is set on object 'Object Repository/WEB/Change Profile/ChangeProfile_inputText_Phone'

2023-04-03 08:38:23 - [MESSAGE][PASSED] - Text '081123456789' is set on object 'Object Repository/WEB/Change Profile/ChangeProfile_inputText_Phone'

2023-04-03 08:38:23 - [TEST_STEP][PASSED] - setText(findTestObject("WEB/Change Profile/ChangeProfile_inputText_BirthDay"), inputBirthday): Text '01-Jan-2000' is set on object 'Object Repository/WEB/Change Profile/ChangeProfile_inputText_BirthDay'

2023-04-03 08:38:24 - [MESSAGE][PASSED] - Text '01-Jan-2000' is set on object 'Object Repository/WEB/Change Profile/ChangeProfile_inputText_BirthDay'

2023-04-03 08:38:24 - [TEST_STEP][PASSED] - nameInputValue = getAttribute(findTestObject("WEB/Change Profile/ChangeProfile_inputText_Name"), "value"): Attribute 'value' of object 'Object Repository/WEB/Change Profile/ChangeProfile_inputText_Name' is: 'John Doe'

2023-04-03 08:38:25 - [MESSAGE][PASSED] - Attribute 'value' of object 'Object Repository/WEB/Change Profile/ChangeProfile_inputText_Name' is: 'John Doe'

2023-04-03 08:38:25 - [TEST_STEP][PASSED] - click(findTestObject("WEB/Change Profile/ChangeProfile_button_Save")): Object: 'Object Repository/WEB/Change Profile/ChangeProfile_button_Save' is clicked on

2023-04-03 08:38:26 - [MESSAGE][PASSED] - Object: 'Object Repository/WEB/Change Profile/ChangeProfile_button_Save' is clicked on

2023-04-03 08:38:26 - [TEST_STEP][PASSED] - delay(2): Delayed 2 second(s)

2023-04-03 08:38:28 - [MESSAGE][PASSED] - Delayed 2 second(s)

2023-04-03 08:38:28 - [TEST_STEP][PASSED] - profileImage = getAttribute(findTestObject("WEB/Profile/Profile_img_profilePhoto"), "src"): Attribute 'src' of object 'Object Repository/WEB/Profile/Profile_img_profilePhoto' is: 'https://storage.googleapis.com/codingid-storage-bucket/storage/uploads/avatar/1680485905cat01.jpeg'

2023-04-03 08:38:28 - [MESSAGE][PASSED] - Attribute 'src' of object 'Object Repository/WEB/Profile/Profile_img_profilePhoto' is: 'https://storage.googleapis.com/codingid-storage-bucket/storage/uploads/avatar/1680485905cat01.jpeg'

2023-04-03 08:38:28 - [TEST_STEP][PASSED] - decodedProfileImage = URLDecoder.decode(profileImage, "UTF-8"): null

2023-04-03 08:38:28 - [TEST_STEP][PASSED] - nameProfile = getText(findTestObject("WEB/Profile/Profile_text_Name")): Text of object 'Object Repository/WEB/Profile/Profile_text_Name' is: 'John Doe'

2023-04-03 08:38:29 - [MESSAGE][PASSED] - Text of object 'Object Repository/WEB/Profile/Profile_text_Name' is: 'John Doe'

2023-04-03 08:38:29 - [TEST_STEP][PASSED] - phoneProfile = getText(findTestObject("WEB/Profile/Profile_text_Phone")): Text of object 'Object Repository/WEB/Profile/Profile_text_Phone' is: '081123456789'

2023-04-03 08:38:29 - [MESSAGE][PASSED] - Text of object 'Object Repository/WEB/Profile/Profile_text_Phone' is: '081123456789'

2023-04-03 08:38:29 - [TEST_STEP][PASSED] - birthdayProfile = getText(findTestObject("WEB/Profile/Profile_text_Birthday")): Text of object 'Object Repository/WEB/Profile/Profile_text_Birthday' is: '01-Jan-2000'

2023-04-03 08:38:29 - [MESSAGE][PASSED] - Text of object 'Object Repository/WEB/Profile/Profile_text_Birthday' is: '01-Jan-2000'

2023-04-03 08:38:29 - [TEST_STEP][PASSED] - verifyElementText(findTestObject("Object Repository/WEB/Change Profile/Profile_p_ChangeSuccessNotif"), originalNameProfile + " telah di edit"): Actual text and expected text of test object 'Object Repository/WEB/Change Profile/Profile_p_ChangeSuccessNotif' are matched.

2023-04-03 08:38:30 - [MESSAGE][PASSED] - Actual text and expected text of test object 'Object Repository/WEB/Change Profile/Profile_p_ChangeSuccessNotif' are matched.

2023-04-03 08:38:30 - [TEST_STEP][PASSED] - click(findTestObject("Object Repository/WEB/Change Profile/Profile_button_ChangeSuccessNotif")): Object: 'Object Repository/WEB/Change Profile/Profile_button_ChangeSuccessNotif' is clicked on

2023-04-03 08:38:30 - [MESSAGE][PASSED] - Object: 'Object Repository/WEB/Change Profile/Profile_button_ChangeSuccessNotif' is clicked on

2023-04-03 08:38:30 - [TEST_STEP][PASSED] - assert decodedProfileImage.endsWith(uploadFileName) : "Updated photo does not match the uploaded one": null

2023-04-03 08:38:30 - [TEST_STEP][PASSED] - assert nameProfile == inputName : "Updated Name does not match the inputted one": null

2023-04-03 08:38:30 - [TEST_STEP][PASSED] - assert phoneProfile == inputPhone : "Updated Phone Number does not match the inputted one": null

2023-04-03 08:38:30 - [TEST_STEP][PASSED] - assert birthdayProfile == inputBirthday : "Updated Birthday does not match the inputted one": null]]></system-out>
         <system-err><![CDATA[]]></system-err>
      </testcase>
      <testcase name="Test Cases/Web/CP/CP-14" time="50.679" classname="Test Cases/Web/CP/CP-14" status="PASSED">
         <system-out><![CDATA[2023-04-03 08:38:30 - [TEST_CASE][PASSED] - Test Cases/Web/CP/CP-14: Test Cases/Web/CP/CP-14

2023-04-03 08:38:30 - [TEST_STEP][PASSED] - navigateToUrl("https://demo-app.online/dashboard/profile"): Navigate to 'https://demo-app.online/dashboard/profile' successfully

2023-04-03 08:38:31 - [MESSAGE][PASSED] - Navigate to 'https://demo-app.online/dashboard/profile' successfully

2023-04-03 08:38:31 - [TEST_STEP][PASSED] - testData = findTestData("Data Files/Web/ChangeProfile_Phone"): null

2023-04-03 08:38:31 - [TEST_STEP][PASSED] - for ([i = 1, i <= testData.getRowNumbers(), (i++)]): null

2023-04-03 08:38:31 - [TEST_STEP][PASSED] - uploadFilePath = "/Include/Resources/": null

2023-04-03 08:38:31 - [TEST_STEP][PASSED] - uploadFileName = "cat01.jpeg": null

2023-04-03 08:38:31 - [TEST_STEP][PASSED] - file = new java.io.File(com.kms.katalon.core.configuration.RunConfiguration.getProjectDir(), (uploadFilePath + uploadFileName)): null

2023-04-03 08:38:31 - [TEST_STEP][PASSED] - inputImage = file.toString(): null

2023-04-03 08:38:31 - [TEST_STEP][PASSED] - inputName = "Edited Name": null

2023-04-03 08:38:31 - [TEST_STEP][PASSED] - inputPhone = toString().trim(): null

2023-04-03 08:38:31 - [TEST_STEP][PASSED] - inputBirthday = "01-Jan-2000": null

2023-04-03 08:38:31 - [TEST_STEP][PASSED] - originalNameProfile = getText(findTestObject("WEB/Profile/Profile_text_Name")).trim(): Text of object 'Object Repository/WEB/Profile/Profile_text_Name' is: 'John Doe'

2023-04-03 08:38:31 - [MESSAGE][PASSED] - Text of object 'Object Repository/WEB/Profile/Profile_text_Name' is: 'John Doe'

2023-04-03 08:38:31 - [TEST_STEP][PASSED] - click(findTestObject("WEB/Profile/Profile_button_EditProfile")): Object: 'Object Repository/WEB/Profile/Profile_button_EditProfile' is clicked on

2023-04-03 08:38:32 - [MESSAGE][PASSED] - Object: 'Object Repository/WEB/Profile/Profile_button_EditProfile' is clicked on

2023-04-03 08:38:32 - [TEST_STEP][PASSED] - uploadFile(findTestObject("WEB/Change Profile/ChangeProfile_button_uploadButton"), inputImage): File 'C:\Users\rizki\git\CodingID-QA\Include\Resources\cat01.jpeg' sent to object: 'Object Repository/WEB/Change Profile/ChangeProfile_button_uploadButton'

2023-04-03 08:38:33 - [MESSAGE][PASSED] - File 'C:\Users\rizki\git\CodingID-QA\Include\Resources\cat01.jpeg' sent to object: 'Object Repository/WEB/Change Profile/ChangeProfile_button_uploadButton'

2023-04-03 08:38:33 - [TEST_STEP][PASSED] - setText(findTestObject("WEB/Change Profile/ChangeProfile_inputText_Name"), inputName): Text 'Edited Name' is set on object 'Object Repository/WEB/Change Profile/ChangeProfile_inputText_Name'

2023-04-03 08:38:33 - [MESSAGE][PASSED] - Text 'Edited Name' is set on object 'Object Repository/WEB/Change Profile/ChangeProfile_inputText_Name'

2023-04-03 08:38:33 - [TEST_STEP][PASSED] - setText(findTestObject("WEB/Change Profile/ChangeProfile_inputText_Phone"), inputPhone): Text '2125551212' is set on object 'Object Repository/WEB/Change Profile/ChangeProfile_inputText_Phone'

2023-04-03 08:38:34 - [MESSAGE][PASSED] - Text '2125551212' is set on object 'Object Repository/WEB/Change Profile/ChangeProfile_inputText_Phone'

2023-04-03 08:38:34 - [TEST_STEP][PASSED] - setText(findTestObject("WEB/Change Profile/ChangeProfile_inputText_BirthDay"), inputBirthday): Text '01-Jan-2000' is set on object 'Object Repository/WEB/Change Profile/ChangeProfile_inputText_BirthDay'

2023-04-03 08:38:35 - [MESSAGE][PASSED] - Text '01-Jan-2000' is set on object 'Object Repository/WEB/Change Profile/ChangeProfile_inputText_BirthDay'

2023-04-03 08:38:35 - [TEST_STEP][PASSED] - nameInputValue = getAttribute(findTestObject("WEB/Change Profile/ChangeProfile_inputText_Name"), "value"): Attribute 'value' of object 'Object Repository/WEB/Change Profile/ChangeProfile_inputText_Name' is: 'Edited Name'

2023-04-03 08:38:36 - [MESSAGE][PASSED] - Attribute 'value' of object 'Object Repository/WEB/Change Profile/ChangeProfile_inputText_Name' is: 'Edited Name'

2023-04-03 08:38:36 - [TEST_STEP][PASSED] - click(findTestObject("WEB/Change Profile/ChangeProfile_button_Save")): Object: 'Object Repository/WEB/Change Profile/ChangeProfile_button_Save' is clicked on

2023-04-03 08:38:37 - [MESSAGE][PASSED] - Object: 'Object Repository/WEB/Change Profile/ChangeProfile_button_Save' is clicked on

2023-04-03 08:38:37 - [TEST_STEP][PASSED] - delay(2): Delayed 2 second(s)

2023-04-03 08:38:39 - [MESSAGE][PASSED] - Delayed 2 second(s)

2023-04-03 08:38:39 - [TEST_STEP][PASSED] - profileImage = getAttribute(findTestObject("WEB/Profile/Profile_img_profilePhoto"), "src"): Attribute 'src' of object 'Object Repository/WEB/Profile/Profile_img_profilePhoto' is: 'https://storage.googleapis.com/codingid-storage-bucket/storage/uploads/avatar/1680485916cat01.jpeg'

2023-04-03 08:38:39 - [MESSAGE][PASSED] - Attribute 'src' of object 'Object Repository/WEB/Profile/Profile_img_profilePhoto' is: 'https://storage.googleapis.com/codingid-storage-bucket/storage/uploads/avatar/1680485916cat01.jpeg'

2023-04-03 08:38:39 - [TEST_STEP][PASSED] - decodedProfileImage = URLDecoder.decode(profileImage, "UTF-8"): null

2023-04-03 08:38:39 - [TEST_STEP][PASSED] - nameProfile = getText(findTestObject("WEB/Profile/Profile_text_Name")): Text of object 'Object Repository/WEB/Profile/Profile_text_Name' is: 'Edited Name'

2023-04-03 08:38:39 - [MESSAGE][PASSED] - Text of object 'Object Repository/WEB/Profile/Profile_text_Name' is: 'Edited Name'

2023-04-03 08:38:39 - [TEST_STEP][PASSED] - phoneProfile = getText(findTestObject("WEB/Profile/Profile_text_Phone")): Text of object 'Object Repository/WEB/Profile/Profile_text_Phone' is: '2125551212'

2023-04-03 08:38:40 - [MESSAGE][PASSED] - Text of object 'Object Repository/WEB/Profile/Profile_text_Phone' is: '2125551212'

2023-04-03 08:38:40 - [TEST_STEP][PASSED] - birthdayProfile = getText(findTestObject("WEB/Profile/Profile_text_Birthday")): Text of object 'Object Repository/WEB/Profile/Profile_text_Birthday' is: '01-Jan-2000'

2023-04-03 08:38:40 - [MESSAGE][PASSED] - Text of object 'Object Repository/WEB/Profile/Profile_text_Birthday' is: '01-Jan-2000'

2023-04-03 08:38:40 - [TEST_STEP][PASSED] - verifyElementText(findTestObject("Object Repository/WEB/Change Profile/Profile_p_ChangeSuccessNotif"), originalNameProfile + " telah di edit"): Actual text and expected text of test object 'Object Repository/WEB/Change Profile/Profile_p_ChangeSuccessNotif' are matched.

2023-04-03 08:38:40 - [MESSAGE][PASSED] - Actual text and expected text of test object 'Object Repository/WEB/Change Profile/Profile_p_ChangeSuccessNotif' are matched.

2023-04-03 08:38:40 - [TEST_STEP][PASSED] - click(findTestObject("Object Repository/WEB/Change Profile/Profile_button_ChangeSuccessNotif")): Object: 'Object Repository/WEB/Change Profile/Profile_button_ChangeSuccessNotif' is clicked on

2023-04-03 08:38:41 - [MESSAGE][PASSED] - Object: 'Object Repository/WEB/Change Profile/Profile_button_ChangeSuccessNotif' is clicked on

2023-04-03 08:38:41 - [TEST_STEP][PASSED] - assert decodedProfileImage.endsWith(uploadFileName) : "Updated photo does not match the uploaded one": null

2023-04-03 08:38:41 - [TEST_STEP][PASSED] - assert nameProfile == inputName : "Updated Name does not match the inputted one": null

2023-04-03 08:38:41 - [TEST_STEP][PASSED] - assert phoneProfile == inputPhone : "Updated Phone Number does not match the inputted one": null

2023-04-03 08:38:41 - [TEST_STEP][PASSED] - assert birthdayProfile == inputBirthday : "Updated Birthday does not match the inputted one": null

2023-04-03 08:38:41 - [TEST_STEP][PASSED] - uploadFilePath = "/Include/Resources/": null

2023-04-03 08:38:41 - [TEST_STEP][PASSED] - uploadFileName = "cat01.jpeg": null

2023-04-03 08:38:41 - [TEST_STEP][PASSED] - file = new java.io.File(com.kms.katalon.core.configuration.RunConfiguration.getProjectDir(), (uploadFilePath + uploadFileName)): null

2023-04-03 08:38:41 - [TEST_STEP][PASSED] - inputImage = file.toString(): null

2023-04-03 08:38:41 - [TEST_STEP][PASSED] - inputName = "Edited Name": null

2023-04-03 08:38:41 - [TEST_STEP][PASSED] - inputPhone = toString().trim(): null

2023-04-03 08:38:41 - [TEST_STEP][PASSED] - inputBirthday = "01-Jan-2000": null

2023-04-03 08:38:41 - [TEST_STEP][PASSED] - originalNameProfile = getText(findTestObject("WEB/Profile/Profile_text_Name")).trim(): Text of object 'Object Repository/WEB/Profile/Profile_text_Name' is: 'Edited Name'

2023-04-03 08:38:41 - [MESSAGE][PASSED] - Text of object 'Object Repository/WEB/Profile/Profile_text_Name' is: 'Edited Name'

2023-04-03 08:38:41 - [TEST_STEP][PASSED] - click(findTestObject("WEB/Profile/Profile_button_EditProfile")): Object: 'Object Repository/WEB/Profile/Profile_button_EditProfile' is clicked on

2023-04-03 08:38:42 - [MESSAGE][PASSED] - Object: 'Object Repository/WEB/Profile/Profile_button_EditProfile' is clicked on

2023-04-03 08:38:42 - [TEST_STEP][PASSED] - uploadFile(findTestObject("WEB/Change Profile/ChangeProfile_button_uploadButton"), inputImage): File 'C:\Users\rizki\git\CodingID-QA\Include\Resources\cat01.jpeg' sent to object: 'Object Repository/WEB/Change Profile/ChangeProfile_button_uploadButton'

2023-04-03 08:38:42 - [MESSAGE][PASSED] - File 'C:\Users\rizki\git\CodingID-QA\Include\Resources\cat01.jpeg' sent to object: 'Object Repository/WEB/Change Profile/ChangeProfile_button_uploadButton'

2023-04-03 08:38:42 - [TEST_STEP][PASSED] - setText(findTestObject("WEB/Change Profile/ChangeProfile_inputText_Name"), inputName): Text 'Edited Name' is set on object 'Object Repository/WEB/Change Profile/ChangeProfile_inputText_Name'

2023-04-03 08:38:43 - [MESSAGE][PASSED] - Text 'Edited Name' is set on object 'Object Repository/WEB/Change Profile/ChangeProfile_inputText_Name'

2023-04-03 08:38:43 - [TEST_STEP][PASSED] - setText(findTestObject("WEB/Change Profile/ChangeProfile_inputText_Phone"), inputPhone): Text '02071234567' is set on object 'Object Repository/WEB/Change Profile/ChangeProfile_inputText_Phone'

2023-04-03 08:38:44 - [MESSAGE][PASSED] - Text '02071234567' is set on object 'Object Repository/WEB/Change Profile/ChangeProfile_inputText_Phone'

2023-04-03 08:38:44 - [TEST_STEP][PASSED] - setText(findTestObject("WEB/Change Profile/ChangeProfile_inputText_BirthDay"), inputBirthday): Text '01-Jan-2000' is set on object 'Object Repository/WEB/Change Profile/ChangeProfile_inputText_BirthDay'

2023-04-03 08:38:45 - [MESSAGE][PASSED] - Text '01-Jan-2000' is set on object 'Object Repository/WEB/Change Profile/ChangeProfile_inputText_BirthDay'

2023-04-03 08:38:45 - [TEST_STEP][PASSED] - nameInputValue = getAttribute(findTestObject("WEB/Change Profile/ChangeProfile_inputText_Name"), "value"): Attribute 'value' of object 'Object Repository/WEB/Change Profile/ChangeProfile_inputText_Name' is: 'Edited Name'

2023-04-03 08:38:45 - [MESSAGE][PASSED] - Attribute 'value' of object 'Object Repository/WEB/Change Profile/ChangeProfile_inputText_Name' is: 'Edited Name'

2023-04-03 08:38:45 - [TEST_STEP][PASSED] - click(findTestObject("WEB/Change Profile/ChangeProfile_button_Save")): Object: 'Object Repository/WEB/Change Profile/ChangeProfile_button_Save' is clicked on

2023-04-03 08:38:47 - [MESSAGE][PASSED] - Object: 'Object Repository/WEB/Change Profile/ChangeProfile_button_Save' is clicked on

2023-04-03 08:38:47 - [TEST_STEP][PASSED] - delay(2): Delayed 2 second(s)

2023-04-03 08:38:49 - [MESSAGE][PASSED] - Delayed 2 second(s)

2023-04-03 08:38:49 - [TEST_STEP][PASSED] - profileImage = getAttribute(findTestObject("WEB/Profile/Profile_img_profilePhoto"), "src"): Attribute 'src' of object 'Object Repository/WEB/Profile/Profile_img_profilePhoto' is: 'https://storage.googleapis.com/codingid-storage-bucket/storage/uploads/avatar/1680485926cat01.jpeg'

2023-04-03 08:38:49 - [MESSAGE][PASSED] - Attribute 'src' of object 'Object Repository/WEB/Profile/Profile_img_profilePhoto' is: 'https://storage.googleapis.com/codingid-storage-bucket/storage/uploads/avatar/1680485926cat01.jpeg'

2023-04-03 08:38:49 - [TEST_STEP][PASSED] - decodedProfileImage = URLDecoder.decode(profileImage, "UTF-8"): null

2023-04-03 08:38:49 - [TEST_STEP][PASSED] - nameProfile = getText(findTestObject("WEB/Profile/Profile_text_Name")): Text of object 'Object Repository/WEB/Profile/Profile_text_Name' is: 'Edited Name'

2023-04-03 08:38:49 - [MESSAGE][PASSED] - Text of object 'Object Repository/WEB/Profile/Profile_text_Name' is: 'Edited Name'

2023-04-03 08:38:49 - [TEST_STEP][PASSED] - phoneProfile = getText(findTestObject("WEB/Profile/Profile_text_Phone")): Text of object 'Object Repository/WEB/Profile/Profile_text_Phone' is: '02071234567'

2023-04-03 08:38:50 - [MESSAGE][PASSED] - Text of object 'Object Repository/WEB/Profile/Profile_text_Phone' is: '02071234567'

2023-04-03 08:38:50 - [TEST_STEP][PASSED] - birthdayProfile = getText(findTestObject("WEB/Profile/Profile_text_Birthday")): Text of object 'Object Repository/WEB/Profile/Profile_text_Birthday' is: '01-Jan-2000'

2023-04-03 08:38:50 - [MESSAGE][PASSED] - Text of object 'Object Repository/WEB/Profile/Profile_text_Birthday' is: '01-Jan-2000'

2023-04-03 08:38:50 - [TEST_STEP][PASSED] - verifyElementText(findTestObject("Object Repository/WEB/Change Profile/Profile_p_ChangeSuccessNotif"), originalNameProfile + " telah di edit"): Actual text and expected text of test object 'Object Repository/WEB/Change Profile/Profile_p_ChangeSuccessNotif' are matched.

2023-04-03 08:38:50 - [MESSAGE][PASSED] - Actual text and expected text of test object 'Object Repository/WEB/Change Profile/Profile_p_ChangeSuccessNotif' are matched.

2023-04-03 08:38:50 - [TEST_STEP][PASSED] - click(findTestObject("Object Repository/WEB/Change Profile/Profile_button_ChangeSuccessNotif")): Object: 'Object Repository/WEB/Change Profile/Profile_button_ChangeSuccessNotif' is clicked on

2023-04-03 08:38:51 - [MESSAGE][PASSED] - Object: 'Object Repository/WEB/Change Profile/Profile_button_ChangeSuccessNotif' is clicked on

2023-04-03 08:38:51 - [TEST_STEP][PASSED] - assert decodedProfileImage.endsWith(uploadFileName) : "Updated photo does not match the uploaded one": null

2023-04-03 08:38:51 - [TEST_STEP][PASSED] - assert nameProfile == inputName : "Updated Name does not match the inputted one": null

2023-04-03 08:38:51 - [TEST_STEP][PASSED] - assert phoneProfile == inputPhone : "Updated Phone Number does not match the inputted one": null

2023-04-03 08:38:51 - [TEST_STEP][PASSED] - assert birthdayProfile == inputBirthday : "Updated Birthday does not match the inputted one": null

2023-04-03 08:38:51 - [TEST_STEP][PASSED] - uploadFilePath = "/Include/Resources/": null

2023-04-03 08:38:51 - [TEST_STEP][PASSED] - uploadFileName = "cat01.jpeg": null

2023-04-03 08:38:51 - [TEST_STEP][PASSED] - file = new java.io.File(com.kms.katalon.core.configuration.RunConfiguration.getProjectDir(), (uploadFilePath + uploadFileName)): null

2023-04-03 08:38:51 - [TEST_STEP][PASSED] - inputImage = file.toString(): null

2023-04-03 08:38:51 - [TEST_STEP][PASSED] - inputName = "Edited Name": null

2023-04-03 08:38:51 - [TEST_STEP][PASSED] - inputPhone = toString().trim(): null

2023-04-03 08:38:51 - [TEST_STEP][PASSED] - inputBirthday = "01-Jan-2000": null

2023-04-03 08:38:51 - [TEST_STEP][PASSED] - originalNameProfile = getText(findTestObject("WEB/Profile/Profile_text_Name")).trim(): Text of object 'Object Repository/WEB/Profile/Profile_text_Name' is: 'Edited Name'

2023-04-03 08:38:51 - [MESSAGE][PASSED] - Text of object 'Object Repository/WEB/Profile/Profile_text_Name' is: 'Edited Name'

2023-04-03 08:38:51 - [TEST_STEP][PASSED] - click(findTestObject("WEB/Profile/Profile_button_EditProfile")): Object: 'Object Repository/WEB/Profile/Profile_button_EditProfile' is clicked on

2023-04-03 08:38:52 - [MESSAGE][PASSED] - Object: 'Object Repository/WEB/Profile/Profile_button_EditProfile' is clicked on

2023-04-03 08:38:52 - [TEST_STEP][PASSED] - uploadFile(findTestObject("WEB/Change Profile/ChangeProfile_button_uploadButton"), inputImage): File 'C:\Users\rizki\git\CodingID-QA\Include\Resources\cat01.jpeg' sent to object: 'Object Repository/WEB/Change Profile/ChangeProfile_button_uploadButton'

2023-04-03 08:38:52 - [MESSAGE][PASSED] - File 'C:\Users\rizki\git\CodingID-QA\Include\Resources\cat01.jpeg' sent to object: 'Object Repository/WEB/Change Profile/ChangeProfile_button_uploadButton'

2023-04-03 08:38:52 - [TEST_STEP][PASSED] - setText(findTestObject("WEB/Change Profile/ChangeProfile_inputText_Name"), inputName): Text 'Edited Name' is set on object 'Object Repository/WEB/Change Profile/ChangeProfile_inputText_Name'

2023-04-03 08:38:53 - [MESSAGE][PASSED] - Text 'Edited Name' is set on object 'Object Repository/WEB/Change Profile/ChangeProfile_inputText_Name'

2023-04-03 08:38:53 - [TEST_STEP][PASSED] - setText(findTestObject("WEB/Change Profile/ChangeProfile_inputText_Phone"), inputPhone): Text '0312345678' is set on object 'Object Repository/WEB/Change Profile/ChangeProfile_inputText_Phone'

2023-04-03 08:38:54 - [MESSAGE][PASSED] - Text '0312345678' is set on object 'Object Repository/WEB/Change Profile/ChangeProfile_inputText_Phone'

2023-04-03 08:38:54 - [TEST_STEP][PASSED] - setText(findTestObject("WEB/Change Profile/ChangeProfile_inputText_BirthDay"), inputBirthday): Text '01-Jan-2000' is set on object 'Object Repository/WEB/Change Profile/ChangeProfile_inputText_BirthDay'

2023-04-03 08:38:55 - [MESSAGE][PASSED] - Text '01-Jan-2000' is set on object 'Object Repository/WEB/Change Profile/ChangeProfile_inputText_BirthDay'

2023-04-03 08:38:55 - [TEST_STEP][PASSED] - nameInputValue = getAttribute(findTestObject("WEB/Change Profile/ChangeProfile_inputText_Name"), "value"): Attribute 'value' of object 'Object Repository/WEB/Change Profile/ChangeProfile_inputText_Name' is: 'Edited Name'

2023-04-03 08:38:55 - [MESSAGE][PASSED] - Attribute 'value' of object 'Object Repository/WEB/Change Profile/ChangeProfile_inputText_Name' is: 'Edited Name'

2023-04-03 08:38:55 - [TEST_STEP][PASSED] - click(findTestObject("WEB/Change Profile/ChangeProfile_button_Save")): Object: 'Object Repository/WEB/Change Profile/ChangeProfile_button_Save' is clicked on

2023-04-03 08:38:56 - [MESSAGE][PASSED] - Object: 'Object Repository/WEB/Change Profile/ChangeProfile_button_Save' is clicked on

2023-04-03 08:38:56 - [TEST_STEP][PASSED] - delay(2): Delayed 2 second(s)

2023-04-03 08:38:58 - [MESSAGE][PASSED] - Delayed 2 second(s)

2023-04-03 08:38:58 - [TEST_STEP][PASSED] - profileImage = getAttribute(findTestObject("WEB/Profile/Profile_img_profilePhoto"), "src"): Attribute 'src' of object 'Object Repository/WEB/Profile/Profile_img_profilePhoto' is: 'https://storage.googleapis.com/codingid-storage-bucket/storage/uploads/avatar/1680485935cat01.jpeg'

2023-04-03 08:38:59 - [MESSAGE][PASSED] - Attribute 'src' of object 'Object Repository/WEB/Profile/Profile_img_profilePhoto' is: 'https://storage.googleapis.com/codingid-storage-bucket/storage/uploads/avatar/1680485935cat01.jpeg'

2023-04-03 08:38:59 - [TEST_STEP][PASSED] - decodedProfileImage = URLDecoder.decode(profileImage, "UTF-8"): null

2023-04-03 08:38:59 - [TEST_STEP][PASSED] - nameProfile = getText(findTestObject("WEB/Profile/Profile_text_Name")): Text of object 'Object Repository/WEB/Profile/Profile_text_Name' is: 'Edited Name'

2023-04-03 08:38:59 - [MESSAGE][PASSED] - Text of object 'Object Repository/WEB/Profile/Profile_text_Name' is: 'Edited Name'

2023-04-03 08:38:59 - [TEST_STEP][PASSED] - phoneProfile = getText(findTestObject("WEB/Profile/Profile_text_Phone")): Text of object 'Object Repository/WEB/Profile/Profile_text_Phone' is: '0312345678'

2023-04-03 08:38:59 - [MESSAGE][PASSED] - Text of object 'Object Repository/WEB/Profile/Profile_text_Phone' is: '0312345678'

2023-04-03 08:38:59 - [TEST_STEP][PASSED] - birthdayProfile = getText(findTestObject("WEB/Profile/Profile_text_Birthday")): Text of object 'Object Repository/WEB/Profile/Profile_text_Birthday' is: '01-Jan-2000'

2023-04-03 08:39:00 - [MESSAGE][PASSED] - Text of object 'Object Repository/WEB/Profile/Profile_text_Birthday' is: '01-Jan-2000'

2023-04-03 08:39:00 - [TEST_STEP][PASSED] - verifyElementText(findTestObject("Object Repository/WEB/Change Profile/Profile_p_ChangeSuccessNotif"), originalNameProfile + " telah di edit"): Actual text and expected text of test object 'Object Repository/WEB/Change Profile/Profile_p_ChangeSuccessNotif' are matched.

2023-04-03 08:39:00 - [MESSAGE][PASSED] - Actual text and expected text of test object 'Object Repository/WEB/Change Profile/Profile_p_ChangeSuccessNotif' are matched.

2023-04-03 08:39:00 - [TEST_STEP][PASSED] - click(findTestObject("Object Repository/WEB/Change Profile/Profile_button_ChangeSuccessNotif")): Object: 'Object Repository/WEB/Change Profile/Profile_button_ChangeSuccessNotif' is clicked on

2023-04-03 08:39:00 - [MESSAGE][PASSED] - Object: 'Object Repository/WEB/Change Profile/Profile_button_ChangeSuccessNotif' is clicked on

2023-04-03 08:39:00 - [TEST_STEP][PASSED] - assert decodedProfileImage.endsWith(uploadFileName) : "Updated photo does not match the uploaded one": null

2023-04-03 08:39:00 - [TEST_STEP][PASSED] - assert nameProfile == inputName : "Updated Name does not match the inputted one": null

2023-04-03 08:39:00 - [TEST_STEP][PASSED] - assert phoneProfile == inputPhone : "Updated Phone Number does not match the inputted one": null

2023-04-03 08:39:00 - [TEST_STEP][PASSED] - assert birthdayProfile == inputBirthday : "Updated Birthday does not match the inputted one": null

2023-04-03 08:39:00 - [TEST_STEP][PASSED] - uploadFilePath = "/Include/Resources/": null

2023-04-03 08:39:00 - [TEST_STEP][PASSED] - uploadFileName = "cat01.jpeg": null

2023-04-03 08:39:00 - [TEST_STEP][PASSED] - file = new java.io.File(com.kms.katalon.core.configuration.RunConfiguration.getProjectDir(), (uploadFilePath + uploadFileName)): null

2023-04-03 08:39:00 - [TEST_STEP][PASSED] - inputImage = file.toString(): null

2023-04-03 08:39:00 - [TEST_STEP][PASSED] - inputName = "Edited Name": null

2023-04-03 08:39:00 - [TEST_STEP][PASSED] - inputPhone = toString().trim(): null

2023-04-03 08:39:00 - [TEST_STEP][PASSED] - inputBirthday = "01-Jan-2000": null

2023-04-03 08:39:00 - [TEST_STEP][PASSED] - originalNameProfile = getText(findTestObject("WEB/Profile/Profile_text_Name")).trim(): Text of object 'Object Repository/WEB/Profile/Profile_text_Name' is: 'Edited Name'

2023-04-03 08:39:01 - [MESSAGE][PASSED] - Text of object 'Object Repository/WEB/Profile/Profile_text_Name' is: 'Edited Name'

2023-04-03 08:39:01 - [TEST_STEP][PASSED] - click(findTestObject("WEB/Profile/Profile_button_EditProfile")): Object: 'Object Repository/WEB/Profile/Profile_button_EditProfile' is clicked on

2023-04-03 08:39:01 - [MESSAGE][PASSED] - Object: 'Object Repository/WEB/Profile/Profile_button_EditProfile' is clicked on

2023-04-03 08:39:01 - [TEST_STEP][PASSED] - uploadFile(findTestObject("WEB/Change Profile/ChangeProfile_button_uploadButton"), inputImage): File 'C:\Users\rizki\git\CodingID-QA\Include\Resources\cat01.jpeg' sent to object: 'Object Repository/WEB/Change Profile/ChangeProfile_button_uploadButton'

2023-04-03 08:39:02 - [MESSAGE][PASSED] - File 'C:\Users\rizki\git\CodingID-QA\Include\Resources\cat01.jpeg' sent to object: 'Object Repository/WEB/Change Profile/ChangeProfile_button_uploadButton'

2023-04-03 08:39:02 - [TEST_STEP][PASSED] - setText(findTestObject("WEB/Change Profile/ChangeProfile_inputText_Name"), inputName): Text 'Edited Name' is set on object 'Object Repository/WEB/Change Profile/ChangeProfile_inputText_Name'

2023-04-03 08:39:03 - [MESSAGE][PASSED] - Text 'Edited Name' is set on object 'Object Repository/WEB/Change Profile/ChangeProfile_inputText_Name'

2023-04-03 08:39:03 - [TEST_STEP][PASSED] - setText(findTestObject("WEB/Change Profile/ChangeProfile_inputText_Phone"), inputPhone): Text '1012345678' is set on object 'Object Repository/WEB/Change Profile/ChangeProfile_inputText_Phone'

2023-04-03 08:39:03 - [MESSAGE][PASSED] - Text '1012345678' is set on object 'Object Repository/WEB/Change Profile/ChangeProfile_inputText_Phone'

2023-04-03 08:39:03 - [TEST_STEP][PASSED] - setText(findTestObject("WEB/Change Profile/ChangeProfile_inputText_BirthDay"), inputBirthday): Text '01-Jan-2000' is set on object 'Object Repository/WEB/Change Profile/ChangeProfile_inputText_BirthDay'

2023-04-03 08:39:04 - [MESSAGE][PASSED] - Text '01-Jan-2000' is set on object 'Object Repository/WEB/Change Profile/ChangeProfile_inputText_BirthDay'

2023-04-03 08:39:04 - [TEST_STEP][PASSED] - nameInputValue = getAttribute(findTestObject("WEB/Change Profile/ChangeProfile_inputText_Name"), "value"): Attribute 'value' of object 'Object Repository/WEB/Change Profile/ChangeProfile_inputText_Name' is: 'Edited Name'

2023-04-03 08:39:05 - [MESSAGE][PASSED] - Attribute 'value' of object 'Object Repository/WEB/Change Profile/ChangeProfile_inputText_Name' is: 'Edited Name'

2023-04-03 08:39:05 - [TEST_STEP][PASSED] - click(findTestObject("WEB/Change Profile/ChangeProfile_button_Save")): Object: 'Object Repository/WEB/Change Profile/ChangeProfile_button_Save' is clicked on

2023-04-03 08:39:07 - [MESSAGE][PASSED] - Object: 'Object Repository/WEB/Change Profile/ChangeProfile_button_Save' is clicked on

2023-04-03 08:39:07 - [TEST_STEP][PASSED] - delay(2): Delayed 2 second(s)

2023-04-03 08:39:09 - [MESSAGE][PASSED] - Delayed 2 second(s)

2023-04-03 08:39:09 - [TEST_STEP][PASSED] - profileImage = getAttribute(findTestObject("WEB/Profile/Profile_img_profilePhoto"), "src"): Attribute 'src' of object 'Object Repository/WEB/Profile/Profile_img_profilePhoto' is: 'https://storage.googleapis.com/codingid-storage-bucket/storage/uploads/avatar/1680485946cat01.jpeg'

2023-04-03 08:39:09 - [MESSAGE][PASSED] - Attribute 'src' of object 'Object Repository/WEB/Profile/Profile_img_profilePhoto' is: 'https://storage.googleapis.com/codingid-storage-bucket/storage/uploads/avatar/1680485946cat01.jpeg'

2023-04-03 08:39:09 - [TEST_STEP][PASSED] - decodedProfileImage = URLDecoder.decode(profileImage, "UTF-8"): null

2023-04-03 08:39:09 - [TEST_STEP][PASSED] - nameProfile = getText(findTestObject("WEB/Profile/Profile_text_Name")): Text of object 'Object Repository/WEB/Profile/Profile_text_Name' is: 'Edited Name'

2023-04-03 08:39:10 - [MESSAGE][PASSED] - Text of object 'Object Repository/WEB/Profile/Profile_text_Name' is: 'Edited Name'

2023-04-03 08:39:10 - [TEST_STEP][PASSED] - phoneProfile = getText(findTestObject("WEB/Profile/Profile_text_Phone")): Text of object 'Object Repository/WEB/Profile/Profile_text_Phone' is: '1012345678'

2023-04-03 08:39:10 - [MESSAGE][PASSED] - Text of object 'Object Repository/WEB/Profile/Profile_text_Phone' is: '1012345678'

2023-04-03 08:39:10 - [TEST_STEP][PASSED] - birthdayProfile = getText(findTestObject("WEB/Profile/Profile_text_Birthday")): Text of object 'Object Repository/WEB/Profile/Profile_text_Birthday' is: '01-Jan-2000'

2023-04-03 08:39:10 - [MESSAGE][PASSED] - Text of object 'Object Repository/WEB/Profile/Profile_text_Birthday' is: '01-Jan-2000'

2023-04-03 08:39:10 - [TEST_STEP][PASSED] - verifyElementText(findTestObject("Object Repository/WEB/Change Profile/Profile_p_ChangeSuccessNotif"), originalNameProfile + " telah di edit"): Actual text and expected text of test object 'Object Repository/WEB/Change Profile/Profile_p_ChangeSuccessNotif' are matched.

2023-04-03 08:39:11 - [MESSAGE][PASSED] - Actual text and expected text of test object 'Object Repository/WEB/Change Profile/Profile_p_ChangeSuccessNotif' are matched.

2023-04-03 08:39:11 - [TEST_STEP][PASSED] - click(findTestObject("Object Repository/WEB/Change Profile/Profile_button_ChangeSuccessNotif")): Object: 'Object Repository/WEB/Change Profile/Profile_button_ChangeSuccessNotif' is clicked on

2023-04-03 08:39:11 - [MESSAGE][PASSED] - Object: 'Object Repository/WEB/Change Profile/Profile_button_ChangeSuccessNotif' is clicked on

2023-04-03 08:39:11 - [TEST_STEP][PASSED] - assert decodedProfileImage.endsWith(uploadFileName) : "Updated photo does not match the uploaded one": null

2023-04-03 08:39:11 - [TEST_STEP][PASSED] - assert nameProfile == inputName : "Updated Name does not match the inputted one": null

2023-04-03 08:39:11 - [TEST_STEP][PASSED] - assert phoneProfile == inputPhone : "Updated Phone Number does not match the inputted one": null

2023-04-03 08:39:11 - [TEST_STEP][PASSED] - assert birthdayProfile == inputBirthday : "Updated Birthday does not match the inputted one": null

2023-04-03 08:39:11 - [TEST_STEP][PASSED] - uploadFilePath = "/Include/Resources/": null

2023-04-03 08:39:11 - [TEST_STEP][PASSED] - uploadFileName = "cat01.jpeg": null

2023-04-03 08:39:11 - [TEST_STEP][PASSED] - file = new java.io.File(com.kms.katalon.core.configuration.RunConfiguration.getProjectDir(), (uploadFilePath + uploadFileName)): null

2023-04-03 08:39:11 - [TEST_STEP][PASSED] - inputImage = file.toString(): null

2023-04-03 08:39:11 - [TEST_STEP][PASSED] - inputName = "Edited Name": null

2023-04-03 08:39:11 - [TEST_STEP][PASSED] - inputPhone = toString().trim(): null

2023-04-03 08:39:11 - [TEST_STEP][PASSED] - inputBirthday = "01-Jan-2000": null

2023-04-03 08:39:11 - [TEST_STEP][PASSED] - originalNameProfile = getText(findTestObject("WEB/Profile/Profile_text_Name")).trim(): Text of object 'Object Repository/WEB/Profile/Profile_text_Name' is: 'Edited Name'

2023-04-03 08:39:11 - [MESSAGE][PASSED] - Text of object 'Object Repository/WEB/Profile/Profile_text_Name' is: 'Edited Name'

2023-04-03 08:39:11 - [TEST_STEP][PASSED] - click(findTestObject("WEB/Profile/Profile_button_EditProfile")): Object: 'Object Repository/WEB/Profile/Profile_button_EditProfile' is clicked on

2023-04-03 08:39:12 - [MESSAGE][PASSED] - Object: 'Object Repository/WEB/Profile/Profile_button_EditProfile' is clicked on

2023-04-03 08:39:12 - [TEST_STEP][PASSED] - uploadFile(findTestObject("WEB/Change Profile/ChangeProfile_button_uploadButton"), inputImage): File 'C:\Users\rizki\git\CodingID-QA\Include\Resources\cat01.jpeg' sent to object: 'Object Repository/WEB/Change Profile/ChangeProfile_button_uploadButton'

2023-04-03 08:39:13 - [MESSAGE][PASSED] - File 'C:\Users\rizki\git\CodingID-QA\Include\Resources\cat01.jpeg' sent to object: 'Object Repository/WEB/Change Profile/ChangeProfile_button_uploadButton'

2023-04-03 08:39:13 - [TEST_STEP][PASSED] - setText(findTestObject("WEB/Change Profile/ChangeProfile_inputText_Name"), inputName): Text 'Edited Name' is set on object 'Object Repository/WEB/Change Profile/ChangeProfile_inputText_Name'

2023-04-03 08:39:13 - [MESSAGE][PASSED] - Text 'Edited Name' is set on object 'Object Repository/WEB/Change Profile/ChangeProfile_inputText_Name'

2023-04-03 08:39:13 - [TEST_STEP][PASSED] - setText(findTestObject("WEB/Change Profile/ChangeProfile_inputText_Phone"), inputPhone): Text '0412345678' is set on object 'Object Repository/WEB/Change Profile/ChangeProfile_inputText_Phone'

2023-04-03 08:39:14 - [MESSAGE][PASSED] - Text '0412345678' is set on object 'Object Repository/WEB/Change Profile/ChangeProfile_inputText_Phone'

2023-04-03 08:39:14 - [TEST_STEP][PASSED] - setText(findTestObject("WEB/Change Profile/ChangeProfile_inputText_BirthDay"), inputBirthday): Text '01-Jan-2000' is set on object 'Object Repository/WEB/Change Profile/ChangeProfile_inputText_BirthDay'

2023-04-03 08:39:15 - [MESSAGE][PASSED] - Text '01-Jan-2000' is set on object 'Object Repository/WEB/Change Profile/ChangeProfile_inputText_BirthDay'

2023-04-03 08:39:15 - [TEST_STEP][PASSED] - nameInputValue = getAttribute(findTestObject("WEB/Change Profile/ChangeProfile_inputText_Name"), "value"): Attribute 'value' of object 'Object Repository/WEB/Change Profile/ChangeProfile_inputText_Name' is: 'Edited Name'

2023-04-03 08:39:15 - [MESSAGE][PASSED] - Attribute 'value' of object 'Object Repository/WEB/Change Profile/ChangeProfile_inputText_Name' is: 'Edited Name'

2023-04-03 08:39:15 - [TEST_STEP][PASSED] - click(findTestObject("WEB/Change Profile/ChangeProfile_button_Save")): Object: 'Object Repository/WEB/Change Profile/ChangeProfile_button_Save' is clicked on

2023-04-03 08:39:17 - [MESSAGE][PASSED] - Object: 'Object Repository/WEB/Change Profile/ChangeProfile_button_Save' is clicked on

2023-04-03 08:39:17 - [TEST_STEP][PASSED] - delay(2): Delayed 2 second(s)

2023-04-03 08:39:19 - [MESSAGE][PASSED] - Delayed 2 second(s)

2023-04-03 08:39:19 - [TEST_STEP][PASSED] - profileImage = getAttribute(findTestObject("WEB/Profile/Profile_img_profilePhoto"), "src"): Attribute 'src' of object 'Object Repository/WEB/Profile/Profile_img_profilePhoto' is: 'https://storage.googleapis.com/codingid-storage-bucket/storage/uploads/avatar/1680485956cat01.jpeg'

2023-04-03 08:39:19 - [MESSAGE][PASSED] - Attribute 'src' of object 'Object Repository/WEB/Profile/Profile_img_profilePhoto' is: 'https://storage.googleapis.com/codingid-storage-bucket/storage/uploads/avatar/1680485956cat01.jpeg'

2023-04-03 08:39:19 - [TEST_STEP][PASSED] - decodedProfileImage = URLDecoder.decode(profileImage, "UTF-8"): null

2023-04-03 08:39:19 - [TEST_STEP][PASSED] - nameProfile = getText(findTestObject("WEB/Profile/Profile_text_Name")): Text of object 'Object Repository/WEB/Profile/Profile_text_Name' is: 'Edited Name'

2023-04-03 08:39:19 - [MESSAGE][PASSED] - Text of object 'Object Repository/WEB/Profile/Profile_text_Name' is: 'Edited Name'

2023-04-03 08:39:19 - [TEST_STEP][PASSED] - phoneProfile = getText(findTestObject("WEB/Profile/Profile_text_Phone")): Text of object 'Object Repository/WEB/Profile/Profile_text_Phone' is: '0412345678'

2023-04-03 08:39:20 - [MESSAGE][PASSED] - Text of object 'Object Repository/WEB/Profile/Profile_text_Phone' is: '0412345678'

2023-04-03 08:39:20 - [TEST_STEP][PASSED] - birthdayProfile = getText(findTestObject("WEB/Profile/Profile_text_Birthday")): Text of object 'Object Repository/WEB/Profile/Profile_text_Birthday' is: '01-Jan-2000'

2023-04-03 08:39:20 - [MESSAGE][PASSED] - Text of object 'Object Repository/WEB/Profile/Profile_text_Birthday' is: '01-Jan-2000'

2023-04-03 08:39:20 - [TEST_STEP][PASSED] - verifyElementText(findTestObject("Object Repository/WEB/Change Profile/Profile_p_ChangeSuccessNotif"), originalNameProfile + " telah di edit"): Actual text and expected text of test object 'Object Repository/WEB/Change Profile/Profile_p_ChangeSuccessNotif' are matched.

2023-04-03 08:39:20 - [MESSAGE][PASSED] - Actual text and expected text of test object 'Object Repository/WEB/Change Profile/Profile_p_ChangeSuccessNotif' are matched.

2023-04-03 08:39:20 - [TEST_STEP][PASSED] - click(findTestObject("Object Repository/WEB/Change Profile/Profile_button_ChangeSuccessNotif")): Object: 'Object Repository/WEB/Change Profile/Profile_button_ChangeSuccessNotif' is clicked on

2023-04-03 08:39:21 - [MESSAGE][PASSED] - Object: 'Object Repository/WEB/Change Profile/Profile_button_ChangeSuccessNotif' is clicked on

2023-04-03 08:39:21 - [TEST_STEP][PASSED] - assert decodedProfileImage.endsWith(uploadFileName) : "Updated photo does not match the uploaded one": null

2023-04-03 08:39:21 - [TEST_STEP][PASSED] - assert nameProfile == inputName : "Updated Name does not match the inputted one": null

2023-04-03 08:39:21 - [TEST_STEP][PASSED] - assert phoneProfile == inputPhone : "Updated Phone Number does not match the inputted one": null

2023-04-03 08:39:21 - [TEST_STEP][PASSED] - assert birthdayProfile == inputBirthday : "Updated Birthday does not match the inputted one": null]]></system-out>
         <system-err><![CDATA[]]></system-err>
      </testcase>
      <testcase name="Test Cases/Web/CP/CP-15" time="40.149" classname="Test Cases/Web/CP/CP-15" status="FAILED">
         <failure type="FAILED" message="Test Cases/Web/CP/CP-15 FAILED.
Reason:
com.kms.katalon.core.exception.StepFailedException: Unable to get attribute 'src' of object 'Object Repository/WEB/Profile/Profile_img_profilePhoto'
	at com.kms.katalon.core.webui.keyword.internal.WebUIKeywordMain.stepFailed(WebUIKeywordMain.groovy:64)
	at com.kms.katalon.core.webui.keyword.internal.WebUIKeywordMain.runKeyword(WebUIKeywordMain.groovy:26)
	at com.kms.katalon.core.webui.keyword.builtin.GetAttributeKeyword.getAttribute(GetAttributeKeyword.groovy:93)
	at com.kms.katalon.core.webui.keyword.builtin.GetAttributeKeyword.execute(GetAttributeKeyword.groovy:68)
	at com.kms.katalon.core.keyword.internal.KeywordExecutor.executeKeywordForPlatform(KeywordExecutor.groovy:74)
	at com.kms.katalon.core.webui.keyword.WebUiBuiltInKeywords.getAttribute(WebUiBuiltInKeywords.groovy:951)
	at com.kms.katalon.core.webui.keyword.WebUiBuiltInKeywords$getAttribute$7.call(Unknown Source)
	at CP-15.run(CP-15:55)
	at com.kms.katalon.core.main.ScriptEngine.run(ScriptEngine.java:194)
	at com.kms.katalon.core.main.ScriptEngine.runScriptAsRawText(ScriptEngine.java:119)
	at com.kms.katalon.core.main.TestCaseExecutor.runScript(TestCaseExecutor.java:448)
	at com.kms.katalon.core.main.TestCaseExecutor.doExecute(TestCaseExecutor.java:439)
	at com.kms.katalon.core.main.TestCaseExecutor.processExecutionPhase(TestCaseExecutor.java:418)
	at com.kms.katalon.core.main.TestCaseExecutor.accessMainPhase(TestCaseExecutor.java:410)
	at com.kms.katalon.core.main.TestCaseExecutor.execute(TestCaseExecutor.java:285)
	at com.kms.katalon.core.common.CommonExecutor.accessTestCaseMainPhase(CommonExecutor.java:65)
	at com.kms.katalon.core.main.TestSuiteExecutor.accessTestSuiteMainPhase(TestSuiteExecutor.java:151)
	at com.kms.katalon.core.main.TestSuiteExecutor.execute(TestSuiteExecutor.java:106)
	at com.kms.katalon.core.main.TestCaseMain.startTestSuite(TestCaseMain.java:185)
	at com.kms.katalon.core.main.TestCaseMain$startTestSuite$0.call(Unknown Source)
	at TempTestSuite1680485631021.run(TempTestSuite1680485631021.groovy:36)
Caused by: com.kms.katalon.core.webui.exception.WebElementNotFoundException: Web element with id: 'Object Repository/WEB/Profile/Profile_img_profilePhoto' located by '//div[@id='app']/div/div[3]/section/div/div/div/div/div/div/div/img' not found
	at com.kms.katalon.core.webui.common.WebUiCommonHelper.findWebElement(WebUiCommonHelper.java:1370)
	at com.kms.katalon.core.webui.keyword.internal.WebUIAbstractKeyword.findWebElement(WebUIAbstractKeyword.groovy:27)
	at com.kms.katalon.core.webui.keyword.internal.WebUIAbstractKeyword.findWebElement(WebUIAbstractKeyword.groovy:26)
	at com.kms.katalon.core.webui.keyword.builtin.GetAttributeKeyword$_getAttribute_closure1.doCall(GetAttributeKeyword.groovy:83)
	at com.kms.katalon.core.webui.keyword.builtin.GetAttributeKeyword$_getAttribute_closure1.call(GetAttributeKeyword.groovy)
	at com.kms.katalon.core.webui.keyword.internal.WebUIKeywordMain.runKeyword(WebUIKeywordMain.groovy:20)
	... 19 more
"/>
         <system-out><![CDATA[2023-04-03 08:39:21 - [TEST_CASE][FAILED] - Test Cases/Web/CP/CP-15: Test Cases/Web/CP/CP-15 FAILED.
Reason:
com.kms.katalon.core.exception.StepFailedException: Unable to get attribute 'src' of object 'Object Repository/WEB/Profile/Profile_img_profilePhoto'
	at com.kms.katalon.core.webui.keyword.internal.WebUIKeywordMain.stepFailed(WebUIKeywordMain.groovy:64)
	at com.kms.katalon.core.webui.keyword.internal.WebUIKeywordMain.runKeyword(WebUIKeywordMain.groovy:26)
	at com.kms.katalon.core.webui.keyword.builtin.GetAttributeKeyword.getAttribute(GetAttributeKeyword.groovy:93)
	at com.kms.katalon.core.webui.keyword.builtin.GetAttributeKeyword.execute(GetAttributeKeyword.groovy:68)
	at com.kms.katalon.core.keyword.internal.KeywordExecutor.executeKeywordForPlatform(KeywordExecutor.groovy:74)
	at com.kms.katalon.core.webui.keyword.WebUiBuiltInKeywords.getAttribute(WebUiBuiltInKeywords.groovy:951)
	at com.kms.katalon.core.webui.keyword.WebUiBuiltInKeywords$getAttribute$7.call(Unknown Source)
	at CP-15.run(CP-15:55)
	at com.kms.katalon.core.main.ScriptEngine.run(ScriptEngine.java:194)
	at com.kms.katalon.core.main.ScriptEngine.runScriptAsRawText(ScriptEngine.java:119)
	at com.kms.katalon.core.main.TestCaseExecutor.runScript(TestCaseExecutor.java:448)
	at com.kms.katalon.core.main.TestCaseExecutor.doExecute(TestCaseExecutor.java:439)
	at com.kms.katalon.core.main.TestCaseExecutor.processExecutionPhase(TestCaseExecutor.java:418)
	at com.kms.katalon.core.main.TestCaseExecutor.accessMainPhase(TestCaseExecutor.java:410)
	at com.kms.katalon.core.main.TestCaseExecutor.execute(TestCaseExecutor.java:285)
	at com.kms.katalon.core.common.CommonExecutor.accessTestCaseMainPhase(CommonExecutor.java:65)
	at com.kms.katalon.core.main.TestSuiteExecutor.accessTestSuiteMainPhase(TestSuiteExecutor.java:151)
	at com.kms.katalon.core.main.TestSuiteExecutor.execute(TestSuiteExecutor.java:106)
	at com.kms.katalon.core.main.TestCaseMain.startTestSuite(TestCaseMain.java:185)
	at com.kms.katalon.core.main.TestCaseMain$startTestSuite$0.call(Unknown Source)
	at TempTestSuite1680485631021.run(TempTestSuite1680485631021.groovy:36)
Caused by: com.kms.katalon.core.webui.exception.WebElementNotFoundException: Web element with id: 'Object Repository/WEB/Profile/Profile_img_profilePhoto' located by '//div[@id='app']/div/div[3]/section/div/div/div/div/div/div/div/img' not found
	at com.kms.katalon.core.webui.common.WebUiCommonHelper.findWebElement(WebUiCommonHelper.java:1370)
	at com.kms.katalon.core.webui.keyword.internal.WebUIAbstractKeyword.findWebElement(WebUIAbstractKeyword.groovy:27)
	at com.kms.katalon.core.webui.keyword.internal.WebUIAbstractKeyword.findWebElement(WebUIAbstractKeyword.groovy:26)
	at com.kms.katalon.core.webui.keyword.builtin.GetAttributeKeyword$_getAttribute_closure1.doCall(GetAttributeKeyword.groovy:83)
	at com.kms.katalon.core.webui.keyword.builtin.GetAttributeKeyword$_getAttribute_closure1.call(GetAttributeKeyword.groovy)
	at com.kms.katalon.core.webui.keyword.internal.WebUIKeywordMain.runKeyword(WebUIKeywordMain.groovy:20)
	... 19 more


2023-04-03 08:39:21 - [TEST_STEP][PASSED] - navigateToUrl("https://demo-app.online/dashboard/profile"): Navigate to 'https://demo-app.online/dashboard/profile' successfully

2023-04-03 08:39:21 - [MESSAGE][PASSED] - Navigate to 'https://demo-app.online/dashboard/profile' successfully

2023-04-03 08:39:21 - [TEST_STEP][PASSED] - testData = findTestData("Data Files/Web/ChangeProfile_PhoneCountryCode"): null

2023-04-03 08:39:21 - [TEST_STEP][FAILED] - for ([i = 1, i <= testData.getRowNumbers(), (i++)]): Unable to get attribute 'src' of object 'Object Repository/WEB/Profile/Profile_img_profilePhoto' (Root cause: com.kms.katalon.core.exception.StepFailedException: Unable to get attribute 'src' of object 'Object Repository/WEB/Profile/Profile_img_profilePhoto'
	at com.kms.katalon.core.webui.keyword.internal.WebUIKeywordMain.stepFailed(WebUIKeywordMain.groovy:64)
	at com.kms.katalon.core.webui.keyword.internal.WebUIKeywordMain.runKeyword(WebUIKeywordMain.groovy:26)
	at com.kms.katalon.core.webui.keyword.builtin.GetAttributeKeyword.getAttribute(GetAttributeKeyword.groovy:93)
	at com.kms.katalon.core.webui.keyword.builtin.GetAttributeKeyword.execute(GetAttributeKeyword.groovy:68)
	at com.kms.katalon.core.keyword.internal.KeywordExecutor.executeKeywordForPlatform(KeywordExecutor.groovy:74)
	at com.kms.katalon.core.webui.keyword.WebUiBuiltInKeywords.getAttribute(WebUiBuiltInKeywords.groovy:951)
	at com.kms.katalon.core.webui.keyword.WebUiBuiltInKeywords$getAttribute$7.call(Unknown Source)
	at CP-15.run(CP-15:55)
	at com.kms.katalon.core.main.ScriptEngine.run(ScriptEngine.java:194)
	at com.kms.katalon.core.main.ScriptEngine.runScriptAsRawText(ScriptEngine.java:119)
	at com.kms.katalon.core.main.TestCaseExecutor.runScript(TestCaseExecutor.java:448)
	at com.kms.katalon.core.main.TestCaseExecutor.doExecute(TestCaseExecutor.java:439)
	at com.kms.katalon.core.main.TestCaseExecutor.processExecutionPhase(TestCaseExecutor.java:418)
	at com.kms.katalon.core.main.TestCaseExecutor.accessMainPhase(TestCaseExecutor.java:410)
	at com.kms.katalon.core.main.TestCaseExecutor.execute(TestCaseExecutor.java:285)
	at com.kms.katalon.core.common.CommonExecutor.accessTestCaseMainPhase(CommonExecutor.java:65)
	at com.kms.katalon.core.main.TestSuiteExecutor.accessTestSuiteMainPhase(TestSuiteExecutor.java:151)
	at com.kms.katalon.core.main.TestSuiteExecutor.execute(TestSuiteExecutor.java:106)
	at com.kms.katalon.core.main.TestCaseMain.startTestSuite(TestCaseMain.java:185)
	at com.kms.katalon.core.main.TestCaseMain$startTestSuite$0.call(Unknown Source)
	at TempTestSuite1680485631021.run(TempTestSuite1680485631021.groovy:36)
Caused by: com.kms.katalon.core.webui.exception.WebElementNotFoundException: Web element with id: 'Object Repository/WEB/Profile/Profile_img_profilePhoto' located by '//div[@id='app']/div/div[3]/section/div/div/div/div/div/div/div/img' not found
	at com.kms.katalon.core.webui.common.WebUiCommonHelper.findWebElement(WebUiCommonHelper.java:1370)
	at com.kms.katalon.core.webui.keyword.internal.WebUIAbstractKeyword.findWebElement(WebUIAbstractKeyword.groovy:27)
	at com.kms.katalon.core.webui.keyword.internal.WebUIAbstractKeyword.findWebElement(WebUIAbstractKeyword.groovy:26)
	at com.kms.katalon.core.webui.keyword.builtin.GetAttributeKeyword$_getAttribute_closure1.doCall(GetAttributeKeyword.groovy:83)
	at com.kms.katalon.core.webui.keyword.builtin.GetAttributeKeyword$_getAttribute_closure1.call(GetAttributeKeyword.groovy)
	at com.kms.katalon.core.webui.keyword.internal.WebUIKeywordMain.runKeyword(WebUIKeywordMain.groovy:20)
	at com.kms.katalon.core.webui.keyword.builtin.GetAttributeKeyword.getAttribute(GetAttributeKeyword.groovy:93)
	at com.kms.katalon.core.webui.keyword.builtin.GetAttributeKeyword.execute(GetAttributeKeyword.groovy:68)
	at com.kms.katalon.core.keyword.internal.KeywordExecutor.executeKeywordForPlatform(KeywordExecutor.groovy:74)
	at com.kms.katalon.core.webui.keyword.WebUiBuiltInKeywords.getAttribute(WebUiBuiltInKeywords.groovy:951)
	at com.kms.katalon.core.webui.keyword.WebUiBuiltInKeywords$getAttribute$7.call(Unknown Source)
	at Script1680390361408.run(Script1680390361408.groovy:55)
	... 13 more
)

2023-04-03 08:39:21 - [TEST_STEP][PASSED] - uploadFilePath = "/Include/Resources/": null

2023-04-03 08:39:21 - [TEST_STEP][PASSED] - uploadFileName = "cat01.jpeg": null

2023-04-03 08:39:21 - [TEST_STEP][PASSED] - file = new java.io.File(com.kms.katalon.core.configuration.RunConfiguration.getProjectDir(), (uploadFilePath + uploadFileName)): null

2023-04-03 08:39:21 - [TEST_STEP][PASSED] - inputImage = file.toString(): null

2023-04-03 08:39:21 - [TEST_STEP][PASSED] - inputName = "Edited Name": null

2023-04-03 08:39:21 - [TEST_STEP][PASSED] - inputPhone = toString().trim(): null

2023-04-03 08:39:21 - [TEST_STEP][PASSED] - inputBirthday = "01-Jan-2000": null

2023-04-03 08:39:21 - [TEST_STEP][PASSED] - originalNameProfile = getText(findTestObject("WEB/Profile/Profile_text_Name")).trim(): Text of object 'Object Repository/WEB/Profile/Profile_text_Name' is: 'Edited Name'

2023-04-03 08:39:22 - [MESSAGE][PASSED] - Text of object 'Object Repository/WEB/Profile/Profile_text_Name' is: 'Edited Name'

2023-04-03 08:39:22 - [TEST_STEP][PASSED] - click(findTestObject("WEB/Profile/Profile_button_EditProfile")): Object: 'Object Repository/WEB/Profile/Profile_button_EditProfile' is clicked on

2023-04-03 08:39:23 - [MESSAGE][PASSED] - Object: 'Object Repository/WEB/Profile/Profile_button_EditProfile' is clicked on

2023-04-03 08:39:23 - [TEST_STEP][PASSED] - uploadFile(findTestObject("WEB/Change Profile/ChangeProfile_button_uploadButton"), inputImage): File 'C:\Users\rizki\git\CodingID-QA\Include\Resources\cat01.jpeg' sent to object: 'Object Repository/WEB/Change Profile/ChangeProfile_button_uploadButton'

2023-04-03 08:39:24 - [MESSAGE][PASSED] - File 'C:\Users\rizki\git\CodingID-QA\Include\Resources\cat01.jpeg' sent to object: 'Object Repository/WEB/Change Profile/ChangeProfile_button_uploadButton'

2023-04-03 08:39:24 - [TEST_STEP][PASSED] - setText(findTestObject("WEB/Change Profile/ChangeProfile_inputText_Name"), inputName): Text 'Edited Name' is set on object 'Object Repository/WEB/Change Profile/ChangeProfile_inputText_Name'

2023-04-03 08:39:24 - [MESSAGE][PASSED] - Text 'Edited Name' is set on object 'Object Repository/WEB/Change Profile/ChangeProfile_inputText_Name'

2023-04-03 08:39:24 - [TEST_STEP][PASSED] - setText(findTestObject("WEB/Change Profile/ChangeProfile_inputText_Phone"), inputPhone): Text '+12125551212' is set on object 'Object Repository/WEB/Change Profile/ChangeProfile_inputText_Phone'

2023-04-03 08:39:25 - [MESSAGE][PASSED] - Text '+12125551212' is set on object 'Object Repository/WEB/Change Profile/ChangeProfile_inputText_Phone'

2023-04-03 08:39:25 - [TEST_STEP][PASSED] - setText(findTestObject("WEB/Change Profile/ChangeProfile_inputText_BirthDay"), inputBirthday): Text '01-Jan-2000' is set on object 'Object Repository/WEB/Change Profile/ChangeProfile_inputText_BirthDay'

2023-04-03 08:39:26 - [MESSAGE][PASSED] - Text '01-Jan-2000' is set on object 'Object Repository/WEB/Change Profile/ChangeProfile_inputText_BirthDay'

2023-04-03 08:39:26 - [TEST_STEP][PASSED] - nameInputValue = getAttribute(findTestObject("WEB/Change Profile/ChangeProfile_inputText_Name"), "value"): Attribute 'value' of object 'Object Repository/WEB/Change Profile/ChangeProfile_inputText_Name' is: 'Edited Name'

2023-04-03 08:39:26 - [MESSAGE][PASSED] - Attribute 'value' of object 'Object Repository/WEB/Change Profile/ChangeProfile_inputText_Name' is: 'Edited Name'

2023-04-03 08:39:26 - [TEST_STEP][PASSED] - click(findTestObject("WEB/Change Profile/ChangeProfile_button_Save")): Object: 'Object Repository/WEB/Change Profile/ChangeProfile_button_Save' is clicked on

2023-04-03 08:39:27 - [MESSAGE][PASSED] - Object: 'Object Repository/WEB/Change Profile/ChangeProfile_button_Save' is clicked on

2023-04-03 08:39:27 - [TEST_STEP][PASSED] - delay(2): Delayed 2 second(s)

2023-04-03 08:39:29 - [MESSAGE][PASSED] - Delayed 2 second(s)

2023-04-03 08:39:29 - [TEST_STEP][FAILED] - profileImage = getAttribute(findTestObject("WEB/Profile/Profile_img_profilePhoto"), "src"): Unable to get attribute 'src' of object 'Object Repository/WEB/Profile/Profile_img_profilePhoto' (Root cause: com.kms.katalon.core.exception.StepFailedException: Unable to get attribute 'src' of object 'Object Repository/WEB/Profile/Profile_img_profilePhoto'
	at com.kms.katalon.core.webui.keyword.internal.WebUIKeywordMain.stepFailed(WebUIKeywordMain.groovy:64)
	at com.kms.katalon.core.webui.keyword.internal.WebUIKeywordMain.runKeyword(WebUIKeywordMain.groovy:26)
	at com.kms.katalon.core.webui.keyword.builtin.GetAttributeKeyword.getAttribute(GetAttributeKeyword.groovy:93)
	at com.kms.katalon.core.webui.keyword.builtin.GetAttributeKeyword.execute(GetAttributeKeyword.groovy:68)
	at com.kms.katalon.core.keyword.internal.KeywordExecutor.executeKeywordForPlatform(KeywordExecutor.groovy:74)
	at com.kms.katalon.core.webui.keyword.WebUiBuiltInKeywords.getAttribute(WebUiBuiltInKeywords.groovy:951)
	at com.kms.katalon.core.webui.keyword.WebUiBuiltInKeywords$getAttribute$7.call(Unknown Source)
	at CP-15.run(CP-15:55)
	at com.kms.katalon.core.main.ScriptEngine.run(ScriptEngine.java:194)
	at com.kms.katalon.core.main.ScriptEngine.runScriptAsRawText(ScriptEngine.java:119)
	at com.kms.katalon.core.main.TestCaseExecutor.runScript(TestCaseExecutor.java:448)
	at com.kms.katalon.core.main.TestCaseExecutor.doExecute(TestCaseExecutor.java:439)
	at com.kms.katalon.core.main.TestCaseExecutor.processExecutionPhase(TestCaseExecutor.java:418)
	at com.kms.katalon.core.main.TestCaseExecutor.accessMainPhase(TestCaseExecutor.java:410)
	at com.kms.katalon.core.main.TestCaseExecutor.execute(TestCaseExecutor.java:285)
	at com.kms.katalon.core.common.CommonExecutor.accessTestCaseMainPhase(CommonExecutor.java:65)
	at com.kms.katalon.core.main.TestSuiteExecutor.accessTestSuiteMainPhase(TestSuiteExecutor.java:151)
	at com.kms.katalon.core.main.TestSuiteExecutor.execute(TestSuiteExecutor.java:106)
	at com.kms.katalon.core.main.TestCaseMain.startTestSuite(TestCaseMain.java:185)
	at com.kms.katalon.core.main.TestCaseMain$startTestSuite$0.call(Unknown Source)
	at TempTestSuite1680485631021.run(TempTestSuite1680485631021.groovy:36)
Caused by: com.kms.katalon.core.webui.exception.WebElementNotFoundException: Web element with id: 'Object Repository/WEB/Profile/Profile_img_profilePhoto' located by '//div[@id='app']/div/div[3]/section/div/div/div/div/div/div/div/img' not found
	at com.kms.katalon.core.webui.common.WebUiCommonHelper.findWebElement(WebUiCommonHelper.java:1370)
	at com.kms.katalon.core.webui.keyword.internal.WebUIAbstractKeyword.findWebElement(WebUIAbstractKeyword.groovy:27)
	at com.kms.katalon.core.webui.keyword.internal.WebUIAbstractKeyword.findWebElement(WebUIAbstractKeyword.groovy:26)
	at com.kms.katalon.core.webui.keyword.builtin.GetAttributeKeyword$_getAttribute_closure1.doCall(GetAttributeKeyword.groovy:83)
	at com.kms.katalon.core.webui.keyword.builtin.GetAttributeKeyword$_getAttribute_closure1.call(GetAttributeKeyword.groovy)
	at com.kms.katalon.core.webui.keyword.internal.WebUIKeywordMain.runKeyword(WebUIKeywordMain.groovy:20)
	at com.kms.katalon.core.webui.keyword.builtin.GetAttributeKeyword.getAttribute(GetAttributeKeyword.groovy:93)
	at com.kms.katalon.core.webui.keyword.builtin.GetAttributeKeyword.execute(GetAttributeKeyword.groovy:68)
	at com.kms.katalon.core.keyword.internal.KeywordExecutor.executeKeywordForPlatform(KeywordExecutor.groovy:74)
	at com.kms.katalon.core.webui.keyword.WebUiBuiltInKeywords.getAttribute(WebUiBuiltInKeywords.groovy:951)
	at com.kms.katalon.core.webui.keyword.WebUiBuiltInKeywords$getAttribute$7.call(Unknown Source)
	at Script1680390361408.run(Script1680390361408.groovy:55)
	... 13 more
)

2023-04-03 08:40:01 - [MESSAGE][INFO] - Unable to find the element located by 'By.xpath: //div[@id='app']/div/div[3]/section/div/div/div/div/div/div/div/img'. Please recheck the objects properties to make sure the desired element is located. 

2023-04-03 08:40:01 - [MESSAGE][FAILED] - Unable to get attribute 'src' of object 'Object Repository/WEB/Profile/Profile_img_profilePhoto' (Root cause: com.kms.katalon.core.exception.StepFailedException: Unable to get attribute 'src' of object 'Object Repository/WEB/Profile/Profile_img_profilePhoto'
	at com.kms.katalon.core.webui.keyword.internal.WebUIKeywordMain.stepFailed(WebUIKeywordMain.groovy:64)
	at com.kms.katalon.core.webui.keyword.internal.WebUIKeywordMain.runKeyword(WebUIKeywordMain.groovy:26)
	at com.kms.katalon.core.webui.keyword.builtin.GetAttributeKeyword.getAttribute(GetAttributeKeyword.groovy:93)
	at com.kms.katalon.core.webui.keyword.builtin.GetAttributeKeyword.execute(GetAttributeKeyword.groovy:68)
	at com.kms.katalon.core.keyword.internal.KeywordExecutor.executeKeywordForPlatform(KeywordExecutor.groovy:74)
	at com.kms.katalon.core.webui.keyword.WebUiBuiltInKeywords.getAttribute(WebUiBuiltInKeywords.groovy:951)
	at com.kms.katalon.core.webui.keyword.WebUiBuiltInKeywords$getAttribute$7.call(Unknown Source)
	at CP-15.run(CP-15:55)
	at com.kms.katalon.core.main.ScriptEngine.run(ScriptEngine.java:194)
	at com.kms.katalon.core.main.ScriptEngine.runScriptAsRawText(ScriptEngine.java:119)
	at com.kms.katalon.core.main.TestCaseExecutor.runScript(TestCaseExecutor.java:448)
	at com.kms.katalon.core.main.TestCaseExecutor.doExecute(TestCaseExecutor.java:439)
	at com.kms.katalon.core.main.TestCaseExecutor.processExecutionPhase(TestCaseExecutor.java:418)
	at com.kms.katalon.core.main.TestCaseExecutor.accessMainPhase(TestCaseExecutor.java:410)
	at com.kms.katalon.core.main.TestCaseExecutor.execute(TestCaseExecutor.java:285)
	at com.kms.katalon.core.common.CommonExecutor.accessTestCaseMainPhase(CommonExecutor.java:65)
	at com.kms.katalon.core.main.TestSuiteExecutor.accessTestSuiteMainPhase(TestSuiteExecutor.java:151)
	at com.kms.katalon.core.main.TestSuiteExecutor.execute(TestSuiteExecutor.java:106)
	at com.kms.katalon.core.main.TestCaseMain.startTestSuite(TestCaseMain.java:185)
	at com.kms.katalon.core.main.TestCaseMain$startTestSuite$0.call(Unknown Source)
	at TempTestSuite1680485631021.run(TempTestSuite1680485631021.groovy:36)
Caused by: com.kms.katalon.core.webui.exception.WebElementNotFoundException: Web element with id: 'Object Repository/WEB/Profile/Profile_img_profilePhoto' located by '//div[@id='app']/div/div[3]/section/div/div/div/div/div/div/div/img' not found
	at com.kms.katalon.core.webui.common.WebUiCommonHelper.findWebElement(WebUiCommonHelper.java:1370)
	at com.kms.katalon.core.webui.keyword.internal.WebUIAbstractKeyword.findWebElement(WebUIAbstractKeyword.groovy:27)
	at com.kms.katalon.core.webui.keyword.internal.WebUIAbstractKeyword.findWebElement(WebUIAbstractKeyword.groovy:26)
	at com.kms.katalon.core.webui.keyword.builtin.GetAttributeKeyword$_getAttribute_closure1.doCall(GetAttributeKeyword.groovy:83)
	at com.kms.katalon.core.webui.keyword.builtin.GetAttributeKeyword$_getAttribute_closure1.call(GetAttributeKeyword.groovy)
	at com.kms.katalon.core.webui.keyword.internal.WebUIKeywordMain.runKeyword(WebUIKeywordMain.groovy:20)
	at com.kms.katalon.core.webui.keyword.builtin.GetAttributeKeyword.getAttribute(GetAttributeKeyword.groovy:93)
	at com.kms.katalon.core.webui.keyword.builtin.GetAttributeKeyword.execute(GetAttributeKeyword.groovy:68)
	at com.kms.katalon.core.keyword.internal.KeywordExecutor.executeKeywordForPlatform(KeywordExecutor.groovy:74)
	at com.kms.katalon.core.webui.keyword.WebUiBuiltInKeywords.getAttribute(WebUiBuiltInKeywords.groovy:951)
	at com.kms.katalon.core.webui.keyword.WebUiBuiltInKeywords$getAttribute$7.call(Unknown Source)
	at Script1680390361408.run(Script1680390361408.groovy:55)
	... 13 more
)
[[ATTACHMENT|C:\\Users\\rizki\\git\\CodingID-QA\\Reports\\20230403_083351\\WEB\\CP\\20230403_083351\\1680486001160.png]]]]></system-out>
         <system-err><![CDATA[2023-04-03 08:39:21 - [TEST_CASE][FAILED] - Test Cases/Web/CP/CP-15: Test Cases/Web/CP/CP-15 FAILED.
Reason:
com.kms.katalon.core.exception.StepFailedException: Unable to get attribute 'src' of object 'Object Repository/WEB/Profile/Profile_img_profilePhoto'
	at com.kms.katalon.core.webui.keyword.internal.WebUIKeywordMain.stepFailed(WebUIKeywordMain.groovy:64)
	at com.kms.katalon.core.webui.keyword.internal.WebUIKeywordMain.runKeyword(WebUIKeywordMain.groovy:26)
	at com.kms.katalon.core.webui.keyword.builtin.GetAttributeKeyword.getAttribute(GetAttributeKeyword.groovy:93)
	at com.kms.katalon.core.webui.keyword.builtin.GetAttributeKeyword.execute(GetAttributeKeyword.groovy:68)
	at com.kms.katalon.core.keyword.internal.KeywordExecutor.executeKeywordForPlatform(KeywordExecutor.groovy:74)
	at com.kms.katalon.core.webui.keyword.WebUiBuiltInKeywords.getAttribute(WebUiBuiltInKeywords.groovy:951)
	at com.kms.katalon.core.webui.keyword.WebUiBuiltInKeywords$getAttribute$7.call(Unknown Source)
	at CP-15.run(CP-15:55)
	at com.kms.katalon.core.main.ScriptEngine.run(ScriptEngine.java:194)
	at com.kms.katalon.core.main.ScriptEngine.runScriptAsRawText(ScriptEngine.java:119)
	at com.kms.katalon.core.main.TestCaseExecutor.runScript(TestCaseExecutor.java:448)
	at com.kms.katalon.core.main.TestCaseExecutor.doExecute(TestCaseExecutor.java:439)
	at com.kms.katalon.core.main.TestCaseExecutor.processExecutionPhase(TestCaseExecutor.java:418)
	at com.kms.katalon.core.main.TestCaseExecutor.accessMainPhase(TestCaseExecutor.java:410)
	at com.kms.katalon.core.main.TestCaseExecutor.execute(TestCaseExecutor.java:285)
	at com.kms.katalon.core.common.CommonExecutor.accessTestCaseMainPhase(CommonExecutor.java:65)
	at com.kms.katalon.core.main.TestSuiteExecutor.accessTestSuiteMainPhase(TestSuiteExecutor.java:151)
	at com.kms.katalon.core.main.TestSuiteExecutor.execute(TestSuiteExecutor.java:106)
	at com.kms.katalon.core.main.TestCaseMain.startTestSuite(TestCaseMain.java:185)
	at com.kms.katalon.core.main.TestCaseMain$startTestSuite$0.call(Unknown Source)
	at TempTestSuite1680485631021.run(TempTestSuite1680485631021.groovy:36)
Caused by: com.kms.katalon.core.webui.exception.WebElementNotFoundException: Web element with id: 'Object Repository/WEB/Profile/Profile_img_profilePhoto' located by '//div[@id='app']/div/div[3]/section/div/div/div/div/div/div/div/img' not found
	at com.kms.katalon.core.webui.common.WebUiCommonHelper.findWebElement(WebUiCommonHelper.java:1370)
	at com.kms.katalon.core.webui.keyword.internal.WebUIAbstractKeyword.findWebElement(WebUIAbstractKeyword.groovy:27)
	at com.kms.katalon.core.webui.keyword.internal.WebUIAbstractKeyword.findWebElement(WebUIAbstractKeyword.groovy:26)
	at com.kms.katalon.core.webui.keyword.builtin.GetAttributeKeyword$_getAttribute_closure1.doCall(GetAttributeKeyword.groovy:83)
	at com.kms.katalon.core.webui.keyword.builtin.GetAttributeKeyword$_getAttribute_closure1.call(GetAttributeKeyword.groovy)
	at com.kms.katalon.core.webui.keyword.internal.WebUIKeywordMain.runKeyword(WebUIKeywordMain.groovy:20)
	... 19 more]]></system-err>
      </testcase>
      <testcase name="Test Cases/Web/CP/CP-19" time="9.585" classname="Test Cases/Web/CP/CP-19" status="FAILED">
         <failure type="FAILED" message="Test Cases/Web/CP/CP-19 FAILED.
Reason:
com.kms.katalon.core.exception.StepFailedException: Unable to verify object 'Object Repository/WEB/Change Profile/ChangeProfile_validationError_Name' is present
	at com.kms.katalon.core.webui.keyword.internal.WebUIKeywordMain.stepFailed(WebUIKeywordMain.groovy:64)
	at com.kms.katalon.core.webui.keyword.internal.WebUIKeywordMain.runKeyword(WebUIKeywordMain.groovy:26)
	at com.kms.katalon.core.webui.keyword.builtin.VerifyElementPresentKeyword.verifyElementPresent(VerifyElementPresentKeyword.groovy:92)
	at com.kms.katalon.core.webui.keyword.builtin.VerifyElementPresentKeyword.execute(VerifyElementPresentKeyword.groovy:68)
	at com.kms.katalon.core.keyword.internal.KeywordExecutor.executeKeywordForPlatform(KeywordExecutor.groovy:74)
	at com.kms.katalon.core.webui.keyword.WebUiBuiltInKeywords.verifyElementPresent(WebUiBuiltInKeywords.groovy:1464)
	at com.kms.katalon.core.webui.keyword.WebUiBuiltInKeywords$verifyElementPresent$10.call(Unknown Source)
	at CP-19.run(CP-19:44)
	at com.kms.katalon.core.main.ScriptEngine.run(ScriptEngine.java:194)
	at com.kms.katalon.core.main.ScriptEngine.runScriptAsRawText(ScriptEngine.java:119)
	at com.kms.katalon.core.main.TestCaseExecutor.runScript(TestCaseExecutor.java:448)
	at com.kms.katalon.core.main.TestCaseExecutor.doExecute(TestCaseExecutor.java:439)
	at com.kms.katalon.core.main.TestCaseExecutor.processExecutionPhase(TestCaseExecutor.java:418)
	at com.kms.katalon.core.main.TestCaseExecutor.accessMainPhase(TestCaseExecutor.java:410)
	at com.kms.katalon.core.main.TestCaseExecutor.execute(TestCaseExecutor.java:285)
	at com.kms.katalon.core.common.CommonExecutor.accessTestCaseMainPhase(CommonExecutor.java:65)
	at com.kms.katalon.core.main.TestSuiteExecutor.accessTestSuiteMainPhase(TestSuiteExecutor.java:151)
	at com.kms.katalon.core.main.TestSuiteExecutor.execute(TestSuiteExecutor.java:106)
	at com.kms.katalon.core.main.TestCaseMain.startTestSuite(TestCaseMain.java:185)
	at com.kms.katalon.core.main.TestCaseMain$startTestSuite$0.call(Unknown Source)
	at TempTestSuite1680485631021.run(TempTestSuite1680485631021.groovy:36)
Caused by: com.kms.katalon.core.exception.StepFailedException: com.kms.katalon.core.webui.exception.WebElementNotFoundException: Web element with id: 'Object Repository/WEB/Change Profile/ChangeProfile_validationError_Name' located by '//div[@id='app']/div/div[3]/section/div/div/div/div/div/div/div/form/div[2]/div/span/strong' not found
	at com.kms.katalon.core.webui.keyword.internal.WebUIKeywordMain.stepFailed(WebUIKeywordMain.groovy:64)
	at com.kms.katalon.core.webui.keyword.builtin.VerifyElementPresentKeyword$_verifyElementPresent_closure1.doCall(VerifyElementPresentKeyword.groovy:85)
	at com.kms.katalon.core.webui.keyword.builtin.VerifyElementPresentKeyword$_verifyElementPresent_closure1.call(VerifyElementPresentKeyword.groovy)
	at com.kms.katalon.core.webui.keyword.internal.WebUIKeywordMain.runKeyword(WebUIKeywordMain.groovy:20)
	... 19 more
"/>
         <system-out><![CDATA[2023-04-03 08:40:01 - [TEST_CASE][FAILED] - Test Cases/Web/CP/CP-19: Test Cases/Web/CP/CP-19 FAILED.
Reason:
com.kms.katalon.core.exception.StepFailedException: Unable to verify object 'Object Repository/WEB/Change Profile/ChangeProfile_validationError_Name' is present
	at com.kms.katalon.core.webui.keyword.internal.WebUIKeywordMain.stepFailed(WebUIKeywordMain.groovy:64)
	at com.kms.katalon.core.webui.keyword.internal.WebUIKeywordMain.runKeyword(WebUIKeywordMain.groovy:26)
	at com.kms.katalon.core.webui.keyword.builtin.VerifyElementPresentKeyword.verifyElementPresent(VerifyElementPresentKeyword.groovy:92)
	at com.kms.katalon.core.webui.keyword.builtin.VerifyElementPresentKeyword.execute(VerifyElementPresentKeyword.groovy:68)
	at com.kms.katalon.core.keyword.internal.KeywordExecutor.executeKeywordForPlatform(KeywordExecutor.groovy:74)
	at com.kms.katalon.core.webui.keyword.WebUiBuiltInKeywords.verifyElementPresent(WebUiBuiltInKeywords.groovy:1464)
	at com.kms.katalon.core.webui.keyword.WebUiBuiltInKeywords$verifyElementPresent$10.call(Unknown Source)
	at CP-19.run(CP-19:44)
	at com.kms.katalon.core.main.ScriptEngine.run(ScriptEngine.java:194)
	at com.kms.katalon.core.main.ScriptEngine.runScriptAsRawText(ScriptEngine.java:119)
	at com.kms.katalon.core.main.TestCaseExecutor.runScript(TestCaseExecutor.java:448)
	at com.kms.katalon.core.main.TestCaseExecutor.doExecute(TestCaseExecutor.java:439)
	at com.kms.katalon.core.main.TestCaseExecutor.processExecutionPhase(TestCaseExecutor.java:418)
	at com.kms.katalon.core.main.TestCaseExecutor.accessMainPhase(TestCaseExecutor.java:410)
	at com.kms.katalon.core.main.TestCaseExecutor.execute(TestCaseExecutor.java:285)
	at com.kms.katalon.core.common.CommonExecutor.accessTestCaseMainPhase(CommonExecutor.java:65)
	at com.kms.katalon.core.main.TestSuiteExecutor.accessTestSuiteMainPhase(TestSuiteExecutor.java:151)
	at com.kms.katalon.core.main.TestSuiteExecutor.execute(TestSuiteExecutor.java:106)
	at com.kms.katalon.core.main.TestCaseMain.startTestSuite(TestCaseMain.java:185)
	at com.kms.katalon.core.main.TestCaseMain$startTestSuite$0.call(Unknown Source)
	at TempTestSuite1680485631021.run(TempTestSuite1680485631021.groovy:36)
Caused by: com.kms.katalon.core.exception.StepFailedException: com.kms.katalon.core.webui.exception.WebElementNotFoundException: Web element with id: 'Object Repository/WEB/Change Profile/ChangeProfile_validationError_Name' located by '//div[@id='app']/div/div[3]/section/div/div/div/div/div/div/div/form/div[2]/div/span/strong' not found
	at com.kms.katalon.core.webui.keyword.internal.WebUIKeywordMain.stepFailed(WebUIKeywordMain.groovy:64)
	at com.kms.katalon.core.webui.keyword.builtin.VerifyElementPresentKeyword$_verifyElementPresent_closure1.doCall(VerifyElementPresentKeyword.groovy:85)
	at com.kms.katalon.core.webui.keyword.builtin.VerifyElementPresentKeyword$_verifyElementPresent_closure1.call(VerifyElementPresentKeyword.groovy)
	at com.kms.katalon.core.webui.keyword.internal.WebUIKeywordMain.runKeyword(WebUIKeywordMain.groovy:20)
	... 19 more


2023-04-03 08:40:01 - [TEST_STEP][PASSED] - navigateToUrl("https://demo-app.online/dashboard/profile"): Navigate to 'https://demo-app.online/dashboard/profile' successfully

2023-04-03 08:40:02 - [MESSAGE][PASSED] - Navigate to 'https://demo-app.online/dashboard/profile' successfully

2023-04-03 08:40:02 - [TEST_STEP][PASSED] - inputPhone = "081324387": null

2023-04-03 08:40:02 - [TEST_STEP][PASSED] - originalNameProfile = getText(findTestObject("WEB/Profile/Profile_text_Name")).trim(): Text of object 'Object Repository/WEB/Profile/Profile_text_Name' is: 'Edited Name'

2023-04-03 08:40:02 - [MESSAGE][PASSED] - Text of object 'Object Repository/WEB/Profile/Profile_text_Name' is: 'Edited Name'

2023-04-03 08:40:02 - [TEST_STEP][PASSED] - click(findTestObject("WEB/Profile/Profile_button_EditProfile")): Object: 'Object Repository/WEB/Profile/Profile_button_EditProfile' is clicked on

2023-04-03 08:40:03 - [MESSAGE][PASSED] - Object: 'Object Repository/WEB/Profile/Profile_button_EditProfile' is clicked on

2023-04-03 08:40:03 - [TEST_STEP][PASSED] - setText(findTestObject("WEB/Change Profile/ChangeProfile_inputText_Phone"), inputPhone): Text '081324387' is set on object 'Object Repository/WEB/Change Profile/ChangeProfile_inputText_Phone'

2023-04-03 08:40:04 - [MESSAGE][PASSED] - Text '081324387' is set on object 'Object Repository/WEB/Change Profile/ChangeProfile_inputText_Phone'

2023-04-03 08:40:04 - [TEST_STEP][PASSED] - nameInputValue = getAttribute(findTestObject("WEB/Change Profile/ChangeProfile_inputText_Name"), "value"): Attribute 'value' of object 'Object Repository/WEB/Change Profile/ChangeProfile_inputText_Name' is: 'Edited Name'

2023-04-03 08:40:05 - [MESSAGE][PASSED] - Attribute 'value' of object 'Object Repository/WEB/Change Profile/ChangeProfile_inputText_Name' is: 'Edited Name'

2023-04-03 08:40:05 - [TEST_STEP][PASSED] - click(findTestObject("WEB/Change Profile/ChangeProfile_button_Save")): Object: 'Object Repository/WEB/Change Profile/ChangeProfile_button_Save' is clicked on

2023-04-03 08:40:06 - [MESSAGE][PASSED] - Object: 'Object Repository/WEB/Change Profile/ChangeProfile_button_Save' is clicked on

2023-04-03 08:40:06 - [TEST_STEP][PASSED] - delay(2): Delayed 2 second(s)

2023-04-03 08:40:08 - [MESSAGE][PASSED] - Delayed 2 second(s)

2023-04-03 08:40:08 - [TEST_STEP][PASSED] - assert getUrl() == "https://demo-app.online/dashboard/profile/edit": Current window's url is: 'https://demo-app.online/dashboard/profile/edit'

2023-04-03 08:40:08 - [MESSAGE][PASSED] - Current window's url is: 'https://demo-app.online/dashboard/profile/edit'

2023-04-03 08:40:08 - [TEST_STEP][FAILED] - assert verifyElementPresent(findTestObject("WEB/Change Profile/ChangeProfile_validationError_Name"), 1) : "Validation error does not appear": Unable to verify object 'Object Repository/WEB/Change Profile/ChangeProfile_validationError_Name' is present (Root cause: com.kms.katalon.core.exception.StepFailedException: Unable to verify object 'Object Repository/WEB/Change Profile/ChangeProfile_validationError_Name' is present
	at com.kms.katalon.core.webui.keyword.internal.WebUIKeywordMain.stepFailed(WebUIKeywordMain.groovy:64)
	at com.kms.katalon.core.webui.keyword.internal.WebUIKeywordMain.runKeyword(WebUIKeywordMain.groovy:26)
	at com.kms.katalon.core.webui.keyword.builtin.VerifyElementPresentKeyword.verifyElementPresent(VerifyElementPresentKeyword.groovy:92)
	at com.kms.katalon.core.webui.keyword.builtin.VerifyElementPresentKeyword.execute(VerifyElementPresentKeyword.groovy:68)
	at com.kms.katalon.core.keyword.internal.KeywordExecutor.executeKeywordForPlatform(KeywordExecutor.groovy:74)
	at com.kms.katalon.core.webui.keyword.WebUiBuiltInKeywords.verifyElementPresent(WebUiBuiltInKeywords.groovy:1464)
	at com.kms.katalon.core.webui.keyword.WebUiBuiltInKeywords$verifyElementPresent$10.call(Unknown Source)
	at CP-19.run(CP-19:44)
	at com.kms.katalon.core.main.ScriptEngine.run(ScriptEngine.java:194)
	at com.kms.katalon.core.main.ScriptEngine.runScriptAsRawText(ScriptEngine.java:119)
	at com.kms.katalon.core.main.TestCaseExecutor.runScript(TestCaseExecutor.java:448)
	at com.kms.katalon.core.main.TestCaseExecutor.doExecute(TestCaseExecutor.java:439)
	at com.kms.katalon.core.main.TestCaseExecutor.processExecutionPhase(TestCaseExecutor.java:418)
	at com.kms.katalon.core.main.TestCaseExecutor.accessMainPhase(TestCaseExecutor.java:410)
	at com.kms.katalon.core.main.TestCaseExecutor.execute(TestCaseExecutor.java:285)
	at com.kms.katalon.core.common.CommonExecutor.accessTestCaseMainPhase(CommonExecutor.java:65)
	at com.kms.katalon.core.main.TestSuiteExecutor.accessTestSuiteMainPhase(TestSuiteExecutor.java:151)
	at com.kms.katalon.core.main.TestSuiteExecutor.execute(TestSuiteExecutor.java:106)
	at com.kms.katalon.core.main.TestCaseMain.startTestSuite(TestCaseMain.java:185)
	at com.kms.katalon.core.main.TestCaseMain$startTestSuite$0.call(Unknown Source)
	at TempTestSuite1680485631021.run(TempTestSuite1680485631021.groovy:36)
Caused by: com.kms.katalon.core.exception.StepFailedException: com.kms.katalon.core.webui.exception.WebElementNotFoundException: Web element with id: 'Object Repository/WEB/Change Profile/ChangeProfile_validationError_Name' located by '//div[@id='app']/div/div[3]/section/div/div/div/div/div/div/div/form/div[2]/div/span/strong' not found
	at com.kms.katalon.core.webui.keyword.internal.WebUIKeywordMain.stepFailed(WebUIKeywordMain.groovy:64)
	at com.kms.katalon.core.webui.keyword.builtin.VerifyElementPresentKeyword$_verifyElementPresent_closure1.doCall(VerifyElementPresentKeyword.groovy:85)
	at com.kms.katalon.core.webui.keyword.builtin.VerifyElementPresentKeyword$_verifyElementPresent_closure1.call(VerifyElementPresentKeyword.groovy)
	at com.kms.katalon.core.webui.keyword.internal.WebUIKeywordMain.runKeyword(WebUIKeywordMain.groovy:20)
	... 19 more
)

2023-04-03 08:40:10 - [MESSAGE][INFO] - Unable to find the element located by 'By.xpath: //div[@id='app']/div/div[3]/section/div/div/div/div/div/div/div/form/div[2]/div/span/strong'. Please recheck the objects properties to make sure the desired element is located. 

2023-04-03 08:40:10 - [MESSAGE][FAILED] - com.kms.katalon.core.webui.exception.WebElementNotFoundException: Web element with id: 'Object Repository/WEB/Change Profile/ChangeProfile_validationError_Name' located by '//div[@id='app']/div/div[3]/section/div/div/div/div/div/div/div/form/div[2]/div/span/strong' not found (Root cause: com.kms.katalon.core.exception.StepFailedException: com.kms.katalon.core.webui.exception.WebElementNotFoundException: Web element with id: 'Object Repository/WEB/Change Profile/ChangeProfile_validationError_Name' located by '//div[@id='app']/div/div[3]/section/div/div/div/div/div/div/div/form/div[2]/div/span/strong' not found
	at com.kms.katalon.core.webui.keyword.internal.WebUIKeywordMain.stepFailed(WebUIKeywordMain.groovy:64)
	at com.kms.katalon.core.webui.keyword.builtin.VerifyElementPresentKeyword$_verifyElementPresent_closure1.doCall(VerifyElementPresentKeyword.groovy:85)
	at com.kms.katalon.core.webui.keyword.builtin.VerifyElementPresentKeyword$_verifyElementPresent_closure1.call(VerifyElementPresentKeyword.groovy)
	at com.kms.katalon.core.webui.keyword.internal.WebUIKeywordMain.runKeyword(WebUIKeywordMain.groovy:20)
	at com.kms.katalon.core.webui.keyword.builtin.VerifyElementPresentKeyword.verifyElementPresent(VerifyElementPresentKeyword.groovy:92)
	at com.kms.katalon.core.webui.keyword.builtin.VerifyElementPresentKeyword.execute(VerifyElementPresentKeyword.groovy:68)
	at com.kms.katalon.core.keyword.internal.KeywordExecutor.executeKeywordForPlatform(KeywordExecutor.groovy:74)
	at com.kms.katalon.core.webui.keyword.WebUiBuiltInKeywords.verifyElementPresent(WebUiBuiltInKeywords.groovy:1464)
	at com.kms.katalon.core.webui.keyword.WebUiBuiltInKeywords$verifyElementPresent$10.call(Unknown Source)
	at CP-19.run(CP-19:44)
	at com.kms.katalon.core.main.ScriptEngine.run(ScriptEngine.java:194)
	at com.kms.katalon.core.main.ScriptEngine.runScriptAsRawText(ScriptEngine.java:119)
	at com.kms.katalon.core.main.TestCaseExecutor.runScript(TestCaseExecutor.java:448)
	at com.kms.katalon.core.main.TestCaseExecutor.doExecute(TestCaseExecutor.java:439)
	at com.kms.katalon.core.main.TestCaseExecutor.processExecutionPhase(TestCaseExecutor.java:418)
	at com.kms.katalon.core.main.TestCaseExecutor.accessMainPhase(TestCaseExecutor.java:410)
	at com.kms.katalon.core.main.TestCaseExecutor.execute(TestCaseExecutor.java:285)
	at com.kms.katalon.core.common.CommonExecutor.accessTestCaseMainPhase(CommonExecutor.java:65)
	at com.kms.katalon.core.main.TestSuiteExecutor.accessTestSuiteMainPhase(TestSuiteExecutor.java:151)
	at com.kms.katalon.core.main.TestSuiteExecutor.execute(TestSuiteExecutor.java:106)
	at com.kms.katalon.core.main.TestCaseMain.startTestSuite(TestCaseMain.java:185)
	at com.kms.katalon.core.main.TestCaseMain$startTestSuite$0.call(Unknown Source)
	at TempTestSuite1680485631021.run(TempTestSuite1680485631021.groovy:36)
)
[[ATTACHMENT|C:\\Users\\rizki\\git\\CodingID-QA\\Reports\\20230403_083351\\WEB\\CP\\20230403_083351\\1680486010648.png]]

2023-04-03 08:40:10 - [MESSAGE][FAILED] - Unable to verify object 'Object Repository/WEB/Change Profile/ChangeProfile_validationError_Name' is present (Root cause: com.kms.katalon.core.exception.StepFailedException: Unable to verify object 'Object Repository/WEB/Change Profile/ChangeProfile_validationError_Name' is present
	at com.kms.katalon.core.webui.keyword.internal.WebUIKeywordMain.stepFailed(WebUIKeywordMain.groovy:64)
	at com.kms.katalon.core.webui.keyword.internal.WebUIKeywordMain.runKeyword(WebUIKeywordMain.groovy:26)
	at com.kms.katalon.core.webui.keyword.builtin.VerifyElementPresentKeyword.verifyElementPresent(VerifyElementPresentKeyword.groovy:92)
	at com.kms.katalon.core.webui.keyword.builtin.VerifyElementPresentKeyword.execute(VerifyElementPresentKeyword.groovy:68)
	at com.kms.katalon.core.keyword.internal.KeywordExecutor.executeKeywordForPlatform(KeywordExecutor.groovy:74)
	at com.kms.katalon.core.webui.keyword.WebUiBuiltInKeywords.verifyElementPresent(WebUiBuiltInKeywords.groovy:1464)
	at com.kms.katalon.core.webui.keyword.WebUiBuiltInKeywords$verifyElementPresent$10.call(Unknown Source)
	at CP-19.run(CP-19:44)
	at com.kms.katalon.core.main.ScriptEngine.run(ScriptEngine.java:194)
	at com.kms.katalon.core.main.ScriptEngine.runScriptAsRawText(ScriptEngine.java:119)
	at com.kms.katalon.core.main.TestCaseExecutor.runScript(TestCaseExecutor.java:448)
	at com.kms.katalon.core.main.TestCaseExecutor.doExecute(TestCaseExecutor.java:439)
	at com.kms.katalon.core.main.TestCaseExecutor.processExecutionPhase(TestCaseExecutor.java:418)
	at com.kms.katalon.core.main.TestCaseExecutor.accessMainPhase(TestCaseExecutor.java:410)
	at com.kms.katalon.core.main.TestCaseExecutor.execute(TestCaseExecutor.java:285)
	at com.kms.katalon.core.common.CommonExecutor.accessTestCaseMainPhase(CommonExecutor.java:65)
	at com.kms.katalon.core.main.TestSuiteExecutor.accessTestSuiteMainPhase(TestSuiteExecutor.java:151)
	at com.kms.katalon.core.main.TestSuiteExecutor.execute(TestSuiteExecutor.java:106)
	at com.kms.katalon.core.main.TestCaseMain.startTestSuite(TestCaseMain.java:185)
	at com.kms.katalon.core.main.TestCaseMain$startTestSuite$0.call(Unknown Source)
	at TempTestSuite1680485631021.run(TempTestSuite1680485631021.groovy:36)
Caused by: com.kms.katalon.core.exception.StepFailedException: com.kms.katalon.core.webui.exception.WebElementNotFoundException: Web element with id: 'Object Repository/WEB/Change Profile/ChangeProfile_validationError_Name' located by '//div[@id='app']/div/div[3]/section/div/div/div/div/div/div/div/form/div[2]/div/span/strong' not found
	at com.kms.katalon.core.webui.keyword.internal.WebUIKeywordMain.stepFailed(WebUIKeywordMain.groovy:64)
	at com.kms.katalon.core.webui.keyword.builtin.VerifyElementPresentKeyword$_verifyElementPresent_closure1.doCall(VerifyElementPresentKeyword.groovy:85)
	at com.kms.katalon.core.webui.keyword.builtin.VerifyElementPresentKeyword$_verifyElementPresent_closure1.call(VerifyElementPresentKeyword.groovy)
	at com.kms.katalon.core.webui.keyword.internal.WebUIKeywordMain.runKeyword(WebUIKeywordMain.groovy:20)
	... 19 more
)
[[ATTACHMENT|C:\\Users\\rizki\\git\\CodingID-QA\\Reports\\20230403_083351\\WEB\\CP\\20230403_083351\\1680486010764.png]]]]></system-out>
         <system-err><![CDATA[2023-04-03 08:40:01 - [TEST_CASE][FAILED] - Test Cases/Web/CP/CP-19: Test Cases/Web/CP/CP-19 FAILED.
Reason:
com.kms.katalon.core.exception.StepFailedException: Unable to verify object 'Object Repository/WEB/Change Profile/ChangeProfile_validationError_Name' is present
	at com.kms.katalon.core.webui.keyword.internal.WebUIKeywordMain.stepFailed(WebUIKeywordMain.groovy:64)
	at com.kms.katalon.core.webui.keyword.internal.WebUIKeywordMain.runKeyword(WebUIKeywordMain.groovy:26)
	at com.kms.katalon.core.webui.keyword.builtin.VerifyElementPresentKeyword.verifyElementPresent(VerifyElementPresentKeyword.groovy:92)
	at com.kms.katalon.core.webui.keyword.builtin.VerifyElementPresentKeyword.execute(VerifyElementPresentKeyword.groovy:68)
	at com.kms.katalon.core.keyword.internal.KeywordExecutor.executeKeywordForPlatform(KeywordExecutor.groovy:74)
	at com.kms.katalon.core.webui.keyword.WebUiBuiltInKeywords.verifyElementPresent(WebUiBuiltInKeywords.groovy:1464)
	at com.kms.katalon.core.webui.keyword.WebUiBuiltInKeywords$verifyElementPresent$10.call(Unknown Source)
	at CP-19.run(CP-19:44)
	at com.kms.katalon.core.main.ScriptEngine.run(ScriptEngine.java:194)
	at com.kms.katalon.core.main.ScriptEngine.runScriptAsRawText(ScriptEngine.java:119)
	at com.kms.katalon.core.main.TestCaseExecutor.runScript(TestCaseExecutor.java:448)
	at com.kms.katalon.core.main.TestCaseExecutor.doExecute(TestCaseExecutor.java:439)
	at com.kms.katalon.core.main.TestCaseExecutor.processExecutionPhase(TestCaseExecutor.java:418)
	at com.kms.katalon.core.main.TestCaseExecutor.accessMainPhase(TestCaseExecutor.java:410)
	at com.kms.katalon.core.main.TestCaseExecutor.execute(TestCaseExecutor.java:285)
	at com.kms.katalon.core.common.CommonExecutor.accessTestCaseMainPhase(CommonExecutor.java:65)
	at com.kms.katalon.core.main.TestSuiteExecutor.accessTestSuiteMainPhase(TestSuiteExecutor.java:151)
	at com.kms.katalon.core.main.TestSuiteExecutor.execute(TestSuiteExecutor.java:106)
	at com.kms.katalon.core.main.TestCaseMain.startTestSuite(TestCaseMain.java:185)
	at com.kms.katalon.core.main.TestCaseMain$startTestSuite$0.call(Unknown Source)
	at TempTestSuite1680485631021.run(TempTestSuite1680485631021.groovy:36)
Caused by: com.kms.katalon.core.exception.StepFailedException: com.kms.katalon.core.webui.exception.WebElementNotFoundException: Web element with id: 'Object Repository/WEB/Change Profile/ChangeProfile_validationError_Name' located by '//div[@id='app']/div/div[3]/section/div/div/div/div/div/div/div/form/div[2]/div/span/strong' not found
	at com.kms.katalon.core.webui.keyword.internal.WebUIKeywordMain.stepFailed(WebUIKeywordMain.groovy:64)
	at com.kms.katalon.core.webui.keyword.builtin.VerifyElementPresentKeyword$_verifyElementPresent_closure1.doCall(VerifyElementPresentKeyword.groovy:85)
	at com.kms.katalon.core.webui.keyword.builtin.VerifyElementPresentKeyword$_verifyElementPresent_closure1.call(VerifyElementPresentKeyword.groovy)
	at com.kms.katalon.core.webui.keyword.internal.WebUIKeywordMain.runKeyword(WebUIKeywordMain.groovy:20)
	... 19 more]]></system-err>
      </testcase>
      <testcase name="Test Cases/Web/CP/CP-20" time="6.999" classname="Test Cases/Web/CP/CP-20" status="PASSED">
         <system-out><![CDATA[2023-04-03 08:40:10 - [TEST_CASE][PASSED] - Test Cases/Web/CP/CP-20: Test Cases/Web/CP/CP-20

2023-04-03 08:40:11 - [TEST_STEP][PASSED] - navigateToUrl("https://demo-app.online/dashboard/profile"): Navigate to 'https://demo-app.online/dashboard/profile' successfully

2023-04-03 08:40:11 - [MESSAGE][PASSED] - Navigate to 'https://demo-app.online/dashboard/profile' successfully

2023-04-03 08:40:11 - [TEST_STEP][PASSED] - inputPhone = "+62813243872": null

2023-04-03 08:40:11 - [TEST_STEP][PASSED] - originalNameProfile = getText(findTestObject("WEB/Profile/Profile_text_Name")).trim(): Text of object 'Object Repository/WEB/Profile/Profile_text_Name' is: 'Edited Name'

2023-04-03 08:40:12 - [MESSAGE][PASSED] - Text of object 'Object Repository/WEB/Profile/Profile_text_Name' is: 'Edited Name'

2023-04-03 08:40:12 - [TEST_STEP][PASSED] - click(findTestObject("WEB/Profile/Profile_button_EditProfile")): Object: 'Object Repository/WEB/Profile/Profile_button_EditProfile' is clicked on

2023-04-03 08:40:13 - [MESSAGE][PASSED] - Object: 'Object Repository/WEB/Profile/Profile_button_EditProfile' is clicked on

2023-04-03 08:40:13 - [TEST_STEP][PASSED] - setText(findTestObject("WEB/Change Profile/ChangeProfile_inputText_Phone"), inputPhone): Text '+62813243872' is set on object 'Object Repository/WEB/Change Profile/ChangeProfile_inputText_Phone'

2023-04-03 08:40:14 - [MESSAGE][PASSED] - Text '+62813243872' is set on object 'Object Repository/WEB/Change Profile/ChangeProfile_inputText_Phone'

2023-04-03 08:40:14 - [TEST_STEP][PASSED] - nameInputValue = getAttribute(findTestObject("WEB/Change Profile/ChangeProfile_inputText_Name"), "value"): Attribute 'value' of object 'Object Repository/WEB/Change Profile/ChangeProfile_inputText_Name' is: 'Edited Name'

2023-04-03 08:40:14 - [MESSAGE][PASSED] - Attribute 'value' of object 'Object Repository/WEB/Change Profile/ChangeProfile_inputText_Name' is: 'Edited Name'

2023-04-03 08:40:14 - [TEST_STEP][PASSED] - click(findTestObject("WEB/Change Profile/ChangeProfile_button_Save")): Object: 'Object Repository/WEB/Change Profile/ChangeProfile_button_Save' is clicked on

2023-04-03 08:40:15 - [MESSAGE][PASSED] - Object: 'Object Repository/WEB/Change Profile/ChangeProfile_button_Save' is clicked on

2023-04-03 08:40:15 - [TEST_STEP][PASSED] - delay(2): Delayed 2 second(s)

2023-04-03 08:40:17 - [MESSAGE][PASSED] - Delayed 2 second(s)

2023-04-03 08:40:17 - [TEST_STEP][PASSED] - assert getUrl() == "https://demo-app.online/dashboard/profile/edit": Current window's url is: 'https://demo-app.online/dashboard/profile/edit'

2023-04-03 08:40:17 - [MESSAGE][PASSED] - Current window's url is: 'https://demo-app.online/dashboard/profile/edit'

2023-04-03 08:40:17 - [TEST_STEP][PASSED] - assert verifyElementPresent(findTestObject("WEB/Change Profile/ChangeProfile_validationError_Phone"), 1) : "Validation error does not appear": Object 'Object Repository/WEB/Change Profile/ChangeProfile_validationError_Phone' is present

2023-04-03 08:40:17 - [MESSAGE][PASSED] - Object 'Object Repository/WEB/Change Profile/ChangeProfile_validationError_Phone' is present]]></system-out>
         <system-err><![CDATA[]]></system-err>
      </testcase>
      <testcase name="Test Cases/Web/CP/CP-21" time="6.527" classname="Test Cases/Web/CP/CP-21" status="PASSED">
         <system-out><![CDATA[2023-04-03 08:40:17 - [TEST_CASE][PASSED] - Test Cases/Web/CP/CP-21: Test Cases/Web/CP/CP-21

2023-04-03 08:40:18 - [TEST_STEP][PASSED] - navigateToUrl("https://demo-app.online/dashboard/profile"): Navigate to 'https://demo-app.online/dashboard/profile' successfully

2023-04-03 08:40:18 - [MESSAGE][PASSED] - Navigate to 'https://demo-app.online/dashboard/profile' successfully

2023-04-03 08:40:18 - [TEST_STEP][PASSED] - inputPhone = "08132438726710": null

2023-04-03 08:40:18 - [TEST_STEP][PASSED] - originalNameProfile = getText(findTestObject("WEB/Profile/Profile_text_Name")).trim(): Text of object 'Object Repository/WEB/Profile/Profile_text_Name' is: 'Edited Name'

2023-04-03 08:40:19 - [MESSAGE][PASSED] - Text of object 'Object Repository/WEB/Profile/Profile_text_Name' is: 'Edited Name'

2023-04-03 08:40:19 - [TEST_STEP][PASSED] - click(findTestObject("WEB/Profile/Profile_button_EditProfile")): Object: 'Object Repository/WEB/Profile/Profile_button_EditProfile' is clicked on

2023-04-03 08:40:19 - [MESSAGE][PASSED] - Object: 'Object Repository/WEB/Profile/Profile_button_EditProfile' is clicked on

2023-04-03 08:40:19 - [TEST_STEP][PASSED] - setText(findTestObject("WEB/Change Profile/ChangeProfile_inputText_Phone"), inputPhone): Text '08132438726710' is set on object 'Object Repository/WEB/Change Profile/ChangeProfile_inputText_Phone'

2023-04-03 08:40:20 - [MESSAGE][PASSED] - Text '08132438726710' is set on object 'Object Repository/WEB/Change Profile/ChangeProfile_inputText_Phone'

2023-04-03 08:40:20 - [TEST_STEP][PASSED] - nameInputValue = getAttribute(findTestObject("WEB/Change Profile/ChangeProfile_inputText_Name"), "value"): Attribute 'value' of object 'Object Repository/WEB/Change Profile/ChangeProfile_inputText_Name' is: 'Edited Name'

2023-04-03 08:40:21 - [MESSAGE][PASSED] - Attribute 'value' of object 'Object Repository/WEB/Change Profile/ChangeProfile_inputText_Name' is: 'Edited Name'

2023-04-03 08:40:21 - [TEST_STEP][PASSED] - click(findTestObject("WEB/Change Profile/ChangeProfile_button_Save")): Object: 'Object Repository/WEB/Change Profile/ChangeProfile_button_Save' is clicked on

2023-04-03 08:40:22 - [MESSAGE][PASSED] - Object: 'Object Repository/WEB/Change Profile/ChangeProfile_button_Save' is clicked on

2023-04-03 08:40:22 - [TEST_STEP][PASSED] - delay(2): Delayed 2 second(s)

2023-04-03 08:40:24 - [MESSAGE][PASSED] - Delayed 2 second(s)

2023-04-03 08:40:24 - [TEST_STEP][PASSED] - assert getUrl() == "https://demo-app.online/dashboard/profile/edit": Current window's url is: 'https://demo-app.online/dashboard/profile/edit'

2023-04-03 08:40:24 - [MESSAGE][PASSED] - Current window's url is: 'https://demo-app.online/dashboard/profile/edit'

2023-04-03 08:40:24 - [TEST_STEP][PASSED] - assert verifyElementPresent(findTestObject("WEB/Change Profile/ChangeProfile_validationError_Phone"), 1) : "Validation error does not appear": Object 'Object Repository/WEB/Change Profile/ChangeProfile_validationError_Phone' is present

2023-04-03 08:40:24 - [MESSAGE][PASSED] - Object 'Object Repository/WEB/Change Profile/ChangeProfile_validationError_Phone' is present]]></system-out>
         <system-err><![CDATA[]]></system-err>
      </testcase>
      <testcase name="Test Cases/Web/CP/CP-22" time="6.838" classname="Test Cases/Web/CP/CP-22" status="PASSED">
         <system-out><![CDATA[2023-04-03 08:40:24 - [TEST_CASE][PASSED] - Test Cases/Web/CP/CP-22: Test Cases/Web/CP/CP-22

2023-04-03 08:40:24 - [TEST_STEP][PASSED] - navigateToUrl("https://demo-app.online/dashboard/profile"): Navigate to 'https://demo-app.online/dashboard/profile' successfully

2023-04-03 08:40:25 - [MESSAGE][PASSED] - Navigate to 'https://demo-app.online/dashboard/profile' successfully

2023-04-03 08:40:25 - [TEST_STEP][PASSED] - inputPhone = "+628132438726710": null

2023-04-03 08:40:25 - [TEST_STEP][PASSED] - originalNameProfile = getText(findTestObject("WEB/Profile/Profile_text_Name")).trim(): Text of object 'Object Repository/WEB/Profile/Profile_text_Name' is: 'Edited Name'

2023-04-03 08:40:25 - [MESSAGE][PASSED] - Text of object 'Object Repository/WEB/Profile/Profile_text_Name' is: 'Edited Name'

2023-04-03 08:40:25 - [TEST_STEP][PASSED] - click(findTestObject("WEB/Profile/Profile_button_EditProfile")): Object: 'Object Repository/WEB/Profile/Profile_button_EditProfile' is clicked on

2023-04-03 08:40:26 - [MESSAGE][PASSED] - Object: 'Object Repository/WEB/Profile/Profile_button_EditProfile' is clicked on

2023-04-03 08:40:26 - [TEST_STEP][PASSED] - setText(findTestObject("WEB/Change Profile/ChangeProfile_inputText_Phone"), inputPhone): Text '+628132438726710' is set on object 'Object Repository/WEB/Change Profile/ChangeProfile_inputText_Phone'

2023-04-03 08:40:27 - [MESSAGE][PASSED] - Text '+628132438726710' is set on object 'Object Repository/WEB/Change Profile/ChangeProfile_inputText_Phone'

2023-04-03 08:40:27 - [TEST_STEP][PASSED] - nameInputValue = getAttribute(findTestObject("WEB/Change Profile/ChangeProfile_inputText_Name"), "value"): Attribute 'value' of object 'Object Repository/WEB/Change Profile/ChangeProfile_inputText_Name' is: 'Edited Name'

2023-04-03 08:40:28 - [MESSAGE][PASSED] - Attribute 'value' of object 'Object Repository/WEB/Change Profile/ChangeProfile_inputText_Name' is: 'Edited Name'

2023-04-03 08:40:28 - [TEST_STEP][PASSED] - click(findTestObject("WEB/Change Profile/ChangeProfile_button_Save")): Object: 'Object Repository/WEB/Change Profile/ChangeProfile_button_Save' is clicked on

2023-04-03 08:40:28 - [MESSAGE][PASSED] - Object: 'Object Repository/WEB/Change Profile/ChangeProfile_button_Save' is clicked on

2023-04-03 08:40:28 - [TEST_STEP][PASSED] - delay(2): Delayed 2 second(s)

2023-04-03 08:40:30 - [MESSAGE][PASSED] - Delayed 2 second(s)

2023-04-03 08:40:30 - [TEST_STEP][PASSED] - assert getUrl() == "https://demo-app.online/dashboard/profile/edit": Current window's url is: 'https://demo-app.online/dashboard/profile/edit'

2023-04-03 08:40:30 - [MESSAGE][PASSED] - Current window's url is: 'https://demo-app.online/dashboard/profile/edit'

2023-04-03 08:40:30 - [TEST_STEP][PASSED] - assert verifyElementPresent(findTestObject("WEB/Change Profile/ChangeProfile_validationError_Phone"), 1) : "Validation error does not appear": Object 'Object Repository/WEB/Change Profile/ChangeProfile_validationError_Phone' is present

2023-04-03 08:40:31 - [MESSAGE][PASSED] - Object 'Object Repository/WEB/Change Profile/ChangeProfile_validationError_Phone' is present]]></system-out>
         <system-err><![CDATA[]]></system-err>
      </testcase>
      <testcase name="Test Cases/Web/CP/CP-23" time="34.896" classname="Test Cases/Web/CP/CP-23" status="PASSED">
         <system-out><![CDATA[2023-04-03 08:40:31 - [TEST_CASE][PASSED] - Test Cases/Web/CP/CP-23: Test Cases/Web/CP/CP-23

2023-04-03 08:40:31 - [TEST_STEP][PASSED] - navigateToUrl("https://demo-app.online/dashboard/profile"): Navigate to 'https://demo-app.online/dashboard/profile' successfully

2023-04-03 08:40:32 - [MESSAGE][PASSED] - Navigate to 'https://demo-app.online/dashboard/profile' successfully

2023-04-03 08:40:32 - [TEST_STEP][PASSED] - testData = findTestData("Data Files/Web/ChangeProfile_Birthday"): null

2023-04-03 08:40:32 - [TEST_STEP][PASSED] - for ([i = 1, i <= testData.getRowNumbers(), (i++)]): null

2023-04-03 08:40:32 - [TEST_STEP][PASSED] - inputBirthday = toString().trim(): null

2023-04-03 08:40:32 - [TEST_STEP][PASSED] - originalNameProfile = getText(findTestObject("WEB/Profile/Profile_text_Name")).trim(): Text of object 'Object Repository/WEB/Profile/Profile_text_Name' is: 'Edited Name'

2023-04-03 08:40:32 - [MESSAGE][PASSED] - Text of object 'Object Repository/WEB/Profile/Profile_text_Name' is: 'Edited Name'

2023-04-03 08:40:32 - [TEST_STEP][PASSED] - click(findTestObject("WEB/Profile/Profile_button_EditProfile")): Object: 'Object Repository/WEB/Profile/Profile_button_EditProfile' is clicked on

2023-04-03 08:40:33 - [MESSAGE][PASSED] - Object: 'Object Repository/WEB/Profile/Profile_button_EditProfile' is clicked on

2023-04-03 08:40:33 - [TEST_STEP][PASSED] - setText(findTestObject("WEB/Change Profile/ChangeProfile_inputText_BirthDay"), inputBirthday): Text '16-Mar-1991' is set on object 'Object Repository/WEB/Change Profile/ChangeProfile_inputText_BirthDay'

2023-04-03 08:40:34 - [MESSAGE][PASSED] - Text '16-Mar-1991' is set on object 'Object Repository/WEB/Change Profile/ChangeProfile_inputText_BirthDay'

2023-04-03 08:40:34 - [TEST_STEP][PASSED] - nameInputValue = getAttribute(findTestObject("WEB/Change Profile/ChangeProfile_inputText_Name"), "value"): Attribute 'value' of object 'Object Repository/WEB/Change Profile/ChangeProfile_inputText_Name' is: 'Edited Name'

2023-04-03 08:40:35 - [MESSAGE][PASSED] - Attribute 'value' of object 'Object Repository/WEB/Change Profile/ChangeProfile_inputText_Name' is: 'Edited Name'

2023-04-03 08:40:35 - [TEST_STEP][PASSED] - click(findTestObject("WEB/Change Profile/ChangeProfile_button_Save")): Object: 'Object Repository/WEB/Change Profile/ChangeProfile_button_Save' is clicked on

2023-04-03 08:40:36 - [MESSAGE][PASSED] - Object: 'Object Repository/WEB/Change Profile/ChangeProfile_button_Save' is clicked on

2023-04-03 08:40:36 - [TEST_STEP][PASSED] - delay(2): Delayed 2 second(s)

2023-04-03 08:40:38 - [MESSAGE][PASSED] - Delayed 2 second(s)

2023-04-03 08:40:38 - [TEST_STEP][PASSED] - birthdayProfile = getText(findTestObject("WEB/Profile/Profile_text_Birthday")): Text of object 'Object Repository/WEB/Profile/Profile_text_Birthday' is: '16-Mar-1991'

2023-04-03 08:40:38 - [MESSAGE][PASSED] - Text of object 'Object Repository/WEB/Profile/Profile_text_Birthday' is: '16-Mar-1991'

2023-04-03 08:40:38 - [TEST_STEP][PASSED] - verifyElementText(findTestObject("Object Repository/WEB/Change Profile/Profile_p_ChangeSuccessNotif"), originalNameProfile + " telah di edit"): Actual text and expected text of test object 'Object Repository/WEB/Change Profile/Profile_p_ChangeSuccessNotif' are matched.

2023-04-03 08:40:38 - [MESSAGE][PASSED] - Actual text and expected text of test object 'Object Repository/WEB/Change Profile/Profile_p_ChangeSuccessNotif' are matched.

2023-04-03 08:40:38 - [TEST_STEP][PASSED] - click(findTestObject("Object Repository/WEB/Change Profile/Profile_button_ChangeSuccessNotif")): Object: 'Object Repository/WEB/Change Profile/Profile_button_ChangeSuccessNotif' is clicked on

2023-04-03 08:40:39 - [MESSAGE][PASSED] - Object: 'Object Repository/WEB/Change Profile/Profile_button_ChangeSuccessNotif' is clicked on

2023-04-03 08:40:39 - [TEST_STEP][PASSED] - assert birthdayProfile == inputBirthday : "Updated Birthday does not match the inputted one": null

2023-04-03 08:40:39 - [TEST_STEP][PASSED] - inputBirthday = toString().trim(): null

2023-04-03 08:40:39 - [TEST_STEP][PASSED] - originalNameProfile = getText(findTestObject("WEB/Profile/Profile_text_Name")).trim(): Text of object 'Object Repository/WEB/Profile/Profile_text_Name' is: 'Edited Name'

2023-04-03 08:40:39 - [MESSAGE][PASSED] - Text of object 'Object Repository/WEB/Profile/Profile_text_Name' is: 'Edited Name'

2023-04-03 08:40:39 - [TEST_STEP][PASSED] - click(findTestObject("WEB/Profile/Profile_button_EditProfile")): Object: 'Object Repository/WEB/Profile/Profile_button_EditProfile' is clicked on

2023-04-03 08:40:40 - [MESSAGE][PASSED] - Object: 'Object Repository/WEB/Profile/Profile_button_EditProfile' is clicked on

2023-04-03 08:40:40 - [TEST_STEP][PASSED] - setText(findTestObject("WEB/Change Profile/ChangeProfile_inputText_BirthDay"), inputBirthday): Text '15-Feb-2001' is set on object 'Object Repository/WEB/Change Profile/ChangeProfile_inputText_BirthDay'

2023-04-03 08:40:41 - [MESSAGE][PASSED] - Text '15-Feb-2001' is set on object 'Object Repository/WEB/Change Profile/ChangeProfile_inputText_BirthDay'

2023-04-03 08:40:41 - [TEST_STEP][PASSED] - nameInputValue = getAttribute(findTestObject("WEB/Change Profile/ChangeProfile_inputText_Name"), "value"): Attribute 'value' of object 'Object Repository/WEB/Change Profile/ChangeProfile_inputText_Name' is: 'Edited Name'

2023-04-03 08:40:41 - [MESSAGE][PASSED] - Attribute 'value' of object 'Object Repository/WEB/Change Profile/ChangeProfile_inputText_Name' is: 'Edited Name'

2023-04-03 08:40:41 - [TEST_STEP][PASSED] - click(findTestObject("WEB/Change Profile/ChangeProfile_button_Save")): Object: 'Object Repository/WEB/Change Profile/ChangeProfile_button_Save' is clicked on

2023-04-03 08:40:42 - [MESSAGE][PASSED] - Object: 'Object Repository/WEB/Change Profile/ChangeProfile_button_Save' is clicked on

2023-04-03 08:40:42 - [TEST_STEP][PASSED] - delay(2): Delayed 2 second(s)

2023-04-03 08:40:44 - [MESSAGE][PASSED] - Delayed 2 second(s)

2023-04-03 08:40:44 - [TEST_STEP][PASSED] - birthdayProfile = getText(findTestObject("WEB/Profile/Profile_text_Birthday")): Text of object 'Object Repository/WEB/Profile/Profile_text_Birthday' is: '15-Feb-2001'

2023-04-03 08:40:44 - [MESSAGE][PASSED] - Text of object 'Object Repository/WEB/Profile/Profile_text_Birthday' is: '15-Feb-2001'

2023-04-03 08:40:44 - [TEST_STEP][PASSED] - verifyElementText(findTestObject("Object Repository/WEB/Change Profile/Profile_p_ChangeSuccessNotif"), originalNameProfile + " telah di edit"): Actual text and expected text of test object 'Object Repository/WEB/Change Profile/Profile_p_ChangeSuccessNotif' are matched.

2023-04-03 08:40:45 - [MESSAGE][PASSED] - Actual text and expected text of test object 'Object Repository/WEB/Change Profile/Profile_p_ChangeSuccessNotif' are matched.

2023-04-03 08:40:45 - [TEST_STEP][PASSED] - click(findTestObject("Object Repository/WEB/Change Profile/Profile_button_ChangeSuccessNotif")): Object: 'Object Repository/WEB/Change Profile/Profile_button_ChangeSuccessNotif' is clicked on

2023-04-03 08:40:45 - [MESSAGE][PASSED] - Object: 'Object Repository/WEB/Change Profile/Profile_button_ChangeSuccessNotif' is clicked on

2023-04-03 08:40:45 - [TEST_STEP][PASSED] - assert birthdayProfile == inputBirthday : "Updated Birthday does not match the inputted one": null

2023-04-03 08:40:45 - [TEST_STEP][PASSED] - inputBirthday = toString().trim(): null

2023-04-03 08:40:45 - [TEST_STEP][PASSED] - originalNameProfile = getText(findTestObject("WEB/Profile/Profile_text_Name")).trim(): Text of object 'Object Repository/WEB/Profile/Profile_text_Name' is: 'Edited Name'

2023-04-03 08:40:45 - [MESSAGE][PASSED] - Text of object 'Object Repository/WEB/Profile/Profile_text_Name' is: 'Edited Name'

2023-04-03 08:40:45 - [TEST_STEP][PASSED] - click(findTestObject("WEB/Profile/Profile_button_EditProfile")): Object: 'Object Repository/WEB/Profile/Profile_button_EditProfile' is clicked on

2023-04-03 08:40:46 - [MESSAGE][PASSED] - Object: 'Object Repository/WEB/Profile/Profile_button_EditProfile' is clicked on

2023-04-03 08:40:46 - [TEST_STEP][PASSED] - setText(findTestObject("WEB/Change Profile/ChangeProfile_inputText_BirthDay"), inputBirthday): Text '31-Dec-1990' is set on object 'Object Repository/WEB/Change Profile/ChangeProfile_inputText_BirthDay'

2023-04-03 08:40:48 - [MESSAGE][PASSED] - Text '31-Dec-1990' is set on object 'Object Repository/WEB/Change Profile/ChangeProfile_inputText_BirthDay'

2023-04-03 08:40:48 - [TEST_STEP][PASSED] - nameInputValue = getAttribute(findTestObject("WEB/Change Profile/ChangeProfile_inputText_Name"), "value"): Attribute 'value' of object 'Object Repository/WEB/Change Profile/ChangeProfile_inputText_Name' is: 'Edited Name'

2023-04-03 08:40:48 - [MESSAGE][PASSED] - Attribute 'value' of object 'Object Repository/WEB/Change Profile/ChangeProfile_inputText_Name' is: 'Edited Name'

2023-04-03 08:40:48 - [TEST_STEP][PASSED] - click(findTestObject("WEB/Change Profile/ChangeProfile_button_Save")): Object: 'Object Repository/WEB/Change Profile/ChangeProfile_button_Save' is clicked on

2023-04-03 08:40:49 - [MESSAGE][PASSED] - Object: 'Object Repository/WEB/Change Profile/ChangeProfile_button_Save' is clicked on

2023-04-03 08:40:49 - [TEST_STEP][PASSED] - delay(2): Delayed 2 second(s)

2023-04-03 08:40:51 - [MESSAGE][PASSED] - Delayed 2 second(s)

2023-04-03 08:40:51 - [TEST_STEP][PASSED] - birthdayProfile = getText(findTestObject("WEB/Profile/Profile_text_Birthday")): Text of object 'Object Repository/WEB/Profile/Profile_text_Birthday' is: '31-Dec-1990'

2023-04-03 08:40:52 - [MESSAGE][PASSED] - Text of object 'Object Repository/WEB/Profile/Profile_text_Birthday' is: '31-Dec-1990'

2023-04-03 08:40:52 - [TEST_STEP][PASSED] - verifyElementText(findTestObject("Object Repository/WEB/Change Profile/Profile_p_ChangeSuccessNotif"), originalNameProfile + " telah di edit"): Actual text and expected text of test object 'Object Repository/WEB/Change Profile/Profile_p_ChangeSuccessNotif' are matched.

2023-04-03 08:40:52 - [MESSAGE][PASSED] - Actual text and expected text of test object 'Object Repository/WEB/Change Profile/Profile_p_ChangeSuccessNotif' are matched.

2023-04-03 08:40:52 - [TEST_STEP][PASSED] - click(findTestObject("Object Repository/WEB/Change Profile/Profile_button_ChangeSuccessNotif")): Object: 'Object Repository/WEB/Change Profile/Profile_button_ChangeSuccessNotif' is clicked on

2023-04-03 08:40:52 - [MESSAGE][PASSED] - Object: 'Object Repository/WEB/Change Profile/Profile_button_ChangeSuccessNotif' is clicked on

2023-04-03 08:40:52 - [TEST_STEP][PASSED] - assert birthdayProfile == inputBirthday : "Updated Birthday does not match the inputted one": null

2023-04-03 08:40:52 - [TEST_STEP][PASSED] - inputBirthday = toString().trim(): null

2023-04-03 08:40:52 - [TEST_STEP][PASSED] - originalNameProfile = getText(findTestObject("WEB/Profile/Profile_text_Name")).trim(): Text of object 'Object Repository/WEB/Profile/Profile_text_Name' is: 'Edited Name'

2023-04-03 08:40:53 - [MESSAGE][PASSED] - Text of object 'Object Repository/WEB/Profile/Profile_text_Name' is: 'Edited Name'

2023-04-03 08:40:53 - [TEST_STEP][PASSED] - click(findTestObject("WEB/Profile/Profile_button_EditProfile")): Object: 'Object Repository/WEB/Profile/Profile_button_EditProfile' is clicked on

2023-04-03 08:40:53 - [MESSAGE][PASSED] - Object: 'Object Repository/WEB/Profile/Profile_button_EditProfile' is clicked on

2023-04-03 08:40:53 - [TEST_STEP][PASSED] - setText(findTestObject("WEB/Change Profile/ChangeProfile_inputText_BirthDay"), inputBirthday): Text '05-Apr-1991' is set on object 'Object Repository/WEB/Change Profile/ChangeProfile_inputText_BirthDay'

2023-04-03 08:40:55 - [MESSAGE][PASSED] - Text '05-Apr-1991' is set on object 'Object Repository/WEB/Change Profile/ChangeProfile_inputText_BirthDay'

2023-04-03 08:40:55 - [TEST_STEP][PASSED] - nameInputValue = getAttribute(findTestObject("WEB/Change Profile/ChangeProfile_inputText_Name"), "value"): Attribute 'value' of object 'Object Repository/WEB/Change Profile/ChangeProfile_inputText_Name' is: 'Edited Name'

2023-04-03 08:40:55 - [MESSAGE][PASSED] - Attribute 'value' of object 'Object Repository/WEB/Change Profile/ChangeProfile_inputText_Name' is: 'Edited Name'

2023-04-03 08:40:55 - [TEST_STEP][PASSED] - click(findTestObject("WEB/Change Profile/ChangeProfile_button_Save")): Object: 'Object Repository/WEB/Change Profile/ChangeProfile_button_Save' is clicked on

2023-04-03 08:40:56 - [MESSAGE][PASSED] - Object: 'Object Repository/WEB/Change Profile/ChangeProfile_button_Save' is clicked on

2023-04-03 08:40:56 - [TEST_STEP][PASSED] - delay(2): Delayed 2 second(s)

2023-04-03 08:40:58 - [MESSAGE][PASSED] - Delayed 2 second(s)

2023-04-03 08:40:58 - [TEST_STEP][PASSED] - birthdayProfile = getText(findTestObject("WEB/Profile/Profile_text_Birthday")): Text of object 'Object Repository/WEB/Profile/Profile_text_Birthday' is: '05-Apr-1991'

2023-04-03 08:40:58 - [MESSAGE][PASSED] - Text of object 'Object Repository/WEB/Profile/Profile_text_Birthday' is: '05-Apr-1991'

2023-04-03 08:40:58 - [TEST_STEP][PASSED] - verifyElementText(findTestObject("Object Repository/WEB/Change Profile/Profile_p_ChangeSuccessNotif"), originalNameProfile + " telah di edit"): Actual text and expected text of test object 'Object Repository/WEB/Change Profile/Profile_p_ChangeSuccessNotif' are matched.

2023-04-03 08:40:59 - [MESSAGE][PASSED] - Actual text and expected text of test object 'Object Repository/WEB/Change Profile/Profile_p_ChangeSuccessNotif' are matched.

2023-04-03 08:40:59 - [TEST_STEP][PASSED] - click(findTestObject("Object Repository/WEB/Change Profile/Profile_button_ChangeSuccessNotif")): Object: 'Object Repository/WEB/Change Profile/Profile_button_ChangeSuccessNotif' is clicked on

2023-04-03 08:40:59 - [MESSAGE][PASSED] - Object: 'Object Repository/WEB/Change Profile/Profile_button_ChangeSuccessNotif' is clicked on

2023-04-03 08:40:59 - [TEST_STEP][PASSED] - assert birthdayProfile == inputBirthday : "Updated Birthday does not match the inputted one": null

2023-04-03 08:40:59 - [TEST_STEP][PASSED] - inputBirthday = toString().trim(): null

2023-04-03 08:40:59 - [TEST_STEP][PASSED] - originalNameProfile = getText(findTestObject("WEB/Profile/Profile_text_Name")).trim(): Text of object 'Object Repository/WEB/Profile/Profile_text_Name' is: 'Edited Name'

2023-04-03 08:40:59 - [MESSAGE][PASSED] - Text of object 'Object Repository/WEB/Profile/Profile_text_Name' is: 'Edited Name'

2023-04-03 08:40:59 - [TEST_STEP][PASSED] - click(findTestObject("WEB/Profile/Profile_button_EditProfile")): Object: 'Object Repository/WEB/Profile/Profile_button_EditProfile' is clicked on

2023-04-03 08:41:00 - [MESSAGE][PASSED] - Object: 'Object Repository/WEB/Profile/Profile_button_EditProfile' is clicked on

2023-04-03 08:41:00 - [TEST_STEP][PASSED] - setText(findTestObject("WEB/Change Profile/ChangeProfile_inputText_BirthDay"), inputBirthday): Text '31-Dec-2016' is set on object 'Object Repository/WEB/Change Profile/ChangeProfile_inputText_BirthDay'

2023-04-03 08:41:01 - [MESSAGE][PASSED] - Text '31-Dec-2016' is set on object 'Object Repository/WEB/Change Profile/ChangeProfile_inputText_BirthDay'

2023-04-03 08:41:01 - [TEST_STEP][PASSED] - nameInputValue = getAttribute(findTestObject("WEB/Change Profile/ChangeProfile_inputText_Name"), "value"): Attribute 'value' of object 'Object Repository/WEB/Change Profile/ChangeProfile_inputText_Name' is: 'Edited Name'

2023-04-03 08:41:02 - [MESSAGE][PASSED] - Attribute 'value' of object 'Object Repository/WEB/Change Profile/ChangeProfile_inputText_Name' is: 'Edited Name'

2023-04-03 08:41:02 - [TEST_STEP][PASSED] - click(findTestObject("WEB/Change Profile/ChangeProfile_button_Save")): Object: 'Object Repository/WEB/Change Profile/ChangeProfile_button_Save' is clicked on

2023-04-03 08:41:03 - [MESSAGE][PASSED] - Object: 'Object Repository/WEB/Change Profile/ChangeProfile_button_Save' is clicked on

2023-04-03 08:41:03 - [TEST_STEP][PASSED] - delay(2): Delayed 2 second(s)

2023-04-03 08:41:05 - [MESSAGE][PASSED] - Delayed 2 second(s)

2023-04-03 08:41:05 - [TEST_STEP][PASSED] - birthdayProfile = getText(findTestObject("WEB/Profile/Profile_text_Birthday")): Text of object 'Object Repository/WEB/Profile/Profile_text_Birthday' is: '31-Dec-2016'

2023-04-03 08:41:05 - [MESSAGE][PASSED] - Text of object 'Object Repository/WEB/Profile/Profile_text_Birthday' is: '31-Dec-2016'

2023-04-03 08:41:05 - [TEST_STEP][PASSED] - verifyElementText(findTestObject("Object Repository/WEB/Change Profile/Profile_p_ChangeSuccessNotif"), originalNameProfile + " telah di edit"): Actual text and expected text of test object 'Object Repository/WEB/Change Profile/Profile_p_ChangeSuccessNotif' are matched.

2023-04-03 08:41:05 - [MESSAGE][PASSED] - Actual text and expected text of test object 'Object Repository/WEB/Change Profile/Profile_p_ChangeSuccessNotif' are matched.

2023-04-03 08:41:05 - [TEST_STEP][PASSED] - click(findTestObject("Object Repository/WEB/Change Profile/Profile_button_ChangeSuccessNotif")): Object: 'Object Repository/WEB/Change Profile/Profile_button_ChangeSuccessNotif' is clicked on

2023-04-03 08:41:06 - [MESSAGE][PASSED] - Object: 'Object Repository/WEB/Change Profile/Profile_button_ChangeSuccessNotif' is clicked on

2023-04-03 08:41:06 - [TEST_STEP][PASSED] - assert birthdayProfile == inputBirthday : "Updated Birthday does not match the inputted one": null]]></system-out>
         <system-err><![CDATA[]]></system-err>
      </testcase>
      <testcase name="Test Cases/Web/CP/CP-24" time="60.274" classname="Test Cases/Web/CP/CP-24" status="PASSED">
         <system-out><![CDATA[2023-04-03 08:41:06 - [TEST_CASE][PASSED] - Test Cases/Web/CP/CP-24: Test Cases/Web/CP/CP-24

2023-04-03 08:41:06 - [TEST_STEP][PASSED] - navigateToUrl("https://demo-app.online/dashboard/profile"): Navigate to 'https://demo-app.online/dashboard/profile' successfully

2023-04-03 08:41:06 - [MESSAGE][PASSED] - Navigate to 'https://demo-app.online/dashboard/profile' successfully

2023-04-03 08:41:06 - [TEST_STEP][PASSED] - originalNameProfile = getText(findTestObject("WEB/Profile/Profile_text_Name")).trim(): Text of object 'Object Repository/WEB/Profile/Profile_text_Name' is: 'Edited Name'

2023-04-03 08:41:07 - [MESSAGE][PASSED] - Text of object 'Object Repository/WEB/Profile/Profile_text_Name' is: 'Edited Name'

2023-04-03 08:41:07 - [TEST_STEP][PASSED] - click(findTestObject("WEB/Profile/Profile_button_EditProfile")): Object: 'Object Repository/WEB/Profile/Profile_button_EditProfile' is clicked on

2023-04-03 08:41:08 - [MESSAGE][PASSED] - Object: 'Object Repository/WEB/Profile/Profile_button_EditProfile' is clicked on

2023-04-03 08:41:08 - [TEST_STEP][PASSED] - click(findTestObject("WEB/Change Profile/ChangeProfile_Calendar")): Object: 'Object Repository/WEB/Change Profile/ChangeProfile_Calendar' is clicked on

2023-04-03 08:41:08 - [MESSAGE][PASSED] - Object: 'Object Repository/WEB/Change Profile/ChangeProfile_Calendar' is clicked on

2023-04-03 08:41:08 - [TEST_STEP][PASSED] - month = getText(findTestObject("WEB/Change Profile/ChangeProfile_Calendar_monthYearDupe")): Text of object 'Object Repository/WEB/Change Profile/ChangeProfile_Calendar_monthYearDupe' is: 'Dec 2016'

2023-04-03 08:41:09 - [MESSAGE][PASSED] - Text of object 'Object Repository/WEB/Change Profile/ChangeProfile_Calendar_monthYearDupe' is: 'Dec 2016'

2023-04-03 08:41:09 - [TEST_STEP][PASSED] - setText(findTestObject("WEB/Change Profile/ChangeProfile_inputText_BirthDay"), "01-Jan-2015"): Text '01-Jan-2015' is set on object 'Object Repository/WEB/Change Profile/ChangeProfile_inputText_BirthDay'

2023-04-03 08:41:09 - [MESSAGE][PASSED] - Text '01-Jan-2015' is set on object 'Object Repository/WEB/Change Profile/ChangeProfile_inputText_BirthDay'

2023-04-03 08:41:09 - [TEST_STEP][PASSED] - while (verifyElementPresent(findTestObject("WEB/Change Profile/ChangeProfile_Calendar_nextButton"), 0, OPTIONAL)): null

2023-04-03 08:41:10 - [MESSAGE][WARNING] - Timeout '0' is invalid. Using default page load timeout: '30'

2023-04-03 08:41:10 - [MESSAGE][PASSED] - Object 'Object Repository/WEB/Change Profile/ChangeProfile_Calendar_nextButton' is present

2023-04-03 08:41:10 - [TEST_STEP][PASSED] - click(findTestObject("WEB/Change Profile/ChangeProfile_Calendar_nextButton")): Object 'Object Repository/WEB/Change Profile/ChangeProfile_Calendar_nextButton' is present

2023-04-03 08:41:10 - [MESSAGE][PASSED] - Object: 'Object Repository/WEB/Change Profile/ChangeProfile_Calendar_nextButton' is clicked on

2023-04-03 08:41:10 - [MESSAGE][WARNING] - Timeout '0' is invalid. Using default page load timeout: '30'

2023-04-03 08:41:11 - [MESSAGE][PASSED] - Object 'Object Repository/WEB/Change Profile/ChangeProfile_Calendar_nextButton' is present

2023-04-03 08:41:11 - [TEST_STEP][PASSED] - click(findTestObject("WEB/Change Profile/ChangeProfile_Calendar_nextButton")): Object 'Object Repository/WEB/Change Profile/ChangeProfile_Calendar_nextButton' is present

2023-04-03 08:41:11 - [MESSAGE][PASSED] - Object: 'Object Repository/WEB/Change Profile/ChangeProfile_Calendar_nextButton' is clicked on

2023-04-03 08:41:11 - [MESSAGE][WARNING] - Timeout '0' is invalid. Using default page load timeout: '30'

2023-04-03 08:41:12 - [MESSAGE][PASSED] - Object 'Object Repository/WEB/Change Profile/ChangeProfile_Calendar_nextButton' is present

2023-04-03 08:41:12 - [TEST_STEP][PASSED] - click(findTestObject("WEB/Change Profile/ChangeProfile_Calendar_nextButton")): Object 'Object Repository/WEB/Change Profile/ChangeProfile_Calendar_nextButton' is present

2023-04-03 08:41:12 - [MESSAGE][PASSED] - Object: 'Object Repository/WEB/Change Profile/ChangeProfile_Calendar_nextButton' is clicked on

2023-04-03 08:41:12 - [MESSAGE][WARNING] - Timeout '0' is invalid. Using default page load timeout: '30'

2023-04-03 08:41:13 - [MESSAGE][PASSED] - Object 'Object Repository/WEB/Change Profile/ChangeProfile_Calendar_nextButton' is present

2023-04-03 08:41:13 - [TEST_STEP][PASSED] - click(findTestObject("WEB/Change Profile/ChangeProfile_Calendar_nextButton")): Object 'Object Repository/WEB/Change Profile/ChangeProfile_Calendar_nextButton' is present

2023-04-03 08:41:13 - [MESSAGE][PASSED] - Object: 'Object Repository/WEB/Change Profile/ChangeProfile_Calendar_nextButton' is clicked on

2023-04-03 08:41:13 - [MESSAGE][WARNING] - Timeout '0' is invalid. Using default page load timeout: '30'

2023-04-03 08:41:13 - [MESSAGE][PASSED] - Object 'Object Repository/WEB/Change Profile/ChangeProfile_Calendar_nextButton' is present

2023-04-03 08:41:13 - [TEST_STEP][PASSED] - click(findTestObject("WEB/Change Profile/ChangeProfile_Calendar_nextButton")): Object 'Object Repository/WEB/Change Profile/ChangeProfile_Calendar_nextButton' is present

2023-04-03 08:41:14 - [MESSAGE][PASSED] - Object: 'Object Repository/WEB/Change Profile/ChangeProfile_Calendar_nextButton' is clicked on

2023-04-03 08:41:14 - [MESSAGE][WARNING] - Timeout '0' is invalid. Using default page load timeout: '30'

2023-04-03 08:41:14 - [MESSAGE][PASSED] - Object 'Object Repository/WEB/Change Profile/ChangeProfile_Calendar_nextButton' is present

2023-04-03 08:41:14 - [TEST_STEP][PASSED] - click(findTestObject("WEB/Change Profile/ChangeProfile_Calendar_nextButton")): Object 'Object Repository/WEB/Change Profile/ChangeProfile_Calendar_nextButton' is present

2023-04-03 08:41:15 - [MESSAGE][PASSED] - Object: 'Object Repository/WEB/Change Profile/ChangeProfile_Calendar_nextButton' is clicked on

2023-04-03 08:41:15 - [MESSAGE][WARNING] - Timeout '0' is invalid. Using default page load timeout: '30'

2023-04-03 08:41:15 - [MESSAGE][PASSED] - Object 'Object Repository/WEB/Change Profile/ChangeProfile_Calendar_nextButton' is present

2023-04-03 08:41:15 - [TEST_STEP][PASSED] - click(findTestObject("WEB/Change Profile/ChangeProfile_Calendar_nextButton")): Object 'Object Repository/WEB/Change Profile/ChangeProfile_Calendar_nextButton' is present

2023-04-03 08:41:15 - [MESSAGE][PASSED] - Object: 'Object Repository/WEB/Change Profile/ChangeProfile_Calendar_nextButton' is clicked on

2023-04-03 08:41:16 - [MESSAGE][WARNING] - Timeout '0' is invalid. Using default page load timeout: '30'

2023-04-03 08:41:16 - [MESSAGE][PASSED] - Object 'Object Repository/WEB/Change Profile/ChangeProfile_Calendar_nextButton' is present

2023-04-03 08:41:16 - [TEST_STEP][PASSED] - click(findTestObject("WEB/Change Profile/ChangeProfile_Calendar_nextButton")): Object 'Object Repository/WEB/Change Profile/ChangeProfile_Calendar_nextButton' is present

2023-04-03 08:41:16 - [MESSAGE][PASSED] - Object: 'Object Repository/WEB/Change Profile/ChangeProfile_Calendar_nextButton' is clicked on

2023-04-03 08:41:16 - [MESSAGE][WARNING] - Timeout '0' is invalid. Using default page load timeout: '30'

2023-04-03 08:41:17 - [MESSAGE][PASSED] - Object 'Object Repository/WEB/Change Profile/ChangeProfile_Calendar_nextButton' is present

2023-04-03 08:41:17 - [TEST_STEP][PASSED] - click(findTestObject("WEB/Change Profile/ChangeProfile_Calendar_nextButton")): Object 'Object Repository/WEB/Change Profile/ChangeProfile_Calendar_nextButton' is present

2023-04-03 08:41:17 - [MESSAGE][PASSED] - Object: 'Object Repository/WEB/Change Profile/ChangeProfile_Calendar_nextButton' is clicked on

2023-04-03 08:41:17 - [MESSAGE][WARNING] - Timeout '0' is invalid. Using default page load timeout: '30'

2023-04-03 08:41:18 - [MESSAGE][PASSED] - Object 'Object Repository/WEB/Change Profile/ChangeProfile_Calendar_nextButton' is present

2023-04-03 08:41:18 - [TEST_STEP][PASSED] - click(findTestObject("WEB/Change Profile/ChangeProfile_Calendar_nextButton")): Object 'Object Repository/WEB/Change Profile/ChangeProfile_Calendar_nextButton' is present

2023-04-03 08:41:18 - [MESSAGE][PASSED] - Object: 'Object Repository/WEB/Change Profile/ChangeProfile_Calendar_nextButton' is clicked on

2023-04-03 08:41:18 - [MESSAGE][WARNING] - Timeout '0' is invalid. Using default page load timeout: '30'

2023-04-03 08:41:19 - [MESSAGE][PASSED] - Object 'Object Repository/WEB/Change Profile/ChangeProfile_Calendar_nextButton' is present

2023-04-03 08:41:19 - [TEST_STEP][PASSED] - click(findTestObject("WEB/Change Profile/ChangeProfile_Calendar_nextButton")): Object 'Object Repository/WEB/Change Profile/ChangeProfile_Calendar_nextButton' is present

2023-04-03 08:41:19 - [MESSAGE][PASSED] - Object: 'Object Repository/WEB/Change Profile/ChangeProfile_Calendar_nextButton' is clicked on

2023-04-03 08:41:19 - [MESSAGE][WARNING] - Timeout '0' is invalid. Using default page load timeout: '30'

2023-04-03 08:41:19 - [MESSAGE][PASSED] - Object 'Object Repository/WEB/Change Profile/ChangeProfile_Calendar_nextButton' is present

2023-04-03 08:41:19 - [TEST_STEP][PASSED] - click(findTestObject("WEB/Change Profile/ChangeProfile_Calendar_nextButton")): Object 'Object Repository/WEB/Change Profile/ChangeProfile_Calendar_nextButton' is present

2023-04-03 08:41:20 - [MESSAGE][PASSED] - Object: 'Object Repository/WEB/Change Profile/ChangeProfile_Calendar_nextButton' is clicked on

2023-04-03 08:41:20 - [MESSAGE][WARNING] - Timeout '0' is invalid. Using default page load timeout: '30'

2023-04-03 08:41:20 - [MESSAGE][PASSED] - Object 'Object Repository/WEB/Change Profile/ChangeProfile_Calendar_nextButton' is present

2023-04-03 08:41:20 - [TEST_STEP][PASSED] - click(findTestObject("WEB/Change Profile/ChangeProfile_Calendar_nextButton")): Object 'Object Repository/WEB/Change Profile/ChangeProfile_Calendar_nextButton' is present

2023-04-03 08:41:21 - [MESSAGE][PASSED] - Object: 'Object Repository/WEB/Change Profile/ChangeProfile_Calendar_nextButton' is clicked on

2023-04-03 08:41:21 - [MESSAGE][WARNING] - Timeout '0' is invalid. Using default page load timeout: '30'

2023-04-03 08:41:21 - [MESSAGE][PASSED] - Object 'Object Repository/WEB/Change Profile/ChangeProfile_Calendar_nextButton' is present

2023-04-03 08:41:21 - [TEST_STEP][PASSED] - click(findTestObject("WEB/Change Profile/ChangeProfile_Calendar_nextButton")): Object 'Object Repository/WEB/Change Profile/ChangeProfile_Calendar_nextButton' is present

2023-04-03 08:41:21 - [MESSAGE][PASSED] - Object: 'Object Repository/WEB/Change Profile/ChangeProfile_Calendar_nextButton' is clicked on

2023-04-03 08:41:22 - [MESSAGE][WARNING] - Timeout '0' is invalid. Using default page load timeout: '30'

2023-04-03 08:41:22 - [MESSAGE][PASSED] - Object 'Object Repository/WEB/Change Profile/ChangeProfile_Calendar_nextButton' is present

2023-04-03 08:41:22 - [TEST_STEP][PASSED] - click(findTestObject("WEB/Change Profile/ChangeProfile_Calendar_nextButton")): Object 'Object Repository/WEB/Change Profile/ChangeProfile_Calendar_nextButton' is present

2023-04-03 08:41:22 - [MESSAGE][PASSED] - Object: 'Object Repository/WEB/Change Profile/ChangeProfile_Calendar_nextButton' is clicked on

2023-04-03 08:41:22 - [MESSAGE][WARNING] - Timeout '0' is invalid. Using default page load timeout: '30'

2023-04-03 08:41:23 - [MESSAGE][PASSED] - Object 'Object Repository/WEB/Change Profile/ChangeProfile_Calendar_nextButton' is present

2023-04-03 08:41:23 - [TEST_STEP][PASSED] - click(findTestObject("WEB/Change Profile/ChangeProfile_Calendar_nextButton")): Object 'Object Repository/WEB/Change Profile/ChangeProfile_Calendar_nextButton' is present

2023-04-03 08:41:23 - [MESSAGE][PASSED] - Object: 'Object Repository/WEB/Change Profile/ChangeProfile_Calendar_nextButton' is clicked on

2023-04-03 08:41:23 - [MESSAGE][WARNING] - Timeout '0' is invalid. Using default page load timeout: '30'

2023-04-03 08:41:24 - [MESSAGE][PASSED] - Object 'Object Repository/WEB/Change Profile/ChangeProfile_Calendar_nextButton' is present

2023-04-03 08:41:24 - [TEST_STEP][PASSED] - click(findTestObject("WEB/Change Profile/ChangeProfile_Calendar_nextButton")): Object 'Object Repository/WEB/Change Profile/ChangeProfile_Calendar_nextButton' is present

2023-04-03 08:41:24 - [MESSAGE][PASSED] - Object: 'Object Repository/WEB/Change Profile/ChangeProfile_Calendar_nextButton' is clicked on

2023-04-03 08:41:24 - [MESSAGE][WARNING] - Timeout '0' is invalid. Using default page load timeout: '30'

2023-04-03 08:41:25 - [MESSAGE][PASSED] - Object 'Object Repository/WEB/Change Profile/ChangeProfile_Calendar_nextButton' is present

2023-04-03 08:41:25 - [TEST_STEP][PASSED] - click(findTestObject("WEB/Change Profile/ChangeProfile_Calendar_nextButton")): Object 'Object Repository/WEB/Change Profile/ChangeProfile_Calendar_nextButton' is present

2023-04-03 08:41:25 - [MESSAGE][PASSED] - Object: 'Object Repository/WEB/Change Profile/ChangeProfile_Calendar_nextButton' is clicked on

2023-04-03 08:41:25 - [MESSAGE][WARNING] - Timeout '0' is invalid. Using default page load timeout: '30'

2023-04-03 08:41:25 - [MESSAGE][PASSED] - Object 'Object Repository/WEB/Change Profile/ChangeProfile_Calendar_nextButton' is present

2023-04-03 08:41:25 - [TEST_STEP][PASSED] - click(findTestObject("WEB/Change Profile/ChangeProfile_Calendar_nextButton")): Object 'Object Repository/WEB/Change Profile/ChangeProfile_Calendar_nextButton' is present

2023-04-03 08:41:26 - [MESSAGE][PASSED] - Object: 'Object Repository/WEB/Change Profile/ChangeProfile_Calendar_nextButton' is clicked on

2023-04-03 08:41:26 - [MESSAGE][WARNING] - Timeout '0' is invalid. Using default page load timeout: '30'

2023-04-03 08:41:26 - [MESSAGE][PASSED] - Object 'Object Repository/WEB/Change Profile/ChangeProfile_Calendar_nextButton' is present

2023-04-03 08:41:26 - [TEST_STEP][PASSED] - click(findTestObject("WEB/Change Profile/ChangeProfile_Calendar_nextButton")): Object 'Object Repository/WEB/Change Profile/ChangeProfile_Calendar_nextButton' is present

2023-04-03 08:41:27 - [MESSAGE][PASSED] - Object: 'Object Repository/WEB/Change Profile/ChangeProfile_Calendar_nextButton' is clicked on

2023-04-03 08:41:27 - [MESSAGE][WARNING] - Timeout '0' is invalid. Using default page load timeout: '30'

2023-04-03 08:41:27 - [MESSAGE][PASSED] - Object 'Object Repository/WEB/Change Profile/ChangeProfile_Calendar_nextButton' is present

2023-04-03 08:41:27 - [TEST_STEP][PASSED] - click(findTestObject("WEB/Change Profile/ChangeProfile_Calendar_nextButton")): Object 'Object Repository/WEB/Change Profile/ChangeProfile_Calendar_nextButton' is present

2023-04-03 08:41:27 - [MESSAGE][PASSED] - Object: 'Object Repository/WEB/Change Profile/ChangeProfile_Calendar_nextButton' is clicked on

2023-04-03 08:41:27 - [MESSAGE][WARNING] - Timeout '0' is invalid. Using default page load timeout: '30'

2023-04-03 08:41:28 - [MESSAGE][PASSED] - Object 'Object Repository/WEB/Change Profile/ChangeProfile_Calendar_nextButton' is present

2023-04-03 08:41:28 - [TEST_STEP][PASSED] - click(findTestObject("WEB/Change Profile/ChangeProfile_Calendar_nextButton")): Object 'Object Repository/WEB/Change Profile/ChangeProfile_Calendar_nextButton' is present

2023-04-03 08:41:28 - [MESSAGE][PASSED] - Object: 'Object Repository/WEB/Change Profile/ChangeProfile_Calendar_nextButton' is clicked on

2023-04-03 08:41:28 - [MESSAGE][WARNING] - Timeout '0' is invalid. Using default page load timeout: '30'

2023-04-03 08:41:29 - [MESSAGE][PASSED] - Object 'Object Repository/WEB/Change Profile/ChangeProfile_Calendar_nextButton' is present

2023-04-03 08:41:29 - [TEST_STEP][PASSED] - click(findTestObject("WEB/Change Profile/ChangeProfile_Calendar_nextButton")): com.kms.katalon.core.webui.exception.WebElementNotFoundException: Web element with id: 'Object Repository/WEB/Change Profile/ChangeProfile_Calendar_nextButton' located by 'body > div.daterangepicker.ltr.single.auto-apply.opensright.show-calendar > div.drp-calendar.left.single > div.calendar-table > table > thead > tr:nth-child(1) > th.next.available' not found (Root cause: com.kms.katalon.core.exception.StepFailedException: com.kms.katalon.core.webui.exception.WebElementNotFoundException: Web element with id: 'Object Repository/WEB/Change Profile/ChangeProfile_Calendar_nextButton' located by 'body > div.daterangepicker.ltr.single.auto-apply.opensright.show-calendar > div.drp-calendar.left.single > div.calendar-table > table > thead > tr:nth-child(1) > th.next.available' not found
	at com.kms.katalon.core.webui.keyword.internal.WebUIKeywordMain.stepFailed(WebUIKeywordMain.groovy:64)
	at com.kms.katalon.core.webui.keyword.builtin.VerifyElementPresentKeyword$_verifyElementPresent_closure1.doCall(VerifyElementPresentKeyword.groovy:85)
	at com.kms.katalon.core.webui.keyword.builtin.VerifyElementPresentKeyword$_verifyElementPresent_closure1.call(VerifyElementPresentKeyword.groovy)
	at com.kms.katalon.core.webui.keyword.internal.WebUIKeywordMain.runKeyword(WebUIKeywordMain.groovy:20)
	at com.kms.katalon.core.webui.keyword.builtin.VerifyElementPresentKeyword.verifyElementPresent(VerifyElementPresentKeyword.groovy:92)
	at com.kms.katalon.core.webui.keyword.builtin.VerifyElementPresentKeyword.execute(VerifyElementPresentKeyword.groovy:68)
	at com.kms.katalon.core.keyword.internal.KeywordExecutor.executeKeywordForPlatform(KeywordExecutor.groovy:74)
	at com.kms.katalon.core.webui.keyword.WebUiBuiltInKeywords.verifyElementPresent(WebUiBuiltInKeywords.groovy:1448)
	at com.kms.katalon.core.webui.keyword.WebUiBuiltInKeywords$verifyElementPresent$11.call(Unknown Source)
	at CP-24.run(CP-24:39)
	at com.kms.katalon.core.main.ScriptEngine.run(ScriptEngine.java:194)
	at com.kms.katalon.core.main.ScriptEngine.runScriptAsRawText(ScriptEngine.java:119)
	at com.kms.katalon.core.main.TestCaseExecutor.runScript(TestCaseExecutor.java:448)
	at com.kms.katalon.core.main.TestCaseExecutor.doExecute(TestCaseExecutor.java:439)
	at com.kms.katalon.core.main.TestCaseExecutor.processExecutionPhase(TestCaseExecutor.java:418)
	at com.kms.katalon.core.main.TestCaseExecutor.accessMainPhase(TestCaseExecutor.java:410)
	at com.kms.katalon.core.main.TestCaseExecutor.execute(TestCaseExecutor.java:285)
	at com.kms.katalon.core.common.CommonExecutor.accessTestCaseMainPhase(CommonExecutor.java:65)
	at com.kms.katalon.core.main.TestSuiteExecutor.accessTestSuiteMainPhase(TestSuiteExecutor.java:151)
	at com.kms.katalon.core.main.TestSuiteExecutor.execute(TestSuiteExecutor.java:106)
	at com.kms.katalon.core.main.TestCaseMain.startTestSuite(TestCaseMain.java:185)
	at com.kms.katalon.core.main.TestCaseMain$startTestSuite$0.call(Unknown Source)
	at TempTestSuite1680485631021.run(TempTestSuite1680485631021.groovy:36)
)

2023-04-03 08:41:29 - [MESSAGE][PASSED] - Object: 'Object Repository/WEB/Change Profile/ChangeProfile_Calendar_nextButton' is clicked on

2023-04-03 08:41:29 - [MESSAGE][WARNING] - Timeout '0' is invalid. Using default page load timeout: '30'

2023-04-03 08:42:00 - [MESSAGE][INFO] - Unable to find the element located by 'By.cssSelector: body > div.daterangepicker.ltr.single.auto-apply.opensright.show-calendar > div.drp-calendar.left.single > div.calendar-table > table > thead > tr:nth-child(1) > th.next.available'. Please recheck the objects properties to make sure the desired element is located. 

2023-04-03 08:42:00 - [MESSAGE][WARNING] - com.kms.katalon.core.webui.exception.WebElementNotFoundException: Web element with id: 'Object Repository/WEB/Change Profile/ChangeProfile_Calendar_nextButton' located by 'body > div.daterangepicker.ltr.single.auto-apply.opensright.show-calendar > div.drp-calendar.left.single > div.calendar-table > table > thead > tr:nth-child(1) > th.next.available' not found (Root cause: com.kms.katalon.core.exception.StepFailedException: com.kms.katalon.core.webui.exception.WebElementNotFoundException: Web element with id: 'Object Repository/WEB/Change Profile/ChangeProfile_Calendar_nextButton' located by 'body > div.daterangepicker.ltr.single.auto-apply.opensright.show-calendar > div.drp-calendar.left.single > div.calendar-table > table > thead > tr:nth-child(1) > th.next.available' not found
	at com.kms.katalon.core.webui.keyword.internal.WebUIKeywordMain.stepFailed(WebUIKeywordMain.groovy:64)
	at com.kms.katalon.core.webui.keyword.builtin.VerifyElementPresentKeyword$_verifyElementPresent_closure1.doCall(VerifyElementPresentKeyword.groovy:85)
	at com.kms.katalon.core.webui.keyword.builtin.VerifyElementPresentKeyword$_verifyElementPresent_closure1.call(VerifyElementPresentKeyword.groovy)
	at com.kms.katalon.core.webui.keyword.internal.WebUIKeywordMain.runKeyword(WebUIKeywordMain.groovy:20)
	at com.kms.katalon.core.webui.keyword.builtin.VerifyElementPresentKeyword.verifyElementPresent(VerifyElementPresentKeyword.groovy:92)
	at com.kms.katalon.core.webui.keyword.builtin.VerifyElementPresentKeyword.execute(VerifyElementPresentKeyword.groovy:68)
	at com.kms.katalon.core.keyword.internal.KeywordExecutor.executeKeywordForPlatform(KeywordExecutor.groovy:74)
	at com.kms.katalon.core.webui.keyword.WebUiBuiltInKeywords.verifyElementPresent(WebUiBuiltInKeywords.groovy:1448)
	at com.kms.katalon.core.webui.keyword.WebUiBuiltInKeywords$verifyElementPresent$11.call(Unknown Source)
	at CP-24.run(CP-24:39)
	at com.kms.katalon.core.main.ScriptEngine.run(ScriptEngine.java:194)
	at com.kms.katalon.core.main.ScriptEngine.runScriptAsRawText(ScriptEngine.java:119)
	at com.kms.katalon.core.main.TestCaseExecutor.runScript(TestCaseExecutor.java:448)
	at com.kms.katalon.core.main.TestCaseExecutor.doExecute(TestCaseExecutor.java:439)
	at com.kms.katalon.core.main.TestCaseExecutor.processExecutionPhase(TestCaseExecutor.java:418)
	at com.kms.katalon.core.main.TestCaseExecutor.accessMainPhase(TestCaseExecutor.java:410)
	at com.kms.katalon.core.main.TestCaseExecutor.execute(TestCaseExecutor.java:285)
	at com.kms.katalon.core.common.CommonExecutor.accessTestCaseMainPhase(CommonExecutor.java:65)
	at com.kms.katalon.core.main.TestSuiteExecutor.accessTestSuiteMainPhase(TestSuiteExecutor.java:151)
	at com.kms.katalon.core.main.TestSuiteExecutor.execute(TestSuiteExecutor.java:106)
	at com.kms.katalon.core.main.TestCaseMain.startTestSuite(TestCaseMain.java:185)
	at com.kms.katalon.core.main.TestCaseMain$startTestSuite$0.call(Unknown Source)
	at TempTestSuite1680485631021.run(TempTestSuite1680485631021.groovy:36)
)
[[ATTACHMENT|C:\\Users\\rizki\\git\\CodingID-QA\\Reports\\20230403_083351\\WEB\\CP\\20230403_083351\\1680486120703.png]]

2023-04-03 08:42:00 - [TEST_STEP][PASSED] - click(findTestObject("WEB/Change Profile/ChangeProfile_Calendar_SelectedDateFirstRow")): Object: 'Object Repository/WEB/Change Profile/ChangeProfile_Calendar_SelectedDateFirstRow' is clicked on

2023-04-03 08:42:01 - [MESSAGE][PASSED] - Object: 'Object Repository/WEB/Change Profile/ChangeProfile_Calendar_SelectedDateFirstRow' is clicked on

2023-04-03 08:42:01 - [TEST_STEP][PASSED] - nameInputValue = getAttribute(findTestObject("WEB/Change Profile/ChangeProfile_inputText_Name"), "value"): Attribute 'value' of object 'Object Repository/WEB/Change Profile/ChangeProfile_inputText_Name' is: 'Edited Name'

2023-04-03 08:42:01 - [MESSAGE][PASSED] - Attribute 'value' of object 'Object Repository/WEB/Change Profile/ChangeProfile_inputText_Name' is: 'Edited Name'

2023-04-03 08:42:01 - [TEST_STEP][PASSED] - birthdayInputValue = getAttribute(findTestObject("WEB/Change Profile/ChangeProfile_inputText_BirthDay"), "value"): Attribute 'value' of object 'Object Repository/WEB/Change Profile/ChangeProfile_inputText_BirthDay' is: '01-Dec-2016'

2023-04-03 08:42:01 - [MESSAGE][PASSED] - Attribute 'value' of object 'Object Repository/WEB/Change Profile/ChangeProfile_inputText_BirthDay' is: '01-Dec-2016'

2023-04-03 08:42:01 - [TEST_STEP][PASSED] - click(findTestObject("WEB/Change Profile/ChangeProfile_button_Save")): Object: 'Object Repository/WEB/Change Profile/ChangeProfile_button_Save' is clicked on

2023-04-03 08:42:03 - [MESSAGE][PASSED] - Object: 'Object Repository/WEB/Change Profile/ChangeProfile_button_Save' is clicked on

2023-04-03 08:42:03 - [TEST_STEP][PASSED] - delay(2): Delayed 2 second(s)

2023-04-03 08:42:05 - [MESSAGE][PASSED] - Delayed 2 second(s)

2023-04-03 08:42:05 - [TEST_STEP][PASSED] - birthdayProfile = getText(findTestObject("WEB/Profile/Profile_text_Birthday")): Text of object 'Object Repository/WEB/Profile/Profile_text_Birthday' is: '01-Dec-2016'

2023-04-03 08:42:05 - [MESSAGE][PASSED] - Text of object 'Object Repository/WEB/Profile/Profile_text_Birthday' is: '01-Dec-2016'

2023-04-03 08:42:05 - [TEST_STEP][PASSED] - verifyElementText(findTestObject("Object Repository/WEB/Change Profile/Profile_p_ChangeSuccessNotif"), originalNameProfile + " telah di edit"): Actual text and expected text of test object 'Object Repository/WEB/Change Profile/Profile_p_ChangeSuccessNotif' are matched.

2023-04-03 08:42:06 - [MESSAGE][PASSED] - Actual text and expected text of test object 'Object Repository/WEB/Change Profile/Profile_p_ChangeSuccessNotif' are matched.

2023-04-03 08:42:06 - [TEST_STEP][PASSED] - click(findTestObject("Object Repository/WEB/Change Profile/Profile_button_ChangeSuccessNotif")): Object: 'Object Repository/WEB/Change Profile/Profile_button_ChangeSuccessNotif' is clicked on

2023-04-03 08:42:06 - [MESSAGE][PASSED] - Object: 'Object Repository/WEB/Change Profile/Profile_button_ChangeSuccessNotif' is clicked on

2023-04-03 08:42:06 - [TEST_STEP][PASSED] - assert birthdayProfile == birthdayInputValue : "Updated Birthday does not match the inputted one": null]]></system-out>
         <system-err><![CDATA[]]></system-err>
      </testcase>
      <testcase name="Test Cases/Web/CP/CP-25" time="41.22" classname="Test Cases/Web/CP/CP-25" status="PASSED">
         <system-out><![CDATA[2023-04-03 08:42:06 - [TEST_CASE][PASSED] - Test Cases/Web/CP/CP-25: Test Cases/Web/CP/CP-25

2023-04-03 08:42:06 - [TEST_STEP][PASSED] - navigateToUrl("https://demo-app.online/dashboard/profile"): Navigate to 'https://demo-app.online/dashboard/profile' successfully

2023-04-03 08:42:07 - [MESSAGE][PASSED] - Navigate to 'https://demo-app.online/dashboard/profile' successfully

2023-04-03 08:42:07 - [TEST_STEP][PASSED] - originalNameProfile = getText(findTestObject("WEB/Profile/Profile_text_Name")).trim(): Text of object 'Object Repository/WEB/Profile/Profile_text_Name' is: 'Edited Name'

2023-04-03 08:42:08 - [MESSAGE][PASSED] - Text of object 'Object Repository/WEB/Profile/Profile_text_Name' is: 'Edited Name'

2023-04-03 08:42:08 - [TEST_STEP][PASSED] - click(findTestObject("WEB/Profile/Profile_button_EditProfile")): Object: 'Object Repository/WEB/Profile/Profile_button_EditProfile' is clicked on

2023-04-03 08:42:08 - [MESSAGE][PASSED] - Object: 'Object Repository/WEB/Profile/Profile_button_EditProfile' is clicked on

2023-04-03 08:42:08 - [TEST_STEP][PASSED] - click(findTestObject("WEB/Change Profile/ChangeProfile_Calendar")): Object: 'Object Repository/WEB/Change Profile/ChangeProfile_Calendar' is clicked on

2023-04-03 08:42:09 - [MESSAGE][PASSED] - Object: 'Object Repository/WEB/Change Profile/ChangeProfile_Calendar' is clicked on

2023-04-03 08:42:09 - [TEST_STEP][PASSED] - month = getText(findTestObject("WEB/Change Profile/ChangeProfile_Calendar_monthYearDupe")): Text of object 'Object Repository/WEB/Change Profile/ChangeProfile_Calendar_monthYearDupe' is: 'Dec 2016'

2023-04-03 08:42:09 - [MESSAGE][PASSED] - Text of object 'Object Repository/WEB/Change Profile/ChangeProfile_Calendar_monthYearDupe' is: 'Dec 2016'

2023-04-03 08:42:09 - [TEST_STEP][PASSED] - setText(findTestObject("WEB/Change Profile/ChangeProfile_inputText_BirthDay"), "01-Jan-1924"): Text '01-Jan-1924' is set on object 'Object Repository/WEB/Change Profile/ChangeProfile_inputText_BirthDay'

2023-04-03 08:42:10 - [MESSAGE][PASSED] - Text '01-Jan-1924' is set on object 'Object Repository/WEB/Change Profile/ChangeProfile_inputText_BirthDay'

2023-04-03 08:42:10 - [TEST_STEP][PASSED] - while (verifyElementPresent(findTestObject("WEB/Change Profile/ChangeProfile_Calendar_prevButton"), 0, OPTIONAL)): null

2023-04-03 08:42:10 - [MESSAGE][WARNING] - Timeout '0' is invalid. Using default page load timeout: '30'

2023-04-03 08:42:11 - [MESSAGE][PASSED] - Object 'Object Repository/WEB/Change Profile/ChangeProfile_Calendar_prevButton' is present

2023-04-03 08:42:11 - [TEST_STEP][PASSED] - click(findTestObject("WEB/Change Profile/ChangeProfile_Calendar_prevButton")): com.kms.katalon.core.webui.exception.WebElementNotFoundException: Web element with id: 'Object Repository/WEB/Change Profile/ChangeProfile_Calendar_prevButton' located by 'body > div.daterangepicker.ltr.single.auto-apply.opensright.show-calendar > div.drp-calendar.left.single > div.calendar-table > table > thead > tr:nth-child(1) > th.prev.available' not found (Root cause: com.kms.katalon.core.exception.StepFailedException: com.kms.katalon.core.webui.exception.WebElementNotFoundException: Web element with id: 'Object Repository/WEB/Change Profile/ChangeProfile_Calendar_prevButton' located by 'body > div.daterangepicker.ltr.single.auto-apply.opensright.show-calendar > div.drp-calendar.left.single > div.calendar-table > table > thead > tr:nth-child(1) > th.prev.available' not found
	at com.kms.katalon.core.webui.keyword.internal.WebUIKeywordMain.stepFailed(WebUIKeywordMain.groovy:64)
	at com.kms.katalon.core.webui.keyword.builtin.VerifyElementPresentKeyword$_verifyElementPresent_closure1.doCall(VerifyElementPresentKeyword.groovy:85)
	at com.kms.katalon.core.webui.keyword.builtin.VerifyElementPresentKeyword$_verifyElementPresent_closure1.call(VerifyElementPresentKeyword.groovy)
	at com.kms.katalon.core.webui.keyword.internal.WebUIKeywordMain.runKeyword(WebUIKeywordMain.groovy:20)
	at com.kms.katalon.core.webui.keyword.builtin.VerifyElementPresentKeyword.verifyElementPresent(VerifyElementPresentKeyword.groovy:92)
	at com.kms.katalon.core.webui.keyword.builtin.VerifyElementPresentKeyword.execute(VerifyElementPresentKeyword.groovy:68)
	at com.kms.katalon.core.keyword.internal.KeywordExecutor.executeKeywordForPlatform(KeywordExecutor.groovy:74)
	at com.kms.katalon.core.webui.keyword.WebUiBuiltInKeywords.verifyElementPresent(WebUiBuiltInKeywords.groovy:1448)
	at com.kms.katalon.core.webui.keyword.WebUiBuiltInKeywords$verifyElementPresent$11.call(Unknown Source)
	at CP-25.run(CP-25:39)
	at com.kms.katalon.core.main.ScriptEngine.run(ScriptEngine.java:194)
	at com.kms.katalon.core.main.ScriptEngine.runScriptAsRawText(ScriptEngine.java:119)
	at com.kms.katalon.core.main.TestCaseExecutor.runScript(TestCaseExecutor.java:448)
	at com.kms.katalon.core.main.TestCaseExecutor.doExecute(TestCaseExecutor.java:439)
	at com.kms.katalon.core.main.TestCaseExecutor.processExecutionPhase(TestCaseExecutor.java:418)
	at com.kms.katalon.core.main.TestCaseExecutor.accessMainPhase(TestCaseExecutor.java:410)
	at com.kms.katalon.core.main.TestCaseExecutor.execute(TestCaseExecutor.java:285)
	at com.kms.katalon.core.common.CommonExecutor.accessTestCaseMainPhase(CommonExecutor.java:65)
	at com.kms.katalon.core.main.TestSuiteExecutor.accessTestSuiteMainPhase(TestSuiteExecutor.java:151)
	at com.kms.katalon.core.main.TestSuiteExecutor.execute(TestSuiteExecutor.java:106)
	at com.kms.katalon.core.main.TestCaseMain.startTestSuite(TestCaseMain.java:185)
	at com.kms.katalon.core.main.TestCaseMain$startTestSuite$0.call(Unknown Source)
	at TempTestSuite1680485631021.run(TempTestSuite1680485631021.groovy:36)
)

2023-04-03 08:42:11 - [MESSAGE][PASSED] - Object: 'Object Repository/WEB/Change Profile/ChangeProfile_Calendar_prevButton' is clicked on

2023-04-03 08:42:11 - [MESSAGE][WARNING] - Timeout '0' is invalid. Using default page load timeout: '30'

2023-04-03 08:42:42 - [MESSAGE][INFO] - Unable to find the element located by 'By.cssSelector: body > div.daterangepicker.ltr.single.auto-apply.opensright.show-calendar > div.drp-calendar.left.single > div.calendar-table > table > thead > tr:nth-child(1) > th.prev.available'. Please recheck the objects properties to make sure the desired element is located. 

2023-04-03 08:42:42 - [MESSAGE][WARNING] - com.kms.katalon.core.webui.exception.WebElementNotFoundException: Web element with id: 'Object Repository/WEB/Change Profile/ChangeProfile_Calendar_prevButton' located by 'body > div.daterangepicker.ltr.single.auto-apply.opensright.show-calendar > div.drp-calendar.left.single > div.calendar-table > table > thead > tr:nth-child(1) > th.prev.available' not found (Root cause: com.kms.katalon.core.exception.StepFailedException: com.kms.katalon.core.webui.exception.WebElementNotFoundException: Web element with id: 'Object Repository/WEB/Change Profile/ChangeProfile_Calendar_prevButton' located by 'body > div.daterangepicker.ltr.single.auto-apply.opensright.show-calendar > div.drp-calendar.left.single > div.calendar-table > table > thead > tr:nth-child(1) > th.prev.available' not found
	at com.kms.katalon.core.webui.keyword.internal.WebUIKeywordMain.stepFailed(WebUIKeywordMain.groovy:64)
	at com.kms.katalon.core.webui.keyword.builtin.VerifyElementPresentKeyword$_verifyElementPresent_closure1.doCall(VerifyElementPresentKeyword.groovy:85)
	at com.kms.katalon.core.webui.keyword.builtin.VerifyElementPresentKeyword$_verifyElementPresent_closure1.call(VerifyElementPresentKeyword.groovy)
	at com.kms.katalon.core.webui.keyword.internal.WebUIKeywordMain.runKeyword(WebUIKeywordMain.groovy:20)
	at com.kms.katalon.core.webui.keyword.builtin.VerifyElementPresentKeyword.verifyElementPresent(VerifyElementPresentKeyword.groovy:92)
	at com.kms.katalon.core.webui.keyword.builtin.VerifyElementPresentKeyword.execute(VerifyElementPresentKeyword.groovy:68)
	at com.kms.katalon.core.keyword.internal.KeywordExecutor.executeKeywordForPlatform(KeywordExecutor.groovy:74)
	at com.kms.katalon.core.webui.keyword.WebUiBuiltInKeywords.verifyElementPresent(WebUiBuiltInKeywords.groovy:1448)
	at com.kms.katalon.core.webui.keyword.WebUiBuiltInKeywords$verifyElementPresent$11.call(Unknown Source)
	at CP-25.run(CP-25:39)
	at com.kms.katalon.core.main.ScriptEngine.run(ScriptEngine.java:194)
	at com.kms.katalon.core.main.ScriptEngine.runScriptAsRawText(ScriptEngine.java:119)
	at com.kms.katalon.core.main.TestCaseExecutor.runScript(TestCaseExecutor.java:448)
	at com.kms.katalon.core.main.TestCaseExecutor.doExecute(TestCaseExecutor.java:439)
	at com.kms.katalon.core.main.TestCaseExecutor.processExecutionPhase(TestCaseExecutor.java:418)
	at com.kms.katalon.core.main.TestCaseExecutor.accessMainPhase(TestCaseExecutor.java:410)
	at com.kms.katalon.core.main.TestCaseExecutor.execute(TestCaseExecutor.java:285)
	at com.kms.katalon.core.common.CommonExecutor.accessTestCaseMainPhase(CommonExecutor.java:65)
	at com.kms.katalon.core.main.TestSuiteExecutor.accessTestSuiteMainPhase(TestSuiteExecutor.java:151)
	at com.kms.katalon.core.main.TestSuiteExecutor.execute(TestSuiteExecutor.java:106)
	at com.kms.katalon.core.main.TestCaseMain.startTestSuite(TestCaseMain.java:185)
	at com.kms.katalon.core.main.TestCaseMain$startTestSuite$0.call(Unknown Source)
	at TempTestSuite1680485631021.run(TempTestSuite1680485631021.groovy:36)
)
[[ATTACHMENT|C:\\Users\\rizki\\git\\CodingID-QA\\Reports\\20230403_083351\\WEB\\CP\\20230403_083351\\1680486162591.png]]

2023-04-03 08:42:42 - [TEST_STEP][PASSED] - click(findTestObject("WEB/Change Profile/ChangeProfile_Calendar_SelectedDateLastRow")): Object: 'Object Repository/WEB/Change Profile/ChangeProfile_Calendar_SelectedDateLastRow' is clicked on

2023-04-03 08:42:43 - [MESSAGE][PASSED] - Object: 'Object Repository/WEB/Change Profile/ChangeProfile_Calendar_SelectedDateLastRow' is clicked on

2023-04-03 08:42:43 - [TEST_STEP][PASSED] - nameInputValue = getAttribute(findTestObject("WEB/Change Profile/ChangeProfile_inputText_Name"), "value"): Attribute 'value' of object 'Object Repository/WEB/Change Profile/ChangeProfile_inputText_Name' is: 'Edited Name'

2023-04-03 08:42:43 - [MESSAGE][PASSED] - Attribute 'value' of object 'Object Repository/WEB/Change Profile/ChangeProfile_inputText_Name' is: 'Edited Name'

2023-04-03 08:42:43 - [TEST_STEP][PASSED] - birthdayInputValue = getAttribute(findTestObject("WEB/Change Profile/ChangeProfile_inputText_BirthDay"), "value"): Attribute 'value' of object 'Object Repository/WEB/Change Profile/ChangeProfile_inputText_BirthDay' is: '31-Dec-1923'

2023-04-03 08:42:43 - [MESSAGE][PASSED] - Attribute 'value' of object 'Object Repository/WEB/Change Profile/ChangeProfile_inputText_BirthDay' is: '31-Dec-1923'

2023-04-03 08:42:43 - [TEST_STEP][PASSED] - click(findTestObject("WEB/Change Profile/ChangeProfile_button_Save")): Object: 'Object Repository/WEB/Change Profile/ChangeProfile_button_Save' is clicked on

2023-04-03 08:42:44 - [MESSAGE][PASSED] - Object: 'Object Repository/WEB/Change Profile/ChangeProfile_button_Save' is clicked on

2023-04-03 08:42:44 - [TEST_STEP][PASSED] - delay(2): Delayed 2 second(s)

2023-04-03 08:42:46 - [MESSAGE][PASSED] - Delayed 2 second(s)

2023-04-03 08:42:46 - [TEST_STEP][PASSED] - birthdayProfile = getText(findTestObject("WEB/Profile/Profile_text_Birthday")): Text of object 'Object Repository/WEB/Profile/Profile_text_Birthday' is: '31-Dec-1923'

2023-04-03 08:42:47 - [MESSAGE][PASSED] - Text of object 'Object Repository/WEB/Profile/Profile_text_Birthday' is: '31-Dec-1923'

2023-04-03 08:42:47 - [TEST_STEP][PASSED] - verifyElementText(findTestObject("Object Repository/WEB/Change Profile/Profile_p_ChangeSuccessNotif"), originalNameProfile + " telah di edit"): Actual text and expected text of test object 'Object Repository/WEB/Change Profile/Profile_p_ChangeSuccessNotif' are matched.

2023-04-03 08:42:47 - [MESSAGE][PASSED] - Actual text and expected text of test object 'Object Repository/WEB/Change Profile/Profile_p_ChangeSuccessNotif' are matched.

2023-04-03 08:42:47 - [TEST_STEP][PASSED] - click(findTestObject("Object Repository/WEB/Change Profile/Profile_button_ChangeSuccessNotif")): Object: 'Object Repository/WEB/Change Profile/Profile_button_ChangeSuccessNotif' is clicked on

2023-04-03 08:42:47 - [MESSAGE][PASSED] - Object: 'Object Repository/WEB/Change Profile/Profile_button_ChangeSuccessNotif' is clicked on

2023-04-03 08:42:47 - [TEST_STEP][PASSED] - assert birthdayProfile == birthdayInputValue : "Updated Birthday does not match the inputted one": null]]></system-out>
         <system-err><![CDATA[]]></system-err>
      </testcase>
      <testcase name="Test Cases/Web/CP/CP-26" time="7.586" classname="Test Cases/Web/CP/CP-26" status="PASSED">
         <system-out><![CDATA[2023-04-03 08:42:47 - [TEST_CASE][PASSED] - Test Cases/Web/CP/CP-26: Test Cases/Web/CP/CP-26

2023-04-03 08:42:47 - [TEST_STEP][PASSED] - navigateToUrl("https://demo-app.online/dashboard/profile"): Navigate to 'https://demo-app.online/dashboard/profile' successfully

2023-04-03 08:42:48 - [MESSAGE][PASSED] - Navigate to 'https://demo-app.online/dashboard/profile' successfully

2023-04-03 08:42:48 - [TEST_STEP][PASSED] - testData = findTestData("Data Files/Web/ChangeProfile_Birthday"): null

2023-04-03 08:42:48 - [TEST_STEP][PASSED] - inputBirthday = toString().trim(): null

2023-04-03 08:42:48 - [TEST_STEP][PASSED] - originalNameProfile = getText(findTestObject("WEB/Profile/Profile_text_Name")).trim(): Text of object 'Object Repository/WEB/Profile/Profile_text_Name' is: 'Edited Name'

2023-04-03 08:42:48 - [MESSAGE][PASSED] - Text of object 'Object Repository/WEB/Profile/Profile_text_Name' is: 'Edited Name'

2023-04-03 08:42:48 - [TEST_STEP][PASSED] - originalBirthdayProfile = getText(findTestObject("WEB/Profile/Profile_text_Birthday")).trim(): Text of object 'Object Repository/WEB/Profile/Profile_text_Birthday' is: '31-Dec-1923'

2023-04-03 08:42:49 - [MESSAGE][PASSED] - Text of object 'Object Repository/WEB/Profile/Profile_text_Birthday' is: '31-Dec-1923'

2023-04-03 08:42:49 - [TEST_STEP][PASSED] - click(findTestObject("WEB/Profile/Profile_button_EditProfile")): Object: 'Object Repository/WEB/Profile/Profile_button_EditProfile' is clicked on

2023-04-03 08:42:49 - [MESSAGE][PASSED] - Object: 'Object Repository/WEB/Profile/Profile_button_EditProfile' is clicked on

2023-04-03 08:42:49 - [TEST_STEP][PASSED] - setText(findTestObject("WEB/Change Profile/ChangeProfile_inputText_BirthDay"), inputBirthday): Text '' is set on object 'Object Repository/WEB/Change Profile/ChangeProfile_inputText_BirthDay'

2023-04-03 08:42:51 - [MESSAGE][PASSED] - Text '' is set on object 'Object Repository/WEB/Change Profile/ChangeProfile_inputText_BirthDay'

2023-04-03 08:42:51 - [TEST_STEP][PASSED] - nameInputValue = getAttribute(findTestObject("WEB/Change Profile/ChangeProfile_inputText_Name"), "value"): Attribute 'value' of object 'Object Repository/WEB/Change Profile/ChangeProfile_inputText_Name' is: 'Edited Name'

2023-04-03 08:42:51 - [MESSAGE][PASSED] - Attribute 'value' of object 'Object Repository/WEB/Change Profile/ChangeProfile_inputText_Name' is: 'Edited Name'

2023-04-03 08:42:51 - [TEST_STEP][PASSED] - click(findTestObject("WEB/Change Profile/ChangeProfile_button_Save")): Object: 'Object Repository/WEB/Change Profile/ChangeProfile_button_Save' is clicked on

2023-04-03 08:42:52 - [MESSAGE][PASSED] - Object: 'Object Repository/WEB/Change Profile/ChangeProfile_button_Save' is clicked on

2023-04-03 08:42:52 - [TEST_STEP][PASSED] - delay(2): Delayed 2 second(s)

2023-04-03 08:42:54 - [MESSAGE][PASSED] - Delayed 2 second(s)

2023-04-03 08:42:54 - [TEST_STEP][PASSED] - birthdayProfile = getText(findTestObject("WEB/Profile/Profile_text_Birthday")): Text of object 'Object Repository/WEB/Profile/Profile_text_Birthday' is: '31-Dec-1923'

2023-04-03 08:42:54 - [MESSAGE][PASSED] - Text of object 'Object Repository/WEB/Profile/Profile_text_Birthday' is: '31-Dec-1923'

2023-04-03 08:42:54 - [TEST_STEP][PASSED] - verifyElementText(findTestObject("Object Repository/WEB/Change Profile/Profile_p_ChangeSuccessNotif"), originalNameProfile + " telah di edit"): Actual text and expected text of test object 'Object Repository/WEB/Change Profile/Profile_p_ChangeSuccessNotif' are matched.

2023-04-03 08:42:54 - [MESSAGE][PASSED] - Actual text and expected text of test object 'Object Repository/WEB/Change Profile/Profile_p_ChangeSuccessNotif' are matched.

2023-04-03 08:42:54 - [TEST_STEP][PASSED] - click(findTestObject("Object Repository/WEB/Change Profile/Profile_button_ChangeSuccessNotif")): Object: 'Object Repository/WEB/Change Profile/Profile_button_ChangeSuccessNotif' is clicked on

2023-04-03 08:42:55 - [MESSAGE][PASSED] - Object: 'Object Repository/WEB/Change Profile/Profile_button_ChangeSuccessNotif' is clicked on

2023-04-03 08:42:55 - [TEST_STEP][PASSED] - assert !(birthdayProfile == inputBirthday) : "Updated Birthday matches the invalid input": null

2023-04-03 08:42:55 - [TEST_STEP][PASSED] - assert originalBirthdayProfile == birthdayProfile : "Birthday value should have stayed as it was": null]]></system-out>
         <system-err><![CDATA[]]></system-err>
      </testcase>
      <testcase name="Test Cases/Web/CP/CP-27" time="8.216" classname="Test Cases/Web/CP/CP-27" status="PASSED">
         <system-out><![CDATA[2023-04-03 08:42:55 - [TEST_CASE][PASSED] - Test Cases/Web/CP/CP-27: Test Cases/Web/CP/CP-27

2023-04-03 08:42:55 - [TEST_STEP][PASSED] - navigateToUrl("https://demo-app.online/dashboard/profile"): Navigate to 'https://demo-app.online/dashboard/profile' successfully

2023-04-03 08:42:55 - [MESSAGE][PASSED] - Navigate to 'https://demo-app.online/dashboard/profile' successfully

2023-04-03 08:42:55 - [TEST_STEP][PASSED] - testData = findTestData("Data Files/Web/ChangeProfile_Birthday"): null

2023-04-03 08:42:55 - [TEST_STEP][PASSED] - inputBirthday = toString().trim(): null

2023-04-03 08:42:55 - [TEST_STEP][PASSED] - originalNameProfile = getText(findTestObject("WEB/Profile/Profile_text_Name")).trim(): Text of object 'Object Repository/WEB/Profile/Profile_text_Name' is: 'Edited Name'

2023-04-03 08:42:56 - [MESSAGE][PASSED] - Text of object 'Object Repository/WEB/Profile/Profile_text_Name' is: 'Edited Name'

2023-04-03 08:42:56 - [TEST_STEP][PASSED] - originalBirthdayProfile = getText(findTestObject("WEB/Profile/Profile_text_Birthday")).trim(): Text of object 'Object Repository/WEB/Profile/Profile_text_Birthday' is: '31-Dec-1923'

2023-04-03 08:42:56 - [MESSAGE][PASSED] - Text of object 'Object Repository/WEB/Profile/Profile_text_Birthday' is: '31-Dec-1923'

2023-04-03 08:42:56 - [TEST_STEP][PASSED] - click(findTestObject("WEB/Profile/Profile_button_EditProfile")): Object: 'Object Repository/WEB/Profile/Profile_button_EditProfile' is clicked on

2023-04-03 08:42:57 - [MESSAGE][PASSED] - Object: 'Object Repository/WEB/Profile/Profile_button_EditProfile' is clicked on

2023-04-03 08:42:57 - [TEST_STEP][PASSED] - setText(findTestObject("WEB/Change Profile/ChangeProfile_inputText_BirthDay"), inputBirthday): Text '' is set on object 'Object Repository/WEB/Change Profile/ChangeProfile_inputText_BirthDay'

2023-04-03 08:42:59 - [MESSAGE][PASSED] - Text '' is set on object 'Object Repository/WEB/Change Profile/ChangeProfile_inputText_BirthDay'

2023-04-03 08:42:59 - [TEST_STEP][PASSED] - nameInputValue = getAttribute(findTestObject("WEB/Change Profile/ChangeProfile_inputText_Name"), "value"): Attribute 'value' of object 'Object Repository/WEB/Change Profile/ChangeProfile_inputText_Name' is: 'Edited Name'

2023-04-03 08:42:59 - [MESSAGE][PASSED] - Attribute 'value' of object 'Object Repository/WEB/Change Profile/ChangeProfile_inputText_Name' is: 'Edited Name'

2023-04-03 08:42:59 - [TEST_STEP][PASSED] - click(findTestObject("WEB/Change Profile/ChangeProfile_button_Save")): Object: 'Object Repository/WEB/Change Profile/ChangeProfile_button_Save' is clicked on

2023-04-03 08:43:00 - [MESSAGE][PASSED] - Object: 'Object Repository/WEB/Change Profile/ChangeProfile_button_Save' is clicked on

2023-04-03 08:43:00 - [TEST_STEP][PASSED] - delay(2): Delayed 2 second(s)

2023-04-03 08:43:02 - [MESSAGE][PASSED] - Delayed 2 second(s)

2023-04-03 08:43:02 - [TEST_STEP][PASSED] - birthdayProfile = getText(findTestObject("WEB/Profile/Profile_text_Birthday")): Text of object 'Object Repository/WEB/Profile/Profile_text_Birthday' is: '31-Dec-1923'

2023-04-03 08:43:02 - [MESSAGE][PASSED] - Text of object 'Object Repository/WEB/Profile/Profile_text_Birthday' is: '31-Dec-1923'

2023-04-03 08:43:02 - [TEST_STEP][PASSED] - verifyElementText(findTestObject("Object Repository/WEB/Change Profile/Profile_p_ChangeSuccessNotif"), originalNameProfile + " telah di edit"): Actual text and expected text of test object 'Object Repository/WEB/Change Profile/Profile_p_ChangeSuccessNotif' are matched.

2023-04-03 08:43:03 - [MESSAGE][PASSED] - Actual text and expected text of test object 'Object Repository/WEB/Change Profile/Profile_p_ChangeSuccessNotif' are matched.

2023-04-03 08:43:03 - [TEST_STEP][PASSED] - click(findTestObject("Object Repository/WEB/Change Profile/Profile_button_ChangeSuccessNotif")): Object: 'Object Repository/WEB/Change Profile/Profile_button_ChangeSuccessNotif' is clicked on

2023-04-03 08:43:03 - [MESSAGE][PASSED] - Object: 'Object Repository/WEB/Change Profile/Profile_button_ChangeSuccessNotif' is clicked on

2023-04-03 08:43:03 - [TEST_STEP][PASSED] - assert !(birthdayProfile == inputBirthday) : "Updated Birthday matches the invalid input": null

2023-04-03 08:43:03 - [TEST_STEP][PASSED] - assert originalBirthdayProfile == birthdayProfile : "Birthday value should have stayed as it was": null]]></system-out>
         <system-err><![CDATA[]]></system-err>
      </testcase>
      <testcase name="Test Cases/Web/CP/CP-28" time="8.974" classname="Test Cases/Web/CP/CP-28" status="PASSED">
         <system-out><![CDATA[2023-04-03 08:43:03 - [TEST_CASE][PASSED] - Test Cases/Web/CP/CP-28: Test Cases/Web/CP/CP-28

2023-04-03 08:43:03 - [TEST_STEP][PASSED] - navigateToUrl("https://demo-app.online/dashboard/profile"): Navigate to 'https://demo-app.online/dashboard/profile' successfully

2023-04-03 08:43:04 - [MESSAGE][PASSED] - Navigate to 'https://demo-app.online/dashboard/profile' successfully

2023-04-03 08:43:04 - [TEST_STEP][PASSED] - testData = findTestData("Data Files/Web/ChangeProfile_Birthday"): null

2023-04-03 08:43:04 - [TEST_STEP][PASSED] - inputBirthday = toString().trim(): null

2023-04-03 08:43:04 - [TEST_STEP][PASSED] - originalNameProfile = getText(findTestObject("WEB/Profile/Profile_text_Name")).trim(): Text of object 'Object Repository/WEB/Profile/Profile_text_Name' is: 'Edited Name'

2023-04-03 08:43:04 - [MESSAGE][PASSED] - Text of object 'Object Repository/WEB/Profile/Profile_text_Name' is: 'Edited Name'

2023-04-03 08:43:05 - [TEST_STEP][PASSED] - originalBirthdayProfile = getText(findTestObject("WEB/Profile/Profile_text_Birthday")).trim(): Text of object 'Object Repository/WEB/Profile/Profile_text_Birthday' is: '31-Dec-1923'

2023-04-03 08:43:05 - [MESSAGE][PASSED] - Text of object 'Object Repository/WEB/Profile/Profile_text_Birthday' is: '31-Dec-1923'

2023-04-03 08:43:05 - [TEST_STEP][PASSED] - click(findTestObject("WEB/Profile/Profile_button_EditProfile")): Object: 'Object Repository/WEB/Profile/Profile_button_EditProfile' is clicked on

2023-04-03 08:43:06 - [MESSAGE][PASSED] - Object: 'Object Repository/WEB/Profile/Profile_button_EditProfile' is clicked on

2023-04-03 08:43:06 - [TEST_STEP][PASSED] - setText(findTestObject("WEB/Change Profile/ChangeProfile_inputText_BirthDay"), inputBirthday): Text '18-feb-1997' is set on object 'Object Repository/WEB/Change Profile/ChangeProfile_inputText_BirthDay'

2023-04-03 08:43:07 - [MESSAGE][PASSED] - Text '18-feb-1997' is set on object 'Object Repository/WEB/Change Profile/ChangeProfile_inputText_BirthDay'

2023-04-03 08:43:07 - [TEST_STEP][PASSED] - nameInputValue = getAttribute(findTestObject("WEB/Change Profile/ChangeProfile_inputText_Name"), "value"): Attribute 'value' of object 'Object Repository/WEB/Change Profile/ChangeProfile_inputText_Name' is: 'Edited Name'

2023-04-03 08:43:08 - [MESSAGE][PASSED] - Attribute 'value' of object 'Object Repository/WEB/Change Profile/ChangeProfile_inputText_Name' is: 'Edited Name'

2023-04-03 08:43:08 - [TEST_STEP][PASSED] - click(findTestObject("WEB/Change Profile/ChangeProfile_button_Save")): Object: 'Object Repository/WEB/Change Profile/ChangeProfile_button_Save' is clicked on

2023-04-03 08:43:09 - [MESSAGE][PASSED] - Object: 'Object Repository/WEB/Change Profile/ChangeProfile_button_Save' is clicked on

2023-04-03 08:43:09 - [TEST_STEP][PASSED] - delay(2): Delayed 2 second(s)

2023-04-03 08:43:11 - [MESSAGE][PASSED] - Delayed 2 second(s)

2023-04-03 08:43:11 - [TEST_STEP][PASSED] - birthdayProfile = getText(findTestObject("WEB/Profile/Profile_text_Birthday")): Text of object 'Object Repository/WEB/Profile/Profile_text_Birthday' is: '18-Feb-1997'

2023-04-03 08:43:11 - [MESSAGE][PASSED] - Text of object 'Object Repository/WEB/Profile/Profile_text_Birthday' is: '18-Feb-1997'

2023-04-03 08:43:11 - [TEST_STEP][PASSED] - verifyElementText(findTestObject("Object Repository/WEB/Change Profile/Profile_p_ChangeSuccessNotif"), originalNameProfile + " telah di edit"): Actual text and expected text of test object 'Object Repository/WEB/Change Profile/Profile_p_ChangeSuccessNotif' are matched.

2023-04-03 08:43:12 - [MESSAGE][PASSED] - Actual text and expected text of test object 'Object Repository/WEB/Change Profile/Profile_p_ChangeSuccessNotif' are matched.

2023-04-03 08:43:12 - [TEST_STEP][PASSED] - click(findTestObject("Object Repository/WEB/Change Profile/Profile_button_ChangeSuccessNotif")): Object: 'Object Repository/WEB/Change Profile/Profile_button_ChangeSuccessNotif' is clicked on

2023-04-03 08:43:12 - [MESSAGE][PASSED] - Object: 'Object Repository/WEB/Change Profile/Profile_button_ChangeSuccessNotif' is clicked on

2023-04-03 08:43:12 - [TEST_STEP][PASSED] - inputFormat = new java.text.SimpleDateFormat(dd-MMM-yyyy): null

2023-04-03 08:43:12 - [TEST_STEP][PASSED] - outputFormat = new java.text.SimpleDateFormat(dd-MMM-yyyy): null

2023-04-03 08:43:12 - [TEST_STEP][PASSED] - inputDate = inputFormat.parse(inputBirthday): null

2023-04-03 08:43:12 - [TEST_STEP][PASSED] - outputDateString = outputFormat.format(inputDate): null

2023-04-03 08:43:12 - [TEST_STEP][PASSED] - assert birthdayProfile == outputDateString : "Updated Birthday does not match the input": null]]></system-out>
         <system-err><![CDATA[]]></system-err>
      </testcase>
      <testcase name="Test Cases/Web/CP/CP-29" time="7.944" classname="Test Cases/Web/CP/CP-29" status="PASSED">
         <system-out><![CDATA[2023-04-03 08:43:12 - [TEST_CASE][PASSED] - Test Cases/Web/CP/CP-29: Test Cases/Web/CP/CP-29

2023-04-03 08:43:12 - [TEST_STEP][PASSED] - navigateToUrl("https://demo-app.online/dashboard/profile"): Navigate to 'https://demo-app.online/dashboard/profile' successfully

2023-04-03 08:43:13 - [MESSAGE][PASSED] - Navigate to 'https://demo-app.online/dashboard/profile' successfully

2023-04-03 08:43:13 - [TEST_STEP][PASSED] - testData = findTestData("Data Files/Web/ChangeProfile_Birthday"): null

2023-04-03 08:43:13 - [TEST_STEP][PASSED] - inputBirthday = toString().trim(): null

2023-04-03 08:43:13 - [TEST_STEP][PASSED] - originalNameProfile = getText(findTestObject("WEB/Profile/Profile_text_Name")).trim(): Text of object 'Object Repository/WEB/Profile/Profile_text_Name' is: 'Edited Name'

2023-04-03 08:43:13 - [MESSAGE][PASSED] - Text of object 'Object Repository/WEB/Profile/Profile_text_Name' is: 'Edited Name'

2023-04-03 08:43:13 - [TEST_STEP][PASSED] - originalBirthdayProfile = getText(findTestObject("WEB/Profile/Profile_text_Birthday")).trim(): Text of object 'Object Repository/WEB/Profile/Profile_text_Birthday' is: '18-Feb-1997'

2023-04-03 08:43:14 - [MESSAGE][PASSED] - Text of object 'Object Repository/WEB/Profile/Profile_text_Birthday' is: '18-Feb-1997'

2023-04-03 08:43:14 - [TEST_STEP][PASSED] - click(findTestObject("WEB/Profile/Profile_button_EditProfile")): Object: 'Object Repository/WEB/Profile/Profile_button_EditProfile' is clicked on

2023-04-03 08:43:14 - [MESSAGE][PASSED] - Object: 'Object Repository/WEB/Profile/Profile_button_EditProfile' is clicked on

2023-04-03 08:43:14 - [TEST_STEP][PASSED] - setText(findTestObject("WEB/Change Profile/ChangeProfile_inputText_BirthDay"), inputBirthday): Text '18-FEB-1997' is set on object 'Object Repository/WEB/Change Profile/ChangeProfile_inputText_BirthDay'

2023-04-03 08:43:16 - [MESSAGE][PASSED] - Text '18-FEB-1997' is set on object 'Object Repository/WEB/Change Profile/ChangeProfile_inputText_BirthDay'

2023-04-03 08:43:16 - [TEST_STEP][PASSED] - nameInputValue = getAttribute(findTestObject("WEB/Change Profile/ChangeProfile_inputText_Name"), "value"): Attribute 'value' of object 'Object Repository/WEB/Change Profile/ChangeProfile_inputText_Name' is: 'Edited Name'

2023-04-03 08:43:16 - [MESSAGE][PASSED] - Attribute 'value' of object 'Object Repository/WEB/Change Profile/ChangeProfile_inputText_Name' is: 'Edited Name'

2023-04-03 08:43:16 - [TEST_STEP][PASSED] - click(findTestObject("WEB/Change Profile/ChangeProfile_button_Save")): Object: 'Object Repository/WEB/Change Profile/ChangeProfile_button_Save' is clicked on

2023-04-03 08:43:17 - [MESSAGE][PASSED] - Object: 'Object Repository/WEB/Change Profile/ChangeProfile_button_Save' is clicked on

2023-04-03 08:43:17 - [TEST_STEP][PASSED] - delay(2): Delayed 2 second(s)

2023-04-03 08:43:19 - [MESSAGE][PASSED] - Delayed 2 second(s)

2023-04-03 08:43:19 - [TEST_STEP][PASSED] - birthdayProfile = getText(findTestObject("WEB/Profile/Profile_text_Birthday")): Text of object 'Object Repository/WEB/Profile/Profile_text_Birthday' is: '18-Feb-1997'

2023-04-03 08:43:19 - [MESSAGE][PASSED] - Text of object 'Object Repository/WEB/Profile/Profile_text_Birthday' is: '18-Feb-1997'

2023-04-03 08:43:19 - [TEST_STEP][PASSED] - verifyElementText(findTestObject("Object Repository/WEB/Change Profile/Profile_p_ChangeSuccessNotif"), originalNameProfile + " telah di edit"): Actual text and expected text of test object 'Object Repository/WEB/Change Profile/Profile_p_ChangeSuccessNotif' are matched.

2023-04-03 08:43:20 - [MESSAGE][PASSED] - Actual text and expected text of test object 'Object Repository/WEB/Change Profile/Profile_p_ChangeSuccessNotif' are matched.

2023-04-03 08:43:20 - [TEST_STEP][PASSED] - click(findTestObject("Object Repository/WEB/Change Profile/Profile_button_ChangeSuccessNotif")): Object: 'Object Repository/WEB/Change Profile/Profile_button_ChangeSuccessNotif' is clicked on

2023-04-03 08:43:20 - [MESSAGE][PASSED] - Object: 'Object Repository/WEB/Change Profile/Profile_button_ChangeSuccessNotif' is clicked on

2023-04-03 08:43:20 - [TEST_STEP][PASSED] - inputFormat = new java.text.SimpleDateFormat(dd-MMM-yyyy): null

2023-04-03 08:43:20 - [TEST_STEP][PASSED] - outputFormat = new java.text.SimpleDateFormat(dd-MMM-yyyy): null

2023-04-03 08:43:20 - [TEST_STEP][PASSED] - inputDate = inputFormat.parse(inputBirthday): null

2023-04-03 08:43:20 - [TEST_STEP][PASSED] - outputDateString = outputFormat.format(inputDate): null

2023-04-03 08:43:20 - [TEST_STEP][PASSED] - assert birthdayProfile == outputDateString : "Updated Birthday does not match the input": null]]></system-out>
         <system-err><![CDATA[]]></system-err>
      </testcase>
      <testcase name="Test Cases/Web/CP/CP-30" time="7.617" classname="Test Cases/Web/CP/CP-30" status="PASSED">
         <system-out><![CDATA[2023-04-03 08:43:20 - [TEST_CASE][PASSED] - Test Cases/Web/CP/CP-30: Test Cases/Web/CP/CP-30

2023-04-03 08:43:20 - [TEST_STEP][PASSED] - navigateToUrl("https://demo-app.online/dashboard/profile"): Navigate to 'https://demo-app.online/dashboard/profile' successfully

2023-04-03 08:43:20 - [MESSAGE][PASSED] - Navigate to 'https://demo-app.online/dashboard/profile' successfully

2023-04-03 08:43:20 - [TEST_STEP][PASSED] - testData = findTestData("Data Files/Web/ChangeProfile_Birthday"): null

2023-04-03 08:43:21 - [TEST_STEP][PASSED] - inputBirthday = toString().trim(): null

2023-04-03 08:43:21 - [TEST_STEP][PASSED] - originalNameProfile = getText(findTestObject("WEB/Profile/Profile_text_Name")).trim(): Text of object 'Object Repository/WEB/Profile/Profile_text_Name' is: 'Edited Name'

2023-04-03 08:43:21 - [MESSAGE][PASSED] - Text of object 'Object Repository/WEB/Profile/Profile_text_Name' is: 'Edited Name'

2023-04-03 08:43:21 - [TEST_STEP][PASSED] - originalBirthdayProfile = getText(findTestObject("WEB/Profile/Profile_text_Birthday")).trim(): Text of object 'Object Repository/WEB/Profile/Profile_text_Birthday' is: '18-Feb-1997'

2023-04-03 08:43:22 - [MESSAGE][PASSED] - Text of object 'Object Repository/WEB/Profile/Profile_text_Birthday' is: '18-Feb-1997'

2023-04-03 08:43:22 - [TEST_STEP][PASSED] - click(findTestObject("WEB/Profile/Profile_button_EditProfile")): Object: 'Object Repository/WEB/Profile/Profile_button_EditProfile' is clicked on

2023-04-03 08:43:22 - [MESSAGE][PASSED] - Object: 'Object Repository/WEB/Profile/Profile_button_EditProfile' is clicked on

2023-04-03 08:43:22 - [TEST_STEP][PASSED] - setText(findTestObject("WEB/Change Profile/ChangeProfile_inputText_BirthDay"), inputBirthday): Text 'asdf' is set on object 'Object Repository/WEB/Change Profile/ChangeProfile_inputText_BirthDay'

2023-04-03 08:43:23 - [MESSAGE][PASSED] - Text 'asdf' is set on object 'Object Repository/WEB/Change Profile/ChangeProfile_inputText_BirthDay'

2023-04-03 08:43:23 - [TEST_STEP][PASSED] - nameInputValue = getAttribute(findTestObject("WEB/Change Profile/ChangeProfile_inputText_Name"), "value"): Attribute 'value' of object 'Object Repository/WEB/Change Profile/ChangeProfile_inputText_Name' is: 'Edited Name'

2023-04-03 08:43:24 - [MESSAGE][PASSED] - Attribute 'value' of object 'Object Repository/WEB/Change Profile/ChangeProfile_inputText_Name' is: 'Edited Name'

2023-04-03 08:43:24 - [TEST_STEP][PASSED] - click(findTestObject("WEB/Change Profile/ChangeProfile_button_Save")): Object: 'Object Repository/WEB/Change Profile/ChangeProfile_button_Save' is clicked on

2023-04-03 08:43:25 - [MESSAGE][PASSED] - Object: 'Object Repository/WEB/Change Profile/ChangeProfile_button_Save' is clicked on

2023-04-03 08:43:25 - [TEST_STEP][PASSED] - delay(2): Delayed 2 second(s)

2023-04-03 08:43:27 - [MESSAGE][PASSED] - Delayed 2 second(s)

2023-04-03 08:43:27 - [TEST_STEP][PASSED] - birthdayProfile = getText(findTestObject("WEB/Profile/Profile_text_Birthday")): Text of object 'Object Repository/WEB/Profile/Profile_text_Birthday' is: '18-Feb-1997'

2023-04-03 08:43:27 - [MESSAGE][PASSED] - Text of object 'Object Repository/WEB/Profile/Profile_text_Birthday' is: '18-Feb-1997'

2023-04-03 08:43:27 - [TEST_STEP][PASSED] - verifyElementText(findTestObject("Object Repository/WEB/Change Profile/Profile_p_ChangeSuccessNotif"), originalNameProfile + " telah di edit"): Actual text and expected text of test object 'Object Repository/WEB/Change Profile/Profile_p_ChangeSuccessNotif' are matched.

2023-04-03 08:43:27 - [MESSAGE][PASSED] - Actual text and expected text of test object 'Object Repository/WEB/Change Profile/Profile_p_ChangeSuccessNotif' are matched.

2023-04-03 08:43:27 - [TEST_STEP][PASSED] - click(findTestObject("Object Repository/WEB/Change Profile/Profile_button_ChangeSuccessNotif")): Object: 'Object Repository/WEB/Change Profile/Profile_button_ChangeSuccessNotif' is clicked on

2023-04-03 08:43:28 - [MESSAGE][PASSED] - Object: 'Object Repository/WEB/Change Profile/Profile_button_ChangeSuccessNotif' is clicked on

2023-04-03 08:43:28 - [TEST_STEP][PASSED] - assert !(birthdayProfile == inputBirthday) : "Updated Birthday matches the invalid input": null

2023-04-03 08:43:28 - [TEST_STEP][PASSED] - assert originalBirthdayProfile == birthdayProfile : "Birthday value should have stayed as it was": null]]></system-out>
         <system-err><![CDATA[]]></system-err>
      </testcase>
      <testcase name="Test Cases/Web/CP/CP-31" time="8.526" classname="Test Cases/Web/CP/CP-31" status="PASSED">
         <system-out><![CDATA[2023-04-03 08:43:28 - [TEST_CASE][PASSED] - Test Cases/Web/CP/CP-31: Test Cases/Web/CP/CP-31

2023-04-03 08:43:28 - [TEST_STEP][PASSED] - navigateToUrl("https://demo-app.online/dashboard/profile"): Navigate to 'https://demo-app.online/dashboard/profile' successfully

2023-04-03 08:43:28 - [MESSAGE][PASSED] - Navigate to 'https://demo-app.online/dashboard/profile' successfully

2023-04-03 08:43:28 - [TEST_STEP][PASSED] - testData = findTestData("Data Files/Web/ChangeProfile_Birthday"): null

2023-04-03 08:43:28 - [TEST_STEP][PASSED] - inputBirthday = toString().trim(): null

2023-04-03 08:43:28 - [TEST_STEP][PASSED] - originalNameProfile = getText(findTestObject("WEB/Profile/Profile_text_Name")).trim(): Text of object 'Object Repository/WEB/Profile/Profile_text_Name' is: 'Edited Name'

2023-04-03 08:43:29 - [MESSAGE][PASSED] - Text of object 'Object Repository/WEB/Profile/Profile_text_Name' is: 'Edited Name'

2023-04-03 08:43:29 - [TEST_STEP][PASSED] - originalBirthdayProfile = getText(findTestObject("WEB/Profile/Profile_text_Birthday")).trim(): Text of object 'Object Repository/WEB/Profile/Profile_text_Birthday' is: '18-Feb-1997'

2023-04-03 08:43:29 - [MESSAGE][PASSED] - Text of object 'Object Repository/WEB/Profile/Profile_text_Birthday' is: '18-Feb-1997'

2023-04-03 08:43:29 - [TEST_STEP][PASSED] - click(findTestObject("WEB/Profile/Profile_button_EditProfile")): Object: 'Object Repository/WEB/Profile/Profile_button_EditProfile' is clicked on

2023-04-03 08:43:30 - [MESSAGE][PASSED] - Object: 'Object Repository/WEB/Profile/Profile_button_EditProfile' is clicked on

2023-04-03 08:43:30 - [TEST_STEP][PASSED] - setText(findTestObject("WEB/Change Profile/ChangeProfile_inputText_BirthDay"), inputBirthday): Text '01-Jan-2020' is set on object 'Object Repository/WEB/Change Profile/ChangeProfile_inputText_BirthDay'

2023-04-03 08:43:32 - [MESSAGE][PASSED] - Text '01-Jan-2020' is set on object 'Object Repository/WEB/Change Profile/ChangeProfile_inputText_BirthDay'

2023-04-03 08:43:32 - [TEST_STEP][PASSED] - nameInputValue = getAttribute(findTestObject("WEB/Change Profile/ChangeProfile_inputText_Name"), "value"): Attribute 'value' of object 'Object Repository/WEB/Change Profile/ChangeProfile_inputText_Name' is: 'Edited Name'

2023-04-03 08:43:32 - [MESSAGE][PASSED] - Attribute 'value' of object 'Object Repository/WEB/Change Profile/ChangeProfile_inputText_Name' is: 'Edited Name'

2023-04-03 08:43:32 - [TEST_STEP][PASSED] - click(findTestObject("WEB/Change Profile/ChangeProfile_button_Save")): Object: 'Object Repository/WEB/Change Profile/ChangeProfile_button_Save' is clicked on

2023-04-03 08:43:33 - [MESSAGE][PASSED] - Object: 'Object Repository/WEB/Change Profile/ChangeProfile_button_Save' is clicked on

2023-04-03 08:43:33 - [TEST_STEP][PASSED] - delay(2): Delayed 2 second(s)

2023-04-03 08:43:35 - [MESSAGE][PASSED] - Delayed 2 second(s)

2023-04-03 08:43:35 - [TEST_STEP][PASSED] - birthdayProfile = getText(findTestObject("WEB/Profile/Profile_text_Birthday")): Text of object 'Object Repository/WEB/Profile/Profile_text_Birthday' is: '31-Dec-2016'

2023-04-03 08:43:35 - [MESSAGE][PASSED] - Text of object 'Object Repository/WEB/Profile/Profile_text_Birthday' is: '31-Dec-2016'

2023-04-03 08:43:35 - [TEST_STEP][PASSED] - verifyElementText(findTestObject("Object Repository/WEB/Change Profile/Profile_p_ChangeSuccessNotif"), originalNameProfile + " telah di edit"): Actual text and expected text of test object 'Object Repository/WEB/Change Profile/Profile_p_ChangeSuccessNotif' are matched.

2023-04-03 08:43:36 - [MESSAGE][PASSED] - Actual text and expected text of test object 'Object Repository/WEB/Change Profile/Profile_p_ChangeSuccessNotif' are matched.

2023-04-03 08:43:36 - [TEST_STEP][PASSED] - click(findTestObject("Object Repository/WEB/Change Profile/Profile_button_ChangeSuccessNotif")): Object: 'Object Repository/WEB/Change Profile/Profile_button_ChangeSuccessNotif' is clicked on

2023-04-03 08:43:36 - [MESSAGE][PASSED] - Object: 'Object Repository/WEB/Change Profile/Profile_button_ChangeSuccessNotif' is clicked on

2023-04-03 08:43:36 - [TEST_STEP][PASSED] - assert !(birthdayProfile == inputBirthday) : "Updated Birthday matches the invalid input": null

2023-04-03 08:43:36 - [TEST_STEP][PASSED] - formatter = DateTimeFormatter.ofPattern("dd-MMM-yyyy"): null

2023-04-03 08:43:36 - [TEST_STEP][PASSED] - inputDate = LocalDate.parse(birthdayProfile, formatter): null

2023-04-03 08:43:36 - [TEST_STEP][PASSED] - currentDate = LocalDate.now(): null

2023-04-03 08:43:36 - [TEST_STEP][PASSED] - years = YEARS.between(inputDate, currentDate): null

2023-04-03 08:43:36 - [TEST_STEP][PASSED] - assert years >= 6 : "The input date is not older than 6 years.": null]]></system-out>
         <system-err><![CDATA[]]></system-err>
      </testcase>
      <testcase name="Test Cases/Web/CP/CP-32" time="8.535" classname="Test Cases/Web/CP/CP-32" status="PASSED">
         <system-out><![CDATA[2023-04-03 08:43:36 - [TEST_CASE][PASSED] - Test Cases/Web/CP/CP-32: Test Cases/Web/CP/CP-32

2023-04-03 08:43:36 - [TEST_STEP][PASSED] - navigateToUrl("https://demo-app.online/dashboard/profile"): Navigate to 'https://demo-app.online/dashboard/profile' successfully

2023-04-03 08:43:37 - [MESSAGE][PASSED] - Navigate to 'https://demo-app.online/dashboard/profile' successfully

2023-04-03 08:43:37 - [TEST_STEP][PASSED] - testData = findTestData("Data Files/Web/ChangeProfile_Birthday"): null

2023-04-03 08:43:37 - [TEST_STEP][PASSED] - inputBirthday = toString().trim(): null

2023-04-03 08:43:37 - [TEST_STEP][PASSED] - originalNameProfile = getText(findTestObject("WEB/Profile/Profile_text_Name")).trim(): Text of object 'Object Repository/WEB/Profile/Profile_text_Name' is: 'Edited Name'

2023-04-03 08:43:38 - [MESSAGE][PASSED] - Text of object 'Object Repository/WEB/Profile/Profile_text_Name' is: 'Edited Name'

2023-04-03 08:43:38 - [TEST_STEP][PASSED] - originalBirthdayProfile = getText(findTestObject("WEB/Profile/Profile_text_Birthday")).trim(): Text of object 'Object Repository/WEB/Profile/Profile_text_Birthday' is: '31-Dec-2016'

2023-04-03 08:43:38 - [MESSAGE][PASSED] - Text of object 'Object Repository/WEB/Profile/Profile_text_Birthday' is: '31-Dec-2016'

2023-04-03 08:43:38 - [TEST_STEP][PASSED] - click(findTestObject("WEB/Profile/Profile_button_EditProfile")): Object: 'Object Repository/WEB/Profile/Profile_button_EditProfile' is clicked on

2023-04-03 08:43:39 - [MESSAGE][PASSED] - Object: 'Object Repository/WEB/Profile/Profile_button_EditProfile' is clicked on

2023-04-03 08:43:39 - [TEST_STEP][PASSED] - setText(findTestObject("WEB/Change Profile/ChangeProfile_inputText_BirthDay"), inputBirthday): Text '01-Jan-1900' is set on object 'Object Repository/WEB/Change Profile/ChangeProfile_inputText_BirthDay'

2023-04-03 08:43:40 - [MESSAGE][PASSED] - Text '01-Jan-1900' is set on object 'Object Repository/WEB/Change Profile/ChangeProfile_inputText_BirthDay'

2023-04-03 08:43:40 - [TEST_STEP][PASSED] - nameInputValue = getAttribute(findTestObject("WEB/Change Profile/ChangeProfile_inputText_Name"), "value"): Attribute 'value' of object 'Object Repository/WEB/Change Profile/ChangeProfile_inputText_Name' is: 'Edited Name'

2023-04-03 08:43:41 - [MESSAGE][PASSED] - Attribute 'value' of object 'Object Repository/WEB/Change Profile/ChangeProfile_inputText_Name' is: 'Edited Name'

2023-04-03 08:43:41 - [TEST_STEP][PASSED] - click(findTestObject("WEB/Change Profile/ChangeProfile_button_Save")): Object: 'Object Repository/WEB/Change Profile/ChangeProfile_button_Save' is clicked on

2023-04-03 08:43:42 - [MESSAGE][PASSED] - Object: 'Object Repository/WEB/Change Profile/ChangeProfile_button_Save' is clicked on

2023-04-03 08:43:42 - [TEST_STEP][PASSED] - delay(2): Delayed 2 second(s)

2023-04-03 08:43:44 - [MESSAGE][PASSED] - Delayed 2 second(s)

2023-04-03 08:43:44 - [TEST_STEP][PASSED] - birthdayProfile = getText(findTestObject("WEB/Profile/Profile_text_Birthday")): Text of object 'Object Repository/WEB/Profile/Profile_text_Birthday' is: '31-Dec-1923'

2023-04-03 08:43:44 - [MESSAGE][PASSED] - Text of object 'Object Repository/WEB/Profile/Profile_text_Birthday' is: '31-Dec-1923'

2023-04-03 08:43:44 - [TEST_STEP][PASSED] - verifyElementText(findTestObject("Object Repository/WEB/Change Profile/Profile_p_ChangeSuccessNotif"), originalNameProfile + " telah di edit"): Actual text and expected text of test object 'Object Repository/WEB/Change Profile/Profile_p_ChangeSuccessNotif' are matched.

2023-04-03 08:43:44 - [MESSAGE][PASSED] - Actual text and expected text of test object 'Object Repository/WEB/Change Profile/Profile_p_ChangeSuccessNotif' are matched.

2023-04-03 08:43:44 - [TEST_STEP][PASSED] - click(findTestObject("Object Repository/WEB/Change Profile/Profile_button_ChangeSuccessNotif")): Object: 'Object Repository/WEB/Change Profile/Profile_button_ChangeSuccessNotif' is clicked on

2023-04-03 08:43:45 - [MESSAGE][PASSED] - Object: 'Object Repository/WEB/Change Profile/Profile_button_ChangeSuccessNotif' is clicked on

2023-04-03 08:43:45 - [TEST_STEP][PASSED] - assert !(birthdayProfile == inputBirthday) : "Updated Birthday matches the invalid input": null

2023-04-03 08:43:45 - [TEST_STEP][PASSED] - formatter = DateTimeFormatter.ofPattern("dd-MMM-yyyy"): null

2023-04-03 08:43:45 - [TEST_STEP][PASSED] - inputDate = LocalDate.parse(birthdayProfile, formatter): null

2023-04-03 08:43:45 - [TEST_STEP][PASSED] - currentDate = LocalDate.now(): null

2023-04-03 08:43:45 - [TEST_STEP][PASSED] - years = YEARS.between(inputDate, currentDate): null

2023-04-03 08:43:45 - [TEST_STEP][PASSED] - assert years <= 100 : "The input date is not younger than 100 years.": null]]></system-out>
         <system-err><![CDATA[]]></system-err>
      </testcase>
      <testcase name="Test Cases/Web/CP/CP-34" time="10.404" classname="Test Cases/Web/CP/CP-34" status="PASSED">
         <system-out><![CDATA[2023-04-03 08:43:45 - [TEST_CASE][PASSED] - Test Cases/Web/CP/CP-34: Test Cases/Web/CP/CP-34

2023-04-03 08:43:45 - [TEST_STEP][PASSED] - navigateToUrl("https://demo-app.online/dashboard/profile"): Navigate to 'https://demo-app.online/dashboard/profile' successfully

2023-04-03 08:43:45 - [MESSAGE][PASSED] - Navigate to 'https://demo-app.online/dashboard/profile' successfully

2023-04-03 08:43:45 - [TEST_STEP][PASSED] - uploadFilePath = "/Include/Resources/": null

2023-04-03 08:43:45 - [TEST_STEP][PASSED] - uploadFileName = "cat01.jpeg": null

2023-04-03 08:43:45 - [TEST_STEP][PASSED] - file = new java.io.File(com.kms.katalon.core.configuration.RunConfiguration.getProjectDir(), (uploadFilePath + uploadFileName)): null

2023-04-03 08:43:45 - [TEST_STEP][PASSED] - inputImage = file.toString(): null

2023-04-03 08:43:45 - [TEST_STEP][PASSED] - inputName = "Edited Value".trim(): null

2023-04-03 08:43:45 - [TEST_STEP][PASSED] - inputPhone = "081123456789": null

2023-04-03 08:43:45 - [TEST_STEP][PASSED] - inputBirthday = "01-Jan-2000": null

2023-04-03 08:43:45 - [TEST_STEP][PASSED] - originalProfileImage = getAttribute(findTestObject("WEB/Profile/Profile_img_profilePhoto"), "src"): Attribute 'src' of object 'Object Repository/WEB/Profile/Profile_img_profilePhoto' is: 'https://storage.googleapis.com/codingid-storage-bucket/storage/uploads/avatar/1680485956cat01.jpeg'

2023-04-03 08:43:46 - [MESSAGE][PASSED] - Attribute 'src' of object 'Object Repository/WEB/Profile/Profile_img_profilePhoto' is: 'https://storage.googleapis.com/codingid-storage-bucket/storage/uploads/avatar/1680485956cat01.jpeg'

2023-04-03 08:43:46 - [TEST_STEP][PASSED] - originalDecodedProfileImage = URLDecoder.decode(originalProfileImage, "UTF-8"): null

2023-04-03 08:43:46 - [TEST_STEP][PASSED] - originalNameProfile = getText(findTestObject("WEB/Profile/Profile_text_Name")): Text of object 'Object Repository/WEB/Profile/Profile_text_Name' is: 'Edited Name'

2023-04-03 08:43:46 - [MESSAGE][PASSED] - Text of object 'Object Repository/WEB/Profile/Profile_text_Name' is: 'Edited Name'

2023-04-03 08:43:46 - [TEST_STEP][PASSED] - originalPhoneProfile = getText(findTestObject("WEB/Profile/Profile_text_Phone")): Text of object 'Object Repository/WEB/Profile/Profile_text_Phone' is: '0412345678'

2023-04-03 08:43:47 - [MESSAGE][PASSED] - Text of object 'Object Repository/WEB/Profile/Profile_text_Phone' is: '0412345678'

2023-04-03 08:43:47 - [TEST_STEP][PASSED] - originalBirthdayProfile = getText(findTestObject("WEB/Profile/Profile_text_Birthday")): Text of object 'Object Repository/WEB/Profile/Profile_text_Birthday' is: '31-Dec-1923'

2023-04-03 08:43:47 - [MESSAGE][PASSED] - Text of object 'Object Repository/WEB/Profile/Profile_text_Birthday' is: '31-Dec-1923'

2023-04-03 08:43:47 - [TEST_STEP][PASSED] - click(findTestObject("WEB/Profile/Profile_button_EditProfile")): Object: 'Object Repository/WEB/Profile/Profile_button_EditProfile' is clicked on

2023-04-03 08:43:48 - [MESSAGE][PASSED] - Object: 'Object Repository/WEB/Profile/Profile_button_EditProfile' is clicked on

2023-04-03 08:43:48 - [TEST_STEP][PASSED] - uploadFile(findTestObject("WEB/Change Profile/ChangeProfile_button_uploadButton"), inputImage): File 'C:\Users\rizki\git\CodingID-QA\Include\Resources\cat01.jpeg' sent to object: 'Object Repository/WEB/Change Profile/ChangeProfile_button_uploadButton'

2023-04-03 08:43:48 - [MESSAGE][PASSED] - File 'C:\Users\rizki\git\CodingID-QA\Include\Resources\cat01.jpeg' sent to object: 'Object Repository/WEB/Change Profile/ChangeProfile_button_uploadButton'

2023-04-03 08:43:48 - [TEST_STEP][PASSED] - setText(findTestObject("WEB/Change Profile/ChangeProfile_inputText_Name"), inputName): Text 'Edited Value' is set on object 'Object Repository/WEB/Change Profile/ChangeProfile_inputText_Name'

2023-04-03 08:43:49 - [MESSAGE][PASSED] - Text 'Edited Value' is set on object 'Object Repository/WEB/Change Profile/ChangeProfile_inputText_Name'

2023-04-03 08:43:49 - [TEST_STEP][PASSED] - setText(findTestObject("WEB/Change Profile/ChangeProfile_inputText_Phone"), inputPhone): Text '081123456789' is set on object 'Object Repository/WEB/Change Profile/ChangeProfile_inputText_Phone'

2023-04-03 08:43:50 - [MESSAGE][PASSED] - Text '081123456789' is set on object 'Object Repository/WEB/Change Profile/ChangeProfile_inputText_Phone'

2023-04-03 08:43:50 - [TEST_STEP][PASSED] - setText(findTestObject("WEB/Change Profile/ChangeProfile_inputText_BirthDay"), inputBirthday): Text '01-Jan-2000' is set on object 'Object Repository/WEB/Change Profile/ChangeProfile_inputText_BirthDay'

2023-04-03 08:43:51 - [MESSAGE][PASSED] - Text '01-Jan-2000' is set on object 'Object Repository/WEB/Change Profile/ChangeProfile_inputText_BirthDay'

2023-04-03 08:43:51 - [TEST_STEP][PASSED] - navigateToUrl("https://demo-app.online/dashboard/profile"): Navigate to 'https://demo-app.online/dashboard/profile' successfully

2023-04-03 08:43:51 - [MESSAGE][PASSED] - Navigate to 'https://demo-app.online/dashboard/profile' successfully

2023-04-03 08:43:51 - [TEST_STEP][PASSED] - delay(2): Delayed 2 second(s)

2023-04-03 08:43:53 - [MESSAGE][PASSED] - Delayed 2 second(s)

2023-04-03 08:43:53 - [TEST_STEP][PASSED] - profileImage = getAttribute(findTestObject("WEB/Profile/Profile_img_profilePhoto"), "src"): Attribute 'src' of object 'Object Repository/WEB/Profile/Profile_img_profilePhoto' is: 'https://storage.googleapis.com/codingid-storage-bucket/storage/uploads/avatar/1680485956cat01.jpeg'

2023-04-03 08:43:54 - [MESSAGE][PASSED] - Attribute 'src' of object 'Object Repository/WEB/Profile/Profile_img_profilePhoto' is: 'https://storage.googleapis.com/codingid-storage-bucket/storage/uploads/avatar/1680485956cat01.jpeg'

2023-04-03 08:43:54 - [TEST_STEP][PASSED] - decodedProfileImage = URLDecoder.decode(profileImage, "UTF-8"): null

2023-04-03 08:43:54 - [TEST_STEP][PASSED] - nameProfile = getText(findTestObject("WEB/Profile/Profile_text_Name")): Text of object 'Object Repository/WEB/Profile/Profile_text_Name' is: 'Edited Name'

2023-04-03 08:43:54 - [MESSAGE][PASSED] - Text of object 'Object Repository/WEB/Profile/Profile_text_Name' is: 'Edited Name'

2023-04-03 08:43:54 - [TEST_STEP][PASSED] - phoneProfile = getText(findTestObject("WEB/Profile/Profile_text_Phone")): Text of object 'Object Repository/WEB/Profile/Profile_text_Phone' is: '0412345678'

2023-04-03 08:43:54 - [MESSAGE][PASSED] - Text of object 'Object Repository/WEB/Profile/Profile_text_Phone' is: '0412345678'

2023-04-03 08:43:54 - [TEST_STEP][PASSED] - birthdayProfile = getText(findTestObject("WEB/Profile/Profile_text_Birthday")): Text of object 'Object Repository/WEB/Profile/Profile_text_Birthday' is: '31-Dec-1923'

2023-04-03 08:43:55 - [MESSAGE][PASSED] - Text of object 'Object Repository/WEB/Profile/Profile_text_Birthday' is: '31-Dec-1923'

2023-04-03 08:43:55 - [TEST_STEP][PASSED] - assert verifyElementNotPresent(findTestObject("Object Repository/WEB/Change Profile/Profile_p_ChangeSuccessNotif"), 2) : "Profile was updated, not cancelled": Web element with id: 'Object Repository/WEB/Change Profile/Profile_p_ChangeSuccessNotif' located by 'By.xpath: (.//*[normalize-space(text()) and normalize-space(.)='Berhasil'])[1]/following::div[1]' is not present after '2' second(s)

2023-04-03 08:43:55 - [MESSAGE][PASSED] - Web element with id: 'Object Repository/WEB/Change Profile/Profile_p_ChangeSuccessNotif' located by 'By.xpath: (.//*[normalize-space(text()) and normalize-space(.)='Berhasil'])[1]/following::div[1]' is not present after '2' second(s)

2023-04-03 08:43:55 - [TEST_STEP][PASSED] - assert decodedProfileImage == originalDecodedProfileImage : "Updated photo does not match the uploaded one": null

2023-04-03 08:43:55 - [TEST_STEP][PASSED] - assert nameProfile == originalNameProfile : "Updated Name does not match the inputted one": null

2023-04-03 08:43:55 - [TEST_STEP][PASSED] - assert phoneProfile == originalPhoneProfile : "Updated Phone Number does not match the inputted one": null

2023-04-03 08:43:55 - [TEST_STEP][PASSED] - assert birthdayProfile == originalBirthdayProfile : "Updated Birthday does not match the inputted one": null]]></system-out>
         <system-err><![CDATA[]]></system-err>
      </testcase>
      <system-out><![CDATA[2023-04-03 08:34:09 - [TEST_SUITE][ERROR] - CP: Test Cases/Web/CP/CP-03 FAILED.
Reason:
org.codehaus.groovy.control.MultipleCompilationErrorsException: startup failed:
file:/C:/Users/rizki/git/CodingID-QA/Scripts/Web/CP/CP-03/Script1680330345305.groovy: 50: The current scope already contains a variable of the name originalNameProfile
 @ line 50, column 5.
   def originalNameProfile = WebUI.getText(findTestObject('WEB/Profile/Profile_text_Name'))
       ^

1 error

	at com.kms.katalon.core.main.ScriptEngine.getScript(ScriptEngine.java:199)
	at com.kms.katalon.core.main.ScriptEngine.run(ScriptEngine.java:194)
	at com.kms.katalon.core.main.ScriptEngine.runScriptAsRawText(ScriptEngine.java:119)
	at com.kms.katalon.core.main.TestCaseExecutor.runScript(TestCaseExecutor.java:448)
	at com.kms.katalon.core.main.TestCaseExecutor.doExecute(TestCaseExecutor.java:439)
	at com.kms.katalon.core.main.TestCaseExecutor.processExecutionPhase(TestCaseExecutor.java:418)
	at com.kms.katalon.core.main.TestCaseExecutor.accessMainPhase(TestCaseExecutor.java:410)
	at com.kms.katalon.core.main.TestCaseExecutor.execute(TestCaseExecutor.java:285)
	at com.kms.katalon.core.common.CommonExecutor.accessTestCaseMainPhase(CommonExecutor.java:65)
	at com.kms.katalon.core.main.TestSuiteExecutor.accessTestSuiteMainPhase(TestSuiteExecutor.java:151)
	at com.kms.katalon.core.main.TestSuiteExecutor.execute(TestSuiteExecutor.java:106)
	at com.kms.katalon.core.main.TestCaseMain.startTestSuite(TestCaseMain.java:185)
	at com.kms.katalon.core.main.TestCaseMain$startTestSuite$0.call(Unknown Source)
	at TempTestSuite1680485631021.run(TempTestSuite1680485631021.groovy:36)]]></system-out>
      <system-err><![CDATA[2023-04-03 08:34:09 - [TEST_SUITE][ERROR] - CP: Test Cases/Web/CP/CP-03 FAILED.
Reason:
org.codehaus.groovy.control.MultipleCompilationErrorsException: startup failed:
file:/C:/Users/rizki/git/CodingID-QA/Scripts/Web/CP/CP-03/Script1680330345305.groovy: 50: The current scope already contains a variable of the name originalNameProfile
 @ line 50, column 5.
   def originalNameProfile = WebUI.getText(findTestObject('WEB/Profile/Profile_text_Name'))
       ^

1 error

	at com.kms.katalon.core.main.ScriptEngine.getScript(ScriptEngine.java:199)
	at com.kms.katalon.core.main.ScriptEngine.run(ScriptEngine.java:194)
	at com.kms.katalon.core.main.ScriptEngine.runScriptAsRawText(ScriptEngine.java:119)
	at com.kms.katalon.core.main.TestCaseExecutor.runScript(TestCaseExecutor.java:448)
	at com.kms.katalon.core.main.TestCaseExecutor.doExecute(TestCaseExecutor.java:439)
	at com.kms.katalon.core.main.TestCaseExecutor.processExecutionPhase(TestCaseExecutor.java:418)
	at com.kms.katalon.core.main.TestCaseExecutor.accessMainPhase(TestCaseExecutor.java:410)
	at com.kms.katalon.core.main.TestCaseExecutor.execute(TestCaseExecutor.java:285)
	at com.kms.katalon.core.common.CommonExecutor.accessTestCaseMainPhase(CommonExecutor.java:65)
	at com.kms.katalon.core.main.TestSuiteExecutor.accessTestSuiteMainPhase(TestSuiteExecutor.java:151)
	at com.kms.katalon.core.main.TestSuiteExecutor.execute(TestSuiteExecutor.java:106)
	at com.kms.katalon.core.main.TestCaseMain.startTestSuite(TestCaseMain.java:185)
	at com.kms.katalon.core.main.TestCaseMain$startTestSuite$0.call(Unknown Source)
	at TempTestSuite1680485631021.run(TempTestSuite1680485631021.groovy:36)]]></system-err>
   </testsuite>
</testsuites>
