<?xml version="1.0" encoding="UTF-8"?>
<testsuites name="EP_01-09" time="184.111" tests="9" failures="0" errors="0">
   <testsuite name="EP_01-09" tests="9" failures="0" errors="0" time="184.111" skipped="0" timestamp="2023-03-30 21:33:44" hostname="ACER - DESKTOP-AJ6K21G" id="Test Suites/EP_01-09">
      <properties>
         <property name="deviceName" value=""/>
         <property name="devicePlatform" value=""/>
         <property name="logFolder" value="C:\\Users\\ACER\\Documents\\Github\\CodingID-QA\\Reports\\20230330_213337\\EP_01-09\\20230330_213337"/>
         <property name="logFiles" value="C:\\Users\\ACER\\Documents\\Github\\CodingID-QA\\Reports\\20230330_213337\\EP_01-09\\20230330_213337\\execution0.log"/>
         <property name="attachments" value=""/>
         <property name="hostName" value="ACER - DESKTOP-AJ6K21G"/>
         <property name="os" value="Windows 10 64bit"/>
         <property name="katalonVersion" value="8.5.5.208"/>
         <property name="browser" value="Chrome 111.0.0.0"/>
         <property name="hostAddress" value="192.168.236.96"/>
         <property name="sessionId" value="035639e615237ad57bb797c00b20afd2"/>
         <property name="seleniumVersion" value="3.141.59"/>
         <property name="proxyInformation" value="ProxyInformation { proxyOption=NO_PROXY, proxyServerType=HTTP, username=, password=********, proxyServerAddress=, proxyServerPort=0, executionList=&quot;&quot;, isApplyToDesiredCapabilities=true }"/>
         <property name="platform" value="Windows 10"/>
      </properties>
      <testcase name="Test Cases/Web/EP/EP-01" time="44.085" classname="Test Cases/Web/EP/EP-01" status="PASSED">
         <system-out><![CDATA[2023-03-30 21:33:44 - [TEST_CASE][PASSED] - Test Cases/Web/EP/EP-01: Test Cases/Web/EP/EP-01

2023-03-30 21:33:45 - [TEST_STEP][PASSED] - openBrowser(""): Browser is opened with url: ''

2023-03-30 21:33:45 - [MESSAGE][INFO] - Starting 'Chrome' driver

2023-03-30 21:33:45 - [MESSAGE][INFO] - Action delay is set to 1,000 milliseconds

2023-03-30 21:33:52 - [MESSAGE][PASSED] - Browser is opened with url: ''

2023-03-30 21:33:52 - [TEST_STEP][PASSED] - navigateToUrl("https://demo-app.online/event"): Navigate to 'https://demo-app.online/event' successfully

2023-03-30 21:34:02 - [MESSAGE][PASSED] - Navigate to 'https://demo-app.online/event' successfully

2023-03-30 21:34:02 - [TEST_STEP][PASSED] - click(findTestObject("Object Repository/Event Purchase/EP-01/Page_Online event bersertifikat dari prakti_f42b96/button_Muat Lebih Banyak")): Object: 'Object Repository/Event Purchase/EP-01/Page_Online event bersertifikat dari prakti_f42b96/button_Muat Lebih Banyak' is clicked on

2023-03-30 21:34:09 - [MESSAGE][PASSED] - Object: 'Object Repository/Event Purchase/EP-01/Page_Online event bersertifikat dari prakti_f42b96/button_Muat Lebih Banyak' is clicked on

2023-03-30 21:34:09 - [TEST_STEP][PASSED] - click(findTestObject("Object Repository/Event Purchase/EP-01/Page_Online event bersertifikat dari prakti_f42b96/button_Muat Lebih Banyak")): Object: 'Object Repository/Event Purchase/EP-01/Page_Online event bersertifikat dari prakti_f42b96/button_Muat Lebih Banyak' is clicked on

2023-03-30 21:34:12 - [MESSAGE][PASSED] - Object: 'Object Repository/Event Purchase/EP-01/Page_Online event bersertifikat dari prakti_f42b96/button_Muat Lebih Banyak' is clicked on

2023-03-30 21:34:12 - [TEST_STEP][PASSED] - click(findTestObject("Object Repository/Event Purchase/EP-01/Page_Online event bersertifikat dari prakti_f42b96/button_Muat Lebih Banyak")): Object: 'Object Repository/Event Purchase/EP-01/Page_Online event bersertifikat dari prakti_f42b96/button_Muat Lebih Banyak' is clicked on

2023-03-30 21:34:14 - [MESSAGE][PASSED] - Object: 'Object Repository/Event Purchase/EP-01/Page_Online event bersertifikat dari prakti_f42b96/button_Muat Lebih Banyak' is clicked on

2023-03-30 21:34:14 - [TEST_STEP][PASSED] - click(findTestObject("Object Repository/Event Purchase/EP-01/Page_Online event bersertifikat dari prakti_f42b96/button_Muat Lebih Banyak")): Object: 'Object Repository/Event Purchase/EP-01/Page_Online event bersertifikat dari prakti_f42b96/button_Muat Lebih Banyak' is clicked on

2023-03-30 21:34:18 - [MESSAGE][PASSED] - Object: 'Object Repository/Event Purchase/EP-01/Page_Online event bersertifikat dari prakti_f42b96/button_Muat Lebih Banyak' is clicked on

2023-03-30 21:34:18 - [TEST_STEP][PASSED] - click(findTestObject("Object Repository/Event Purchase/EP-01/Page_Online event bersertifikat dari prakti_f42b96/button_Muat Lebih Banyak")): Object: 'Object Repository/Event Purchase/EP-01/Page_Online event bersertifikat dari prakti_f42b96/button_Muat Lebih Banyak' is clicked on

2023-03-30 21:34:20 - [MESSAGE][PASSED] - Object: 'Object Repository/Event Purchase/EP-01/Page_Online event bersertifikat dari prakti_f42b96/button_Muat Lebih Banyak' is clicked on

2023-03-30 21:34:20 - [TEST_STEP][PASSED] - click(findTestObject("Object Repository/Event Purchase/EP-01/Page_Online event bersertifikat dari prakti_f42b96/button_Muat Lebih Banyak")): Object: 'Object Repository/Event Purchase/EP-01/Page_Online event bersertifikat dari prakti_f42b96/button_Muat Lebih Banyak' is clicked on

2023-03-30 21:34:22 - [MESSAGE][PASSED] - Object: 'Object Repository/Event Purchase/EP-01/Page_Online event bersertifikat dari prakti_f42b96/button_Muat Lebih Banyak' is clicked on

2023-03-30 21:34:22 - [TEST_STEP][PASSED] - closeBrowser(): Browser is closed

2023-03-30 21:34:28 - [MESSAGE][PASSED] - Browser is closed]]></system-out>
         <system-err><![CDATA[]]></system-err>
      </testcase>
      <testcase name="Test Cases/Web/EP/EP-02" time="17.22" classname="Test Cases/Web/EP/EP-02" status="PASSED">
         <system-out><![CDATA[2023-03-30 21:34:28 - [TEST_CASE][PASSED] - Test Cases/Web/EP/EP-02: Test Cases/Web/EP/EP-02

2023-03-30 21:34:29 - [TEST_STEP][PASSED] - openBrowser(""): Browser is opened with url: ''

2023-03-30 21:34:29 - [MESSAGE][INFO] - Starting 'Chrome' driver

2023-03-30 21:34:29 - [MESSAGE][INFO] - Action delay is set to 1,000 milliseconds

2023-03-30 21:34:33 - [MESSAGE][PASSED] - Browser is opened with url: ''

2023-03-30 21:34:33 - [TEST_STEP][PASSED] - navigateToUrl("https://demo-app.online/event"): Navigate to 'https://demo-app.online/event' successfully

2023-03-30 21:34:37 - [MESSAGE][PASSED] - Navigate to 'https://demo-app.online/event' successfully

2023-03-30 21:34:37 - [TEST_STEP][PASSED] - setText(findTestObject("Object Repository/Event Purchase/EP-02/Page_Online event bersertifikat dari prakti_f42b96/input_Events_searchInputEvent"), "data wrangling"): Text 'data wrangling' is set on object 'Object Repository/Event Purchase/EP-02/Page_Online event bersertifikat dari prakti_f42b96/input_Events_searchInputEvent'

2023-03-30 21:34:41 - [MESSAGE][PASSED] - Text 'data wrangling' is set on object 'Object Repository/Event Purchase/EP-02/Page_Online event bersertifikat dari prakti_f42b96/input_Events_searchInputEvent'

2023-03-30 21:34:41 - [TEST_STEP][PASSED] - click(findTestObject("Object Repository/Event Purchase/EP-02/Page_Online event bersertifikat dari prakti_f42b96/div_Day 2 Data Wrangling with Python       _d4413c")): Object: 'Object Repository/Event Purchase/EP-02/Page_Online event bersertifikat dari prakti_f42b96/div_Day 2 Data Wrangling with Python       _d4413c' is clicked on

2023-03-30 21:34:45 - [MESSAGE][PASSED] - Object: 'Object Repository/Event Purchase/EP-02/Page_Online event bersertifikat dari prakti_f42b96/div_Day 2 Data Wrangling with Python       _d4413c' is clicked on

2023-03-30 21:34:45 - [TEST_STEP][PASSED] - closeBrowser(): Browser is closed

2023-03-30 21:34:46 - [MESSAGE][PASSED] - Browser is closed]]></system-out>
         <system-err><![CDATA[]]></system-err>
      </testcase>
      <testcase name="Test Cases/Web/EP/EP-03" time="34.596" classname="Test Cases/Web/EP/EP-03" status="PASSED">
         <system-out><![CDATA[2023-03-30 21:34:46 - [TEST_CASE][PASSED] - Test Cases/Web/EP/EP-03: Test Cases/Web/EP/EP-03

2023-03-30 21:34:46 - [TEST_STEP][PASSED] - openBrowser(""): Browser is opened with url: ''

2023-03-30 21:34:46 - [MESSAGE][INFO] - Starting 'Chrome' driver

2023-03-30 21:34:46 - [MESSAGE][INFO] - Action delay is set to 1,000 milliseconds

2023-03-30 21:34:50 - [MESSAGE][PASSED] - Browser is opened with url: ''

2023-03-30 21:34:50 - [TEST_STEP][PASSED] - navigateToUrl("https://demo-app.online/event"): Navigate to 'https://demo-app.online/event' successfully

2023-03-30 21:34:54 - [MESSAGE][PASSED] - Navigate to 'https://demo-app.online/event' successfully

2023-03-30 21:34:54 - [TEST_STEP][PASSED] - setText(findTestObject("Object Repository/Event Purchase/EP-03/Page_Online event bersertifikat dari prakti_f42b96/input_Events_searchInputEvent"), "Denny"): Text 'Denny' is set on object 'Object Repository/Event Purchase/EP-03/Page_Online event bersertifikat dari prakti_f42b96/input_Events_searchInputEvent'

2023-03-30 21:34:57 - [MESSAGE][PASSED] - Text 'Denny' is set on object 'Object Repository/Event Purchase/EP-03/Page_Online event bersertifikat dari prakti_f42b96/input_Events_searchInputEvent'

2023-03-30 21:34:57 - [TEST_STEP][PASSED] - sendKeys(findTestObject("Object Repository/Event Purchase/EP-03/Page_Online event bersertifikat dari prakti_f42b96/input_Events_searchInputEvent"), Keys.chord(ENTER)): Keys 'ENTER + ' sent to object: 'Object Repository/Event Purchase/EP-03/Page_Online event bersertifikat dari prakti_f42b96/input_Events_searchInputEvent'

2023-03-30 21:34:59 - [MESSAGE][PASSED] - Keys 'ENTER + ' sent to object: 'Object Repository/Event Purchase/EP-03/Page_Online event bersertifikat dari prakti_f42b96/input_Events_searchInputEvent'

2023-03-30 21:34:59 - [TEST_STEP][PASSED] - click(findTestObject("Object Repository/Event Purchase/EP-03/Page_Online event bersertifikat dari prakti_f42b96/h3_No available event  Denny")): Object: 'Object Repository/Event Purchase/EP-03/Page_Online event bersertifikat dari prakti_f42b96/h3_No available event  Denny' is clicked on

2023-03-30 21:35:01 - [MESSAGE][PASSED] - Object: 'Object Repository/Event Purchase/EP-03/Page_Online event bersertifikat dari prakti_f42b96/h3_No available event  Denny' is clicked on

2023-03-30 21:35:01 - [TEST_STEP][PASSED] - click(findTestObject("Object Repository/Event Purchase/EP-03/Page_Online event bersertifikat dari prakti_f42b96/div_Events")): Object: 'Object Repository/Event Purchase/EP-03/Page_Online event bersertifikat dari prakti_f42b96/div_Events' is clicked on

2023-03-30 21:35:02 - [MESSAGE][PASSED] - Object: 'Object Repository/Event Purchase/EP-03/Page_Online event bersertifikat dari prakti_f42b96/div_Events' is clicked on

2023-03-30 21:35:02 - [TEST_STEP][PASSED] - setText(findTestObject("Object Repository/Event Purchase/EP-03/Page_Online event bersertifikat dari prakti_f42b96/input_Events_searchInputEvent"), "Ziyad"): Text 'Ziyad' is set on object 'Object Repository/Event Purchase/EP-03/Page_Online event bersertifikat dari prakti_f42b96/input_Events_searchInputEvent'

2023-03-30 21:35:05 - [MESSAGE][PASSED] - Text 'Ziyad' is set on object 'Object Repository/Event Purchase/EP-03/Page_Online event bersertifikat dari prakti_f42b96/input_Events_searchInputEvent'

2023-03-30 21:35:05 - [TEST_STEP][PASSED] - sendKeys(findTestObject("Object Repository/Event Purchase/EP-03/Page_Online event bersertifikat dari prakti_f42b96/input_Events_searchInputEvent"), Keys.chord(ENTER)): Keys 'ENTER + ' sent to object: 'Object Repository/Event Purchase/EP-03/Page_Online event bersertifikat dari prakti_f42b96/input_Events_searchInputEvent'

2023-03-30 21:35:07 - [MESSAGE][PASSED] - Keys 'ENTER + ' sent to object: 'Object Repository/Event Purchase/EP-03/Page_Online event bersertifikat dari prakti_f42b96/input_Events_searchInputEvent'

2023-03-30 21:35:07 - [TEST_STEP][PASSED] - click(findTestObject("Object Repository/Event Purchase/EP-03/Page_Online event bersertifikat dari prakti_f42b96/h3_No available event  Ziyad")): Object: 'Object Repository/Event Purchase/EP-03/Page_Online event bersertifikat dari prakti_f42b96/h3_No available event  Ziyad' is clicked on

2023-03-30 21:35:09 - [MESSAGE][PASSED] - Object: 'Object Repository/Event Purchase/EP-03/Page_Online event bersertifikat dari prakti_f42b96/h3_No available event  Ziyad' is clicked on

2023-03-30 21:35:09 - [TEST_STEP][PASSED] - click(findTestObject("Object Repository/Event Purchase/EP-03/Page_Online event bersertifikat dari prakti_f42b96/div_Events")): Object: 'Object Repository/Event Purchase/EP-03/Page_Online event bersertifikat dari prakti_f42b96/div_Events' is clicked on

2023-03-30 21:35:11 - [MESSAGE][PASSED] - Object: 'Object Repository/Event Purchase/EP-03/Page_Online event bersertifikat dari prakti_f42b96/div_Events' is clicked on

2023-03-30 21:35:11 - [TEST_STEP][PASSED] - setText(findTestObject("Object Repository/Event Purchase/EP-03/Page_Online event bersertifikat dari prakti_f42b96/input_Events_searchInputEvent"), "Eric Julianto"): Text 'Eric Julianto' is set on object 'Object Repository/Event Purchase/EP-03/Page_Online event bersertifikat dari prakti_f42b96/input_Events_searchInputEvent'

2023-03-30 21:35:14 - [MESSAGE][PASSED] - Text 'Eric Julianto' is set on object 'Object Repository/Event Purchase/EP-03/Page_Online event bersertifikat dari prakti_f42b96/input_Events_searchInputEvent'

2023-03-30 21:35:14 - [TEST_STEP][PASSED] - sendKeys(findTestObject("Object Repository/Event Purchase/EP-03/Page_Online event bersertifikat dari prakti_f42b96/input_Events_searchInputEvent"), Keys.chord(ENTER)): Keys 'ENTER + ' sent to object: 'Object Repository/Event Purchase/EP-03/Page_Online event bersertifikat dari prakti_f42b96/input_Events_searchInputEvent'

2023-03-30 21:35:16 - [MESSAGE][PASSED] - Keys 'ENTER + ' sent to object: 'Object Repository/Event Purchase/EP-03/Page_Online event bersertifikat dari prakti_f42b96/input_Events_searchInputEvent'

2023-03-30 21:35:16 - [TEST_STEP][PASSED] - setText(findTestObject("Object Repository/Event Purchase/EP-03/Page_Online event bersertifikat dari prakti_f42b96/input_Events_searchInputEvent"), ""): Text '' is set on object 'Object Repository/Event Purchase/EP-03/Page_Online event bersertifikat dari prakti_f42b96/input_Events_searchInputEvent'

2023-03-30 21:35:19 - [MESSAGE][PASSED] - Text '' is set on object 'Object Repository/Event Purchase/EP-03/Page_Online event bersertifikat dari prakti_f42b96/input_Events_searchInputEvent'

2023-03-30 21:35:19 - [TEST_STEP][PASSED] - closeBrowser(): Browser is closed

2023-03-30 21:35:20 - [MESSAGE][PASSED] - Browser is closed]]></system-out>
         <system-err><![CDATA[]]></system-err>
      </testcase>
      <testcase name="Test Cases/Web/EP/EP-04" time="21.696" classname="Test Cases/Web/EP/EP-04" status="PASSED">
         <system-out><![CDATA[2023-03-30 21:35:20 - [TEST_CASE][PASSED] - Test Cases/Web/EP/EP-04: Test Cases/Web/EP/EP-04

2023-03-30 21:35:21 - [TEST_STEP][PASSED] - openBrowser(""): Browser is opened with url: ''

2023-03-30 21:35:21 - [MESSAGE][INFO] - Starting 'Chrome' driver

2023-03-30 21:35:21 - [MESSAGE][INFO] - Action delay is set to 1,000 milliseconds

2023-03-30 21:35:23 - [MESSAGE][PASSED] - Browser is opened with url: ''

2023-03-30 21:35:23 - [TEST_STEP][PASSED] - navigateToUrl("https://demo-app.online/event"): Navigate to 'https://demo-app.online/event' successfully

2023-03-30 21:35:28 - [MESSAGE][PASSED] - Navigate to 'https://demo-app.online/event' successfully

2023-03-30 21:35:28 - [TEST_STEP][PASSED] - setText(findTestObject("Object Repository/Event Purchase/EP-04/Page_Online event bersertifikat dari prakti_f42b96/input_Events_searchInputEvent"), "25 Nov"): Text '25 Nov' is set on object 'Object Repository/Event Purchase/EP-04/Page_Online event bersertifikat dari prakti_f42b96/input_Events_searchInputEvent'

2023-03-30 21:35:32 - [MESSAGE][PASSED] - Text '25 Nov' is set on object 'Object Repository/Event Purchase/EP-04/Page_Online event bersertifikat dari prakti_f42b96/input_Events_searchInputEvent'

2023-03-30 21:35:32 - [TEST_STEP][PASSED] - sendKeys(findTestObject("Object Repository/Event Purchase/EP-04/Page_Online event bersertifikat dari prakti_f42b96/input_Events_searchInputEvent"), Keys.chord(ENTER)): Keys 'ENTER + ' sent to object: 'Object Repository/Event Purchase/EP-04/Page_Online event bersertifikat dari prakti_f42b96/input_Events_searchInputEvent'

2023-03-30 21:35:34 - [MESSAGE][PASSED] - Keys 'ENTER + ' sent to object: 'Object Repository/Event Purchase/EP-04/Page_Online event bersertifikat dari prakti_f42b96/input_Events_searchInputEvent'

2023-03-30 21:35:34 - [TEST_STEP][PASSED] - setText(findTestObject("Object Repository/Event Purchase/EP-04/Page_Online event bersertifikat dari prakti_f42b96/input_Events_searchInputEvent"), "27 Oct 2022"): Text '27 Oct 2022' is set on object 'Object Repository/Event Purchase/EP-04/Page_Online event bersertifikat dari prakti_f42b96/input_Events_searchInputEvent'

2023-03-30 21:35:36 - [MESSAGE][PASSED] - Text '27 Oct 2022' is set on object 'Object Repository/Event Purchase/EP-04/Page_Online event bersertifikat dari prakti_f42b96/input_Events_searchInputEvent'

2023-03-30 21:35:36 - [TEST_STEP][PASSED] - sendKeys(findTestObject("Object Repository/Event Purchase/EP-04/Page_Online event bersertifikat dari prakti_f42b96/input_Events_searchInputEvent"), Keys.chord(ENTER)): Keys 'ENTER + ' sent to object: 'Object Repository/Event Purchase/EP-04/Page_Online event bersertifikat dari prakti_f42b96/input_Events_searchInputEvent'

2023-03-30 21:35:38 - [MESSAGE][PASSED] - Keys 'ENTER + ' sent to object: 'Object Repository/Event Purchase/EP-04/Page_Online event bersertifikat dari prakti_f42b96/input_Events_searchInputEvent'

2023-03-30 21:35:38 - [TEST_STEP][PASSED] - setText(findTestObject("Object Repository/Event Purchase/EP-04/Page_Online event bersertifikat dari prakti_f42b96/input_Events_searchInputEvent"), ""): Text '' is set on object 'Object Repository/Event Purchase/EP-04/Page_Online event bersertifikat dari prakti_f42b96/input_Events_searchInputEvent'

2023-03-30 21:35:41 - [MESSAGE][PASSED] - Text '' is set on object 'Object Repository/Event Purchase/EP-04/Page_Online event bersertifikat dari prakti_f42b96/input_Events_searchInputEvent'

2023-03-30 21:35:41 - [TEST_STEP][PASSED] - closeBrowser(): Browser is closed

2023-03-30 21:35:42 - [MESSAGE][PASSED] - Browser is closed]]></system-out>
         <system-err><![CDATA[]]></system-err>
      </testcase>
      <testcase name="Test Cases/Web/EP/EP-05" time="14.259" classname="Test Cases/Web/EP/EP-05" status="PASSED">
         <system-out><![CDATA[2023-03-30 21:35:42 - [TEST_CASE][PASSED] - Test Cases/Web/EP/EP-05: Test Cases/Web/EP/EP-05

2023-03-30 21:35:43 - [TEST_STEP][PASSED] - openBrowser(""): Browser is opened with url: ''

2023-03-30 21:35:43 - [MESSAGE][INFO] - Starting 'Chrome' driver

2023-03-30 21:35:43 - [MESSAGE][INFO] - Action delay is set to 1,000 milliseconds

2023-03-30 21:35:44 - [MESSAGE][PASSED] - Browser is opened with url: ''

2023-03-30 21:35:44 - [TEST_STEP][PASSED] - navigateToUrl("https://demo-app.online/event"): Navigate to 'https://demo-app.online/event' successfully

2023-03-30 21:35:48 - [MESSAGE][PASSED] - Navigate to 'https://demo-app.online/event' successfully

2023-03-30 21:35:48 - [TEST_STEP][PASSED] - setText(findTestObject("Object Repository/Event Purchase/EP-06/Page_Online event bersertifikat dari prakti_f42b96/input_Events_searchInputEvent"), "zoom"): Text 'zoom' is set on object 'Object Repository/Event Purchase/EP-06/Page_Online event bersertifikat dari prakti_f42b96/input_Events_searchInputEvent'

2023-03-30 21:35:51 - [MESSAGE][PASSED] - Text 'zoom' is set on object 'Object Repository/Event Purchase/EP-06/Page_Online event bersertifikat dari prakti_f42b96/input_Events_searchInputEvent'

2023-03-30 21:35:51 - [TEST_STEP][PASSED] - sendKeys(findTestObject("Object Repository/Event Purchase/EP-06/Page_Online event bersertifikat dari prakti_f42b96/input_Events_searchInputEvent"), Keys.chord(ENTER)): Keys 'ENTER + ' sent to object: 'Object Repository/Event Purchase/EP-06/Page_Online event bersertifikat dari prakti_f42b96/input_Events_searchInputEvent'

2023-03-30 21:35:54 - [MESSAGE][PASSED] - Keys 'ENTER + ' sent to object: 'Object Repository/Event Purchase/EP-06/Page_Online event bersertifikat dari prakti_f42b96/input_Events_searchInputEvent'

2023-03-30 21:35:54 - [TEST_STEP][PASSED] - click(findTestObject("Object Repository/Event Purchase/EP-06/Page_Online event bersertifikat dari prakti_f42b96/h3_No available event  zoom")): Object: 'Object Repository/Event Purchase/EP-06/Page_Online event bersertifikat dari prakti_f42b96/h3_No available event  zoom' is clicked on

2023-03-30 21:35:55 - [MESSAGE][PASSED] - Object: 'Object Repository/Event Purchase/EP-06/Page_Online event bersertifikat dari prakti_f42b96/h3_No available event  zoom' is clicked on

2023-03-30 21:35:55 - [TEST_STEP][PASSED] - closeBrowser(): Browser is closed

2023-03-30 21:35:56 - [MESSAGE][PASSED] - Browser is closed]]></system-out>
         <system-err><![CDATA[]]></system-err>
      </testcase>
      <testcase name="Test Cases/Web/EP/EP-06" time="0.608" classname="Test Cases/Web/EP/EP-06" status="PASSED">
         <system-out><![CDATA[2023-03-30 21:35:56 - [TEST_CASE][PASSED] - Test Cases/Web/EP/EP-06: Test Cases/Web/EP/EP-06

2023-03-30 21:35:57 - [TEST_STEP][PASSED] - return null: null]]></system-out>
         <system-err><![CDATA[]]></system-err>
      </testcase>
      <testcase name="Test Cases/Web/EP/EP-07" time="16.28" classname="Test Cases/Web/EP/EP-07" status="PASSED">
         <system-out><![CDATA[2023-03-30 21:35:57 - [TEST_CASE][PASSED] - Test Cases/Web/EP/EP-07: Test Cases/Web/EP/EP-07

2023-03-30 21:35:58 - [TEST_STEP][PASSED] - openBrowser(""): Browser is opened with url: ''

2023-03-30 21:35:58 - [MESSAGE][INFO] - Starting 'Chrome' driver

2023-03-30 21:35:58 - [MESSAGE][INFO] - Action delay is set to 1,000 milliseconds

2023-03-30 21:35:59 - [MESSAGE][PASSED] - Browser is opened with url: ''

2023-03-30 21:35:59 - [TEST_STEP][PASSED] - navigateToUrl("https://demo-app.online/event"): Navigate to 'https://demo-app.online/event' successfully

2023-03-30 21:36:04 - [MESSAGE][PASSED] - Navigate to 'https://demo-app.online/event' successfully

2023-03-30 21:36:04 - [TEST_STEP][PASSED] - setText(findTestObject("Object Repository/Event Purchase/EP-07/Page_Online event bersertifikat dari prakti_f42b96/input_Events_searchInputEvent"), "close"): Text 'close' is set on object 'Object Repository/Event Purchase/EP-07/Page_Online event bersertifikat dari prakti_f42b96/input_Events_searchInputEvent'

2023-03-30 21:36:08 - [MESSAGE][PASSED] - Text 'close' is set on object 'Object Repository/Event Purchase/EP-07/Page_Online event bersertifikat dari prakti_f42b96/input_Events_searchInputEvent'

2023-03-30 21:36:08 - [TEST_STEP][PASSED] - sendKeys(findTestObject("Object Repository/Event Purchase/EP-07/Page_Online event bersertifikat dari prakti_f42b96/input_Events_searchInputEvent"), Keys.chord(ENTER)): Keys 'ENTER + ' sent to object: 'Object Repository/Event Purchase/EP-07/Page_Online event bersertifikat dari prakti_f42b96/input_Events_searchInputEvent'

2023-03-30 21:36:10 - [MESSAGE][PASSED] - Keys 'ENTER + ' sent to object: 'Object Repository/Event Purchase/EP-07/Page_Online event bersertifikat dari prakti_f42b96/input_Events_searchInputEvent'

2023-03-30 21:36:10 - [TEST_STEP][PASSED] - click(findTestObject("Object Repository/Event Purchase/EP-07/Page_Online event bersertifikat dari prakti_f42b96/h3_No available event  close")): Object: 'Object Repository/Event Purchase/EP-07/Page_Online event bersertifikat dari prakti_f42b96/h3_No available event  close' is clicked on

2023-03-30 21:36:12 - [MESSAGE][PASSED] - Object: 'Object Repository/Event Purchase/EP-07/Page_Online event bersertifikat dari prakti_f42b96/h3_No available event  close' is clicked on

2023-03-30 21:36:12 - [TEST_STEP][PASSED] - closeBrowser(): Browser is closed

2023-03-30 21:36:13 - [MESSAGE][PASSED] - Browser is closed]]></system-out>
         <system-err><![CDATA[]]></system-err>
      </testcase>
      <testcase name="Test Cases/Web/EP/EP-08" time="13.428" classname="Test Cases/Web/EP/EP-08" status="PASSED">
         <system-out><![CDATA[2023-03-30 21:36:13 - [TEST_CASE][PASSED] - Test Cases/Web/EP/EP-08: Test Cases/Web/EP/EP-08

2023-03-30 21:36:14 - [TEST_STEP][PASSED] - openBrowser(""): Browser is opened with url: ''

2023-03-30 21:36:14 - [MESSAGE][INFO] - Starting 'Chrome' driver

2023-03-30 21:36:14 - [MESSAGE][INFO] - Action delay is set to 1,000 milliseconds

2023-03-30 21:36:16 - [MESSAGE][PASSED] - Browser is opened with url: ''

2023-03-30 21:36:16 - [TEST_STEP][PASSED] - navigateToUrl("https://demo-app.online/event"): Navigate to 'https://demo-app.online/event' successfully

2023-03-30 21:36:21 - [MESSAGE][PASSED] - Navigate to 'https://demo-app.online/event' successfully

2023-03-30 21:36:21 - [TEST_STEP][PASSED] - click(findTestObject("Object Repository/Event Purchase/EP-08/Page_Online event bersertifikat dari prakti_f42b96/div_Day 3 Predict using Machine Learning   _e04a14")): Object: 'Object Repository/Event Purchase/EP-08/Page_Online event bersertifikat dari prakti_f42b96/div_Day 3 Predict using Machine Learning   _e04a14' is clicked on

2023-03-30 21:36:26 - [MESSAGE][PASSED] - Object: 'Object Repository/Event Purchase/EP-08/Page_Online event bersertifikat dari prakti_f42b96/div_Day 3 Predict using Machine Learning   _e04a14' is clicked on

2023-03-30 21:36:26 - [TEST_STEP][PASSED] - closeBrowser(): Browser is closed

2023-03-30 21:36:27 - [MESSAGE][PASSED] - Browser is closed]]></system-out>
         <system-err><![CDATA[]]></system-err>
      </testcase>
      <testcase name="Test Cases/Web/EP/EP-09" time="21.279" classname="Test Cases/Web/EP/EP-09" status="PASSED">
         <system-out><![CDATA[2023-03-30 21:36:27 - [TEST_CASE][PASSED] - Test Cases/Web/EP/EP-09: Test Cases/Web/EP/EP-09

2023-03-30 21:36:27 - [TEST_STEP][PASSED] - openBrowser(""): Browser is opened with url: ''

2023-03-30 21:36:27 - [MESSAGE][INFO] - Starting 'Chrome' driver

2023-03-30 21:36:27 - [MESSAGE][INFO] - Action delay is set to 1,000 milliseconds

2023-03-30 21:36:29 - [MESSAGE][PASSED] - Browser is opened with url: ''

2023-03-30 21:36:29 - [TEST_STEP][PASSED] - navigateToUrl("https://demo-app.online/event"): Navigate to 'https://demo-app.online/event' successfully

2023-03-30 21:36:33 - [MESSAGE][PASSED] - Navigate to 'https://demo-app.online/event' successfully

2023-03-30 21:36:33 - [TEST_STEP][PASSED] - click(findTestObject("Object Repository/Event Purchase/EP-09/Page_Online event bersertifikat dari prakti_f42b96/div_Day 3 Predict using Machine Learning   _e04a14")): Object: 'Object Repository/Event Purchase/EP-09/Page_Online event bersertifikat dari prakti_f42b96/div_Day 3 Predict using Machine Learning   _e04a14' is clicked on

2023-03-30 21:36:37 - [MESSAGE][PASSED] - Object: 'Object Repository/Event Purchase/EP-09/Page_Online event bersertifikat dari prakti_f42b96/div_Day 3 Predict using Machine Learning   _e04a14' is clicked on

2023-03-30 21:36:37 - [TEST_STEP][PASSED] - click(findTestObject("Object Repository/Event Purchase/EP-09/Page_Day 3 Predict using Machine Learning - Ziyad/div_Day 4 Workshop                         _1068dc")): Object: 'Object Repository/Event Purchase/EP-09/Page_Day 3 Predict using Machine Learning - Ziyad/div_Day 4 Workshop                         _1068dc' is clicked on

2023-03-30 21:36:40 - [MESSAGE][PASSED] - Object: 'Object Repository/Event Purchase/EP-09/Page_Day 3 Predict using Machine Learning - Ziyad/div_Day 4 Workshop                         _1068dc' is clicked on

2023-03-30 21:36:40 - [TEST_STEP][PASSED] - click(findTestObject("Object Repository/Event Purchase/EP-09/Page_Day 4 Workshop - Ziyad/div_Day 3 Predict using Machine Learning   _f36cb4")): Object: 'Object Repository/Event Purchase/EP-09/Page_Day 4 Workshop - Ziyad/div_Day 3 Predict using Machine Learning   _f36cb4' is clicked on

2023-03-30 21:36:43 - [MESSAGE][PASSED] - Object: 'Object Repository/Event Purchase/EP-09/Page_Day 4 Workshop - Ziyad/div_Day 3 Predict using Machine Learning   _f36cb4' is clicked on

2023-03-30 21:36:43 - [TEST_STEP][PASSED] - click(findTestObject("Object Repository/Event Purchase/EP-09/Page_Day 3 Predict using Machine Learning - Ziyad/div_Day 2 Data Wrangling with Python       _c4c77e")): Object: 'Object Repository/Event Purchase/EP-09/Page_Day 3 Predict using Machine Learning - Ziyad/div_Day 2 Data Wrangling with Python       _c4c77e' is clicked on

2023-03-30 21:36:47 - [MESSAGE][PASSED] - Object: 'Object Repository/Event Purchase/EP-09/Page_Day 3 Predict using Machine Learning - Ziyad/div_Day 2 Data Wrangling with Python       _c4c77e' is clicked on

2023-03-30 21:36:47 - [TEST_STEP][PASSED] - closeBrowser(): Browser is closed

2023-03-30 21:36:48 - [MESSAGE][PASSED] - Browser is closed]]></system-out>
         <system-err><![CDATA[]]></system-err>
      </testcase>
      <system-out><![CDATA[2023-03-30 21:33:44 - [TEST_SUITE][PASSED] - EP_01-09: Test Cases/Web/EP/EP-09]]></system-out>
      <system-err><![CDATA[]]></system-err>
   </testsuite>
</testsuites>
