<?xml version="1.0" encoding="UTF-8"?>
<testsuites name="REG" time="916.61" tests="33" failures="9" errors="0">
   <testsuite name="REG" tests="33" failures="9" errors="0" time="916.61" skipped="0" timestamp="2023-04-03 08:03:06" hostname="rizki - Red" id="Test Suites/WEB/REG">
      <properties>
         <property name="deviceName" value=""/>
         <property name="devicePlatform" value=""/>
         <property name="logFolder" value="C:\\Users\\rizki\\git\\CodingID-QA\\Reports\\20230403_080247\\WEB\\REG\\20230403_080247"/>
         <property name="logFiles" value="C:\\Users\\rizki\\git\\CodingID-QA\\Reports\\20230403_080247\\WEB\\REG\\20230403_080247\\execution0.log"/>
         <property name="attachments" value="C:\\Users\\rizki\\git\\CodingID-QA\\Reports\\20230403_080247\\WEB\\REG\\20230403_080247\\1680484208276.png, C:\\Users\\rizki\\git\\CodingID-QA\\Reports\\20230403_080247\\WEB\\REG\\20230403_080247\\1680484208441.png, C:\\Users\\rizki\\git\\CodingID-QA\\Reports\\20230403_080247\\WEB\\REG\\20230403_080247\\1680484227901.png, C:\\Users\\rizki\\git\\CodingID-QA\\Reports\\20230403_080247\\WEB\\REG\\20230403_080247\\1680484227985.png, C:\\Users\\rizki\\git\\CodingID-QA\\Reports\\20230403_080247\\WEB\\REG\\20230403_080247\\1680484237634.png, C:\\Users\\rizki\\git\\CodingID-QA\\Reports\\20230403_080247\\WEB\\REG\\20230403_080247\\1680484237719.png, C:\\Users\\rizki\\git\\CodingID-QA\\Reports\\20230403_080247\\WEB\\REG\\20230403_080247\\1680484246983.png, C:\\Users\\rizki\\git\\CodingID-QA\\Reports\\20230403_080247\\WEB\\REG\\20230403_080247\\1680484247073.png, C:\\Users\\rizki\\git\\CodingID-QA\\Reports\\20230403_080247\\WEB\\REG\\20230403_080247\\1680484256614.png, C:\\Users\\rizki\\git\\CodingID-QA\\Reports\\20230403_080247\\WEB\\REG\\20230403_080247\\1680484256739.png, C:\\Users\\rizki\\git\\CodingID-QA\\Reports\\20230403_080247\\WEB\\REG\\20230403_080247\\1680484266367.png, C:\\Users\\rizki\\git\\CodingID-QA\\Reports\\20230403_080247\\WEB\\REG\\20230403_080247\\1680484266451.png"/>
         <property name="hostName" value="rizki - Red"/>
         <property name="os" value="Windows 10 64bit"/>
         <property name="katalonVersion" value="8.5.5.208"/>
         <property name="browser" value="Chrome 111.0.0.0"/>
         <property name="hostAddress" value="192.168.203.1"/>
         <property name="sessionId" value="9f6d7cf6454600a6302b55f5f4c50f2d"/>
         <property name="seleniumVersion" value="3.141.59"/>
         <property name="proxyInformation" value="ProxyInformation { proxyOption=NO_PROXY, proxyServerType=HTTP, username=, password=********, proxyServerAddress=, proxyServerPort=0, executionList=&quot;&quot;, isApplyToDesiredCapabilities=true }"/>
         <property name="platform" value="Windows 10"/>
      </properties>
      <testcase name="Test Cases/Web/REG/REG-11" time="76.326" classname="Test Cases/Web/REG/REG-11" status="PASSED">
         <system-out><![CDATA[2023-04-03 08:03:06 - [TEST_CASE][PASSED] - Test Cases/Web/REG/REG-11: Test Cases/Web/REG/REG-11

2023-04-03 08:03:07 - [TEST_STEP][PASSED] - openBrowser(""): Browser is opened with url: ''

2023-04-03 08:03:07 - [MESSAGE][INFO] - Starting 'Chrome' driver

2023-04-03 08:03:07 - [MESSAGE][INFO] - Action delay is set to 0 milliseconds

2023-04-03 08:03:09 - [MESSAGE][PASSED] - Browser is opened with url: ''

2023-04-03 08:03:09 - [TEST_STEP][PASSED] - testData = findTestData("Data Files/Web/Register_Name"): null

2023-04-03 08:03:10 - [TEST_STEP][PASSED] - for ([i = 1, i <= testData.getRowNumbers(), (i++)]): Current window's url is: 'https://demo-app.online/email/verify'

2023-04-03 08:03:10 - [TEST_STEP][PASSED] - name = testData.getValue("Name", i): null

2023-04-03 08:03:10 - [TEST_STEP][PASSED] - navigateToUrl("https://demo-app.online/daftar"): Navigate to 'https://demo-app.online/daftar' successfully

2023-04-03 08:03:12 - [MESSAGE][PASSED] - Navigate to 'https://demo-app.online/daftar' successfully

2023-04-03 08:03:12 - [TEST_STEP][PASSED] - setText(findTestObject("Object Repository/Web/Register/Reg_InputText_Nama"), name): Text 'Rizki Khaerul' is set on object 'Object Repository/Web/Register/Reg_InputText_Nama'

2023-04-03 08:03:13 - [MESSAGE][PASSED] - Text 'Rizki Khaerul' is set on object 'Object Repository/Web/Register/Reg_InputText_Nama'

2023-04-03 08:03:13 - [TEST_STEP][PASSED] - setText(findTestObject("Object Repository/Web/Register/Reg_InputText_BirthDay"), "18-Feb-1997"): Text '18-Feb-1997' is set on object 'Object Repository/Web/Register/Reg_InputText_BirthDay'

2023-04-03 08:03:14 - [MESSAGE][PASSED] - Text '18-Feb-1997' is set on object 'Object Repository/Web/Register/Reg_InputText_BirthDay'

2023-04-03 08:03:14 - [TEST_STEP][PASSED] - setText(findTestObject("Object Repository/Web/Register/Reg_InputText_Email"), "Test@Example.com"): Text 'Test@Example.com' is set on object 'Object Repository/Web/Register/Reg_InputText_Email'

2023-04-03 08:03:14 - [MESSAGE][PASSED] - Text 'Test@Example.com' is set on object 'Object Repository/Web/Register/Reg_InputText_Email'

2023-04-03 08:03:14 - [TEST_STEP][PASSED] - setText(findTestObject("Object Repository/Web/Register/Reg_InputText_Whatsapp"), "081324387267"): Text '081324387267' is set on object 'Object Repository/Web/Register/Reg_InputText_Whatsapp'

2023-04-03 08:03:15 - [MESSAGE][PASSED] - Text '081324387267' is set on object 'Object Repository/Web/Register/Reg_InputText_Whatsapp'

2023-04-03 08:03:15 - [TEST_STEP][PASSED] - setText(findTestObject("Object Repository/Web/Register/Reg_InputText_KataSandi"), "testingtesting"): Text 'testingtesting' is set on object 'Object Repository/Web/Register/Reg_InputText_KataSandi'

2023-04-03 08:03:16 - [MESSAGE][PASSED] - Text 'testingtesting' is set on object 'Object Repository/Web/Register/Reg_InputText_KataSandi'

2023-04-03 08:03:16 - [TEST_STEP][PASSED] - setText(findTestObject("Object Repository/Web/Register/Reg_InputText_KonfirmasiKataSandi"), "testingtesting"): Text 'testingtesting' is set on object 'Object Repository/Web/Register/Reg_InputText_KonfirmasiKataSandi'

2023-04-03 08:03:16 - [MESSAGE][PASSED] - Text 'testingtesting' is set on object 'Object Repository/Web/Register/Reg_InputText_KonfirmasiKataSandi'

2023-04-03 08:03:16 - [TEST_STEP][PASSED] - check(findTestObject("Object Repository/Web/Register/Reg_Checkbox_SyaratDanKetentuan")): Object 'Object Repository/Web/Register/Reg_Checkbox_SyaratDanKetentuan' is checked

2023-04-03 08:03:17 - [MESSAGE][PASSED] - Object 'Object Repository/Web/Register/Reg_Checkbox_SyaratDanKetentuan' is checked

2023-04-03 08:03:17 - [TEST_STEP][PASSED] - click(findTestObject("Object Repository/Web/Register/Reg_Button_Daftar")): Object: 'Object Repository/Web/Register/Reg_Button_Daftar' is clicked on

2023-04-03 08:03:19 - [MESSAGE][PASSED] - Object: 'Object Repository/Web/Register/Reg_Button_Daftar' is clicked on

2023-04-03 08:03:19 - [TEST_STEP][PASSED] - delay(2): Delayed 2 second(s)

2023-04-03 08:03:21 - [MESSAGE][PASSED] - Delayed 2 second(s)

2023-04-03 08:03:21 - [TEST_STEP][PASSED] - if (getUrl() == "https://demo-app.online/daftar"): Current window's url is: 'https://demo-app.online/email/verify'

2023-04-03 08:03:21 - [MESSAGE][PASSED] - Current window's url is: 'https://demo-app.online/email/verify'

2023-04-03 08:03:21 - [TEST_STEP][PASSED] - delay(2): Delayed 2 second(s)

2023-04-03 08:03:23 - [MESSAGE][PASSED] - Delayed 2 second(s)

2023-04-03 08:03:23 - [TEST_STEP][PASSED] - assert getUrl() == "https://demo-app.online/email/verify": Current window's url is: 'https://demo-app.online/email/verify'

2023-04-03 08:03:23 - [MESSAGE][PASSED] - Current window's url is: 'https://demo-app.online/email/verify'

2023-04-03 08:03:23 - [TEST_STEP][PASSED] - name = testData.getValue("Name", i): null

2023-04-03 08:03:23 - [TEST_STEP][PASSED] - navigateToUrl("https://demo-app.online/daftar"): Navigate to 'https://demo-app.online/daftar' successfully

2023-04-03 08:03:23 - [MESSAGE][PASSED] - Navigate to 'https://demo-app.online/daftar' successfully

2023-04-03 08:03:23 - [TEST_STEP][PASSED] - setText(findTestObject("Object Repository/Web/Register/Reg_InputText_Nama"), name): Text 'Khaerul Rizki' is set on object 'Object Repository/Web/Register/Reg_InputText_Nama'

2023-04-03 08:03:25 - [MESSAGE][PASSED] - Text 'Khaerul Rizki' is set on object 'Object Repository/Web/Register/Reg_InputText_Nama'

2023-04-03 08:03:25 - [TEST_STEP][PASSED] - setText(findTestObject("Object Repository/Web/Register/Reg_InputText_BirthDay"), "18-Feb-1997"): Text '18-Feb-1997' is set on object 'Object Repository/Web/Register/Reg_InputText_BirthDay'

2023-04-03 08:03:25 - [MESSAGE][PASSED] - Text '18-Feb-1997' is set on object 'Object Repository/Web/Register/Reg_InputText_BirthDay'

2023-04-03 08:03:25 - [TEST_STEP][PASSED] - setText(findTestObject("Object Repository/Web/Register/Reg_InputText_Email"), "Test@Example.com"): Text 'Test@Example.com' is set on object 'Object Repository/Web/Register/Reg_InputText_Email'

2023-04-03 08:03:26 - [MESSAGE][PASSED] - Text 'Test@Example.com' is set on object 'Object Repository/Web/Register/Reg_InputText_Email'

2023-04-03 08:03:26 - [TEST_STEP][PASSED] - setText(findTestObject("Object Repository/Web/Register/Reg_InputText_Whatsapp"), "081324387267"): Text '081324387267' is set on object 'Object Repository/Web/Register/Reg_InputText_Whatsapp'

2023-04-03 08:03:27 - [MESSAGE][PASSED] - Text '081324387267' is set on object 'Object Repository/Web/Register/Reg_InputText_Whatsapp'

2023-04-03 08:03:27 - [TEST_STEP][PASSED] - setText(findTestObject("Object Repository/Web/Register/Reg_InputText_KataSandi"), "testingtesting"): Text 'testingtesting' is set on object 'Object Repository/Web/Register/Reg_InputText_KataSandi'

2023-04-03 08:03:28 - [MESSAGE][PASSED] - Text 'testingtesting' is set on object 'Object Repository/Web/Register/Reg_InputText_KataSandi'

2023-04-03 08:03:28 - [TEST_STEP][PASSED] - setText(findTestObject("Object Repository/Web/Register/Reg_InputText_KonfirmasiKataSandi"), "testingtesting"): Text 'testingtesting' is set on object 'Object Repository/Web/Register/Reg_InputText_KonfirmasiKataSandi'

2023-04-03 08:03:28 - [MESSAGE][PASSED] - Text 'testingtesting' is set on object 'Object Repository/Web/Register/Reg_InputText_KonfirmasiKataSandi'

2023-04-03 08:03:28 - [TEST_STEP][PASSED] - check(findTestObject("Object Repository/Web/Register/Reg_Checkbox_SyaratDanKetentuan")): Object 'Object Repository/Web/Register/Reg_Checkbox_SyaratDanKetentuan' is checked

2023-04-03 08:03:29 - [MESSAGE][PASSED] - Object 'Object Repository/Web/Register/Reg_Checkbox_SyaratDanKetentuan' is checked

2023-04-03 08:03:29 - [TEST_STEP][PASSED] - click(findTestObject("Object Repository/Web/Register/Reg_Button_Daftar")): Object: 'Object Repository/Web/Register/Reg_Button_Daftar' is clicked on

2023-04-03 08:03:31 - [MESSAGE][PASSED] - Object: 'Object Repository/Web/Register/Reg_Button_Daftar' is clicked on

2023-04-03 08:03:31 - [TEST_STEP][PASSED] - delay(2): Delayed 2 second(s)

2023-04-03 08:03:33 - [MESSAGE][PASSED] - Delayed 2 second(s)

2023-04-03 08:03:33 - [TEST_STEP][PASSED] - if (getUrl() == "https://demo-app.online/daftar"): Current window's url is: 'https://demo-app.online/email/verify'

2023-04-03 08:03:33 - [MESSAGE][PASSED] - Current window's url is: 'https://demo-app.online/email/verify'

2023-04-03 08:03:33 - [TEST_STEP][PASSED] - delay(2): Delayed 2 second(s)

2023-04-03 08:03:35 - [MESSAGE][PASSED] - Delayed 2 second(s)

2023-04-03 08:03:35 - [TEST_STEP][PASSED] - assert getUrl() == "https://demo-app.online/email/verify": Current window's url is: 'https://demo-app.online/email/verify'

2023-04-03 08:03:35 - [MESSAGE][PASSED] - Current window's url is: 'https://demo-app.online/email/verify'

2023-04-03 08:03:35 - [TEST_STEP][PASSED] - name = testData.getValue("Name", i): null

2023-04-03 08:03:35 - [TEST_STEP][PASSED] - navigateToUrl("https://demo-app.online/daftar"): Navigate to 'https://demo-app.online/daftar' successfully

2023-04-03 08:03:36 - [MESSAGE][PASSED] - Navigate to 'https://demo-app.online/daftar' successfully

2023-04-03 08:03:36 - [TEST_STEP][PASSED] - setText(findTestObject("Object Repository/Web/Register/Reg_InputText_Nama"), name): Text 'Nama Valid' is set on object 'Object Repository/Web/Register/Reg_InputText_Nama'

2023-04-03 08:03:37 - [MESSAGE][PASSED] - Text 'Nama Valid' is set on object 'Object Repository/Web/Register/Reg_InputText_Nama'

2023-04-03 08:03:37 - [TEST_STEP][PASSED] - setText(findTestObject("Object Repository/Web/Register/Reg_InputText_BirthDay"), "18-Feb-1997"): Text '18-Feb-1997' is set on object 'Object Repository/Web/Register/Reg_InputText_BirthDay'

2023-04-03 08:03:37 - [MESSAGE][PASSED] - Text '18-Feb-1997' is set on object 'Object Repository/Web/Register/Reg_InputText_BirthDay'

2023-04-03 08:03:37 - [TEST_STEP][PASSED] - setText(findTestObject("Object Repository/Web/Register/Reg_InputText_Email"), "Test@Example.com"): Text 'Test@Example.com' is set on object 'Object Repository/Web/Register/Reg_InputText_Email'

2023-04-03 08:03:38 - [MESSAGE][PASSED] - Text 'Test@Example.com' is set on object 'Object Repository/Web/Register/Reg_InputText_Email'

2023-04-03 08:03:38 - [TEST_STEP][PASSED] - setText(findTestObject("Object Repository/Web/Register/Reg_InputText_Whatsapp"), "081324387267"): Text '081324387267' is set on object 'Object Repository/Web/Register/Reg_InputText_Whatsapp'

2023-04-03 08:03:39 - [MESSAGE][PASSED] - Text '081324387267' is set on object 'Object Repository/Web/Register/Reg_InputText_Whatsapp'

2023-04-03 08:03:39 - [TEST_STEP][PASSED] - setText(findTestObject("Object Repository/Web/Register/Reg_InputText_KataSandi"), "testingtesting"): Text 'testingtesting' is set on object 'Object Repository/Web/Register/Reg_InputText_KataSandi'

2023-04-03 08:03:40 - [MESSAGE][PASSED] - Text 'testingtesting' is set on object 'Object Repository/Web/Register/Reg_InputText_KataSandi'

2023-04-03 08:03:40 - [TEST_STEP][PASSED] - setText(findTestObject("Object Repository/Web/Register/Reg_InputText_KonfirmasiKataSandi"), "testingtesting"): Text 'testingtesting' is set on object 'Object Repository/Web/Register/Reg_InputText_KonfirmasiKataSandi'

2023-04-03 08:03:40 - [MESSAGE][PASSED] - Text 'testingtesting' is set on object 'Object Repository/Web/Register/Reg_InputText_KonfirmasiKataSandi'

2023-04-03 08:03:40 - [TEST_STEP][PASSED] - check(findTestObject("Object Repository/Web/Register/Reg_Checkbox_SyaratDanKetentuan")): Object 'Object Repository/Web/Register/Reg_Checkbox_SyaratDanKetentuan' is checked

2023-04-03 08:03:41 - [MESSAGE][PASSED] - Object 'Object Repository/Web/Register/Reg_Checkbox_SyaratDanKetentuan' is checked

2023-04-03 08:03:41 - [TEST_STEP][PASSED] - click(findTestObject("Object Repository/Web/Register/Reg_Button_Daftar")): Object: 'Object Repository/Web/Register/Reg_Button_Daftar' is clicked on

2023-04-03 08:03:42 - [MESSAGE][PASSED] - Object: 'Object Repository/Web/Register/Reg_Button_Daftar' is clicked on

2023-04-03 08:03:42 - [TEST_STEP][PASSED] - delay(2): Delayed 2 second(s)

2023-04-03 08:03:44 - [MESSAGE][PASSED] - Delayed 2 second(s)

2023-04-03 08:03:44 - [TEST_STEP][PASSED] - if (getUrl() == "https://demo-app.online/daftar"): Current window's url is: 'https://demo-app.online/email/verify'

2023-04-03 08:03:44 - [MESSAGE][PASSED] - Current window's url is: 'https://demo-app.online/email/verify'

2023-04-03 08:03:44 - [TEST_STEP][PASSED] - delay(2): Delayed 2 second(s)

2023-04-03 08:03:46 - [MESSAGE][PASSED] - Delayed 2 second(s)

2023-04-03 08:03:46 - [TEST_STEP][PASSED] - assert getUrl() == "https://demo-app.online/email/verify": Current window's url is: 'https://demo-app.online/email/verify'

2023-04-03 08:03:46 - [MESSAGE][PASSED] - Current window's url is: 'https://demo-app.online/email/verify'

2023-04-03 08:03:46 - [TEST_STEP][PASSED] - name = testData.getValue("Name", i): null

2023-04-03 08:03:46 - [TEST_STEP][PASSED] - navigateToUrl("https://demo-app.online/daftar"): Navigate to 'https://demo-app.online/daftar' successfully

2023-04-03 08:03:47 - [MESSAGE][PASSED] - Navigate to 'https://demo-app.online/daftar' successfully

2023-04-03 08:03:47 - [TEST_STEP][PASSED] - setText(findTestObject("Object Repository/Web/Register/Reg_InputText_Nama"), name): Text 'Valid Name ' is set on object 'Object Repository/Web/Register/Reg_InputText_Nama'

2023-04-03 08:03:48 - [MESSAGE][PASSED] - Text 'Valid Name ' is set on object 'Object Repository/Web/Register/Reg_InputText_Nama'

2023-04-03 08:03:48 - [TEST_STEP][PASSED] - setText(findTestObject("Object Repository/Web/Register/Reg_InputText_BirthDay"), "18-Feb-1997"): Text '18-Feb-1997' is set on object 'Object Repository/Web/Register/Reg_InputText_BirthDay'

2023-04-03 08:03:49 - [MESSAGE][PASSED] - Text '18-Feb-1997' is set on object 'Object Repository/Web/Register/Reg_InputText_BirthDay'

2023-04-03 08:03:49 - [TEST_STEP][PASSED] - setText(findTestObject("Object Repository/Web/Register/Reg_InputText_Email"), "Test@Example.com"): Text 'Test@Example.com' is set on object 'Object Repository/Web/Register/Reg_InputText_Email'

2023-04-03 08:03:50 - [MESSAGE][PASSED] - Text 'Test@Example.com' is set on object 'Object Repository/Web/Register/Reg_InputText_Email'

2023-04-03 08:03:50 - [TEST_STEP][PASSED] - setText(findTestObject("Object Repository/Web/Register/Reg_InputText_Whatsapp"), "081324387267"): Text '081324387267' is set on object 'Object Repository/Web/Register/Reg_InputText_Whatsapp'

2023-04-03 08:03:50 - [MESSAGE][PASSED] - Text '081324387267' is set on object 'Object Repository/Web/Register/Reg_InputText_Whatsapp'

2023-04-03 08:03:50 - [TEST_STEP][PASSED] - setText(findTestObject("Object Repository/Web/Register/Reg_InputText_KataSandi"), "testingtesting"): Text 'testingtesting' is set on object 'Object Repository/Web/Register/Reg_InputText_KataSandi'

2023-04-03 08:03:51 - [MESSAGE][PASSED] - Text 'testingtesting' is set on object 'Object Repository/Web/Register/Reg_InputText_KataSandi'

2023-04-03 08:03:51 - [TEST_STEP][PASSED] - setText(findTestObject("Object Repository/Web/Register/Reg_InputText_KonfirmasiKataSandi"), "testingtesting"): Text 'testingtesting' is set on object 'Object Repository/Web/Register/Reg_InputText_KonfirmasiKataSandi'

2023-04-03 08:03:52 - [MESSAGE][PASSED] - Text 'testingtesting' is set on object 'Object Repository/Web/Register/Reg_InputText_KonfirmasiKataSandi'

2023-04-03 08:03:52 - [TEST_STEP][PASSED] - check(findTestObject("Object Repository/Web/Register/Reg_Checkbox_SyaratDanKetentuan")): Object 'Object Repository/Web/Register/Reg_Checkbox_SyaratDanKetentuan' is checked

2023-04-03 08:03:52 - [MESSAGE][PASSED] - Object 'Object Repository/Web/Register/Reg_Checkbox_SyaratDanKetentuan' is checked

2023-04-03 08:03:52 - [TEST_STEP][PASSED] - click(findTestObject("Object Repository/Web/Register/Reg_Button_Daftar")): Object: 'Object Repository/Web/Register/Reg_Button_Daftar' is clicked on

2023-04-03 08:03:54 - [MESSAGE][PASSED] - Object: 'Object Repository/Web/Register/Reg_Button_Daftar' is clicked on

2023-04-03 08:03:54 - [TEST_STEP][PASSED] - delay(2): Delayed 2 second(s)

2023-04-03 08:03:56 - [MESSAGE][PASSED] - Delayed 2 second(s)

2023-04-03 08:03:56 - [TEST_STEP][PASSED] - if (getUrl() == "https://demo-app.online/daftar"): Current window's url is: 'https://demo-app.online/email/verify'

2023-04-03 08:03:56 - [MESSAGE][PASSED] - Current window's url is: 'https://demo-app.online/email/verify'

2023-04-03 08:03:56 - [TEST_STEP][PASSED] - delay(2): Delayed 2 second(s)

2023-04-03 08:03:58 - [MESSAGE][PASSED] - Delayed 2 second(s)

2023-04-03 08:03:58 - [TEST_STEP][PASSED] - assert getUrl() == "https://demo-app.online/email/verify": Current window's url is: 'https://demo-app.online/email/verify'

2023-04-03 08:03:58 - [MESSAGE][PASSED] - Current window's url is: 'https://demo-app.online/email/verify'

2023-04-03 08:03:58 - [TEST_STEP][PASSED] - name = testData.getValue("Name", i): null

2023-04-03 08:03:58 - [TEST_STEP][PASSED] - navigateToUrl("https://demo-app.online/daftar"): Navigate to 'https://demo-app.online/daftar' successfully

2023-04-03 08:03:59 - [MESSAGE][PASSED] - Navigate to 'https://demo-app.online/daftar' successfully

2023-04-03 08:03:59 - [TEST_STEP][PASSED] - setText(findTestObject("Object Repository/Web/Register/Reg_InputText_Nama"), name): Text 'Test Name' is set on object 'Object Repository/Web/Register/Reg_InputText_Nama'

2023-04-03 08:04:00 - [MESSAGE][PASSED] - Text 'Test Name' is set on object 'Object Repository/Web/Register/Reg_InputText_Nama'

2023-04-03 08:04:00 - [TEST_STEP][PASSED] - setText(findTestObject("Object Repository/Web/Register/Reg_InputText_BirthDay"), "18-Feb-1997"): Text '18-Feb-1997' is set on object 'Object Repository/Web/Register/Reg_InputText_BirthDay'

2023-04-03 08:04:01 - [MESSAGE][PASSED] - Text '18-Feb-1997' is set on object 'Object Repository/Web/Register/Reg_InputText_BirthDay'

2023-04-03 08:04:01 - [TEST_STEP][PASSED] - setText(findTestObject("Object Repository/Web/Register/Reg_InputText_Email"), "Test@Example.com"): Text 'Test@Example.com' is set on object 'Object Repository/Web/Register/Reg_InputText_Email'

2023-04-03 08:04:01 - [MESSAGE][PASSED] - Text 'Test@Example.com' is set on object 'Object Repository/Web/Register/Reg_InputText_Email'

2023-04-03 08:04:01 - [TEST_STEP][PASSED] - setText(findTestObject("Object Repository/Web/Register/Reg_InputText_Whatsapp"), "081324387267"): Text '081324387267' is set on object 'Object Repository/Web/Register/Reg_InputText_Whatsapp'

2023-04-03 08:04:02 - [MESSAGE][PASSED] - Text '081324387267' is set on object 'Object Repository/Web/Register/Reg_InputText_Whatsapp'

2023-04-03 08:04:02 - [TEST_STEP][PASSED] - setText(findTestObject("Object Repository/Web/Register/Reg_InputText_KataSandi"), "testingtesting"): Text 'testingtesting' is set on object 'Object Repository/Web/Register/Reg_InputText_KataSandi'

2023-04-03 08:04:03 - [MESSAGE][PASSED] - Text 'testingtesting' is set on object 'Object Repository/Web/Register/Reg_InputText_KataSandi'

2023-04-03 08:04:03 - [TEST_STEP][PASSED] - setText(findTestObject("Object Repository/Web/Register/Reg_InputText_KonfirmasiKataSandi"), "testingtesting"): Text 'testingtesting' is set on object 'Object Repository/Web/Register/Reg_InputText_KonfirmasiKataSandi'

2023-04-03 08:04:03 - [MESSAGE][PASSED] - Text 'testingtesting' is set on object 'Object Repository/Web/Register/Reg_InputText_KonfirmasiKataSandi'

2023-04-03 08:04:03 - [TEST_STEP][PASSED] - check(findTestObject("Object Repository/Web/Register/Reg_Checkbox_SyaratDanKetentuan")): Object 'Object Repository/Web/Register/Reg_Checkbox_SyaratDanKetentuan' is checked

2023-04-03 08:04:04 - [MESSAGE][PASSED] - Object 'Object Repository/Web/Register/Reg_Checkbox_SyaratDanKetentuan' is checked

2023-04-03 08:04:04 - [TEST_STEP][PASSED] - click(findTestObject("Object Repository/Web/Register/Reg_Button_Daftar")): Object: 'Object Repository/Web/Register/Reg_Button_Daftar' is clicked on

2023-04-03 08:04:07 - [MESSAGE][PASSED] - Object: 'Object Repository/Web/Register/Reg_Button_Daftar' is clicked on

2023-04-03 08:04:07 - [TEST_STEP][PASSED] - delay(2): Delayed 2 second(s)

2023-04-03 08:04:09 - [MESSAGE][PASSED] - Delayed 2 second(s)

2023-04-03 08:04:09 - [TEST_STEP][PASSED] - if (getUrl() == "https://demo-app.online/daftar"): Current window's url is: 'https://demo-app.online/email/verify'

2023-04-03 08:04:09 - [MESSAGE][PASSED] - Current window's url is: 'https://demo-app.online/email/verify'

2023-04-03 08:04:09 - [TEST_STEP][PASSED] - delay(2): Delayed 2 second(s)

2023-04-03 08:04:11 - [MESSAGE][PASSED] - Delayed 2 second(s)

2023-04-03 08:04:11 - [TEST_STEP][PASSED] - assert getUrl() == "https://demo-app.online/email/verify": Current window's url is: 'https://demo-app.online/email/verify'

2023-04-03 08:04:11 - [MESSAGE][PASSED] - Current window's url is: 'https://demo-app.online/email/verify'

2023-04-03 08:04:11 - [TEST_STEP][PASSED] - name = testData.getValue("Name", i): null

2023-04-03 08:04:11 - [TEST_STEP][PASSED] - navigateToUrl("https://demo-app.online/daftar"): Navigate to 'https://demo-app.online/daftar' successfully

2023-04-03 08:04:11 - [MESSAGE][PASSED] - Navigate to 'https://demo-app.online/daftar' successfully

2023-04-03 08:04:11 - [TEST_STEP][PASSED] - setText(findTestObject("Object Repository/Web/Register/Reg_InputText_Nama"), name): Text 'John Doe' is set on object 'Object Repository/Web/Register/Reg_InputText_Nama'

2023-04-03 08:04:12 - [MESSAGE][PASSED] - Text 'John Doe' is set on object 'Object Repository/Web/Register/Reg_InputText_Nama'

2023-04-03 08:04:12 - [TEST_STEP][PASSED] - setText(findTestObject("Object Repository/Web/Register/Reg_InputText_BirthDay"), "18-Feb-1997"): Text '18-Feb-1997' is set on object 'Object Repository/Web/Register/Reg_InputText_BirthDay'

2023-04-03 08:04:13 - [MESSAGE][PASSED] - Text '18-Feb-1997' is set on object 'Object Repository/Web/Register/Reg_InputText_BirthDay'

2023-04-03 08:04:13 - [TEST_STEP][PASSED] - setText(findTestObject("Object Repository/Web/Register/Reg_InputText_Email"), "Test@Example.com"): Text 'Test@Example.com' is set on object 'Object Repository/Web/Register/Reg_InputText_Email'

2023-04-03 08:04:14 - [MESSAGE][PASSED] - Text 'Test@Example.com' is set on object 'Object Repository/Web/Register/Reg_InputText_Email'

2023-04-03 08:04:14 - [TEST_STEP][PASSED] - setText(findTestObject("Object Repository/Web/Register/Reg_InputText_Whatsapp"), "081324387267"): Text '081324387267' is set on object 'Object Repository/Web/Register/Reg_InputText_Whatsapp'

2023-04-03 08:04:15 - [MESSAGE][PASSED] - Text '081324387267' is set on object 'Object Repository/Web/Register/Reg_InputText_Whatsapp'

2023-04-03 08:04:15 - [TEST_STEP][PASSED] - setText(findTestObject("Object Repository/Web/Register/Reg_InputText_KataSandi"), "testingtesting"): Text 'testingtesting' is set on object 'Object Repository/Web/Register/Reg_InputText_KataSandi'

2023-04-03 08:04:15 - [MESSAGE][PASSED] - Text 'testingtesting' is set on object 'Object Repository/Web/Register/Reg_InputText_KataSandi'

2023-04-03 08:04:15 - [TEST_STEP][PASSED] - setText(findTestObject("Object Repository/Web/Register/Reg_InputText_KonfirmasiKataSandi"), "testingtesting"): Text 'testingtesting' is set on object 'Object Repository/Web/Register/Reg_InputText_KonfirmasiKataSandi'

2023-04-03 08:04:16 - [MESSAGE][PASSED] - Text 'testingtesting' is set on object 'Object Repository/Web/Register/Reg_InputText_KonfirmasiKataSandi'

2023-04-03 08:04:16 - [TEST_STEP][PASSED] - check(findTestObject("Object Repository/Web/Register/Reg_Checkbox_SyaratDanKetentuan")): Object 'Object Repository/Web/Register/Reg_Checkbox_SyaratDanKetentuan' is checked

2023-04-03 08:04:17 - [MESSAGE][PASSED] - Object 'Object Repository/Web/Register/Reg_Checkbox_SyaratDanKetentuan' is checked

2023-04-03 08:04:17 - [TEST_STEP][PASSED] - click(findTestObject("Object Repository/Web/Register/Reg_Button_Daftar")): Object: 'Object Repository/Web/Register/Reg_Button_Daftar' is clicked on

2023-04-03 08:04:19 - [MESSAGE][PASSED] - Object: 'Object Repository/Web/Register/Reg_Button_Daftar' is clicked on

2023-04-03 08:04:19 - [TEST_STEP][PASSED] - delay(2): Delayed 2 second(s)

2023-04-03 08:04:21 - [MESSAGE][PASSED] - Delayed 2 second(s)

2023-04-03 08:04:21 - [TEST_STEP][PASSED] - if (getUrl() == "https://demo-app.online/daftar"): Current window's url is: 'https://demo-app.online/email/verify'

2023-04-03 08:04:21 - [MESSAGE][PASSED] - Current window's url is: 'https://demo-app.online/email/verify'

2023-04-03 08:04:21 - [TEST_STEP][PASSED] - delay(2): Delayed 2 second(s)

2023-04-03 08:04:23 - [MESSAGE][PASSED] - Delayed 2 second(s)

2023-04-03 08:04:23 - [TEST_STEP][PASSED] - assert getUrl() == "https://demo-app.online/email/verify": Current window's url is: 'https://demo-app.online/email/verify'

2023-04-03 08:04:23 - [MESSAGE][PASSED] - Current window's url is: 'https://demo-app.online/email/verify']]></system-out>
         <system-err><![CDATA[]]></system-err>
      </testcase>
      <testcase name="Test Cases/Web/REG/REG-12" time="12.586" classname="Test Cases/Web/REG/REG-12" status="FAILED">
         <failure type="FAILED" message="Test Cases/Web/REG/REG-12 FAILED.
Reason:
Assertion failed: 

assert WebUI.getUrl() == 'https://demo-app.online/email/verify'
             |        |
             |        false
             https://demo-app.online/daftar

	at REG-12.run(REG-12:50)
	at com.kms.katalon.core.main.ScriptEngine.run(ScriptEngine.java:194)
	at com.kms.katalon.core.main.ScriptEngine.runScriptAsRawText(ScriptEngine.java:119)
	at com.kms.katalon.core.main.TestCaseExecutor.runScript(TestCaseExecutor.java:448)
	at com.kms.katalon.core.main.TestCaseExecutor.doExecute(TestCaseExecutor.java:439)
	at com.kms.katalon.core.main.TestCaseExecutor.processExecutionPhase(TestCaseExecutor.java:418)
	at com.kms.katalon.core.main.TestCaseExecutor.accessMainPhase(TestCaseExecutor.java:410)
	at com.kms.katalon.core.main.TestCaseExecutor.execute(TestCaseExecutor.java:285)
	at com.kms.katalon.core.common.CommonExecutor.accessTestCaseMainPhase(CommonExecutor.java:65)
	at com.kms.katalon.core.main.TestSuiteExecutor.accessTestSuiteMainPhase(TestSuiteExecutor.java:151)
	at com.kms.katalon.core.main.TestSuiteExecutor.execute(TestSuiteExecutor.java:106)
	at com.kms.katalon.core.main.TestCaseMain.startTestSuite(TestCaseMain.java:185)
	at com.kms.katalon.core.main.TestCaseMain$startTestSuite$0.call(Unknown Source)
	at TempTestSuite1680483767821.run(TempTestSuite1680483767821.groovy:36)
"/>
         <system-out><![CDATA[2023-04-03 08:04:23 - [TEST_CASE][FAILED] - Test Cases/Web/REG/REG-12: Test Cases/Web/REG/REG-12 FAILED.
Reason:
Assertion failed: 

assert WebUI.getUrl() == 'https://demo-app.online/email/verify'
             |        |
             |        false
             https://demo-app.online/daftar

	at REG-12.run(REG-12:50)
	at com.kms.katalon.core.main.ScriptEngine.run(ScriptEngine.java:194)
	at com.kms.katalon.core.main.ScriptEngine.runScriptAsRawText(ScriptEngine.java:119)
	at com.kms.katalon.core.main.TestCaseExecutor.runScript(TestCaseExecutor.java:448)
	at com.kms.katalon.core.main.TestCaseExecutor.doExecute(TestCaseExecutor.java:439)
	at com.kms.katalon.core.main.TestCaseExecutor.processExecutionPhase(TestCaseExecutor.java:418)
	at com.kms.katalon.core.main.TestCaseExecutor.accessMainPhase(TestCaseExecutor.java:410)
	at com.kms.katalon.core.main.TestCaseExecutor.execute(TestCaseExecutor.java:285)
	at com.kms.katalon.core.common.CommonExecutor.accessTestCaseMainPhase(CommonExecutor.java:65)
	at com.kms.katalon.core.main.TestSuiteExecutor.accessTestSuiteMainPhase(TestSuiteExecutor.java:151)
	at com.kms.katalon.core.main.TestSuiteExecutor.execute(TestSuiteExecutor.java:106)
	at com.kms.katalon.core.main.TestCaseMain.startTestSuite(TestCaseMain.java:185)
	at com.kms.katalon.core.main.TestCaseMain$startTestSuite$0.call(Unknown Source)
	at TempTestSuite1680483767821.run(TempTestSuite1680483767821.groovy:36)


2023-04-03 08:04:23 - [TEST_STEP][PASSED] - openBrowser(""): Browser is opened with url: ''

2023-04-03 08:04:23 - [MESSAGE][WARNING] - A browser is already opened. Closing browser and opening a new one

2023-04-03 08:04:23 - [MESSAGE][INFO] - Starting 'Chrome' driver

2023-04-03 08:04:23 - [MESSAGE][INFO] - Action delay is set to 0 milliseconds

2023-04-03 08:04:25 - [MESSAGE][PASSED] - Browser is opened with url: ''

2023-04-03 08:04:25 - [TEST_STEP][PASSED] - navigateToUrl("https://demo-app.online/daftar"): Navigate to 'https://demo-app.online/daftar' successfully

2023-04-03 08:04:26 - [MESSAGE][PASSED] - Navigate to 'https://demo-app.online/daftar' successfully

2023-04-03 08:04:26 - [TEST_STEP][PASSED] - setText(findTestObject("Object Repository/Web/Register/Reg_InputText_BirthDay"), "18-Feb-1997"): Text '18-Feb-1997' is set on object 'Object Repository/Web/Register/Reg_InputText_BirthDay'

2023-04-03 08:04:28 - [MESSAGE][PASSED] - Text '18-Feb-1997' is set on object 'Object Repository/Web/Register/Reg_InputText_BirthDay'

2023-04-03 08:04:28 - [TEST_STEP][PASSED] - setText(findTestObject("Object Repository/Web/Register/Reg_InputText_Email"), "Test@Mail.com"): Text 'Test@Mail.com' is set on object 'Object Repository/Web/Register/Reg_InputText_Email'

2023-04-03 08:04:28 - [MESSAGE][PASSED] - Text 'Test@Mail.com' is set on object 'Object Repository/Web/Register/Reg_InputText_Email'

2023-04-03 08:04:28 - [TEST_STEP][PASSED] - setText(findTestObject("Object Repository/Web/Register/Reg_InputText_Whatsapp"), "081324387267"): Text '081324387267' is set on object 'Object Repository/Web/Register/Reg_InputText_Whatsapp'

2023-04-03 08:04:29 - [MESSAGE][PASSED] - Text '081324387267' is set on object 'Object Repository/Web/Register/Reg_InputText_Whatsapp'

2023-04-03 08:04:29 - [TEST_STEP][PASSED] - setText(findTestObject("Object Repository/Web/Register/Reg_InputText_KataSandi"), "testingtesting"): Text 'testingtesting' is set on object 'Object Repository/Web/Register/Reg_InputText_KataSandi'

2023-04-03 08:04:30 - [MESSAGE][PASSED] - Text 'testingtesting' is set on object 'Object Repository/Web/Register/Reg_InputText_KataSandi'

2023-04-03 08:04:30 - [TEST_STEP][PASSED] - setText(findTestObject("Object Repository/Web/Register/Reg_InputText_KonfirmasiKataSandi"), "testingtesting"): Text 'testingtesting' is set on object 'Object Repository/Web/Register/Reg_InputText_KonfirmasiKataSandi'

2023-04-03 08:04:30 - [MESSAGE][PASSED] - Text 'testingtesting' is set on object 'Object Repository/Web/Register/Reg_InputText_KonfirmasiKataSandi'

2023-04-03 08:04:30 - [TEST_STEP][PASSED] - check(findTestObject("Object Repository/Web/Register/Reg_Checkbox_SyaratDanKetentuan")): Object 'Object Repository/Web/Register/Reg_Checkbox_SyaratDanKetentuan' is checked

2023-04-03 08:04:31 - [MESSAGE][PASSED] - Object 'Object Repository/Web/Register/Reg_Checkbox_SyaratDanKetentuan' is checked

2023-04-03 08:04:31 - [TEST_STEP][PASSED] - click(findTestObject("Object Repository/Web/Register/Reg_Button_Daftar")): Object: 'Object Repository/Web/Register/Reg_Button_Daftar' is clicked on

2023-04-03 08:04:31 - [MESSAGE][PASSED] - Object: 'Object Repository/Web/Register/Reg_Button_Daftar' is clicked on

2023-04-03 08:04:31 - [TEST_STEP][PASSED] - delay(2): Delayed 2 second(s)

2023-04-03 08:04:33 - [MESSAGE][PASSED] - Delayed 2 second(s)

2023-04-03 08:04:33 - [TEST_STEP][PASSED] - if (getUrl() == "https://demo-app.online/daftar"): null

2023-04-03 08:04:33 - [MESSAGE][PASSED] - Current window's url is: 'https://demo-app.online/daftar'

2023-04-03 08:04:33 - [TEST_STEP][PASSED] - isValid = executeJavaScript("document.getElementById("name").reportValidity();", null): Execute JavaScript 'document.getElementById("name").reportValidity();' successfully

2023-04-03 08:04:33 - [MESSAGE][PASSED] - Execute JavaScript 'document.getElementById("name").reportValidity();' successfully

2023-04-03 08:04:33 - [TEST_STEP][PASSED] - assert !(isValid) : "Validation error should be displayed": null

2023-04-03 08:04:33 - [TEST_STEP][PASSED] - delay(2): Delayed 2 second(s)

2023-04-03 08:04:35 - [MESSAGE][PASSED] - Delayed 2 second(s)

2023-04-03 08:04:35 - [TEST_STEP][FAILED] - assert getUrl() == "https://demo-app.online/email/verify": Test Cases/Web/REG/REG-12 FAILED.
Reason:
Assertion failed: 

assert WebUI.getUrl() == 'https://demo-app.online/email/verify'
             |        |
             |        false
             https://demo-app.online/daftar

	at REG-12.run(REG-12:50)
	at com.kms.katalon.core.main.ScriptEngine.run(ScriptEngine.java:194)
	at com.kms.katalon.core.main.ScriptEngine.runScriptAsRawText(ScriptEngine.java:119)
	at com.kms.katalon.core.main.TestCaseExecutor.runScript(TestCaseExecutor.java:448)
	at com.kms.katalon.core.main.TestCaseExecutor.doExecute(TestCaseExecutor.java:439)
	at com.kms.katalon.core.main.TestCaseExecutor.processExecutionPhase(TestCaseExecutor.java:418)
	at com.kms.katalon.core.main.TestCaseExecutor.accessMainPhase(TestCaseExecutor.java:410)
	at com.kms.katalon.core.main.TestCaseExecutor.execute(TestCaseExecutor.java:285)
	at com.kms.katalon.core.common.CommonExecutor.accessTestCaseMainPhase(CommonExecutor.java:65)
	at com.kms.katalon.core.main.TestSuiteExecutor.accessTestSuiteMainPhase(TestSuiteExecutor.java:151)
	at com.kms.katalon.core.main.TestSuiteExecutor.execute(TestSuiteExecutor.java:106)
	at com.kms.katalon.core.main.TestCaseMain.startTestSuite(TestCaseMain.java:185)
	at com.kms.katalon.core.main.TestCaseMain$startTestSuite$0.call(Unknown Source)
	at TempTestSuite1680483767821.run(TempTestSuite1680483767821.groovy:36)


2023-04-03 08:04:35 - [MESSAGE][PASSED] - Current window's url is: 'https://demo-app.online/daftar'

2023-04-03 08:04:35 - [MESSAGE][FAILED] - Test Cases/Web/REG/REG-12 FAILED.
Reason:
Assertion failed: 

assert WebUI.getUrl() == 'https://demo-app.online/email/verify'
             |        |
             |        false
             https://demo-app.online/daftar

	at REG-12.run(REG-12:50)
	at com.kms.katalon.core.main.ScriptEngine.run(ScriptEngine.java:194)
	at com.kms.katalon.core.main.ScriptEngine.runScriptAsRawText(ScriptEngine.java:119)
	at com.kms.katalon.core.main.TestCaseExecutor.runScript(TestCaseExecutor.java:448)
	at com.kms.katalon.core.main.TestCaseExecutor.doExecute(TestCaseExecutor.java:439)
	at com.kms.katalon.core.main.TestCaseExecutor.processExecutionPhase(TestCaseExecutor.java:418)
	at com.kms.katalon.core.main.TestCaseExecutor.accessMainPhase(TestCaseExecutor.java:410)
	at com.kms.katalon.core.main.TestCaseExecutor.execute(TestCaseExecutor.java:285)
	at com.kms.katalon.core.common.CommonExecutor.accessTestCaseMainPhase(CommonExecutor.java:65)
	at com.kms.katalon.core.main.TestSuiteExecutor.accessTestSuiteMainPhase(TestSuiteExecutor.java:151)
	at com.kms.katalon.core.main.TestSuiteExecutor.execute(TestSuiteExecutor.java:106)
	at com.kms.katalon.core.main.TestCaseMain.startTestSuite(TestCaseMain.java:185)
	at com.kms.katalon.core.main.TestCaseMain$startTestSuite$0.call(Unknown Source)
	at TempTestSuite1680483767821.run(TempTestSuite1680483767821.groovy:36)]]></system-out>
         <system-err><![CDATA[2023-04-03 08:04:23 - [TEST_CASE][FAILED] - Test Cases/Web/REG/REG-12: Test Cases/Web/REG/REG-12 FAILED.
Reason:
Assertion failed: 

assert WebUI.getUrl() == 'https://demo-app.online/email/verify'
             |        |
             |        false
             https://demo-app.online/daftar

	at REG-12.run(REG-12:50)
	at com.kms.katalon.core.main.ScriptEngine.run(ScriptEngine.java:194)
	at com.kms.katalon.core.main.ScriptEngine.runScriptAsRawText(ScriptEngine.java:119)
	at com.kms.katalon.core.main.TestCaseExecutor.runScript(TestCaseExecutor.java:448)
	at com.kms.katalon.core.main.TestCaseExecutor.doExecute(TestCaseExecutor.java:439)
	at com.kms.katalon.core.main.TestCaseExecutor.processExecutionPhase(TestCaseExecutor.java:418)
	at com.kms.katalon.core.main.TestCaseExecutor.accessMainPhase(TestCaseExecutor.java:410)
	at com.kms.katalon.core.main.TestCaseExecutor.execute(TestCaseExecutor.java:285)
	at com.kms.katalon.core.common.CommonExecutor.accessTestCaseMainPhase(CommonExecutor.java:65)
	at com.kms.katalon.core.main.TestSuiteExecutor.accessTestSuiteMainPhase(TestSuiteExecutor.java:151)
	at com.kms.katalon.core.main.TestSuiteExecutor.execute(TestSuiteExecutor.java:106)
	at com.kms.katalon.core.main.TestCaseMain.startTestSuite(TestCaseMain.java:185)
	at com.kms.katalon.core.main.TestCaseMain$startTestSuite$0.call(Unknown Source)
	at TempTestSuite1680483767821.run(TempTestSuite1680483767821.groovy:36)]]></system-err>
      </testcase>
      <testcase name="Test Cases/Web/REG/REG-13" time="14.109" classname="Test Cases/Web/REG/REG-13" status="PASSED">
         <system-out><![CDATA[2023-04-03 08:04:35 - [TEST_CASE][PASSED] - Test Cases/Web/REG/REG-13: Test Cases/Web/REG/REG-13

2023-04-03 08:04:35 - [TEST_STEP][PASSED] - openBrowser(""): Browser is opened with url: ''

2023-04-03 08:04:35 - [MESSAGE][WARNING] - A browser is already opened. Closing browser and opening a new one

2023-04-03 08:04:36 - [MESSAGE][INFO] - Starting 'Chrome' driver

2023-04-03 08:04:36 - [MESSAGE][INFO] - Action delay is set to 0 milliseconds

2023-04-03 08:04:37 - [MESSAGE][PASSED] - Browser is opened with url: ''

2023-04-03 08:04:37 - [TEST_STEP][PASSED] - navigateToUrl("https://demo-app.online/daftar"): Navigate to 'https://demo-app.online/daftar' successfully

2023-04-03 08:04:39 - [MESSAGE][PASSED] - Navigate to 'https://demo-app.online/daftar' successfully

2023-04-03 08:04:39 - [TEST_STEP][PASSED] - setText(findTestObject("Object Repository/Web/Register/Reg_InputText_Nama"), "        "): Text '        ' is set on object 'Object Repository/Web/Register/Reg_InputText_Nama'

2023-04-03 08:04:40 - [MESSAGE][PASSED] - Text '        ' is set on object 'Object Repository/Web/Register/Reg_InputText_Nama'

2023-04-03 08:04:40 - [TEST_STEP][PASSED] - setText(findTestObject("Object Repository/Web/Register/Reg_InputText_BirthDay"), "18-Feb-1997"): Text '18-Feb-1997' is set on object 'Object Repository/Web/Register/Reg_InputText_BirthDay'

2023-04-03 08:04:41 - [MESSAGE][PASSED] - Text '18-Feb-1997' is set on object 'Object Repository/Web/Register/Reg_InputText_BirthDay'

2023-04-03 08:04:41 - [TEST_STEP][PASSED] - setText(findTestObject("Object Repository/Web/Register/Reg_InputText_Email"), "Test@Mail.com"): Text 'Test@Mail.com' is set on object 'Object Repository/Web/Register/Reg_InputText_Email'

2023-04-03 08:04:42 - [MESSAGE][PASSED] - Text 'Test@Mail.com' is set on object 'Object Repository/Web/Register/Reg_InputText_Email'

2023-04-03 08:04:42 - [TEST_STEP][PASSED] - setText(findTestObject("Object Repository/Web/Register/Reg_InputText_Whatsapp"), "081324387267"): Text '081324387267' is set on object 'Object Repository/Web/Register/Reg_InputText_Whatsapp'

2023-04-03 08:04:42 - [MESSAGE][PASSED] - Text '081324387267' is set on object 'Object Repository/Web/Register/Reg_InputText_Whatsapp'

2023-04-03 08:04:42 - [TEST_STEP][PASSED] - setText(findTestObject("Object Repository/Web/Register/Reg_InputText_KataSandi"), "testingtesting"): Text 'testingtesting' is set on object 'Object Repository/Web/Register/Reg_InputText_KataSandi'

2023-04-03 08:04:43 - [MESSAGE][PASSED] - Text 'testingtesting' is set on object 'Object Repository/Web/Register/Reg_InputText_KataSandi'

2023-04-03 08:04:43 - [TEST_STEP][PASSED] - setText(findTestObject("Object Repository/Web/Register/Reg_InputText_KonfirmasiKataSandi"), "testingtesting"): Text 'testingtesting' is set on object 'Object Repository/Web/Register/Reg_InputText_KonfirmasiKataSandi'

2023-04-03 08:04:44 - [MESSAGE][PASSED] - Text 'testingtesting' is set on object 'Object Repository/Web/Register/Reg_InputText_KonfirmasiKataSandi'

2023-04-03 08:04:44 - [TEST_STEP][PASSED] - check(findTestObject("Object Repository/Web/Register/Reg_Checkbox_SyaratDanKetentuan")): Object 'Object Repository/Web/Register/Reg_Checkbox_SyaratDanKetentuan' is checked

2023-04-03 08:04:44 - [MESSAGE][PASSED] - Object 'Object Repository/Web/Register/Reg_Checkbox_SyaratDanKetentuan' is checked

2023-04-03 08:04:44 - [TEST_STEP][PASSED] - click(findTestObject("Object Repository/Web/Register/Reg_Button_Daftar")): Object: 'Object Repository/Web/Register/Reg_Button_Daftar' is clicked on

2023-04-03 08:04:45 - [MESSAGE][PASSED] - Object: 'Object Repository/Web/Register/Reg_Button_Daftar' is clicked on

2023-04-03 08:04:45 - [TEST_STEP][PASSED] - delay(2): Delayed 2 second(s)

2023-04-03 08:04:47 - [MESSAGE][PASSED] - Delayed 2 second(s)

2023-04-03 08:04:47 - [TEST_STEP][PASSED] - if (getUrl() == "https://demo-app.online/daftar"): null

2023-04-03 08:04:47 - [MESSAGE][PASSED] - Current window's url is: 'https://demo-app.online/daftar'

2023-04-03 08:04:47 - [TEST_STEP][PASSED] - isValid = executeJavaScript("document.getElementById("name").reportValidity();", null): Execute JavaScript 'document.getElementById("name").reportValidity();' successfully

2023-04-03 08:04:47 - [MESSAGE][PASSED] - Execute JavaScript 'document.getElementById("name").reportValidity();' successfully

2023-04-03 08:04:47 - [TEST_STEP][PASSED] - assert !(isValid) : "Validation error should be displayed": null

2023-04-03 08:04:47 - [TEST_STEP][PASSED] - delay(2): Delayed 2 second(s)

2023-04-03 08:04:49 - [MESSAGE][PASSED] - Delayed 2 second(s)

2023-04-03 08:04:49 - [TEST_STEP][PASSED] - assert !(getUrl() == "https://demo-app.online/email/verify"): Current window's url is: 'https://demo-app.online/daftar'

2023-04-03 08:04:49 - [MESSAGE][PASSED] - Current window's url is: 'https://demo-app.online/daftar']]></system-out>
         <system-err><![CDATA[]]></system-err>
      </testcase>
      <testcase name="Test Cases/Web/REG/REG-14" time="14.833" classname="Test Cases/Web/REG/REG-14" status="FAILED">
         <failure type="FAILED" message="Test Cases/Web/REG/REG-14 FAILED.
Reason:
Assertion failed: 

assert !(WebUI.getUrl() == 'https://demo-app.online/email/verify')
       |       |        |
       false   |        true
               https://demo-app.online/email/verify

	at REG-14.run(REG-14:52)
	at com.kms.katalon.core.main.ScriptEngine.run(ScriptEngine.java:194)
	at com.kms.katalon.core.main.ScriptEngine.runScriptAsRawText(ScriptEngine.java:119)
	at com.kms.katalon.core.main.TestCaseExecutor.runScript(TestCaseExecutor.java:448)
	at com.kms.katalon.core.main.TestCaseExecutor.doExecute(TestCaseExecutor.java:439)
	at com.kms.katalon.core.main.TestCaseExecutor.processExecutionPhase(TestCaseExecutor.java:418)
	at com.kms.katalon.core.main.TestCaseExecutor.accessMainPhase(TestCaseExecutor.java:410)
	at com.kms.katalon.core.main.TestCaseExecutor.execute(TestCaseExecutor.java:285)
	at com.kms.katalon.core.common.CommonExecutor.accessTestCaseMainPhase(CommonExecutor.java:65)
	at com.kms.katalon.core.main.TestSuiteExecutor.accessTestSuiteMainPhase(TestSuiteExecutor.java:151)
	at com.kms.katalon.core.main.TestSuiteExecutor.execute(TestSuiteExecutor.java:106)
	at com.kms.katalon.core.main.TestCaseMain.startTestSuite(TestCaseMain.java:185)
	at com.kms.katalon.core.main.TestCaseMain$startTestSuite$0.call(Unknown Source)
	at TempTestSuite1680483767821.run(TempTestSuite1680483767821.groovy:36)
"/>
         <system-out><![CDATA[2023-04-03 08:04:49 - [TEST_CASE][FAILED] - Test Cases/Web/REG/REG-14: Test Cases/Web/REG/REG-14 FAILED.
Reason:
Assertion failed: 

assert !(WebUI.getUrl() == 'https://demo-app.online/email/verify')
       |       |        |
       false   |        true
               https://demo-app.online/email/verify

	at REG-14.run(REG-14:52)
	at com.kms.katalon.core.main.ScriptEngine.run(ScriptEngine.java:194)
	at com.kms.katalon.core.main.ScriptEngine.runScriptAsRawText(ScriptEngine.java:119)
	at com.kms.katalon.core.main.TestCaseExecutor.runScript(TestCaseExecutor.java:448)
	at com.kms.katalon.core.main.TestCaseExecutor.doExecute(TestCaseExecutor.java:439)
	at com.kms.katalon.core.main.TestCaseExecutor.processExecutionPhase(TestCaseExecutor.java:418)
	at com.kms.katalon.core.main.TestCaseExecutor.accessMainPhase(TestCaseExecutor.java:410)
	at com.kms.katalon.core.main.TestCaseExecutor.execute(TestCaseExecutor.java:285)
	at com.kms.katalon.core.common.CommonExecutor.accessTestCaseMainPhase(CommonExecutor.java:65)
	at com.kms.katalon.core.main.TestSuiteExecutor.accessTestSuiteMainPhase(TestSuiteExecutor.java:151)
	at com.kms.katalon.core.main.TestSuiteExecutor.execute(TestSuiteExecutor.java:106)
	at com.kms.katalon.core.main.TestCaseMain.startTestSuite(TestCaseMain.java:185)
	at com.kms.katalon.core.main.TestCaseMain$startTestSuite$0.call(Unknown Source)
	at TempTestSuite1680483767821.run(TempTestSuite1680483767821.groovy:36)


2023-04-03 08:04:50 - [TEST_STEP][PASSED] - openBrowser(""): Browser is opened with url: ''

2023-04-03 08:04:50 - [MESSAGE][WARNING] - A browser is already opened. Closing browser and opening a new one

2023-04-03 08:04:50 - [MESSAGE][INFO] - Starting 'Chrome' driver

2023-04-03 08:04:50 - [MESSAGE][INFO] - Action delay is set to 0 milliseconds

2023-04-03 08:04:51 - [MESSAGE][PASSED] - Browser is opened with url: ''

2023-04-03 08:04:51 - [TEST_STEP][PASSED] - navigateToUrl("https://demo-app.online/daftar"): Navigate to 'https://demo-app.online/daftar' successfully

2023-04-03 08:04:53 - [MESSAGE][PASSED] - Navigate to 'https://demo-app.online/daftar' successfully

2023-04-03 08:04:53 - [TEST_STEP][PASSED] - setText(findTestObject("Object Repository/Web/Register/Reg_InputText_Nama"), "R!zk! Kh@erul"): Text 'R!zk! Kh@erul' is set on object 'Object Repository/Web/Register/Reg_InputText_Nama'

2023-04-03 08:04:54 - [MESSAGE][PASSED] - Text 'R!zk! Kh@erul' is set on object 'Object Repository/Web/Register/Reg_InputText_Nama'

2023-04-03 08:04:54 - [TEST_STEP][PASSED] - setText(findTestObject("Object Repository/Web/Register/Reg_InputText_BirthDay"), "18-Feb-1997"): Text '18-Feb-1997' is set on object 'Object Repository/Web/Register/Reg_InputText_BirthDay'

2023-04-03 08:04:55 - [MESSAGE][PASSED] - Text '18-Feb-1997' is set on object 'Object Repository/Web/Register/Reg_InputText_BirthDay'

2023-04-03 08:04:55 - [TEST_STEP][PASSED] - setText(findTestObject("Object Repository/Web/Register/Reg_InputText_Email"), "Test@Mail.com"): Text 'Test@Mail.com' is set on object 'Object Repository/Web/Register/Reg_InputText_Email'

2023-04-03 08:04:56 - [MESSAGE][PASSED] - Text 'Test@Mail.com' is set on object 'Object Repository/Web/Register/Reg_InputText_Email'

2023-04-03 08:04:56 - [TEST_STEP][PASSED] - setText(findTestObject("Object Repository/Web/Register/Reg_InputText_Whatsapp"), "081324387267"): Text '081324387267' is set on object 'Object Repository/Web/Register/Reg_InputText_Whatsapp'

2023-04-03 08:04:56 - [MESSAGE][PASSED] - Text '081324387267' is set on object 'Object Repository/Web/Register/Reg_InputText_Whatsapp'

2023-04-03 08:04:56 - [TEST_STEP][PASSED] - setText(findTestObject("Object Repository/Web/Register/Reg_InputText_KataSandi"), "testingtesting"): Text 'testingtesting' is set on object 'Object Repository/Web/Register/Reg_InputText_KataSandi'

2023-04-03 08:04:57 - [MESSAGE][PASSED] - Text 'testingtesting' is set on object 'Object Repository/Web/Register/Reg_InputText_KataSandi'

2023-04-03 08:04:57 - [TEST_STEP][PASSED] - setText(findTestObject("Object Repository/Web/Register/Reg_InputText_KonfirmasiKataSandi"), "testingtesting"): Text 'testingtesting' is set on object 'Object Repository/Web/Register/Reg_InputText_KonfirmasiKataSandi'

2023-04-03 08:04:58 - [MESSAGE][PASSED] - Text 'testingtesting' is set on object 'Object Repository/Web/Register/Reg_InputText_KonfirmasiKataSandi'

2023-04-03 08:04:58 - [TEST_STEP][PASSED] - check(findTestObject("Object Repository/Web/Register/Reg_Checkbox_SyaratDanKetentuan")): Object 'Object Repository/Web/Register/Reg_Checkbox_SyaratDanKetentuan' is checked

2023-04-03 08:04:58 - [MESSAGE][PASSED] - Object 'Object Repository/Web/Register/Reg_Checkbox_SyaratDanKetentuan' is checked

2023-04-03 08:04:58 - [TEST_STEP][PASSED] - click(findTestObject("Object Repository/Web/Register/Reg_Button_Daftar")): Object: 'Object Repository/Web/Register/Reg_Button_Daftar' is clicked on

2023-04-03 08:05:00 - [MESSAGE][PASSED] - Object: 'Object Repository/Web/Register/Reg_Button_Daftar' is clicked on

2023-04-03 08:05:00 - [TEST_STEP][PASSED] - delay(2): Delayed 2 second(s)

2023-04-03 08:05:02 - [MESSAGE][PASSED] - Delayed 2 second(s)

2023-04-03 08:05:02 - [TEST_STEP][PASSED] - if (getUrl() == "https://demo-app.online/daftar"): Current window's url is: 'https://demo-app.online/email/verify'

2023-04-03 08:05:02 - [MESSAGE][PASSED] - Current window's url is: 'https://demo-app.online/email/verify'

2023-04-03 08:05:02 - [TEST_STEP][PASSED] - delay(2): Delayed 2 second(s)

2023-04-03 08:05:04 - [MESSAGE][PASSED] - Delayed 2 second(s)

2023-04-03 08:05:04 - [TEST_STEP][FAILED] - assert !(getUrl() == "https://demo-app.online/email/verify"): Test Cases/Web/REG/REG-14 FAILED.
Reason:
Assertion failed: 

assert !(WebUI.getUrl() == 'https://demo-app.online/email/verify')
       |       |        |
       false   |        true
               https://demo-app.online/email/verify

	at REG-14.run(REG-14:52)
	at com.kms.katalon.core.main.ScriptEngine.run(ScriptEngine.java:194)
	at com.kms.katalon.core.main.ScriptEngine.runScriptAsRawText(ScriptEngine.java:119)
	at com.kms.katalon.core.main.TestCaseExecutor.runScript(TestCaseExecutor.java:448)
	at com.kms.katalon.core.main.TestCaseExecutor.doExecute(TestCaseExecutor.java:439)
	at com.kms.katalon.core.main.TestCaseExecutor.processExecutionPhase(TestCaseExecutor.java:418)
	at com.kms.katalon.core.main.TestCaseExecutor.accessMainPhase(TestCaseExecutor.java:410)
	at com.kms.katalon.core.main.TestCaseExecutor.execute(TestCaseExecutor.java:285)
	at com.kms.katalon.core.common.CommonExecutor.accessTestCaseMainPhase(CommonExecutor.java:65)
	at com.kms.katalon.core.main.TestSuiteExecutor.accessTestSuiteMainPhase(TestSuiteExecutor.java:151)
	at com.kms.katalon.core.main.TestSuiteExecutor.execute(TestSuiteExecutor.java:106)
	at com.kms.katalon.core.main.TestCaseMain.startTestSuite(TestCaseMain.java:185)
	at com.kms.katalon.core.main.TestCaseMain$startTestSuite$0.call(Unknown Source)
	at TempTestSuite1680483767821.run(TempTestSuite1680483767821.groovy:36)


2023-04-03 08:05:04 - [MESSAGE][PASSED] - Current window's url is: 'https://demo-app.online/email/verify'

2023-04-03 08:05:04 - [MESSAGE][FAILED] - Test Cases/Web/REG/REG-14 FAILED.
Reason:
Assertion failed: 

assert !(WebUI.getUrl() == 'https://demo-app.online/email/verify')
       |       |        |
       false   |        true
               https://demo-app.online/email/verify

	at REG-14.run(REG-14:52)
	at com.kms.katalon.core.main.ScriptEngine.run(ScriptEngine.java:194)
	at com.kms.katalon.core.main.ScriptEngine.runScriptAsRawText(ScriptEngine.java:119)
	at com.kms.katalon.core.main.TestCaseExecutor.runScript(TestCaseExecutor.java:448)
	at com.kms.katalon.core.main.TestCaseExecutor.doExecute(TestCaseExecutor.java:439)
	at com.kms.katalon.core.main.TestCaseExecutor.processExecutionPhase(TestCaseExecutor.java:418)
	at com.kms.katalon.core.main.TestCaseExecutor.accessMainPhase(TestCaseExecutor.java:410)
	at com.kms.katalon.core.main.TestCaseExecutor.execute(TestCaseExecutor.java:285)
	at com.kms.katalon.core.common.CommonExecutor.accessTestCaseMainPhase(CommonExecutor.java:65)
	at com.kms.katalon.core.main.TestSuiteExecutor.accessTestSuiteMainPhase(TestSuiteExecutor.java:151)
	at com.kms.katalon.core.main.TestSuiteExecutor.execute(TestSuiteExecutor.java:106)
	at com.kms.katalon.core.main.TestCaseMain.startTestSuite(TestCaseMain.java:185)
	at com.kms.katalon.core.main.TestCaseMain$startTestSuite$0.call(Unknown Source)
	at TempTestSuite1680483767821.run(TempTestSuite1680483767821.groovy:36)]]></system-out>
         <system-err><![CDATA[2023-04-03 08:04:49 - [TEST_CASE][FAILED] - Test Cases/Web/REG/REG-14: Test Cases/Web/REG/REG-14 FAILED.
Reason:
Assertion failed: 

assert !(WebUI.getUrl() == 'https://demo-app.online/email/verify')
       |       |        |
       false   |        true
               https://demo-app.online/email/verify

	at REG-14.run(REG-14:52)
	at com.kms.katalon.core.main.ScriptEngine.run(ScriptEngine.java:194)
	at com.kms.katalon.core.main.ScriptEngine.runScriptAsRawText(ScriptEngine.java:119)
	at com.kms.katalon.core.main.TestCaseExecutor.runScript(TestCaseExecutor.java:448)
	at com.kms.katalon.core.main.TestCaseExecutor.doExecute(TestCaseExecutor.java:439)
	at com.kms.katalon.core.main.TestCaseExecutor.processExecutionPhase(TestCaseExecutor.java:418)
	at com.kms.katalon.core.main.TestCaseExecutor.accessMainPhase(TestCaseExecutor.java:410)
	at com.kms.katalon.core.main.TestCaseExecutor.execute(TestCaseExecutor.java:285)
	at com.kms.katalon.core.common.CommonExecutor.accessTestCaseMainPhase(CommonExecutor.java:65)
	at com.kms.katalon.core.main.TestSuiteExecutor.accessTestSuiteMainPhase(TestSuiteExecutor.java:151)
	at com.kms.katalon.core.main.TestSuiteExecutor.execute(TestSuiteExecutor.java:106)
	at com.kms.katalon.core.main.TestCaseMain.startTestSuite(TestCaseMain.java:185)
	at com.kms.katalon.core.main.TestCaseMain$startTestSuite$0.call(Unknown Source)
	at TempTestSuite1680483767821.run(TempTestSuite1680483767821.groovy:36)]]></system-err>
      </testcase>
      <testcase name="Test Cases/Web/REG/REG-15" time="15.273" classname="Test Cases/Web/REG/REG-15" status="PASSED">
         <system-out><![CDATA[2023-04-03 08:05:04 - [TEST_CASE][PASSED] - Test Cases/Web/REG/REG-15: Test Cases/Web/REG/REG-15

2023-04-03 08:05:04 - [TEST_STEP][PASSED] - openBrowser(""): Browser is opened with url: ''

2023-04-03 08:05:04 - [MESSAGE][WARNING] - A browser is already opened. Closing browser and opening a new one

2023-04-03 08:05:05 - [MESSAGE][INFO] - Starting 'Chrome' driver

2023-04-03 08:05:05 - [MESSAGE][INFO] - Action delay is set to 0 milliseconds

2023-04-03 08:05:06 - [MESSAGE][PASSED] - Browser is opened with url: ''

2023-04-03 08:05:06 - [TEST_STEP][PASSED] - navigateToUrl("https://demo-app.online/daftar"): Navigate to 'https://demo-app.online/daftar' successfully

2023-04-03 08:05:09 - [MESSAGE][PASSED] - Navigate to 'https://demo-app.online/daftar' successfully

2023-04-03 08:05:09 - [TEST_STEP][PASSED] - setText(findTestObject("Object Repository/Web/Register/Reg_InputText_Nama"), "Lorem ipsum dolor sit amet consectetur adipiscing elit"): Text 'Lorem ipsum dolor sit amet consectetur adipiscing elit' is set on object 'Object Repository/Web/Register/Reg_InputText_Nama'

2023-04-03 08:05:10 - [MESSAGE][PASSED] - Text 'Lorem ipsum dolor sit amet consectetur adipiscing elit' is set on object 'Object Repository/Web/Register/Reg_InputText_Nama'

2023-04-03 08:05:10 - [TEST_STEP][PASSED] - setText(findTestObject("Object Repository/Web/Register/Reg_InputText_BirthDay"), "18-Feb-1997"): Text '18-Feb-1997' is set on object 'Object Repository/Web/Register/Reg_InputText_BirthDay'

2023-04-03 08:05:11 - [MESSAGE][PASSED] - Text '18-Feb-1997' is set on object 'Object Repository/Web/Register/Reg_InputText_BirthDay'

2023-04-03 08:05:11 - [TEST_STEP][PASSED] - setText(findTestObject("Object Repository/Web/Register/Reg_InputText_Email"), "Test@Mail.com"): Text 'Test@Mail.com' is set on object 'Object Repository/Web/Register/Reg_InputText_Email'

2023-04-03 08:05:11 - [MESSAGE][PASSED] - Text 'Test@Mail.com' is set on object 'Object Repository/Web/Register/Reg_InputText_Email'

2023-04-03 08:05:11 - [TEST_STEP][PASSED] - setText(findTestObject("Object Repository/Web/Register/Reg_InputText_Whatsapp"), "081324387267"): Text '081324387267' is set on object 'Object Repository/Web/Register/Reg_InputText_Whatsapp'

2023-04-03 08:05:12 - [MESSAGE][PASSED] - Text '081324387267' is set on object 'Object Repository/Web/Register/Reg_InputText_Whatsapp'

2023-04-03 08:05:12 - [TEST_STEP][PASSED] - setText(findTestObject("Object Repository/Web/Register/Reg_InputText_KataSandi"), "testingtesting"): Text 'testingtesting' is set on object 'Object Repository/Web/Register/Reg_InputText_KataSandi'

2023-04-03 08:05:13 - [MESSAGE][PASSED] - Text 'testingtesting' is set on object 'Object Repository/Web/Register/Reg_InputText_KataSandi'

2023-04-03 08:05:13 - [TEST_STEP][PASSED] - setText(findTestObject("Object Repository/Web/Register/Reg_InputText_KonfirmasiKataSandi"), "testingtesting"): Text 'testingtesting' is set on object 'Object Repository/Web/Register/Reg_InputText_KonfirmasiKataSandi'

2023-04-03 08:05:14 - [MESSAGE][PASSED] - Text 'testingtesting' is set on object 'Object Repository/Web/Register/Reg_InputText_KonfirmasiKataSandi'

2023-04-03 08:05:14 - [TEST_STEP][PASSED] - check(findTestObject("Object Repository/Web/Register/Reg_Checkbox_SyaratDanKetentuan")): Object 'Object Repository/Web/Register/Reg_Checkbox_SyaratDanKetentuan' is checked

2023-04-03 08:05:14 - [MESSAGE][PASSED] - Object 'Object Repository/Web/Register/Reg_Checkbox_SyaratDanKetentuan' is checked

2023-04-03 08:05:14 - [TEST_STEP][PASSED] - click(findTestObject("Object Repository/Web/Register/Reg_Button_Daftar")): Object: 'Object Repository/Web/Register/Reg_Button_Daftar' is clicked on

2023-04-03 08:05:15 - [MESSAGE][PASSED] - Object: 'Object Repository/Web/Register/Reg_Button_Daftar' is clicked on

2023-04-03 08:05:15 - [TEST_STEP][PASSED] - delay(2): Delayed 2 second(s)

2023-04-03 08:05:17 - [MESSAGE][PASSED] - Delayed 2 second(s)

2023-04-03 08:05:17 - [TEST_STEP][PASSED] - if (getUrl() == "https://demo-app.online/daftar"): null

2023-04-03 08:05:17 - [MESSAGE][PASSED] - Current window's url is: 'https://demo-app.online/daftar'

2023-04-03 08:05:17 - [TEST_STEP][PASSED] - isValid = executeJavaScript("document.getElementById("name").reportValidity();", null): Execute JavaScript 'document.getElementById("name").reportValidity();' successfully

2023-04-03 08:05:17 - [MESSAGE][PASSED] - Execute JavaScript 'document.getElementById("name").reportValidity();' successfully

2023-04-03 08:05:17 - [TEST_STEP][PASSED] - assert !(isValid) : "Validation error should be displayed": null

2023-04-03 08:05:17 - [TEST_STEP][PASSED] - delay(2): Delayed 2 second(s)

2023-04-03 08:05:19 - [MESSAGE][PASSED] - Delayed 2 second(s)

2023-04-03 08:05:19 - [TEST_STEP][PASSED] - assert !(getUrl() == "https://demo-app.online/email/verify"): Current window's url is: 'https://demo-app.online/daftar'

2023-04-03 08:05:19 - [MESSAGE][PASSED] - Current window's url is: 'https://demo-app.online/daftar']]></system-out>
         <system-err><![CDATA[]]></system-err>
      </testcase>
      <testcase name="Test Cases/Web/REG/REG-16" time="61.834" classname="Test Cases/Web/REG/REG-16" status="FAILED">
         <failure type="FAILED" message="Test Cases/Web/REG/REG-16 FAILED.
Reason:
Assertion failed: 

assert WebUI.getUrl() == 'https://demo-app.online/email/verify'
             |        |
             |        false
             https://demo-app.online/daftar

	at REG-16.run(REG-16:58)
	at com.kms.katalon.core.main.ScriptEngine.run(ScriptEngine.java:194)
	at com.kms.katalon.core.main.ScriptEngine.runScriptAsRawText(ScriptEngine.java:119)
	at com.kms.katalon.core.main.TestCaseExecutor.runScript(TestCaseExecutor.java:448)
	at com.kms.katalon.core.main.TestCaseExecutor.doExecute(TestCaseExecutor.java:439)
	at com.kms.katalon.core.main.TestCaseExecutor.processExecutionPhase(TestCaseExecutor.java:418)
	at com.kms.katalon.core.main.TestCaseExecutor.accessMainPhase(TestCaseExecutor.java:410)
	at com.kms.katalon.core.main.TestCaseExecutor.execute(TestCaseExecutor.java:285)
	at com.kms.katalon.core.common.CommonExecutor.accessTestCaseMainPhase(CommonExecutor.java:65)
	at com.kms.katalon.core.main.TestSuiteExecutor.accessTestSuiteMainPhase(TestSuiteExecutor.java:151)
	at com.kms.katalon.core.main.TestSuiteExecutor.execute(TestSuiteExecutor.java:106)
	at com.kms.katalon.core.main.TestCaseMain.startTestSuite(TestCaseMain.java:185)
	at com.kms.katalon.core.main.TestCaseMain$startTestSuite$0.call(Unknown Source)
	at TempTestSuite1680483767821.run(TempTestSuite1680483767821.groovy:36)
"/>
         <system-out><![CDATA[2023-04-03 08:05:19 - [TEST_CASE][FAILED] - Test Cases/Web/REG/REG-16: Test Cases/Web/REG/REG-16 FAILED.
Reason:
Assertion failed: 

assert WebUI.getUrl() == 'https://demo-app.online/email/verify'
             |        |
             |        false
             https://demo-app.online/daftar

	at REG-16.run(REG-16:58)
	at com.kms.katalon.core.main.ScriptEngine.run(ScriptEngine.java:194)
	at com.kms.katalon.core.main.ScriptEngine.runScriptAsRawText(ScriptEngine.java:119)
	at com.kms.katalon.core.main.TestCaseExecutor.runScript(TestCaseExecutor.java:448)
	at com.kms.katalon.core.main.TestCaseExecutor.doExecute(TestCaseExecutor.java:439)
	at com.kms.katalon.core.main.TestCaseExecutor.processExecutionPhase(TestCaseExecutor.java:418)
	at com.kms.katalon.core.main.TestCaseExecutor.accessMainPhase(TestCaseExecutor.java:410)
	at com.kms.katalon.core.main.TestCaseExecutor.execute(TestCaseExecutor.java:285)
	at com.kms.katalon.core.common.CommonExecutor.accessTestCaseMainPhase(CommonExecutor.java:65)
	at com.kms.katalon.core.main.TestSuiteExecutor.accessTestSuiteMainPhase(TestSuiteExecutor.java:151)
	at com.kms.katalon.core.main.TestSuiteExecutor.execute(TestSuiteExecutor.java:106)
	at com.kms.katalon.core.main.TestCaseMain.startTestSuite(TestCaseMain.java:185)
	at com.kms.katalon.core.main.TestCaseMain$startTestSuite$0.call(Unknown Source)
	at TempTestSuite1680483767821.run(TempTestSuite1680483767821.groovy:36)


2023-04-03 08:05:20 - [TEST_STEP][PASSED] - openBrowser(""): Browser is opened with url: ''

2023-04-03 08:05:20 - [MESSAGE][WARNING] - A browser is already opened. Closing browser and opening a new one

2023-04-03 08:05:20 - [MESSAGE][INFO] - Starting 'Chrome' driver

2023-04-03 08:05:20 - [MESSAGE][INFO] - Action delay is set to 0 milliseconds

2023-04-03 08:05:21 - [MESSAGE][PASSED] - Browser is opened with url: ''

2023-04-03 08:05:21 - [TEST_STEP][PASSED] - testData = findTestData("Data Files/Web/Register_Birthday"): null

2023-04-03 08:05:21 - [TEST_STEP][FAILED] - for ([i = 1, i <= testData.getRowNumbers(), (i++)]): Test Cases/Web/REG/REG-16 FAILED.
Reason:
Assertion failed: 

assert WebUI.getUrl() == 'https://demo-app.online/email/verify'
             |        |
             |        false
             https://demo-app.online/daftar

	at REG-16.run(REG-16:58)
	at com.kms.katalon.core.main.ScriptEngine.run(ScriptEngine.java:194)
	at com.kms.katalon.core.main.ScriptEngine.runScriptAsRawText(ScriptEngine.java:119)
	at com.kms.katalon.core.main.TestCaseExecutor.runScript(TestCaseExecutor.java:448)
	at com.kms.katalon.core.main.TestCaseExecutor.doExecute(TestCaseExecutor.java:439)
	at com.kms.katalon.core.main.TestCaseExecutor.processExecutionPhase(TestCaseExecutor.java:418)
	at com.kms.katalon.core.main.TestCaseExecutor.accessMainPhase(TestCaseExecutor.java:410)
	at com.kms.katalon.core.main.TestCaseExecutor.execute(TestCaseExecutor.java:285)
	at com.kms.katalon.core.common.CommonExecutor.accessTestCaseMainPhase(CommonExecutor.java:65)
	at com.kms.katalon.core.main.TestSuiteExecutor.accessTestSuiteMainPhase(TestSuiteExecutor.java:151)
	at com.kms.katalon.core.main.TestSuiteExecutor.execute(TestSuiteExecutor.java:106)
	at com.kms.katalon.core.main.TestCaseMain.startTestSuite(TestCaseMain.java:185)
	at com.kms.katalon.core.main.TestCaseMain$startTestSuite$0.call(Unknown Source)
	at TempTestSuite1680483767821.run(TempTestSuite1680483767821.groovy:36)


2023-04-03 08:05:21 - [TEST_STEP][PASSED] - birthday = testData.getValue("Tanggal Lahir", i): null

2023-04-03 08:05:21 - [TEST_STEP][PASSED] - navigateToUrl("https://demo-app.online/daftar"): Navigate to 'https://demo-app.online/daftar' successfully

2023-04-03 08:05:23 - [MESSAGE][PASSED] - Navigate to 'https://demo-app.online/daftar' successfully

2023-04-03 08:05:23 - [TEST_STEP][PASSED] - setText(findTestObject("Object Repository/Web/Register/Reg_InputText_Nama"), "Rizki Khaerul Fajri"): Text 'Rizki Khaerul Fajri' is set on object 'Object Repository/Web/Register/Reg_InputText_Nama'

2023-04-03 08:05:24 - [MESSAGE][PASSED] - Text 'Rizki Khaerul Fajri' is set on object 'Object Repository/Web/Register/Reg_InputText_Nama'

2023-04-03 08:05:24 - [TEST_STEP][PASSED] - setText(findTestObject("Object Repository/Web/Register/Reg_InputText_BirthDay"), birthday): Text '16-Maret-1991' is set on object 'Object Repository/Web/Register/Reg_InputText_BirthDay'

2023-04-03 08:05:25 - [MESSAGE][PASSED] - Text '16-Maret-1991' is set on object 'Object Repository/Web/Register/Reg_InputText_BirthDay'

2023-04-03 08:05:25 - [TEST_STEP][PASSED] - setText(findTestObject("Object Repository/Web/Register/Reg_InputText_Email"), "Test@Mail.com"): Text 'Test@Mail.com' is set on object 'Object Repository/Web/Register/Reg_InputText_Email'

2023-04-03 08:05:26 - [MESSAGE][PASSED] - Text 'Test@Mail.com' is set on object 'Object Repository/Web/Register/Reg_InputText_Email'

2023-04-03 08:05:26 - [TEST_STEP][PASSED] - setText(findTestObject("Object Repository/Web/Register/Reg_InputText_Whatsapp"), "081324387267"): Text '081324387267' is set on object 'Object Repository/Web/Register/Reg_InputText_Whatsapp'

2023-04-03 08:05:26 - [MESSAGE][PASSED] - Text '081324387267' is set on object 'Object Repository/Web/Register/Reg_InputText_Whatsapp'

2023-04-03 08:05:26 - [TEST_STEP][PASSED] - setText(findTestObject("Object Repository/Web/Register/Reg_InputText_KataSandi"), "testingtesting"): Text 'testingtesting' is set on object 'Object Repository/Web/Register/Reg_InputText_KataSandi'

2023-04-03 08:05:27 - [MESSAGE][PASSED] - Text 'testingtesting' is set on object 'Object Repository/Web/Register/Reg_InputText_KataSandi'

2023-04-03 08:05:27 - [TEST_STEP][PASSED] - setText(findTestObject("Object Repository/Web/Register/Reg_InputText_KonfirmasiKataSandi"), "testingtesting"): Text 'testingtesting' is set on object 'Object Repository/Web/Register/Reg_InputText_KonfirmasiKataSandi'

2023-04-03 08:05:28 - [MESSAGE][PASSED] - Text 'testingtesting' is set on object 'Object Repository/Web/Register/Reg_InputText_KonfirmasiKataSandi'

2023-04-03 08:05:28 - [TEST_STEP][PASSED] - check(findTestObject("Object Repository/Web/Register/Reg_Checkbox_SyaratDanKetentuan")): Object 'Object Repository/Web/Register/Reg_Checkbox_SyaratDanKetentuan' is checked

2023-04-03 08:05:28 - [MESSAGE][PASSED] - Object 'Object Repository/Web/Register/Reg_Checkbox_SyaratDanKetentuan' is checked

2023-04-03 08:05:28 - [TEST_STEP][PASSED] - click(findTestObject("Object Repository/Web/Register/Reg_Button_Daftar")): Object: 'Object Repository/Web/Register/Reg_Button_Daftar' is clicked on

2023-04-03 08:05:30 - [MESSAGE][PASSED] - Object: 'Object Repository/Web/Register/Reg_Button_Daftar' is clicked on

2023-04-03 08:05:30 - [TEST_STEP][PASSED] - delay(2): Delayed 2 second(s)

2023-04-03 08:05:32 - [MESSAGE][PASSED] - Delayed 2 second(s)

2023-04-03 08:05:32 - [TEST_STEP][PASSED] - if (getUrl() == "https://demo-app.online/daftar"): Current window's url is: 'https://demo-app.online/email/verify'

2023-04-03 08:05:32 - [MESSAGE][PASSED] - Current window's url is: 'https://demo-app.online/email/verify'

2023-04-03 08:05:32 - [TEST_STEP][PASSED] - delay(2): Delayed 2 second(s)

2023-04-03 08:05:34 - [MESSAGE][PASSED] - Delayed 2 second(s)

2023-04-03 08:05:34 - [TEST_STEP][PASSED] - assert getUrl() == "https://demo-app.online/email/verify": Current window's url is: 'https://demo-app.online/email/verify'

2023-04-03 08:05:34 - [MESSAGE][PASSED] - Current window's url is: 'https://demo-app.online/email/verify'

2023-04-03 08:05:34 - [TEST_STEP][PASSED] - birthday = testData.getValue("Tanggal Lahir", i): null

2023-04-03 08:05:34 - [TEST_STEP][PASSED] - navigateToUrl("https://demo-app.online/daftar"): Navigate to 'https://demo-app.online/daftar' successfully

2023-04-03 08:05:35 - [MESSAGE][PASSED] - Navigate to 'https://demo-app.online/daftar' successfully

2023-04-03 08:05:35 - [TEST_STEP][PASSED] - setText(findTestObject("Object Repository/Web/Register/Reg_InputText_Nama"), "Rizki Khaerul Fajri"): Text 'Rizki Khaerul Fajri' is set on object 'Object Repository/Web/Register/Reg_InputText_Nama'

2023-04-03 08:05:36 - [MESSAGE][PASSED] - Text 'Rizki Khaerul Fajri' is set on object 'Object Repository/Web/Register/Reg_InputText_Nama'

2023-04-03 08:05:36 - [TEST_STEP][PASSED] - setText(findTestObject("Object Repository/Web/Register/Reg_InputText_BirthDay"), birthday): Text '15-Feb-2001' is set on object 'Object Repository/Web/Register/Reg_InputText_BirthDay'

2023-04-03 08:05:37 - [MESSAGE][PASSED] - Text '15-Feb-2001' is set on object 'Object Repository/Web/Register/Reg_InputText_BirthDay'

2023-04-03 08:05:37 - [TEST_STEP][PASSED] - setText(findTestObject("Object Repository/Web/Register/Reg_InputText_Email"), "Test@Mail.com"): Text 'Test@Mail.com' is set on object 'Object Repository/Web/Register/Reg_InputText_Email'

2023-04-03 08:05:38 - [MESSAGE][PASSED] - Text 'Test@Mail.com' is set on object 'Object Repository/Web/Register/Reg_InputText_Email'

2023-04-03 08:05:38 - [TEST_STEP][PASSED] - setText(findTestObject("Object Repository/Web/Register/Reg_InputText_Whatsapp"), "081324387267"): Text '081324387267' is set on object 'Object Repository/Web/Register/Reg_InputText_Whatsapp'

2023-04-03 08:05:38 - [MESSAGE][PASSED] - Text '081324387267' is set on object 'Object Repository/Web/Register/Reg_InputText_Whatsapp'

2023-04-03 08:05:38 - [TEST_STEP][PASSED] - setText(findTestObject("Object Repository/Web/Register/Reg_InputText_KataSandi"), "testingtesting"): Text 'testingtesting' is set on object 'Object Repository/Web/Register/Reg_InputText_KataSandi'

2023-04-03 08:05:39 - [MESSAGE][PASSED] - Text 'testingtesting' is set on object 'Object Repository/Web/Register/Reg_InputText_KataSandi'

2023-04-03 08:05:39 - [TEST_STEP][PASSED] - setText(findTestObject("Object Repository/Web/Register/Reg_InputText_KonfirmasiKataSandi"), "testingtesting"): Text 'testingtesting' is set on object 'Object Repository/Web/Register/Reg_InputText_KonfirmasiKataSandi'

2023-04-03 08:05:40 - [MESSAGE][PASSED] - Text 'testingtesting' is set on object 'Object Repository/Web/Register/Reg_InputText_KonfirmasiKataSandi'

2023-04-03 08:05:40 - [TEST_STEP][PASSED] - check(findTestObject("Object Repository/Web/Register/Reg_Checkbox_SyaratDanKetentuan")): Object 'Object Repository/Web/Register/Reg_Checkbox_SyaratDanKetentuan' is checked

2023-04-03 08:05:40 - [MESSAGE][PASSED] - Object 'Object Repository/Web/Register/Reg_Checkbox_SyaratDanKetentuan' is checked

2023-04-03 08:05:40 - [TEST_STEP][PASSED] - click(findTestObject("Object Repository/Web/Register/Reg_Button_Daftar")): Object: 'Object Repository/Web/Register/Reg_Button_Daftar' is clicked on

2023-04-03 08:05:42 - [MESSAGE][PASSED] - Object: 'Object Repository/Web/Register/Reg_Button_Daftar' is clicked on

2023-04-03 08:05:42 - [TEST_STEP][PASSED] - delay(2): Delayed 2 second(s)

2023-04-03 08:05:44 - [MESSAGE][PASSED] - Delayed 2 second(s)

2023-04-03 08:05:44 - [TEST_STEP][PASSED] - if (getUrl() == "https://demo-app.online/daftar"): Current window's url is: 'https://demo-app.online/email/verify'

2023-04-03 08:05:44 - [MESSAGE][PASSED] - Current window's url is: 'https://demo-app.online/email/verify'

2023-04-03 08:05:44 - [TEST_STEP][PASSED] - delay(2): Delayed 2 second(s)

2023-04-03 08:05:46 - [MESSAGE][PASSED] - Delayed 2 second(s)

2023-04-03 08:05:46 - [TEST_STEP][PASSED] - assert getUrl() == "https://demo-app.online/email/verify": Current window's url is: 'https://demo-app.online/email/verify'

2023-04-03 08:05:46 - [MESSAGE][PASSED] - Current window's url is: 'https://demo-app.online/email/verify'

2023-04-03 08:05:46 - [TEST_STEP][PASSED] - birthday = testData.getValue("Tanggal Lahir", i): null

2023-04-03 08:05:46 - [TEST_STEP][PASSED] - navigateToUrl("https://demo-app.online/daftar"): Navigate to 'https://demo-app.online/daftar' successfully

2023-04-03 08:05:46 - [MESSAGE][PASSED] - Navigate to 'https://demo-app.online/daftar' successfully

2023-04-03 08:05:46 - [TEST_STEP][PASSED] - setText(findTestObject("Object Repository/Web/Register/Reg_InputText_Nama"), "Rizki Khaerul Fajri"): Text 'Rizki Khaerul Fajri' is set on object 'Object Repository/Web/Register/Reg_InputText_Nama'

2023-04-03 08:05:47 - [MESSAGE][PASSED] - Text 'Rizki Khaerul Fajri' is set on object 'Object Repository/Web/Register/Reg_InputText_Nama'

2023-04-03 08:05:47 - [TEST_STEP][PASSED] - setText(findTestObject("Object Repository/Web/Register/Reg_InputText_BirthDay"), birthday): Text '31-Dec-1990' is set on object 'Object Repository/Web/Register/Reg_InputText_BirthDay'

2023-04-03 08:05:48 - [MESSAGE][PASSED] - Text '31-Dec-1990' is set on object 'Object Repository/Web/Register/Reg_InputText_BirthDay'

2023-04-03 08:05:48 - [TEST_STEP][PASSED] - setText(findTestObject("Object Repository/Web/Register/Reg_InputText_Email"), "Test@Mail.com"): Text 'Test@Mail.com' is set on object 'Object Repository/Web/Register/Reg_InputText_Email'

2023-04-03 08:05:49 - [MESSAGE][PASSED] - Text 'Test@Mail.com' is set on object 'Object Repository/Web/Register/Reg_InputText_Email'

2023-04-03 08:05:49 - [TEST_STEP][PASSED] - setText(findTestObject("Object Repository/Web/Register/Reg_InputText_Whatsapp"), "081324387267"): Text '081324387267' is set on object 'Object Repository/Web/Register/Reg_InputText_Whatsapp'

2023-04-03 08:05:50 - [MESSAGE][PASSED] - Text '081324387267' is set on object 'Object Repository/Web/Register/Reg_InputText_Whatsapp'

2023-04-03 08:05:50 - [TEST_STEP][PASSED] - setText(findTestObject("Object Repository/Web/Register/Reg_InputText_KataSandi"), "testingtesting"): Text 'testingtesting' is set on object 'Object Repository/Web/Register/Reg_InputText_KataSandi'

2023-04-03 08:05:50 - [MESSAGE][PASSED] - Text 'testingtesting' is set on object 'Object Repository/Web/Register/Reg_InputText_KataSandi'

2023-04-03 08:05:50 - [TEST_STEP][PASSED] - setText(findTestObject("Object Repository/Web/Register/Reg_InputText_KonfirmasiKataSandi"), "testingtesting"): Text 'testingtesting' is set on object 'Object Repository/Web/Register/Reg_InputText_KonfirmasiKataSandi'

2023-04-03 08:05:51 - [MESSAGE][PASSED] - Text 'testingtesting' is set on object 'Object Repository/Web/Register/Reg_InputText_KonfirmasiKataSandi'

2023-04-03 08:05:51 - [TEST_STEP][PASSED] - check(findTestObject("Object Repository/Web/Register/Reg_Checkbox_SyaratDanKetentuan")): Object 'Object Repository/Web/Register/Reg_Checkbox_SyaratDanKetentuan' is checked

2023-04-03 08:05:52 - [MESSAGE][PASSED] - Object 'Object Repository/Web/Register/Reg_Checkbox_SyaratDanKetentuan' is checked

2023-04-03 08:05:52 - [TEST_STEP][PASSED] - click(findTestObject("Object Repository/Web/Register/Reg_Button_Daftar")): Object: 'Object Repository/Web/Register/Reg_Button_Daftar' is clicked on

2023-04-03 08:05:54 - [MESSAGE][PASSED] - Object: 'Object Repository/Web/Register/Reg_Button_Daftar' is clicked on

2023-04-03 08:05:54 - [TEST_STEP][PASSED] - delay(2): Delayed 2 second(s)

2023-04-03 08:05:56 - [MESSAGE][PASSED] - Delayed 2 second(s)

2023-04-03 08:05:56 - [TEST_STEP][PASSED] - if (getUrl() == "https://demo-app.online/daftar"): Current window's url is: 'https://demo-app.online/email/verify'

2023-04-03 08:05:56 - [MESSAGE][PASSED] - Current window's url is: 'https://demo-app.online/email/verify'

2023-04-03 08:05:56 - [TEST_STEP][PASSED] - delay(2): Delayed 2 second(s)

2023-04-03 08:05:58 - [MESSAGE][PASSED] - Delayed 2 second(s)

2023-04-03 08:05:58 - [TEST_STEP][PASSED] - assert getUrl() == "https://demo-app.online/email/verify": Current window's url is: 'https://demo-app.online/email/verify'

2023-04-03 08:05:58 - [MESSAGE][PASSED] - Current window's url is: 'https://demo-app.online/email/verify'

2023-04-03 08:05:58 - [TEST_STEP][PASSED] - birthday = testData.getValue("Tanggal Lahir", i): null

2023-04-03 08:05:58 - [TEST_STEP][PASSED] - navigateToUrl("https://demo-app.online/daftar"): Navigate to 'https://demo-app.online/daftar' successfully

2023-04-03 08:05:58 - [MESSAGE][PASSED] - Navigate to 'https://demo-app.online/daftar' successfully

2023-04-03 08:05:58 - [TEST_STEP][PASSED] - setText(findTestObject("Object Repository/Web/Register/Reg_InputText_Nama"), "Rizki Khaerul Fajri"): Text 'Rizki Khaerul Fajri' is set on object 'Object Repository/Web/Register/Reg_InputText_Nama'

2023-04-03 08:06:00 - [MESSAGE][PASSED] - Text 'Rizki Khaerul Fajri' is set on object 'Object Repository/Web/Register/Reg_InputText_Nama'

2023-04-03 08:06:00 - [TEST_STEP][PASSED] - setText(findTestObject("Object Repository/Web/Register/Reg_InputText_BirthDay"), birthday): Text '05-Apr-1991' is set on object 'Object Repository/Web/Register/Reg_InputText_BirthDay'

2023-04-03 08:06:00 - [MESSAGE][PASSED] - Text '05-Apr-1991' is set on object 'Object Repository/Web/Register/Reg_InputText_BirthDay'

2023-04-03 08:06:00 - [TEST_STEP][PASSED] - setText(findTestObject("Object Repository/Web/Register/Reg_InputText_Email"), "Test@Mail.com"): Text 'Test@Mail.com' is set on object 'Object Repository/Web/Register/Reg_InputText_Email'

2023-04-03 08:06:01 - [MESSAGE][PASSED] - Text 'Test@Mail.com' is set on object 'Object Repository/Web/Register/Reg_InputText_Email'

2023-04-03 08:06:01 - [TEST_STEP][PASSED] - setText(findTestObject("Object Repository/Web/Register/Reg_InputText_Whatsapp"), "081324387267"): Text '081324387267' is set on object 'Object Repository/Web/Register/Reg_InputText_Whatsapp'

2023-04-03 08:06:02 - [MESSAGE][PASSED] - Text '081324387267' is set on object 'Object Repository/Web/Register/Reg_InputText_Whatsapp'

2023-04-03 08:06:02 - [TEST_STEP][PASSED] - setText(findTestObject("Object Repository/Web/Register/Reg_InputText_KataSandi"), "testingtesting"): Text 'testingtesting' is set on object 'Object Repository/Web/Register/Reg_InputText_KataSandi'

2023-04-03 08:06:03 - [MESSAGE][PASSED] - Text 'testingtesting' is set on object 'Object Repository/Web/Register/Reg_InputText_KataSandi'

2023-04-03 08:06:03 - [TEST_STEP][PASSED] - setText(findTestObject("Object Repository/Web/Register/Reg_InputText_KonfirmasiKataSandi"), "testingtesting"): Text 'testingtesting' is set on object 'Object Repository/Web/Register/Reg_InputText_KonfirmasiKataSandi'

2023-04-03 08:06:03 - [MESSAGE][PASSED] - Text 'testingtesting' is set on object 'Object Repository/Web/Register/Reg_InputText_KonfirmasiKataSandi'

2023-04-03 08:06:03 - [TEST_STEP][PASSED] - check(findTestObject("Object Repository/Web/Register/Reg_Checkbox_SyaratDanKetentuan")): Object 'Object Repository/Web/Register/Reg_Checkbox_SyaratDanKetentuan' is checked

2023-04-03 08:06:04 - [MESSAGE][PASSED] - Object 'Object Repository/Web/Register/Reg_Checkbox_SyaratDanKetentuan' is checked

2023-04-03 08:06:04 - [TEST_STEP][PASSED] - click(findTestObject("Object Repository/Web/Register/Reg_Button_Daftar")): Object: 'Object Repository/Web/Register/Reg_Button_Daftar' is clicked on

2023-04-03 08:06:06 - [MESSAGE][PASSED] - Object: 'Object Repository/Web/Register/Reg_Button_Daftar' is clicked on

2023-04-03 08:06:06 - [TEST_STEP][PASSED] - delay(2): Delayed 2 second(s)

2023-04-03 08:06:08 - [MESSAGE][PASSED] - Delayed 2 second(s)

2023-04-03 08:06:08 - [TEST_STEP][PASSED] - if (getUrl() == "https://demo-app.online/daftar"): Current window's url is: 'https://demo-app.online/email/verify'

2023-04-03 08:06:08 - [MESSAGE][PASSED] - Current window's url is: 'https://demo-app.online/email/verify'

2023-04-03 08:06:08 - [TEST_STEP][PASSED] - delay(2): Delayed 2 second(s)

2023-04-03 08:06:10 - [MESSAGE][PASSED] - Delayed 2 second(s)

2023-04-03 08:06:10 - [TEST_STEP][PASSED] - assert getUrl() == "https://demo-app.online/email/verify": Current window's url is: 'https://demo-app.online/email/verify'

2023-04-03 08:06:11 - [MESSAGE][PASSED] - Current window's url is: 'https://demo-app.online/email/verify'

2023-04-03 08:06:11 - [TEST_STEP][PASSED] - birthday = testData.getValue("Tanggal Lahir", i): null

2023-04-03 08:06:11 - [TEST_STEP][PASSED] - navigateToUrl("https://demo-app.online/daftar"): Navigate to 'https://demo-app.online/daftar' successfully

2023-04-03 08:06:11 - [MESSAGE][PASSED] - Navigate to 'https://demo-app.online/daftar' successfully

2023-04-03 08:06:11 - [TEST_STEP][PASSED] - setText(findTestObject("Object Repository/Web/Register/Reg_InputText_Nama"), "Rizki Khaerul Fajri"): Text 'Rizki Khaerul Fajri' is set on object 'Object Repository/Web/Register/Reg_InputText_Nama'

2023-04-03 08:06:12 - [MESSAGE][PASSED] - Text 'Rizki Khaerul Fajri' is set on object 'Object Repository/Web/Register/Reg_InputText_Nama'

2023-04-03 08:06:12 - [TEST_STEP][PASSED] - setText(findTestObject("Object Repository/Web/Register/Reg_InputText_BirthDay"), birthday): Text '31-Dec-2016' is set on object 'Object Repository/Web/Register/Reg_InputText_BirthDay'

2023-04-03 08:06:13 - [MESSAGE][PASSED] - Text '31-Dec-2016' is set on object 'Object Repository/Web/Register/Reg_InputText_BirthDay'

2023-04-03 08:06:13 - [TEST_STEP][PASSED] - setText(findTestObject("Object Repository/Web/Register/Reg_InputText_Email"), "Test@Mail.com"): Text 'Test@Mail.com' is set on object 'Object Repository/Web/Register/Reg_InputText_Email'

2023-04-03 08:06:14 - [MESSAGE][PASSED] - Text 'Test@Mail.com' is set on object 'Object Repository/Web/Register/Reg_InputText_Email'

2023-04-03 08:06:14 - [TEST_STEP][PASSED] - setText(findTestObject("Object Repository/Web/Register/Reg_InputText_Whatsapp"), "081324387267"): Text '081324387267' is set on object 'Object Repository/Web/Register/Reg_InputText_Whatsapp'

2023-04-03 08:06:14 - [MESSAGE][PASSED] - Text '081324387267' is set on object 'Object Repository/Web/Register/Reg_InputText_Whatsapp'

2023-04-03 08:06:14 - [TEST_STEP][PASSED] - setText(findTestObject("Object Repository/Web/Register/Reg_InputText_KataSandi"), "testingtesting"): Text 'testingtesting' is set on object 'Object Repository/Web/Register/Reg_InputText_KataSandi'

2023-04-03 08:06:15 - [MESSAGE][PASSED] - Text 'testingtesting' is set on object 'Object Repository/Web/Register/Reg_InputText_KataSandi'

2023-04-03 08:06:15 - [TEST_STEP][PASSED] - setText(findTestObject("Object Repository/Web/Register/Reg_InputText_KonfirmasiKataSandi"), "testingtesting"): Text 'testingtesting' is set on object 'Object Repository/Web/Register/Reg_InputText_KonfirmasiKataSandi'

2023-04-03 08:06:16 - [MESSAGE][PASSED] - Text 'testingtesting' is set on object 'Object Repository/Web/Register/Reg_InputText_KonfirmasiKataSandi'

2023-04-03 08:06:16 - [TEST_STEP][PASSED] - check(findTestObject("Object Repository/Web/Register/Reg_Checkbox_SyaratDanKetentuan")): Object 'Object Repository/Web/Register/Reg_Checkbox_SyaratDanKetentuan' is checked

2023-04-03 08:06:16 - [MESSAGE][PASSED] - Object 'Object Repository/Web/Register/Reg_Checkbox_SyaratDanKetentuan' is checked

2023-04-03 08:06:16 - [TEST_STEP][PASSED] - click(findTestObject("Object Repository/Web/Register/Reg_Button_Daftar")): Object: 'Object Repository/Web/Register/Reg_Button_Daftar' is clicked on

2023-04-03 08:06:17 - [MESSAGE][PASSED] - Object: 'Object Repository/Web/Register/Reg_Button_Daftar' is clicked on

2023-04-03 08:06:17 - [TEST_STEP][PASSED] - delay(2): Delayed 2 second(s)

2023-04-03 08:06:19 - [MESSAGE][PASSED] - Delayed 2 second(s)

2023-04-03 08:06:19 - [TEST_STEP][PASSED] - if (getUrl() == "https://demo-app.online/daftar"): null

2023-04-03 08:06:19 - [MESSAGE][PASSED] - Current window's url is: 'https://demo-app.online/daftar'

2023-04-03 08:06:19 - [TEST_STEP][PASSED] - isValid = executeJavaScript("document.querySelector(".form-control.datepicker").reportValidity();", null): Execute JavaScript 'document.querySelector(".form-control.datepicker").reportValidity();' successfully

2023-04-03 08:06:19 - [MESSAGE][PASSED] - Execute JavaScript 'document.querySelector(".form-control.datepicker").reportValidity();' successfully

2023-04-03 08:06:19 - [TEST_STEP][PASSED] - assert !(isValid) : "Validation error should be displayed": null

2023-04-03 08:06:19 - [TEST_STEP][PASSED] - delay(2): Delayed 2 second(s)

2023-04-03 08:06:21 - [MESSAGE][PASSED] - Delayed 2 second(s)

2023-04-03 08:06:21 - [TEST_STEP][FAILED] - assert getUrl() == "https://demo-app.online/email/verify": Test Cases/Web/REG/REG-16 FAILED.
Reason:
Assertion failed: 

assert WebUI.getUrl() == 'https://demo-app.online/email/verify'
             |        |
             |        false
             https://demo-app.online/daftar

	at REG-16.run(REG-16:58)
	at com.kms.katalon.core.main.ScriptEngine.run(ScriptEngine.java:194)
	at com.kms.katalon.core.main.ScriptEngine.runScriptAsRawText(ScriptEngine.java:119)
	at com.kms.katalon.core.main.TestCaseExecutor.runScript(TestCaseExecutor.java:448)
	at com.kms.katalon.core.main.TestCaseExecutor.doExecute(TestCaseExecutor.java:439)
	at com.kms.katalon.core.main.TestCaseExecutor.processExecutionPhase(TestCaseExecutor.java:418)
	at com.kms.katalon.core.main.TestCaseExecutor.accessMainPhase(TestCaseExecutor.java:410)
	at com.kms.katalon.core.main.TestCaseExecutor.execute(TestCaseExecutor.java:285)
	at com.kms.katalon.core.common.CommonExecutor.accessTestCaseMainPhase(CommonExecutor.java:65)
	at com.kms.katalon.core.main.TestSuiteExecutor.accessTestSuiteMainPhase(TestSuiteExecutor.java:151)
	at com.kms.katalon.core.main.TestSuiteExecutor.execute(TestSuiteExecutor.java:106)
	at com.kms.katalon.core.main.TestCaseMain.startTestSuite(TestCaseMain.java:185)
	at com.kms.katalon.core.main.TestCaseMain$startTestSuite$0.call(Unknown Source)
	at TempTestSuite1680483767821.run(TempTestSuite1680483767821.groovy:36)


2023-04-03 08:06:21 - [MESSAGE][PASSED] - Current window's url is: 'https://demo-app.online/daftar'

2023-04-03 08:06:21 - [MESSAGE][FAILED] - Test Cases/Web/REG/REG-16 FAILED.
Reason:
Assertion failed: 

assert WebUI.getUrl() == 'https://demo-app.online/email/verify'
             |        |
             |        false
             https://demo-app.online/daftar

	at REG-16.run(REG-16:58)
	at com.kms.katalon.core.main.ScriptEngine.run(ScriptEngine.java:194)
	at com.kms.katalon.core.main.ScriptEngine.runScriptAsRawText(ScriptEngine.java:119)
	at com.kms.katalon.core.main.TestCaseExecutor.runScript(TestCaseExecutor.java:448)
	at com.kms.katalon.core.main.TestCaseExecutor.doExecute(TestCaseExecutor.java:439)
	at com.kms.katalon.core.main.TestCaseExecutor.processExecutionPhase(TestCaseExecutor.java:418)
	at com.kms.katalon.core.main.TestCaseExecutor.accessMainPhase(TestCaseExecutor.java:410)
	at com.kms.katalon.core.main.TestCaseExecutor.execute(TestCaseExecutor.java:285)
	at com.kms.katalon.core.common.CommonExecutor.accessTestCaseMainPhase(CommonExecutor.java:65)
	at com.kms.katalon.core.main.TestSuiteExecutor.accessTestSuiteMainPhase(TestSuiteExecutor.java:151)
	at com.kms.katalon.core.main.TestSuiteExecutor.execute(TestSuiteExecutor.java:106)
	at com.kms.katalon.core.main.TestCaseMain.startTestSuite(TestCaseMain.java:185)
	at com.kms.katalon.core.main.TestCaseMain$startTestSuite$0.call(Unknown Source)
	at TempTestSuite1680483767821.run(TempTestSuite1680483767821.groovy:36)]]></system-out>
         <system-err><![CDATA[2023-04-03 08:05:19 - [TEST_CASE][FAILED] - Test Cases/Web/REG/REG-16: Test Cases/Web/REG/REG-16 FAILED.
Reason:
Assertion failed: 

assert WebUI.getUrl() == 'https://demo-app.online/email/verify'
             |        |
             |        false
             https://demo-app.online/daftar

	at REG-16.run(REG-16:58)
	at com.kms.katalon.core.main.ScriptEngine.run(ScriptEngine.java:194)
	at com.kms.katalon.core.main.ScriptEngine.runScriptAsRawText(ScriptEngine.java:119)
	at com.kms.katalon.core.main.TestCaseExecutor.runScript(TestCaseExecutor.java:448)
	at com.kms.katalon.core.main.TestCaseExecutor.doExecute(TestCaseExecutor.java:439)
	at com.kms.katalon.core.main.TestCaseExecutor.processExecutionPhase(TestCaseExecutor.java:418)
	at com.kms.katalon.core.main.TestCaseExecutor.accessMainPhase(TestCaseExecutor.java:410)
	at com.kms.katalon.core.main.TestCaseExecutor.execute(TestCaseExecutor.java:285)
	at com.kms.katalon.core.common.CommonExecutor.accessTestCaseMainPhase(CommonExecutor.java:65)
	at com.kms.katalon.core.main.TestSuiteExecutor.accessTestSuiteMainPhase(TestSuiteExecutor.java:151)
	at com.kms.katalon.core.main.TestSuiteExecutor.execute(TestSuiteExecutor.java:106)
	at com.kms.katalon.core.main.TestCaseMain.startTestSuite(TestCaseMain.java:185)
	at com.kms.katalon.core.main.TestCaseMain$startTestSuite$0.call(Unknown Source)
	at TempTestSuite1680483767821.run(TempTestSuite1680483767821.groovy:36)]]></system-err>
      </testcase>
      <testcase name="Test Cases/Web/REG/REG-17" time="12.853" classname="Test Cases/Web/REG/REG-17" status="PASSED">
         <system-out><![CDATA[2023-04-03 08:06:21 - [TEST_CASE][PASSED] - Test Cases/Web/REG/REG-17: Test Cases/Web/REG/REG-17

2023-04-03 08:06:21 - [TEST_STEP][PASSED] - openBrowser(""): Browser is opened with url: ''

2023-04-03 08:06:21 - [MESSAGE][WARNING] - A browser is already opened. Closing browser and opening a new one

2023-04-03 08:06:22 - [MESSAGE][INFO] - Starting 'Chrome' driver

2023-04-03 08:06:22 - [MESSAGE][INFO] - Action delay is set to 0 milliseconds

2023-04-03 08:06:23 - [MESSAGE][PASSED] - Browser is opened with url: ''

2023-04-03 08:06:23 - [TEST_STEP][PASSED] - navigateToUrl("https://demo-app.online/daftar"): Navigate to 'https://demo-app.online/daftar' successfully

2023-04-03 08:06:25 - [MESSAGE][PASSED] - Navigate to 'https://demo-app.online/daftar' successfully

2023-04-03 08:06:25 - [TEST_STEP][PASSED] - setText(findTestObject("Object Repository/Web/Register/Reg_InputText_Nama"), "Rizki Khaerul Fajri"): Text 'Rizki Khaerul Fajri' is set on object 'Object Repository/Web/Register/Reg_InputText_Nama'

2023-04-03 08:06:26 - [MESSAGE][PASSED] - Text 'Rizki Khaerul Fajri' is set on object 'Object Repository/Web/Register/Reg_InputText_Nama'

2023-04-03 08:06:26 - [TEST_STEP][PASSED] - setText(findTestObject("Object Repository/Web/Register/Reg_InputText_Email"), "Test@Mail.com"): Text 'Test@Mail.com' is set on object 'Object Repository/Web/Register/Reg_InputText_Email'

2023-04-03 08:06:27 - [MESSAGE][PASSED] - Text 'Test@Mail.com' is set on object 'Object Repository/Web/Register/Reg_InputText_Email'

2023-04-03 08:06:27 - [TEST_STEP][PASSED] - setText(findTestObject("Object Repository/Web/Register/Reg_InputText_Whatsapp"), "081324387267"): Text '081324387267' is set on object 'Object Repository/Web/Register/Reg_InputText_Whatsapp'

2023-04-03 08:06:27 - [MESSAGE][PASSED] - Text '081324387267' is set on object 'Object Repository/Web/Register/Reg_InputText_Whatsapp'

2023-04-03 08:06:27 - [TEST_STEP][PASSED] - setText(findTestObject("Object Repository/Web/Register/Reg_InputText_KataSandi"), "testingtesting"): Text 'testingtesting' is set on object 'Object Repository/Web/Register/Reg_InputText_KataSandi'

2023-04-03 08:06:28 - [MESSAGE][PASSED] - Text 'testingtesting' is set on object 'Object Repository/Web/Register/Reg_InputText_KataSandi'

2023-04-03 08:06:28 - [TEST_STEP][PASSED] - setText(findTestObject("Object Repository/Web/Register/Reg_InputText_KonfirmasiKataSandi"), "testingtesting"): Text 'testingtesting' is set on object 'Object Repository/Web/Register/Reg_InputText_KonfirmasiKataSandi'

2023-04-03 08:06:29 - [MESSAGE][PASSED] - Text 'testingtesting' is set on object 'Object Repository/Web/Register/Reg_InputText_KonfirmasiKataSandi'

2023-04-03 08:06:29 - [TEST_STEP][PASSED] - check(findTestObject("Object Repository/Web/Register/Reg_Checkbox_SyaratDanKetentuan")): Object 'Object Repository/Web/Register/Reg_Checkbox_SyaratDanKetentuan' is checked

2023-04-03 08:06:29 - [MESSAGE][PASSED] - Object 'Object Repository/Web/Register/Reg_Checkbox_SyaratDanKetentuan' is checked

2023-04-03 08:06:29 - [TEST_STEP][PASSED] - click(findTestObject("Object Repository/Web/Register/Reg_Button_Daftar")): Object: 'Object Repository/Web/Register/Reg_Button_Daftar' is clicked on

2023-04-03 08:06:30 - [MESSAGE][PASSED] - Object: 'Object Repository/Web/Register/Reg_Button_Daftar' is clicked on

2023-04-03 08:06:30 - [TEST_STEP][PASSED] - delay(2): Delayed 2 second(s)

2023-04-03 08:06:32 - [MESSAGE][PASSED] - Delayed 2 second(s)

2023-04-03 08:06:32 - [TEST_STEP][PASSED] - if (getUrl() == "https://demo-app.online/daftar"): null

2023-04-03 08:06:32 - [MESSAGE][PASSED] - Current window's url is: 'https://demo-app.online/daftar'

2023-04-03 08:06:32 - [TEST_STEP][PASSED] - isValid = executeJavaScript("document.querySelector(".form-control.datepicker").reportValidity();", null): Execute JavaScript 'document.querySelector(".form-control.datepicker").reportValidity();' successfully

2023-04-03 08:06:32 - [MESSAGE][PASSED] - Execute JavaScript 'document.querySelector(".form-control.datepicker").reportValidity();' successfully

2023-04-03 08:06:32 - [TEST_STEP][PASSED] - assert !(isValid) : "Validation error should be displayed": null

2023-04-03 08:06:32 - [TEST_STEP][PASSED] - delay(2): Delayed 2 second(s)

2023-04-03 08:06:34 - [MESSAGE][PASSED] - Delayed 2 second(s)

2023-04-03 08:06:34 - [TEST_STEP][PASSED] - assert !(getUrl() == "https://demo-app.online/email/verify"): Current window's url is: 'https://demo-app.online/daftar'

2023-04-03 08:06:34 - [MESSAGE][PASSED] - Current window's url is: 'https://demo-app.online/daftar']]></system-out>
         <system-err><![CDATA[]]></system-err>
      </testcase>
      <testcase name="Test Cases/Web/REG/REG-18" time="13.932" classname="Test Cases/Web/REG/REG-18" status="PASSED">
         <system-out><![CDATA[2023-04-03 08:06:34 - [TEST_CASE][PASSED] - Test Cases/Web/REG/REG-18: Test Cases/Web/REG/REG-18

2023-04-03 08:06:34 - [TEST_STEP][PASSED] - openBrowser(""): Browser is opened with url: ''

2023-04-03 08:06:34 - [MESSAGE][WARNING] - A browser is already opened. Closing browser and opening a new one

2023-04-03 08:06:35 - [MESSAGE][INFO] - Starting 'Chrome' driver

2023-04-03 08:06:35 - [MESSAGE][INFO] - Action delay is set to 0 milliseconds

2023-04-03 08:06:36 - [MESSAGE][PASSED] - Browser is opened with url: ''

2023-04-03 08:06:36 - [TEST_STEP][PASSED] - navigateToUrl("https://demo-app.online/daftar"): Navigate to 'https://demo-app.online/daftar' successfully

2023-04-03 08:06:38 - [MESSAGE][PASSED] - Navigate to 'https://demo-app.online/daftar' successfully

2023-04-03 08:06:38 - [TEST_STEP][PASSED] - setText(findTestObject("Object Repository/Web/Register/Reg_InputText_Nama"), "Rizki Khaerul Fajri"): Text 'Rizki Khaerul Fajri' is set on object 'Object Repository/Web/Register/Reg_InputText_Nama'

2023-04-03 08:06:39 - [MESSAGE][PASSED] - Text 'Rizki Khaerul Fajri' is set on object 'Object Repository/Web/Register/Reg_InputText_Nama'

2023-04-03 08:06:39 - [TEST_STEP][PASSED] - setText(findTestObject("Object Repository/Web/Register/Reg_InputText_BirthDay"), " "): Text ' ' is set on object 'Object Repository/Web/Register/Reg_InputText_BirthDay'

2023-04-03 08:06:39 - [MESSAGE][PASSED] - Text ' ' is set on object 'Object Repository/Web/Register/Reg_InputText_BirthDay'

2023-04-03 08:06:39 - [TEST_STEP][PASSED] - setText(findTestObject("Object Repository/Web/Register/Reg_InputText_Email"), "Test@Mail.com"): Text 'Test@Mail.com' is set on object 'Object Repository/Web/Register/Reg_InputText_Email'

2023-04-03 08:06:40 - [MESSAGE][PASSED] - Text 'Test@Mail.com' is set on object 'Object Repository/Web/Register/Reg_InputText_Email'

2023-04-03 08:06:40 - [TEST_STEP][PASSED] - setText(findTestObject("Object Repository/Web/Register/Reg_InputText_Whatsapp"), "081324387267"): Text '081324387267' is set on object 'Object Repository/Web/Register/Reg_InputText_Whatsapp'

2023-04-03 08:06:41 - [MESSAGE][PASSED] - Text '081324387267' is set on object 'Object Repository/Web/Register/Reg_InputText_Whatsapp'

2023-04-03 08:06:41 - [TEST_STEP][PASSED] - setText(findTestObject("Object Repository/Web/Register/Reg_InputText_KataSandi"), "testingtesting"): Text 'testingtesting' is set on object 'Object Repository/Web/Register/Reg_InputText_KataSandi'

2023-04-03 08:06:42 - [MESSAGE][PASSED] - Text 'testingtesting' is set on object 'Object Repository/Web/Register/Reg_InputText_KataSandi'

2023-04-03 08:06:42 - [TEST_STEP][PASSED] - setText(findTestObject("Object Repository/Web/Register/Reg_InputText_KonfirmasiKataSandi"), "testingtesting"): Text 'testingtesting' is set on object 'Object Repository/Web/Register/Reg_InputText_KonfirmasiKataSandi'

2023-04-03 08:06:42 - [MESSAGE][PASSED] - Text 'testingtesting' is set on object 'Object Repository/Web/Register/Reg_InputText_KonfirmasiKataSandi'

2023-04-03 08:06:42 - [TEST_STEP][PASSED] - check(findTestObject("Object Repository/Web/Register/Reg_Checkbox_SyaratDanKetentuan")): Object 'Object Repository/Web/Register/Reg_Checkbox_SyaratDanKetentuan' is checked

2023-04-03 08:06:43 - [MESSAGE][PASSED] - Object 'Object Repository/Web/Register/Reg_Checkbox_SyaratDanKetentuan' is checked

2023-04-03 08:06:43 - [TEST_STEP][PASSED] - click(findTestObject("Object Repository/Web/Register/Reg_Button_Daftar")): Object: 'Object Repository/Web/Register/Reg_Button_Daftar' is clicked on

2023-04-03 08:06:44 - [MESSAGE][PASSED] - Object: 'Object Repository/Web/Register/Reg_Button_Daftar' is clicked on

2023-04-03 08:06:44 - [TEST_STEP][PASSED] - delay(2): Delayed 2 second(s)

2023-04-03 08:06:46 - [MESSAGE][PASSED] - Delayed 2 second(s)

2023-04-03 08:06:46 - [TEST_STEP][PASSED] - if (getUrl() == "https://demo-app.online/daftar"): null

2023-04-03 08:06:46 - [MESSAGE][PASSED] - Current window's url is: 'https://demo-app.online/daftar'

2023-04-03 08:06:46 - [TEST_STEP][PASSED] - isValid = executeJavaScript("document.querySelector(".form-control.datepicker").reportValidity();", null): Execute JavaScript 'document.querySelector(".form-control.datepicker").reportValidity();' successfully

2023-04-03 08:06:46 - [MESSAGE][PASSED] - Execute JavaScript 'document.querySelector(".form-control.datepicker").reportValidity();' successfully

2023-04-03 08:06:46 - [TEST_STEP][PASSED] - assert !(isValid) : "Validation error should be displayed": null

2023-04-03 08:06:46 - [TEST_STEP][PASSED] - delay(2): Delayed 2 second(s)

2023-04-03 08:06:48 - [MESSAGE][PASSED] - Delayed 2 second(s)

2023-04-03 08:06:48 - [TEST_STEP][PASSED] - assert !(getUrl() == "https://demo-app.online/email/verify"): Current window's url is: 'https://demo-app.online/daftar'

2023-04-03 08:06:48 - [MESSAGE][PASSED] - Current window's url is: 'https://demo-app.online/daftar']]></system-out>
         <system-err><![CDATA[]]></system-err>
      </testcase>
      <testcase name="Test Cases/Web/REG/REG-19" time="15.237" classname="Test Cases/Web/REG/REG-19" status="PASSED">
         <system-out><![CDATA[2023-04-03 08:06:48 - [TEST_CASE][PASSED] - Test Cases/Web/REG/REG-19: Test Cases/Web/REG/REG-19

2023-04-03 08:06:48 - [TEST_STEP][PASSED] - openBrowser(""): Browser is opened with url: ''

2023-04-03 08:06:48 - [MESSAGE][WARNING] - A browser is already opened. Closing browser and opening a new one

2023-04-03 08:06:49 - [MESSAGE][INFO] - Starting 'Chrome' driver

2023-04-03 08:06:49 - [MESSAGE][INFO] - Action delay is set to 0 milliseconds

2023-04-03 08:06:50 - [MESSAGE][PASSED] - Browser is opened with url: ''

2023-04-03 08:06:50 - [TEST_STEP][PASSED] - navigateToUrl("https://demo-app.online/daftar"): Navigate to 'https://demo-app.online/daftar' successfully

2023-04-03 08:06:52 - [MESSAGE][PASSED] - Navigate to 'https://demo-app.online/daftar' successfully

2023-04-03 08:06:52 - [TEST_STEP][PASSED] - setText(findTestObject("Object Repository/Web/Register/Reg_InputText_Nama"), "Rizki Khaerul Fajri"): Text 'Rizki Khaerul Fajri' is set on object 'Object Repository/Web/Register/Reg_InputText_Nama'

2023-04-03 08:06:53 - [MESSAGE][PASSED] - Text 'Rizki Khaerul Fajri' is set on object 'Object Repository/Web/Register/Reg_InputText_Nama'

2023-04-03 08:06:53 - [TEST_STEP][PASSED] - setText(findTestObject("Object Repository/Web/Register/Reg_InputText_BirthDay"), "18-feb-1997"): Text '18-feb-1997' is set on object 'Object Repository/Web/Register/Reg_InputText_BirthDay'

2023-04-03 08:06:54 - [MESSAGE][PASSED] - Text '18-feb-1997' is set on object 'Object Repository/Web/Register/Reg_InputText_BirthDay'

2023-04-03 08:06:54 - [TEST_STEP][PASSED] - setText(findTestObject("Object Repository/Web/Register/Reg_InputText_Email"), "Test@Mail.com"): Text 'Test@Mail.com' is set on object 'Object Repository/Web/Register/Reg_InputText_Email'

2023-04-03 08:06:54 - [MESSAGE][PASSED] - Text 'Test@Mail.com' is set on object 'Object Repository/Web/Register/Reg_InputText_Email'

2023-04-03 08:06:54 - [TEST_STEP][PASSED] - setText(findTestObject("Object Repository/Web/Register/Reg_InputText_Whatsapp"), "081324387267"): Text '081324387267' is set on object 'Object Repository/Web/Register/Reg_InputText_Whatsapp'

2023-04-03 08:06:55 - [MESSAGE][PASSED] - Text '081324387267' is set on object 'Object Repository/Web/Register/Reg_InputText_Whatsapp'

2023-04-03 08:06:55 - [TEST_STEP][PASSED] - setText(findTestObject("Object Repository/Web/Register/Reg_InputText_KataSandi"), "testingtesting"): Text 'testingtesting' is set on object 'Object Repository/Web/Register/Reg_InputText_KataSandi'

2023-04-03 08:06:56 - [MESSAGE][PASSED] - Text 'testingtesting' is set on object 'Object Repository/Web/Register/Reg_InputText_KataSandi'

2023-04-03 08:06:56 - [TEST_STEP][PASSED] - setText(findTestObject("Object Repository/Web/Register/Reg_InputText_KonfirmasiKataSandi"), "testingtesting"): Text 'testingtesting' is set on object 'Object Repository/Web/Register/Reg_InputText_KonfirmasiKataSandi'

2023-04-03 08:06:56 - [MESSAGE][PASSED] - Text 'testingtesting' is set on object 'Object Repository/Web/Register/Reg_InputText_KonfirmasiKataSandi'

2023-04-03 08:06:56 - [TEST_STEP][PASSED] - check(findTestObject("Object Repository/Web/Register/Reg_Checkbox_SyaratDanKetentuan")): Object 'Object Repository/Web/Register/Reg_Checkbox_SyaratDanKetentuan' is checked

2023-04-03 08:06:57 - [MESSAGE][PASSED] - Object 'Object Repository/Web/Register/Reg_Checkbox_SyaratDanKetentuan' is checked

2023-04-03 08:06:57 - [TEST_STEP][PASSED] - expectedInputBirthday = "18-Feb-1997": null

2023-04-03 08:06:57 - [TEST_STEP][PASSED] - actualInputBirthday = getAttribute(findTestObject("Object Repository/Web/Register/Reg_InputText_BirthDay"), "value"): Attribute 'value' of object 'Object Repository/Web/Register/Reg_InputText_BirthDay' is: '18-Feb-1997'

2023-04-03 08:06:57 - [MESSAGE][PASSED] - Attribute 'value' of object 'Object Repository/Web/Register/Reg_InputText_BirthDay' is: '18-Feb-1997'

2023-04-03 08:06:57 - [TEST_STEP][PASSED] - assert actualInputBirthday == expectedInputBirthday : "Converted birthday value not as expected": null

2023-04-03 08:06:57 - [TEST_STEP][PASSED] - click(findTestObject("Object Repository/Web/Register/Reg_Button_Daftar")): Object: 'Object Repository/Web/Register/Reg_Button_Daftar' is clicked on

2023-04-03 08:06:59 - [MESSAGE][PASSED] - Object: 'Object Repository/Web/Register/Reg_Button_Daftar' is clicked on

2023-04-03 08:06:59 - [TEST_STEP][PASSED] - delay(2): Delayed 2 second(s)

2023-04-03 08:07:01 - [MESSAGE][PASSED] - Delayed 2 second(s)

2023-04-03 08:07:01 - [TEST_STEP][PASSED] - if (getUrl() == "https://demo-app.online/daftar"): Current window's url is: 'https://demo-app.online/email/verify'

2023-04-03 08:07:01 - [MESSAGE][PASSED] - Current window's url is: 'https://demo-app.online/email/verify'

2023-04-03 08:07:01 - [TEST_STEP][PASSED] - delay(2): Delayed 2 second(s)

2023-04-03 08:07:03 - [MESSAGE][PASSED] - Delayed 2 second(s)

2023-04-03 08:07:03 - [TEST_STEP][PASSED] - assert getUrl() == "https://demo-app.online/email/verify": Current window's url is: 'https://demo-app.online/email/verify'

2023-04-03 08:07:03 - [MESSAGE][PASSED] - Current window's url is: 'https://demo-app.online/email/verify']]></system-out>
         <system-err><![CDATA[]]></system-err>
      </testcase>
      <testcase name="Test Cases/Web/REG/REG-20" time="15.64" classname="Test Cases/Web/REG/REG-20" status="PASSED">
         <system-out><![CDATA[2023-04-03 08:07:03 - [TEST_CASE][PASSED] - Test Cases/Web/REG/REG-20: Test Cases/Web/REG/REG-20

2023-04-03 08:07:04 - [TEST_STEP][PASSED] - openBrowser(""): Browser is opened with url: ''

2023-04-03 08:07:04 - [MESSAGE][WARNING] - A browser is already opened. Closing browser and opening a new one

2023-04-03 08:07:04 - [MESSAGE][INFO] - Starting 'Chrome' driver

2023-04-03 08:07:04 - [MESSAGE][INFO] - Action delay is set to 0 milliseconds

2023-04-03 08:07:05 - [MESSAGE][PASSED] - Browser is opened with url: ''

2023-04-03 08:07:05 - [TEST_STEP][PASSED] - navigateToUrl("https://demo-app.online/daftar"): Navigate to 'https://demo-app.online/daftar' successfully

2023-04-03 08:07:07 - [MESSAGE][PASSED] - Navigate to 'https://demo-app.online/daftar' successfully

2023-04-03 08:07:07 - [TEST_STEP][PASSED] - setText(findTestObject("Object Repository/Web/Register/Reg_InputText_Nama"), "Rizki Khaerul Fajri"): Text 'Rizki Khaerul Fajri' is set on object 'Object Repository/Web/Register/Reg_InputText_Nama'

2023-04-03 08:07:08 - [MESSAGE][PASSED] - Text 'Rizki Khaerul Fajri' is set on object 'Object Repository/Web/Register/Reg_InputText_Nama'

2023-04-03 08:07:08 - [TEST_STEP][PASSED] - setText(findTestObject("Object Repository/Web/Register/Reg_InputText_BirthDay"), "18-FEB-1997"): Text '18-FEB-1997' is set on object 'Object Repository/Web/Register/Reg_InputText_BirthDay'

2023-04-03 08:07:09 - [MESSAGE][PASSED] - Text '18-FEB-1997' is set on object 'Object Repository/Web/Register/Reg_InputText_BirthDay'

2023-04-03 08:07:09 - [TEST_STEP][PASSED] - setText(findTestObject("Object Repository/Web/Register/Reg_InputText_Email"), "Test@Mail.com"): Text 'Test@Mail.com' is set on object 'Object Repository/Web/Register/Reg_InputText_Email'

2023-04-03 08:07:10 - [MESSAGE][PASSED] - Text 'Test@Mail.com' is set on object 'Object Repository/Web/Register/Reg_InputText_Email'

2023-04-03 08:07:10 - [TEST_STEP][PASSED] - setText(findTestObject("Object Repository/Web/Register/Reg_InputText_Whatsapp"), "081324387267"): Text '081324387267' is set on object 'Object Repository/Web/Register/Reg_InputText_Whatsapp'

2023-04-03 08:07:11 - [MESSAGE][PASSED] - Text '081324387267' is set on object 'Object Repository/Web/Register/Reg_InputText_Whatsapp'

2023-04-03 08:07:11 - [TEST_STEP][PASSED] - setText(findTestObject("Object Repository/Web/Register/Reg_InputText_KataSandi"), "testingtesting"): Text 'testingtesting' is set on object 'Object Repository/Web/Register/Reg_InputText_KataSandi'

2023-04-03 08:07:11 - [MESSAGE][PASSED] - Text 'testingtesting' is set on object 'Object Repository/Web/Register/Reg_InputText_KataSandi'

2023-04-03 08:07:11 - [TEST_STEP][PASSED] - setText(findTestObject("Object Repository/Web/Register/Reg_InputText_KonfirmasiKataSandi"), "testingtesting"): Text 'testingtesting' is set on object 'Object Repository/Web/Register/Reg_InputText_KonfirmasiKataSandi'

2023-04-03 08:07:12 - [MESSAGE][PASSED] - Text 'testingtesting' is set on object 'Object Repository/Web/Register/Reg_InputText_KonfirmasiKataSandi'

2023-04-03 08:07:12 - [TEST_STEP][PASSED] - check(findTestObject("Object Repository/Web/Register/Reg_Checkbox_SyaratDanKetentuan")): Object 'Object Repository/Web/Register/Reg_Checkbox_SyaratDanKetentuan' is checked

2023-04-03 08:07:13 - [MESSAGE][PASSED] - Object 'Object Repository/Web/Register/Reg_Checkbox_SyaratDanKetentuan' is checked

2023-04-03 08:07:13 - [TEST_STEP][PASSED] - expectedInputBirthday = "18-Feb-1997": null

2023-04-03 08:07:13 - [TEST_STEP][PASSED] - actualInputBirthday = getAttribute(findTestObject("Object Repository/Web/Register/Reg_InputText_BirthDay"), "value"): Attribute 'value' of object 'Object Repository/Web/Register/Reg_InputText_BirthDay' is: '18-Feb-1997'

2023-04-03 08:07:13 - [MESSAGE][PASSED] - Attribute 'value' of object 'Object Repository/Web/Register/Reg_InputText_BirthDay' is: '18-Feb-1997'

2023-04-03 08:07:13 - [TEST_STEP][PASSED] - assert actualInputBirthday == expectedInputBirthday : "Converted birthday value not as expected": null

2023-04-03 08:07:13 - [TEST_STEP][PASSED] - click(findTestObject("Object Repository/Web/Register/Reg_Button_Daftar")): Object: 'Object Repository/Web/Register/Reg_Button_Daftar' is clicked on

2023-04-03 08:07:15 - [MESSAGE][PASSED] - Object: 'Object Repository/Web/Register/Reg_Button_Daftar' is clicked on

2023-04-03 08:07:15 - [TEST_STEP][PASSED] - delay(2): Delayed 2 second(s)

2023-04-03 08:07:17 - [MESSAGE][PASSED] - Delayed 2 second(s)

2023-04-03 08:07:17 - [TEST_STEP][PASSED] - if (getUrl() == "https://demo-app.online/daftar"): Current window's url is: 'https://demo-app.online/email/verify'

2023-04-03 08:07:17 - [MESSAGE][PASSED] - Current window's url is: 'https://demo-app.online/email/verify'

2023-04-03 08:07:17 - [TEST_STEP][PASSED] - delay(2): Delayed 2 second(s)

2023-04-03 08:07:19 - [MESSAGE][PASSED] - Delayed 2 second(s)

2023-04-03 08:07:19 - [TEST_STEP][PASSED] - assert getUrl() == "https://demo-app.online/email/verify": Current window's url is: 'https://demo-app.online/email/verify'

2023-04-03 08:07:19 - [MESSAGE][PASSED] - Current window's url is: 'https://demo-app.online/email/verify']]></system-out>
         <system-err><![CDATA[]]></system-err>
      </testcase>
      <testcase name="Test Cases/Web/REG/REG-21" time="13.992" classname="Test Cases/Web/REG/REG-21" status="PASSED">
         <system-out><![CDATA[2023-04-03 08:07:19 - [TEST_CASE][PASSED] - Test Cases/Web/REG/REG-21: Test Cases/Web/REG/REG-21

2023-04-03 08:07:19 - [TEST_STEP][PASSED] - openBrowser(""): Browser is opened with url: ''

2023-04-03 08:07:19 - [MESSAGE][WARNING] - A browser is already opened. Closing browser and opening a new one

2023-04-03 08:07:20 - [MESSAGE][INFO] - Starting 'Chrome' driver

2023-04-03 08:07:20 - [MESSAGE][INFO] - Action delay is set to 0 milliseconds

2023-04-03 08:07:21 - [MESSAGE][PASSED] - Browser is opened with url: ''

2023-04-03 08:07:21 - [TEST_STEP][PASSED] - navigateToUrl("https://demo-app.online/daftar"): Navigate to 'https://demo-app.online/daftar' successfully

2023-04-03 08:07:22 - [MESSAGE][PASSED] - Navigate to 'https://demo-app.online/daftar' successfully

2023-04-03 08:07:22 - [TEST_STEP][PASSED] - setText(findTestObject("Object Repository/Web/Register/Reg_InputText_Nama"), "Rizki Khaerul Fajri"): Text 'Rizki Khaerul Fajri' is set on object 'Object Repository/Web/Register/Reg_InputText_Nama'

2023-04-03 08:07:23 - [MESSAGE][PASSED] - Text 'Rizki Khaerul Fajri' is set on object 'Object Repository/Web/Register/Reg_InputText_Nama'

2023-04-03 08:07:23 - [TEST_STEP][PASSED] - setText(findTestObject("Object Repository/Web/Register/Reg_InputText_BirthDay"), "asdf1234"): Text 'asdf1234' is set on object 'Object Repository/Web/Register/Reg_InputText_BirthDay'

2023-04-03 08:07:24 - [MESSAGE][PASSED] - Text 'asdf1234' is set on object 'Object Repository/Web/Register/Reg_InputText_BirthDay'

2023-04-03 08:07:24 - [TEST_STEP][PASSED] - setText(findTestObject("Object Repository/Web/Register/Reg_InputText_Email"), "Test@Mail.com"): Text 'Test@Mail.com' is set on object 'Object Repository/Web/Register/Reg_InputText_Email'

2023-04-03 08:07:25 - [MESSAGE][PASSED] - Text 'Test@Mail.com' is set on object 'Object Repository/Web/Register/Reg_InputText_Email'

2023-04-03 08:07:25 - [TEST_STEP][PASSED] - setText(findTestObject("Object Repository/Web/Register/Reg_InputText_Whatsapp"), "081324387267"): Text '081324387267' is set on object 'Object Repository/Web/Register/Reg_InputText_Whatsapp'

2023-04-03 08:07:26 - [MESSAGE][PASSED] - Text '081324387267' is set on object 'Object Repository/Web/Register/Reg_InputText_Whatsapp'

2023-04-03 08:07:26 - [TEST_STEP][PASSED] - setText(findTestObject("Object Repository/Web/Register/Reg_InputText_KataSandi"), "testingtesting"): Text 'testingtesting' is set on object 'Object Repository/Web/Register/Reg_InputText_KataSandi'

2023-04-03 08:07:26 - [MESSAGE][PASSED] - Text 'testingtesting' is set on object 'Object Repository/Web/Register/Reg_InputText_KataSandi'

2023-04-03 08:07:26 - [TEST_STEP][PASSED] - setText(findTestObject("Object Repository/Web/Register/Reg_InputText_KonfirmasiKataSandi"), "testingtesting"): Text 'testingtesting' is set on object 'Object Repository/Web/Register/Reg_InputText_KonfirmasiKataSandi'

2023-04-03 08:07:27 - [MESSAGE][PASSED] - Text 'testingtesting' is set on object 'Object Repository/Web/Register/Reg_InputText_KonfirmasiKataSandi'

2023-04-03 08:07:27 - [TEST_STEP][PASSED] - check(findTestObject("Object Repository/Web/Register/Reg_Checkbox_SyaratDanKetentuan")): Object 'Object Repository/Web/Register/Reg_Checkbox_SyaratDanKetentuan' is checked

2023-04-03 08:07:28 - [MESSAGE][PASSED] - Object 'Object Repository/Web/Register/Reg_Checkbox_SyaratDanKetentuan' is checked

2023-04-03 08:07:28 - [TEST_STEP][PASSED] - click(findTestObject("Object Repository/Web/Register/Reg_Button_Daftar")): Object: 'Object Repository/Web/Register/Reg_Button_Daftar' is clicked on

2023-04-03 08:07:29 - [MESSAGE][PASSED] - Object: 'Object Repository/Web/Register/Reg_Button_Daftar' is clicked on

2023-04-03 08:07:29 - [TEST_STEP][PASSED] - delay(2): Delayed 2 second(s)

2023-04-03 08:07:31 - [MESSAGE][PASSED] - Delayed 2 second(s)

2023-04-03 08:07:31 - [TEST_STEP][PASSED] - if (getUrl() == "https://demo-app.online/daftar"): null

2023-04-03 08:07:31 - [MESSAGE][PASSED] - Current window's url is: 'https://demo-app.online/daftar'

2023-04-03 08:07:31 - [TEST_STEP][PASSED] - isValid = executeJavaScript("document.querySelector(".form-control.datepicker").reportValidity();", null): Execute JavaScript 'document.querySelector(".form-control.datepicker").reportValidity();' successfully

2023-04-03 08:07:31 - [MESSAGE][PASSED] - Execute JavaScript 'document.querySelector(".form-control.datepicker").reportValidity();' successfully

2023-04-03 08:07:31 - [TEST_STEP][PASSED] - assert !(isValid) : "Validation error should be displayed": null

2023-04-03 08:07:31 - [TEST_STEP][PASSED] - delay(2): Delayed 2 second(s)

2023-04-03 08:07:33 - [MESSAGE][PASSED] - Delayed 2 second(s)

2023-04-03 08:07:33 - [TEST_STEP][PASSED] - assert !(getUrl() == "https://demo-app.online/email/verify"): Current window's url is: 'https://demo-app.online/daftar'

2023-04-03 08:07:33 - [MESSAGE][PASSED] - Current window's url is: 'https://demo-app.online/daftar']]></system-out>
         <system-err><![CDATA[]]></system-err>
      </testcase>
      <testcase name="Test Cases/Web/REG/REG-22" time="13.744" classname="Test Cases/Web/REG/REG-22" status="PASSED">
         <system-out><![CDATA[2023-04-03 08:07:33 - [TEST_CASE][PASSED] - Test Cases/Web/REG/REG-22: Test Cases/Web/REG/REG-22

2023-04-03 08:07:33 - [TEST_STEP][PASSED] - openBrowser(""): Browser is opened with url: ''

2023-04-03 08:07:33 - [MESSAGE][WARNING] - A browser is already opened. Closing browser and opening a new one

2023-04-03 08:07:34 - [MESSAGE][INFO] - Starting 'Chrome' driver

2023-04-03 08:07:34 - [MESSAGE][INFO] - Action delay is set to 0 milliseconds

2023-04-03 08:07:35 - [MESSAGE][PASSED] - Browser is opened with url: ''

2023-04-03 08:07:35 - [TEST_STEP][PASSED] - navigateToUrl("https://demo-app.online/daftar"): Navigate to 'https://demo-app.online/daftar' successfully

2023-04-03 08:07:37 - [MESSAGE][PASSED] - Navigate to 'https://demo-app.online/daftar' successfully

2023-04-03 08:07:37 - [TEST_STEP][PASSED] - setText(findTestObject("Object Repository/Web/Register/Reg_InputText_Nama"), "Rizki Khaerul Fajri"): Text 'Rizki Khaerul Fajri' is set on object 'Object Repository/Web/Register/Reg_InputText_Nama'

2023-04-03 08:07:38 - [MESSAGE][PASSED] - Text 'Rizki Khaerul Fajri' is set on object 'Object Repository/Web/Register/Reg_InputText_Nama'

2023-04-03 08:07:38 - [TEST_STEP][PASSED] - setText(findTestObject("Object Repository/Web/Register/Reg_InputText_BirthDay"), "01-Jan-1900"): Text '01-Jan-1900' is set on object 'Object Repository/Web/Register/Reg_InputText_BirthDay'

2023-04-03 08:07:39 - [MESSAGE][PASSED] - Text '01-Jan-1900' is set on object 'Object Repository/Web/Register/Reg_InputText_BirthDay'

2023-04-03 08:07:39 - [TEST_STEP][PASSED] - setText(findTestObject("Object Repository/Web/Register/Reg_InputText_Email"), "Test@Mail.com"): Text 'Test@Mail.com' is set on object 'Object Repository/Web/Register/Reg_InputText_Email'

2023-04-03 08:07:40 - [MESSAGE][PASSED] - Text 'Test@Mail.com' is set on object 'Object Repository/Web/Register/Reg_InputText_Email'

2023-04-03 08:07:40 - [TEST_STEP][PASSED] - setText(findTestObject("Object Repository/Web/Register/Reg_InputText_Whatsapp"), "081324387267"): Text '081324387267' is set on object 'Object Repository/Web/Register/Reg_InputText_Whatsapp'

2023-04-03 08:07:41 - [MESSAGE][PASSED] - Text '081324387267' is set on object 'Object Repository/Web/Register/Reg_InputText_Whatsapp'

2023-04-03 08:07:41 - [TEST_STEP][PASSED] - setText(findTestObject("Object Repository/Web/Register/Reg_InputText_KataSandi"), "testingtesting"): Text 'testingtesting' is set on object 'Object Repository/Web/Register/Reg_InputText_KataSandi'

2023-04-03 08:07:41 - [MESSAGE][PASSED] - Text 'testingtesting' is set on object 'Object Repository/Web/Register/Reg_InputText_KataSandi'

2023-04-03 08:07:41 - [TEST_STEP][PASSED] - setText(findTestObject("Object Repository/Web/Register/Reg_InputText_KonfirmasiKataSandi"), "testingtesting"): Text 'testingtesting' is set on object 'Object Repository/Web/Register/Reg_InputText_KonfirmasiKataSandi'

2023-04-03 08:07:42 - [MESSAGE][PASSED] - Text 'testingtesting' is set on object 'Object Repository/Web/Register/Reg_InputText_KonfirmasiKataSandi'

2023-04-03 08:07:42 - [TEST_STEP][PASSED] - check(findTestObject("Object Repository/Web/Register/Reg_Checkbox_SyaratDanKetentuan")): Object 'Object Repository/Web/Register/Reg_Checkbox_SyaratDanKetentuan' is checked

2023-04-03 08:07:43 - [MESSAGE][PASSED] - Object 'Object Repository/Web/Register/Reg_Checkbox_SyaratDanKetentuan' is checked

2023-04-03 08:07:43 - [TEST_STEP][PASSED] - expectedInputBirthday = "01-Jan-1900": null

2023-04-03 08:07:43 - [TEST_STEP][PASSED] - actualInputBirthday = getAttribute(findTestObject("Object Repository/Web/Register/Reg_InputText_BirthDay"), "value"): Attribute 'value' of object 'Object Repository/Web/Register/Reg_InputText_BirthDay' is: '31-Dec-1923'

2023-04-03 08:07:43 - [MESSAGE][PASSED] - Attribute 'value' of object 'Object Repository/Web/Register/Reg_InputText_BirthDay' is: '31-Dec-1923'

2023-04-03 08:07:43 - [TEST_STEP][PASSED] - println("actual: " + actualInputBirthday): null

2023-04-03 08:07:43 - [TEST_STEP][PASSED] - formatter = DateTimeFormatter.ofPattern("dd-MMM-yyyy"): null

2023-04-03 08:07:43 - [TEST_STEP][PASSED] - inputDate = LocalDate.parse(actualInputBirthday, formatter): null

2023-04-03 08:07:43 - [TEST_STEP][PASSED] - currentDate = LocalDate.now(): null

2023-04-03 08:07:43 - [TEST_STEP][PASSED] - years = YEARS.between(inputDate, currentDate): null

2023-04-03 08:07:43 - [TEST_STEP][PASSED] - println("years: " + years): null

2023-04-03 08:07:43 - [TEST_STEP][PASSED] - assert years <= 100 : "The input date is not younger than 100 years.": null

2023-04-03 08:07:43 - [TEST_STEP][PASSED] - click(findTestObject("Object Repository/Web/Register/Reg_Button_Daftar")): Object: 'Object Repository/Web/Register/Reg_Button_Daftar' is clicked on

2023-04-03 08:07:45 - [MESSAGE][PASSED] - Object: 'Object Repository/Web/Register/Reg_Button_Daftar' is clicked on

2023-04-03 08:07:45 - [TEST_STEP][PASSED] - delay(2): Delayed 2 second(s)

2023-04-03 08:07:47 - [MESSAGE][PASSED] - Delayed 2 second(s)

2023-04-03 08:07:47 - [TEST_STEP][PASSED] - assert getUrl() == "https://demo-app.online/email/verify": Current window's url is: 'https://demo-app.online/email/verify'

2023-04-03 08:07:47 - [MESSAGE][PASSED] - Current window's url is: 'https://demo-app.online/email/verify']]></system-out>
         <system-err><![CDATA[]]></system-err>
      </testcase>
      <testcase name="Test Cases/Web/REG/REG-23" time="12.389" classname="Test Cases/Web/REG/REG-23" status="FAILED">
         <failure type="FAILED" message="Test Cases/Web/REG/REG-23 FAILED.
Reason:
Assertion failed: 

assert WebUI.getUrl() == 'https://demo-app.online/email/verify'
             |        |
             |        false
             https://demo-app.online/daftar

	at REG-23.run(REG-23:61)
	at com.kms.katalon.core.main.ScriptEngine.run(ScriptEngine.java:194)
	at com.kms.katalon.core.main.ScriptEngine.runScriptAsRawText(ScriptEngine.java:119)
	at com.kms.katalon.core.main.TestCaseExecutor.runScript(TestCaseExecutor.java:448)
	at com.kms.katalon.core.main.TestCaseExecutor.doExecute(TestCaseExecutor.java:439)
	at com.kms.katalon.core.main.TestCaseExecutor.processExecutionPhase(TestCaseExecutor.java:418)
	at com.kms.katalon.core.main.TestCaseExecutor.accessMainPhase(TestCaseExecutor.java:410)
	at com.kms.katalon.core.main.TestCaseExecutor.execute(TestCaseExecutor.java:285)
	at com.kms.katalon.core.common.CommonExecutor.accessTestCaseMainPhase(CommonExecutor.java:65)
	at com.kms.katalon.core.main.TestSuiteExecutor.accessTestSuiteMainPhase(TestSuiteExecutor.java:151)
	at com.kms.katalon.core.main.TestSuiteExecutor.execute(TestSuiteExecutor.java:106)
	at com.kms.katalon.core.main.TestCaseMain.startTestSuite(TestCaseMain.java:185)
	at com.kms.katalon.core.main.TestCaseMain$startTestSuite$0.call(Unknown Source)
	at TempTestSuite1680483767821.run(TempTestSuite1680483767821.groovy:36)
"/>
         <system-out><![CDATA[2023-04-03 08:07:47 - [TEST_CASE][FAILED] - Test Cases/Web/REG/REG-23: Test Cases/Web/REG/REG-23 FAILED.
Reason:
Assertion failed: 

assert WebUI.getUrl() == 'https://demo-app.online/email/verify'
             |        |
             |        false
             https://demo-app.online/daftar

	at REG-23.run(REG-23:61)
	at com.kms.katalon.core.main.ScriptEngine.run(ScriptEngine.java:194)
	at com.kms.katalon.core.main.ScriptEngine.runScriptAsRawText(ScriptEngine.java:119)
	at com.kms.katalon.core.main.TestCaseExecutor.runScript(TestCaseExecutor.java:448)
	at com.kms.katalon.core.main.TestCaseExecutor.doExecute(TestCaseExecutor.java:439)
	at com.kms.katalon.core.main.TestCaseExecutor.processExecutionPhase(TestCaseExecutor.java:418)
	at com.kms.katalon.core.main.TestCaseExecutor.accessMainPhase(TestCaseExecutor.java:410)
	at com.kms.katalon.core.main.TestCaseExecutor.execute(TestCaseExecutor.java:285)
	at com.kms.katalon.core.common.CommonExecutor.accessTestCaseMainPhase(CommonExecutor.java:65)
	at com.kms.katalon.core.main.TestSuiteExecutor.accessTestSuiteMainPhase(TestSuiteExecutor.java:151)
	at com.kms.katalon.core.main.TestSuiteExecutor.execute(TestSuiteExecutor.java:106)
	at com.kms.katalon.core.main.TestCaseMain.startTestSuite(TestCaseMain.java:185)
	at com.kms.katalon.core.main.TestCaseMain$startTestSuite$0.call(Unknown Source)
	at TempTestSuite1680483767821.run(TempTestSuite1680483767821.groovy:36)


2023-04-03 08:07:47 - [TEST_STEP][PASSED] - openBrowser(""): Browser is opened with url: ''

2023-04-03 08:07:47 - [MESSAGE][WARNING] - A browser is already opened. Closing browser and opening a new one

2023-04-03 08:07:48 - [MESSAGE][INFO] - Starting 'Chrome' driver

2023-04-03 08:07:48 - [MESSAGE][INFO] - Action delay is set to 0 milliseconds

2023-04-03 08:07:49 - [MESSAGE][PASSED] - Browser is opened with url: ''

2023-04-03 08:07:49 - [TEST_STEP][PASSED] - navigateToUrl("https://demo-app.online/daftar"): Navigate to 'https://demo-app.online/daftar' successfully

2023-04-03 08:07:50 - [MESSAGE][PASSED] - Navigate to 'https://demo-app.online/daftar' successfully

2023-04-03 08:07:50 - [TEST_STEP][PASSED] - setText(findTestObject("Object Repository/Web/Register/Reg_InputText_Nama"), "Rizki Khaerul Fajri"): Text 'Rizki Khaerul Fajri' is set on object 'Object Repository/Web/Register/Reg_InputText_Nama'

2023-04-03 08:07:51 - [MESSAGE][PASSED] - Text 'Rizki Khaerul Fajri' is set on object 'Object Repository/Web/Register/Reg_InputText_Nama'

2023-04-03 08:07:51 - [TEST_STEP][PASSED] - setText(findTestObject("Object Repository/Web/Register/Reg_InputText_BirthDay"), "01-Jan-2020"): Text '01-Jan-2020' is set on object 'Object Repository/Web/Register/Reg_InputText_BirthDay'

2023-04-03 08:07:52 - [MESSAGE][PASSED] - Text '01-Jan-2020' is set on object 'Object Repository/Web/Register/Reg_InputText_BirthDay'

2023-04-03 08:07:52 - [TEST_STEP][PASSED] - setText(findTestObject("Object Repository/Web/Register/Reg_InputText_Email"), "Test@Mail.com"): Text 'Test@Mail.com' is set on object 'Object Repository/Web/Register/Reg_InputText_Email'

2023-04-03 08:07:53 - [MESSAGE][PASSED] - Text 'Test@Mail.com' is set on object 'Object Repository/Web/Register/Reg_InputText_Email'

2023-04-03 08:07:53 - [TEST_STEP][PASSED] - setText(findTestObject("Object Repository/Web/Register/Reg_InputText_Whatsapp"), "081324387267"): Text '081324387267' is set on object 'Object Repository/Web/Register/Reg_InputText_Whatsapp'

2023-04-03 08:07:54 - [MESSAGE][PASSED] - Text '081324387267' is set on object 'Object Repository/Web/Register/Reg_InputText_Whatsapp'

2023-04-03 08:07:54 - [TEST_STEP][PASSED] - setText(findTestObject("Object Repository/Web/Register/Reg_InputText_KataSandi"), "testingtesting"): Text 'testingtesting' is set on object 'Object Repository/Web/Register/Reg_InputText_KataSandi'

2023-04-03 08:07:54 - [MESSAGE][PASSED] - Text 'testingtesting' is set on object 'Object Repository/Web/Register/Reg_InputText_KataSandi'

2023-04-03 08:07:54 - [TEST_STEP][PASSED] - setText(findTestObject("Object Repository/Web/Register/Reg_InputText_KonfirmasiKataSandi"), "testingtesting"): Text 'testingtesting' is set on object 'Object Repository/Web/Register/Reg_InputText_KonfirmasiKataSandi'

2023-04-03 08:07:55 - [MESSAGE][PASSED] - Text 'testingtesting' is set on object 'Object Repository/Web/Register/Reg_InputText_KonfirmasiKataSandi'

2023-04-03 08:07:55 - [TEST_STEP][PASSED] - check(findTestObject("Object Repository/Web/Register/Reg_Checkbox_SyaratDanKetentuan")): Object 'Object Repository/Web/Register/Reg_Checkbox_SyaratDanKetentuan' is checked

2023-04-03 08:07:56 - [MESSAGE][PASSED] - Object 'Object Repository/Web/Register/Reg_Checkbox_SyaratDanKetentuan' is checked

2023-04-03 08:07:56 - [TEST_STEP][PASSED] - expectedInputBirthday = "01-Jan-2020": null

2023-04-03 08:07:56 - [TEST_STEP][PASSED] - actualInputBirthday = getAttribute(findTestObject("Object Repository/Web/Register/Reg_InputText_BirthDay"), "value"): Attribute 'value' of object 'Object Repository/Web/Register/Reg_InputText_BirthDay' is: '31-Dec-2016'

2023-04-03 08:07:56 - [MESSAGE][PASSED] - Attribute 'value' of object 'Object Repository/Web/Register/Reg_InputText_BirthDay' is: '31-Dec-2016'

2023-04-03 08:07:56 - [TEST_STEP][PASSED] - println("actual: " + actualInputBirthday): null

2023-04-03 08:07:56 - [TEST_STEP][PASSED] - formatter = DateTimeFormatter.ofPattern("dd-MMM-yyyy"): null

2023-04-03 08:07:56 - [TEST_STEP][PASSED] - inputDate = LocalDate.parse(actualInputBirthday, formatter): null

2023-04-03 08:07:56 - [TEST_STEP][PASSED] - currentDate = LocalDate.now(): null

2023-04-03 08:07:56 - [TEST_STEP][PASSED] - years = YEARS.between(inputDate, currentDate): null

2023-04-03 08:07:56 - [TEST_STEP][PASSED] - println("years: " + years): null

2023-04-03 08:07:56 - [TEST_STEP][PASSED] - assert years >= 6 : "The input date is not younger than 100 years.": null

2023-04-03 08:07:56 - [TEST_STEP][PASSED] - click(findTestObject("Object Repository/Web/Register/Reg_Button_Daftar")): Object: 'Object Repository/Web/Register/Reg_Button_Daftar' is clicked on

2023-04-03 08:07:57 - [MESSAGE][PASSED] - Object: 'Object Repository/Web/Register/Reg_Button_Daftar' is clicked on

2023-04-03 08:07:57 - [TEST_STEP][PASSED] - delay(2): Delayed 2 second(s)

2023-04-03 08:07:59 - [MESSAGE][PASSED] - Delayed 2 second(s)

2023-04-03 08:07:59 - [TEST_STEP][FAILED] - assert getUrl() == "https://demo-app.online/email/verify": Test Cases/Web/REG/REG-23 FAILED.
Reason:
Assertion failed: 

assert WebUI.getUrl() == 'https://demo-app.online/email/verify'
             |        |
             |        false
             https://demo-app.online/daftar

	at REG-23.run(REG-23:61)
	at com.kms.katalon.core.main.ScriptEngine.run(ScriptEngine.java:194)
	at com.kms.katalon.core.main.ScriptEngine.runScriptAsRawText(ScriptEngine.java:119)
	at com.kms.katalon.core.main.TestCaseExecutor.runScript(TestCaseExecutor.java:448)
	at com.kms.katalon.core.main.TestCaseExecutor.doExecute(TestCaseExecutor.java:439)
	at com.kms.katalon.core.main.TestCaseExecutor.processExecutionPhase(TestCaseExecutor.java:418)
	at com.kms.katalon.core.main.TestCaseExecutor.accessMainPhase(TestCaseExecutor.java:410)
	at com.kms.katalon.core.main.TestCaseExecutor.execute(TestCaseExecutor.java:285)
	at com.kms.katalon.core.common.CommonExecutor.accessTestCaseMainPhase(CommonExecutor.java:65)
	at com.kms.katalon.core.main.TestSuiteExecutor.accessTestSuiteMainPhase(TestSuiteExecutor.java:151)
	at com.kms.katalon.core.main.TestSuiteExecutor.execute(TestSuiteExecutor.java:106)
	at com.kms.katalon.core.main.TestCaseMain.startTestSuite(TestCaseMain.java:185)
	at com.kms.katalon.core.main.TestCaseMain$startTestSuite$0.call(Unknown Source)
	at TempTestSuite1680483767821.run(TempTestSuite1680483767821.groovy:36)


2023-04-03 08:07:59 - [MESSAGE][PASSED] - Current window's url is: 'https://demo-app.online/daftar'

2023-04-03 08:07:59 - [MESSAGE][FAILED] - Test Cases/Web/REG/REG-23 FAILED.
Reason:
Assertion failed: 

assert WebUI.getUrl() == 'https://demo-app.online/email/verify'
             |        |
             |        false
             https://demo-app.online/daftar

	at REG-23.run(REG-23:61)
	at com.kms.katalon.core.main.ScriptEngine.run(ScriptEngine.java:194)
	at com.kms.katalon.core.main.ScriptEngine.runScriptAsRawText(ScriptEngine.java:119)
	at com.kms.katalon.core.main.TestCaseExecutor.runScript(TestCaseExecutor.java:448)
	at com.kms.katalon.core.main.TestCaseExecutor.doExecute(TestCaseExecutor.java:439)
	at com.kms.katalon.core.main.TestCaseExecutor.processExecutionPhase(TestCaseExecutor.java:418)
	at com.kms.katalon.core.main.TestCaseExecutor.accessMainPhase(TestCaseExecutor.java:410)
	at com.kms.katalon.core.main.TestCaseExecutor.execute(TestCaseExecutor.java:285)
	at com.kms.katalon.core.common.CommonExecutor.accessTestCaseMainPhase(CommonExecutor.java:65)
	at com.kms.katalon.core.main.TestSuiteExecutor.accessTestSuiteMainPhase(TestSuiteExecutor.java:151)
	at com.kms.katalon.core.main.TestSuiteExecutor.execute(TestSuiteExecutor.java:106)
	at com.kms.katalon.core.main.TestCaseMain.startTestSuite(TestCaseMain.java:185)
	at com.kms.katalon.core.main.TestCaseMain$startTestSuite$0.call(Unknown Source)
	at TempTestSuite1680483767821.run(TempTestSuite1680483767821.groovy:36)]]></system-out>
         <system-err><![CDATA[2023-04-03 08:07:47 - [TEST_CASE][FAILED] - Test Cases/Web/REG/REG-23: Test Cases/Web/REG/REG-23 FAILED.
Reason:
Assertion failed: 

assert WebUI.getUrl() == 'https://demo-app.online/email/verify'
             |        |
             |        false
             https://demo-app.online/daftar

	at REG-23.run(REG-23:61)
	at com.kms.katalon.core.main.ScriptEngine.run(ScriptEngine.java:194)
	at com.kms.katalon.core.main.ScriptEngine.runScriptAsRawText(ScriptEngine.java:119)
	at com.kms.katalon.core.main.TestCaseExecutor.runScript(TestCaseExecutor.java:448)
	at com.kms.katalon.core.main.TestCaseExecutor.doExecute(TestCaseExecutor.java:439)
	at com.kms.katalon.core.main.TestCaseExecutor.processExecutionPhase(TestCaseExecutor.java:418)
	at com.kms.katalon.core.main.TestCaseExecutor.accessMainPhase(TestCaseExecutor.java:410)
	at com.kms.katalon.core.main.TestCaseExecutor.execute(TestCaseExecutor.java:285)
	at com.kms.katalon.core.common.CommonExecutor.accessTestCaseMainPhase(CommonExecutor.java:65)
	at com.kms.katalon.core.main.TestSuiteExecutor.accessTestSuiteMainPhase(TestSuiteExecutor.java:151)
	at com.kms.katalon.core.main.TestSuiteExecutor.execute(TestSuiteExecutor.java:106)
	at com.kms.katalon.core.main.TestCaseMain.startTestSuite(TestCaseMain.java:185)
	at com.kms.katalon.core.main.TestCaseMain$startTestSuite$0.call(Unknown Source)
	at TempTestSuite1680483767821.run(TempTestSuite1680483767821.groovy:36)]]></system-err>
      </testcase>
      <testcase name="Test Cases/Web/REG/REG-24" time="75.496" classname="Test Cases/Web/REG/REG-24" status="PASSED">
         <system-out><![CDATA[2023-04-03 08:07:59 - [TEST_CASE][PASSED] - Test Cases/Web/REG/REG-24: Test Cases/Web/REG/REG-24

2023-04-03 08:07:59 - [TEST_STEP][PASSED] - openBrowser(""): Browser is opened with url: ''

2023-04-03 08:07:59 - [MESSAGE][WARNING] - A browser is already opened. Closing browser and opening a new one

2023-04-03 08:08:00 - [MESSAGE][INFO] - Starting 'Chrome' driver

2023-04-03 08:08:00 - [MESSAGE][INFO] - Action delay is set to 0 milliseconds

2023-04-03 08:08:01 - [MESSAGE][PASSED] - Browser is opened with url: ''

2023-04-03 08:08:01 - [TEST_STEP][PASSED] - testData = findTestData("Data Files/Web/Register_Email"): null

2023-04-03 08:08:01 - [TEST_STEP][PASSED] - for ([i = 1, i <= testData.getRowNumbers(), (i++)]): Current window's url is: 'https://demo-app.online/email/verify'

2023-04-03 08:08:01 - [TEST_STEP][PASSED] - email = testData.getValue("E-mail", i): null

2023-04-03 08:08:01 - [TEST_STEP][PASSED] - navigateToUrl("https://demo-app.online/daftar"): Navigate to 'https://demo-app.online/daftar' successfully

2023-04-03 08:08:03 - [MESSAGE][PASSED] - Navigate to 'https://demo-app.online/daftar' successfully

2023-04-03 08:08:03 - [TEST_STEP][PASSED] - setText(findTestObject("Object Repository/Web/Register/Reg_InputText_Nama"), "Rizki Khaerul Fajri"): Text 'Rizki Khaerul Fajri' is set on object 'Object Repository/Web/Register/Reg_InputText_Nama'

2023-04-03 08:08:04 - [MESSAGE][PASSED] - Text 'Rizki Khaerul Fajri' is set on object 'Object Repository/Web/Register/Reg_InputText_Nama'

2023-04-03 08:08:04 - [TEST_STEP][PASSED] - setText(findTestObject("Object Repository/Web/Register/Reg_InputText_BirthDay"), "18-Feb-1997"): Text '18-Feb-1997' is set on object 'Object Repository/Web/Register/Reg_InputText_BirthDay'

2023-04-03 08:08:05 - [MESSAGE][PASSED] - Text '18-Feb-1997' is set on object 'Object Repository/Web/Register/Reg_InputText_BirthDay'

2023-04-03 08:08:05 - [TEST_STEP][PASSED] - setText(findTestObject("Object Repository/Web/Register/Reg_InputText_Email"), email): Text 'Test@Practice.com' is set on object 'Object Repository/Web/Register/Reg_InputText_Email'

2023-04-03 08:08:06 - [MESSAGE][PASSED] - Text 'Test@Practice.com' is set on object 'Object Repository/Web/Register/Reg_InputText_Email'

2023-04-03 08:08:06 - [TEST_STEP][PASSED] - setText(findTestObject("Object Repository/Web/Register/Reg_InputText_Whatsapp"), "081324387267"): Text '081324387267' is set on object 'Object Repository/Web/Register/Reg_InputText_Whatsapp'

2023-04-03 08:08:06 - [MESSAGE][PASSED] - Text '081324387267' is set on object 'Object Repository/Web/Register/Reg_InputText_Whatsapp'

2023-04-03 08:08:06 - [TEST_STEP][PASSED] - setText(findTestObject("Object Repository/Web/Register/Reg_InputText_KataSandi"), "testingtesting"): Text 'testingtesting' is set on object 'Object Repository/Web/Register/Reg_InputText_KataSandi'

2023-04-03 08:08:07 - [MESSAGE][PASSED] - Text 'testingtesting' is set on object 'Object Repository/Web/Register/Reg_InputText_KataSandi'

2023-04-03 08:08:07 - [TEST_STEP][PASSED] - setText(findTestObject("Object Repository/Web/Register/Reg_InputText_KonfirmasiKataSandi"), "testingtesting"): Text 'testingtesting' is set on object 'Object Repository/Web/Register/Reg_InputText_KonfirmasiKataSandi'

2023-04-03 08:08:08 - [MESSAGE][PASSED] - Text 'testingtesting' is set on object 'Object Repository/Web/Register/Reg_InputText_KonfirmasiKataSandi'

2023-04-03 08:08:08 - [TEST_STEP][PASSED] - check(findTestObject("Object Repository/Web/Register/Reg_Checkbox_SyaratDanKetentuan")): Object 'Object Repository/Web/Register/Reg_Checkbox_SyaratDanKetentuan' is checked

2023-04-03 08:08:08 - [MESSAGE][PASSED] - Object 'Object Repository/Web/Register/Reg_Checkbox_SyaratDanKetentuan' is checked

2023-04-03 08:08:08 - [TEST_STEP][PASSED] - click(findTestObject("Object Repository/Web/Register/Reg_Button_Daftar")): Object: 'Object Repository/Web/Register/Reg_Button_Daftar' is clicked on

2023-04-03 08:08:10 - [MESSAGE][PASSED] - Object: 'Object Repository/Web/Register/Reg_Button_Daftar' is clicked on

2023-04-03 08:08:10 - [TEST_STEP][PASSED] - delay(5): Delayed 5 second(s)

2023-04-03 08:08:15 - [MESSAGE][PASSED] - Delayed 5 second(s)

2023-04-03 08:08:15 - [TEST_STEP][PASSED] - if (getUrl() == "https://demo-app.online/daftar"): Current window's url is: 'https://demo-app.online/email/verify'

2023-04-03 08:08:15 - [MESSAGE][PASSED] - Current window's url is: 'https://demo-app.online/email/verify'

2023-04-03 08:08:15 - [TEST_STEP][PASSED] - delay(5): Delayed 5 second(s)

2023-04-03 08:08:20 - [MESSAGE][PASSED] - Delayed 5 second(s)

2023-04-03 08:08:20 - [TEST_STEP][PASSED] - assert getUrl() == "https://demo-app.online/email/verify": Current window's url is: 'https://demo-app.online/email/verify'

2023-04-03 08:08:20 - [MESSAGE][PASSED] - Current window's url is: 'https://demo-app.online/email/verify'

2023-04-03 08:08:20 - [TEST_STEP][PASSED] - email = testData.getValue("E-mail", i): null

2023-04-03 08:08:20 - [TEST_STEP][PASSED] - navigateToUrl("https://demo-app.online/daftar"): Navigate to 'https://demo-app.online/daftar' successfully

2023-04-03 08:08:21 - [MESSAGE][PASSED] - Navigate to 'https://demo-app.online/daftar' successfully

2023-04-03 08:08:21 - [TEST_STEP][PASSED] - setText(findTestObject("Object Repository/Web/Register/Reg_InputText_Nama"), "Rizki Khaerul Fajri"): Text 'Rizki Khaerul Fajri' is set on object 'Object Repository/Web/Register/Reg_InputText_Nama'

2023-04-03 08:08:22 - [MESSAGE][PASSED] - Text 'Rizki Khaerul Fajri' is set on object 'Object Repository/Web/Register/Reg_InputText_Nama'

2023-04-03 08:08:22 - [TEST_STEP][PASSED] - setText(findTestObject("Object Repository/Web/Register/Reg_InputText_BirthDay"), "18-Feb-1997"): Text '18-Feb-1997' is set on object 'Object Repository/Web/Register/Reg_InputText_BirthDay'

2023-04-03 08:08:23 - [MESSAGE][PASSED] - Text '18-Feb-1997' is set on object 'Object Repository/Web/Register/Reg_InputText_BirthDay'

2023-04-03 08:08:23 - [TEST_STEP][PASSED] - setText(findTestObject("Object Repository/Web/Register/Reg_InputText_Email"), email): Text 'Test2@Practice2.com' is set on object 'Object Repository/Web/Register/Reg_InputText_Email'

2023-04-03 08:08:24 - [MESSAGE][PASSED] - Text 'Test2@Practice2.com' is set on object 'Object Repository/Web/Register/Reg_InputText_Email'

2023-04-03 08:08:24 - [TEST_STEP][PASSED] - setText(findTestObject("Object Repository/Web/Register/Reg_InputText_Whatsapp"), "081324387267"): Text '081324387267' is set on object 'Object Repository/Web/Register/Reg_InputText_Whatsapp'

2023-04-03 08:08:25 - [MESSAGE][PASSED] - Text '081324387267' is set on object 'Object Repository/Web/Register/Reg_InputText_Whatsapp'

2023-04-03 08:08:25 - [TEST_STEP][PASSED] - setText(findTestObject("Object Repository/Web/Register/Reg_InputText_KataSandi"), "testingtesting"): Text 'testingtesting' is set on object 'Object Repository/Web/Register/Reg_InputText_KataSandi'

2023-04-03 08:08:25 - [MESSAGE][PASSED] - Text 'testingtesting' is set on object 'Object Repository/Web/Register/Reg_InputText_KataSandi'

2023-04-03 08:08:25 - [TEST_STEP][PASSED] - setText(findTestObject("Object Repository/Web/Register/Reg_InputText_KonfirmasiKataSandi"), "testingtesting"): Text 'testingtesting' is set on object 'Object Repository/Web/Register/Reg_InputText_KonfirmasiKataSandi'

2023-04-03 08:08:26 - [MESSAGE][PASSED] - Text 'testingtesting' is set on object 'Object Repository/Web/Register/Reg_InputText_KonfirmasiKataSandi'

2023-04-03 08:08:26 - [TEST_STEP][PASSED] - check(findTestObject("Object Repository/Web/Register/Reg_Checkbox_SyaratDanKetentuan")): Object 'Object Repository/Web/Register/Reg_Checkbox_SyaratDanKetentuan' is checked

2023-04-03 08:08:27 - [MESSAGE][PASSED] - Object 'Object Repository/Web/Register/Reg_Checkbox_SyaratDanKetentuan' is checked

2023-04-03 08:08:27 - [TEST_STEP][PASSED] - click(findTestObject("Object Repository/Web/Register/Reg_Button_Daftar")): Object: 'Object Repository/Web/Register/Reg_Button_Daftar' is clicked on

2023-04-03 08:08:28 - [MESSAGE][PASSED] - Object: 'Object Repository/Web/Register/Reg_Button_Daftar' is clicked on

2023-04-03 08:08:28 - [TEST_STEP][PASSED] - delay(5): Delayed 5 second(s)

2023-04-03 08:08:34 - [MESSAGE][PASSED] - Delayed 5 second(s)

2023-04-03 08:08:34 - [TEST_STEP][PASSED] - if (getUrl() == "https://demo-app.online/daftar"): Current window's url is: 'https://demo-app.online/email/verify'

2023-04-03 08:08:34 - [MESSAGE][PASSED] - Current window's url is: 'https://demo-app.online/email/verify'

2023-04-03 08:08:34 - [TEST_STEP][PASSED] - delay(5): Delayed 5 second(s)

2023-04-03 08:08:39 - [MESSAGE][PASSED] - Delayed 5 second(s)

2023-04-03 08:08:39 - [TEST_STEP][PASSED] - assert getUrl() == "https://demo-app.online/email/verify": Current window's url is: 'https://demo-app.online/email/verify'

2023-04-03 08:08:39 - [MESSAGE][PASSED] - Current window's url is: 'https://demo-app.online/email/verify'

2023-04-03 08:08:39 - [TEST_STEP][PASSED] - email = testData.getValue("E-mail", i): null

2023-04-03 08:08:39 - [TEST_STEP][PASSED] - navigateToUrl("https://demo-app.online/daftar"): Navigate to 'https://demo-app.online/daftar' successfully

2023-04-03 08:08:39 - [MESSAGE][PASSED] - Navigate to 'https://demo-app.online/daftar' successfully

2023-04-03 08:08:39 - [TEST_STEP][PASSED] - setText(findTestObject("Object Repository/Web/Register/Reg_InputText_Nama"), "Rizki Khaerul Fajri"): Text 'Rizki Khaerul Fajri' is set on object 'Object Repository/Web/Register/Reg_InputText_Nama'

2023-04-03 08:08:40 - [MESSAGE][PASSED] - Text 'Rizki Khaerul Fajri' is set on object 'Object Repository/Web/Register/Reg_InputText_Nama'

2023-04-03 08:08:40 - [TEST_STEP][PASSED] - setText(findTestObject("Object Repository/Web/Register/Reg_InputText_BirthDay"), "18-Feb-1997"): Text '18-Feb-1997' is set on object 'Object Repository/Web/Register/Reg_InputText_BirthDay'

2023-04-03 08:08:41 - [MESSAGE][PASSED] - Text '18-Feb-1997' is set on object 'Object Repository/Web/Register/Reg_InputText_BirthDay'

2023-04-03 08:08:41 - [TEST_STEP][PASSED] - setText(findTestObject("Object Repository/Web/Register/Reg_InputText_Email"), email): Text 'Test@gmail.com' is set on object 'Object Repository/Web/Register/Reg_InputText_Email'

2023-04-03 08:08:42 - [MESSAGE][PASSED] - Text 'Test@gmail.com' is set on object 'Object Repository/Web/Register/Reg_InputText_Email'

2023-04-03 08:08:42 - [TEST_STEP][PASSED] - setText(findTestObject("Object Repository/Web/Register/Reg_InputText_Whatsapp"), "081324387267"): Text '081324387267' is set on object 'Object Repository/Web/Register/Reg_InputText_Whatsapp'

2023-04-03 08:08:42 - [MESSAGE][PASSED] - Text '081324387267' is set on object 'Object Repository/Web/Register/Reg_InputText_Whatsapp'

2023-04-03 08:08:42 - [TEST_STEP][PASSED] - setText(findTestObject("Object Repository/Web/Register/Reg_InputText_KataSandi"), "testingtesting"): Text 'testingtesting' is set on object 'Object Repository/Web/Register/Reg_InputText_KataSandi'

2023-04-03 08:08:43 - [MESSAGE][PASSED] - Text 'testingtesting' is set on object 'Object Repository/Web/Register/Reg_InputText_KataSandi'

2023-04-03 08:08:43 - [TEST_STEP][PASSED] - setText(findTestObject("Object Repository/Web/Register/Reg_InputText_KonfirmasiKataSandi"), "testingtesting"): Text 'testingtesting' is set on object 'Object Repository/Web/Register/Reg_InputText_KonfirmasiKataSandi'

2023-04-03 08:08:44 - [MESSAGE][PASSED] - Text 'testingtesting' is set on object 'Object Repository/Web/Register/Reg_InputText_KonfirmasiKataSandi'

2023-04-03 08:08:44 - [TEST_STEP][PASSED] - check(findTestObject("Object Repository/Web/Register/Reg_Checkbox_SyaratDanKetentuan")): Object 'Object Repository/Web/Register/Reg_Checkbox_SyaratDanKetentuan' is checked

2023-04-03 08:08:45 - [MESSAGE][PASSED] - Object 'Object Repository/Web/Register/Reg_Checkbox_SyaratDanKetentuan' is checked

2023-04-03 08:08:45 - [TEST_STEP][PASSED] - click(findTestObject("Object Repository/Web/Register/Reg_Button_Daftar")): Object: 'Object Repository/Web/Register/Reg_Button_Daftar' is clicked on

2023-04-03 08:08:46 - [MESSAGE][PASSED] - Object: 'Object Repository/Web/Register/Reg_Button_Daftar' is clicked on

2023-04-03 08:08:46 - [TEST_STEP][PASSED] - delay(5): Delayed 5 second(s)

2023-04-03 08:08:51 - [MESSAGE][PASSED] - Delayed 5 second(s)

2023-04-03 08:08:51 - [TEST_STEP][PASSED] - if (getUrl() == "https://demo-app.online/daftar"): Current window's url is: 'https://demo-app.online/email/verify'

2023-04-03 08:08:51 - [MESSAGE][PASSED] - Current window's url is: 'https://demo-app.online/email/verify'

2023-04-03 08:08:51 - [TEST_STEP][PASSED] - delay(5): Delayed 5 second(s)

2023-04-03 08:08:56 - [MESSAGE][PASSED] - Delayed 5 second(s)

2023-04-03 08:08:56 - [TEST_STEP][PASSED] - assert getUrl() == "https://demo-app.online/email/verify": Current window's url is: 'https://demo-app.online/email/verify'

2023-04-03 08:08:56 - [MESSAGE][PASSED] - Current window's url is: 'https://demo-app.online/email/verify'

2023-04-03 08:08:56 - [TEST_STEP][PASSED] - email = testData.getValue("E-mail", i): null

2023-04-03 08:08:56 - [TEST_STEP][PASSED] - navigateToUrl("https://demo-app.online/daftar"): Navigate to 'https://demo-app.online/daftar' successfully

2023-04-03 08:08:57 - [MESSAGE][PASSED] - Navigate to 'https://demo-app.online/daftar' successfully

2023-04-03 08:08:57 - [TEST_STEP][PASSED] - setText(findTestObject("Object Repository/Web/Register/Reg_InputText_Nama"), "Rizki Khaerul Fajri"): Text 'Rizki Khaerul Fajri' is set on object 'Object Repository/Web/Register/Reg_InputText_Nama'

2023-04-03 08:08:58 - [MESSAGE][PASSED] - Text 'Rizki Khaerul Fajri' is set on object 'Object Repository/Web/Register/Reg_InputText_Nama'

2023-04-03 08:08:58 - [TEST_STEP][PASSED] - setText(findTestObject("Object Repository/Web/Register/Reg_InputText_BirthDay"), "18-Feb-1997"): Text '18-Feb-1997' is set on object 'Object Repository/Web/Register/Reg_InputText_BirthDay'

2023-04-03 08:08:59 - [MESSAGE][PASSED] - Text '18-Feb-1997' is set on object 'Object Repository/Web/Register/Reg_InputText_BirthDay'

2023-04-03 08:08:59 - [TEST_STEP][PASSED] - setText(findTestObject("Object Repository/Web/Register/Reg_InputText_Email"), email): Text 'Test@8.8.8.8' is set on object 'Object Repository/Web/Register/Reg_InputText_Email'

2023-04-03 08:09:00 - [MESSAGE][PASSED] - Text 'Test@8.8.8.8' is set on object 'Object Repository/Web/Register/Reg_InputText_Email'

2023-04-03 08:09:00 - [TEST_STEP][PASSED] - setText(findTestObject("Object Repository/Web/Register/Reg_InputText_Whatsapp"), "081324387267"): Text '081324387267' is set on object 'Object Repository/Web/Register/Reg_InputText_Whatsapp'

2023-04-03 08:09:00 - [MESSAGE][PASSED] - Text '081324387267' is set on object 'Object Repository/Web/Register/Reg_InputText_Whatsapp'

2023-04-03 08:09:00 - [TEST_STEP][PASSED] - setText(findTestObject("Object Repository/Web/Register/Reg_InputText_KataSandi"), "testingtesting"): Text 'testingtesting' is set on object 'Object Repository/Web/Register/Reg_InputText_KataSandi'

2023-04-03 08:09:01 - [MESSAGE][PASSED] - Text 'testingtesting' is set on object 'Object Repository/Web/Register/Reg_InputText_KataSandi'

2023-04-03 08:09:01 - [TEST_STEP][PASSED] - setText(findTestObject("Object Repository/Web/Register/Reg_InputText_KonfirmasiKataSandi"), "testingtesting"): Text 'testingtesting' is set on object 'Object Repository/Web/Register/Reg_InputText_KonfirmasiKataSandi'

2023-04-03 08:09:01 - [MESSAGE][PASSED] - Text 'testingtesting' is set on object 'Object Repository/Web/Register/Reg_InputText_KonfirmasiKataSandi'

2023-04-03 08:09:01 - [TEST_STEP][PASSED] - check(findTestObject("Object Repository/Web/Register/Reg_Checkbox_SyaratDanKetentuan")): Object 'Object Repository/Web/Register/Reg_Checkbox_SyaratDanKetentuan' is checked

2023-04-03 08:09:02 - [MESSAGE][PASSED] - Object 'Object Repository/Web/Register/Reg_Checkbox_SyaratDanKetentuan' is checked

2023-04-03 08:09:02 - [TEST_STEP][PASSED] - click(findTestObject("Object Repository/Web/Register/Reg_Button_Daftar")): Object: 'Object Repository/Web/Register/Reg_Button_Daftar' is clicked on

2023-04-03 08:09:04 - [MESSAGE][PASSED] - Object: 'Object Repository/Web/Register/Reg_Button_Daftar' is clicked on

2023-04-03 08:09:04 - [TEST_STEP][PASSED] - delay(5): Delayed 5 second(s)

2023-04-03 08:09:10 - [MESSAGE][PASSED] - Delayed 5 second(s)

2023-04-03 08:09:10 - [TEST_STEP][PASSED] - if (getUrl() == "https://demo-app.online/daftar"): Current window's url is: 'https://demo-app.online/email/verify'

2023-04-03 08:09:10 - [MESSAGE][PASSED] - Current window's url is: 'https://demo-app.online/email/verify'

2023-04-03 08:09:10 - [TEST_STEP][PASSED] - delay(5): Delayed 5 second(s)

2023-04-03 08:09:15 - [MESSAGE][PASSED] - Delayed 5 second(s)

2023-04-03 08:09:15 - [TEST_STEP][PASSED] - assert getUrl() == "https://demo-app.online/email/verify": Current window's url is: 'https://demo-app.online/email/verify'

2023-04-03 08:09:15 - [MESSAGE][PASSED] - Current window's url is: 'https://demo-app.online/email/verify']]></system-out>
         <system-err><![CDATA[]]></system-err>
      </testcase>
      <testcase name="Test Cases/Web/REG/REG-25" time="13.319" classname="Test Cases/Web/REG/REG-25" status="PASSED">
         <system-out><![CDATA[2023-04-03 08:09:15 - [TEST_CASE][PASSED] - Test Cases/Web/REG/REG-25: Test Cases/Web/REG/REG-25

2023-04-03 08:09:15 - [TEST_STEP][PASSED] - openBrowser(""): Browser is opened with url: ''

2023-04-03 08:09:15 - [MESSAGE][WARNING] - A browser is already opened. Closing browser and opening a new one

2023-04-03 08:09:15 - [MESSAGE][INFO] - Starting 'Chrome' driver

2023-04-03 08:09:15 - [MESSAGE][INFO] - Action delay is set to 0 milliseconds

2023-04-03 08:09:17 - [MESSAGE][PASSED] - Browser is opened with url: ''

2023-04-03 08:09:17 - [TEST_STEP][PASSED] - navigateToUrl("https://demo-app.online/daftar"): Navigate to 'https://demo-app.online/daftar' successfully

2023-04-03 08:09:18 - [MESSAGE][PASSED] - Navigate to 'https://demo-app.online/daftar' successfully

2023-04-03 08:09:18 - [TEST_STEP][PASSED] - setText(findTestObject("Object Repository/Web/Register/Reg_InputText_Nama"), "Rizki Khaerul Fajri"): Text 'Rizki Khaerul Fajri' is set on object 'Object Repository/Web/Register/Reg_InputText_Nama'

2023-04-03 08:09:19 - [MESSAGE][PASSED] - Text 'Rizki Khaerul Fajri' is set on object 'Object Repository/Web/Register/Reg_InputText_Nama'

2023-04-03 08:09:19 - [TEST_STEP][PASSED] - setText(findTestObject("Object Repository/Web/Register/Reg_InputText_BirthDay"), "18-Feb-1997"): Text '18-Feb-1997' is set on object 'Object Repository/Web/Register/Reg_InputText_BirthDay'

2023-04-03 08:09:20 - [MESSAGE][PASSED] - Text '18-Feb-1997' is set on object 'Object Repository/Web/Register/Reg_InputText_BirthDay'

2023-04-03 08:09:20 - [TEST_STEP][PASSED] - setText(findTestObject("Object Repository/Web/Register/Reg_InputText_Email"), ""): Text '' is set on object 'Object Repository/Web/Register/Reg_InputText_Email'

2023-04-03 08:09:21 - [MESSAGE][PASSED] - Text '' is set on object 'Object Repository/Web/Register/Reg_InputText_Email'

2023-04-03 08:09:21 - [TEST_STEP][PASSED] - setText(findTestObject("Object Repository/Web/Register/Reg_InputText_Whatsapp"), "081324387267"): Text '081324387267' is set on object 'Object Repository/Web/Register/Reg_InputText_Whatsapp'

2023-04-03 08:09:22 - [MESSAGE][PASSED] - Text '081324387267' is set on object 'Object Repository/Web/Register/Reg_InputText_Whatsapp'

2023-04-03 08:09:22 - [TEST_STEP][PASSED] - setText(findTestObject("Object Repository/Web/Register/Reg_InputText_KataSandi"), "testingtesting"): Text 'testingtesting' is set on object 'Object Repository/Web/Register/Reg_InputText_KataSandi'

2023-04-03 08:09:22 - [MESSAGE][PASSED] - Text 'testingtesting' is set on object 'Object Repository/Web/Register/Reg_InputText_KataSandi'

2023-04-03 08:09:22 - [TEST_STEP][PASSED] - setText(findTestObject("Object Repository/Web/Register/Reg_InputText_KonfirmasiKataSandi"), "testingtesting"): Text 'testingtesting' is set on object 'Object Repository/Web/Register/Reg_InputText_KonfirmasiKataSandi'

2023-04-03 08:09:23 - [MESSAGE][PASSED] - Text 'testingtesting' is set on object 'Object Repository/Web/Register/Reg_InputText_KonfirmasiKataSandi'

2023-04-03 08:09:23 - [TEST_STEP][PASSED] - check(findTestObject("Object Repository/Web/Register/Reg_Checkbox_SyaratDanKetentuan")): Object 'Object Repository/Web/Register/Reg_Checkbox_SyaratDanKetentuan' is checked

2023-04-03 08:09:23 - [MESSAGE][PASSED] - Object 'Object Repository/Web/Register/Reg_Checkbox_SyaratDanKetentuan' is checked

2023-04-03 08:09:23 - [TEST_STEP][PASSED] - click(findTestObject("Object Repository/Web/Register/Reg_Button_Daftar")): Object: 'Object Repository/Web/Register/Reg_Button_Daftar' is clicked on

2023-04-03 08:09:24 - [MESSAGE][PASSED] - Object: 'Object Repository/Web/Register/Reg_Button_Daftar' is clicked on

2023-04-03 08:09:24 - [TEST_STEP][PASSED] - delay(2): Delayed 2 second(s)

2023-04-03 08:09:26 - [MESSAGE][PASSED] - Delayed 2 second(s)

2023-04-03 08:09:26 - [TEST_STEP][PASSED] - if (getUrl() == "https://demo-app.online/daftar"): null

2023-04-03 08:09:26 - [MESSAGE][PASSED] - Current window's url is: 'https://demo-app.online/daftar'

2023-04-03 08:09:26 - [TEST_STEP][PASSED] - isValid = executeJavaScript("document.getElementById("email").reportValidity();", null): Execute JavaScript 'document.getElementById("email").reportValidity();' successfully

2023-04-03 08:09:26 - [MESSAGE][PASSED] - Execute JavaScript 'document.getElementById("email").reportValidity();' successfully

2023-04-03 08:09:26 - [TEST_STEP][PASSED] - assert !(isValid) : "Validation error should be displayed": null

2023-04-03 08:09:26 - [TEST_STEP][PASSED] - delay(2): Delayed 2 second(s)

2023-04-03 08:09:28 - [MESSAGE][PASSED] - Delayed 2 second(s)

2023-04-03 08:09:28 - [TEST_STEP][PASSED] - assert !(getUrl() == "https://demo-app.online/email/verify"): Current window's url is: 'https://demo-app.online/daftar'

2023-04-03 08:09:28 - [MESSAGE][PASSED] - Current window's url is: 'https://demo-app.online/daftar']]></system-out>
         <system-err><![CDATA[]]></system-err>
      </testcase>
      <testcase name="Test Cases/Web/REG/REG-26" time="13.324" classname="Test Cases/Web/REG/REG-26" status="PASSED">
         <system-out><![CDATA[2023-04-03 08:09:28 - [TEST_CASE][PASSED] - Test Cases/Web/REG/REG-26: Test Cases/Web/REG/REG-26

2023-04-03 08:09:28 - [TEST_STEP][PASSED] - openBrowser(""): Browser is opened with url: ''

2023-04-03 08:09:28 - [MESSAGE][WARNING] - A browser is already opened. Closing browser and opening a new one

2023-04-03 08:09:29 - [MESSAGE][INFO] - Starting 'Chrome' driver

2023-04-03 08:09:29 - [MESSAGE][INFO] - Action delay is set to 0 milliseconds

2023-04-03 08:09:30 - [MESSAGE][PASSED] - Browser is opened with url: ''

2023-04-03 08:09:30 - [TEST_STEP][PASSED] - navigateToUrl("https://demo-app.online/daftar"): Navigate to 'https://demo-app.online/daftar' successfully

2023-04-03 08:09:31 - [MESSAGE][PASSED] - Navigate to 'https://demo-app.online/daftar' successfully

2023-04-03 08:09:31 - [TEST_STEP][PASSED] - setText(findTestObject("Object Repository/Web/Register/Reg_InputText_Nama"), "Rizki Khaerul Fajri"): Text 'Rizki Khaerul Fajri' is set on object 'Object Repository/Web/Register/Reg_InputText_Nama'

2023-04-03 08:09:33 - [MESSAGE][PASSED] - Text 'Rizki Khaerul Fajri' is set on object 'Object Repository/Web/Register/Reg_InputText_Nama'

2023-04-03 08:09:33 - [TEST_STEP][PASSED] - setText(findTestObject("Object Repository/Web/Register/Reg_InputText_BirthDay"), "18-Feb-1997"): Text '18-Feb-1997' is set on object 'Object Repository/Web/Register/Reg_InputText_BirthDay'

2023-04-03 08:09:33 - [MESSAGE][PASSED] - Text '18-Feb-1997' is set on object 'Object Repository/Web/Register/Reg_InputText_BirthDay'

2023-04-03 08:09:33 - [TEST_STEP][PASSED] - setText(findTestObject("Object Repository/Web/Register/Reg_InputText_Email"), "     "): Text '     ' is set on object 'Object Repository/Web/Register/Reg_InputText_Email'

2023-04-03 08:09:34 - [MESSAGE][PASSED] - Text '     ' is set on object 'Object Repository/Web/Register/Reg_InputText_Email'

2023-04-03 08:09:34 - [TEST_STEP][PASSED] - setText(findTestObject("Object Repository/Web/Register/Reg_InputText_Whatsapp"), "081324387267"): Text '081324387267' is set on object 'Object Repository/Web/Register/Reg_InputText_Whatsapp'

2023-04-03 08:09:35 - [MESSAGE][PASSED] - Text '081324387267' is set on object 'Object Repository/Web/Register/Reg_InputText_Whatsapp'

2023-04-03 08:09:35 - [TEST_STEP][PASSED] - setText(findTestObject("Object Repository/Web/Register/Reg_InputText_KataSandi"), "testingtesting"): Text 'testingtesting' is set on object 'Object Repository/Web/Register/Reg_InputText_KataSandi'

2023-04-03 08:09:36 - [MESSAGE][PASSED] - Text 'testingtesting' is set on object 'Object Repository/Web/Register/Reg_InputText_KataSandi'

2023-04-03 08:09:36 - [TEST_STEP][PASSED] - setText(findTestObject("Object Repository/Web/Register/Reg_InputText_KonfirmasiKataSandi"), "testingtesting"): Text 'testingtesting' is set on object 'Object Repository/Web/Register/Reg_InputText_KonfirmasiKataSandi'

2023-04-03 08:09:36 - [MESSAGE][PASSED] - Text 'testingtesting' is set on object 'Object Repository/Web/Register/Reg_InputText_KonfirmasiKataSandi'

2023-04-03 08:09:36 - [TEST_STEP][PASSED] - check(findTestObject("Object Repository/Web/Register/Reg_Checkbox_SyaratDanKetentuan")): Object 'Object Repository/Web/Register/Reg_Checkbox_SyaratDanKetentuan' is checked

2023-04-03 08:09:37 - [MESSAGE][PASSED] - Object 'Object Repository/Web/Register/Reg_Checkbox_SyaratDanKetentuan' is checked

2023-04-03 08:09:37 - [TEST_STEP][PASSED] - click(findTestObject("Object Repository/Web/Register/Reg_Button_Daftar")): Object: 'Object Repository/Web/Register/Reg_Button_Daftar' is clicked on

2023-04-03 08:09:37 - [MESSAGE][PASSED] - Object: 'Object Repository/Web/Register/Reg_Button_Daftar' is clicked on

2023-04-03 08:09:37 - [TEST_STEP][PASSED] - delay(2): Delayed 2 second(s)

2023-04-03 08:09:39 - [MESSAGE][PASSED] - Delayed 2 second(s)

2023-04-03 08:09:39 - [TEST_STEP][PASSED] - if (getUrl() == "https://demo-app.online/daftar"): null

2023-04-03 08:09:39 - [MESSAGE][PASSED] - Current window's url is: 'https://demo-app.online/daftar'

2023-04-03 08:09:39 - [TEST_STEP][PASSED] - isValid = executeJavaScript("document.getElementById("email").reportValidity();", null): Execute JavaScript 'document.getElementById("email").reportValidity();' successfully

2023-04-03 08:09:39 - [MESSAGE][PASSED] - Execute JavaScript 'document.getElementById("email").reportValidity();' successfully

2023-04-03 08:09:39 - [TEST_STEP][PASSED] - assert !(isValid) : "Validation error should be displayed": null

2023-04-03 08:09:39 - [TEST_STEP][PASSED] - delay(2): Delayed 2 second(s)

2023-04-03 08:09:41 - [MESSAGE][PASSED] - Delayed 2 second(s)

2023-04-03 08:09:41 - [TEST_STEP][PASSED] - assert !(getUrl() == "https://demo-app.online/email/verify"): Current window's url is: 'https://demo-app.online/daftar'

2023-04-03 08:09:41 - [MESSAGE][PASSED] - Current window's url is: 'https://demo-app.online/daftar']]></system-out>
         <system-err><![CDATA[]]></system-err>
      </testcase>
      <testcase name="Test Cases/Web/REG/REG-27" time="14.081" classname="Test Cases/Web/REG/REG-27" status="PASSED">
         <system-out><![CDATA[2023-04-03 08:09:41 - [TEST_CASE][PASSED] - Test Cases/Web/REG/REG-27: Test Cases/Web/REG/REG-27

2023-04-03 08:09:41 - [TEST_STEP][PASSED] - openBrowser(""): Browser is opened with url: ''

2023-04-03 08:09:41 - [MESSAGE][WARNING] - A browser is already opened. Closing browser and opening a new one

2023-04-03 08:09:42 - [MESSAGE][INFO] - Starting 'Chrome' driver

2023-04-03 08:09:42 - [MESSAGE][INFO] - Action delay is set to 0 milliseconds

2023-04-03 08:09:43 - [MESSAGE][PASSED] - Browser is opened with url: ''

2023-04-03 08:09:43 - [TEST_STEP][PASSED] - navigateToUrl("https://demo-app.online/daftar"): Navigate to 'https://demo-app.online/daftar' successfully

2023-04-03 08:09:45 - [MESSAGE][PASSED] - Navigate to 'https://demo-app.online/daftar' successfully

2023-04-03 08:09:45 - [TEST_STEP][PASSED] - setText(findTestObject("Object Repository/Web/Register/Reg_InputText_Nama"), "Rizki Khaerul Fajri"): Text 'Rizki Khaerul Fajri' is set on object 'Object Repository/Web/Register/Reg_InputText_Nama'

2023-04-03 08:09:46 - [MESSAGE][PASSED] - Text 'Rizki Khaerul Fajri' is set on object 'Object Repository/Web/Register/Reg_InputText_Nama'

2023-04-03 08:09:46 - [TEST_STEP][PASSED] - setText(findTestObject("Object Repository/Web/Register/Reg_InputText_BirthDay"), "18-Feb-1997"): Text '18-Feb-1997' is set on object 'Object Repository/Web/Register/Reg_InputText_BirthDay'

2023-04-03 08:09:47 - [MESSAGE][PASSED] - Text '18-Feb-1997' is set on object 'Object Repository/Web/Register/Reg_InputText_BirthDay'

2023-04-03 08:09:47 - [TEST_STEP][PASSED] - setText(findTestObject("Object Repository/Web/Register/Reg_InputText_Email"), "rizkikhaerulfajri@gmail.com"): Text 'rizkikhaerulfajri@gmail.com' is set on object 'Object Repository/Web/Register/Reg_InputText_Email'

2023-04-03 08:09:48 - [MESSAGE][PASSED] - Text 'rizkikhaerulfajri@gmail.com' is set on object 'Object Repository/Web/Register/Reg_InputText_Email'

2023-04-03 08:09:48 - [TEST_STEP][PASSED] - setText(findTestObject("Object Repository/Web/Register/Reg_InputText_Whatsapp"), "081324387267"): Text '081324387267' is set on object 'Object Repository/Web/Register/Reg_InputText_Whatsapp'

2023-04-03 08:09:48 - [MESSAGE][PASSED] - Text '081324387267' is set on object 'Object Repository/Web/Register/Reg_InputText_Whatsapp'

2023-04-03 08:09:48 - [TEST_STEP][PASSED] - setText(findTestObject("Object Repository/Web/Register/Reg_InputText_KataSandi"), "testingtesting"): Text 'testingtesting' is set on object 'Object Repository/Web/Register/Reg_InputText_KataSandi'

2023-04-03 08:09:49 - [MESSAGE][PASSED] - Text 'testingtesting' is set on object 'Object Repository/Web/Register/Reg_InputText_KataSandi'

2023-04-03 08:09:49 - [TEST_STEP][PASSED] - setText(findTestObject("Object Repository/Web/Register/Reg_InputText_KonfirmasiKataSandi"), "testingtesting"): Text 'testingtesting' is set on object 'Object Repository/Web/Register/Reg_InputText_KonfirmasiKataSandi'

2023-04-03 08:09:50 - [MESSAGE][PASSED] - Text 'testingtesting' is set on object 'Object Repository/Web/Register/Reg_InputText_KonfirmasiKataSandi'

2023-04-03 08:09:50 - [TEST_STEP][PASSED] - check(findTestObject("Object Repository/Web/Register/Reg_Checkbox_SyaratDanKetentuan")): Object 'Object Repository/Web/Register/Reg_Checkbox_SyaratDanKetentuan' is checked

2023-04-03 08:09:50 - [MESSAGE][PASSED] - Object 'Object Repository/Web/Register/Reg_Checkbox_SyaratDanKetentuan' is checked

2023-04-03 08:09:50 - [TEST_STEP][PASSED] - click(findTestObject("Object Repository/Web/Register/Reg_Button_Daftar")): Object: 'Object Repository/Web/Register/Reg_Button_Daftar' is clicked on

2023-04-03 08:09:51 - [MESSAGE][PASSED] - Object: 'Object Repository/Web/Register/Reg_Button_Daftar' is clicked on

2023-04-03 08:09:51 - [TEST_STEP][PASSED] - delay(2): Delayed 2 second(s)

2023-04-03 08:09:53 - [MESSAGE][PASSED] - Delayed 2 second(s)

2023-04-03 08:09:53 - [TEST_STEP][PASSED] - if (getUrl() == "https://demo-app.online/daftar"): null

2023-04-03 08:09:53 - [MESSAGE][PASSED] - Current window's url is: 'https://demo-app.online/daftar'

2023-04-03 08:09:53 - [TEST_STEP][PASSED] - isValid = executeJavaScript("document.getElementById("email").reportValidity();", null): Execute JavaScript 'document.getElementById("email").reportValidity();' successfully

2023-04-03 08:09:53 - [MESSAGE][PASSED] - Execute JavaScript 'document.getElementById("email").reportValidity();' successfully

2023-04-03 08:09:53 - [TEST_STEP][PASSED] - assert !(isValid) : "Validation error should be displayed": null

2023-04-03 08:09:53 - [TEST_STEP][PASSED] - delay(2): Delayed 2 second(s)

2023-04-03 08:09:55 - [MESSAGE][PASSED] - Delayed 2 second(s)

2023-04-03 08:09:55 - [TEST_STEP][PASSED] - assert !(getUrl() == "https://demo-app.online/email/verify"): Current window's url is: 'https://demo-app.online/daftar'

2023-04-03 08:09:55 - [MESSAGE][PASSED] - Current window's url is: 'https://demo-app.online/daftar']]></system-out>
         <system-err><![CDATA[]]></system-err>
      </testcase>
      <testcase name="Test Cases/Web/REG/REG-28" time="70.775" classname="Test Cases/Web/REG/REG-28" status="PASSED">
         <system-out><![CDATA[2023-04-03 08:09:55 - [TEST_CASE][PASSED] - Test Cases/Web/REG/REG-28: Test Cases/Web/REG/REG-28

2023-04-03 08:09:56 - [TEST_STEP][PASSED] - openBrowser(""): Browser is opened with url: ''

2023-04-03 08:09:56 - [MESSAGE][WARNING] - A browser is already opened. Closing browser and opening a new one

2023-04-03 08:09:56 - [MESSAGE][INFO] - Starting 'Chrome' driver

2023-04-03 08:09:56 - [MESSAGE][INFO] - Action delay is set to 0 milliseconds

2023-04-03 08:09:57 - [MESSAGE][PASSED] - Browser is opened with url: ''

2023-04-03 08:09:57 - [TEST_STEP][PASSED] - testData = findTestData("Data Files/Web/Register_InvalidEmail"): null

2023-04-03 08:09:57 - [TEST_STEP][PASSED] - hasError = true: null

2023-04-03 08:09:57 - [TEST_STEP][FAILED] - for ([i = 1, i <= testData.getRowNumbers(), (i++)]): null

2023-04-03 08:09:57 - [TEST_STEP][PASSED] - email = testData.getValue("E-mail", i): null

2023-04-03 08:09:57 - [TEST_STEP][PASSED] - navigateToUrl("https://demo-app.online/daftar"): Navigate to 'https://demo-app.online/daftar' successfully

2023-04-03 08:09:59 - [MESSAGE][PASSED] - Navigate to 'https://demo-app.online/daftar' successfully

2023-04-03 08:09:59 - [TEST_STEP][PASSED] - setText(findTestObject("Object Repository/Web/Register/Reg_InputText_Nama"), "Rizki Khaerul Fajri"): Text 'Rizki Khaerul Fajri' is set on object 'Object Repository/Web/Register/Reg_InputText_Nama'

2023-04-03 08:10:00 - [MESSAGE][PASSED] - Text 'Rizki Khaerul Fajri' is set on object 'Object Repository/Web/Register/Reg_InputText_Nama'

2023-04-03 08:10:00 - [TEST_STEP][PASSED] - setText(findTestObject("Object Repository/Web/Register/Reg_InputText_BirthDay"), "18-Feb-1997"): Text '18-Feb-1997' is set on object 'Object Repository/Web/Register/Reg_InputText_BirthDay'

2023-04-03 08:10:01 - [MESSAGE][PASSED] - Text '18-Feb-1997' is set on object 'Object Repository/Web/Register/Reg_InputText_BirthDay'

2023-04-03 08:10:01 - [TEST_STEP][PASSED] - setText(findTestObject("Object Repository/Web/Register/Reg_InputText_Email"), email): Text 'usernameexample.com' is set on object 'Object Repository/Web/Register/Reg_InputText_Email'

2023-04-03 08:10:02 - [MESSAGE][PASSED] - Text 'usernameexample.com' is set on object 'Object Repository/Web/Register/Reg_InputText_Email'

2023-04-03 08:10:02 - [TEST_STEP][PASSED] - setText(findTestObject("Object Repository/Web/Register/Reg_InputText_Whatsapp"), "081324387267"): Text '081324387267' is set on object 'Object Repository/Web/Register/Reg_InputText_Whatsapp'

2023-04-03 08:10:02 - [MESSAGE][PASSED] - Text '081324387267' is set on object 'Object Repository/Web/Register/Reg_InputText_Whatsapp'

2023-04-03 08:10:02 - [TEST_STEP][PASSED] - setText(findTestObject("Object Repository/Web/Register/Reg_InputText_KataSandi"), "testingtesting"): Text 'testingtesting' is set on object 'Object Repository/Web/Register/Reg_InputText_KataSandi'

2023-04-03 08:10:03 - [MESSAGE][PASSED] - Text 'testingtesting' is set on object 'Object Repository/Web/Register/Reg_InputText_KataSandi'

2023-04-03 08:10:03 - [TEST_STEP][PASSED] - setText(findTestObject("Object Repository/Web/Register/Reg_InputText_KonfirmasiKataSandi"), "testingtesting"): Text 'testingtesting' is set on object 'Object Repository/Web/Register/Reg_InputText_KonfirmasiKataSandi'

2023-04-03 08:10:04 - [MESSAGE][PASSED] - Text 'testingtesting' is set on object 'Object Repository/Web/Register/Reg_InputText_KonfirmasiKataSandi'

2023-04-03 08:10:04 - [TEST_STEP][PASSED] - check(findTestObject("Object Repository/Web/Register/Reg_Checkbox_SyaratDanKetentuan")): Object 'Object Repository/Web/Register/Reg_Checkbox_SyaratDanKetentuan' is checked

2023-04-03 08:10:04 - [MESSAGE][PASSED] - Object 'Object Repository/Web/Register/Reg_Checkbox_SyaratDanKetentuan' is checked

2023-04-03 08:10:04 - [TEST_STEP][PASSED] - click(findTestObject("Object Repository/Web/Register/Reg_Button_Daftar")): Object: 'Object Repository/Web/Register/Reg_Button_Daftar' is clicked on

2023-04-03 08:10:05 - [MESSAGE][PASSED] - Object: 'Object Repository/Web/Register/Reg_Button_Daftar' is clicked on

2023-04-03 08:10:05 - [TEST_STEP][PASSED] - delay(1): Delayed 1 second(s)

2023-04-03 08:10:06 - [MESSAGE][PASSED] - Delayed 1 second(s)

2023-04-03 08:10:06 - [TEST_STEP][PASSED] - if (getUrl().equals("https://demo-app.online/email/verify")): Current window's url is: 'https://demo-app.online/daftar'

2023-04-03 08:10:06 - [MESSAGE][PASSED] - Current window's url is: 'https://demo-app.online/daftar'

2023-04-03 08:10:06 - [TEST_STEP][FAILED] - else: null

2023-04-03 08:10:06 - [TEST_STEP][PASSED] - try: null

2023-04-03 08:10:06 - [TEST_STEP][PASSED] - isValid = executeJavaScript("document.getElementById("email").reportValidity();", null): Execute JavaScript 'document.getElementById("email").reportValidity();' successfully

2023-04-03 08:10:06 - [MESSAGE][PASSED] - Execute JavaScript 'document.getElementById("email").reportValidity();' successfully

2023-04-03 08:10:06 - [TEST_STEP][PASSED] - assert !(isValid) : "Validation error should be displayed": null

2023-04-03 08:10:06 - [TEST_STEP][FAILED] - try: Unable to verify object 'Object Repository/WEB/Register/Reg_validationError_EmailRegisteredAlready' is present (Root cause: com.kms.katalon.core.exception.StepFailedException: Unable to verify object 'Object Repository/WEB/Register/Reg_validationError_EmailRegisteredAlready' is present
	at com.kms.katalon.core.webui.keyword.internal.WebUIKeywordMain.stepFailed(WebUIKeywordMain.groovy:64)
	at com.kms.katalon.core.webui.keyword.internal.WebUIKeywordMain.runKeyword(WebUIKeywordMain.groovy:26)
	at com.kms.katalon.core.webui.keyword.builtin.VerifyElementPresentKeyword.verifyElementPresent(VerifyElementPresentKeyword.groovy:92)
	at com.kms.katalon.core.webui.keyword.builtin.VerifyElementPresentKeyword.execute(VerifyElementPresentKeyword.groovy:68)
	at com.kms.katalon.core.keyword.internal.KeywordExecutor.executeKeywordForPlatform(KeywordExecutor.groovy:74)
	at com.kms.katalon.core.webui.keyword.WebUiBuiltInKeywords.verifyElementPresent(WebUiBuiltInKeywords.groovy:1464)
	at com.kms.katalon.core.webui.keyword.WebUiBuiltInKeywords$verifyElementPresent$7.call(Unknown Source)
	at REG-28.run(REG-28:67)
	at com.kms.katalon.core.main.ScriptEngine.run(ScriptEngine.java:194)
	at com.kms.katalon.core.main.ScriptEngine.runScriptAsRawText(ScriptEngine.java:119)
	at com.kms.katalon.core.main.TestCaseExecutor.runScript(TestCaseExecutor.java:448)
	at com.kms.katalon.core.main.TestCaseExecutor.doExecute(TestCaseExecutor.java:439)
	at com.kms.katalon.core.main.TestCaseExecutor.processExecutionPhase(TestCaseExecutor.java:418)
	at com.kms.katalon.core.main.TestCaseExecutor.accessMainPhase(TestCaseExecutor.java:410)
	at com.kms.katalon.core.main.TestCaseExecutor.execute(TestCaseExecutor.java:285)
	at com.kms.katalon.core.common.CommonExecutor.accessTestCaseMainPhase(CommonExecutor.java:65)
	at com.kms.katalon.core.main.TestSuiteExecutor.accessTestSuiteMainPhase(TestSuiteExecutor.java:151)
	at com.kms.katalon.core.main.TestSuiteExecutor.execute(TestSuiteExecutor.java:106)
	at com.kms.katalon.core.main.TestCaseMain.startTestSuite(TestCaseMain.java:185)
	at com.kms.katalon.core.main.TestCaseMain$startTestSuite$0.call(Unknown Source)
	at TempTestSuite1680483767821.run(TempTestSuite1680483767821.groovy:36)
Caused by: com.kms.katalon.core.exception.StepFailedException: com.kms.katalon.core.webui.exception.WebElementNotFoundException: Web element with id: 'Object Repository/WEB/Register/Reg_validationError_EmailRegisteredAlready' located by '(.//*[normalize-space(text()) and normalize-space(.)='E-Mail'])[1]/following::small[1]' not found
	at com.kms.katalon.core.webui.keyword.internal.WebUIKeywordMain.stepFailed(WebUIKeywordMain.groovy:64)
	at com.kms.katalon.core.webui.keyword.builtin.VerifyElementPresentKeyword$_verifyElementPresent_closure1.doCall(VerifyElementPresentKeyword.groovy:85)
	at com.kms.katalon.core.webui.keyword.builtin.VerifyElementPresentKeyword$_verifyElementPresent_closure1.call(VerifyElementPresentKeyword.groovy)
	at com.kms.katalon.core.webui.keyword.internal.WebUIKeywordMain.runKeyword(WebUIKeywordMain.groovy:20)
	... 19 more
)

2023-04-03 08:10:06 - [TEST_STEP][FAILED] - verifyElementPresent(findTestObject("Object Repository/WEB/Register/Reg_validationError_EmailRegisteredAlready"), 1): Unable to verify object 'Object Repository/WEB/Register/Reg_validationError_EmailRegisteredAlready' is present (Root cause: com.kms.katalon.core.exception.StepFailedException: Unable to verify object 'Object Repository/WEB/Register/Reg_validationError_EmailRegisteredAlready' is present
	at com.kms.katalon.core.webui.keyword.internal.WebUIKeywordMain.stepFailed(WebUIKeywordMain.groovy:64)
	at com.kms.katalon.core.webui.keyword.internal.WebUIKeywordMain.runKeyword(WebUIKeywordMain.groovy:26)
	at com.kms.katalon.core.webui.keyword.builtin.VerifyElementPresentKeyword.verifyElementPresent(VerifyElementPresentKeyword.groovy:92)
	at com.kms.katalon.core.webui.keyword.builtin.VerifyElementPresentKeyword.execute(VerifyElementPresentKeyword.groovy:68)
	at com.kms.katalon.core.keyword.internal.KeywordExecutor.executeKeywordForPlatform(KeywordExecutor.groovy:74)
	at com.kms.katalon.core.webui.keyword.WebUiBuiltInKeywords.verifyElementPresent(WebUiBuiltInKeywords.groovy:1464)
	at com.kms.katalon.core.webui.keyword.WebUiBuiltInKeywords$verifyElementPresent$7.call(Unknown Source)
	at REG-28.run(REG-28:67)
	at com.kms.katalon.core.main.ScriptEngine.run(ScriptEngine.java:194)
	at com.kms.katalon.core.main.ScriptEngine.runScriptAsRawText(ScriptEngine.java:119)
	at com.kms.katalon.core.main.TestCaseExecutor.runScript(TestCaseExecutor.java:448)
	at com.kms.katalon.core.main.TestCaseExecutor.doExecute(TestCaseExecutor.java:439)
	at com.kms.katalon.core.main.TestCaseExecutor.processExecutionPhase(TestCaseExecutor.java:418)
	at com.kms.katalon.core.main.TestCaseExecutor.accessMainPhase(TestCaseExecutor.java:410)
	at com.kms.katalon.core.main.TestCaseExecutor.execute(TestCaseExecutor.java:285)
	at com.kms.katalon.core.common.CommonExecutor.accessTestCaseMainPhase(CommonExecutor.java:65)
	at com.kms.katalon.core.main.TestSuiteExecutor.accessTestSuiteMainPhase(TestSuiteExecutor.java:151)
	at com.kms.katalon.core.main.TestSuiteExecutor.execute(TestSuiteExecutor.java:106)
	at com.kms.katalon.core.main.TestCaseMain.startTestSuite(TestCaseMain.java:185)
	at com.kms.katalon.core.main.TestCaseMain$startTestSuite$0.call(Unknown Source)
	at TempTestSuite1680483767821.run(TempTestSuite1680483767821.groovy:36)
Caused by: com.kms.katalon.core.exception.StepFailedException: com.kms.katalon.core.webui.exception.WebElementNotFoundException: Web element with id: 'Object Repository/WEB/Register/Reg_validationError_EmailRegisteredAlready' located by '(.//*[normalize-space(text()) and normalize-space(.)='E-Mail'])[1]/following::small[1]' not found
	at com.kms.katalon.core.webui.keyword.internal.WebUIKeywordMain.stepFailed(WebUIKeywordMain.groovy:64)
	at com.kms.katalon.core.webui.keyword.builtin.VerifyElementPresentKeyword$_verifyElementPresent_closure1.doCall(VerifyElementPresentKeyword.groovy:85)
	at com.kms.katalon.core.webui.keyword.builtin.VerifyElementPresentKeyword$_verifyElementPresent_closure1.call(VerifyElementPresentKeyword.groovy)
	at com.kms.katalon.core.webui.keyword.internal.WebUIKeywordMain.runKeyword(WebUIKeywordMain.groovy:20)
	... 19 more
)

2023-04-03 08:10:08 - [MESSAGE][INFO] - Unable to find the element located by 'By.xpath: (.//*[normalize-space(text()) and normalize-space(.)='E-Mail'])[1]/following::small[1]'. Please recheck the objects properties to make sure the desired element is located. 

2023-04-03 08:10:08 - [MESSAGE][FAILED] - com.kms.katalon.core.webui.exception.WebElementNotFoundException: Web element with id: 'Object Repository/WEB/Register/Reg_validationError_EmailRegisteredAlready' located by '(.//*[normalize-space(text()) and normalize-space(.)='E-Mail'])[1]/following::small[1]' not found (Root cause: com.kms.katalon.core.exception.StepFailedException: com.kms.katalon.core.webui.exception.WebElementNotFoundException: Web element with id: 'Object Repository/WEB/Register/Reg_validationError_EmailRegisteredAlready' located by '(.//*[normalize-space(text()) and normalize-space(.)='E-Mail'])[1]/following::small[1]' not found
	at com.kms.katalon.core.webui.keyword.internal.WebUIKeywordMain.stepFailed(WebUIKeywordMain.groovy:64)
	at com.kms.katalon.core.webui.keyword.builtin.VerifyElementPresentKeyword$_verifyElementPresent_closure1.doCall(VerifyElementPresentKeyword.groovy:85)
	at com.kms.katalon.core.webui.keyword.builtin.VerifyElementPresentKeyword$_verifyElementPresent_closure1.call(VerifyElementPresentKeyword.groovy)
	at com.kms.katalon.core.webui.keyword.internal.WebUIKeywordMain.runKeyword(WebUIKeywordMain.groovy:20)
	at com.kms.katalon.core.webui.keyword.builtin.VerifyElementPresentKeyword.verifyElementPresent(VerifyElementPresentKeyword.groovy:92)
	at com.kms.katalon.core.webui.keyword.builtin.VerifyElementPresentKeyword.execute(VerifyElementPresentKeyword.groovy:68)
	at com.kms.katalon.core.keyword.internal.KeywordExecutor.executeKeywordForPlatform(KeywordExecutor.groovy:74)
	at com.kms.katalon.core.webui.keyword.WebUiBuiltInKeywords.verifyElementPresent(WebUiBuiltInKeywords.groovy:1464)
	at com.kms.katalon.core.webui.keyword.WebUiBuiltInKeywords$verifyElementPresent$7.call(Unknown Source)
	at REG-28.run(REG-28:67)
	at com.kms.katalon.core.main.ScriptEngine.run(ScriptEngine.java:194)
	at com.kms.katalon.core.main.ScriptEngine.runScriptAsRawText(ScriptEngine.java:119)
	at com.kms.katalon.core.main.TestCaseExecutor.runScript(TestCaseExecutor.java:448)
	at com.kms.katalon.core.main.TestCaseExecutor.doExecute(TestCaseExecutor.java:439)
	at com.kms.katalon.core.main.TestCaseExecutor.processExecutionPhase(TestCaseExecutor.java:418)
	at com.kms.katalon.core.main.TestCaseExecutor.accessMainPhase(TestCaseExecutor.java:410)
	at com.kms.katalon.core.main.TestCaseExecutor.execute(TestCaseExecutor.java:285)
	at com.kms.katalon.core.common.CommonExecutor.accessTestCaseMainPhase(CommonExecutor.java:65)
	at com.kms.katalon.core.main.TestSuiteExecutor.accessTestSuiteMainPhase(TestSuiteExecutor.java:151)
	at com.kms.katalon.core.main.TestSuiteExecutor.execute(TestSuiteExecutor.java:106)
	at com.kms.katalon.core.main.TestCaseMain.startTestSuite(TestCaseMain.java:185)
	at com.kms.katalon.core.main.TestCaseMain$startTestSuite$0.call(Unknown Source)
	at TempTestSuite1680483767821.run(TempTestSuite1680483767821.groovy:36)
)
[[ATTACHMENT|C:\\Users\\rizki\\git\\CodingID-QA\\Reports\\20230403_080247\\WEB\\REG\\20230403_080247\\1680484208276.png]]

2023-04-03 08:10:08 - [MESSAGE][FAILED] - Unable to verify object 'Object Repository/WEB/Register/Reg_validationError_EmailRegisteredAlready' is present (Root cause: com.kms.katalon.core.exception.StepFailedException: Unable to verify object 'Object Repository/WEB/Register/Reg_validationError_EmailRegisteredAlready' is present
	at com.kms.katalon.core.webui.keyword.internal.WebUIKeywordMain.stepFailed(WebUIKeywordMain.groovy:64)
	at com.kms.katalon.core.webui.keyword.internal.WebUIKeywordMain.runKeyword(WebUIKeywordMain.groovy:26)
	at com.kms.katalon.core.webui.keyword.builtin.VerifyElementPresentKeyword.verifyElementPresent(VerifyElementPresentKeyword.groovy:92)
	at com.kms.katalon.core.webui.keyword.builtin.VerifyElementPresentKeyword.execute(VerifyElementPresentKeyword.groovy:68)
	at com.kms.katalon.core.keyword.internal.KeywordExecutor.executeKeywordForPlatform(KeywordExecutor.groovy:74)
	at com.kms.katalon.core.webui.keyword.WebUiBuiltInKeywords.verifyElementPresent(WebUiBuiltInKeywords.groovy:1464)
	at com.kms.katalon.core.webui.keyword.WebUiBuiltInKeywords$verifyElementPresent$7.call(Unknown Source)
	at REG-28.run(REG-28:67)
	at com.kms.katalon.core.main.ScriptEngine.run(ScriptEngine.java:194)
	at com.kms.katalon.core.main.ScriptEngine.runScriptAsRawText(ScriptEngine.java:119)
	at com.kms.katalon.core.main.TestCaseExecutor.runScript(TestCaseExecutor.java:448)
	at com.kms.katalon.core.main.TestCaseExecutor.doExecute(TestCaseExecutor.java:439)
	at com.kms.katalon.core.main.TestCaseExecutor.processExecutionPhase(TestCaseExecutor.java:418)
	at com.kms.katalon.core.main.TestCaseExecutor.accessMainPhase(TestCaseExecutor.java:410)
	at com.kms.katalon.core.main.TestCaseExecutor.execute(TestCaseExecutor.java:285)
	at com.kms.katalon.core.common.CommonExecutor.accessTestCaseMainPhase(CommonExecutor.java:65)
	at com.kms.katalon.core.main.TestSuiteExecutor.accessTestSuiteMainPhase(TestSuiteExecutor.java:151)
	at com.kms.katalon.core.main.TestSuiteExecutor.execute(TestSuiteExecutor.java:106)
	at com.kms.katalon.core.main.TestCaseMain.startTestSuite(TestCaseMain.java:185)
	at com.kms.katalon.core.main.TestCaseMain$startTestSuite$0.call(Unknown Source)
	at TempTestSuite1680483767821.run(TempTestSuite1680483767821.groovy:36)
Caused by: com.kms.katalon.core.exception.StepFailedException: com.kms.katalon.core.webui.exception.WebElementNotFoundException: Web element with id: 'Object Repository/WEB/Register/Reg_validationError_EmailRegisteredAlready' located by '(.//*[normalize-space(text()) and normalize-space(.)='E-Mail'])[1]/following::small[1]' not found
	at com.kms.katalon.core.webui.keyword.internal.WebUIKeywordMain.stepFailed(WebUIKeywordMain.groovy:64)
	at com.kms.katalon.core.webui.keyword.builtin.VerifyElementPresentKeyword$_verifyElementPresent_closure1.doCall(VerifyElementPresentKeyword.groovy:85)
	at com.kms.katalon.core.webui.keyword.builtin.VerifyElementPresentKeyword$_verifyElementPresent_closure1.call(VerifyElementPresentKeyword.groovy)
	at com.kms.katalon.core.webui.keyword.internal.WebUIKeywordMain.runKeyword(WebUIKeywordMain.groovy:20)
	... 19 more
)
[[ATTACHMENT|C:\\Users\\rizki\\git\\CodingID-QA\\Reports\\20230403_080247\\WEB\\REG\\20230403_080247\\1680484208441.png]]

2023-04-03 08:10:08 - [TEST_STEP][PASSED] - catch (com.kms.katalon.core.exception.StepFailedException e): null

2023-04-03 08:10:08 - [TEST_STEP][PASSED] - if (!(hasError)): null

2023-04-03 08:10:08 - [TEST_STEP][PASSED] - email = testData.getValue("E-mail", i): null

2023-04-03 08:10:08 - [TEST_STEP][PASSED] - navigateToUrl("https://demo-app.online/daftar"): Navigate to 'https://demo-app.online/daftar' successfully

2023-04-03 08:10:09 - [MESSAGE][PASSED] - Navigate to 'https://demo-app.online/daftar' successfully

2023-04-03 08:10:09 - [TEST_STEP][PASSED] - setText(findTestObject("Object Repository/Web/Register/Reg_InputText_Nama"), "Rizki Khaerul Fajri"): Text 'Rizki Khaerul Fajri' is set on object 'Object Repository/Web/Register/Reg_InputText_Nama'

2023-04-03 08:10:11 - [MESSAGE][PASSED] - Text 'Rizki Khaerul Fajri' is set on object 'Object Repository/Web/Register/Reg_InputText_Nama'

2023-04-03 08:10:11 - [TEST_STEP][PASSED] - setText(findTestObject("Object Repository/Web/Register/Reg_InputText_BirthDay"), "18-Feb-1997"): Text '18-Feb-1997' is set on object 'Object Repository/Web/Register/Reg_InputText_BirthDay'

2023-04-03 08:10:12 - [MESSAGE][PASSED] - Text '18-Feb-1997' is set on object 'Object Repository/Web/Register/Reg_InputText_BirthDay'

2023-04-03 08:10:12 - [TEST_STEP][PASSED] - setText(findTestObject("Object Repository/Web/Register/Reg_InputText_Email"), email): Text 'user..name@example.com' is set on object 'Object Repository/Web/Register/Reg_InputText_Email'

2023-04-03 08:10:12 - [MESSAGE][PASSED] - Text 'user..name@example.com' is set on object 'Object Repository/Web/Register/Reg_InputText_Email'

2023-04-03 08:10:12 - [TEST_STEP][PASSED] - setText(findTestObject("Object Repository/Web/Register/Reg_InputText_Whatsapp"), "081324387267"): Text '081324387267' is set on object 'Object Repository/Web/Register/Reg_InputText_Whatsapp'

2023-04-03 08:10:13 - [MESSAGE][PASSED] - Text '081324387267' is set on object 'Object Repository/Web/Register/Reg_InputText_Whatsapp'

2023-04-03 08:10:13 - [TEST_STEP][PASSED] - setText(findTestObject("Object Repository/Web/Register/Reg_InputText_KataSandi"), "testingtesting"): Text 'testingtesting' is set on object 'Object Repository/Web/Register/Reg_InputText_KataSandi'

2023-04-03 08:10:14 - [MESSAGE][PASSED] - Text 'testingtesting' is set on object 'Object Repository/Web/Register/Reg_InputText_KataSandi'

2023-04-03 08:10:14 - [TEST_STEP][PASSED] - setText(findTestObject("Object Repository/Web/Register/Reg_InputText_KonfirmasiKataSandi"), "testingtesting"): Text 'testingtesting' is set on object 'Object Repository/Web/Register/Reg_InputText_KonfirmasiKataSandi'

2023-04-03 08:10:15 - [MESSAGE][PASSED] - Text 'testingtesting' is set on object 'Object Repository/Web/Register/Reg_InputText_KonfirmasiKataSandi'

2023-04-03 08:10:15 - [TEST_STEP][PASSED] - check(findTestObject("Object Repository/Web/Register/Reg_Checkbox_SyaratDanKetentuan")): Object 'Object Repository/Web/Register/Reg_Checkbox_SyaratDanKetentuan' is checked

2023-04-03 08:10:15 - [MESSAGE][PASSED] - Object 'Object Repository/Web/Register/Reg_Checkbox_SyaratDanKetentuan' is checked

2023-04-03 08:10:15 - [TEST_STEP][PASSED] - click(findTestObject("Object Repository/Web/Register/Reg_Button_Daftar")): Object: 'Object Repository/Web/Register/Reg_Button_Daftar' is clicked on

2023-04-03 08:10:16 - [MESSAGE][PASSED] - Object: 'Object Repository/Web/Register/Reg_Button_Daftar' is clicked on

2023-04-03 08:10:16 - [TEST_STEP][PASSED] - delay(1): Delayed 1 second(s)

2023-04-03 08:10:17 - [MESSAGE][PASSED] - Delayed 1 second(s)

2023-04-03 08:10:17 - [TEST_STEP][PASSED] - if (getUrl().equals("https://demo-app.online/email/verify")): Current window's url is: 'https://demo-app.online/daftar'

2023-04-03 08:10:17 - [MESSAGE][PASSED] - Current window's url is: 'https://demo-app.online/daftar'

2023-04-03 08:10:17 - [TEST_STEP][PASSED] - else: null

2023-04-03 08:10:17 - [TEST_STEP][PASSED] - try: null

2023-04-03 08:10:17 - [TEST_STEP][PASSED] - isValid = executeJavaScript("document.getElementById("email").reportValidity();", null): Execute JavaScript 'document.getElementById("email").reportValidity();' successfully

2023-04-03 08:10:17 - [MESSAGE][PASSED] - Execute JavaScript 'document.getElementById("email").reportValidity();' successfully

2023-04-03 08:10:17 - [TEST_STEP][PASSED] - assert !(isValid) : "Validation error should be displayed": null

2023-04-03 08:10:17 - [TEST_STEP][PASSED] - try: null

2023-04-03 08:10:17 - [TEST_STEP][PASSED] - verifyElementPresent(findTestObject("Object Repository/WEB/Register/Reg_validationError_EmailRegisteredAlready"), 1): Object 'Object Repository/WEB/Register/Reg_validationError_EmailRegisteredAlready' is present

2023-04-03 08:10:18 - [MESSAGE][PASSED] - Object 'Object Repository/WEB/Register/Reg_validationError_EmailRegisteredAlready' is present

2023-04-03 08:10:18 - [TEST_STEP][PASSED] - hasError = true: null

2023-04-03 08:10:18 - [TEST_STEP][PASSED] - if (!(hasError)): null

2023-04-03 08:10:18 - [TEST_STEP][PASSED] - email = testData.getValue("E-mail", i): null

2023-04-03 08:10:18 - [TEST_STEP][PASSED] - navigateToUrl("https://demo-app.online/daftar"): Navigate to 'https://demo-app.online/daftar' successfully

2023-04-03 08:10:18 - [MESSAGE][PASSED] - Navigate to 'https://demo-app.online/daftar' successfully

2023-04-03 08:10:18 - [TEST_STEP][PASSED] - setText(findTestObject("Object Repository/Web/Register/Reg_InputText_Nama"), "Rizki Khaerul Fajri"): Text 'Rizki Khaerul Fajri' is set on object 'Object Repository/Web/Register/Reg_InputText_Nama'

2023-04-03 08:10:20 - [MESSAGE][PASSED] - Text 'Rizki Khaerul Fajri' is set on object 'Object Repository/Web/Register/Reg_InputText_Nama'

2023-04-03 08:10:20 - [TEST_STEP][PASSED] - setText(findTestObject("Object Repository/Web/Register/Reg_InputText_BirthDay"), "18-Feb-1997"): Text '18-Feb-1997' is set on object 'Object Repository/Web/Register/Reg_InputText_BirthDay'

2023-04-03 08:10:20 - [MESSAGE][PASSED] - Text '18-Feb-1997' is set on object 'Object Repository/Web/Register/Reg_InputText_BirthDay'

2023-04-03 08:10:20 - [TEST_STEP][PASSED] - setText(findTestObject("Object Repository/Web/Register/Reg_InputText_Email"), email): Text 'username@example..com' is set on object 'Object Repository/Web/Register/Reg_InputText_Email'

2023-04-03 08:10:21 - [MESSAGE][PASSED] - Text 'username@example..com' is set on object 'Object Repository/Web/Register/Reg_InputText_Email'

2023-04-03 08:10:21 - [TEST_STEP][PASSED] - setText(findTestObject("Object Repository/Web/Register/Reg_InputText_Whatsapp"), "081324387267"): Text '081324387267' is set on object 'Object Repository/Web/Register/Reg_InputText_Whatsapp'

2023-04-03 08:10:22 - [MESSAGE][PASSED] - Text '081324387267' is set on object 'Object Repository/Web/Register/Reg_InputText_Whatsapp'

2023-04-03 08:10:22 - [TEST_STEP][PASSED] - setText(findTestObject("Object Repository/Web/Register/Reg_InputText_KataSandi"), "testingtesting"): Text 'testingtesting' is set on object 'Object Repository/Web/Register/Reg_InputText_KataSandi'

2023-04-03 08:10:22 - [MESSAGE][PASSED] - Text 'testingtesting' is set on object 'Object Repository/Web/Register/Reg_InputText_KataSandi'

2023-04-03 08:10:22 - [TEST_STEP][PASSED] - setText(findTestObject("Object Repository/Web/Register/Reg_InputText_KonfirmasiKataSandi"), "testingtesting"): Text 'testingtesting' is set on object 'Object Repository/Web/Register/Reg_InputText_KonfirmasiKataSandi'

2023-04-03 08:10:23 - [MESSAGE][PASSED] - Text 'testingtesting' is set on object 'Object Repository/Web/Register/Reg_InputText_KonfirmasiKataSandi'

2023-04-03 08:10:23 - [TEST_STEP][PASSED] - check(findTestObject("Object Repository/Web/Register/Reg_Checkbox_SyaratDanKetentuan")): Object 'Object Repository/Web/Register/Reg_Checkbox_SyaratDanKetentuan' is checked

2023-04-03 08:10:24 - [MESSAGE][PASSED] - Object 'Object Repository/Web/Register/Reg_Checkbox_SyaratDanKetentuan' is checked

2023-04-03 08:10:24 - [TEST_STEP][PASSED] - click(findTestObject("Object Repository/Web/Register/Reg_Button_Daftar")): Object: 'Object Repository/Web/Register/Reg_Button_Daftar' is clicked on

2023-04-03 08:10:24 - [MESSAGE][PASSED] - Object: 'Object Repository/Web/Register/Reg_Button_Daftar' is clicked on

2023-04-03 08:10:24 - [TEST_STEP][PASSED] - delay(1): Delayed 1 second(s)

2023-04-03 08:10:25 - [MESSAGE][PASSED] - Delayed 1 second(s)

2023-04-03 08:10:25 - [TEST_STEP][PASSED] - if (getUrl().equals("https://demo-app.online/email/verify")): Current window's url is: 'https://demo-app.online/daftar'

2023-04-03 08:10:25 - [MESSAGE][PASSED] - Current window's url is: 'https://demo-app.online/daftar'

2023-04-03 08:10:25 - [TEST_STEP][FAILED] - else: null

2023-04-03 08:10:25 - [TEST_STEP][PASSED] - try: null

2023-04-03 08:10:25 - [TEST_STEP][PASSED] - isValid = executeJavaScript("document.getElementById("email").reportValidity();", null): Execute JavaScript 'document.getElementById("email").reportValidity();' successfully

2023-04-03 08:10:25 - [MESSAGE][PASSED] - Execute JavaScript 'document.getElementById("email").reportValidity();' successfully

2023-04-03 08:10:25 - [TEST_STEP][PASSED] - assert !(isValid) : "Validation error should be displayed": null

2023-04-03 08:10:25 - [TEST_STEP][FAILED] - try: Unable to verify object 'Object Repository/WEB/Register/Reg_validationError_EmailRegisteredAlready' is present (Root cause: com.kms.katalon.core.exception.StepFailedException: Unable to verify object 'Object Repository/WEB/Register/Reg_validationError_EmailRegisteredAlready' is present
	at com.kms.katalon.core.webui.keyword.internal.WebUIKeywordMain.stepFailed(WebUIKeywordMain.groovy:64)
	at com.kms.katalon.core.webui.keyword.internal.WebUIKeywordMain.runKeyword(WebUIKeywordMain.groovy:26)
	at com.kms.katalon.core.webui.keyword.builtin.VerifyElementPresentKeyword.verifyElementPresent(VerifyElementPresentKeyword.groovy:92)
	at com.kms.katalon.core.webui.keyword.builtin.VerifyElementPresentKeyword.execute(VerifyElementPresentKeyword.groovy:68)
	at com.kms.katalon.core.keyword.internal.KeywordExecutor.executeKeywordForPlatform(KeywordExecutor.groovy:74)
	at com.kms.katalon.core.webui.keyword.WebUiBuiltInKeywords.verifyElementPresent(WebUiBuiltInKeywords.groovy:1464)
	at com.kms.katalon.core.webui.keyword.WebUiBuiltInKeywords$verifyElementPresent$7.call(Unknown Source)
	at REG-28.run(REG-28:67)
	at com.kms.katalon.core.main.ScriptEngine.run(ScriptEngine.java:194)
	at com.kms.katalon.core.main.ScriptEngine.runScriptAsRawText(ScriptEngine.java:119)
	at com.kms.katalon.core.main.TestCaseExecutor.runScript(TestCaseExecutor.java:448)
	at com.kms.katalon.core.main.TestCaseExecutor.doExecute(TestCaseExecutor.java:439)
	at com.kms.katalon.core.main.TestCaseExecutor.processExecutionPhase(TestCaseExecutor.java:418)
	at com.kms.katalon.core.main.TestCaseExecutor.accessMainPhase(TestCaseExecutor.java:410)
	at com.kms.katalon.core.main.TestCaseExecutor.execute(TestCaseExecutor.java:285)
	at com.kms.katalon.core.common.CommonExecutor.accessTestCaseMainPhase(CommonExecutor.java:65)
	at com.kms.katalon.core.main.TestSuiteExecutor.accessTestSuiteMainPhase(TestSuiteExecutor.java:151)
	at com.kms.katalon.core.main.TestSuiteExecutor.execute(TestSuiteExecutor.java:106)
	at com.kms.katalon.core.main.TestCaseMain.startTestSuite(TestCaseMain.java:185)
	at com.kms.katalon.core.main.TestCaseMain$startTestSuite$0.call(Unknown Source)
	at TempTestSuite1680483767821.run(TempTestSuite1680483767821.groovy:36)
Caused by: com.kms.katalon.core.exception.StepFailedException: com.kms.katalon.core.webui.exception.WebElementNotFoundException: Web element with id: 'Object Repository/WEB/Register/Reg_validationError_EmailRegisteredAlready' located by '(.//*[normalize-space(text()) and normalize-space(.)='E-Mail'])[1]/following::small[1]' not found
	at com.kms.katalon.core.webui.keyword.internal.WebUIKeywordMain.stepFailed(WebUIKeywordMain.groovy:64)
	at com.kms.katalon.core.webui.keyword.builtin.VerifyElementPresentKeyword$_verifyElementPresent_closure1.doCall(VerifyElementPresentKeyword.groovy:85)
	at com.kms.katalon.core.webui.keyword.builtin.VerifyElementPresentKeyword$_verifyElementPresent_closure1.call(VerifyElementPresentKeyword.groovy)
	at com.kms.katalon.core.webui.keyword.internal.WebUIKeywordMain.runKeyword(WebUIKeywordMain.groovy:20)
	... 19 more
)

2023-04-03 08:10:25 - [TEST_STEP][FAILED] - verifyElementPresent(findTestObject("Object Repository/WEB/Register/Reg_validationError_EmailRegisteredAlready"), 1): Unable to verify object 'Object Repository/WEB/Register/Reg_validationError_EmailRegisteredAlready' is present (Root cause: com.kms.katalon.core.exception.StepFailedException: Unable to verify object 'Object Repository/WEB/Register/Reg_validationError_EmailRegisteredAlready' is present
	at com.kms.katalon.core.webui.keyword.internal.WebUIKeywordMain.stepFailed(WebUIKeywordMain.groovy:64)
	at com.kms.katalon.core.webui.keyword.internal.WebUIKeywordMain.runKeyword(WebUIKeywordMain.groovy:26)
	at com.kms.katalon.core.webui.keyword.builtin.VerifyElementPresentKeyword.verifyElementPresent(VerifyElementPresentKeyword.groovy:92)
	at com.kms.katalon.core.webui.keyword.builtin.VerifyElementPresentKeyword.execute(VerifyElementPresentKeyword.groovy:68)
	at com.kms.katalon.core.keyword.internal.KeywordExecutor.executeKeywordForPlatform(KeywordExecutor.groovy:74)
	at com.kms.katalon.core.webui.keyword.WebUiBuiltInKeywords.verifyElementPresent(WebUiBuiltInKeywords.groovy:1464)
	at com.kms.katalon.core.webui.keyword.WebUiBuiltInKeywords$verifyElementPresent$7.call(Unknown Source)
	at REG-28.run(REG-28:67)
	at com.kms.katalon.core.main.ScriptEngine.run(ScriptEngine.java:194)
	at com.kms.katalon.core.main.ScriptEngine.runScriptAsRawText(ScriptEngine.java:119)
	at com.kms.katalon.core.main.TestCaseExecutor.runScript(TestCaseExecutor.java:448)
	at com.kms.katalon.core.main.TestCaseExecutor.doExecute(TestCaseExecutor.java:439)
	at com.kms.katalon.core.main.TestCaseExecutor.processExecutionPhase(TestCaseExecutor.java:418)
	at com.kms.katalon.core.main.TestCaseExecutor.accessMainPhase(TestCaseExecutor.java:410)
	at com.kms.katalon.core.main.TestCaseExecutor.execute(TestCaseExecutor.java:285)
	at com.kms.katalon.core.common.CommonExecutor.accessTestCaseMainPhase(CommonExecutor.java:65)
	at com.kms.katalon.core.main.TestSuiteExecutor.accessTestSuiteMainPhase(TestSuiteExecutor.java:151)
	at com.kms.katalon.core.main.TestSuiteExecutor.execute(TestSuiteExecutor.java:106)
	at com.kms.katalon.core.main.TestCaseMain.startTestSuite(TestCaseMain.java:185)
	at com.kms.katalon.core.main.TestCaseMain$startTestSuite$0.call(Unknown Source)
	at TempTestSuite1680483767821.run(TempTestSuite1680483767821.groovy:36)
Caused by: com.kms.katalon.core.exception.StepFailedException: com.kms.katalon.core.webui.exception.WebElementNotFoundException: Web element with id: 'Object Repository/WEB/Register/Reg_validationError_EmailRegisteredAlready' located by '(.//*[normalize-space(text()) and normalize-space(.)='E-Mail'])[1]/following::small[1]' not found
	at com.kms.katalon.core.webui.keyword.internal.WebUIKeywordMain.stepFailed(WebUIKeywordMain.groovy:64)
	at com.kms.katalon.core.webui.keyword.builtin.VerifyElementPresentKeyword$_verifyElementPresent_closure1.doCall(VerifyElementPresentKeyword.groovy:85)
	at com.kms.katalon.core.webui.keyword.builtin.VerifyElementPresentKeyword$_verifyElementPresent_closure1.call(VerifyElementPresentKeyword.groovy)
	at com.kms.katalon.core.webui.keyword.internal.WebUIKeywordMain.runKeyword(WebUIKeywordMain.groovy:20)
	... 19 more
)

2023-04-03 08:10:27 - [MESSAGE][INFO] - Unable to find the element located by 'By.xpath: (.//*[normalize-space(text()) and normalize-space(.)='E-Mail'])[1]/following::small[1]'. Please recheck the objects properties to make sure the desired element is located. 

2023-04-03 08:10:27 - [MESSAGE][FAILED] - com.kms.katalon.core.webui.exception.WebElementNotFoundException: Web element with id: 'Object Repository/WEB/Register/Reg_validationError_EmailRegisteredAlready' located by '(.//*[normalize-space(text()) and normalize-space(.)='E-Mail'])[1]/following::small[1]' not found (Root cause: com.kms.katalon.core.exception.StepFailedException: com.kms.katalon.core.webui.exception.WebElementNotFoundException: Web element with id: 'Object Repository/WEB/Register/Reg_validationError_EmailRegisteredAlready' located by '(.//*[normalize-space(text()) and normalize-space(.)='E-Mail'])[1]/following::small[1]' not found
	at com.kms.katalon.core.webui.keyword.internal.WebUIKeywordMain.stepFailed(WebUIKeywordMain.groovy:64)
	at com.kms.katalon.core.webui.keyword.builtin.VerifyElementPresentKeyword$_verifyElementPresent_closure1.doCall(VerifyElementPresentKeyword.groovy:85)
	at com.kms.katalon.core.webui.keyword.builtin.VerifyElementPresentKeyword$_verifyElementPresent_closure1.call(VerifyElementPresentKeyword.groovy)
	at com.kms.katalon.core.webui.keyword.internal.WebUIKeywordMain.runKeyword(WebUIKeywordMain.groovy:20)
	at com.kms.katalon.core.webui.keyword.builtin.VerifyElementPresentKeyword.verifyElementPresent(VerifyElementPresentKeyword.groovy:92)
	at com.kms.katalon.core.webui.keyword.builtin.VerifyElementPresentKeyword.execute(VerifyElementPresentKeyword.groovy:68)
	at com.kms.katalon.core.keyword.internal.KeywordExecutor.executeKeywordForPlatform(KeywordExecutor.groovy:74)
	at com.kms.katalon.core.webui.keyword.WebUiBuiltInKeywords.verifyElementPresent(WebUiBuiltInKeywords.groovy:1464)
	at com.kms.katalon.core.webui.keyword.WebUiBuiltInKeywords$verifyElementPresent$7.call(Unknown Source)
	at REG-28.run(REG-28:67)
	at com.kms.katalon.core.main.ScriptEngine.run(ScriptEngine.java:194)
	at com.kms.katalon.core.main.ScriptEngine.runScriptAsRawText(ScriptEngine.java:119)
	at com.kms.katalon.core.main.TestCaseExecutor.runScript(TestCaseExecutor.java:448)
	at com.kms.katalon.core.main.TestCaseExecutor.doExecute(TestCaseExecutor.java:439)
	at com.kms.katalon.core.main.TestCaseExecutor.processExecutionPhase(TestCaseExecutor.java:418)
	at com.kms.katalon.core.main.TestCaseExecutor.accessMainPhase(TestCaseExecutor.java:410)
	at com.kms.katalon.core.main.TestCaseExecutor.execute(TestCaseExecutor.java:285)
	at com.kms.katalon.core.common.CommonExecutor.accessTestCaseMainPhase(CommonExecutor.java:65)
	at com.kms.katalon.core.main.TestSuiteExecutor.accessTestSuiteMainPhase(TestSuiteExecutor.java:151)
	at com.kms.katalon.core.main.TestSuiteExecutor.execute(TestSuiteExecutor.java:106)
	at com.kms.katalon.core.main.TestCaseMain.startTestSuite(TestCaseMain.java:185)
	at com.kms.katalon.core.main.TestCaseMain$startTestSuite$0.call(Unknown Source)
	at TempTestSuite1680483767821.run(TempTestSuite1680483767821.groovy:36)
)
[[ATTACHMENT|C:\\Users\\rizki\\git\\CodingID-QA\\Reports\\20230403_080247\\WEB\\REG\\20230403_080247\\1680484227901.png]]

2023-04-03 08:10:28 - [MESSAGE][FAILED] - Unable to verify object 'Object Repository/WEB/Register/Reg_validationError_EmailRegisteredAlready' is present (Root cause: com.kms.katalon.core.exception.StepFailedException: Unable to verify object 'Object Repository/WEB/Register/Reg_validationError_EmailRegisteredAlready' is present
	at com.kms.katalon.core.webui.keyword.internal.WebUIKeywordMain.stepFailed(WebUIKeywordMain.groovy:64)
	at com.kms.katalon.core.webui.keyword.internal.WebUIKeywordMain.runKeyword(WebUIKeywordMain.groovy:26)
	at com.kms.katalon.core.webui.keyword.builtin.VerifyElementPresentKeyword.verifyElementPresent(VerifyElementPresentKeyword.groovy:92)
	at com.kms.katalon.core.webui.keyword.builtin.VerifyElementPresentKeyword.execute(VerifyElementPresentKeyword.groovy:68)
	at com.kms.katalon.core.keyword.internal.KeywordExecutor.executeKeywordForPlatform(KeywordExecutor.groovy:74)
	at com.kms.katalon.core.webui.keyword.WebUiBuiltInKeywords.verifyElementPresent(WebUiBuiltInKeywords.groovy:1464)
	at com.kms.katalon.core.webui.keyword.WebUiBuiltInKeywords$verifyElementPresent$7.call(Unknown Source)
	at REG-28.run(REG-28:67)
	at com.kms.katalon.core.main.ScriptEngine.run(ScriptEngine.java:194)
	at com.kms.katalon.core.main.ScriptEngine.runScriptAsRawText(ScriptEngine.java:119)
	at com.kms.katalon.core.main.TestCaseExecutor.runScript(TestCaseExecutor.java:448)
	at com.kms.katalon.core.main.TestCaseExecutor.doExecute(TestCaseExecutor.java:439)
	at com.kms.katalon.core.main.TestCaseExecutor.processExecutionPhase(TestCaseExecutor.java:418)
	at com.kms.katalon.core.main.TestCaseExecutor.accessMainPhase(TestCaseExecutor.java:410)
	at com.kms.katalon.core.main.TestCaseExecutor.execute(TestCaseExecutor.java:285)
	at com.kms.katalon.core.common.CommonExecutor.accessTestCaseMainPhase(CommonExecutor.java:65)
	at com.kms.katalon.core.main.TestSuiteExecutor.accessTestSuiteMainPhase(TestSuiteExecutor.java:151)
	at com.kms.katalon.core.main.TestSuiteExecutor.execute(TestSuiteExecutor.java:106)
	at com.kms.katalon.core.main.TestCaseMain.startTestSuite(TestCaseMain.java:185)
	at com.kms.katalon.core.main.TestCaseMain$startTestSuite$0.call(Unknown Source)
	at TempTestSuite1680483767821.run(TempTestSuite1680483767821.groovy:36)
Caused by: com.kms.katalon.core.exception.StepFailedException: com.kms.katalon.core.webui.exception.WebElementNotFoundException: Web element with id: 'Object Repository/WEB/Register/Reg_validationError_EmailRegisteredAlready' located by '(.//*[normalize-space(text()) and normalize-space(.)='E-Mail'])[1]/following::small[1]' not found
	at com.kms.katalon.core.webui.keyword.internal.WebUIKeywordMain.stepFailed(WebUIKeywordMain.groovy:64)
	at com.kms.katalon.core.webui.keyword.builtin.VerifyElementPresentKeyword$_verifyElementPresent_closure1.doCall(VerifyElementPresentKeyword.groovy:85)
	at com.kms.katalon.core.webui.keyword.builtin.VerifyElementPresentKeyword$_verifyElementPresent_closure1.call(VerifyElementPresentKeyword.groovy)
	at com.kms.katalon.core.webui.keyword.internal.WebUIKeywordMain.runKeyword(WebUIKeywordMain.groovy:20)
	... 19 more
)
[[ATTACHMENT|C:\\Users\\rizki\\git\\CodingID-QA\\Reports\\20230403_080247\\WEB\\REG\\20230403_080247\\1680484227985.png]]

2023-04-03 08:10:28 - [TEST_STEP][PASSED] - catch (com.kms.katalon.core.exception.StepFailedException e): null

2023-04-03 08:10:28 - [TEST_STEP][PASSED] - if (!(hasError)): null

2023-04-03 08:10:28 - [TEST_STEP][PASSED] - email = testData.getValue("E-mail", i): null

2023-04-03 08:10:28 - [TEST_STEP][PASSED] - navigateToUrl("https://demo-app.online/daftar"): Navigate to 'https://demo-app.online/daftar' successfully

2023-04-03 08:10:28 - [MESSAGE][PASSED] - Navigate to 'https://demo-app.online/daftar' successfully

2023-04-03 08:10:28 - [TEST_STEP][PASSED] - setText(findTestObject("Object Repository/Web/Register/Reg_InputText_Nama"), "Rizki Khaerul Fajri"): Text 'Rizki Khaerul Fajri' is set on object 'Object Repository/Web/Register/Reg_InputText_Nama'

2023-04-03 08:10:29 - [MESSAGE][PASSED] - Text 'Rizki Khaerul Fajri' is set on object 'Object Repository/Web/Register/Reg_InputText_Nama'

2023-04-03 08:10:29 - [TEST_STEP][PASSED] - setText(findTestObject("Object Repository/Web/Register/Reg_InputText_BirthDay"), "18-Feb-1997"): Text '18-Feb-1997' is set on object 'Object Repository/Web/Register/Reg_InputText_BirthDay'

2023-04-03 08:10:30 - [MESSAGE][PASSED] - Text '18-Feb-1997' is set on object 'Object Repository/Web/Register/Reg_InputText_BirthDay'

2023-04-03 08:10:30 - [TEST_STEP][PASSED] - setText(findTestObject("Object Repository/Web/Register/Reg_InputText_Email"), email): Text 'user name@example.com' is set on object 'Object Repository/Web/Register/Reg_InputText_Email'

2023-04-03 08:10:31 - [MESSAGE][PASSED] - Text 'user name@example.com' is set on object 'Object Repository/Web/Register/Reg_InputText_Email'

2023-04-03 08:10:31 - [TEST_STEP][PASSED] - setText(findTestObject("Object Repository/Web/Register/Reg_InputText_Whatsapp"), "081324387267"): Text '081324387267' is set on object 'Object Repository/Web/Register/Reg_InputText_Whatsapp'

2023-04-03 08:10:31 - [MESSAGE][PASSED] - Text '081324387267' is set on object 'Object Repository/Web/Register/Reg_InputText_Whatsapp'

2023-04-03 08:10:31 - [TEST_STEP][PASSED] - setText(findTestObject("Object Repository/Web/Register/Reg_InputText_KataSandi"), "testingtesting"): Text 'testingtesting' is set on object 'Object Repository/Web/Register/Reg_InputText_KataSandi'

2023-04-03 08:10:32 - [MESSAGE][PASSED] - Text 'testingtesting' is set on object 'Object Repository/Web/Register/Reg_InputText_KataSandi'

2023-04-03 08:10:32 - [TEST_STEP][PASSED] - setText(findTestObject("Object Repository/Web/Register/Reg_InputText_KonfirmasiKataSandi"), "testingtesting"): Text 'testingtesting' is set on object 'Object Repository/Web/Register/Reg_InputText_KonfirmasiKataSandi'

2023-04-03 08:10:33 - [MESSAGE][PASSED] - Text 'testingtesting' is set on object 'Object Repository/Web/Register/Reg_InputText_KonfirmasiKataSandi'

2023-04-03 08:10:33 - [TEST_STEP][PASSED] - check(findTestObject("Object Repository/Web/Register/Reg_Checkbox_SyaratDanKetentuan")): Object 'Object Repository/Web/Register/Reg_Checkbox_SyaratDanKetentuan' is checked

2023-04-03 08:10:34 - [MESSAGE][PASSED] - Object 'Object Repository/Web/Register/Reg_Checkbox_SyaratDanKetentuan' is checked

2023-04-03 08:10:34 - [TEST_STEP][PASSED] - click(findTestObject("Object Repository/Web/Register/Reg_Button_Daftar")): Object: 'Object Repository/Web/Register/Reg_Button_Daftar' is clicked on

2023-04-03 08:10:34 - [MESSAGE][PASSED] - Object: 'Object Repository/Web/Register/Reg_Button_Daftar' is clicked on

2023-04-03 08:10:34 - [TEST_STEP][PASSED] - delay(1): Delayed 1 second(s)

2023-04-03 08:10:35 - [MESSAGE][PASSED] - Delayed 1 second(s)

2023-04-03 08:10:35 - [TEST_STEP][PASSED] - if (getUrl().equals("https://demo-app.online/email/verify")): Current window's url is: 'https://demo-app.online/daftar'

2023-04-03 08:10:35 - [MESSAGE][PASSED] - Current window's url is: 'https://demo-app.online/daftar'

2023-04-03 08:10:35 - [TEST_STEP][FAILED] - else: null

2023-04-03 08:10:35 - [TEST_STEP][PASSED] - try: null

2023-04-03 08:10:35 - [TEST_STEP][PASSED] - isValid = executeJavaScript("document.getElementById("email").reportValidity();", null): Execute JavaScript 'document.getElementById("email").reportValidity();' successfully

2023-04-03 08:10:35 - [MESSAGE][PASSED] - Execute JavaScript 'document.getElementById("email").reportValidity();' successfully

2023-04-03 08:10:35 - [TEST_STEP][PASSED] - assert !(isValid) : "Validation error should be displayed": null

2023-04-03 08:10:35 - [TEST_STEP][FAILED] - try: Unable to verify object 'Object Repository/WEB/Register/Reg_validationError_EmailRegisteredAlready' is present (Root cause: com.kms.katalon.core.exception.StepFailedException: Unable to verify object 'Object Repository/WEB/Register/Reg_validationError_EmailRegisteredAlready' is present
	at com.kms.katalon.core.webui.keyword.internal.WebUIKeywordMain.stepFailed(WebUIKeywordMain.groovy:64)
	at com.kms.katalon.core.webui.keyword.internal.WebUIKeywordMain.runKeyword(WebUIKeywordMain.groovy:26)
	at com.kms.katalon.core.webui.keyword.builtin.VerifyElementPresentKeyword.verifyElementPresent(VerifyElementPresentKeyword.groovy:92)
	at com.kms.katalon.core.webui.keyword.builtin.VerifyElementPresentKeyword.execute(VerifyElementPresentKeyword.groovy:68)
	at com.kms.katalon.core.keyword.internal.KeywordExecutor.executeKeywordForPlatform(KeywordExecutor.groovy:74)
	at com.kms.katalon.core.webui.keyword.WebUiBuiltInKeywords.verifyElementPresent(WebUiBuiltInKeywords.groovy:1464)
	at com.kms.katalon.core.webui.keyword.WebUiBuiltInKeywords$verifyElementPresent$7.call(Unknown Source)
	at REG-28.run(REG-28:67)
	at com.kms.katalon.core.main.ScriptEngine.run(ScriptEngine.java:194)
	at com.kms.katalon.core.main.ScriptEngine.runScriptAsRawText(ScriptEngine.java:119)
	at com.kms.katalon.core.main.TestCaseExecutor.runScript(TestCaseExecutor.java:448)
	at com.kms.katalon.core.main.TestCaseExecutor.doExecute(TestCaseExecutor.java:439)
	at com.kms.katalon.core.main.TestCaseExecutor.processExecutionPhase(TestCaseExecutor.java:418)
	at com.kms.katalon.core.main.TestCaseExecutor.accessMainPhase(TestCaseExecutor.java:410)
	at com.kms.katalon.core.main.TestCaseExecutor.execute(TestCaseExecutor.java:285)
	at com.kms.katalon.core.common.CommonExecutor.accessTestCaseMainPhase(CommonExecutor.java:65)
	at com.kms.katalon.core.main.TestSuiteExecutor.accessTestSuiteMainPhase(TestSuiteExecutor.java:151)
	at com.kms.katalon.core.main.TestSuiteExecutor.execute(TestSuiteExecutor.java:106)
	at com.kms.katalon.core.main.TestCaseMain.startTestSuite(TestCaseMain.java:185)
	at com.kms.katalon.core.main.TestCaseMain$startTestSuite$0.call(Unknown Source)
	at TempTestSuite1680483767821.run(TempTestSuite1680483767821.groovy:36)
Caused by: com.kms.katalon.core.exception.StepFailedException: com.kms.katalon.core.webui.exception.WebElementNotFoundException: Web element with id: 'Object Repository/WEB/Register/Reg_validationError_EmailRegisteredAlready' located by '(.//*[normalize-space(text()) and normalize-space(.)='E-Mail'])[1]/following::small[1]' not found
	at com.kms.katalon.core.webui.keyword.internal.WebUIKeywordMain.stepFailed(WebUIKeywordMain.groovy:64)
	at com.kms.katalon.core.webui.keyword.builtin.VerifyElementPresentKeyword$_verifyElementPresent_closure1.doCall(VerifyElementPresentKeyword.groovy:85)
	at com.kms.katalon.core.webui.keyword.builtin.VerifyElementPresentKeyword$_verifyElementPresent_closure1.call(VerifyElementPresentKeyword.groovy)
	at com.kms.katalon.core.webui.keyword.internal.WebUIKeywordMain.runKeyword(WebUIKeywordMain.groovy:20)
	... 19 more
)

2023-04-03 08:10:35 - [TEST_STEP][FAILED] - verifyElementPresent(findTestObject("Object Repository/WEB/Register/Reg_validationError_EmailRegisteredAlready"), 1): Unable to verify object 'Object Repository/WEB/Register/Reg_validationError_EmailRegisteredAlready' is present (Root cause: com.kms.katalon.core.exception.StepFailedException: Unable to verify object 'Object Repository/WEB/Register/Reg_validationError_EmailRegisteredAlready' is present
	at com.kms.katalon.core.webui.keyword.internal.WebUIKeywordMain.stepFailed(WebUIKeywordMain.groovy:64)
	at com.kms.katalon.core.webui.keyword.internal.WebUIKeywordMain.runKeyword(WebUIKeywordMain.groovy:26)
	at com.kms.katalon.core.webui.keyword.builtin.VerifyElementPresentKeyword.verifyElementPresent(VerifyElementPresentKeyword.groovy:92)
	at com.kms.katalon.core.webui.keyword.builtin.VerifyElementPresentKeyword.execute(VerifyElementPresentKeyword.groovy:68)
	at com.kms.katalon.core.keyword.internal.KeywordExecutor.executeKeywordForPlatform(KeywordExecutor.groovy:74)
	at com.kms.katalon.core.webui.keyword.WebUiBuiltInKeywords.verifyElementPresent(WebUiBuiltInKeywords.groovy:1464)
	at com.kms.katalon.core.webui.keyword.WebUiBuiltInKeywords$verifyElementPresent$7.call(Unknown Source)
	at REG-28.run(REG-28:67)
	at com.kms.katalon.core.main.ScriptEngine.run(ScriptEngine.java:194)
	at com.kms.katalon.core.main.ScriptEngine.runScriptAsRawText(ScriptEngine.java:119)
	at com.kms.katalon.core.main.TestCaseExecutor.runScript(TestCaseExecutor.java:448)
	at com.kms.katalon.core.main.TestCaseExecutor.doExecute(TestCaseExecutor.java:439)
	at com.kms.katalon.core.main.TestCaseExecutor.processExecutionPhase(TestCaseExecutor.java:418)
	at com.kms.katalon.core.main.TestCaseExecutor.accessMainPhase(TestCaseExecutor.java:410)
	at com.kms.katalon.core.main.TestCaseExecutor.execute(TestCaseExecutor.java:285)
	at com.kms.katalon.core.common.CommonExecutor.accessTestCaseMainPhase(CommonExecutor.java:65)
	at com.kms.katalon.core.main.TestSuiteExecutor.accessTestSuiteMainPhase(TestSuiteExecutor.java:151)
	at com.kms.katalon.core.main.TestSuiteExecutor.execute(TestSuiteExecutor.java:106)
	at com.kms.katalon.core.main.TestCaseMain.startTestSuite(TestCaseMain.java:185)
	at com.kms.katalon.core.main.TestCaseMain$startTestSuite$0.call(Unknown Source)
	at TempTestSuite1680483767821.run(TempTestSuite1680483767821.groovy:36)
Caused by: com.kms.katalon.core.exception.StepFailedException: com.kms.katalon.core.webui.exception.WebElementNotFoundException: Web element with id: 'Object Repository/WEB/Register/Reg_validationError_EmailRegisteredAlready' located by '(.//*[normalize-space(text()) and normalize-space(.)='E-Mail'])[1]/following::small[1]' not found
	at com.kms.katalon.core.webui.keyword.internal.WebUIKeywordMain.stepFailed(WebUIKeywordMain.groovy:64)
	at com.kms.katalon.core.webui.keyword.builtin.VerifyElementPresentKeyword$_verifyElementPresent_closure1.doCall(VerifyElementPresentKeyword.groovy:85)
	at com.kms.katalon.core.webui.keyword.builtin.VerifyElementPresentKeyword$_verifyElementPresent_closure1.call(VerifyElementPresentKeyword.groovy)
	at com.kms.katalon.core.webui.keyword.internal.WebUIKeywordMain.runKeyword(WebUIKeywordMain.groovy:20)
	... 19 more
)

2023-04-03 08:10:37 - [MESSAGE][INFO] - Unable to find the element located by 'By.xpath: (.//*[normalize-space(text()) and normalize-space(.)='E-Mail'])[1]/following::small[1]'. Please recheck the objects properties to make sure the desired element is located. 

2023-04-03 08:10:37 - [MESSAGE][FAILED] - com.kms.katalon.core.webui.exception.WebElementNotFoundException: Web element with id: 'Object Repository/WEB/Register/Reg_validationError_EmailRegisteredAlready' located by '(.//*[normalize-space(text()) and normalize-space(.)='E-Mail'])[1]/following::small[1]' not found (Root cause: com.kms.katalon.core.exception.StepFailedException: com.kms.katalon.core.webui.exception.WebElementNotFoundException: Web element with id: 'Object Repository/WEB/Register/Reg_validationError_EmailRegisteredAlready' located by '(.//*[normalize-space(text()) and normalize-space(.)='E-Mail'])[1]/following::small[1]' not found
	at com.kms.katalon.core.webui.keyword.internal.WebUIKeywordMain.stepFailed(WebUIKeywordMain.groovy:64)
	at com.kms.katalon.core.webui.keyword.builtin.VerifyElementPresentKeyword$_verifyElementPresent_closure1.doCall(VerifyElementPresentKeyword.groovy:85)
	at com.kms.katalon.core.webui.keyword.builtin.VerifyElementPresentKeyword$_verifyElementPresent_closure1.call(VerifyElementPresentKeyword.groovy)
	at com.kms.katalon.core.webui.keyword.internal.WebUIKeywordMain.runKeyword(WebUIKeywordMain.groovy:20)
	at com.kms.katalon.core.webui.keyword.builtin.VerifyElementPresentKeyword.verifyElementPresent(VerifyElementPresentKeyword.groovy:92)
	at com.kms.katalon.core.webui.keyword.builtin.VerifyElementPresentKeyword.execute(VerifyElementPresentKeyword.groovy:68)
	at com.kms.katalon.core.keyword.internal.KeywordExecutor.executeKeywordForPlatform(KeywordExecutor.groovy:74)
	at com.kms.katalon.core.webui.keyword.WebUiBuiltInKeywords.verifyElementPresent(WebUiBuiltInKeywords.groovy:1464)
	at com.kms.katalon.core.webui.keyword.WebUiBuiltInKeywords$verifyElementPresent$7.call(Unknown Source)
	at REG-28.run(REG-28:67)
	at com.kms.katalon.core.main.ScriptEngine.run(ScriptEngine.java:194)
	at com.kms.katalon.core.main.ScriptEngine.runScriptAsRawText(ScriptEngine.java:119)
	at com.kms.katalon.core.main.TestCaseExecutor.runScript(TestCaseExecutor.java:448)
	at com.kms.katalon.core.main.TestCaseExecutor.doExecute(TestCaseExecutor.java:439)
	at com.kms.katalon.core.main.TestCaseExecutor.processExecutionPhase(TestCaseExecutor.java:418)
	at com.kms.katalon.core.main.TestCaseExecutor.accessMainPhase(TestCaseExecutor.java:410)
	at com.kms.katalon.core.main.TestCaseExecutor.execute(TestCaseExecutor.java:285)
	at com.kms.katalon.core.common.CommonExecutor.accessTestCaseMainPhase(CommonExecutor.java:65)
	at com.kms.katalon.core.main.TestSuiteExecutor.accessTestSuiteMainPhase(TestSuiteExecutor.java:151)
	at com.kms.katalon.core.main.TestSuiteExecutor.execute(TestSuiteExecutor.java:106)
	at com.kms.katalon.core.main.TestCaseMain.startTestSuite(TestCaseMain.java:185)
	at com.kms.katalon.core.main.TestCaseMain$startTestSuite$0.call(Unknown Source)
	at TempTestSuite1680483767821.run(TempTestSuite1680483767821.groovy:36)
)
[[ATTACHMENT|C:\\Users\\rizki\\git\\CodingID-QA\\Reports\\20230403_080247\\WEB\\REG\\20230403_080247\\1680484237634.png]]

2023-04-03 08:10:37 - [MESSAGE][FAILED] - Unable to verify object 'Object Repository/WEB/Register/Reg_validationError_EmailRegisteredAlready' is present (Root cause: com.kms.katalon.core.exception.StepFailedException: Unable to verify object 'Object Repository/WEB/Register/Reg_validationError_EmailRegisteredAlready' is present
	at com.kms.katalon.core.webui.keyword.internal.WebUIKeywordMain.stepFailed(WebUIKeywordMain.groovy:64)
	at com.kms.katalon.core.webui.keyword.internal.WebUIKeywordMain.runKeyword(WebUIKeywordMain.groovy:26)
	at com.kms.katalon.core.webui.keyword.builtin.VerifyElementPresentKeyword.verifyElementPresent(VerifyElementPresentKeyword.groovy:92)
	at com.kms.katalon.core.webui.keyword.builtin.VerifyElementPresentKeyword.execute(VerifyElementPresentKeyword.groovy:68)
	at com.kms.katalon.core.keyword.internal.KeywordExecutor.executeKeywordForPlatform(KeywordExecutor.groovy:74)
	at com.kms.katalon.core.webui.keyword.WebUiBuiltInKeywords.verifyElementPresent(WebUiBuiltInKeywords.groovy:1464)
	at com.kms.katalon.core.webui.keyword.WebUiBuiltInKeywords$verifyElementPresent$7.call(Unknown Source)
	at REG-28.run(REG-28:67)
	at com.kms.katalon.core.main.ScriptEngine.run(ScriptEngine.java:194)
	at com.kms.katalon.core.main.ScriptEngine.runScriptAsRawText(ScriptEngine.java:119)
	at com.kms.katalon.core.main.TestCaseExecutor.runScript(TestCaseExecutor.java:448)
	at com.kms.katalon.core.main.TestCaseExecutor.doExecute(TestCaseExecutor.java:439)
	at com.kms.katalon.core.main.TestCaseExecutor.processExecutionPhase(TestCaseExecutor.java:418)
	at com.kms.katalon.core.main.TestCaseExecutor.accessMainPhase(TestCaseExecutor.java:410)
	at com.kms.katalon.core.main.TestCaseExecutor.execute(TestCaseExecutor.java:285)
	at com.kms.katalon.core.common.CommonExecutor.accessTestCaseMainPhase(CommonExecutor.java:65)
	at com.kms.katalon.core.main.TestSuiteExecutor.accessTestSuiteMainPhase(TestSuiteExecutor.java:151)
	at com.kms.katalon.core.main.TestSuiteExecutor.execute(TestSuiteExecutor.java:106)
	at com.kms.katalon.core.main.TestCaseMain.startTestSuite(TestCaseMain.java:185)
	at com.kms.katalon.core.main.TestCaseMain$startTestSuite$0.call(Unknown Source)
	at TempTestSuite1680483767821.run(TempTestSuite1680483767821.groovy:36)
Caused by: com.kms.katalon.core.exception.StepFailedException: com.kms.katalon.core.webui.exception.WebElementNotFoundException: Web element with id: 'Object Repository/WEB/Register/Reg_validationError_EmailRegisteredAlready' located by '(.//*[normalize-space(text()) and normalize-space(.)='E-Mail'])[1]/following::small[1]' not found
	at com.kms.katalon.core.webui.keyword.internal.WebUIKeywordMain.stepFailed(WebUIKeywordMain.groovy:64)
	at com.kms.katalon.core.webui.keyword.builtin.VerifyElementPresentKeyword$_verifyElementPresent_closure1.doCall(VerifyElementPresentKeyword.groovy:85)
	at com.kms.katalon.core.webui.keyword.builtin.VerifyElementPresentKeyword$_verifyElementPresent_closure1.call(VerifyElementPresentKeyword.groovy)
	at com.kms.katalon.core.webui.keyword.internal.WebUIKeywordMain.runKeyword(WebUIKeywordMain.groovy:20)
	... 19 more
)
[[ATTACHMENT|C:\\Users\\rizki\\git\\CodingID-QA\\Reports\\20230403_080247\\WEB\\REG\\20230403_080247\\1680484237719.png]]

2023-04-03 08:10:37 - [TEST_STEP][PASSED] - catch (com.kms.katalon.core.exception.StepFailedException e): null

2023-04-03 08:10:37 - [TEST_STEP][PASSED] - if (!(hasError)): null

2023-04-03 08:10:37 - [TEST_STEP][PASSED] - email = testData.getValue("E-mail", i): null

2023-04-03 08:10:37 - [TEST_STEP][PASSED] - navigateToUrl("https://demo-app.online/daftar"): Navigate to 'https://demo-app.online/daftar' successfully

2023-04-03 08:10:38 - [MESSAGE][PASSED] - Navigate to 'https://demo-app.online/daftar' successfully

2023-04-03 08:10:38 - [TEST_STEP][PASSED] - setText(findTestObject("Object Repository/Web/Register/Reg_InputText_Nama"), "Rizki Khaerul Fajri"): Text 'Rizki Khaerul Fajri' is set on object 'Object Repository/Web/Register/Reg_InputText_Nama'

2023-04-03 08:10:39 - [MESSAGE][PASSED] - Text 'Rizki Khaerul Fajri' is set on object 'Object Repository/Web/Register/Reg_InputText_Nama'

2023-04-03 08:10:39 - [TEST_STEP][PASSED] - setText(findTestObject("Object Repository/Web/Register/Reg_InputText_BirthDay"), "18-Feb-1997"): Text '18-Feb-1997' is set on object 'Object Repository/Web/Register/Reg_InputText_BirthDay'

2023-04-03 08:10:40 - [MESSAGE][PASSED] - Text '18-Feb-1997' is set on object 'Object Repository/Web/Register/Reg_InputText_BirthDay'

2023-04-03 08:10:40 - [TEST_STEP][PASSED] - setText(findTestObject("Object Repository/Web/Register/Reg_InputText_Email"), email): Text 'username@exa[mple].com' is set on object 'Object Repository/Web/Register/Reg_InputText_Email'

2023-04-03 08:10:41 - [MESSAGE][PASSED] - Text 'username@exa[mple].com' is set on object 'Object Repository/Web/Register/Reg_InputText_Email'

2023-04-03 08:10:41 - [TEST_STEP][PASSED] - setText(findTestObject("Object Repository/Web/Register/Reg_InputText_Whatsapp"), "081324387267"): Text '081324387267' is set on object 'Object Repository/Web/Register/Reg_InputText_Whatsapp'

2023-04-03 08:10:41 - [MESSAGE][PASSED] - Text '081324387267' is set on object 'Object Repository/Web/Register/Reg_InputText_Whatsapp'

2023-04-03 08:10:41 - [TEST_STEP][PASSED] - setText(findTestObject("Object Repository/Web/Register/Reg_InputText_KataSandi"), "testingtesting"): Text 'testingtesting' is set on object 'Object Repository/Web/Register/Reg_InputText_KataSandi'

2023-04-03 08:10:42 - [MESSAGE][PASSED] - Text 'testingtesting' is set on object 'Object Repository/Web/Register/Reg_InputText_KataSandi'

2023-04-03 08:10:42 - [TEST_STEP][PASSED] - setText(findTestObject("Object Repository/Web/Register/Reg_InputText_KonfirmasiKataSandi"), "testingtesting"): Text 'testingtesting' is set on object 'Object Repository/Web/Register/Reg_InputText_KonfirmasiKataSandi'

2023-04-03 08:10:42 - [MESSAGE][PASSED] - Text 'testingtesting' is set on object 'Object Repository/Web/Register/Reg_InputText_KonfirmasiKataSandi'

2023-04-03 08:10:42 - [TEST_STEP][PASSED] - check(findTestObject("Object Repository/Web/Register/Reg_Checkbox_SyaratDanKetentuan")): Object 'Object Repository/Web/Register/Reg_Checkbox_SyaratDanKetentuan' is checked

2023-04-03 08:10:43 - [MESSAGE][PASSED] - Object 'Object Repository/Web/Register/Reg_Checkbox_SyaratDanKetentuan' is checked

2023-04-03 08:10:43 - [TEST_STEP][PASSED] - click(findTestObject("Object Repository/Web/Register/Reg_Button_Daftar")): Object: 'Object Repository/Web/Register/Reg_Button_Daftar' is clicked on

2023-04-03 08:10:43 - [MESSAGE][PASSED] - Object: 'Object Repository/Web/Register/Reg_Button_Daftar' is clicked on

2023-04-03 08:10:43 - [TEST_STEP][PASSED] - delay(1): Delayed 1 second(s)

2023-04-03 08:10:44 - [MESSAGE][PASSED] - Delayed 1 second(s)

2023-04-03 08:10:44 - [TEST_STEP][PASSED] - if (getUrl().equals("https://demo-app.online/email/verify")): Current window's url is: 'https://demo-app.online/daftar'

2023-04-03 08:10:44 - [MESSAGE][PASSED] - Current window's url is: 'https://demo-app.online/daftar'

2023-04-03 08:10:44 - [TEST_STEP][FAILED] - else: null

2023-04-03 08:10:44 - [TEST_STEP][PASSED] - try: null

2023-04-03 08:10:44 - [TEST_STEP][PASSED] - isValid = executeJavaScript("document.getElementById("email").reportValidity();", null): Execute JavaScript 'document.getElementById("email").reportValidity();' successfully

2023-04-03 08:10:44 - [MESSAGE][PASSED] - Execute JavaScript 'document.getElementById("email").reportValidity();' successfully

2023-04-03 08:10:44 - [TEST_STEP][PASSED] - assert !(isValid) : "Validation error should be displayed": null

2023-04-03 08:10:44 - [TEST_STEP][FAILED] - try: Unable to verify object 'Object Repository/WEB/Register/Reg_validationError_EmailRegisteredAlready' is present (Root cause: com.kms.katalon.core.exception.StepFailedException: Unable to verify object 'Object Repository/WEB/Register/Reg_validationError_EmailRegisteredAlready' is present
	at com.kms.katalon.core.webui.keyword.internal.WebUIKeywordMain.stepFailed(WebUIKeywordMain.groovy:64)
	at com.kms.katalon.core.webui.keyword.internal.WebUIKeywordMain.runKeyword(WebUIKeywordMain.groovy:26)
	at com.kms.katalon.core.webui.keyword.builtin.VerifyElementPresentKeyword.verifyElementPresent(VerifyElementPresentKeyword.groovy:92)
	at com.kms.katalon.core.webui.keyword.builtin.VerifyElementPresentKeyword.execute(VerifyElementPresentKeyword.groovy:68)
	at com.kms.katalon.core.keyword.internal.KeywordExecutor.executeKeywordForPlatform(KeywordExecutor.groovy:74)
	at com.kms.katalon.core.webui.keyword.WebUiBuiltInKeywords.verifyElementPresent(WebUiBuiltInKeywords.groovy:1464)
	at com.kms.katalon.core.webui.keyword.WebUiBuiltInKeywords$verifyElementPresent$7.call(Unknown Source)
	at REG-28.run(REG-28:67)
	at com.kms.katalon.core.main.ScriptEngine.run(ScriptEngine.java:194)
	at com.kms.katalon.core.main.ScriptEngine.runScriptAsRawText(ScriptEngine.java:119)
	at com.kms.katalon.core.main.TestCaseExecutor.runScript(TestCaseExecutor.java:448)
	at com.kms.katalon.core.main.TestCaseExecutor.doExecute(TestCaseExecutor.java:439)
	at com.kms.katalon.core.main.TestCaseExecutor.processExecutionPhase(TestCaseExecutor.java:418)
	at com.kms.katalon.core.main.TestCaseExecutor.accessMainPhase(TestCaseExecutor.java:410)
	at com.kms.katalon.core.main.TestCaseExecutor.execute(TestCaseExecutor.java:285)
	at com.kms.katalon.core.common.CommonExecutor.accessTestCaseMainPhase(CommonExecutor.java:65)
	at com.kms.katalon.core.main.TestSuiteExecutor.accessTestSuiteMainPhase(TestSuiteExecutor.java:151)
	at com.kms.katalon.core.main.TestSuiteExecutor.execute(TestSuiteExecutor.java:106)
	at com.kms.katalon.core.main.TestCaseMain.startTestSuite(TestCaseMain.java:185)
	at com.kms.katalon.core.main.TestCaseMain$startTestSuite$0.call(Unknown Source)
	at TempTestSuite1680483767821.run(TempTestSuite1680483767821.groovy:36)
Caused by: com.kms.katalon.core.exception.StepFailedException: com.kms.katalon.core.webui.exception.WebElementNotFoundException: Web element with id: 'Object Repository/WEB/Register/Reg_validationError_EmailRegisteredAlready' located by '(.//*[normalize-space(text()) and normalize-space(.)='E-Mail'])[1]/following::small[1]' not found
	at com.kms.katalon.core.webui.keyword.internal.WebUIKeywordMain.stepFailed(WebUIKeywordMain.groovy:64)
	at com.kms.katalon.core.webui.keyword.builtin.VerifyElementPresentKeyword$_verifyElementPresent_closure1.doCall(VerifyElementPresentKeyword.groovy:85)
	at com.kms.katalon.core.webui.keyword.builtin.VerifyElementPresentKeyword$_verifyElementPresent_closure1.call(VerifyElementPresentKeyword.groovy)
	at com.kms.katalon.core.webui.keyword.internal.WebUIKeywordMain.runKeyword(WebUIKeywordMain.groovy:20)
	... 19 more
)

2023-04-03 08:10:44 - [TEST_STEP][FAILED] - verifyElementPresent(findTestObject("Object Repository/WEB/Register/Reg_validationError_EmailRegisteredAlready"), 1): Unable to verify object 'Object Repository/WEB/Register/Reg_validationError_EmailRegisteredAlready' is present (Root cause: com.kms.katalon.core.exception.StepFailedException: Unable to verify object 'Object Repository/WEB/Register/Reg_validationError_EmailRegisteredAlready' is present
	at com.kms.katalon.core.webui.keyword.internal.WebUIKeywordMain.stepFailed(WebUIKeywordMain.groovy:64)
	at com.kms.katalon.core.webui.keyword.internal.WebUIKeywordMain.runKeyword(WebUIKeywordMain.groovy:26)
	at com.kms.katalon.core.webui.keyword.builtin.VerifyElementPresentKeyword.verifyElementPresent(VerifyElementPresentKeyword.groovy:92)
	at com.kms.katalon.core.webui.keyword.builtin.VerifyElementPresentKeyword.execute(VerifyElementPresentKeyword.groovy:68)
	at com.kms.katalon.core.keyword.internal.KeywordExecutor.executeKeywordForPlatform(KeywordExecutor.groovy:74)
	at com.kms.katalon.core.webui.keyword.WebUiBuiltInKeywords.verifyElementPresent(WebUiBuiltInKeywords.groovy:1464)
	at com.kms.katalon.core.webui.keyword.WebUiBuiltInKeywords$verifyElementPresent$7.call(Unknown Source)
	at REG-28.run(REG-28:67)
	at com.kms.katalon.core.main.ScriptEngine.run(ScriptEngine.java:194)
	at com.kms.katalon.core.main.ScriptEngine.runScriptAsRawText(ScriptEngine.java:119)
	at com.kms.katalon.core.main.TestCaseExecutor.runScript(TestCaseExecutor.java:448)
	at com.kms.katalon.core.main.TestCaseExecutor.doExecute(TestCaseExecutor.java:439)
	at com.kms.katalon.core.main.TestCaseExecutor.processExecutionPhase(TestCaseExecutor.java:418)
	at com.kms.katalon.core.main.TestCaseExecutor.accessMainPhase(TestCaseExecutor.java:410)
	at com.kms.katalon.core.main.TestCaseExecutor.execute(TestCaseExecutor.java:285)
	at com.kms.katalon.core.common.CommonExecutor.accessTestCaseMainPhase(CommonExecutor.java:65)
	at com.kms.katalon.core.main.TestSuiteExecutor.accessTestSuiteMainPhase(TestSuiteExecutor.java:151)
	at com.kms.katalon.core.main.TestSuiteExecutor.execute(TestSuiteExecutor.java:106)
	at com.kms.katalon.core.main.TestCaseMain.startTestSuite(TestCaseMain.java:185)
	at com.kms.katalon.core.main.TestCaseMain$startTestSuite$0.call(Unknown Source)
	at TempTestSuite1680483767821.run(TempTestSuite1680483767821.groovy:36)
Caused by: com.kms.katalon.core.exception.StepFailedException: com.kms.katalon.core.webui.exception.WebElementNotFoundException: Web element with id: 'Object Repository/WEB/Register/Reg_validationError_EmailRegisteredAlready' located by '(.//*[normalize-space(text()) and normalize-space(.)='E-Mail'])[1]/following::small[1]' not found
	at com.kms.katalon.core.webui.keyword.internal.WebUIKeywordMain.stepFailed(WebUIKeywordMain.groovy:64)
	at com.kms.katalon.core.webui.keyword.builtin.VerifyElementPresentKeyword$_verifyElementPresent_closure1.doCall(VerifyElementPresentKeyword.groovy:85)
	at com.kms.katalon.core.webui.keyword.builtin.VerifyElementPresentKeyword$_verifyElementPresent_closure1.call(VerifyElementPresentKeyword.groovy)
	at com.kms.katalon.core.webui.keyword.internal.WebUIKeywordMain.runKeyword(WebUIKeywordMain.groovy:20)
	... 19 more
)

2023-04-03 08:10:46 - [MESSAGE][INFO] - Unable to find the element located by 'By.xpath: (.//*[normalize-space(text()) and normalize-space(.)='E-Mail'])[1]/following::small[1]'. Please recheck the objects properties to make sure the desired element is located. 

2023-04-03 08:10:47 - [MESSAGE][FAILED] - com.kms.katalon.core.webui.exception.WebElementNotFoundException: Web element with id: 'Object Repository/WEB/Register/Reg_validationError_EmailRegisteredAlready' located by '(.//*[normalize-space(text()) and normalize-space(.)='E-Mail'])[1]/following::small[1]' not found (Root cause: com.kms.katalon.core.exception.StepFailedException: com.kms.katalon.core.webui.exception.WebElementNotFoundException: Web element with id: 'Object Repository/WEB/Register/Reg_validationError_EmailRegisteredAlready' located by '(.//*[normalize-space(text()) and normalize-space(.)='E-Mail'])[1]/following::small[1]' not found
	at com.kms.katalon.core.webui.keyword.internal.WebUIKeywordMain.stepFailed(WebUIKeywordMain.groovy:64)
	at com.kms.katalon.core.webui.keyword.builtin.VerifyElementPresentKeyword$_verifyElementPresent_closure1.doCall(VerifyElementPresentKeyword.groovy:85)
	at com.kms.katalon.core.webui.keyword.builtin.VerifyElementPresentKeyword$_verifyElementPresent_closure1.call(VerifyElementPresentKeyword.groovy)
	at com.kms.katalon.core.webui.keyword.internal.WebUIKeywordMain.runKeyword(WebUIKeywordMain.groovy:20)
	at com.kms.katalon.core.webui.keyword.builtin.VerifyElementPresentKeyword.verifyElementPresent(VerifyElementPresentKeyword.groovy:92)
	at com.kms.katalon.core.webui.keyword.builtin.VerifyElementPresentKeyword.execute(VerifyElementPresentKeyword.groovy:68)
	at com.kms.katalon.core.keyword.internal.KeywordExecutor.executeKeywordForPlatform(KeywordExecutor.groovy:74)
	at com.kms.katalon.core.webui.keyword.WebUiBuiltInKeywords.verifyElementPresent(WebUiBuiltInKeywords.groovy:1464)
	at com.kms.katalon.core.webui.keyword.WebUiBuiltInKeywords$verifyElementPresent$7.call(Unknown Source)
	at REG-28.run(REG-28:67)
	at com.kms.katalon.core.main.ScriptEngine.run(ScriptEngine.java:194)
	at com.kms.katalon.core.main.ScriptEngine.runScriptAsRawText(ScriptEngine.java:119)
	at com.kms.katalon.core.main.TestCaseExecutor.runScript(TestCaseExecutor.java:448)
	at com.kms.katalon.core.main.TestCaseExecutor.doExecute(TestCaseExecutor.java:439)
	at com.kms.katalon.core.main.TestCaseExecutor.processExecutionPhase(TestCaseExecutor.java:418)
	at com.kms.katalon.core.main.TestCaseExecutor.accessMainPhase(TestCaseExecutor.java:410)
	at com.kms.katalon.core.main.TestCaseExecutor.execute(TestCaseExecutor.java:285)
	at com.kms.katalon.core.common.CommonExecutor.accessTestCaseMainPhase(CommonExecutor.java:65)
	at com.kms.katalon.core.main.TestSuiteExecutor.accessTestSuiteMainPhase(TestSuiteExecutor.java:151)
	at com.kms.katalon.core.main.TestSuiteExecutor.execute(TestSuiteExecutor.java:106)
	at com.kms.katalon.core.main.TestCaseMain.startTestSuite(TestCaseMain.java:185)
	at com.kms.katalon.core.main.TestCaseMain$startTestSuite$0.call(Unknown Source)
	at TempTestSuite1680483767821.run(TempTestSuite1680483767821.groovy:36)
)
[[ATTACHMENT|C:\\Users\\rizki\\git\\CodingID-QA\\Reports\\20230403_080247\\WEB\\REG\\20230403_080247\\1680484246983.png]]

2023-04-03 08:10:47 - [MESSAGE][FAILED] - Unable to verify object 'Object Repository/WEB/Register/Reg_validationError_EmailRegisteredAlready' is present (Root cause: com.kms.katalon.core.exception.StepFailedException: Unable to verify object 'Object Repository/WEB/Register/Reg_validationError_EmailRegisteredAlready' is present
	at com.kms.katalon.core.webui.keyword.internal.WebUIKeywordMain.stepFailed(WebUIKeywordMain.groovy:64)
	at com.kms.katalon.core.webui.keyword.internal.WebUIKeywordMain.runKeyword(WebUIKeywordMain.groovy:26)
	at com.kms.katalon.core.webui.keyword.builtin.VerifyElementPresentKeyword.verifyElementPresent(VerifyElementPresentKeyword.groovy:92)
	at com.kms.katalon.core.webui.keyword.builtin.VerifyElementPresentKeyword.execute(VerifyElementPresentKeyword.groovy:68)
	at com.kms.katalon.core.keyword.internal.KeywordExecutor.executeKeywordForPlatform(KeywordExecutor.groovy:74)
	at com.kms.katalon.core.webui.keyword.WebUiBuiltInKeywords.verifyElementPresent(WebUiBuiltInKeywords.groovy:1464)
	at com.kms.katalon.core.webui.keyword.WebUiBuiltInKeywords$verifyElementPresent$7.call(Unknown Source)
	at REG-28.run(REG-28:67)
	at com.kms.katalon.core.main.ScriptEngine.run(ScriptEngine.java:194)
	at com.kms.katalon.core.main.ScriptEngine.runScriptAsRawText(ScriptEngine.java:119)
	at com.kms.katalon.core.main.TestCaseExecutor.runScript(TestCaseExecutor.java:448)
	at com.kms.katalon.core.main.TestCaseExecutor.doExecute(TestCaseExecutor.java:439)
	at com.kms.katalon.core.main.TestCaseExecutor.processExecutionPhase(TestCaseExecutor.java:418)
	at com.kms.katalon.core.main.TestCaseExecutor.accessMainPhase(TestCaseExecutor.java:410)
	at com.kms.katalon.core.main.TestCaseExecutor.execute(TestCaseExecutor.java:285)
	at com.kms.katalon.core.common.CommonExecutor.accessTestCaseMainPhase(CommonExecutor.java:65)
	at com.kms.katalon.core.main.TestSuiteExecutor.accessTestSuiteMainPhase(TestSuiteExecutor.java:151)
	at com.kms.katalon.core.main.TestSuiteExecutor.execute(TestSuiteExecutor.java:106)
	at com.kms.katalon.core.main.TestCaseMain.startTestSuite(TestCaseMain.java:185)
	at com.kms.katalon.core.main.TestCaseMain$startTestSuite$0.call(Unknown Source)
	at TempTestSuite1680483767821.run(TempTestSuite1680483767821.groovy:36)
Caused by: com.kms.katalon.core.exception.StepFailedException: com.kms.katalon.core.webui.exception.WebElementNotFoundException: Web element with id: 'Object Repository/WEB/Register/Reg_validationError_EmailRegisteredAlready' located by '(.//*[normalize-space(text()) and normalize-space(.)='E-Mail'])[1]/following::small[1]' not found
	at com.kms.katalon.core.webui.keyword.internal.WebUIKeywordMain.stepFailed(WebUIKeywordMain.groovy:64)
	at com.kms.katalon.core.webui.keyword.builtin.VerifyElementPresentKeyword$_verifyElementPresent_closure1.doCall(VerifyElementPresentKeyword.groovy:85)
	at com.kms.katalon.core.webui.keyword.builtin.VerifyElementPresentKeyword$_verifyElementPresent_closure1.call(VerifyElementPresentKeyword.groovy)
	at com.kms.katalon.core.webui.keyword.internal.WebUIKeywordMain.runKeyword(WebUIKeywordMain.groovy:20)
	... 19 more
)
[[ATTACHMENT|C:\\Users\\rizki\\git\\CodingID-QA\\Reports\\20230403_080247\\WEB\\REG\\20230403_080247\\1680484247073.png]]

2023-04-03 08:10:47 - [TEST_STEP][PASSED] - catch (com.kms.katalon.core.exception.StepFailedException e): null

2023-04-03 08:10:47 - [TEST_STEP][PASSED] - if (!(hasError)): null

2023-04-03 08:10:47 - [TEST_STEP][PASSED] - email = testData.getValue("E-mail", i): null

2023-04-03 08:10:47 - [TEST_STEP][PASSED] - navigateToUrl("https://demo-app.online/daftar"): Navigate to 'https://demo-app.online/daftar' successfully

2023-04-03 08:10:47 - [MESSAGE][PASSED] - Navigate to 'https://demo-app.online/daftar' successfully

2023-04-03 08:10:47 - [TEST_STEP][PASSED] - setText(findTestObject("Object Repository/Web/Register/Reg_InputText_Nama"), "Rizki Khaerul Fajri"): Text 'Rizki Khaerul Fajri' is set on object 'Object Repository/Web/Register/Reg_InputText_Nama'

2023-04-03 08:10:48 - [MESSAGE][PASSED] - Text 'Rizki Khaerul Fajri' is set on object 'Object Repository/Web/Register/Reg_InputText_Nama'

2023-04-03 08:10:48 - [TEST_STEP][PASSED] - setText(findTestObject("Object Repository/Web/Register/Reg_InputText_BirthDay"), "18-Feb-1997"): Text '18-Feb-1997' is set on object 'Object Repository/Web/Register/Reg_InputText_BirthDay'

2023-04-03 08:10:49 - [MESSAGE][PASSED] - Text '18-Feb-1997' is set on object 'Object Repository/Web/Register/Reg_InputText_BirthDay'

2023-04-03 08:10:49 - [TEST_STEP][PASSED] - setText(findTestObject("Object Repository/Web/Register/Reg_InputText_Email"), email): Text '@example.com' is set on object 'Object Repository/Web/Register/Reg_InputText_Email'

2023-04-03 08:10:50 - [MESSAGE][PASSED] - Text '@example.com' is set on object 'Object Repository/Web/Register/Reg_InputText_Email'

2023-04-03 08:10:50 - [TEST_STEP][PASSED] - setText(findTestObject("Object Repository/Web/Register/Reg_InputText_Whatsapp"), "081324387267"): Text '081324387267' is set on object 'Object Repository/Web/Register/Reg_InputText_Whatsapp'

2023-04-03 08:10:51 - [MESSAGE][PASSED] - Text '081324387267' is set on object 'Object Repository/Web/Register/Reg_InputText_Whatsapp'

2023-04-03 08:10:51 - [TEST_STEP][PASSED] - setText(findTestObject("Object Repository/Web/Register/Reg_InputText_KataSandi"), "testingtesting"): Text 'testingtesting' is set on object 'Object Repository/Web/Register/Reg_InputText_KataSandi'

2023-04-03 08:10:51 - [MESSAGE][PASSED] - Text 'testingtesting' is set on object 'Object Repository/Web/Register/Reg_InputText_KataSandi'

2023-04-03 08:10:51 - [TEST_STEP][PASSED] - setText(findTestObject("Object Repository/Web/Register/Reg_InputText_KonfirmasiKataSandi"), "testingtesting"): Text 'testingtesting' is set on object 'Object Repository/Web/Register/Reg_InputText_KonfirmasiKataSandi'

2023-04-03 08:10:52 - [MESSAGE][PASSED] - Text 'testingtesting' is set on object 'Object Repository/Web/Register/Reg_InputText_KonfirmasiKataSandi'

2023-04-03 08:10:52 - [TEST_STEP][PASSED] - check(findTestObject("Object Repository/Web/Register/Reg_Checkbox_SyaratDanKetentuan")): Object 'Object Repository/Web/Register/Reg_Checkbox_SyaratDanKetentuan' is checked

2023-04-03 08:10:53 - [MESSAGE][PASSED] - Object 'Object Repository/Web/Register/Reg_Checkbox_SyaratDanKetentuan' is checked

2023-04-03 08:10:53 - [TEST_STEP][PASSED] - click(findTestObject("Object Repository/Web/Register/Reg_Button_Daftar")): Object: 'Object Repository/Web/Register/Reg_Button_Daftar' is clicked on

2023-04-03 08:10:53 - [MESSAGE][PASSED] - Object: 'Object Repository/Web/Register/Reg_Button_Daftar' is clicked on

2023-04-03 08:10:53 - [TEST_STEP][PASSED] - delay(1): Delayed 1 second(s)

2023-04-03 08:10:54 - [MESSAGE][PASSED] - Delayed 1 second(s)

2023-04-03 08:10:54 - [TEST_STEP][PASSED] - if (getUrl().equals("https://demo-app.online/email/verify")): Current window's url is: 'https://demo-app.online/daftar'

2023-04-03 08:10:54 - [MESSAGE][PASSED] - Current window's url is: 'https://demo-app.online/daftar'

2023-04-03 08:10:54 - [TEST_STEP][FAILED] - else: null

2023-04-03 08:10:54 - [TEST_STEP][PASSED] - try: null

2023-04-03 08:10:54 - [TEST_STEP][PASSED] - isValid = executeJavaScript("document.getElementById("email").reportValidity();", null): Execute JavaScript 'document.getElementById("email").reportValidity();' successfully

2023-04-03 08:10:54 - [MESSAGE][PASSED] - Execute JavaScript 'document.getElementById("email").reportValidity();' successfully

2023-04-03 08:10:54 - [TEST_STEP][PASSED] - assert !(isValid) : "Validation error should be displayed": null

2023-04-03 08:10:54 - [TEST_STEP][FAILED] - try: Unable to verify object 'Object Repository/WEB/Register/Reg_validationError_EmailRegisteredAlready' is present (Root cause: com.kms.katalon.core.exception.StepFailedException: Unable to verify object 'Object Repository/WEB/Register/Reg_validationError_EmailRegisteredAlready' is present
	at com.kms.katalon.core.webui.keyword.internal.WebUIKeywordMain.stepFailed(WebUIKeywordMain.groovy:64)
	at com.kms.katalon.core.webui.keyword.internal.WebUIKeywordMain.runKeyword(WebUIKeywordMain.groovy:26)
	at com.kms.katalon.core.webui.keyword.builtin.VerifyElementPresentKeyword.verifyElementPresent(VerifyElementPresentKeyword.groovy:92)
	at com.kms.katalon.core.webui.keyword.builtin.VerifyElementPresentKeyword.execute(VerifyElementPresentKeyword.groovy:68)
	at com.kms.katalon.core.keyword.internal.KeywordExecutor.executeKeywordForPlatform(KeywordExecutor.groovy:74)
	at com.kms.katalon.core.webui.keyword.WebUiBuiltInKeywords.verifyElementPresent(WebUiBuiltInKeywords.groovy:1464)
	at com.kms.katalon.core.webui.keyword.WebUiBuiltInKeywords$verifyElementPresent$7.call(Unknown Source)
	at REG-28.run(REG-28:67)
	at com.kms.katalon.core.main.ScriptEngine.run(ScriptEngine.java:194)
	at com.kms.katalon.core.main.ScriptEngine.runScriptAsRawText(ScriptEngine.java:119)
	at com.kms.katalon.core.main.TestCaseExecutor.runScript(TestCaseExecutor.java:448)
	at com.kms.katalon.core.main.TestCaseExecutor.doExecute(TestCaseExecutor.java:439)
	at com.kms.katalon.core.main.TestCaseExecutor.processExecutionPhase(TestCaseExecutor.java:418)
	at com.kms.katalon.core.main.TestCaseExecutor.accessMainPhase(TestCaseExecutor.java:410)
	at com.kms.katalon.core.main.TestCaseExecutor.execute(TestCaseExecutor.java:285)
	at com.kms.katalon.core.common.CommonExecutor.accessTestCaseMainPhase(CommonExecutor.java:65)
	at com.kms.katalon.core.main.TestSuiteExecutor.accessTestSuiteMainPhase(TestSuiteExecutor.java:151)
	at com.kms.katalon.core.main.TestSuiteExecutor.execute(TestSuiteExecutor.java:106)
	at com.kms.katalon.core.main.TestCaseMain.startTestSuite(TestCaseMain.java:185)
	at com.kms.katalon.core.main.TestCaseMain$startTestSuite$0.call(Unknown Source)
	at TempTestSuite1680483767821.run(TempTestSuite1680483767821.groovy:36)
Caused by: com.kms.katalon.core.exception.StepFailedException: com.kms.katalon.core.webui.exception.WebElementNotFoundException: Web element with id: 'Object Repository/WEB/Register/Reg_validationError_EmailRegisteredAlready' located by '(.//*[normalize-space(text()) and normalize-space(.)='E-Mail'])[1]/following::small[1]' not found
	at com.kms.katalon.core.webui.keyword.internal.WebUIKeywordMain.stepFailed(WebUIKeywordMain.groovy:64)
	at com.kms.katalon.core.webui.keyword.builtin.VerifyElementPresentKeyword$_verifyElementPresent_closure1.doCall(VerifyElementPresentKeyword.groovy:85)
	at com.kms.katalon.core.webui.keyword.builtin.VerifyElementPresentKeyword$_verifyElementPresent_closure1.call(VerifyElementPresentKeyword.groovy)
	at com.kms.katalon.core.webui.keyword.internal.WebUIKeywordMain.runKeyword(WebUIKeywordMain.groovy:20)
	... 19 more
)

2023-04-03 08:10:54 - [TEST_STEP][FAILED] - verifyElementPresent(findTestObject("Object Repository/WEB/Register/Reg_validationError_EmailRegisteredAlready"), 1): Unable to verify object 'Object Repository/WEB/Register/Reg_validationError_EmailRegisteredAlready' is present (Root cause: com.kms.katalon.core.exception.StepFailedException: Unable to verify object 'Object Repository/WEB/Register/Reg_validationError_EmailRegisteredAlready' is present
	at com.kms.katalon.core.webui.keyword.internal.WebUIKeywordMain.stepFailed(WebUIKeywordMain.groovy:64)
	at com.kms.katalon.core.webui.keyword.internal.WebUIKeywordMain.runKeyword(WebUIKeywordMain.groovy:26)
	at com.kms.katalon.core.webui.keyword.builtin.VerifyElementPresentKeyword.verifyElementPresent(VerifyElementPresentKeyword.groovy:92)
	at com.kms.katalon.core.webui.keyword.builtin.VerifyElementPresentKeyword.execute(VerifyElementPresentKeyword.groovy:68)
	at com.kms.katalon.core.keyword.internal.KeywordExecutor.executeKeywordForPlatform(KeywordExecutor.groovy:74)
	at com.kms.katalon.core.webui.keyword.WebUiBuiltInKeywords.verifyElementPresent(WebUiBuiltInKeywords.groovy:1464)
	at com.kms.katalon.core.webui.keyword.WebUiBuiltInKeywords$verifyElementPresent$7.call(Unknown Source)
	at REG-28.run(REG-28:67)
	at com.kms.katalon.core.main.ScriptEngine.run(ScriptEngine.java:194)
	at com.kms.katalon.core.main.ScriptEngine.runScriptAsRawText(ScriptEngine.java:119)
	at com.kms.katalon.core.main.TestCaseExecutor.runScript(TestCaseExecutor.java:448)
	at com.kms.katalon.core.main.TestCaseExecutor.doExecute(TestCaseExecutor.java:439)
	at com.kms.katalon.core.main.TestCaseExecutor.processExecutionPhase(TestCaseExecutor.java:418)
	at com.kms.katalon.core.main.TestCaseExecutor.accessMainPhase(TestCaseExecutor.java:410)
	at com.kms.katalon.core.main.TestCaseExecutor.execute(TestCaseExecutor.java:285)
	at com.kms.katalon.core.common.CommonExecutor.accessTestCaseMainPhase(CommonExecutor.java:65)
	at com.kms.katalon.core.main.TestSuiteExecutor.accessTestSuiteMainPhase(TestSuiteExecutor.java:151)
	at com.kms.katalon.core.main.TestSuiteExecutor.execute(TestSuiteExecutor.java:106)
	at com.kms.katalon.core.main.TestCaseMain.startTestSuite(TestCaseMain.java:185)
	at com.kms.katalon.core.main.TestCaseMain$startTestSuite$0.call(Unknown Source)
	at TempTestSuite1680483767821.run(TempTestSuite1680483767821.groovy:36)
Caused by: com.kms.katalon.core.exception.StepFailedException: com.kms.katalon.core.webui.exception.WebElementNotFoundException: Web element with id: 'Object Repository/WEB/Register/Reg_validationError_EmailRegisteredAlready' located by '(.//*[normalize-space(text()) and normalize-space(.)='E-Mail'])[1]/following::small[1]' not found
	at com.kms.katalon.core.webui.keyword.internal.WebUIKeywordMain.stepFailed(WebUIKeywordMain.groovy:64)
	at com.kms.katalon.core.webui.keyword.builtin.VerifyElementPresentKeyword$_verifyElementPresent_closure1.doCall(VerifyElementPresentKeyword.groovy:85)
	at com.kms.katalon.core.webui.keyword.builtin.VerifyElementPresentKeyword$_verifyElementPresent_closure1.call(VerifyElementPresentKeyword.groovy)
	at com.kms.katalon.core.webui.keyword.internal.WebUIKeywordMain.runKeyword(WebUIKeywordMain.groovy:20)
	... 19 more
)

2023-04-03 08:10:56 - [MESSAGE][INFO] - Unable to find the element located by 'By.xpath: (.//*[normalize-space(text()) and normalize-space(.)='E-Mail'])[1]/following::small[1]'. Please recheck the objects properties to make sure the desired element is located. 

2023-04-03 08:10:56 - [MESSAGE][FAILED] - com.kms.katalon.core.webui.exception.WebElementNotFoundException: Web element with id: 'Object Repository/WEB/Register/Reg_validationError_EmailRegisteredAlready' located by '(.//*[normalize-space(text()) and normalize-space(.)='E-Mail'])[1]/following::small[1]' not found (Root cause: com.kms.katalon.core.exception.StepFailedException: com.kms.katalon.core.webui.exception.WebElementNotFoundException: Web element with id: 'Object Repository/WEB/Register/Reg_validationError_EmailRegisteredAlready' located by '(.//*[normalize-space(text()) and normalize-space(.)='E-Mail'])[1]/following::small[1]' not found
	at com.kms.katalon.core.webui.keyword.internal.WebUIKeywordMain.stepFailed(WebUIKeywordMain.groovy:64)
	at com.kms.katalon.core.webui.keyword.builtin.VerifyElementPresentKeyword$_verifyElementPresent_closure1.doCall(VerifyElementPresentKeyword.groovy:85)
	at com.kms.katalon.core.webui.keyword.builtin.VerifyElementPresentKeyword$_verifyElementPresent_closure1.call(VerifyElementPresentKeyword.groovy)
	at com.kms.katalon.core.webui.keyword.internal.WebUIKeywordMain.runKeyword(WebUIKeywordMain.groovy:20)
	at com.kms.katalon.core.webui.keyword.builtin.VerifyElementPresentKeyword.verifyElementPresent(VerifyElementPresentKeyword.groovy:92)
	at com.kms.katalon.core.webui.keyword.builtin.VerifyElementPresentKeyword.execute(VerifyElementPresentKeyword.groovy:68)
	at com.kms.katalon.core.keyword.internal.KeywordExecutor.executeKeywordForPlatform(KeywordExecutor.groovy:74)
	at com.kms.katalon.core.webui.keyword.WebUiBuiltInKeywords.verifyElementPresent(WebUiBuiltInKeywords.groovy:1464)
	at com.kms.katalon.core.webui.keyword.WebUiBuiltInKeywords$verifyElementPresent$7.call(Unknown Source)
	at REG-28.run(REG-28:67)
	at com.kms.katalon.core.main.ScriptEngine.run(ScriptEngine.java:194)
	at com.kms.katalon.core.main.ScriptEngine.runScriptAsRawText(ScriptEngine.java:119)
	at com.kms.katalon.core.main.TestCaseExecutor.runScript(TestCaseExecutor.java:448)
	at com.kms.katalon.core.main.TestCaseExecutor.doExecute(TestCaseExecutor.java:439)
	at com.kms.katalon.core.main.TestCaseExecutor.processExecutionPhase(TestCaseExecutor.java:418)
	at com.kms.katalon.core.main.TestCaseExecutor.accessMainPhase(TestCaseExecutor.java:410)
	at com.kms.katalon.core.main.TestCaseExecutor.execute(TestCaseExecutor.java:285)
	at com.kms.katalon.core.common.CommonExecutor.accessTestCaseMainPhase(CommonExecutor.java:65)
	at com.kms.katalon.core.main.TestSuiteExecutor.accessTestSuiteMainPhase(TestSuiteExecutor.java:151)
	at com.kms.katalon.core.main.TestSuiteExecutor.execute(TestSuiteExecutor.java:106)
	at com.kms.katalon.core.main.TestCaseMain.startTestSuite(TestCaseMain.java:185)
	at com.kms.katalon.core.main.TestCaseMain$startTestSuite$0.call(Unknown Source)
	at TempTestSuite1680483767821.run(TempTestSuite1680483767821.groovy:36)
)
[[ATTACHMENT|C:\\Users\\rizki\\git\\CodingID-QA\\Reports\\20230403_080247\\WEB\\REG\\20230403_080247\\1680484256614.png]]

2023-04-03 08:10:56 - [MESSAGE][FAILED] - Unable to verify object 'Object Repository/WEB/Register/Reg_validationError_EmailRegisteredAlready' is present (Root cause: com.kms.katalon.core.exception.StepFailedException: Unable to verify object 'Object Repository/WEB/Register/Reg_validationError_EmailRegisteredAlready' is present
	at com.kms.katalon.core.webui.keyword.internal.WebUIKeywordMain.stepFailed(WebUIKeywordMain.groovy:64)
	at com.kms.katalon.core.webui.keyword.internal.WebUIKeywordMain.runKeyword(WebUIKeywordMain.groovy:26)
	at com.kms.katalon.core.webui.keyword.builtin.VerifyElementPresentKeyword.verifyElementPresent(VerifyElementPresentKeyword.groovy:92)
	at com.kms.katalon.core.webui.keyword.builtin.VerifyElementPresentKeyword.execute(VerifyElementPresentKeyword.groovy:68)
	at com.kms.katalon.core.keyword.internal.KeywordExecutor.executeKeywordForPlatform(KeywordExecutor.groovy:74)
	at com.kms.katalon.core.webui.keyword.WebUiBuiltInKeywords.verifyElementPresent(WebUiBuiltInKeywords.groovy:1464)
	at com.kms.katalon.core.webui.keyword.WebUiBuiltInKeywords$verifyElementPresent$7.call(Unknown Source)
	at REG-28.run(REG-28:67)
	at com.kms.katalon.core.main.ScriptEngine.run(ScriptEngine.java:194)
	at com.kms.katalon.core.main.ScriptEngine.runScriptAsRawText(ScriptEngine.java:119)
	at com.kms.katalon.core.main.TestCaseExecutor.runScript(TestCaseExecutor.java:448)
	at com.kms.katalon.core.main.TestCaseExecutor.doExecute(TestCaseExecutor.java:439)
	at com.kms.katalon.core.main.TestCaseExecutor.processExecutionPhase(TestCaseExecutor.java:418)
	at com.kms.katalon.core.main.TestCaseExecutor.accessMainPhase(TestCaseExecutor.java:410)
	at com.kms.katalon.core.main.TestCaseExecutor.execute(TestCaseExecutor.java:285)
	at com.kms.katalon.core.common.CommonExecutor.accessTestCaseMainPhase(CommonExecutor.java:65)
	at com.kms.katalon.core.main.TestSuiteExecutor.accessTestSuiteMainPhase(TestSuiteExecutor.java:151)
	at com.kms.katalon.core.main.TestSuiteExecutor.execute(TestSuiteExecutor.java:106)
	at com.kms.katalon.core.main.TestCaseMain.startTestSuite(TestCaseMain.java:185)
	at com.kms.katalon.core.main.TestCaseMain$startTestSuite$0.call(Unknown Source)
	at TempTestSuite1680483767821.run(TempTestSuite1680483767821.groovy:36)
Caused by: com.kms.katalon.core.exception.StepFailedException: com.kms.katalon.core.webui.exception.WebElementNotFoundException: Web element with id: 'Object Repository/WEB/Register/Reg_validationError_EmailRegisteredAlready' located by '(.//*[normalize-space(text()) and normalize-space(.)='E-Mail'])[1]/following::small[1]' not found
	at com.kms.katalon.core.webui.keyword.internal.WebUIKeywordMain.stepFailed(WebUIKeywordMain.groovy:64)
	at com.kms.katalon.core.webui.keyword.builtin.VerifyElementPresentKeyword$_verifyElementPresent_closure1.doCall(VerifyElementPresentKeyword.groovy:85)
	at com.kms.katalon.core.webui.keyword.builtin.VerifyElementPresentKeyword$_verifyElementPresent_closure1.call(VerifyElementPresentKeyword.groovy)
	at com.kms.katalon.core.webui.keyword.internal.WebUIKeywordMain.runKeyword(WebUIKeywordMain.groovy:20)
	... 19 more
)
[[ATTACHMENT|C:\\Users\\rizki\\git\\CodingID-QA\\Reports\\20230403_080247\\WEB\\REG\\20230403_080247\\1680484256739.png]]

2023-04-03 08:10:56 - [TEST_STEP][PASSED] - catch (com.kms.katalon.core.exception.StepFailedException e): null

2023-04-03 08:10:56 - [TEST_STEP][PASSED] - if (!(hasError)): null

2023-04-03 08:10:56 - [TEST_STEP][PASSED] - email = testData.getValue("E-mail", i): null

2023-04-03 08:10:56 - [TEST_STEP][PASSED] - navigateToUrl("https://demo-app.online/daftar"): Navigate to 'https://demo-app.online/daftar' successfully

2023-04-03 08:10:57 - [MESSAGE][PASSED] - Navigate to 'https://demo-app.online/daftar' successfully

2023-04-03 08:10:57 - [TEST_STEP][PASSED] - setText(findTestObject("Object Repository/Web/Register/Reg_InputText_Nama"), "Rizki Khaerul Fajri"): Text 'Rizki Khaerul Fajri' is set on object 'Object Repository/Web/Register/Reg_InputText_Nama'

2023-04-03 08:10:58 - [MESSAGE][PASSED] - Text 'Rizki Khaerul Fajri' is set on object 'Object Repository/Web/Register/Reg_InputText_Nama'

2023-04-03 08:10:58 - [TEST_STEP][PASSED] - setText(findTestObject("Object Repository/Web/Register/Reg_InputText_BirthDay"), "18-Feb-1997"): Text '18-Feb-1997' is set on object 'Object Repository/Web/Register/Reg_InputText_BirthDay'

2023-04-03 08:10:59 - [MESSAGE][PASSED] - Text '18-Feb-1997' is set on object 'Object Repository/Web/Register/Reg_InputText_BirthDay'

2023-04-03 08:10:59 - [TEST_STEP][PASSED] - setText(findTestObject("Object Repository/Web/Register/Reg_InputText_Email"), email): Text 'username@example.com.' is set on object 'Object Repository/Web/Register/Reg_InputText_Email'

2023-04-03 08:11:00 - [MESSAGE][PASSED] - Text 'username@example.com.' is set on object 'Object Repository/Web/Register/Reg_InputText_Email'

2023-04-03 08:11:00 - [TEST_STEP][PASSED] - setText(findTestObject("Object Repository/Web/Register/Reg_InputText_Whatsapp"), "081324387267"): Text '081324387267' is set on object 'Object Repository/Web/Register/Reg_InputText_Whatsapp'

2023-04-03 08:11:00 - [MESSAGE][PASSED] - Text '081324387267' is set on object 'Object Repository/Web/Register/Reg_InputText_Whatsapp'

2023-04-03 08:11:00 - [TEST_STEP][PASSED] - setText(findTestObject("Object Repository/Web/Register/Reg_InputText_KataSandi"), "testingtesting"): Text 'testingtesting' is set on object 'Object Repository/Web/Register/Reg_InputText_KataSandi'

2023-04-03 08:11:01 - [MESSAGE][PASSED] - Text 'testingtesting' is set on object 'Object Repository/Web/Register/Reg_InputText_KataSandi'

2023-04-03 08:11:01 - [TEST_STEP][PASSED] - setText(findTestObject("Object Repository/Web/Register/Reg_InputText_KonfirmasiKataSandi"), "testingtesting"): Text 'testingtesting' is set on object 'Object Repository/Web/Register/Reg_InputText_KonfirmasiKataSandi'

2023-04-03 08:11:02 - [MESSAGE][PASSED] - Text 'testingtesting' is set on object 'Object Repository/Web/Register/Reg_InputText_KonfirmasiKataSandi'

2023-04-03 08:11:02 - [TEST_STEP][PASSED] - check(findTestObject("Object Repository/Web/Register/Reg_Checkbox_SyaratDanKetentuan")): Object 'Object Repository/Web/Register/Reg_Checkbox_SyaratDanKetentuan' is checked

2023-04-03 08:11:02 - [MESSAGE][PASSED] - Object 'Object Repository/Web/Register/Reg_Checkbox_SyaratDanKetentuan' is checked

2023-04-03 08:11:02 - [TEST_STEP][PASSED] - click(findTestObject("Object Repository/Web/Register/Reg_Button_Daftar")): Object: 'Object Repository/Web/Register/Reg_Button_Daftar' is clicked on

2023-04-03 08:11:03 - [MESSAGE][PASSED] - Object: 'Object Repository/Web/Register/Reg_Button_Daftar' is clicked on

2023-04-03 08:11:03 - [TEST_STEP][PASSED] - delay(1): Delayed 1 second(s)

2023-04-03 08:11:04 - [MESSAGE][PASSED] - Delayed 1 second(s)

2023-04-03 08:11:04 - [TEST_STEP][PASSED] - if (getUrl().equals("https://demo-app.online/email/verify")): Current window's url is: 'https://demo-app.online/daftar'

2023-04-03 08:11:04 - [MESSAGE][PASSED] - Current window's url is: 'https://demo-app.online/daftar'

2023-04-03 08:11:04 - [TEST_STEP][FAILED] - else: null

2023-04-03 08:11:04 - [TEST_STEP][PASSED] - try: null

2023-04-03 08:11:04 - [TEST_STEP][PASSED] - isValid = executeJavaScript("document.getElementById("email").reportValidity();", null): Execute JavaScript 'document.getElementById("email").reportValidity();' successfully

2023-04-03 08:11:04 - [MESSAGE][PASSED] - Execute JavaScript 'document.getElementById("email").reportValidity();' successfully

2023-04-03 08:11:04 - [TEST_STEP][PASSED] - assert !(isValid) : "Validation error should be displayed": null

2023-04-03 08:11:04 - [TEST_STEP][FAILED] - try: Unable to verify object 'Object Repository/WEB/Register/Reg_validationError_EmailRegisteredAlready' is present (Root cause: com.kms.katalon.core.exception.StepFailedException: Unable to verify object 'Object Repository/WEB/Register/Reg_validationError_EmailRegisteredAlready' is present
	at com.kms.katalon.core.webui.keyword.internal.WebUIKeywordMain.stepFailed(WebUIKeywordMain.groovy:64)
	at com.kms.katalon.core.webui.keyword.internal.WebUIKeywordMain.runKeyword(WebUIKeywordMain.groovy:26)
	at com.kms.katalon.core.webui.keyword.builtin.VerifyElementPresentKeyword.verifyElementPresent(VerifyElementPresentKeyword.groovy:92)
	at com.kms.katalon.core.webui.keyword.builtin.VerifyElementPresentKeyword.execute(VerifyElementPresentKeyword.groovy:68)
	at com.kms.katalon.core.keyword.internal.KeywordExecutor.executeKeywordForPlatform(KeywordExecutor.groovy:74)
	at com.kms.katalon.core.webui.keyword.WebUiBuiltInKeywords.verifyElementPresent(WebUiBuiltInKeywords.groovy:1464)
	at com.kms.katalon.core.webui.keyword.WebUiBuiltInKeywords$verifyElementPresent$7.call(Unknown Source)
	at REG-28.run(REG-28:67)
	at com.kms.katalon.core.main.ScriptEngine.run(ScriptEngine.java:194)
	at com.kms.katalon.core.main.ScriptEngine.runScriptAsRawText(ScriptEngine.java:119)
	at com.kms.katalon.core.main.TestCaseExecutor.runScript(TestCaseExecutor.java:448)
	at com.kms.katalon.core.main.TestCaseExecutor.doExecute(TestCaseExecutor.java:439)
	at com.kms.katalon.core.main.TestCaseExecutor.processExecutionPhase(TestCaseExecutor.java:418)
	at com.kms.katalon.core.main.TestCaseExecutor.accessMainPhase(TestCaseExecutor.java:410)
	at com.kms.katalon.core.main.TestCaseExecutor.execute(TestCaseExecutor.java:285)
	at com.kms.katalon.core.common.CommonExecutor.accessTestCaseMainPhase(CommonExecutor.java:65)
	at com.kms.katalon.core.main.TestSuiteExecutor.accessTestSuiteMainPhase(TestSuiteExecutor.java:151)
	at com.kms.katalon.core.main.TestSuiteExecutor.execute(TestSuiteExecutor.java:106)
	at com.kms.katalon.core.main.TestCaseMain.startTestSuite(TestCaseMain.java:185)
	at com.kms.katalon.core.main.TestCaseMain$startTestSuite$0.call(Unknown Source)
	at TempTestSuite1680483767821.run(TempTestSuite1680483767821.groovy:36)
Caused by: com.kms.katalon.core.exception.StepFailedException: com.kms.katalon.core.webui.exception.WebElementNotFoundException: Web element with id: 'Object Repository/WEB/Register/Reg_validationError_EmailRegisteredAlready' located by '(.//*[normalize-space(text()) and normalize-space(.)='E-Mail'])[1]/following::small[1]' not found
	at com.kms.katalon.core.webui.keyword.internal.WebUIKeywordMain.stepFailed(WebUIKeywordMain.groovy:64)
	at com.kms.katalon.core.webui.keyword.builtin.VerifyElementPresentKeyword$_verifyElementPresent_closure1.doCall(VerifyElementPresentKeyword.groovy:85)
	at com.kms.katalon.core.webui.keyword.builtin.VerifyElementPresentKeyword$_verifyElementPresent_closure1.call(VerifyElementPresentKeyword.groovy)
	at com.kms.katalon.core.webui.keyword.internal.WebUIKeywordMain.runKeyword(WebUIKeywordMain.groovy:20)
	... 19 more
)

2023-04-03 08:11:04 - [TEST_STEP][FAILED] - verifyElementPresent(findTestObject("Object Repository/WEB/Register/Reg_validationError_EmailRegisteredAlready"), 1): Unable to verify object 'Object Repository/WEB/Register/Reg_validationError_EmailRegisteredAlready' is present (Root cause: com.kms.katalon.core.exception.StepFailedException: Unable to verify object 'Object Repository/WEB/Register/Reg_validationError_EmailRegisteredAlready' is present
	at com.kms.katalon.core.webui.keyword.internal.WebUIKeywordMain.stepFailed(WebUIKeywordMain.groovy:64)
	at com.kms.katalon.core.webui.keyword.internal.WebUIKeywordMain.runKeyword(WebUIKeywordMain.groovy:26)
	at com.kms.katalon.core.webui.keyword.builtin.VerifyElementPresentKeyword.verifyElementPresent(VerifyElementPresentKeyword.groovy:92)
	at com.kms.katalon.core.webui.keyword.builtin.VerifyElementPresentKeyword.execute(VerifyElementPresentKeyword.groovy:68)
	at com.kms.katalon.core.keyword.internal.KeywordExecutor.executeKeywordForPlatform(KeywordExecutor.groovy:74)
	at com.kms.katalon.core.webui.keyword.WebUiBuiltInKeywords.verifyElementPresent(WebUiBuiltInKeywords.groovy:1464)
	at com.kms.katalon.core.webui.keyword.WebUiBuiltInKeywords$verifyElementPresent$7.call(Unknown Source)
	at REG-28.run(REG-28:67)
	at com.kms.katalon.core.main.ScriptEngine.run(ScriptEngine.java:194)
	at com.kms.katalon.core.main.ScriptEngine.runScriptAsRawText(ScriptEngine.java:119)
	at com.kms.katalon.core.main.TestCaseExecutor.runScript(TestCaseExecutor.java:448)
	at com.kms.katalon.core.main.TestCaseExecutor.doExecute(TestCaseExecutor.java:439)
	at com.kms.katalon.core.main.TestCaseExecutor.processExecutionPhase(TestCaseExecutor.java:418)
	at com.kms.katalon.core.main.TestCaseExecutor.accessMainPhase(TestCaseExecutor.java:410)
	at com.kms.katalon.core.main.TestCaseExecutor.execute(TestCaseExecutor.java:285)
	at com.kms.katalon.core.common.CommonExecutor.accessTestCaseMainPhase(CommonExecutor.java:65)
	at com.kms.katalon.core.main.TestSuiteExecutor.accessTestSuiteMainPhase(TestSuiteExecutor.java:151)
	at com.kms.katalon.core.main.TestSuiteExecutor.execute(TestSuiteExecutor.java:106)
	at com.kms.katalon.core.main.TestCaseMain.startTestSuite(TestCaseMain.java:185)
	at com.kms.katalon.core.main.TestCaseMain$startTestSuite$0.call(Unknown Source)
	at TempTestSuite1680483767821.run(TempTestSuite1680483767821.groovy:36)
Caused by: com.kms.katalon.core.exception.StepFailedException: com.kms.katalon.core.webui.exception.WebElementNotFoundException: Web element with id: 'Object Repository/WEB/Register/Reg_validationError_EmailRegisteredAlready' located by '(.//*[normalize-space(text()) and normalize-space(.)='E-Mail'])[1]/following::small[1]' not found
	at com.kms.katalon.core.webui.keyword.internal.WebUIKeywordMain.stepFailed(WebUIKeywordMain.groovy:64)
	at com.kms.katalon.core.webui.keyword.builtin.VerifyElementPresentKeyword$_verifyElementPresent_closure1.doCall(VerifyElementPresentKeyword.groovy:85)
	at com.kms.katalon.core.webui.keyword.builtin.VerifyElementPresentKeyword$_verifyElementPresent_closure1.call(VerifyElementPresentKeyword.groovy)
	at com.kms.katalon.core.webui.keyword.internal.WebUIKeywordMain.runKeyword(WebUIKeywordMain.groovy:20)
	... 19 more
)

2023-04-03 08:11:06 - [MESSAGE][INFO] - Unable to find the element located by 'By.xpath: (.//*[normalize-space(text()) and normalize-space(.)='E-Mail'])[1]/following::small[1]'. Please recheck the objects properties to make sure the desired element is located. 

2023-04-03 08:11:06 - [MESSAGE][FAILED] - com.kms.katalon.core.webui.exception.WebElementNotFoundException: Web element with id: 'Object Repository/WEB/Register/Reg_validationError_EmailRegisteredAlready' located by '(.//*[normalize-space(text()) and normalize-space(.)='E-Mail'])[1]/following::small[1]' not found (Root cause: com.kms.katalon.core.exception.StepFailedException: com.kms.katalon.core.webui.exception.WebElementNotFoundException: Web element with id: 'Object Repository/WEB/Register/Reg_validationError_EmailRegisteredAlready' located by '(.//*[normalize-space(text()) and normalize-space(.)='E-Mail'])[1]/following::small[1]' not found
	at com.kms.katalon.core.webui.keyword.internal.WebUIKeywordMain.stepFailed(WebUIKeywordMain.groovy:64)
	at com.kms.katalon.core.webui.keyword.builtin.VerifyElementPresentKeyword$_verifyElementPresent_closure1.doCall(VerifyElementPresentKeyword.groovy:85)
	at com.kms.katalon.core.webui.keyword.builtin.VerifyElementPresentKeyword$_verifyElementPresent_closure1.call(VerifyElementPresentKeyword.groovy)
	at com.kms.katalon.core.webui.keyword.internal.WebUIKeywordMain.runKeyword(WebUIKeywordMain.groovy:20)
	at com.kms.katalon.core.webui.keyword.builtin.VerifyElementPresentKeyword.verifyElementPresent(VerifyElementPresentKeyword.groovy:92)
	at com.kms.katalon.core.webui.keyword.builtin.VerifyElementPresentKeyword.execute(VerifyElementPresentKeyword.groovy:68)
	at com.kms.katalon.core.keyword.internal.KeywordExecutor.executeKeywordForPlatform(KeywordExecutor.groovy:74)
	at com.kms.katalon.core.webui.keyword.WebUiBuiltInKeywords.verifyElementPresent(WebUiBuiltInKeywords.groovy:1464)
	at com.kms.katalon.core.webui.keyword.WebUiBuiltInKeywords$verifyElementPresent$7.call(Unknown Source)
	at REG-28.run(REG-28:67)
	at com.kms.katalon.core.main.ScriptEngine.run(ScriptEngine.java:194)
	at com.kms.katalon.core.main.ScriptEngine.runScriptAsRawText(ScriptEngine.java:119)
	at com.kms.katalon.core.main.TestCaseExecutor.runScript(TestCaseExecutor.java:448)
	at com.kms.katalon.core.main.TestCaseExecutor.doExecute(TestCaseExecutor.java:439)
	at com.kms.katalon.core.main.TestCaseExecutor.processExecutionPhase(TestCaseExecutor.java:418)
	at com.kms.katalon.core.main.TestCaseExecutor.accessMainPhase(TestCaseExecutor.java:410)
	at com.kms.katalon.core.main.TestCaseExecutor.execute(TestCaseExecutor.java:285)
	at com.kms.katalon.core.common.CommonExecutor.accessTestCaseMainPhase(CommonExecutor.java:65)
	at com.kms.katalon.core.main.TestSuiteExecutor.accessTestSuiteMainPhase(TestSuiteExecutor.java:151)
	at com.kms.katalon.core.main.TestSuiteExecutor.execute(TestSuiteExecutor.java:106)
	at com.kms.katalon.core.main.TestCaseMain.startTestSuite(TestCaseMain.java:185)
	at com.kms.katalon.core.main.TestCaseMain$startTestSuite$0.call(Unknown Source)
	at TempTestSuite1680483767821.run(TempTestSuite1680483767821.groovy:36)
)
[[ATTACHMENT|C:\\Users\\rizki\\git\\CodingID-QA\\Reports\\20230403_080247\\WEB\\REG\\20230403_080247\\1680484266367.png]]

2023-04-03 08:11:06 - [MESSAGE][FAILED] - Unable to verify object 'Object Repository/WEB/Register/Reg_validationError_EmailRegisteredAlready' is present (Root cause: com.kms.katalon.core.exception.StepFailedException: Unable to verify object 'Object Repository/WEB/Register/Reg_validationError_EmailRegisteredAlready' is present
	at com.kms.katalon.core.webui.keyword.internal.WebUIKeywordMain.stepFailed(WebUIKeywordMain.groovy:64)
	at com.kms.katalon.core.webui.keyword.internal.WebUIKeywordMain.runKeyword(WebUIKeywordMain.groovy:26)
	at com.kms.katalon.core.webui.keyword.builtin.VerifyElementPresentKeyword.verifyElementPresent(VerifyElementPresentKeyword.groovy:92)
	at com.kms.katalon.core.webui.keyword.builtin.VerifyElementPresentKeyword.execute(VerifyElementPresentKeyword.groovy:68)
	at com.kms.katalon.core.keyword.internal.KeywordExecutor.executeKeywordForPlatform(KeywordExecutor.groovy:74)
	at com.kms.katalon.core.webui.keyword.WebUiBuiltInKeywords.verifyElementPresent(WebUiBuiltInKeywords.groovy:1464)
	at com.kms.katalon.core.webui.keyword.WebUiBuiltInKeywords$verifyElementPresent$7.call(Unknown Source)
	at REG-28.run(REG-28:67)
	at com.kms.katalon.core.main.ScriptEngine.run(ScriptEngine.java:194)
	at com.kms.katalon.core.main.ScriptEngine.runScriptAsRawText(ScriptEngine.java:119)
	at com.kms.katalon.core.main.TestCaseExecutor.runScript(TestCaseExecutor.java:448)
	at com.kms.katalon.core.main.TestCaseExecutor.doExecute(TestCaseExecutor.java:439)
	at com.kms.katalon.core.main.TestCaseExecutor.processExecutionPhase(TestCaseExecutor.java:418)
	at com.kms.katalon.core.main.TestCaseExecutor.accessMainPhase(TestCaseExecutor.java:410)
	at com.kms.katalon.core.main.TestCaseExecutor.execute(TestCaseExecutor.java:285)
	at com.kms.katalon.core.common.CommonExecutor.accessTestCaseMainPhase(CommonExecutor.java:65)
	at com.kms.katalon.core.main.TestSuiteExecutor.accessTestSuiteMainPhase(TestSuiteExecutor.java:151)
	at com.kms.katalon.core.main.TestSuiteExecutor.execute(TestSuiteExecutor.java:106)
	at com.kms.katalon.core.main.TestCaseMain.startTestSuite(TestCaseMain.java:185)
	at com.kms.katalon.core.main.TestCaseMain$startTestSuite$0.call(Unknown Source)
	at TempTestSuite1680483767821.run(TempTestSuite1680483767821.groovy:36)
Caused by: com.kms.katalon.core.exception.StepFailedException: com.kms.katalon.core.webui.exception.WebElementNotFoundException: Web element with id: 'Object Repository/WEB/Register/Reg_validationError_EmailRegisteredAlready' located by '(.//*[normalize-space(text()) and normalize-space(.)='E-Mail'])[1]/following::small[1]' not found
	at com.kms.katalon.core.webui.keyword.internal.WebUIKeywordMain.stepFailed(WebUIKeywordMain.groovy:64)
	at com.kms.katalon.core.webui.keyword.builtin.VerifyElementPresentKeyword$_verifyElementPresent_closure1.doCall(VerifyElementPresentKeyword.groovy:85)
	at com.kms.katalon.core.webui.keyword.builtin.VerifyElementPresentKeyword$_verifyElementPresent_closure1.call(VerifyElementPresentKeyword.groovy)
	at com.kms.katalon.core.webui.keyword.internal.WebUIKeywordMain.runKeyword(WebUIKeywordMain.groovy:20)
	... 19 more
)
[[ATTACHMENT|C:\\Users\\rizki\\git\\CodingID-QA\\Reports\\20230403_080247\\WEB\\REG\\20230403_080247\\1680484266451.png]]

2023-04-03 08:11:06 - [TEST_STEP][PASSED] - catch (com.kms.katalon.core.exception.StepFailedException e): null

2023-04-03 08:11:06 - [TEST_STEP][PASSED] - if (!(hasError)): null]]></system-out>
         <system-err><![CDATA[]]></system-err>
      </testcase>
      <testcase name="Test Cases/Web/REG/REG-29" time="63.127" classname="Test Cases/Web/REG/REG-29" status="PASSED">
         <system-out><![CDATA[2023-04-03 08:11:06 - [TEST_CASE][PASSED] - Test Cases/Web/REG/REG-29: Test Cases/Web/REG/REG-29

2023-04-03 08:11:06 - [TEST_STEP][PASSED] - openBrowser(""): Browser is opened with url: ''

2023-04-03 08:11:06 - [MESSAGE][WARNING] - A browser is already opened. Closing browser and opening a new one

2023-04-03 08:11:07 - [MESSAGE][INFO] - Starting 'Chrome' driver

2023-04-03 08:11:07 - [MESSAGE][INFO] - Action delay is set to 0 milliseconds

2023-04-03 08:11:08 - [MESSAGE][PASSED] - Browser is opened with url: ''

2023-04-03 08:11:08 - [TEST_STEP][PASSED] - testData = findTestData("Data Files/Web/Register_Whatsapp"): null

2023-04-03 08:11:08 - [TEST_STEP][PASSED] - for ([i = 1, i <= testData.getRowNumbers(), (i++)]): Current window's url is: 'https://demo-app.online/email/verify'

2023-04-03 08:11:08 - [TEST_STEP][PASSED] - whatsapp = testData.getValue("Whatsapp", i): null

2023-04-03 08:11:08 - [TEST_STEP][PASSED] - navigateToUrl("https://demo-app.online/daftar"): Navigate to 'https://demo-app.online/daftar' successfully

2023-04-03 08:11:10 - [MESSAGE][PASSED] - Navigate to 'https://demo-app.online/daftar' successfully

2023-04-03 08:11:10 - [TEST_STEP][PASSED] - setText(findTestObject("Object Repository/Web/Register/Reg_InputText_Nama"), "Rizki Khaerul Fajri"): Text 'Rizki Khaerul Fajri' is set on object 'Object Repository/Web/Register/Reg_InputText_Nama'

2023-04-03 08:11:11 - [MESSAGE][PASSED] - Text 'Rizki Khaerul Fajri' is set on object 'Object Repository/Web/Register/Reg_InputText_Nama'

2023-04-03 08:11:11 - [TEST_STEP][PASSED] - setText(findTestObject("Object Repository/Web/Register/Reg_InputText_BirthDay"), "18-Feb-1997"): Text '18-Feb-1997' is set on object 'Object Repository/Web/Register/Reg_InputText_BirthDay'

2023-04-03 08:11:12 - [MESSAGE][PASSED] - Text '18-Feb-1997' is set on object 'Object Repository/Web/Register/Reg_InputText_BirthDay'

2023-04-03 08:11:12 - [TEST_STEP][PASSED] - setText(findTestObject("Object Repository/Web/Register/Reg_InputText_Email"), "Test@Example.com"): Text 'Test@Example.com' is set on object 'Object Repository/Web/Register/Reg_InputText_Email'

2023-04-03 08:11:13 - [MESSAGE][PASSED] - Text 'Test@Example.com' is set on object 'Object Repository/Web/Register/Reg_InputText_Email'

2023-04-03 08:11:13 - [TEST_STEP][PASSED] - setText(findTestObject("Object Repository/Web/Register/Reg_InputText_Whatsapp"), whatsapp): Text '2125551212' is set on object 'Object Repository/Web/Register/Reg_InputText_Whatsapp'

2023-04-03 08:11:13 - [MESSAGE][PASSED] - Text '2125551212' is set on object 'Object Repository/Web/Register/Reg_InputText_Whatsapp'

2023-04-03 08:11:13 - [TEST_STEP][PASSED] - setText(findTestObject("Object Repository/Web/Register/Reg_InputText_KataSandi"), "testingtesting"): Text 'testingtesting' is set on object 'Object Repository/Web/Register/Reg_InputText_KataSandi'

2023-04-03 08:11:14 - [MESSAGE][PASSED] - Text 'testingtesting' is set on object 'Object Repository/Web/Register/Reg_InputText_KataSandi'

2023-04-03 08:11:14 - [TEST_STEP][PASSED] - setText(findTestObject("Object Repository/Web/Register/Reg_InputText_KonfirmasiKataSandi"), "testingtesting"): Text 'testingtesting' is set on object 'Object Repository/Web/Register/Reg_InputText_KonfirmasiKataSandi'

2023-04-03 08:11:15 - [MESSAGE][PASSED] - Text 'testingtesting' is set on object 'Object Repository/Web/Register/Reg_InputText_KonfirmasiKataSandi'

2023-04-03 08:11:15 - [TEST_STEP][PASSED] - check(findTestObject("Object Repository/Web/Register/Reg_Checkbox_SyaratDanKetentuan")): Object 'Object Repository/Web/Register/Reg_Checkbox_SyaratDanKetentuan' is checked

2023-04-03 08:11:15 - [MESSAGE][PASSED] - Object 'Object Repository/Web/Register/Reg_Checkbox_SyaratDanKetentuan' is checked

2023-04-03 08:11:15 - [TEST_STEP][PASSED] - click(findTestObject("Object Repository/Web/Register/Reg_Button_Daftar")): Object: 'Object Repository/Web/Register/Reg_Button_Daftar' is clicked on

2023-04-03 08:11:17 - [MESSAGE][PASSED] - Object: 'Object Repository/Web/Register/Reg_Button_Daftar' is clicked on

2023-04-03 08:11:17 - [TEST_STEP][PASSED] - delay(2): Delayed 2 second(s)

2023-04-03 08:11:19 - [MESSAGE][PASSED] - Delayed 2 second(s)

2023-04-03 08:11:19 - [TEST_STEP][PASSED] - if (getUrl() == "https://demo-app.online/daftar"): Current window's url is: 'https://demo-app.online/email/verify'

2023-04-03 08:11:19 - [MESSAGE][PASSED] - Current window's url is: 'https://demo-app.online/email/verify'

2023-04-03 08:11:19 - [TEST_STEP][PASSED] - delay(2): Delayed 2 second(s)

2023-04-03 08:11:21 - [MESSAGE][PASSED] - Delayed 2 second(s)

2023-04-03 08:11:21 - [TEST_STEP][PASSED] - assert getUrl() == "https://demo-app.online/email/verify": Current window's url is: 'https://demo-app.online/email/verify'

2023-04-03 08:11:21 - [MESSAGE][PASSED] - Current window's url is: 'https://demo-app.online/email/verify'

2023-04-03 08:11:21 - [TEST_STEP][PASSED] - whatsapp = testData.getValue("Whatsapp", i): null

2023-04-03 08:11:21 - [TEST_STEP][PASSED] - navigateToUrl("https://demo-app.online/daftar"): Navigate to 'https://demo-app.online/daftar' successfully

2023-04-03 08:11:22 - [MESSAGE][PASSED] - Navigate to 'https://demo-app.online/daftar' successfully

2023-04-03 08:11:22 - [TEST_STEP][PASSED] - setText(findTestObject("Object Repository/Web/Register/Reg_InputText_Nama"), "Rizki Khaerul Fajri"): Text 'Rizki Khaerul Fajri' is set on object 'Object Repository/Web/Register/Reg_InputText_Nama'

2023-04-03 08:11:23 - [MESSAGE][PASSED] - Text 'Rizki Khaerul Fajri' is set on object 'Object Repository/Web/Register/Reg_InputText_Nama'

2023-04-03 08:11:23 - [TEST_STEP][PASSED] - setText(findTestObject("Object Repository/Web/Register/Reg_InputText_BirthDay"), "18-Feb-1997"): Text '18-Feb-1997' is set on object 'Object Repository/Web/Register/Reg_InputText_BirthDay'

2023-04-03 08:11:24 - [MESSAGE][PASSED] - Text '18-Feb-1997' is set on object 'Object Repository/Web/Register/Reg_InputText_BirthDay'

2023-04-03 08:11:24 - [TEST_STEP][PASSED] - setText(findTestObject("Object Repository/Web/Register/Reg_InputText_Email"), "Test@Example.com"): Text 'Test@Example.com' is set on object 'Object Repository/Web/Register/Reg_InputText_Email'

2023-04-03 08:11:24 - [MESSAGE][PASSED] - Text 'Test@Example.com' is set on object 'Object Repository/Web/Register/Reg_InputText_Email'

2023-04-03 08:11:24 - [TEST_STEP][PASSED] - setText(findTestObject("Object Repository/Web/Register/Reg_InputText_Whatsapp"), whatsapp): Text '02071234567' is set on object 'Object Repository/Web/Register/Reg_InputText_Whatsapp'

2023-04-03 08:11:25 - [MESSAGE][PASSED] - Text '02071234567' is set on object 'Object Repository/Web/Register/Reg_InputText_Whatsapp'

2023-04-03 08:11:25 - [TEST_STEP][PASSED] - setText(findTestObject("Object Repository/Web/Register/Reg_InputText_KataSandi"), "testingtesting"): Text 'testingtesting' is set on object 'Object Repository/Web/Register/Reg_InputText_KataSandi'

2023-04-03 08:11:26 - [MESSAGE][PASSED] - Text 'testingtesting' is set on object 'Object Repository/Web/Register/Reg_InputText_KataSandi'

2023-04-03 08:11:26 - [TEST_STEP][PASSED] - setText(findTestObject("Object Repository/Web/Register/Reg_InputText_KonfirmasiKataSandi"), "testingtesting"): Text 'testingtesting' is set on object 'Object Repository/Web/Register/Reg_InputText_KonfirmasiKataSandi'

2023-04-03 08:11:26 - [MESSAGE][PASSED] - Text 'testingtesting' is set on object 'Object Repository/Web/Register/Reg_InputText_KonfirmasiKataSandi'

2023-04-03 08:11:26 - [TEST_STEP][PASSED] - check(findTestObject("Object Repository/Web/Register/Reg_Checkbox_SyaratDanKetentuan")): Object 'Object Repository/Web/Register/Reg_Checkbox_SyaratDanKetentuan' is checked

2023-04-03 08:11:27 - [MESSAGE][PASSED] - Object 'Object Repository/Web/Register/Reg_Checkbox_SyaratDanKetentuan' is checked

2023-04-03 08:11:27 - [TEST_STEP][PASSED] - click(findTestObject("Object Repository/Web/Register/Reg_Button_Daftar")): Object: 'Object Repository/Web/Register/Reg_Button_Daftar' is clicked on

2023-04-03 08:11:29 - [MESSAGE][PASSED] - Object: 'Object Repository/Web/Register/Reg_Button_Daftar' is clicked on

2023-04-03 08:11:29 - [TEST_STEP][PASSED] - delay(2): Delayed 2 second(s)

2023-04-03 08:11:31 - [MESSAGE][PASSED] - Delayed 2 second(s)

2023-04-03 08:11:31 - [TEST_STEP][PASSED] - if (getUrl() == "https://demo-app.online/daftar"): Current window's url is: 'https://demo-app.online/email/verify'

2023-04-03 08:11:31 - [MESSAGE][PASSED] - Current window's url is: 'https://demo-app.online/email/verify'

2023-04-03 08:11:31 - [TEST_STEP][PASSED] - delay(2): Delayed 2 second(s)

2023-04-03 08:11:33 - [MESSAGE][PASSED] - Delayed 2 second(s)

2023-04-03 08:11:33 - [TEST_STEP][PASSED] - assert getUrl() == "https://demo-app.online/email/verify": Current window's url is: 'https://demo-app.online/email/verify'

2023-04-03 08:11:33 - [MESSAGE][PASSED] - Current window's url is: 'https://demo-app.online/email/verify'

2023-04-03 08:11:33 - [TEST_STEP][PASSED] - whatsapp = testData.getValue("Whatsapp", i): null

2023-04-03 08:11:33 - [TEST_STEP][PASSED] - navigateToUrl("https://demo-app.online/daftar"): Navigate to 'https://demo-app.online/daftar' successfully

2023-04-03 08:11:34 - [MESSAGE][PASSED] - Navigate to 'https://demo-app.online/daftar' successfully

2023-04-03 08:11:34 - [TEST_STEP][PASSED] - setText(findTestObject("Object Repository/Web/Register/Reg_InputText_Nama"), "Rizki Khaerul Fajri"): Text 'Rizki Khaerul Fajri' is set on object 'Object Repository/Web/Register/Reg_InputText_Nama'

2023-04-03 08:11:35 - [MESSAGE][PASSED] - Text 'Rizki Khaerul Fajri' is set on object 'Object Repository/Web/Register/Reg_InputText_Nama'

2023-04-03 08:11:35 - [TEST_STEP][PASSED] - setText(findTestObject("Object Repository/Web/Register/Reg_InputText_BirthDay"), "18-Feb-1997"): Text '18-Feb-1997' is set on object 'Object Repository/Web/Register/Reg_InputText_BirthDay'

2023-04-03 08:11:35 - [MESSAGE][PASSED] - Text '18-Feb-1997' is set on object 'Object Repository/Web/Register/Reg_InputText_BirthDay'

2023-04-03 08:11:35 - [TEST_STEP][PASSED] - setText(findTestObject("Object Repository/Web/Register/Reg_InputText_Email"), "Test@Example.com"): Text 'Test@Example.com' is set on object 'Object Repository/Web/Register/Reg_InputText_Email'

2023-04-03 08:11:36 - [MESSAGE][PASSED] - Text 'Test@Example.com' is set on object 'Object Repository/Web/Register/Reg_InputText_Email'

2023-04-03 08:11:36 - [TEST_STEP][PASSED] - setText(findTestObject("Object Repository/Web/Register/Reg_InputText_Whatsapp"), whatsapp): Text '0312345678' is set on object 'Object Repository/Web/Register/Reg_InputText_Whatsapp'

2023-04-03 08:11:37 - [MESSAGE][PASSED] - Text '0312345678' is set on object 'Object Repository/Web/Register/Reg_InputText_Whatsapp'

2023-04-03 08:11:37 - [TEST_STEP][PASSED] - setText(findTestObject("Object Repository/Web/Register/Reg_InputText_KataSandi"), "testingtesting"): Text 'testingtesting' is set on object 'Object Repository/Web/Register/Reg_InputText_KataSandi'

2023-04-03 08:11:38 - [MESSAGE][PASSED] - Text 'testingtesting' is set on object 'Object Repository/Web/Register/Reg_InputText_KataSandi'

2023-04-03 08:11:38 - [TEST_STEP][PASSED] - setText(findTestObject("Object Repository/Web/Register/Reg_InputText_KonfirmasiKataSandi"), "testingtesting"): Text 'testingtesting' is set on object 'Object Repository/Web/Register/Reg_InputText_KonfirmasiKataSandi'

2023-04-03 08:11:38 - [MESSAGE][PASSED] - Text 'testingtesting' is set on object 'Object Repository/Web/Register/Reg_InputText_KonfirmasiKataSandi'

2023-04-03 08:11:38 - [TEST_STEP][PASSED] - check(findTestObject("Object Repository/Web/Register/Reg_Checkbox_SyaratDanKetentuan")): Object 'Object Repository/Web/Register/Reg_Checkbox_SyaratDanKetentuan' is checked

2023-04-03 08:11:39 - [MESSAGE][PASSED] - Object 'Object Repository/Web/Register/Reg_Checkbox_SyaratDanKetentuan' is checked

2023-04-03 08:11:39 - [TEST_STEP][PASSED] - click(findTestObject("Object Repository/Web/Register/Reg_Button_Daftar")): Object: 'Object Repository/Web/Register/Reg_Button_Daftar' is clicked on

2023-04-03 08:11:41 - [MESSAGE][PASSED] - Object: 'Object Repository/Web/Register/Reg_Button_Daftar' is clicked on

2023-04-03 08:11:41 - [TEST_STEP][PASSED] - delay(2): Delayed 2 second(s)

2023-04-03 08:11:43 - [MESSAGE][PASSED] - Delayed 2 second(s)

2023-04-03 08:11:43 - [TEST_STEP][PASSED] - if (getUrl() == "https://demo-app.online/daftar"): Current window's url is: 'https://demo-app.online/email/verify'

2023-04-03 08:11:43 - [MESSAGE][PASSED] - Current window's url is: 'https://demo-app.online/email/verify'

2023-04-03 08:11:43 - [TEST_STEP][PASSED] - delay(2): Delayed 2 second(s)

2023-04-03 08:11:45 - [MESSAGE][PASSED] - Delayed 2 second(s)

2023-04-03 08:11:45 - [TEST_STEP][PASSED] - assert getUrl() == "https://demo-app.online/email/verify": Current window's url is: 'https://demo-app.online/email/verify'

2023-04-03 08:11:45 - [MESSAGE][PASSED] - Current window's url is: 'https://demo-app.online/email/verify'

2023-04-03 08:11:45 - [TEST_STEP][PASSED] - whatsapp = testData.getValue("Whatsapp", i): null

2023-04-03 08:11:45 - [TEST_STEP][PASSED] - navigateToUrl("https://demo-app.online/daftar"): Navigate to 'https://demo-app.online/daftar' successfully

2023-04-03 08:11:45 - [MESSAGE][PASSED] - Navigate to 'https://demo-app.online/daftar' successfully

2023-04-03 08:11:45 - [TEST_STEP][PASSED] - setText(findTestObject("Object Repository/Web/Register/Reg_InputText_Nama"), "Rizki Khaerul Fajri"): Text 'Rizki Khaerul Fajri' is set on object 'Object Repository/Web/Register/Reg_InputText_Nama'

2023-04-03 08:11:46 - [MESSAGE][PASSED] - Text 'Rizki Khaerul Fajri' is set on object 'Object Repository/Web/Register/Reg_InputText_Nama'

2023-04-03 08:11:46 - [TEST_STEP][PASSED] - setText(findTestObject("Object Repository/Web/Register/Reg_InputText_BirthDay"), "18-Feb-1997"): Text '18-Feb-1997' is set on object 'Object Repository/Web/Register/Reg_InputText_BirthDay'

2023-04-03 08:11:47 - [MESSAGE][PASSED] - Text '18-Feb-1997' is set on object 'Object Repository/Web/Register/Reg_InputText_BirthDay'

2023-04-03 08:11:47 - [TEST_STEP][PASSED] - setText(findTestObject("Object Repository/Web/Register/Reg_InputText_Email"), "Test@Example.com"): Text 'Test@Example.com' is set on object 'Object Repository/Web/Register/Reg_InputText_Email'

2023-04-03 08:11:48 - [MESSAGE][PASSED] - Text 'Test@Example.com' is set on object 'Object Repository/Web/Register/Reg_InputText_Email'

2023-04-03 08:11:48 - [TEST_STEP][PASSED] - setText(findTestObject("Object Repository/Web/Register/Reg_InputText_Whatsapp"), whatsapp): Text '1012345678' is set on object 'Object Repository/Web/Register/Reg_InputText_Whatsapp'

2023-04-03 08:11:49 - [MESSAGE][PASSED] - Text '1012345678' is set on object 'Object Repository/Web/Register/Reg_InputText_Whatsapp'

2023-04-03 08:11:49 - [TEST_STEP][PASSED] - setText(findTestObject("Object Repository/Web/Register/Reg_InputText_KataSandi"), "testingtesting"): Text 'testingtesting' is set on object 'Object Repository/Web/Register/Reg_InputText_KataSandi'

2023-04-03 08:11:49 - [MESSAGE][PASSED] - Text 'testingtesting' is set on object 'Object Repository/Web/Register/Reg_InputText_KataSandi'

2023-04-03 08:11:49 - [TEST_STEP][PASSED] - setText(findTestObject("Object Repository/Web/Register/Reg_InputText_KonfirmasiKataSandi"), "testingtesting"): Text 'testingtesting' is set on object 'Object Repository/Web/Register/Reg_InputText_KonfirmasiKataSandi'

2023-04-03 08:11:50 - [MESSAGE][PASSED] - Text 'testingtesting' is set on object 'Object Repository/Web/Register/Reg_InputText_KonfirmasiKataSandi'

2023-04-03 08:11:50 - [TEST_STEP][PASSED] - check(findTestObject("Object Repository/Web/Register/Reg_Checkbox_SyaratDanKetentuan")): Object 'Object Repository/Web/Register/Reg_Checkbox_SyaratDanKetentuan' is checked

2023-04-03 08:11:51 - [MESSAGE][PASSED] - Object 'Object Repository/Web/Register/Reg_Checkbox_SyaratDanKetentuan' is checked

2023-04-03 08:11:51 - [TEST_STEP][PASSED] - click(findTestObject("Object Repository/Web/Register/Reg_Button_Daftar")): Object: 'Object Repository/Web/Register/Reg_Button_Daftar' is clicked on

2023-04-03 08:11:53 - [MESSAGE][PASSED] - Object: 'Object Repository/Web/Register/Reg_Button_Daftar' is clicked on

2023-04-03 08:11:53 - [TEST_STEP][PASSED] - delay(2): Delayed 2 second(s)

2023-04-03 08:11:55 - [MESSAGE][PASSED] - Delayed 2 second(s)

2023-04-03 08:11:55 - [TEST_STEP][PASSED] - if (getUrl() == "https://demo-app.online/daftar"): Current window's url is: 'https://demo-app.online/email/verify'

2023-04-03 08:11:55 - [MESSAGE][PASSED] - Current window's url is: 'https://demo-app.online/email/verify'

2023-04-03 08:11:55 - [TEST_STEP][PASSED] - delay(2): Delayed 2 second(s)

2023-04-03 08:11:57 - [MESSAGE][PASSED] - Delayed 2 second(s)

2023-04-03 08:11:57 - [TEST_STEP][PASSED] - assert getUrl() == "https://demo-app.online/email/verify": Current window's url is: 'https://demo-app.online/email/verify'

2023-04-03 08:11:57 - [MESSAGE][PASSED] - Current window's url is: 'https://demo-app.online/email/verify'

2023-04-03 08:11:57 - [TEST_STEP][PASSED] - whatsapp = testData.getValue("Whatsapp", i): null

2023-04-03 08:11:57 - [TEST_STEP][PASSED] - navigateToUrl("https://demo-app.online/daftar"): Navigate to 'https://demo-app.online/daftar' successfully

2023-04-03 08:11:57 - [MESSAGE][PASSED] - Navigate to 'https://demo-app.online/daftar' successfully

2023-04-03 08:11:57 - [TEST_STEP][PASSED] - setText(findTestObject("Object Repository/Web/Register/Reg_InputText_Nama"), "Rizki Khaerul Fajri"): Text 'Rizki Khaerul Fajri' is set on object 'Object Repository/Web/Register/Reg_InputText_Nama'

2023-04-03 08:11:58 - [MESSAGE][PASSED] - Text 'Rizki Khaerul Fajri' is set on object 'Object Repository/Web/Register/Reg_InputText_Nama'

2023-04-03 08:11:58 - [TEST_STEP][PASSED] - setText(findTestObject("Object Repository/Web/Register/Reg_InputText_BirthDay"), "18-Feb-1997"): Text '18-Feb-1997' is set on object 'Object Repository/Web/Register/Reg_InputText_BirthDay'

2023-04-03 08:11:59 - [MESSAGE][PASSED] - Text '18-Feb-1997' is set on object 'Object Repository/Web/Register/Reg_InputText_BirthDay'

2023-04-03 08:11:59 - [TEST_STEP][PASSED] - setText(findTestObject("Object Repository/Web/Register/Reg_InputText_Email"), "Test@Example.com"): Text 'Test@Example.com' is set on object 'Object Repository/Web/Register/Reg_InputText_Email'

2023-04-03 08:12:00 - [MESSAGE][PASSED] - Text 'Test@Example.com' is set on object 'Object Repository/Web/Register/Reg_InputText_Email'

2023-04-03 08:12:00 - [TEST_STEP][PASSED] - setText(findTestObject("Object Repository/Web/Register/Reg_InputText_Whatsapp"), whatsapp): Text '041234567' is set on object 'Object Repository/Web/Register/Reg_InputText_Whatsapp'

2023-04-03 08:12:00 - [MESSAGE][PASSED] - Text '041234567' is set on object 'Object Repository/Web/Register/Reg_InputText_Whatsapp'

2023-04-03 08:12:00 - [TEST_STEP][PASSED] - setText(findTestObject("Object Repository/Web/Register/Reg_InputText_KataSandi"), "testingtesting"): Text 'testingtesting' is set on object 'Object Repository/Web/Register/Reg_InputText_KataSandi'

2023-04-03 08:12:01 - [MESSAGE][PASSED] - Text 'testingtesting' is set on object 'Object Repository/Web/Register/Reg_InputText_KataSandi'

2023-04-03 08:12:01 - [TEST_STEP][PASSED] - setText(findTestObject("Object Repository/Web/Register/Reg_InputText_KonfirmasiKataSandi"), "testingtesting"): Text 'testingtesting' is set on object 'Object Repository/Web/Register/Reg_InputText_KonfirmasiKataSandi'

2023-04-03 08:12:02 - [MESSAGE][PASSED] - Text 'testingtesting' is set on object 'Object Repository/Web/Register/Reg_InputText_KonfirmasiKataSandi'

2023-04-03 08:12:02 - [TEST_STEP][PASSED] - check(findTestObject("Object Repository/Web/Register/Reg_Checkbox_SyaratDanKetentuan")): Object 'Object Repository/Web/Register/Reg_Checkbox_SyaratDanKetentuan' is checked

2023-04-03 08:12:03 - [MESSAGE][PASSED] - Object 'Object Repository/Web/Register/Reg_Checkbox_SyaratDanKetentuan' is checked

2023-04-03 08:12:03 - [TEST_STEP][PASSED] - click(findTestObject("Object Repository/Web/Register/Reg_Button_Daftar")): Object: 'Object Repository/Web/Register/Reg_Button_Daftar' is clicked on

2023-04-03 08:12:05 - [MESSAGE][PASSED] - Object: 'Object Repository/Web/Register/Reg_Button_Daftar' is clicked on

2023-04-03 08:12:05 - [TEST_STEP][PASSED] - delay(2): Delayed 2 second(s)

2023-04-03 08:12:07 - [MESSAGE][PASSED] - Delayed 2 second(s)

2023-04-03 08:12:07 - [TEST_STEP][PASSED] - if (getUrl() == "https://demo-app.online/daftar"): Current window's url is: 'https://demo-app.online/email/verify'

2023-04-03 08:12:07 - [MESSAGE][PASSED] - Current window's url is: 'https://demo-app.online/email/verify'

2023-04-03 08:12:07 - [TEST_STEP][PASSED] - delay(2): Delayed 2 second(s)

2023-04-03 08:12:09 - [MESSAGE][PASSED] - Delayed 2 second(s)

2023-04-03 08:12:09 - [TEST_STEP][PASSED] - assert getUrl() == "https://demo-app.online/email/verify": Current window's url is: 'https://demo-app.online/email/verify'

2023-04-03 08:12:09 - [MESSAGE][PASSED] - Current window's url is: 'https://demo-app.online/email/verify']]></system-out>
         <system-err><![CDATA[]]></system-err>
      </testcase>
      <testcase name="Test Cases/Web/REG/REG-30" time="63.16" classname="Test Cases/Web/REG/REG-30" status="PASSED">
         <system-out><![CDATA[2023-04-03 08:12:09 - [TEST_CASE][PASSED] - Test Cases/Web/REG/REG-30: Test Cases/Web/REG/REG-30

2023-04-03 08:12:09 - [TEST_STEP][PASSED] - openBrowser(""): Browser is opened with url: ''

2023-04-03 08:12:09 - [MESSAGE][WARNING] - A browser is already opened. Closing browser and opening a new one

2023-04-03 08:12:10 - [MESSAGE][INFO] - Starting 'Chrome' driver

2023-04-03 08:12:10 - [MESSAGE][INFO] - Action delay is set to 0 milliseconds

2023-04-03 08:12:11 - [MESSAGE][PASSED] - Browser is opened with url: ''

2023-04-03 08:12:11 - [TEST_STEP][PASSED] - testData = findTestData("Data Files/Web/Register_WhatsappCountryCode"): null

2023-04-03 08:12:11 - [TEST_STEP][PASSED] - for ([i = 1, i <= testData.getRowNumbers(), (i++)]): Current window's url is: 'https://demo-app.online/email/verify'

2023-04-03 08:12:11 - [TEST_STEP][PASSED] - whatsapp = testData.getValue("Whatsapp", i): null

2023-04-03 08:12:11 - [TEST_STEP][PASSED] - navigateToUrl("https://demo-app.online/daftar"): Navigate to 'https://demo-app.online/daftar' successfully

2023-04-03 08:12:13 - [MESSAGE][PASSED] - Navigate to 'https://demo-app.online/daftar' successfully

2023-04-03 08:12:13 - [TEST_STEP][PASSED] - setText(findTestObject("Object Repository/Web/Register/Reg_InputText_Nama"), "Rizki Khaerul Fajri"): Text 'Rizki Khaerul Fajri' is set on object 'Object Repository/Web/Register/Reg_InputText_Nama'

2023-04-03 08:12:14 - [MESSAGE][PASSED] - Text 'Rizki Khaerul Fajri' is set on object 'Object Repository/Web/Register/Reg_InputText_Nama'

2023-04-03 08:12:14 - [TEST_STEP][PASSED] - setText(findTestObject("Object Repository/Web/Register/Reg_InputText_BirthDay"), "18-Feb-1997"): Text '18-Feb-1997' is set on object 'Object Repository/Web/Register/Reg_InputText_BirthDay'

2023-04-03 08:12:15 - [MESSAGE][PASSED] - Text '18-Feb-1997' is set on object 'Object Repository/Web/Register/Reg_InputText_BirthDay'

2023-04-03 08:12:15 - [TEST_STEP][PASSED] - setText(findTestObject("Object Repository/Web/Register/Reg_InputText_Email"), "Test@Example.com"): Text 'Test@Example.com' is set on object 'Object Repository/Web/Register/Reg_InputText_Email'

2023-04-03 08:12:16 - [MESSAGE][PASSED] - Text 'Test@Example.com' is set on object 'Object Repository/Web/Register/Reg_InputText_Email'

2023-04-03 08:12:16 - [TEST_STEP][PASSED] - setText(findTestObject("Object Repository/Web/Register/Reg_InputText_Whatsapp"), whatsapp): Text '+12125551212' is set on object 'Object Repository/Web/Register/Reg_InputText_Whatsapp'

2023-04-03 08:12:16 - [MESSAGE][PASSED] - Text '+12125551212' is set on object 'Object Repository/Web/Register/Reg_InputText_Whatsapp'

2023-04-03 08:12:16 - [TEST_STEP][PASSED] - setText(findTestObject("Object Repository/Web/Register/Reg_InputText_KataSandi"), "testingtesting"): Text 'testingtesting' is set on object 'Object Repository/Web/Register/Reg_InputText_KataSandi'

2023-04-03 08:12:17 - [MESSAGE][PASSED] - Text 'testingtesting' is set on object 'Object Repository/Web/Register/Reg_InputText_KataSandi'

2023-04-03 08:12:17 - [TEST_STEP][PASSED] - setText(findTestObject("Object Repository/Web/Register/Reg_InputText_KonfirmasiKataSandi"), "testingtesting"): Text 'testingtesting' is set on object 'Object Repository/Web/Register/Reg_InputText_KonfirmasiKataSandi'

2023-04-03 08:12:18 - [MESSAGE][PASSED] - Text 'testingtesting' is set on object 'Object Repository/Web/Register/Reg_InputText_KonfirmasiKataSandi'

2023-04-03 08:12:18 - [TEST_STEP][PASSED] - check(findTestObject("Object Repository/Web/Register/Reg_Checkbox_SyaratDanKetentuan")): Object 'Object Repository/Web/Register/Reg_Checkbox_SyaratDanKetentuan' is checked

2023-04-03 08:12:18 - [MESSAGE][PASSED] - Object 'Object Repository/Web/Register/Reg_Checkbox_SyaratDanKetentuan' is checked

2023-04-03 08:12:18 - [TEST_STEP][PASSED] - click(findTestObject("Object Repository/Web/Register/Reg_Button_Daftar")): Object: 'Object Repository/Web/Register/Reg_Button_Daftar' is clicked on

2023-04-03 08:12:20 - [MESSAGE][PASSED] - Object: 'Object Repository/Web/Register/Reg_Button_Daftar' is clicked on

2023-04-03 08:12:20 - [TEST_STEP][PASSED] - delay(2): Delayed 2 second(s)

2023-04-03 08:12:22 - [MESSAGE][PASSED] - Delayed 2 second(s)

2023-04-03 08:12:22 - [TEST_STEP][PASSED] - if (getUrl() == "https://demo-app.online/daftar"): Current window's url is: 'https://demo-app.online/email/verify'

2023-04-03 08:12:22 - [MESSAGE][PASSED] - Current window's url is: 'https://demo-app.online/email/verify'

2023-04-03 08:12:22 - [TEST_STEP][PASSED] - delay(2): Delayed 2 second(s)

2023-04-03 08:12:24 - [MESSAGE][PASSED] - Delayed 2 second(s)

2023-04-03 08:12:24 - [TEST_STEP][PASSED] - assert getUrl() == "https://demo-app.online/email/verify": Current window's url is: 'https://demo-app.online/email/verify'

2023-04-03 08:12:24 - [MESSAGE][PASSED] - Current window's url is: 'https://demo-app.online/email/verify'

2023-04-03 08:12:24 - [TEST_STEP][PASSED] - whatsapp = testData.getValue("Whatsapp", i): null

2023-04-03 08:12:24 - [TEST_STEP][PASSED] - navigateToUrl("https://demo-app.online/daftar"): Navigate to 'https://demo-app.online/daftar' successfully

2023-04-03 08:12:25 - [MESSAGE][PASSED] - Navigate to 'https://demo-app.online/daftar' successfully

2023-04-03 08:12:25 - [TEST_STEP][PASSED] - setText(findTestObject("Object Repository/Web/Register/Reg_InputText_Nama"), "Rizki Khaerul Fajri"): Text 'Rizki Khaerul Fajri' is set on object 'Object Repository/Web/Register/Reg_InputText_Nama'

2023-04-03 08:12:26 - [MESSAGE][PASSED] - Text 'Rizki Khaerul Fajri' is set on object 'Object Repository/Web/Register/Reg_InputText_Nama'

2023-04-03 08:12:26 - [TEST_STEP][PASSED] - setText(findTestObject("Object Repository/Web/Register/Reg_InputText_BirthDay"), "18-Feb-1997"): Text '18-Feb-1997' is set on object 'Object Repository/Web/Register/Reg_InputText_BirthDay'

2023-04-03 08:12:27 - [MESSAGE][PASSED] - Text '18-Feb-1997' is set on object 'Object Repository/Web/Register/Reg_InputText_BirthDay'

2023-04-03 08:12:27 - [TEST_STEP][PASSED] - setText(findTestObject("Object Repository/Web/Register/Reg_InputText_Email"), "Test@Example.com"): Text 'Test@Example.com' is set on object 'Object Repository/Web/Register/Reg_InputText_Email'

2023-04-03 08:12:28 - [MESSAGE][PASSED] - Text 'Test@Example.com' is set on object 'Object Repository/Web/Register/Reg_InputText_Email'

2023-04-03 08:12:28 - [TEST_STEP][PASSED] - setText(findTestObject("Object Repository/Web/Register/Reg_InputText_Whatsapp"), whatsapp): Text '+12125551212' is set on object 'Object Repository/Web/Register/Reg_InputText_Whatsapp'

2023-04-03 08:12:28 - [MESSAGE][PASSED] - Text '+12125551212' is set on object 'Object Repository/Web/Register/Reg_InputText_Whatsapp'

2023-04-03 08:12:28 - [TEST_STEP][PASSED] - setText(findTestObject("Object Repository/Web/Register/Reg_InputText_KataSandi"), "testingtesting"): Text 'testingtesting' is set on object 'Object Repository/Web/Register/Reg_InputText_KataSandi'

2023-04-03 08:12:29 - [MESSAGE][PASSED] - Text 'testingtesting' is set on object 'Object Repository/Web/Register/Reg_InputText_KataSandi'

2023-04-03 08:12:29 - [TEST_STEP][PASSED] - setText(findTestObject("Object Repository/Web/Register/Reg_InputText_KonfirmasiKataSandi"), "testingtesting"): Text 'testingtesting' is set on object 'Object Repository/Web/Register/Reg_InputText_KonfirmasiKataSandi'

2023-04-03 08:12:30 - [MESSAGE][PASSED] - Text 'testingtesting' is set on object 'Object Repository/Web/Register/Reg_InputText_KonfirmasiKataSandi'

2023-04-03 08:12:30 - [TEST_STEP][PASSED] - check(findTestObject("Object Repository/Web/Register/Reg_Checkbox_SyaratDanKetentuan")): Object 'Object Repository/Web/Register/Reg_Checkbox_SyaratDanKetentuan' is checked

2023-04-03 08:12:30 - [MESSAGE][PASSED] - Object 'Object Repository/Web/Register/Reg_Checkbox_SyaratDanKetentuan' is checked

2023-04-03 08:12:30 - [TEST_STEP][PASSED] - click(findTestObject("Object Repository/Web/Register/Reg_Button_Daftar")): Object: 'Object Repository/Web/Register/Reg_Button_Daftar' is clicked on

2023-04-03 08:12:33 - [MESSAGE][PASSED] - Object: 'Object Repository/Web/Register/Reg_Button_Daftar' is clicked on

2023-04-03 08:12:33 - [TEST_STEP][PASSED] - delay(2): Delayed 2 second(s)

2023-04-03 08:12:35 - [MESSAGE][PASSED] - Delayed 2 second(s)

2023-04-03 08:12:35 - [TEST_STEP][PASSED] - if (getUrl() == "https://demo-app.online/daftar"): Current window's url is: 'https://demo-app.online/email/verify'

2023-04-03 08:12:35 - [MESSAGE][PASSED] - Current window's url is: 'https://demo-app.online/email/verify'

2023-04-03 08:12:35 - [TEST_STEP][PASSED] - delay(2): Delayed 2 second(s)

2023-04-03 08:12:37 - [MESSAGE][PASSED] - Delayed 2 second(s)

2023-04-03 08:12:37 - [TEST_STEP][PASSED] - assert getUrl() == "https://demo-app.online/email/verify": Current window's url is: 'https://demo-app.online/email/verify'

2023-04-03 08:12:37 - [MESSAGE][PASSED] - Current window's url is: 'https://demo-app.online/email/verify'

2023-04-03 08:12:37 - [TEST_STEP][PASSED] - whatsapp = testData.getValue("Whatsapp", i): null

2023-04-03 08:12:37 - [TEST_STEP][PASSED] - navigateToUrl("https://demo-app.online/daftar"): Navigate to 'https://demo-app.online/daftar' successfully

2023-04-03 08:12:37 - [MESSAGE][PASSED] - Navigate to 'https://demo-app.online/daftar' successfully

2023-04-03 08:12:37 - [TEST_STEP][PASSED] - setText(findTestObject("Object Repository/Web/Register/Reg_InputText_Nama"), "Rizki Khaerul Fajri"): Text 'Rizki Khaerul Fajri' is set on object 'Object Repository/Web/Register/Reg_InputText_Nama'

2023-04-03 08:12:38 - [MESSAGE][PASSED] - Text 'Rizki Khaerul Fajri' is set on object 'Object Repository/Web/Register/Reg_InputText_Nama'

2023-04-03 08:12:38 - [TEST_STEP][PASSED] - setText(findTestObject("Object Repository/Web/Register/Reg_InputText_BirthDay"), "18-Feb-1997"): Text '18-Feb-1997' is set on object 'Object Repository/Web/Register/Reg_InputText_BirthDay'

2023-04-03 08:12:39 - [MESSAGE][PASSED] - Text '18-Feb-1997' is set on object 'Object Repository/Web/Register/Reg_InputText_BirthDay'

2023-04-03 08:12:39 - [TEST_STEP][PASSED] - setText(findTestObject("Object Repository/Web/Register/Reg_InputText_Email"), "Test@Example.com"): Text 'Test@Example.com' is set on object 'Object Repository/Web/Register/Reg_InputText_Email'

2023-04-03 08:12:40 - [MESSAGE][PASSED] - Text 'Test@Example.com' is set on object 'Object Repository/Web/Register/Reg_InputText_Email'

2023-04-03 08:12:40 - [TEST_STEP][PASSED] - setText(findTestObject("Object Repository/Web/Register/Reg_InputText_Whatsapp"), whatsapp): Text '+81312345678' is set on object 'Object Repository/Web/Register/Reg_InputText_Whatsapp'

2023-04-03 08:12:41 - [MESSAGE][PASSED] - Text '+81312345678' is set on object 'Object Repository/Web/Register/Reg_InputText_Whatsapp'

2023-04-03 08:12:41 - [TEST_STEP][PASSED] - setText(findTestObject("Object Repository/Web/Register/Reg_InputText_KataSandi"), "testingtesting"): Text 'testingtesting' is set on object 'Object Repository/Web/Register/Reg_InputText_KataSandi'

2023-04-03 08:12:41 - [MESSAGE][PASSED] - Text 'testingtesting' is set on object 'Object Repository/Web/Register/Reg_InputText_KataSandi'

2023-04-03 08:12:41 - [TEST_STEP][PASSED] - setText(findTestObject("Object Repository/Web/Register/Reg_InputText_KonfirmasiKataSandi"), "testingtesting"): Text 'testingtesting' is set on object 'Object Repository/Web/Register/Reg_InputText_KonfirmasiKataSandi'

2023-04-03 08:12:42 - [MESSAGE][PASSED] - Text 'testingtesting' is set on object 'Object Repository/Web/Register/Reg_InputText_KonfirmasiKataSandi'

2023-04-03 08:12:42 - [TEST_STEP][PASSED] - check(findTestObject("Object Repository/Web/Register/Reg_Checkbox_SyaratDanKetentuan")): Object 'Object Repository/Web/Register/Reg_Checkbox_SyaratDanKetentuan' is checked

2023-04-03 08:12:42 - [MESSAGE][PASSED] - Object 'Object Repository/Web/Register/Reg_Checkbox_SyaratDanKetentuan' is checked

2023-04-03 08:12:42 - [TEST_STEP][PASSED] - click(findTestObject("Object Repository/Web/Register/Reg_Button_Daftar")): Object: 'Object Repository/Web/Register/Reg_Button_Daftar' is clicked on

2023-04-03 08:12:44 - [MESSAGE][PASSED] - Object: 'Object Repository/Web/Register/Reg_Button_Daftar' is clicked on

2023-04-03 08:12:44 - [TEST_STEP][PASSED] - delay(2): Delayed 2 second(s)

2023-04-03 08:12:46 - [MESSAGE][PASSED] - Delayed 2 second(s)

2023-04-03 08:12:46 - [TEST_STEP][PASSED] - if (getUrl() == "https://demo-app.online/daftar"): Current window's url is: 'https://demo-app.online/email/verify'

2023-04-03 08:12:46 - [MESSAGE][PASSED] - Current window's url is: 'https://demo-app.online/email/verify'

2023-04-03 08:12:46 - [TEST_STEP][PASSED] - delay(2): Delayed 2 second(s)

2023-04-03 08:12:48 - [MESSAGE][PASSED] - Delayed 2 second(s)

2023-04-03 08:12:48 - [TEST_STEP][PASSED] - assert getUrl() == "https://demo-app.online/email/verify": Current window's url is: 'https://demo-app.online/email/verify'

2023-04-03 08:12:48 - [MESSAGE][PASSED] - Current window's url is: 'https://demo-app.online/email/verify'

2023-04-03 08:12:48 - [TEST_STEP][PASSED] - whatsapp = testData.getValue("Whatsapp", i): null

2023-04-03 08:12:48 - [TEST_STEP][PASSED] - navigateToUrl("https://demo-app.online/daftar"): Navigate to 'https://demo-app.online/daftar' successfully

2023-04-03 08:12:49 - [MESSAGE][PASSED] - Navigate to 'https://demo-app.online/daftar' successfully

2023-04-03 08:12:49 - [TEST_STEP][PASSED] - setText(findTestObject("Object Repository/Web/Register/Reg_InputText_Nama"), "Rizki Khaerul Fajri"): Text 'Rizki Khaerul Fajri' is set on object 'Object Repository/Web/Register/Reg_InputText_Nama'

2023-04-03 08:12:50 - [MESSAGE][PASSED] - Text 'Rizki Khaerul Fajri' is set on object 'Object Repository/Web/Register/Reg_InputText_Nama'

2023-04-03 08:12:50 - [TEST_STEP][PASSED] - setText(findTestObject("Object Repository/Web/Register/Reg_InputText_BirthDay"), "18-Feb-1997"): Text '18-Feb-1997' is set on object 'Object Repository/Web/Register/Reg_InputText_BirthDay'

2023-04-03 08:12:51 - [MESSAGE][PASSED] - Text '18-Feb-1997' is set on object 'Object Repository/Web/Register/Reg_InputText_BirthDay'

2023-04-03 08:12:51 - [TEST_STEP][PASSED] - setText(findTestObject("Object Repository/Web/Register/Reg_InputText_Email"), "Test@Example.com"): Text 'Test@Example.com' is set on object 'Object Repository/Web/Register/Reg_InputText_Email'

2023-04-03 08:12:51 - [MESSAGE][PASSED] - Text 'Test@Example.com' is set on object 'Object Repository/Web/Register/Reg_InputText_Email'

2023-04-03 08:12:51 - [TEST_STEP][PASSED] - setText(findTestObject("Object Repository/Web/Register/Reg_InputText_Whatsapp"), whatsapp): Text '+861012345678' is set on object 'Object Repository/Web/Register/Reg_InputText_Whatsapp'

2023-04-03 08:12:52 - [MESSAGE][PASSED] - Text '+861012345678' is set on object 'Object Repository/Web/Register/Reg_InputText_Whatsapp'

2023-04-03 08:12:52 - [TEST_STEP][PASSED] - setText(findTestObject("Object Repository/Web/Register/Reg_InputText_KataSandi"), "testingtesting"): Text 'testingtesting' is set on object 'Object Repository/Web/Register/Reg_InputText_KataSandi'

2023-04-03 08:12:53 - [MESSAGE][PASSED] - Text 'testingtesting' is set on object 'Object Repository/Web/Register/Reg_InputText_KataSandi'

2023-04-03 08:12:53 - [TEST_STEP][PASSED] - setText(findTestObject("Object Repository/Web/Register/Reg_InputText_KonfirmasiKataSandi"), "testingtesting"): Text 'testingtesting' is set on object 'Object Repository/Web/Register/Reg_InputText_KonfirmasiKataSandi'

2023-04-03 08:12:53 - [MESSAGE][PASSED] - Text 'testingtesting' is set on object 'Object Repository/Web/Register/Reg_InputText_KonfirmasiKataSandi'

2023-04-03 08:12:53 - [TEST_STEP][PASSED] - check(findTestObject("Object Repository/Web/Register/Reg_Checkbox_SyaratDanKetentuan")): Object 'Object Repository/Web/Register/Reg_Checkbox_SyaratDanKetentuan' is checked

2023-04-03 08:12:54 - [MESSAGE][PASSED] - Object 'Object Repository/Web/Register/Reg_Checkbox_SyaratDanKetentuan' is checked

2023-04-03 08:12:54 - [TEST_STEP][PASSED] - click(findTestObject("Object Repository/Web/Register/Reg_Button_Daftar")): Object: 'Object Repository/Web/Register/Reg_Button_Daftar' is clicked on

2023-04-03 08:12:56 - [MESSAGE][PASSED] - Object: 'Object Repository/Web/Register/Reg_Button_Daftar' is clicked on

2023-04-03 08:12:56 - [TEST_STEP][PASSED] - delay(2): Delayed 2 second(s)

2023-04-03 08:12:58 - [MESSAGE][PASSED] - Delayed 2 second(s)

2023-04-03 08:12:58 - [TEST_STEP][PASSED] - if (getUrl() == "https://demo-app.online/daftar"): Current window's url is: 'https://demo-app.online/email/verify'

2023-04-03 08:12:58 - [MESSAGE][PASSED] - Current window's url is: 'https://demo-app.online/email/verify'

2023-04-03 08:12:58 - [TEST_STEP][PASSED] - delay(2): Delayed 2 second(s)

2023-04-03 08:13:00 - [MESSAGE][PASSED] - Delayed 2 second(s)

2023-04-03 08:13:00 - [TEST_STEP][PASSED] - assert getUrl() == "https://demo-app.online/email/verify": Current window's url is: 'https://demo-app.online/email/verify'

2023-04-03 08:13:00 - [MESSAGE][PASSED] - Current window's url is: 'https://demo-app.online/email/verify'

2023-04-03 08:13:00 - [TEST_STEP][PASSED] - whatsapp = testData.getValue("Whatsapp", i): null

2023-04-03 08:13:00 - [TEST_STEP][PASSED] - navigateToUrl("https://demo-app.online/daftar"): Navigate to 'https://demo-app.online/daftar' successfully

2023-04-03 08:13:00 - [MESSAGE][PASSED] - Navigate to 'https://demo-app.online/daftar' successfully

2023-04-03 08:13:00 - [TEST_STEP][PASSED] - setText(findTestObject("Object Repository/Web/Register/Reg_InputText_Nama"), "Rizki Khaerul Fajri"): Text 'Rizki Khaerul Fajri' is set on object 'Object Repository/Web/Register/Reg_InputText_Nama'

2023-04-03 08:13:02 - [MESSAGE][PASSED] - Text 'Rizki Khaerul Fajri' is set on object 'Object Repository/Web/Register/Reg_InputText_Nama'

2023-04-03 08:13:02 - [TEST_STEP][PASSED] - setText(findTestObject("Object Repository/Web/Register/Reg_InputText_BirthDay"), "18-Feb-1997"): Text '18-Feb-1997' is set on object 'Object Repository/Web/Register/Reg_InputText_BirthDay'

2023-04-03 08:13:02 - [MESSAGE][PASSED] - Text '18-Feb-1997' is set on object 'Object Repository/Web/Register/Reg_InputText_BirthDay'

2023-04-03 08:13:02 - [TEST_STEP][PASSED] - setText(findTestObject("Object Repository/Web/Register/Reg_InputText_Email"), "Test@Example.com"): Text 'Test@Example.com' is set on object 'Object Repository/Web/Register/Reg_InputText_Email'

2023-04-03 08:13:03 - [MESSAGE][PASSED] - Text 'Test@Example.com' is set on object 'Object Repository/Web/Register/Reg_InputText_Email'

2023-04-03 08:13:03 - [TEST_STEP][PASSED] - setText(findTestObject("Object Repository/Web/Register/Reg_InputText_Whatsapp"), whatsapp): Text '+97141234567' is set on object 'Object Repository/Web/Register/Reg_InputText_Whatsapp'

2023-04-03 08:13:04 - [MESSAGE][PASSED] - Text '+97141234567' is set on object 'Object Repository/Web/Register/Reg_InputText_Whatsapp'

2023-04-03 08:13:04 - [TEST_STEP][PASSED] - setText(findTestObject("Object Repository/Web/Register/Reg_InputText_KataSandi"), "testingtesting"): Text 'testingtesting' is set on object 'Object Repository/Web/Register/Reg_InputText_KataSandi'

2023-04-03 08:13:05 - [MESSAGE][PASSED] - Text 'testingtesting' is set on object 'Object Repository/Web/Register/Reg_InputText_KataSandi'

2023-04-03 08:13:05 - [TEST_STEP][PASSED] - setText(findTestObject("Object Repository/Web/Register/Reg_InputText_KonfirmasiKataSandi"), "testingtesting"): Text 'testingtesting' is set on object 'Object Repository/Web/Register/Reg_InputText_KonfirmasiKataSandi'

2023-04-03 08:13:05 - [MESSAGE][PASSED] - Text 'testingtesting' is set on object 'Object Repository/Web/Register/Reg_InputText_KonfirmasiKataSandi'

2023-04-03 08:13:05 - [TEST_STEP][PASSED] - check(findTestObject("Object Repository/Web/Register/Reg_Checkbox_SyaratDanKetentuan")): Object 'Object Repository/Web/Register/Reg_Checkbox_SyaratDanKetentuan' is checked

2023-04-03 08:13:06 - [MESSAGE][PASSED] - Object 'Object Repository/Web/Register/Reg_Checkbox_SyaratDanKetentuan' is checked

2023-04-03 08:13:06 - [TEST_STEP][PASSED] - click(findTestObject("Object Repository/Web/Register/Reg_Button_Daftar")): Object: 'Object Repository/Web/Register/Reg_Button_Daftar' is clicked on

2023-04-03 08:13:08 - [MESSAGE][PASSED] - Object: 'Object Repository/Web/Register/Reg_Button_Daftar' is clicked on

2023-04-03 08:13:08 - [TEST_STEP][PASSED] - delay(2): Delayed 2 second(s)

2023-04-03 08:13:10 - [MESSAGE][PASSED] - Delayed 2 second(s)

2023-04-03 08:13:10 - [TEST_STEP][PASSED] - if (getUrl() == "https://demo-app.online/daftar"): Current window's url is: 'https://demo-app.online/email/verify'

2023-04-03 08:13:10 - [MESSAGE][PASSED] - Current window's url is: 'https://demo-app.online/email/verify'

2023-04-03 08:13:10 - [TEST_STEP][PASSED] - delay(2): Delayed 2 second(s)

2023-04-03 08:13:12 - [MESSAGE][PASSED] - Delayed 2 second(s)

2023-04-03 08:13:12 - [TEST_STEP][PASSED] - assert getUrl() == "https://demo-app.online/email/verify": Current window's url is: 'https://demo-app.online/email/verify'

2023-04-03 08:13:12 - [MESSAGE][PASSED] - Current window's url is: 'https://demo-app.online/email/verify']]></system-out>
         <system-err><![CDATA[]]></system-err>
      </testcase>
      <testcase name="Test Cases/Web/REG/REG-31" time="11.362" classname="Test Cases/Web/REG/REG-31" status="PASSED">
         <system-out><![CDATA[2023-04-03 08:13:12 - [TEST_CASE][PASSED] - Test Cases/Web/REG/REG-31: Test Cases/Web/REG/REG-31

2023-04-03 08:13:13 - [TEST_STEP][PASSED] - openBrowser(""): Browser is opened with url: ''

2023-04-03 08:13:13 - [MESSAGE][WARNING] - A browser is already opened. Closing browser and opening a new one

2023-04-03 08:13:13 - [MESSAGE][INFO] - Starting 'Chrome' driver

2023-04-03 08:13:13 - [MESSAGE][INFO] - Action delay is set to 0 milliseconds

2023-04-03 08:13:14 - [MESSAGE][PASSED] - Browser is opened with url: ''

2023-04-03 08:13:14 - [TEST_STEP][PASSED] - navigateToUrl("https://demo-app.online/daftar"): Navigate to 'https://demo-app.online/daftar' successfully

2023-04-03 08:13:16 - [MESSAGE][PASSED] - Navigate to 'https://demo-app.online/daftar' successfully

2023-04-03 08:13:16 - [TEST_STEP][PASSED] - setText(findTestObject("Object Repository/Web/Register/Reg_InputText_Nama"), "Rizki Khaerul Fajri"): Text 'Rizki Khaerul Fajri' is set on object 'Object Repository/Web/Register/Reg_InputText_Nama'

2023-04-03 08:13:17 - [MESSAGE][PASSED] - Text 'Rizki Khaerul Fajri' is set on object 'Object Repository/Web/Register/Reg_InputText_Nama'

2023-04-03 08:13:17 - [TEST_STEP][PASSED] - setText(findTestObject("Object Repository/Web/Register/Reg_InputText_BirthDay"), "18-Feb-1997"): Text '18-Feb-1997' is set on object 'Object Repository/Web/Register/Reg_InputText_BirthDay'

2023-04-03 08:13:18 - [MESSAGE][PASSED] - Text '18-Feb-1997' is set on object 'Object Repository/Web/Register/Reg_InputText_BirthDay'

2023-04-03 08:13:18 - [TEST_STEP][PASSED] - setText(findTestObject("Object Repository/Web/Register/Reg_InputText_Email"), "Test@Example.com"): Text 'Test@Example.com' is set on object 'Object Repository/Web/Register/Reg_InputText_Email'

2023-04-03 08:13:19 - [MESSAGE][PASSED] - Text 'Test@Example.com' is set on object 'Object Repository/Web/Register/Reg_InputText_Email'

2023-04-03 08:13:19 - [TEST_STEP][PASSED] - setText(findTestObject("Object Repository/Web/Register/Reg_InputText_Whatsapp"), ""): Text '' is set on object 'Object Repository/Web/Register/Reg_InputText_Whatsapp'

2023-04-03 08:13:19 - [MESSAGE][PASSED] - Text '' is set on object 'Object Repository/Web/Register/Reg_InputText_Whatsapp'

2023-04-03 08:13:19 - [TEST_STEP][PASSED] - setText(findTestObject("Object Repository/Web/Register/Reg_InputText_KataSandi"), "testingtesting"): Text 'testingtesting' is set on object 'Object Repository/Web/Register/Reg_InputText_KataSandi'

2023-04-03 08:13:20 - [MESSAGE][PASSED] - Text 'testingtesting' is set on object 'Object Repository/Web/Register/Reg_InputText_KataSandi'

2023-04-03 08:13:20 - [TEST_STEP][PASSED] - setText(findTestObject("Object Repository/Web/Register/Reg_InputText_KonfirmasiKataSandi"), "testingtesting"): Text 'testingtesting' is set on object 'Object Repository/Web/Register/Reg_InputText_KonfirmasiKataSandi'

2023-04-03 08:13:21 - [MESSAGE][PASSED] - Text 'testingtesting' is set on object 'Object Repository/Web/Register/Reg_InputText_KonfirmasiKataSandi'

2023-04-03 08:13:21 - [TEST_STEP][PASSED] - check(findTestObject("Object Repository/Web/Register/Reg_Checkbox_SyaratDanKetentuan")): Object 'Object Repository/Web/Register/Reg_Checkbox_SyaratDanKetentuan' is checked

2023-04-03 08:13:21 - [MESSAGE][PASSED] - Object 'Object Repository/Web/Register/Reg_Checkbox_SyaratDanKetentuan' is checked

2023-04-03 08:13:21 - [TEST_STEP][PASSED] - click(findTestObject("Object Repository/Web/Register/Reg_Button_Daftar")): Object: 'Object Repository/Web/Register/Reg_Button_Daftar' is clicked on

2023-04-03 08:13:22 - [MESSAGE][PASSED] - Object: 'Object Repository/Web/Register/Reg_Button_Daftar' is clicked on

2023-04-03 08:13:22 - [TEST_STEP][PASSED] - if (getUrl() == "https://demo-app.online/daftar"): null

2023-04-03 08:13:22 - [MESSAGE][PASSED] - Current window's url is: 'https://demo-app.online/daftar'

2023-04-03 08:13:22 - [TEST_STEP][PASSED] - isValid = executeJavaScript("document.getElementById("whatsapp").reportValidity();", null): Execute JavaScript 'document.getElementById("whatsapp").reportValidity();' successfully

2023-04-03 08:13:22 - [MESSAGE][PASSED] - Execute JavaScript 'document.getElementById("whatsapp").reportValidity();' successfully

2023-04-03 08:13:22 - [TEST_STEP][PASSED] - assert !(isValid) : "Validation error should be displayed": null

2023-04-03 08:13:22 - [TEST_STEP][PASSED] - delay(2): Delayed 2 second(s)

2023-04-03 08:13:24 - [MESSAGE][PASSED] - Delayed 2 second(s)

2023-04-03 08:13:24 - [TEST_STEP][PASSED] - assert !(getUrl() == "https://demo-app.online/email/verify"): Current window's url is: 'https://demo-app.online/daftar'

2023-04-03 08:13:24 - [MESSAGE][PASSED] - Current window's url is: 'https://demo-app.online/daftar']]></system-out>
         <system-err><![CDATA[]]></system-err>
      </testcase>
      <testcase name="Test Cases/Web/REG/REG-32" time="11.683" classname="Test Cases/Web/REG/REG-32" status="PASSED">
         <system-out><![CDATA[2023-04-03 08:13:24 - [TEST_CASE][PASSED] - Test Cases/Web/REG/REG-32: Test Cases/Web/REG/REG-32

2023-04-03 08:13:24 - [TEST_STEP][PASSED] - openBrowser(""): Browser is opened with url: ''

2023-04-03 08:13:24 - [MESSAGE][WARNING] - A browser is already opened. Closing browser and opening a new one

2023-04-03 08:13:25 - [MESSAGE][INFO] - Starting 'Chrome' driver

2023-04-03 08:13:25 - [MESSAGE][INFO] - Action delay is set to 0 milliseconds

2023-04-03 08:13:26 - [MESSAGE][PASSED] - Browser is opened with url: ''

2023-04-03 08:13:26 - [TEST_STEP][PASSED] - navigateToUrl("https://demo-app.online/daftar"): Navigate to 'https://demo-app.online/daftar' successfully

2023-04-03 08:13:28 - [MESSAGE][PASSED] - Navigate to 'https://demo-app.online/daftar' successfully

2023-04-03 08:13:28 - [TEST_STEP][PASSED] - setText(findTestObject("Object Repository/Web/Register/Reg_InputText_Nama"), "Rizki Khaerul Fajri"): Text 'Rizki Khaerul Fajri' is set on object 'Object Repository/Web/Register/Reg_InputText_Nama'

2023-04-03 08:13:29 - [MESSAGE][PASSED] - Text 'Rizki Khaerul Fajri' is set on object 'Object Repository/Web/Register/Reg_InputText_Nama'

2023-04-03 08:13:29 - [TEST_STEP][PASSED] - setText(findTestObject("Object Repository/Web/Register/Reg_InputText_BirthDay"), "18-Feb-1997"): Text '18-Feb-1997' is set on object 'Object Repository/Web/Register/Reg_InputText_BirthDay'

2023-04-03 08:13:29 - [MESSAGE][PASSED] - Text '18-Feb-1997' is set on object 'Object Repository/Web/Register/Reg_InputText_BirthDay'

2023-04-03 08:13:29 - [TEST_STEP][PASSED] - setText(findTestObject("Object Repository/Web/Register/Reg_InputText_Email"), "Test@Example.com"): Text 'Test@Example.com' is set on object 'Object Repository/Web/Register/Reg_InputText_Email'

2023-04-03 08:13:30 - [MESSAGE][PASSED] - Text 'Test@Example.com' is set on object 'Object Repository/Web/Register/Reg_InputText_Email'

2023-04-03 08:13:30 - [TEST_STEP][PASSED] - setText(findTestObject("Object Repository/Web/Register/Reg_InputText_Whatsapp"), "     "): Text '     ' is set on object 'Object Repository/Web/Register/Reg_InputText_Whatsapp'

2023-04-03 08:13:31 - [MESSAGE][PASSED] - Text '     ' is set on object 'Object Repository/Web/Register/Reg_InputText_Whatsapp'

2023-04-03 08:13:31 - [TEST_STEP][PASSED] - setText(findTestObject("Object Repository/Web/Register/Reg_InputText_KataSandi"), "testingtesting"): Text 'testingtesting' is set on object 'Object Repository/Web/Register/Reg_InputText_KataSandi'

2023-04-03 08:13:32 - [MESSAGE][PASSED] - Text 'testingtesting' is set on object 'Object Repository/Web/Register/Reg_InputText_KataSandi'

2023-04-03 08:13:32 - [TEST_STEP][PASSED] - setText(findTestObject("Object Repository/Web/Register/Reg_InputText_KonfirmasiKataSandi"), "testingtesting"): Text 'testingtesting' is set on object 'Object Repository/Web/Register/Reg_InputText_KonfirmasiKataSandi'

2023-04-03 08:13:32 - [MESSAGE][PASSED] - Text 'testingtesting' is set on object 'Object Repository/Web/Register/Reg_InputText_KonfirmasiKataSandi'

2023-04-03 08:13:32 - [TEST_STEP][PASSED] - check(findTestObject("Object Repository/Web/Register/Reg_Checkbox_SyaratDanKetentuan")): Object 'Object Repository/Web/Register/Reg_Checkbox_SyaratDanKetentuan' is checked

2023-04-03 08:13:33 - [MESSAGE][PASSED] - Object 'Object Repository/Web/Register/Reg_Checkbox_SyaratDanKetentuan' is checked

2023-04-03 08:13:33 - [TEST_STEP][PASSED] - click(findTestObject("Object Repository/Web/Register/Reg_Button_Daftar")): Object: 'Object Repository/Web/Register/Reg_Button_Daftar' is clicked on

2023-04-03 08:13:33 - [MESSAGE][PASSED] - Object: 'Object Repository/Web/Register/Reg_Button_Daftar' is clicked on

2023-04-03 08:13:33 - [TEST_STEP][PASSED] - if (getUrl() == "https://demo-app.online/daftar"): null

2023-04-03 08:13:33 - [MESSAGE][PASSED] - Current window's url is: 'https://demo-app.online/daftar'

2023-04-03 08:13:33 - [TEST_STEP][PASSED] - isValid = executeJavaScript("document.getElementById("whatsapp").reportValidity();", null): Execute JavaScript 'document.getElementById("whatsapp").reportValidity();' successfully

2023-04-03 08:13:33 - [MESSAGE][PASSED] - Execute JavaScript 'document.getElementById("whatsapp").reportValidity();' successfully

2023-04-03 08:13:33 - [TEST_STEP][PASSED] - assert !(isValid) : "Validation error should be displayed": null

2023-04-03 08:13:33 - [TEST_STEP][PASSED] - delay(2): Delayed 2 second(s)

2023-04-03 08:13:35 - [MESSAGE][PASSED] - Delayed 2 second(s)

2023-04-03 08:13:35 - [TEST_STEP][PASSED] - assert !(getUrl() == "https://demo-app.online/email/verify"): Current window's url is: 'https://demo-app.online/daftar'

2023-04-03 08:13:35 - [MESSAGE][PASSED] - Current window's url is: 'https://demo-app.online/daftar']]></system-out>
         <system-err><![CDATA[]]></system-err>
      </testcase>
      <testcase name="Test Cases/Web/REG/REG-33" time="45.53" classname="Test Cases/Web/REG/REG-33" status="FAILED">
         <failure type="FAILED" message="Test Cases/Web/REG/REG-33 FAILED.
Reason:
Assertion failed: 

assert !(WebUI.getUrl() == 'https://demo-app.online/email/verify')
       |       |        |
       false   |        true
               https://demo-app.online/email/verify

	at REG-33.run(REG-33:62)
	at com.kms.katalon.core.main.ScriptEngine.run(ScriptEngine.java:194)
	at com.kms.katalon.core.main.ScriptEngine.runScriptAsRawText(ScriptEngine.java:119)
	at com.kms.katalon.core.main.TestCaseExecutor.runScript(TestCaseExecutor.java:448)
	at com.kms.katalon.core.main.TestCaseExecutor.doExecute(TestCaseExecutor.java:439)
	at com.kms.katalon.core.main.TestCaseExecutor.processExecutionPhase(TestCaseExecutor.java:418)
	at com.kms.katalon.core.main.TestCaseExecutor.accessMainPhase(TestCaseExecutor.java:410)
	at com.kms.katalon.core.main.TestCaseExecutor.execute(TestCaseExecutor.java:285)
	at com.kms.katalon.core.common.CommonExecutor.accessTestCaseMainPhase(CommonExecutor.java:65)
	at com.kms.katalon.core.main.TestSuiteExecutor.accessTestSuiteMainPhase(TestSuiteExecutor.java:151)
	at com.kms.katalon.core.main.TestSuiteExecutor.execute(TestSuiteExecutor.java:106)
	at com.kms.katalon.core.main.TestCaseMain.startTestSuite(TestCaseMain.java:185)
	at com.kms.katalon.core.main.TestCaseMain$startTestSuite$0.call(Unknown Source)
	at TempTestSuite1680483767821.run(TempTestSuite1680483767821.groovy:36)
"/>
         <system-out><![CDATA[2023-04-03 08:13:35 - [TEST_CASE][FAILED] - Test Cases/Web/REG/REG-33: Test Cases/Web/REG/REG-33 FAILED.
Reason:
Assertion failed: 

assert !(WebUI.getUrl() == 'https://demo-app.online/email/verify')
       |       |        |
       false   |        true
               https://demo-app.online/email/verify

	at REG-33.run(REG-33:62)
	at com.kms.katalon.core.main.ScriptEngine.run(ScriptEngine.java:194)
	at com.kms.katalon.core.main.ScriptEngine.runScriptAsRawText(ScriptEngine.java:119)
	at com.kms.katalon.core.main.TestCaseExecutor.runScript(TestCaseExecutor.java:448)
	at com.kms.katalon.core.main.TestCaseExecutor.doExecute(TestCaseExecutor.java:439)
	at com.kms.katalon.core.main.TestCaseExecutor.processExecutionPhase(TestCaseExecutor.java:418)
	at com.kms.katalon.core.main.TestCaseExecutor.accessMainPhase(TestCaseExecutor.java:410)
	at com.kms.katalon.core.main.TestCaseExecutor.execute(TestCaseExecutor.java:285)
	at com.kms.katalon.core.common.CommonExecutor.accessTestCaseMainPhase(CommonExecutor.java:65)
	at com.kms.katalon.core.main.TestSuiteExecutor.accessTestSuiteMainPhase(TestSuiteExecutor.java:151)
	at com.kms.katalon.core.main.TestSuiteExecutor.execute(TestSuiteExecutor.java:106)
	at com.kms.katalon.core.main.TestCaseMain.startTestSuite(TestCaseMain.java:185)
	at com.kms.katalon.core.main.TestCaseMain$startTestSuite$0.call(Unknown Source)
	at TempTestSuite1680483767821.run(TempTestSuite1680483767821.groovy:36)


2023-04-03 08:13:36 - [TEST_STEP][PASSED] - openBrowser(""): Browser is opened with url: ''

2023-04-03 08:13:36 - [MESSAGE][WARNING] - A browser is already opened. Closing browser and opening a new one

2023-04-03 08:13:36 - [MESSAGE][INFO] - Starting 'Chrome' driver

2023-04-03 08:13:36 - [MESSAGE][INFO] - Action delay is set to 0 milliseconds

2023-04-03 08:13:37 - [MESSAGE][PASSED] - Browser is opened with url: ''

2023-04-03 08:13:37 - [TEST_STEP][PASSED] - testData = findTestData("Data Files/Web/Register_WhatsappNonDigit"): null

2023-04-03 08:13:38 - [TEST_STEP][PASSED] - hasError = true: null

2023-04-03 08:13:38 - [TEST_STEP][FAILED] - for ([i = 1, i <= testData.getRowNumbers(), (i++)]): Test Cases/Web/REG/REG-33 FAILED.
Reason:
Assertion failed: 

assert !(WebUI.getUrl() == 'https://demo-app.online/email/verify')
       |       |        |
       false   |        true
               https://demo-app.online/email/verify

	at REG-33.run(REG-33:62)
	at com.kms.katalon.core.main.ScriptEngine.run(ScriptEngine.java:194)
	at com.kms.katalon.core.main.ScriptEngine.runScriptAsRawText(ScriptEngine.java:119)
	at com.kms.katalon.core.main.TestCaseExecutor.runScript(TestCaseExecutor.java:448)
	at com.kms.katalon.core.main.TestCaseExecutor.doExecute(TestCaseExecutor.java:439)
	at com.kms.katalon.core.main.TestCaseExecutor.processExecutionPhase(TestCaseExecutor.java:418)
	at com.kms.katalon.core.main.TestCaseExecutor.accessMainPhase(TestCaseExecutor.java:410)
	at com.kms.katalon.core.main.TestCaseExecutor.execute(TestCaseExecutor.java:285)
	at com.kms.katalon.core.common.CommonExecutor.accessTestCaseMainPhase(CommonExecutor.java:65)
	at com.kms.katalon.core.main.TestSuiteExecutor.accessTestSuiteMainPhase(TestSuiteExecutor.java:151)
	at com.kms.katalon.core.main.TestSuiteExecutor.execute(TestSuiteExecutor.java:106)
	at com.kms.katalon.core.main.TestCaseMain.startTestSuite(TestCaseMain.java:185)
	at com.kms.katalon.core.main.TestCaseMain$startTestSuite$0.call(Unknown Source)
	at TempTestSuite1680483767821.run(TempTestSuite1680483767821.groovy:36)


2023-04-03 08:13:38 - [TEST_STEP][PASSED] - whatsapp = testData.getValue("Whatsapp", i): null

2023-04-03 08:13:38 - [TEST_STEP][PASSED] - navigateToUrl("https://demo-app.online/daftar"): Navigate to 'https://demo-app.online/daftar' successfully

2023-04-03 08:13:39 - [MESSAGE][PASSED] - Navigate to 'https://demo-app.online/daftar' successfully

2023-04-03 08:13:39 - [TEST_STEP][PASSED] - setText(findTestObject("Object Repository/Web/Register/Reg_InputText_Nama"), "Rizki Khaerul Fajri"): Text 'Rizki Khaerul Fajri' is set on object 'Object Repository/Web/Register/Reg_InputText_Nama'

2023-04-03 08:13:40 - [MESSAGE][PASSED] - Text 'Rizki Khaerul Fajri' is set on object 'Object Repository/Web/Register/Reg_InputText_Nama'

2023-04-03 08:13:40 - [TEST_STEP][PASSED] - setText(findTestObject("Object Repository/Web/Register/Reg_InputText_BirthDay"), "18-Feb-1997"): Text '18-Feb-1997' is set on object 'Object Repository/Web/Register/Reg_InputText_BirthDay'

2023-04-03 08:13:41 - [MESSAGE][PASSED] - Text '18-Feb-1997' is set on object 'Object Repository/Web/Register/Reg_InputText_BirthDay'

2023-04-03 08:13:41 - [TEST_STEP][PASSED] - setText(findTestObject("Object Repository/Web/Register/Reg_InputText_Email"), "Test@Example.com"): Text 'Test@Example.com' is set on object 'Object Repository/Web/Register/Reg_InputText_Email'

2023-04-03 08:13:42 - [MESSAGE][PASSED] - Text 'Test@Example.com' is set on object 'Object Repository/Web/Register/Reg_InputText_Email'

2023-04-03 08:13:42 - [TEST_STEP][PASSED] - setText(findTestObject("Object Repository/Web/Register/Reg_InputText_Whatsapp"), whatsapp): Text 'abcdefghijk' is set on object 'Object Repository/Web/Register/Reg_InputText_Whatsapp'

2023-04-03 08:13:43 - [MESSAGE][PASSED] - Text 'abcdefghijk' is set on object 'Object Repository/Web/Register/Reg_InputText_Whatsapp'

2023-04-03 08:13:43 - [TEST_STEP][PASSED] - setText(findTestObject("Object Repository/Web/Register/Reg_InputText_KataSandi"), "testingtesting"): Text 'testingtesting' is set on object 'Object Repository/Web/Register/Reg_InputText_KataSandi'

2023-04-03 08:13:43 - [MESSAGE][PASSED] - Text 'testingtesting' is set on object 'Object Repository/Web/Register/Reg_InputText_KataSandi'

2023-04-03 08:13:43 - [TEST_STEP][PASSED] - setText(findTestObject("Object Repository/Web/Register/Reg_InputText_KonfirmasiKataSandi"), "testingtesting"): Text 'testingtesting' is set on object 'Object Repository/Web/Register/Reg_InputText_KonfirmasiKataSandi'

2023-04-03 08:13:44 - [MESSAGE][PASSED] - Text 'testingtesting' is set on object 'Object Repository/Web/Register/Reg_InputText_KonfirmasiKataSandi'

2023-04-03 08:13:44 - [TEST_STEP][PASSED] - check(findTestObject("Object Repository/Web/Register/Reg_Checkbox_SyaratDanKetentuan")): Object 'Object Repository/Web/Register/Reg_Checkbox_SyaratDanKetentuan' is checked

2023-04-03 08:13:44 - [MESSAGE][PASSED] - Object 'Object Repository/Web/Register/Reg_Checkbox_SyaratDanKetentuan' is checked

2023-04-03 08:13:44 - [TEST_STEP][PASSED] - click(findTestObject("Object Repository/Web/Register/Reg_Button_Daftar")): Object: 'Object Repository/Web/Register/Reg_Button_Daftar' is clicked on

2023-04-03 08:13:45 - [MESSAGE][PASSED] - Object: 'Object Repository/Web/Register/Reg_Button_Daftar' is clicked on

2023-04-03 08:13:45 - [TEST_STEP][PASSED] - delay(2): Delayed 2 second(s)

2023-04-03 08:13:47 - [MESSAGE][PASSED] - Delayed 2 second(s)

2023-04-03 08:13:47 - [TEST_STEP][PASSED] - if (getUrl() == "https://demo-app.online/daftar"): null

2023-04-03 08:13:47 - [MESSAGE][PASSED] - Current window's url is: 'https://demo-app.online/daftar'

2023-04-03 08:13:47 - [TEST_STEP][PASSED] - isValid = executeJavaScript("document.getElementById("whatsapp").reportValidity();", null): Execute JavaScript 'document.getElementById("whatsapp").reportValidity();' successfully

2023-04-03 08:13:47 - [MESSAGE][PASSED] - Execute JavaScript 'document.getElementById("whatsapp").reportValidity();' successfully

2023-04-03 08:13:47 - [TEST_STEP][PASSED] - assert !(isValid) : "Validation error should be displayed": null

2023-04-03 08:13:47 - [TEST_STEP][PASSED] - delay(2): Delayed 2 second(s)

2023-04-03 08:13:49 - [MESSAGE][PASSED] - Delayed 2 second(s)

2023-04-03 08:13:49 - [TEST_STEP][PASSED] - assert !(getUrl() == "https://demo-app.online/email/verify"): Current window's url is: 'https://demo-app.online/daftar'

2023-04-03 08:13:49 - [MESSAGE][PASSED] - Current window's url is: 'https://demo-app.online/daftar'

2023-04-03 08:13:49 - [TEST_STEP][PASSED] - whatsapp = testData.getValue("Whatsapp", i): null

2023-04-03 08:13:49 - [TEST_STEP][PASSED] - navigateToUrl("https://demo-app.online/daftar"): Navigate to 'https://demo-app.online/daftar' successfully

2023-04-03 08:13:49 - [MESSAGE][PASSED] - Navigate to 'https://demo-app.online/daftar' successfully

2023-04-03 08:13:49 - [TEST_STEP][PASSED] - setText(findTestObject("Object Repository/Web/Register/Reg_InputText_Nama"), "Rizki Khaerul Fajri"): Text 'Rizki Khaerul Fajri' is set on object 'Object Repository/Web/Register/Reg_InputText_Nama'

2023-04-03 08:13:51 - [MESSAGE][PASSED] - Text 'Rizki Khaerul Fajri' is set on object 'Object Repository/Web/Register/Reg_InputText_Nama'

2023-04-03 08:13:51 - [TEST_STEP][PASSED] - setText(findTestObject("Object Repository/Web/Register/Reg_InputText_BirthDay"), "18-Feb-1997"): Text '18-Feb-1997' is set on object 'Object Repository/Web/Register/Reg_InputText_BirthDay'

2023-04-03 08:13:51 - [MESSAGE][PASSED] - Text '18-Feb-1997' is set on object 'Object Repository/Web/Register/Reg_InputText_BirthDay'

2023-04-03 08:13:51 - [TEST_STEP][PASSED] - setText(findTestObject("Object Repository/Web/Register/Reg_InputText_Email"), "Test@Example.com"): Text 'Test@Example.com' is set on object 'Object Repository/Web/Register/Reg_InputText_Email'

2023-04-03 08:13:52 - [MESSAGE][PASSED] - Text 'Test@Example.com' is set on object 'Object Repository/Web/Register/Reg_InputText_Email'

2023-04-03 08:13:52 - [TEST_STEP][PASSED] - setText(findTestObject("Object Repository/Web/Register/Reg_InputText_Whatsapp"), whatsapp): Text '0812438726e' is set on object 'Object Repository/Web/Register/Reg_InputText_Whatsapp'

2023-04-03 08:13:53 - [MESSAGE][PASSED] - Text '0812438726e' is set on object 'Object Repository/Web/Register/Reg_InputText_Whatsapp'

2023-04-03 08:13:53 - [TEST_STEP][PASSED] - setText(findTestObject("Object Repository/Web/Register/Reg_InputText_KataSandi"), "testingtesting"): Text 'testingtesting' is set on object 'Object Repository/Web/Register/Reg_InputText_KataSandi'

2023-04-03 08:13:53 - [MESSAGE][PASSED] - Text 'testingtesting' is set on object 'Object Repository/Web/Register/Reg_InputText_KataSandi'

2023-04-03 08:13:53 - [TEST_STEP][PASSED] - setText(findTestObject("Object Repository/Web/Register/Reg_InputText_KonfirmasiKataSandi"), "testingtesting"): Text 'testingtesting' is set on object 'Object Repository/Web/Register/Reg_InputText_KonfirmasiKataSandi'

2023-04-03 08:13:54 - [MESSAGE][PASSED] - Text 'testingtesting' is set on object 'Object Repository/Web/Register/Reg_InputText_KonfirmasiKataSandi'

2023-04-03 08:13:54 - [TEST_STEP][PASSED] - check(findTestObject("Object Repository/Web/Register/Reg_Checkbox_SyaratDanKetentuan")): Object 'Object Repository/Web/Register/Reg_Checkbox_SyaratDanKetentuan' is checked

2023-04-03 08:13:54 - [MESSAGE][PASSED] - Object 'Object Repository/Web/Register/Reg_Checkbox_SyaratDanKetentuan' is checked

2023-04-03 08:13:54 - [TEST_STEP][PASSED] - click(findTestObject("Object Repository/Web/Register/Reg_Button_Daftar")): Object: 'Object Repository/Web/Register/Reg_Button_Daftar' is clicked on

2023-04-03 08:13:55 - [MESSAGE][PASSED] - Object: 'Object Repository/Web/Register/Reg_Button_Daftar' is clicked on

2023-04-03 08:13:55 - [TEST_STEP][PASSED] - delay(2): Delayed 2 second(s)

2023-04-03 08:13:57 - [MESSAGE][PASSED] - Delayed 2 second(s)

2023-04-03 08:13:57 - [TEST_STEP][PASSED] - if (getUrl() == "https://demo-app.online/daftar"): null

2023-04-03 08:13:57 - [MESSAGE][PASSED] - Current window's url is: 'https://demo-app.online/daftar'

2023-04-03 08:13:57 - [TEST_STEP][PASSED] - isValid = executeJavaScript("document.getElementById("whatsapp").reportValidity();", null): Execute JavaScript 'document.getElementById("whatsapp").reportValidity();' successfully

2023-04-03 08:13:57 - [MESSAGE][PASSED] - Execute JavaScript 'document.getElementById("whatsapp").reportValidity();' successfully

2023-04-03 08:13:57 - [TEST_STEP][PASSED] - assert !(isValid) : "Validation error should be displayed": null

2023-04-03 08:13:57 - [TEST_STEP][PASSED] - delay(2): Delayed 2 second(s)

2023-04-03 08:13:59 - [MESSAGE][PASSED] - Delayed 2 second(s)

2023-04-03 08:13:59 - [TEST_STEP][PASSED] - assert !(getUrl() == "https://demo-app.online/email/verify"): Current window's url is: 'https://demo-app.online/daftar'

2023-04-03 08:13:59 - [MESSAGE][PASSED] - Current window's url is: 'https://demo-app.online/daftar'

2023-04-03 08:13:59 - [TEST_STEP][PASSED] - whatsapp = testData.getValue("Whatsapp", i): null

2023-04-03 08:13:59 - [TEST_STEP][PASSED] - navigateToUrl("https://demo-app.online/daftar"): Navigate to 'https://demo-app.online/daftar' successfully

2023-04-03 08:14:00 - [MESSAGE][PASSED] - Navigate to 'https://demo-app.online/daftar' successfully

2023-04-03 08:14:00 - [TEST_STEP][PASSED] - setText(findTestObject("Object Repository/Web/Register/Reg_InputText_Nama"), "Rizki Khaerul Fajri"): Text 'Rizki Khaerul Fajri' is set on object 'Object Repository/Web/Register/Reg_InputText_Nama'

2023-04-03 08:14:01 - [MESSAGE][PASSED] - Text 'Rizki Khaerul Fajri' is set on object 'Object Repository/Web/Register/Reg_InputText_Nama'

2023-04-03 08:14:01 - [TEST_STEP][PASSED] - setText(findTestObject("Object Repository/Web/Register/Reg_InputText_BirthDay"), "18-Feb-1997"): Text '18-Feb-1997' is set on object 'Object Repository/Web/Register/Reg_InputText_BirthDay'

2023-04-03 08:14:01 - [MESSAGE][PASSED] - Text '18-Feb-1997' is set on object 'Object Repository/Web/Register/Reg_InputText_BirthDay'

2023-04-03 08:14:01 - [TEST_STEP][PASSED] - setText(findTestObject("Object Repository/Web/Register/Reg_InputText_Email"), "Test@Example.com"): Text 'Test@Example.com' is set on object 'Object Repository/Web/Register/Reg_InputText_Email'

2023-04-03 08:14:02 - [MESSAGE][PASSED] - Text 'Test@Example.com' is set on object 'Object Repository/Web/Register/Reg_InputText_Email'

2023-04-03 08:14:02 - [TEST_STEP][PASSED] - setText(findTestObject("Object Repository/Web/Register/Reg_InputText_Whatsapp"), whatsapp): Text '+628132438726e' is set on object 'Object Repository/Web/Register/Reg_InputText_Whatsapp'

2023-04-03 08:14:03 - [MESSAGE][PASSED] - Text '+628132438726e' is set on object 'Object Repository/Web/Register/Reg_InputText_Whatsapp'

2023-04-03 08:14:03 - [TEST_STEP][PASSED] - setText(findTestObject("Object Repository/Web/Register/Reg_InputText_KataSandi"), "testingtesting"): Text 'testingtesting' is set on object 'Object Repository/Web/Register/Reg_InputText_KataSandi'

2023-04-03 08:14:04 - [MESSAGE][PASSED] - Text 'testingtesting' is set on object 'Object Repository/Web/Register/Reg_InputText_KataSandi'

2023-04-03 08:14:04 - [TEST_STEP][PASSED] - setText(findTestObject("Object Repository/Web/Register/Reg_InputText_KonfirmasiKataSandi"), "testingtesting"): Text 'testingtesting' is set on object 'Object Repository/Web/Register/Reg_InputText_KonfirmasiKataSandi'

2023-04-03 08:14:04 - [MESSAGE][PASSED] - Text 'testingtesting' is set on object 'Object Repository/Web/Register/Reg_InputText_KonfirmasiKataSandi'

2023-04-03 08:14:04 - [TEST_STEP][PASSED] - check(findTestObject("Object Repository/Web/Register/Reg_Checkbox_SyaratDanKetentuan")): Object 'Object Repository/Web/Register/Reg_Checkbox_SyaratDanKetentuan' is checked

2023-04-03 08:14:05 - [MESSAGE][PASSED] - Object 'Object Repository/Web/Register/Reg_Checkbox_SyaratDanKetentuan' is checked

2023-04-03 08:14:05 - [TEST_STEP][PASSED] - click(findTestObject("Object Repository/Web/Register/Reg_Button_Daftar")): Object: 'Object Repository/Web/Register/Reg_Button_Daftar' is clicked on

2023-04-03 08:14:05 - [MESSAGE][PASSED] - Object: 'Object Repository/Web/Register/Reg_Button_Daftar' is clicked on

2023-04-03 08:14:05 - [TEST_STEP][PASSED] - delay(2): Delayed 2 second(s)

2023-04-03 08:14:07 - [MESSAGE][PASSED] - Delayed 2 second(s)

2023-04-03 08:14:07 - [TEST_STEP][PASSED] - if (getUrl() == "https://demo-app.online/daftar"): null

2023-04-03 08:14:07 - [MESSAGE][PASSED] - Current window's url is: 'https://demo-app.online/daftar'

2023-04-03 08:14:07 - [TEST_STEP][PASSED] - isValid = executeJavaScript("document.getElementById("whatsapp").reportValidity();", null): Execute JavaScript 'document.getElementById("whatsapp").reportValidity();' successfully

2023-04-03 08:14:07 - [MESSAGE][PASSED] - Execute JavaScript 'document.getElementById("whatsapp").reportValidity();' successfully

2023-04-03 08:14:07 - [TEST_STEP][PASSED] - assert !(isValid) : "Validation error should be displayed": null

2023-04-03 08:14:07 - [TEST_STEP][PASSED] - delay(2): Delayed 2 second(s)

2023-04-03 08:14:09 - [MESSAGE][PASSED] - Delayed 2 second(s)

2023-04-03 08:14:09 - [TEST_STEP][PASSED] - assert !(getUrl() == "https://demo-app.online/email/verify"): Current window's url is: 'https://demo-app.online/daftar'

2023-04-03 08:14:09 - [MESSAGE][PASSED] - Current window's url is: 'https://demo-app.online/daftar'

2023-04-03 08:14:09 - [TEST_STEP][PASSED] - whatsapp = testData.getValue("Whatsapp", i): null

2023-04-03 08:14:09 - [TEST_STEP][PASSED] - navigateToUrl("https://demo-app.online/daftar"): Navigate to 'https://demo-app.online/daftar' successfully

2023-04-03 08:14:10 - [MESSAGE][PASSED] - Navigate to 'https://demo-app.online/daftar' successfully

2023-04-03 08:14:10 - [TEST_STEP][PASSED] - setText(findTestObject("Object Repository/Web/Register/Reg_InputText_Nama"), "Rizki Khaerul Fajri"): Text 'Rizki Khaerul Fajri' is set on object 'Object Repository/Web/Register/Reg_InputText_Nama'

2023-04-03 08:14:11 - [MESSAGE][PASSED] - Text 'Rizki Khaerul Fajri' is set on object 'Object Repository/Web/Register/Reg_InputText_Nama'

2023-04-03 08:14:11 - [TEST_STEP][PASSED] - setText(findTestObject("Object Repository/Web/Register/Reg_InputText_BirthDay"), "18-Feb-1997"): Text '18-Feb-1997' is set on object 'Object Repository/Web/Register/Reg_InputText_BirthDay'

2023-04-03 08:14:11 - [MESSAGE][PASSED] - Text '18-Feb-1997' is set on object 'Object Repository/Web/Register/Reg_InputText_BirthDay'

2023-04-03 08:14:11 - [TEST_STEP][PASSED] - setText(findTestObject("Object Repository/Web/Register/Reg_InputText_Email"), "Test@Example.com"): Text 'Test@Example.com' is set on object 'Object Repository/Web/Register/Reg_InputText_Email'

2023-04-03 08:14:12 - [MESSAGE][PASSED] - Text 'Test@Example.com' is set on object 'Object Repository/Web/Register/Reg_InputText_Email'

2023-04-03 08:14:12 - [TEST_STEP][PASSED] - setText(findTestObject("Object Repository/Web/Register/Reg_InputText_Whatsapp"), whatsapp): Text '08133456     ' is set on object 'Object Repository/Web/Register/Reg_InputText_Whatsapp'

2023-04-03 08:14:13 - [MESSAGE][PASSED] - Text '08133456     ' is set on object 'Object Repository/Web/Register/Reg_InputText_Whatsapp'

2023-04-03 08:14:13 - [TEST_STEP][PASSED] - setText(findTestObject("Object Repository/Web/Register/Reg_InputText_KataSandi"), "testingtesting"): Text 'testingtesting' is set on object 'Object Repository/Web/Register/Reg_InputText_KataSandi'

2023-04-03 08:14:14 - [MESSAGE][PASSED] - Text 'testingtesting' is set on object 'Object Repository/Web/Register/Reg_InputText_KataSandi'

2023-04-03 08:14:14 - [TEST_STEP][PASSED] - setText(findTestObject("Object Repository/Web/Register/Reg_InputText_KonfirmasiKataSandi"), "testingtesting"): Text 'testingtesting' is set on object 'Object Repository/Web/Register/Reg_InputText_KonfirmasiKataSandi'

2023-04-03 08:14:14 - [MESSAGE][PASSED] - Text 'testingtesting' is set on object 'Object Repository/Web/Register/Reg_InputText_KonfirmasiKataSandi'

2023-04-03 08:14:14 - [TEST_STEP][PASSED] - check(findTestObject("Object Repository/Web/Register/Reg_Checkbox_SyaratDanKetentuan")): Object 'Object Repository/Web/Register/Reg_Checkbox_SyaratDanKetentuan' is checked

2023-04-03 08:14:15 - [MESSAGE][PASSED] - Object 'Object Repository/Web/Register/Reg_Checkbox_SyaratDanKetentuan' is checked

2023-04-03 08:14:15 - [TEST_STEP][PASSED] - click(findTestObject("Object Repository/Web/Register/Reg_Button_Daftar")): Object: 'Object Repository/Web/Register/Reg_Button_Daftar' is clicked on

2023-04-03 08:14:17 - [MESSAGE][PASSED] - Object: 'Object Repository/Web/Register/Reg_Button_Daftar' is clicked on

2023-04-03 08:14:17 - [TEST_STEP][PASSED] - delay(2): Delayed 2 second(s)

2023-04-03 08:14:19 - [MESSAGE][PASSED] - Delayed 2 second(s)

2023-04-03 08:14:19 - [TEST_STEP][PASSED] - if (getUrl() == "https://demo-app.online/daftar"): Current window's url is: 'https://demo-app.online/email/verify'

2023-04-03 08:14:19 - [MESSAGE][PASSED] - Current window's url is: 'https://demo-app.online/email/verify'

2023-04-03 08:14:19 - [TEST_STEP][PASSED] - delay(2): Delayed 2 second(s)

2023-04-03 08:14:21 - [MESSAGE][PASSED] - Delayed 2 second(s)

2023-04-03 08:14:21 - [TEST_STEP][FAILED] - assert !(getUrl() == "https://demo-app.online/email/verify"): Test Cases/Web/REG/REG-33 FAILED.
Reason:
Assertion failed: 

assert !(WebUI.getUrl() == 'https://demo-app.online/email/verify')
       |       |        |
       false   |        true
               https://demo-app.online/email/verify

	at REG-33.run(REG-33:62)
	at com.kms.katalon.core.main.ScriptEngine.run(ScriptEngine.java:194)
	at com.kms.katalon.core.main.ScriptEngine.runScriptAsRawText(ScriptEngine.java:119)
	at com.kms.katalon.core.main.TestCaseExecutor.runScript(TestCaseExecutor.java:448)
	at com.kms.katalon.core.main.TestCaseExecutor.doExecute(TestCaseExecutor.java:439)
	at com.kms.katalon.core.main.TestCaseExecutor.processExecutionPhase(TestCaseExecutor.java:418)
	at com.kms.katalon.core.main.TestCaseExecutor.accessMainPhase(TestCaseExecutor.java:410)
	at com.kms.katalon.core.main.TestCaseExecutor.execute(TestCaseExecutor.java:285)
	at com.kms.katalon.core.common.CommonExecutor.accessTestCaseMainPhase(CommonExecutor.java:65)
	at com.kms.katalon.core.main.TestSuiteExecutor.accessTestSuiteMainPhase(TestSuiteExecutor.java:151)
	at com.kms.katalon.core.main.TestSuiteExecutor.execute(TestSuiteExecutor.java:106)
	at com.kms.katalon.core.main.TestCaseMain.startTestSuite(TestCaseMain.java:185)
	at com.kms.katalon.core.main.TestCaseMain$startTestSuite$0.call(Unknown Source)
	at TempTestSuite1680483767821.run(TempTestSuite1680483767821.groovy:36)


2023-04-03 08:14:21 - [MESSAGE][PASSED] - Current window's url is: 'https://demo-app.online/email/verify'

2023-04-03 08:14:21 - [MESSAGE][FAILED] - Test Cases/Web/REG/REG-33 FAILED.
Reason:
Assertion failed: 

assert !(WebUI.getUrl() == 'https://demo-app.online/email/verify')
       |       |        |
       false   |        true
               https://demo-app.online/email/verify

	at REG-33.run(REG-33:62)
	at com.kms.katalon.core.main.ScriptEngine.run(ScriptEngine.java:194)
	at com.kms.katalon.core.main.ScriptEngine.runScriptAsRawText(ScriptEngine.java:119)
	at com.kms.katalon.core.main.TestCaseExecutor.runScript(TestCaseExecutor.java:448)
	at com.kms.katalon.core.main.TestCaseExecutor.doExecute(TestCaseExecutor.java:439)
	at com.kms.katalon.core.main.TestCaseExecutor.processExecutionPhase(TestCaseExecutor.java:418)
	at com.kms.katalon.core.main.TestCaseExecutor.accessMainPhase(TestCaseExecutor.java:410)
	at com.kms.katalon.core.main.TestCaseExecutor.execute(TestCaseExecutor.java:285)
	at com.kms.katalon.core.common.CommonExecutor.accessTestCaseMainPhase(CommonExecutor.java:65)
	at com.kms.katalon.core.main.TestSuiteExecutor.accessTestSuiteMainPhase(TestSuiteExecutor.java:151)
	at com.kms.katalon.core.main.TestSuiteExecutor.execute(TestSuiteExecutor.java:106)
	at com.kms.katalon.core.main.TestCaseMain.startTestSuite(TestCaseMain.java:185)
	at com.kms.katalon.core.main.TestCaseMain$startTestSuite$0.call(Unknown Source)
	at TempTestSuite1680483767821.run(TempTestSuite1680483767821.groovy:36)]]></system-out>
         <system-err><![CDATA[2023-04-03 08:13:35 - [TEST_CASE][FAILED] - Test Cases/Web/REG/REG-33: Test Cases/Web/REG/REG-33 FAILED.
Reason:
Assertion failed: 

assert !(WebUI.getUrl() == 'https://demo-app.online/email/verify')
       |       |        |
       false   |        true
               https://demo-app.online/email/verify

	at REG-33.run(REG-33:62)
	at com.kms.katalon.core.main.ScriptEngine.run(ScriptEngine.java:194)
	at com.kms.katalon.core.main.ScriptEngine.runScriptAsRawText(ScriptEngine.java:119)
	at com.kms.katalon.core.main.TestCaseExecutor.runScript(TestCaseExecutor.java:448)
	at com.kms.katalon.core.main.TestCaseExecutor.doExecute(TestCaseExecutor.java:439)
	at com.kms.katalon.core.main.TestCaseExecutor.processExecutionPhase(TestCaseExecutor.java:418)
	at com.kms.katalon.core.main.TestCaseExecutor.accessMainPhase(TestCaseExecutor.java:410)
	at com.kms.katalon.core.main.TestCaseExecutor.execute(TestCaseExecutor.java:285)
	at com.kms.katalon.core.common.CommonExecutor.accessTestCaseMainPhase(CommonExecutor.java:65)
	at com.kms.katalon.core.main.TestSuiteExecutor.accessTestSuiteMainPhase(TestSuiteExecutor.java:151)
	at com.kms.katalon.core.main.TestSuiteExecutor.execute(TestSuiteExecutor.java:106)
	at com.kms.katalon.core.main.TestCaseMain.startTestSuite(TestCaseMain.java:185)
	at com.kms.katalon.core.main.TestCaseMain$startTestSuite$0.call(Unknown Source)
	at TempTestSuite1680483767821.run(TempTestSuite1680483767821.groovy:36)]]></system-err>
      </testcase>
      <testcase name="Test Cases/Web/REG/REG-34" time="15.093" classname="Test Cases/Web/REG/REG-34" status="FAILED">
         <failure type="FAILED" message="Test Cases/Web/REG/REG-34 FAILED.
Reason:
Assertion failed: 

assert !(WebUI.getUrl() == 'https://demo-app.online/email/verify')
       |       |        |
       false   |        true
               https://demo-app.online/email/verify

	at REG-34.run(REG-34:53)
	at com.kms.katalon.core.main.ScriptEngine.run(ScriptEngine.java:194)
	at com.kms.katalon.core.main.ScriptEngine.runScriptAsRawText(ScriptEngine.java:119)
	at com.kms.katalon.core.main.TestCaseExecutor.runScript(TestCaseExecutor.java:448)
	at com.kms.katalon.core.main.TestCaseExecutor.doExecute(TestCaseExecutor.java:439)
	at com.kms.katalon.core.main.TestCaseExecutor.processExecutionPhase(TestCaseExecutor.java:418)
	at com.kms.katalon.core.main.TestCaseExecutor.accessMainPhase(TestCaseExecutor.java:410)
	at com.kms.katalon.core.main.TestCaseExecutor.execute(TestCaseExecutor.java:285)
	at com.kms.katalon.core.common.CommonExecutor.accessTestCaseMainPhase(CommonExecutor.java:65)
	at com.kms.katalon.core.main.TestSuiteExecutor.accessTestSuiteMainPhase(TestSuiteExecutor.java:151)
	at com.kms.katalon.core.main.TestSuiteExecutor.execute(TestSuiteExecutor.java:106)
	at com.kms.katalon.core.main.TestCaseMain.startTestSuite(TestCaseMain.java:185)
	at com.kms.katalon.core.main.TestCaseMain$startTestSuite$0.call(Unknown Source)
	at TempTestSuite1680483767821.run(TempTestSuite1680483767821.groovy:36)
"/>
         <system-out><![CDATA[2023-04-03 08:14:21 - [TEST_CASE][FAILED] - Test Cases/Web/REG/REG-34: Test Cases/Web/REG/REG-34 FAILED.
Reason:
Assertion failed: 

assert !(WebUI.getUrl() == 'https://demo-app.online/email/verify')
       |       |        |
       false   |        true
               https://demo-app.online/email/verify

	at REG-34.run(REG-34:53)
	at com.kms.katalon.core.main.ScriptEngine.run(ScriptEngine.java:194)
	at com.kms.katalon.core.main.ScriptEngine.runScriptAsRawText(ScriptEngine.java:119)
	at com.kms.katalon.core.main.TestCaseExecutor.runScript(TestCaseExecutor.java:448)
	at com.kms.katalon.core.main.TestCaseExecutor.doExecute(TestCaseExecutor.java:439)
	at com.kms.katalon.core.main.TestCaseExecutor.processExecutionPhase(TestCaseExecutor.java:418)
	at com.kms.katalon.core.main.TestCaseExecutor.accessMainPhase(TestCaseExecutor.java:410)
	at com.kms.katalon.core.main.TestCaseExecutor.execute(TestCaseExecutor.java:285)
	at com.kms.katalon.core.common.CommonExecutor.accessTestCaseMainPhase(CommonExecutor.java:65)
	at com.kms.katalon.core.main.TestSuiteExecutor.accessTestSuiteMainPhase(TestSuiteExecutor.java:151)
	at com.kms.katalon.core.main.TestSuiteExecutor.execute(TestSuiteExecutor.java:106)
	at com.kms.katalon.core.main.TestCaseMain.startTestSuite(TestCaseMain.java:185)
	at com.kms.katalon.core.main.TestCaseMain$startTestSuite$0.call(Unknown Source)
	at TempTestSuite1680483767821.run(TempTestSuite1680483767821.groovy:36)


2023-04-03 08:14:21 - [TEST_STEP][PASSED] - openBrowser(""): Browser is opened with url: ''

2023-04-03 08:14:21 - [MESSAGE][WARNING] - A browser is already opened. Closing browser and opening a new one

2023-04-03 08:14:22 - [MESSAGE][INFO] - Starting 'Chrome' driver

2023-04-03 08:14:22 - [MESSAGE][INFO] - Action delay is set to 0 milliseconds

2023-04-03 08:14:23 - [MESSAGE][PASSED] - Browser is opened with url: ''

2023-04-03 08:14:23 - [TEST_STEP][PASSED] - navigateToUrl("https://demo-app.online/daftar"): Navigate to 'https://demo-app.online/daftar' successfully

2023-04-03 08:14:25 - [MESSAGE][PASSED] - Navigate to 'https://demo-app.online/daftar' successfully

2023-04-03 08:14:25 - [TEST_STEP][PASSED] - setText(findTestObject("Object Repository/Web/Register/Reg_InputText_Nama"), "Rizki Khaerul Fajri"): Text 'Rizki Khaerul Fajri' is set on object 'Object Repository/Web/Register/Reg_InputText_Nama'

2023-04-03 08:14:26 - [MESSAGE][PASSED] - Text 'Rizki Khaerul Fajri' is set on object 'Object Repository/Web/Register/Reg_InputText_Nama'

2023-04-03 08:14:26 - [TEST_STEP][PASSED] - setText(findTestObject("Object Repository/Web/Register/Reg_InputText_BirthDay"), "18-Feb-1997"): Text '18-Feb-1997' is set on object 'Object Repository/Web/Register/Reg_InputText_BirthDay'

2023-04-03 08:14:26 - [MESSAGE][PASSED] - Text '18-Feb-1997' is set on object 'Object Repository/Web/Register/Reg_InputText_BirthDay'

2023-04-03 08:14:26 - [TEST_STEP][PASSED] - setText(findTestObject("Object Repository/Web/Register/Reg_InputText_Email"), "Test@Example.com"): Text 'Test@Example.com' is set on object 'Object Repository/Web/Register/Reg_InputText_Email'

2023-04-03 08:14:27 - [MESSAGE][PASSED] - Text 'Test@Example.com' is set on object 'Object Repository/Web/Register/Reg_InputText_Email'

2023-04-03 08:14:27 - [TEST_STEP][PASSED] - setText(findTestObject("Object Repository/Web/Register/Reg_InputText_Whatsapp"), "081123456"): Text '081123456' is set on object 'Object Repository/Web/Register/Reg_InputText_Whatsapp'

2023-04-03 08:14:28 - [MESSAGE][PASSED] - Text '081123456' is set on object 'Object Repository/Web/Register/Reg_InputText_Whatsapp'

2023-04-03 08:14:28 - [TEST_STEP][PASSED] - setText(findTestObject("Object Repository/Web/Register/Reg_InputText_KataSandi"), "testingtesting"): Text 'testingtesting' is set on object 'Object Repository/Web/Register/Reg_InputText_KataSandi'

2023-04-03 08:14:29 - [MESSAGE][PASSED] - Text 'testingtesting' is set on object 'Object Repository/Web/Register/Reg_InputText_KataSandi'

2023-04-03 08:14:29 - [TEST_STEP][PASSED] - setText(findTestObject("Object Repository/Web/Register/Reg_InputText_KonfirmasiKataSandi"), "testingtesting"): Text 'testingtesting' is set on object 'Object Repository/Web/Register/Reg_InputText_KonfirmasiKataSandi'

2023-04-03 08:14:29 - [MESSAGE][PASSED] - Text 'testingtesting' is set on object 'Object Repository/Web/Register/Reg_InputText_KonfirmasiKataSandi'

2023-04-03 08:14:29 - [TEST_STEP][PASSED] - check(findTestObject("Object Repository/Web/Register/Reg_Checkbox_SyaratDanKetentuan")): Object 'Object Repository/Web/Register/Reg_Checkbox_SyaratDanKetentuan' is checked

2023-04-03 08:14:30 - [MESSAGE][PASSED] - Object 'Object Repository/Web/Register/Reg_Checkbox_SyaratDanKetentuan' is checked

2023-04-03 08:14:30 - [TEST_STEP][PASSED] - click(findTestObject("Object Repository/Web/Register/Reg_Button_Daftar")): Object: 'Object Repository/Web/Register/Reg_Button_Daftar' is clicked on

2023-04-03 08:14:32 - [MESSAGE][PASSED] - Object: 'Object Repository/Web/Register/Reg_Button_Daftar' is clicked on

2023-04-03 08:14:32 - [TEST_STEP][PASSED] - delay(2): Delayed 2 second(s)

2023-04-03 08:14:34 - [MESSAGE][PASSED] - Delayed 2 second(s)

2023-04-03 08:14:34 - [TEST_STEP][PASSED] - if (getUrl() == "https://demo-app.online/daftar"): Current window's url is: 'https://demo-app.online/email/verify'

2023-04-03 08:14:34 - [MESSAGE][PASSED] - Current window's url is: 'https://demo-app.online/email/verify'

2023-04-03 08:14:34 - [TEST_STEP][PASSED] - delay(2): Delayed 2 second(s)

2023-04-03 08:14:36 - [MESSAGE][PASSED] - Delayed 2 second(s)

2023-04-03 08:14:36 - [TEST_STEP][FAILED] - assert !(getUrl() == "https://demo-app.online/email/verify"): Test Cases/Web/REG/REG-34 FAILED.
Reason:
Assertion failed: 

assert !(WebUI.getUrl() == 'https://demo-app.online/email/verify')
       |       |        |
       false   |        true
               https://demo-app.online/email/verify

	at REG-34.run(REG-34:53)
	at com.kms.katalon.core.main.ScriptEngine.run(ScriptEngine.java:194)
	at com.kms.katalon.core.main.ScriptEngine.runScriptAsRawText(ScriptEngine.java:119)
	at com.kms.katalon.core.main.TestCaseExecutor.runScript(TestCaseExecutor.java:448)
	at com.kms.katalon.core.main.TestCaseExecutor.doExecute(TestCaseExecutor.java:439)
	at com.kms.katalon.core.main.TestCaseExecutor.processExecutionPhase(TestCaseExecutor.java:418)
	at com.kms.katalon.core.main.TestCaseExecutor.accessMainPhase(TestCaseExecutor.java:410)
	at com.kms.katalon.core.main.TestCaseExecutor.execute(TestCaseExecutor.java:285)
	at com.kms.katalon.core.common.CommonExecutor.accessTestCaseMainPhase(CommonExecutor.java:65)
	at com.kms.katalon.core.main.TestSuiteExecutor.accessTestSuiteMainPhase(TestSuiteExecutor.java:151)
	at com.kms.katalon.core.main.TestSuiteExecutor.execute(TestSuiteExecutor.java:106)
	at com.kms.katalon.core.main.TestCaseMain.startTestSuite(TestCaseMain.java:185)
	at com.kms.katalon.core.main.TestCaseMain$startTestSuite$0.call(Unknown Source)
	at TempTestSuite1680483767821.run(TempTestSuite1680483767821.groovy:36)


2023-04-03 08:14:36 - [MESSAGE][PASSED] - Current window's url is: 'https://demo-app.online/email/verify'

2023-04-03 08:14:36 - [MESSAGE][FAILED] - Test Cases/Web/REG/REG-34 FAILED.
Reason:
Assertion failed: 

assert !(WebUI.getUrl() == 'https://demo-app.online/email/verify')
       |       |        |
       false   |        true
               https://demo-app.online/email/verify

	at REG-34.run(REG-34:53)
	at com.kms.katalon.core.main.ScriptEngine.run(ScriptEngine.java:194)
	at com.kms.katalon.core.main.ScriptEngine.runScriptAsRawText(ScriptEngine.java:119)
	at com.kms.katalon.core.main.TestCaseExecutor.runScript(TestCaseExecutor.java:448)
	at com.kms.katalon.core.main.TestCaseExecutor.doExecute(TestCaseExecutor.java:439)
	at com.kms.katalon.core.main.TestCaseExecutor.processExecutionPhase(TestCaseExecutor.java:418)
	at com.kms.katalon.core.main.TestCaseExecutor.accessMainPhase(TestCaseExecutor.java:410)
	at com.kms.katalon.core.main.TestCaseExecutor.execute(TestCaseExecutor.java:285)
	at com.kms.katalon.core.common.CommonExecutor.accessTestCaseMainPhase(CommonExecutor.java:65)
	at com.kms.katalon.core.main.TestSuiteExecutor.accessTestSuiteMainPhase(TestSuiteExecutor.java:151)
	at com.kms.katalon.core.main.TestSuiteExecutor.execute(TestSuiteExecutor.java:106)
	at com.kms.katalon.core.main.TestCaseMain.startTestSuite(TestCaseMain.java:185)
	at com.kms.katalon.core.main.TestCaseMain$startTestSuite$0.call(Unknown Source)
	at TempTestSuite1680483767821.run(TempTestSuite1680483767821.groovy:36)]]></system-out>
         <system-err><![CDATA[2023-04-03 08:14:21 - [TEST_CASE][FAILED] - Test Cases/Web/REG/REG-34: Test Cases/Web/REG/REG-34 FAILED.
Reason:
Assertion failed: 

assert !(WebUI.getUrl() == 'https://demo-app.online/email/verify')
       |       |        |
       false   |        true
               https://demo-app.online/email/verify

	at REG-34.run(REG-34:53)
	at com.kms.katalon.core.main.ScriptEngine.run(ScriptEngine.java:194)
	at com.kms.katalon.core.main.ScriptEngine.runScriptAsRawText(ScriptEngine.java:119)
	at com.kms.katalon.core.main.TestCaseExecutor.runScript(TestCaseExecutor.java:448)
	at com.kms.katalon.core.main.TestCaseExecutor.doExecute(TestCaseExecutor.java:439)
	at com.kms.katalon.core.main.TestCaseExecutor.processExecutionPhase(TestCaseExecutor.java:418)
	at com.kms.katalon.core.main.TestCaseExecutor.accessMainPhase(TestCaseExecutor.java:410)
	at com.kms.katalon.core.main.TestCaseExecutor.execute(TestCaseExecutor.java:285)
	at com.kms.katalon.core.common.CommonExecutor.accessTestCaseMainPhase(CommonExecutor.java:65)
	at com.kms.katalon.core.main.TestSuiteExecutor.accessTestSuiteMainPhase(TestSuiteExecutor.java:151)
	at com.kms.katalon.core.main.TestSuiteExecutor.execute(TestSuiteExecutor.java:106)
	at com.kms.katalon.core.main.TestCaseMain.startTestSuite(TestCaseMain.java:185)
	at com.kms.katalon.core.main.TestCaseMain$startTestSuite$0.call(Unknown Source)
	at TempTestSuite1680483767821.run(TempTestSuite1680483767821.groovy:36)]]></system-err>
      </testcase>
      <testcase name="Test Cases/Web/REG/REG-35" time="12.963" classname="Test Cases/Web/REG/REG-35" status="FAILED">
         <failure type="FAILED" message="Test Cases/Web/REG/REG-35 FAILED.
Reason:
Assertion failed: 

assert !(WebUI.getUrl() == 'https://demo-app.online/email/verify')
       |       |        |
       false   |        true
               https://demo-app.online/email/verify

	at REG-35.run(REG-35:51)
	at com.kms.katalon.core.main.ScriptEngine.run(ScriptEngine.java:194)
	at com.kms.katalon.core.main.ScriptEngine.runScriptAsRawText(ScriptEngine.java:119)
	at com.kms.katalon.core.main.TestCaseExecutor.runScript(TestCaseExecutor.java:448)
	at com.kms.katalon.core.main.TestCaseExecutor.doExecute(TestCaseExecutor.java:439)
	at com.kms.katalon.core.main.TestCaseExecutor.processExecutionPhase(TestCaseExecutor.java:418)
	at com.kms.katalon.core.main.TestCaseExecutor.accessMainPhase(TestCaseExecutor.java:410)
	at com.kms.katalon.core.main.TestCaseExecutor.execute(TestCaseExecutor.java:285)
	at com.kms.katalon.core.common.CommonExecutor.accessTestCaseMainPhase(CommonExecutor.java:65)
	at com.kms.katalon.core.main.TestSuiteExecutor.accessTestSuiteMainPhase(TestSuiteExecutor.java:151)
	at com.kms.katalon.core.main.TestSuiteExecutor.execute(TestSuiteExecutor.java:106)
	at com.kms.katalon.core.main.TestCaseMain.startTestSuite(TestCaseMain.java:185)
	at com.kms.katalon.core.main.TestCaseMain$startTestSuite$0.call(Unknown Source)
	at TempTestSuite1680483767821.run(TempTestSuite1680483767821.groovy:36)
"/>
         <system-out><![CDATA[2023-04-03 08:14:36 - [TEST_CASE][FAILED] - Test Cases/Web/REG/REG-35: Test Cases/Web/REG/REG-35 FAILED.
Reason:
Assertion failed: 

assert !(WebUI.getUrl() == 'https://demo-app.online/email/verify')
       |       |        |
       false   |        true
               https://demo-app.online/email/verify

	at REG-35.run(REG-35:51)
	at com.kms.katalon.core.main.ScriptEngine.run(ScriptEngine.java:194)
	at com.kms.katalon.core.main.ScriptEngine.runScriptAsRawText(ScriptEngine.java:119)
	at com.kms.katalon.core.main.TestCaseExecutor.runScript(TestCaseExecutor.java:448)
	at com.kms.katalon.core.main.TestCaseExecutor.doExecute(TestCaseExecutor.java:439)
	at com.kms.katalon.core.main.TestCaseExecutor.processExecutionPhase(TestCaseExecutor.java:418)
	at com.kms.katalon.core.main.TestCaseExecutor.accessMainPhase(TestCaseExecutor.java:410)
	at com.kms.katalon.core.main.TestCaseExecutor.execute(TestCaseExecutor.java:285)
	at com.kms.katalon.core.common.CommonExecutor.accessTestCaseMainPhase(CommonExecutor.java:65)
	at com.kms.katalon.core.main.TestSuiteExecutor.accessTestSuiteMainPhase(TestSuiteExecutor.java:151)
	at com.kms.katalon.core.main.TestSuiteExecutor.execute(TestSuiteExecutor.java:106)
	at com.kms.katalon.core.main.TestCaseMain.startTestSuite(TestCaseMain.java:185)
	at com.kms.katalon.core.main.TestCaseMain$startTestSuite$0.call(Unknown Source)
	at TempTestSuite1680483767821.run(TempTestSuite1680483767821.groovy:36)


2023-04-03 08:14:36 - [TEST_STEP][PASSED] - openBrowser(""): Browser is opened with url: ''

2023-04-03 08:14:36 - [MESSAGE][WARNING] - A browser is already opened. Closing browser and opening a new one

2023-04-03 08:14:37 - [MESSAGE][INFO] - Starting 'Chrome' driver

2023-04-03 08:14:37 - [MESSAGE][INFO] - Action delay is set to 0 milliseconds

2023-04-03 08:14:38 - [MESSAGE][PASSED] - Browser is opened with url: ''

2023-04-03 08:14:38 - [TEST_STEP][PASSED] - navigateToUrl("https://demo-app.online/daftar"): Navigate to 'https://demo-app.online/daftar' successfully

2023-04-03 08:14:40 - [MESSAGE][PASSED] - Navigate to 'https://demo-app.online/daftar' successfully

2023-04-03 08:14:40 - [TEST_STEP][PASSED] - setText(findTestObject("Object Repository/Web/Register/Reg_InputText_Nama"), "Rizki Khaerul Fajri"): Text 'Rizki Khaerul Fajri' is set on object 'Object Repository/Web/Register/Reg_InputText_Nama'

2023-04-03 08:14:41 - [MESSAGE][PASSED] - Text 'Rizki Khaerul Fajri' is set on object 'Object Repository/Web/Register/Reg_InputText_Nama'

2023-04-03 08:14:41 - [TEST_STEP][PASSED] - setText(findTestObject("Object Repository/Web/Register/Reg_InputText_BirthDay"), "18-Feb-1997"): Text '18-Feb-1997' is set on object 'Object Repository/Web/Register/Reg_InputText_BirthDay'

2023-04-03 08:14:41 - [MESSAGE][PASSED] - Text '18-Feb-1997' is set on object 'Object Repository/Web/Register/Reg_InputText_BirthDay'

2023-04-03 08:14:41 - [TEST_STEP][PASSED] - setText(findTestObject("Object Repository/Web/Register/Reg_InputText_Email"), "Test@Example.com"): Text 'Test@Example.com' is set on object 'Object Repository/Web/Register/Reg_InputText_Email'

2023-04-03 08:14:42 - [MESSAGE][PASSED] - Text 'Test@Example.com' is set on object 'Object Repository/Web/Register/Reg_InputText_Email'

2023-04-03 08:14:42 - [TEST_STEP][PASSED] - setText(findTestObject("Object Repository/Web/Register/Reg_InputText_Whatsapp"), "+6281123456"): Text '+6281123456' is set on object 'Object Repository/Web/Register/Reg_InputText_Whatsapp'

2023-04-03 08:14:43 - [MESSAGE][PASSED] - Text '+6281123456' is set on object 'Object Repository/Web/Register/Reg_InputText_Whatsapp'

2023-04-03 08:14:43 - [TEST_STEP][PASSED] - setText(findTestObject("Object Repository/Web/Register/Reg_InputText_KataSandi"), "testingtesting"): Text 'testingtesting' is set on object 'Object Repository/Web/Register/Reg_InputText_KataSandi'

2023-04-03 08:14:44 - [MESSAGE][PASSED] - Text 'testingtesting' is set on object 'Object Repository/Web/Register/Reg_InputText_KataSandi'

2023-04-03 08:14:44 - [TEST_STEP][PASSED] - setText(findTestObject("Object Repository/Web/Register/Reg_InputText_KonfirmasiKataSandi"), "testingtesting"): Text 'testingtesting' is set on object 'Object Repository/Web/Register/Reg_InputText_KonfirmasiKataSandi'

2023-04-03 08:14:44 - [MESSAGE][PASSED] - Text 'testingtesting' is set on object 'Object Repository/Web/Register/Reg_InputText_KonfirmasiKataSandi'

2023-04-03 08:14:44 - [TEST_STEP][PASSED] - check(findTestObject("Object Repository/Web/Register/Reg_Checkbox_SyaratDanKetentuan")): Object 'Object Repository/Web/Register/Reg_Checkbox_SyaratDanKetentuan' is checked

2023-04-03 08:14:45 - [MESSAGE][PASSED] - Object 'Object Repository/Web/Register/Reg_Checkbox_SyaratDanKetentuan' is checked

2023-04-03 08:14:45 - [TEST_STEP][PASSED] - click(findTestObject("Object Repository/Web/Register/Reg_Button_Daftar")): Object: 'Object Repository/Web/Register/Reg_Button_Daftar' is clicked on

2023-04-03 08:14:47 - [MESSAGE][PASSED] - Object: 'Object Repository/Web/Register/Reg_Button_Daftar' is clicked on

2023-04-03 08:14:47 - [TEST_STEP][PASSED] - if (getUrl() == "https://demo-app.online/daftar"): Current window's url is: 'https://demo-app.online/email/verify'

2023-04-03 08:14:47 - [MESSAGE][PASSED] - Current window's url is: 'https://demo-app.online/email/verify'

2023-04-03 08:14:47 - [TEST_STEP][PASSED] - delay(2): Delayed 2 second(s)

2023-04-03 08:14:49 - [MESSAGE][PASSED] - Delayed 2 second(s)

2023-04-03 08:14:49 - [TEST_STEP][FAILED] - assert !(getUrl() == "https://demo-app.online/email/verify"): Test Cases/Web/REG/REG-35 FAILED.
Reason:
Assertion failed: 

assert !(WebUI.getUrl() == 'https://demo-app.online/email/verify')
       |       |        |
       false   |        true
               https://demo-app.online/email/verify

	at REG-35.run(REG-35:51)
	at com.kms.katalon.core.main.ScriptEngine.run(ScriptEngine.java:194)
	at com.kms.katalon.core.main.ScriptEngine.runScriptAsRawText(ScriptEngine.java:119)
	at com.kms.katalon.core.main.TestCaseExecutor.runScript(TestCaseExecutor.java:448)
	at com.kms.katalon.core.main.TestCaseExecutor.doExecute(TestCaseExecutor.java:439)
	at com.kms.katalon.core.main.TestCaseExecutor.processExecutionPhase(TestCaseExecutor.java:418)
	at com.kms.katalon.core.main.TestCaseExecutor.accessMainPhase(TestCaseExecutor.java:410)
	at com.kms.katalon.core.main.TestCaseExecutor.execute(TestCaseExecutor.java:285)
	at com.kms.katalon.core.common.CommonExecutor.accessTestCaseMainPhase(CommonExecutor.java:65)
	at com.kms.katalon.core.main.TestSuiteExecutor.accessTestSuiteMainPhase(TestSuiteExecutor.java:151)
	at com.kms.katalon.core.main.TestSuiteExecutor.execute(TestSuiteExecutor.java:106)
	at com.kms.katalon.core.main.TestCaseMain.startTestSuite(TestCaseMain.java:185)
	at com.kms.katalon.core.main.TestCaseMain$startTestSuite$0.call(Unknown Source)
	at TempTestSuite1680483767821.run(TempTestSuite1680483767821.groovy:36)


2023-04-03 08:14:49 - [MESSAGE][PASSED] - Current window's url is: 'https://demo-app.online/email/verify'

2023-04-03 08:14:49 - [MESSAGE][FAILED] - Test Cases/Web/REG/REG-35 FAILED.
Reason:
Assertion failed: 

assert !(WebUI.getUrl() == 'https://demo-app.online/email/verify')
       |       |        |
       false   |        true
               https://demo-app.online/email/verify

	at REG-35.run(REG-35:51)
	at com.kms.katalon.core.main.ScriptEngine.run(ScriptEngine.java:194)
	at com.kms.katalon.core.main.ScriptEngine.runScriptAsRawText(ScriptEngine.java:119)
	at com.kms.katalon.core.main.TestCaseExecutor.runScript(TestCaseExecutor.java:448)
	at com.kms.katalon.core.main.TestCaseExecutor.doExecute(TestCaseExecutor.java:439)
	at com.kms.katalon.core.main.TestCaseExecutor.processExecutionPhase(TestCaseExecutor.java:418)
	at com.kms.katalon.core.main.TestCaseExecutor.accessMainPhase(TestCaseExecutor.java:410)
	at com.kms.katalon.core.main.TestCaseExecutor.execute(TestCaseExecutor.java:285)
	at com.kms.katalon.core.common.CommonExecutor.accessTestCaseMainPhase(CommonExecutor.java:65)
	at com.kms.katalon.core.main.TestSuiteExecutor.accessTestSuiteMainPhase(TestSuiteExecutor.java:151)
	at com.kms.katalon.core.main.TestSuiteExecutor.execute(TestSuiteExecutor.java:106)
	at com.kms.katalon.core.main.TestCaseMain.startTestSuite(TestCaseMain.java:185)
	at com.kms.katalon.core.main.TestCaseMain$startTestSuite$0.call(Unknown Source)
	at TempTestSuite1680483767821.run(TempTestSuite1680483767821.groovy:36)]]></system-out>
         <system-err><![CDATA[2023-04-03 08:14:36 - [TEST_CASE][FAILED] - Test Cases/Web/REG/REG-35: Test Cases/Web/REG/REG-35 FAILED.
Reason:
Assertion failed: 

assert !(WebUI.getUrl() == 'https://demo-app.online/email/verify')
       |       |        |
       false   |        true
               https://demo-app.online/email/verify

	at REG-35.run(REG-35:51)
	at com.kms.katalon.core.main.ScriptEngine.run(ScriptEngine.java:194)
	at com.kms.katalon.core.main.ScriptEngine.runScriptAsRawText(ScriptEngine.java:119)
	at com.kms.katalon.core.main.TestCaseExecutor.runScript(TestCaseExecutor.java:448)
	at com.kms.katalon.core.main.TestCaseExecutor.doExecute(TestCaseExecutor.java:439)
	at com.kms.katalon.core.main.TestCaseExecutor.processExecutionPhase(TestCaseExecutor.java:418)
	at com.kms.katalon.core.main.TestCaseExecutor.accessMainPhase(TestCaseExecutor.java:410)
	at com.kms.katalon.core.main.TestCaseExecutor.execute(TestCaseExecutor.java:285)
	at com.kms.katalon.core.common.CommonExecutor.accessTestCaseMainPhase(CommonExecutor.java:65)
	at com.kms.katalon.core.main.TestSuiteExecutor.accessTestSuiteMainPhase(TestSuiteExecutor.java:151)
	at com.kms.katalon.core.main.TestSuiteExecutor.execute(TestSuiteExecutor.java:106)
	at com.kms.katalon.core.main.TestCaseMain.startTestSuite(TestCaseMain.java:185)
	at com.kms.katalon.core.main.TestCaseMain$startTestSuite$0.call(Unknown Source)
	at TempTestSuite1680483767821.run(TempTestSuite1680483767821.groovy:36)]]></system-err>
      </testcase>
      <testcase name="Test Cases/Web/REG/REG-36" time="12.96" classname="Test Cases/Web/REG/REG-36" status="FAILED">
         <failure type="FAILED" message="Test Cases/Web/REG/REG-36 FAILED.
Reason:
Assertion failed: 

assert !(WebUI.getUrl() == 'https://demo-app.online/email/verify')
       |       |        |
       false   |        true
               https://demo-app.online/email/verify

	at REG-36.run(REG-36:51)
	at com.kms.katalon.core.main.ScriptEngine.run(ScriptEngine.java:194)
	at com.kms.katalon.core.main.ScriptEngine.runScriptAsRawText(ScriptEngine.java:119)
	at com.kms.katalon.core.main.TestCaseExecutor.runScript(TestCaseExecutor.java:448)
	at com.kms.katalon.core.main.TestCaseExecutor.doExecute(TestCaseExecutor.java:439)
	at com.kms.katalon.core.main.TestCaseExecutor.processExecutionPhase(TestCaseExecutor.java:418)
	at com.kms.katalon.core.main.TestCaseExecutor.accessMainPhase(TestCaseExecutor.java:410)
	at com.kms.katalon.core.main.TestCaseExecutor.execute(TestCaseExecutor.java:285)
	at com.kms.katalon.core.common.CommonExecutor.accessTestCaseMainPhase(CommonExecutor.java:65)
	at com.kms.katalon.core.main.TestSuiteExecutor.accessTestSuiteMainPhase(TestSuiteExecutor.java:151)
	at com.kms.katalon.core.main.TestSuiteExecutor.execute(TestSuiteExecutor.java:106)
	at com.kms.katalon.core.main.TestCaseMain.startTestSuite(TestCaseMain.java:185)
	at com.kms.katalon.core.main.TestCaseMain$startTestSuite$0.call(Unknown Source)
	at TempTestSuite1680483767821.run(TempTestSuite1680483767821.groovy:36)
"/>
         <system-out><![CDATA[2023-04-03 08:14:49 - [TEST_CASE][FAILED] - Test Cases/Web/REG/REG-36: Test Cases/Web/REG/REG-36 FAILED.
Reason:
Assertion failed: 

assert !(WebUI.getUrl() == 'https://demo-app.online/email/verify')
       |       |        |
       false   |        true
               https://demo-app.online/email/verify

	at REG-36.run(REG-36:51)
	at com.kms.katalon.core.main.ScriptEngine.run(ScriptEngine.java:194)
	at com.kms.katalon.core.main.ScriptEngine.runScriptAsRawText(ScriptEngine.java:119)
	at com.kms.katalon.core.main.TestCaseExecutor.runScript(TestCaseExecutor.java:448)
	at com.kms.katalon.core.main.TestCaseExecutor.doExecute(TestCaseExecutor.java:439)
	at com.kms.katalon.core.main.TestCaseExecutor.processExecutionPhase(TestCaseExecutor.java:418)
	at com.kms.katalon.core.main.TestCaseExecutor.accessMainPhase(TestCaseExecutor.java:410)
	at com.kms.katalon.core.main.TestCaseExecutor.execute(TestCaseExecutor.java:285)
	at com.kms.katalon.core.common.CommonExecutor.accessTestCaseMainPhase(CommonExecutor.java:65)
	at com.kms.katalon.core.main.TestSuiteExecutor.accessTestSuiteMainPhase(TestSuiteExecutor.java:151)
	at com.kms.katalon.core.main.TestSuiteExecutor.execute(TestSuiteExecutor.java:106)
	at com.kms.katalon.core.main.TestCaseMain.startTestSuite(TestCaseMain.java:185)
	at com.kms.katalon.core.main.TestCaseMain$startTestSuite$0.call(Unknown Source)
	at TempTestSuite1680483767821.run(TempTestSuite1680483767821.groovy:36)


2023-04-03 08:14:49 - [TEST_STEP][PASSED] - openBrowser(""): Browser is opened with url: ''

2023-04-03 08:14:49 - [MESSAGE][WARNING] - A browser is already opened. Closing browser and opening a new one

2023-04-03 08:14:50 - [MESSAGE][INFO] - Starting 'Chrome' driver

2023-04-03 08:14:50 - [MESSAGE][INFO] - Action delay is set to 0 milliseconds

2023-04-03 08:14:51 - [MESSAGE][PASSED] - Browser is opened with url: ''

2023-04-03 08:14:51 - [TEST_STEP][PASSED] - navigateToUrl("https://demo-app.online/daftar"): Navigate to 'https://demo-app.online/daftar' successfully

2023-04-03 08:14:53 - [MESSAGE][PASSED] - Navigate to 'https://demo-app.online/daftar' successfully

2023-04-03 08:14:53 - [TEST_STEP][PASSED] - setText(findTestObject("Object Repository/Web/Register/Reg_InputText_Nama"), "Rizki Khaerul Fajri"): Text 'Rizki Khaerul Fajri' is set on object 'Object Repository/Web/Register/Reg_InputText_Nama'

2023-04-03 08:14:54 - [MESSAGE][PASSED] - Text 'Rizki Khaerul Fajri' is set on object 'Object Repository/Web/Register/Reg_InputText_Nama'

2023-04-03 08:14:54 - [TEST_STEP][PASSED] - setText(findTestObject("Object Repository/Web/Register/Reg_InputText_BirthDay"), "18-Feb-1997"): Text '18-Feb-1997' is set on object 'Object Repository/Web/Register/Reg_InputText_BirthDay'

2023-04-03 08:14:54 - [MESSAGE][PASSED] - Text '18-Feb-1997' is set on object 'Object Repository/Web/Register/Reg_InputText_BirthDay'

2023-04-03 08:14:54 - [TEST_STEP][PASSED] - setText(findTestObject("Object Repository/Web/Register/Reg_InputText_Email"), "Test@Example.com"): Text 'Test@Example.com' is set on object 'Object Repository/Web/Register/Reg_InputText_Email'

2023-04-03 08:14:55 - [MESSAGE][PASSED] - Text 'Test@Example.com' is set on object 'Object Repository/Web/Register/Reg_InputText_Email'

2023-04-03 08:14:55 - [TEST_STEP][PASSED] - setText(findTestObject("Object Repository/Web/Register/Reg_InputText_Whatsapp"), "08112345678910"): Text '08112345678910' is set on object 'Object Repository/Web/Register/Reg_InputText_Whatsapp'

2023-04-03 08:14:56 - [MESSAGE][PASSED] - Text '08112345678910' is set on object 'Object Repository/Web/Register/Reg_InputText_Whatsapp'

2023-04-03 08:14:56 - [TEST_STEP][PASSED] - setText(findTestObject("Object Repository/Web/Register/Reg_InputText_KataSandi"), "testingtesting"): Text 'testingtesting' is set on object 'Object Repository/Web/Register/Reg_InputText_KataSandi'

2023-04-03 08:14:57 - [MESSAGE][PASSED] - Text 'testingtesting' is set on object 'Object Repository/Web/Register/Reg_InputText_KataSandi'

2023-04-03 08:14:57 - [TEST_STEP][PASSED] - setText(findTestObject("Object Repository/Web/Register/Reg_InputText_KonfirmasiKataSandi"), "testingtesting"): Text 'testingtesting' is set on object 'Object Repository/Web/Register/Reg_InputText_KonfirmasiKataSandi'

2023-04-03 08:14:57 - [MESSAGE][PASSED] - Text 'testingtesting' is set on object 'Object Repository/Web/Register/Reg_InputText_KonfirmasiKataSandi'

2023-04-03 08:14:57 - [TEST_STEP][PASSED] - check(findTestObject("Object Repository/Web/Register/Reg_Checkbox_SyaratDanKetentuan")): Object 'Object Repository/Web/Register/Reg_Checkbox_SyaratDanKetentuan' is checked

2023-04-03 08:14:58 - [MESSAGE][PASSED] - Object 'Object Repository/Web/Register/Reg_Checkbox_SyaratDanKetentuan' is checked

2023-04-03 08:14:58 - [TEST_STEP][PASSED] - click(findTestObject("Object Repository/Web/Register/Reg_Button_Daftar")): Object: 'Object Repository/Web/Register/Reg_Button_Daftar' is clicked on

2023-04-03 08:15:00 - [MESSAGE][PASSED] - Object: 'Object Repository/Web/Register/Reg_Button_Daftar' is clicked on

2023-04-03 08:15:00 - [TEST_STEP][PASSED] - if (getUrl() == "https://demo-app.online/daftar"): Current window's url is: 'https://demo-app.online/email/verify'

2023-04-03 08:15:00 - [MESSAGE][PASSED] - Current window's url is: 'https://demo-app.online/email/verify'

2023-04-03 08:15:00 - [TEST_STEP][PASSED] - delay(2): Delayed 2 second(s)

2023-04-03 08:15:02 - [MESSAGE][PASSED] - Delayed 2 second(s)

2023-04-03 08:15:02 - [TEST_STEP][FAILED] - assert !(getUrl() == "https://demo-app.online/email/verify"): Test Cases/Web/REG/REG-36 FAILED.
Reason:
Assertion failed: 

assert !(WebUI.getUrl() == 'https://demo-app.online/email/verify')
       |       |        |
       false   |        true
               https://demo-app.online/email/verify

	at REG-36.run(REG-36:51)
	at com.kms.katalon.core.main.ScriptEngine.run(ScriptEngine.java:194)
	at com.kms.katalon.core.main.ScriptEngine.runScriptAsRawText(ScriptEngine.java:119)
	at com.kms.katalon.core.main.TestCaseExecutor.runScript(TestCaseExecutor.java:448)
	at com.kms.katalon.core.main.TestCaseExecutor.doExecute(TestCaseExecutor.java:439)
	at com.kms.katalon.core.main.TestCaseExecutor.processExecutionPhase(TestCaseExecutor.java:418)
	at com.kms.katalon.core.main.TestCaseExecutor.accessMainPhase(TestCaseExecutor.java:410)
	at com.kms.katalon.core.main.TestCaseExecutor.execute(TestCaseExecutor.java:285)
	at com.kms.katalon.core.common.CommonExecutor.accessTestCaseMainPhase(CommonExecutor.java:65)
	at com.kms.katalon.core.main.TestSuiteExecutor.accessTestSuiteMainPhase(TestSuiteExecutor.java:151)
	at com.kms.katalon.core.main.TestSuiteExecutor.execute(TestSuiteExecutor.java:106)
	at com.kms.katalon.core.main.TestCaseMain.startTestSuite(TestCaseMain.java:185)
	at com.kms.katalon.core.main.TestCaseMain$startTestSuite$0.call(Unknown Source)
	at TempTestSuite1680483767821.run(TempTestSuite1680483767821.groovy:36)


2023-04-03 08:15:02 - [MESSAGE][PASSED] - Current window's url is: 'https://demo-app.online/email/verify'

2023-04-03 08:15:02 - [MESSAGE][FAILED] - Test Cases/Web/REG/REG-36 FAILED.
Reason:
Assertion failed: 

assert !(WebUI.getUrl() == 'https://demo-app.online/email/verify')
       |       |        |
       false   |        true
               https://demo-app.online/email/verify

	at REG-36.run(REG-36:51)
	at com.kms.katalon.core.main.ScriptEngine.run(ScriptEngine.java:194)
	at com.kms.katalon.core.main.ScriptEngine.runScriptAsRawText(ScriptEngine.java:119)
	at com.kms.katalon.core.main.TestCaseExecutor.runScript(TestCaseExecutor.java:448)
	at com.kms.katalon.core.main.TestCaseExecutor.doExecute(TestCaseExecutor.java:439)
	at com.kms.katalon.core.main.TestCaseExecutor.processExecutionPhase(TestCaseExecutor.java:418)
	at com.kms.katalon.core.main.TestCaseExecutor.accessMainPhase(TestCaseExecutor.java:410)
	at com.kms.katalon.core.main.TestCaseExecutor.execute(TestCaseExecutor.java:285)
	at com.kms.katalon.core.common.CommonExecutor.accessTestCaseMainPhase(CommonExecutor.java:65)
	at com.kms.katalon.core.main.TestSuiteExecutor.accessTestSuiteMainPhase(TestSuiteExecutor.java:151)
	at com.kms.katalon.core.main.TestSuiteExecutor.execute(TestSuiteExecutor.java:106)
	at com.kms.katalon.core.main.TestCaseMain.startTestSuite(TestCaseMain.java:185)
	at com.kms.katalon.core.main.TestCaseMain$startTestSuite$0.call(Unknown Source)
	at TempTestSuite1680483767821.run(TempTestSuite1680483767821.groovy:36)]]></system-out>
         <system-err><![CDATA[2023-04-03 08:14:49 - [TEST_CASE][FAILED] - Test Cases/Web/REG/REG-36: Test Cases/Web/REG/REG-36 FAILED.
Reason:
Assertion failed: 

assert !(WebUI.getUrl() == 'https://demo-app.online/email/verify')
       |       |        |
       false   |        true
               https://demo-app.online/email/verify

	at REG-36.run(REG-36:51)
	at com.kms.katalon.core.main.ScriptEngine.run(ScriptEngine.java:194)
	at com.kms.katalon.core.main.ScriptEngine.runScriptAsRawText(ScriptEngine.java:119)
	at com.kms.katalon.core.main.TestCaseExecutor.runScript(TestCaseExecutor.java:448)
	at com.kms.katalon.core.main.TestCaseExecutor.doExecute(TestCaseExecutor.java:439)
	at com.kms.katalon.core.main.TestCaseExecutor.processExecutionPhase(TestCaseExecutor.java:418)
	at com.kms.katalon.core.main.TestCaseExecutor.accessMainPhase(TestCaseExecutor.java:410)
	at com.kms.katalon.core.main.TestCaseExecutor.execute(TestCaseExecutor.java:285)
	at com.kms.katalon.core.common.CommonExecutor.accessTestCaseMainPhase(CommonExecutor.java:65)
	at com.kms.katalon.core.main.TestSuiteExecutor.accessTestSuiteMainPhase(TestSuiteExecutor.java:151)
	at com.kms.katalon.core.main.TestSuiteExecutor.execute(TestSuiteExecutor.java:106)
	at com.kms.katalon.core.main.TestCaseMain.startTestSuite(TestCaseMain.java:185)
	at com.kms.katalon.core.main.TestCaseMain$startTestSuite$0.call(Unknown Source)
	at TempTestSuite1680483767821.run(TempTestSuite1680483767821.groovy:36)]]></system-err>
      </testcase>
      <testcase name="Test Cases/Web/REG/REG-37" time="13.751" classname="Test Cases/Web/REG/REG-37" status="FAILED">
         <failure type="FAILED" message="Test Cases/Web/REG/REG-37 FAILED.
Reason:
Assertion failed: 

assert !(WebUI.getUrl() == 'https://demo-app.online/email/verify')
       |       |        |
       false   |        true
               https://demo-app.online/email/verify

	at REG-37.run(REG-37:51)
	at com.kms.katalon.core.main.ScriptEngine.run(ScriptEngine.java:194)
	at com.kms.katalon.core.main.ScriptEngine.runScriptAsRawText(ScriptEngine.java:119)
	at com.kms.katalon.core.main.TestCaseExecutor.runScript(TestCaseExecutor.java:448)
	at com.kms.katalon.core.main.TestCaseExecutor.doExecute(TestCaseExecutor.java:439)
	at com.kms.katalon.core.main.TestCaseExecutor.processExecutionPhase(TestCaseExecutor.java:418)
	at com.kms.katalon.core.main.TestCaseExecutor.accessMainPhase(TestCaseExecutor.java:410)
	at com.kms.katalon.core.main.TestCaseExecutor.execute(TestCaseExecutor.java:285)
	at com.kms.katalon.core.common.CommonExecutor.accessTestCaseMainPhase(CommonExecutor.java:65)
	at com.kms.katalon.core.main.TestSuiteExecutor.accessTestSuiteMainPhase(TestSuiteExecutor.java:151)
	at com.kms.katalon.core.main.TestSuiteExecutor.execute(TestSuiteExecutor.java:106)
	at com.kms.katalon.core.main.TestCaseMain.startTestSuite(TestCaseMain.java:185)
	at com.kms.katalon.core.main.TestCaseMain$startTestSuite$0.call(Unknown Source)
	at TempTestSuite1680483767821.run(TempTestSuite1680483767821.groovy:36)
"/>
         <system-out><![CDATA[2023-04-03 08:15:02 - [TEST_CASE][FAILED] - Test Cases/Web/REG/REG-37: Test Cases/Web/REG/REG-37 FAILED.
Reason:
Assertion failed: 

assert !(WebUI.getUrl() == 'https://demo-app.online/email/verify')
       |       |        |
       false   |        true
               https://demo-app.online/email/verify

	at REG-37.run(REG-37:51)
	at com.kms.katalon.core.main.ScriptEngine.run(ScriptEngine.java:194)
	at com.kms.katalon.core.main.ScriptEngine.runScriptAsRawText(ScriptEngine.java:119)
	at com.kms.katalon.core.main.TestCaseExecutor.runScript(TestCaseExecutor.java:448)
	at com.kms.katalon.core.main.TestCaseExecutor.doExecute(TestCaseExecutor.java:439)
	at com.kms.katalon.core.main.TestCaseExecutor.processExecutionPhase(TestCaseExecutor.java:418)
	at com.kms.katalon.core.main.TestCaseExecutor.accessMainPhase(TestCaseExecutor.java:410)
	at com.kms.katalon.core.main.TestCaseExecutor.execute(TestCaseExecutor.java:285)
	at com.kms.katalon.core.common.CommonExecutor.accessTestCaseMainPhase(CommonExecutor.java:65)
	at com.kms.katalon.core.main.TestSuiteExecutor.accessTestSuiteMainPhase(TestSuiteExecutor.java:151)
	at com.kms.katalon.core.main.TestSuiteExecutor.execute(TestSuiteExecutor.java:106)
	at com.kms.katalon.core.main.TestCaseMain.startTestSuite(TestCaseMain.java:185)
	at com.kms.katalon.core.main.TestCaseMain$startTestSuite$0.call(Unknown Source)
	at TempTestSuite1680483767821.run(TempTestSuite1680483767821.groovy:36)


2023-04-03 08:15:02 - [TEST_STEP][PASSED] - openBrowser(""): Browser is opened with url: ''

2023-04-03 08:15:02 - [MESSAGE][WARNING] - A browser is already opened. Closing browser and opening a new one

2023-04-03 08:15:03 - [MESSAGE][INFO] - Starting 'Chrome' driver

2023-04-03 08:15:03 - [MESSAGE][INFO] - Action delay is set to 0 milliseconds

2023-04-03 08:15:04 - [MESSAGE][PASSED] - Browser is opened with url: ''

2023-04-03 08:15:04 - [TEST_STEP][PASSED] - navigateToUrl("https://demo-app.online/daftar"): Navigate to 'https://demo-app.online/daftar' successfully

2023-04-03 08:15:06 - [MESSAGE][PASSED] - Navigate to 'https://demo-app.online/daftar' successfully

2023-04-03 08:15:06 - [TEST_STEP][PASSED] - setText(findTestObject("Object Repository/Web/Register/Reg_InputText_Nama"), "Rizki Khaerul Fajri"): Text 'Rizki Khaerul Fajri' is set on object 'Object Repository/Web/Register/Reg_InputText_Nama'

2023-04-03 08:15:07 - [MESSAGE][PASSED] - Text 'Rizki Khaerul Fajri' is set on object 'Object Repository/Web/Register/Reg_InputText_Nama'

2023-04-03 08:15:07 - [TEST_STEP][PASSED] - setText(findTestObject("Object Repository/Web/Register/Reg_InputText_BirthDay"), "18-Feb-1997"): Text '18-Feb-1997' is set on object 'Object Repository/Web/Register/Reg_InputText_BirthDay'

2023-04-03 08:15:08 - [MESSAGE][PASSED] - Text '18-Feb-1997' is set on object 'Object Repository/Web/Register/Reg_InputText_BirthDay'

2023-04-03 08:15:08 - [TEST_STEP][PASSED] - setText(findTestObject("Object Repository/Web/Register/Reg_InputText_Email"), "Test@Example.com"): Text 'Test@Example.com' is set on object 'Object Repository/Web/Register/Reg_InputText_Email'

2023-04-03 08:15:09 - [MESSAGE][PASSED] - Text 'Test@Example.com' is set on object 'Object Repository/Web/Register/Reg_InputText_Email'

2023-04-03 08:15:09 - [TEST_STEP][PASSED] - setText(findTestObject("Object Repository/Web/Register/Reg_InputText_Whatsapp"), "+628132438726710"): Text '+628132438726710' is set on object 'Object Repository/Web/Register/Reg_InputText_Whatsapp'

2023-04-03 08:15:10 - [MESSAGE][PASSED] - Text '+628132438726710' is set on object 'Object Repository/Web/Register/Reg_InputText_Whatsapp'

2023-04-03 08:15:10 - [TEST_STEP][PASSED] - setText(findTestObject("Object Repository/Web/Register/Reg_InputText_KataSandi"), "testingtesting"): Text 'testingtesting' is set on object 'Object Repository/Web/Register/Reg_InputText_KataSandi'

2023-04-03 08:15:10 - [MESSAGE][PASSED] - Text 'testingtesting' is set on object 'Object Repository/Web/Register/Reg_InputText_KataSandi'

2023-04-03 08:15:10 - [TEST_STEP][PASSED] - setText(findTestObject("Object Repository/Web/Register/Reg_InputText_KonfirmasiKataSandi"), "testingtesting"): Text 'testingtesting' is set on object 'Object Repository/Web/Register/Reg_InputText_KonfirmasiKataSandi'

2023-04-03 08:15:11 - [MESSAGE][PASSED] - Text 'testingtesting' is set on object 'Object Repository/Web/Register/Reg_InputText_KonfirmasiKataSandi'

2023-04-03 08:15:11 - [TEST_STEP][PASSED] - check(findTestObject("Object Repository/Web/Register/Reg_Checkbox_SyaratDanKetentuan")): Object 'Object Repository/Web/Register/Reg_Checkbox_SyaratDanKetentuan' is checked

2023-04-03 08:15:12 - [MESSAGE][PASSED] - Object 'Object Repository/Web/Register/Reg_Checkbox_SyaratDanKetentuan' is checked

2023-04-03 08:15:12 - [TEST_STEP][PASSED] - click(findTestObject("Object Repository/Web/Register/Reg_Button_Daftar")): Object: 'Object Repository/Web/Register/Reg_Button_Daftar' is clicked on

2023-04-03 08:15:14 - [MESSAGE][PASSED] - Object: 'Object Repository/Web/Register/Reg_Button_Daftar' is clicked on

2023-04-03 08:15:14 - [TEST_STEP][PASSED] - if (getUrl() == "https://demo-app.online/daftar"): Current window's url is: 'https://demo-app.online/email/verify'

2023-04-03 08:15:14 - [MESSAGE][PASSED] - Current window's url is: 'https://demo-app.online/email/verify'

2023-04-03 08:15:14 - [TEST_STEP][PASSED] - delay(2): Delayed 2 second(s)

2023-04-03 08:15:16 - [MESSAGE][PASSED] - Delayed 2 second(s)

2023-04-03 08:15:16 - [TEST_STEP][FAILED] - assert !(getUrl() == "https://demo-app.online/email/verify"): Test Cases/Web/REG/REG-37 FAILED.
Reason:
Assertion failed: 

assert !(WebUI.getUrl() == 'https://demo-app.online/email/verify')
       |       |        |
       false   |        true
               https://demo-app.online/email/verify

	at REG-37.run(REG-37:51)
	at com.kms.katalon.core.main.ScriptEngine.run(ScriptEngine.java:194)
	at com.kms.katalon.core.main.ScriptEngine.runScriptAsRawText(ScriptEngine.java:119)
	at com.kms.katalon.core.main.TestCaseExecutor.runScript(TestCaseExecutor.java:448)
	at com.kms.katalon.core.main.TestCaseExecutor.doExecute(TestCaseExecutor.java:439)
	at com.kms.katalon.core.main.TestCaseExecutor.processExecutionPhase(TestCaseExecutor.java:418)
	at com.kms.katalon.core.main.TestCaseExecutor.accessMainPhase(TestCaseExecutor.java:410)
	at com.kms.katalon.core.main.TestCaseExecutor.execute(TestCaseExecutor.java:285)
	at com.kms.katalon.core.common.CommonExecutor.accessTestCaseMainPhase(CommonExecutor.java:65)
	at com.kms.katalon.core.main.TestSuiteExecutor.accessTestSuiteMainPhase(TestSuiteExecutor.java:151)
	at com.kms.katalon.core.main.TestSuiteExecutor.execute(TestSuiteExecutor.java:106)
	at com.kms.katalon.core.main.TestCaseMain.startTestSuite(TestCaseMain.java:185)
	at com.kms.katalon.core.main.TestCaseMain$startTestSuite$0.call(Unknown Source)
	at TempTestSuite1680483767821.run(TempTestSuite1680483767821.groovy:36)


2023-04-03 08:15:16 - [MESSAGE][PASSED] - Current window's url is: 'https://demo-app.online/email/verify'

2023-04-03 08:15:16 - [MESSAGE][FAILED] - Test Cases/Web/REG/REG-37 FAILED.
Reason:
Assertion failed: 

assert !(WebUI.getUrl() == 'https://demo-app.online/email/verify')
       |       |        |
       false   |        true
               https://demo-app.online/email/verify

	at REG-37.run(REG-37:51)
	at com.kms.katalon.core.main.ScriptEngine.run(ScriptEngine.java:194)
	at com.kms.katalon.core.main.ScriptEngine.runScriptAsRawText(ScriptEngine.java:119)
	at com.kms.katalon.core.main.TestCaseExecutor.runScript(TestCaseExecutor.java:448)
	at com.kms.katalon.core.main.TestCaseExecutor.doExecute(TestCaseExecutor.java:439)
	at com.kms.katalon.core.main.TestCaseExecutor.processExecutionPhase(TestCaseExecutor.java:418)
	at com.kms.katalon.core.main.TestCaseExecutor.accessMainPhase(TestCaseExecutor.java:410)
	at com.kms.katalon.core.main.TestCaseExecutor.execute(TestCaseExecutor.java:285)
	at com.kms.katalon.core.common.CommonExecutor.accessTestCaseMainPhase(CommonExecutor.java:65)
	at com.kms.katalon.core.main.TestSuiteExecutor.accessTestSuiteMainPhase(TestSuiteExecutor.java:151)
	at com.kms.katalon.core.main.TestSuiteExecutor.execute(TestSuiteExecutor.java:106)
	at com.kms.katalon.core.main.TestCaseMain.startTestSuite(TestCaseMain.java:185)
	at com.kms.katalon.core.main.TestCaseMain$startTestSuite$0.call(Unknown Source)
	at TempTestSuite1680483767821.run(TempTestSuite1680483767821.groovy:36)]]></system-out>
         <system-err><![CDATA[2023-04-03 08:15:02 - [TEST_CASE][FAILED] - Test Cases/Web/REG/REG-37: Test Cases/Web/REG/REG-37 FAILED.
Reason:
Assertion failed: 

assert !(WebUI.getUrl() == 'https://demo-app.online/email/verify')
       |       |        |
       false   |        true
               https://demo-app.online/email/verify

	at REG-37.run(REG-37:51)
	at com.kms.katalon.core.main.ScriptEngine.run(ScriptEngine.java:194)
	at com.kms.katalon.core.main.ScriptEngine.runScriptAsRawText(ScriptEngine.java:119)
	at com.kms.katalon.core.main.TestCaseExecutor.runScript(TestCaseExecutor.java:448)
	at com.kms.katalon.core.main.TestCaseExecutor.doExecute(TestCaseExecutor.java:439)
	at com.kms.katalon.core.main.TestCaseExecutor.processExecutionPhase(TestCaseExecutor.java:418)
	at com.kms.katalon.core.main.TestCaseExecutor.accessMainPhase(TestCaseExecutor.java:410)
	at com.kms.katalon.core.main.TestCaseExecutor.execute(TestCaseExecutor.java:285)
	at com.kms.katalon.core.common.CommonExecutor.accessTestCaseMainPhase(CommonExecutor.java:65)
	at com.kms.katalon.core.main.TestSuiteExecutor.accessTestSuiteMainPhase(TestSuiteExecutor.java:151)
	at com.kms.katalon.core.main.TestSuiteExecutor.execute(TestSuiteExecutor.java:106)
	at com.kms.katalon.core.main.TestCaseMain.startTestSuite(TestCaseMain.java:185)
	at com.kms.katalon.core.main.TestCaseMain$startTestSuite$0.call(Unknown Source)
	at TempTestSuite1680483767821.run(TempTestSuite1680483767821.groovy:36)]]></system-err>
      </testcase>
      <testcase name="Test Cases/Web/REG/REG-38" time="78.45" classname="Test Cases/Web/REG/REG-38" status="PASSED">
         <system-out><![CDATA[2023-04-03 08:15:16 - [TEST_CASE][PASSED] - Test Cases/Web/REG/REG-38: Test Cases/Web/REG/REG-38

2023-04-03 08:15:16 - [TEST_STEP][PASSED] - openBrowser(""): Browser is opened with url: ''

2023-04-03 08:15:16 - [MESSAGE][WARNING] - A browser is already opened. Closing browser and opening a new one

2023-04-03 08:15:17 - [MESSAGE][INFO] - Starting 'Chrome' driver

2023-04-03 08:15:17 - [MESSAGE][INFO] - Action delay is set to 0 milliseconds

2023-04-03 08:15:18 - [MESSAGE][PASSED] - Browser is opened with url: ''

2023-04-03 08:15:18 - [TEST_STEP][PASSED] - testData = findTestData("Data Files/Web/Register_Password"): null

2023-04-03 08:15:18 - [TEST_STEP][PASSED] - for ([i = 1, i <= testData.getRowNumbers(), (i++)]): Current window's url is: 'https://demo-app.online/email/verify'

2023-04-03 08:15:18 - [TEST_STEP][PASSED] - password = testData.getValue("Password", i): null

2023-04-03 08:15:18 - [TEST_STEP][PASSED] - navigateToUrl("https://demo-app.online/daftar"): Navigate to 'https://demo-app.online/daftar' successfully

2023-04-03 08:15:20 - [MESSAGE][PASSED] - Navigate to 'https://demo-app.online/daftar' successfully

2023-04-03 08:15:20 - [TEST_STEP][PASSED] - setText(findTestObject("Object Repository/Web/Register/Reg_InputText_Nama"), "Rizki Khaerul Fajri"): Text 'Rizki Khaerul Fajri' is set on object 'Object Repository/Web/Register/Reg_InputText_Nama'

2023-04-03 08:15:21 - [MESSAGE][PASSED] - Text 'Rizki Khaerul Fajri' is set on object 'Object Repository/Web/Register/Reg_InputText_Nama'

2023-04-03 08:15:21 - [TEST_STEP][PASSED] - setText(findTestObject("Object Repository/Web/Register/Reg_InputText_BirthDay"), "18-Feb-1997"): Text '18-Feb-1997' is set on object 'Object Repository/Web/Register/Reg_InputText_BirthDay'

2023-04-03 08:15:21 - [MESSAGE][PASSED] - Text '18-Feb-1997' is set on object 'Object Repository/Web/Register/Reg_InputText_BirthDay'

2023-04-03 08:15:21 - [TEST_STEP][PASSED] - setText(findTestObject("Object Repository/Web/Register/Reg_InputText_Email"), "Test@Example.com"): Text 'Test@Example.com' is set on object 'Object Repository/Web/Register/Reg_InputText_Email'

2023-04-03 08:15:22 - [MESSAGE][PASSED] - Text 'Test@Example.com' is set on object 'Object Repository/Web/Register/Reg_InputText_Email'

2023-04-03 08:15:22 - [TEST_STEP][PASSED] - setText(findTestObject("Object Repository/Web/Register/Reg_InputText_Whatsapp"), "081324387267"): Text '081324387267' is set on object 'Object Repository/Web/Register/Reg_InputText_Whatsapp'

2023-04-03 08:15:23 - [MESSAGE][PASSED] - Text '081324387267' is set on object 'Object Repository/Web/Register/Reg_InputText_Whatsapp'

2023-04-03 08:15:23 - [TEST_STEP][PASSED] - setText(findTestObject("Object Repository/Web/Register/Reg_InputText_KataSandi"), password): Text 'testingtesting' is set on object 'Object Repository/Web/Register/Reg_InputText_KataSandi'

2023-04-03 08:15:24 - [MESSAGE][PASSED] - Text 'testingtesting' is set on object 'Object Repository/Web/Register/Reg_InputText_KataSandi'

2023-04-03 08:15:24 - [TEST_STEP][PASSED] - setText(findTestObject("Object Repository/Web/Register/Reg_InputText_KonfirmasiKataSandi"), password): Text 'testingtesting' is set on object 'Object Repository/Web/Register/Reg_InputText_KonfirmasiKataSandi'

2023-04-03 08:15:24 - [MESSAGE][PASSED] - Text 'testingtesting' is set on object 'Object Repository/Web/Register/Reg_InputText_KonfirmasiKataSandi'

2023-04-03 08:15:24 - [TEST_STEP][PASSED] - check(findTestObject("Object Repository/Web/Register/Reg_Checkbox_SyaratDanKetentuan")): Object 'Object Repository/Web/Register/Reg_Checkbox_SyaratDanKetentuan' is checked

2023-04-03 08:15:25 - [MESSAGE][PASSED] - Object 'Object Repository/Web/Register/Reg_Checkbox_SyaratDanKetentuan' is checked

2023-04-03 08:15:25 - [TEST_STEP][PASSED] - click(findTestObject("Object Repository/Web/Register/Reg_Button_Daftar")): Object: 'Object Repository/Web/Register/Reg_Button_Daftar' is clicked on

2023-04-03 08:15:27 - [MESSAGE][PASSED] - Object: 'Object Repository/Web/Register/Reg_Button_Daftar' is clicked on

2023-04-03 08:15:27 - [TEST_STEP][PASSED] - delay(2): Delayed 2 second(s)

2023-04-03 08:15:29 - [MESSAGE][PASSED] - Delayed 2 second(s)

2023-04-03 08:15:29 - [TEST_STEP][PASSED] - if (getUrl() == "https://demo-app.online/daftar"): Current window's url is: 'https://demo-app.online/email/verify'

2023-04-03 08:15:29 - [MESSAGE][PASSED] - Current window's url is: 'https://demo-app.online/email/verify'

2023-04-03 08:15:29 - [TEST_STEP][PASSED] - delay(2): Delayed 2 second(s)

2023-04-03 08:15:31 - [MESSAGE][PASSED] - Delayed 2 second(s)

2023-04-03 08:15:31 - [TEST_STEP][PASSED] - assert getUrl() == "https://demo-app.online/email/verify": Current window's url is: 'https://demo-app.online/email/verify'

2023-04-03 08:15:31 - [MESSAGE][PASSED] - Current window's url is: 'https://demo-app.online/email/verify'

2023-04-03 08:15:31 - [TEST_STEP][PASSED] - password = testData.getValue("Password", i): null

2023-04-03 08:15:31 - [TEST_STEP][PASSED] - navigateToUrl("https://demo-app.online/daftar"): Navigate to 'https://demo-app.online/daftar' successfully

2023-04-03 08:15:32 - [MESSAGE][PASSED] - Navigate to 'https://demo-app.online/daftar' successfully

2023-04-03 08:15:32 - [TEST_STEP][PASSED] - setText(findTestObject("Object Repository/Web/Register/Reg_InputText_Nama"), "Rizki Khaerul Fajri"): Text 'Rizki Khaerul Fajri' is set on object 'Object Repository/Web/Register/Reg_InputText_Nama'

2023-04-03 08:15:33 - [MESSAGE][PASSED] - Text 'Rizki Khaerul Fajri' is set on object 'Object Repository/Web/Register/Reg_InputText_Nama'

2023-04-03 08:15:33 - [TEST_STEP][PASSED] - setText(findTestObject("Object Repository/Web/Register/Reg_InputText_BirthDay"), "18-Feb-1997"): Text '18-Feb-1997' is set on object 'Object Repository/Web/Register/Reg_InputText_BirthDay'

2023-04-03 08:15:34 - [MESSAGE][PASSED] - Text '18-Feb-1997' is set on object 'Object Repository/Web/Register/Reg_InputText_BirthDay'

2023-04-03 08:15:34 - [TEST_STEP][PASSED] - setText(findTestObject("Object Repository/Web/Register/Reg_InputText_Email"), "Test@Example.com"): Text 'Test@Example.com' is set on object 'Object Repository/Web/Register/Reg_InputText_Email'

2023-04-03 08:15:34 - [MESSAGE][PASSED] - Text 'Test@Example.com' is set on object 'Object Repository/Web/Register/Reg_InputText_Email'

2023-04-03 08:15:34 - [TEST_STEP][PASSED] - setText(findTestObject("Object Repository/Web/Register/Reg_InputText_Whatsapp"), "081324387267"): Text '081324387267' is set on object 'Object Repository/Web/Register/Reg_InputText_Whatsapp'

2023-04-03 08:15:35 - [MESSAGE][PASSED] - Text '081324387267' is set on object 'Object Repository/Web/Register/Reg_InputText_Whatsapp'

2023-04-03 08:15:35 - [TEST_STEP][PASSED] - setText(findTestObject("Object Repository/Web/Register/Reg_InputText_KataSandi"), password): Text '12345678' is set on object 'Object Repository/Web/Register/Reg_InputText_KataSandi'

2023-04-03 08:15:36 - [MESSAGE][PASSED] - Text '12345678' is set on object 'Object Repository/Web/Register/Reg_InputText_KataSandi'

2023-04-03 08:15:36 - [TEST_STEP][PASSED] - setText(findTestObject("Object Repository/Web/Register/Reg_InputText_KonfirmasiKataSandi"), password): Text '12345678' is set on object 'Object Repository/Web/Register/Reg_InputText_KonfirmasiKataSandi'

2023-04-03 08:15:36 - [MESSAGE][PASSED] - Text '12345678' is set on object 'Object Repository/Web/Register/Reg_InputText_KonfirmasiKataSandi'

2023-04-03 08:15:36 - [TEST_STEP][PASSED] - check(findTestObject("Object Repository/Web/Register/Reg_Checkbox_SyaratDanKetentuan")): Object 'Object Repository/Web/Register/Reg_Checkbox_SyaratDanKetentuan' is checked

2023-04-03 08:15:37 - [MESSAGE][PASSED] - Object 'Object Repository/Web/Register/Reg_Checkbox_SyaratDanKetentuan' is checked

2023-04-03 08:15:37 - [TEST_STEP][PASSED] - click(findTestObject("Object Repository/Web/Register/Reg_Button_Daftar")): Object: 'Object Repository/Web/Register/Reg_Button_Daftar' is clicked on

2023-04-03 08:15:39 - [MESSAGE][PASSED] - Object: 'Object Repository/Web/Register/Reg_Button_Daftar' is clicked on

2023-04-03 08:15:39 - [TEST_STEP][PASSED] - delay(2): Delayed 2 second(s)

2023-04-03 08:15:41 - [MESSAGE][PASSED] - Delayed 2 second(s)

2023-04-03 08:15:41 - [TEST_STEP][PASSED] - if (getUrl() == "https://demo-app.online/daftar"): Current window's url is: 'https://demo-app.online/email/verify'

2023-04-03 08:15:41 - [MESSAGE][PASSED] - Current window's url is: 'https://demo-app.online/email/verify'

2023-04-03 08:15:41 - [TEST_STEP][PASSED] - delay(2): Delayed 2 second(s)

2023-04-03 08:15:43 - [MESSAGE][PASSED] - Delayed 2 second(s)

2023-04-03 08:15:43 - [TEST_STEP][PASSED] - assert getUrl() == "https://demo-app.online/email/verify": Current window's url is: 'https://demo-app.online/email/verify'

2023-04-03 08:15:43 - [MESSAGE][PASSED] - Current window's url is: 'https://demo-app.online/email/verify'

2023-04-03 08:15:43 - [TEST_STEP][PASSED] - password = testData.getValue("Password", i): null

2023-04-03 08:15:43 - [TEST_STEP][PASSED] - navigateToUrl("https://demo-app.online/daftar"): Navigate to 'https://demo-app.online/daftar' successfully

2023-04-03 08:15:44 - [MESSAGE][PASSED] - Navigate to 'https://demo-app.online/daftar' successfully

2023-04-03 08:15:44 - [TEST_STEP][PASSED] - setText(findTestObject("Object Repository/Web/Register/Reg_InputText_Nama"), "Rizki Khaerul Fajri"): Text 'Rizki Khaerul Fajri' is set on object 'Object Repository/Web/Register/Reg_InputText_Nama'

2023-04-03 08:15:45 - [MESSAGE][PASSED] - Text 'Rizki Khaerul Fajri' is set on object 'Object Repository/Web/Register/Reg_InputText_Nama'

2023-04-03 08:15:45 - [TEST_STEP][PASSED] - setText(findTestObject("Object Repository/Web/Register/Reg_InputText_BirthDay"), "18-Feb-1997"): Text '18-Feb-1997' is set on object 'Object Repository/Web/Register/Reg_InputText_BirthDay'

2023-04-03 08:15:46 - [MESSAGE][PASSED] - Text '18-Feb-1997' is set on object 'Object Repository/Web/Register/Reg_InputText_BirthDay'

2023-04-03 08:15:46 - [TEST_STEP][PASSED] - setText(findTestObject("Object Repository/Web/Register/Reg_InputText_Email"), "Test@Example.com"): Text 'Test@Example.com' is set on object 'Object Repository/Web/Register/Reg_InputText_Email'

2023-04-03 08:15:47 - [MESSAGE][PASSED] - Text 'Test@Example.com' is set on object 'Object Repository/Web/Register/Reg_InputText_Email'

2023-04-03 08:15:47 - [TEST_STEP][PASSED] - setText(findTestObject("Object Repository/Web/Register/Reg_InputText_Whatsapp"), "081324387267"): Text '081324387267' is set on object 'Object Repository/Web/Register/Reg_InputText_Whatsapp'

2023-04-03 08:15:47 - [MESSAGE][PASSED] - Text '081324387267' is set on object 'Object Repository/Web/Register/Reg_InputText_Whatsapp'

2023-04-03 08:15:47 - [TEST_STEP][PASSED] - setText(findTestObject("Object Repository/Web/Register/Reg_InputText_KataSandi"), password): Text 'password8karakter' is set on object 'Object Repository/Web/Register/Reg_InputText_KataSandi'

2023-04-03 08:15:48 - [MESSAGE][PASSED] - Text 'password8karakter' is set on object 'Object Repository/Web/Register/Reg_InputText_KataSandi'

2023-04-03 08:15:48 - [TEST_STEP][PASSED] - setText(findTestObject("Object Repository/Web/Register/Reg_InputText_KonfirmasiKataSandi"), password): Text 'password8karakter' is set on object 'Object Repository/Web/Register/Reg_InputText_KonfirmasiKataSandi'

2023-04-03 08:15:49 - [MESSAGE][PASSED] - Text 'password8karakter' is set on object 'Object Repository/Web/Register/Reg_InputText_KonfirmasiKataSandi'

2023-04-03 08:15:49 - [TEST_STEP][PASSED] - check(findTestObject("Object Repository/Web/Register/Reg_Checkbox_SyaratDanKetentuan")): Object 'Object Repository/Web/Register/Reg_Checkbox_SyaratDanKetentuan' is checked

2023-04-03 08:15:49 - [MESSAGE][PASSED] - Object 'Object Repository/Web/Register/Reg_Checkbox_SyaratDanKetentuan' is checked

2023-04-03 08:15:49 - [TEST_STEP][PASSED] - click(findTestObject("Object Repository/Web/Register/Reg_Button_Daftar")): Object: 'Object Repository/Web/Register/Reg_Button_Daftar' is clicked on

2023-04-03 08:15:52 - [MESSAGE][PASSED] - Object: 'Object Repository/Web/Register/Reg_Button_Daftar' is clicked on

2023-04-03 08:15:52 - [TEST_STEP][PASSED] - delay(2): Delayed 2 second(s)

2023-04-03 08:15:54 - [MESSAGE][PASSED] - Delayed 2 second(s)

2023-04-03 08:15:54 - [TEST_STEP][PASSED] - if (getUrl() == "https://demo-app.online/daftar"): Current window's url is: 'https://demo-app.online/email/verify'

2023-04-03 08:15:54 - [MESSAGE][PASSED] - Current window's url is: 'https://demo-app.online/email/verify'

2023-04-03 08:15:54 - [TEST_STEP][PASSED] - delay(2): Delayed 2 second(s)

2023-04-03 08:15:56 - [MESSAGE][PASSED] - Delayed 2 second(s)

2023-04-03 08:15:56 - [TEST_STEP][PASSED] - assert getUrl() == "https://demo-app.online/email/verify": Current window's url is: 'https://demo-app.online/email/verify'

2023-04-03 08:15:56 - [MESSAGE][PASSED] - Current window's url is: 'https://demo-app.online/email/verify'

2023-04-03 08:15:56 - [TEST_STEP][PASSED] - password = testData.getValue("Password", i): null

2023-04-03 08:15:56 - [TEST_STEP][PASSED] - navigateToUrl("https://demo-app.online/daftar"): Navigate to 'https://demo-app.online/daftar' successfully

2023-04-03 08:15:57 - [MESSAGE][PASSED] - Navigate to 'https://demo-app.online/daftar' successfully

2023-04-03 08:15:57 - [TEST_STEP][PASSED] - setText(findTestObject("Object Repository/Web/Register/Reg_InputText_Nama"), "Rizki Khaerul Fajri"): Text 'Rizki Khaerul Fajri' is set on object 'Object Repository/Web/Register/Reg_InputText_Nama'

2023-04-03 08:15:58 - [MESSAGE][PASSED] - Text 'Rizki Khaerul Fajri' is set on object 'Object Repository/Web/Register/Reg_InputText_Nama'

2023-04-03 08:15:58 - [TEST_STEP][PASSED] - setText(findTestObject("Object Repository/Web/Register/Reg_InputText_BirthDay"), "18-Feb-1997"): Text '18-Feb-1997' is set on object 'Object Repository/Web/Register/Reg_InputText_BirthDay'

2023-04-03 08:15:59 - [MESSAGE][PASSED] - Text '18-Feb-1997' is set on object 'Object Repository/Web/Register/Reg_InputText_BirthDay'

2023-04-03 08:15:59 - [TEST_STEP][PASSED] - setText(findTestObject("Object Repository/Web/Register/Reg_InputText_Email"), "Test@Example.com"): Text 'Test@Example.com' is set on object 'Object Repository/Web/Register/Reg_InputText_Email'

2023-04-03 08:16:00 - [MESSAGE][PASSED] - Text 'Test@Example.com' is set on object 'Object Repository/Web/Register/Reg_InputText_Email'

2023-04-03 08:16:00 - [TEST_STEP][PASSED] - setText(findTestObject("Object Repository/Web/Register/Reg_InputText_Whatsapp"), "081324387267"): Text '081324387267' is set on object 'Object Repository/Web/Register/Reg_InputText_Whatsapp'

2023-04-03 08:16:00 - [MESSAGE][PASSED] - Text '081324387267' is set on object 'Object Repository/Web/Register/Reg_InputText_Whatsapp'

2023-04-03 08:16:00 - [TEST_STEP][PASSED] - setText(findTestObject("Object Repository/Web/Register/Reg_InputText_KataSandi"), password): Text 'p@ssw0rdvalid' is set on object 'Object Repository/Web/Register/Reg_InputText_KataSandi'

2023-04-03 08:16:01 - [MESSAGE][PASSED] - Text 'p@ssw0rdvalid' is set on object 'Object Repository/Web/Register/Reg_InputText_KataSandi'

2023-04-03 08:16:01 - [TEST_STEP][PASSED] - setText(findTestObject("Object Repository/Web/Register/Reg_InputText_KonfirmasiKataSandi"), password): Text 'p@ssw0rdvalid' is set on object 'Object Repository/Web/Register/Reg_InputText_KonfirmasiKataSandi'

2023-04-03 08:16:01 - [MESSAGE][PASSED] - Text 'p@ssw0rdvalid' is set on object 'Object Repository/Web/Register/Reg_InputText_KonfirmasiKataSandi'

2023-04-03 08:16:01 - [TEST_STEP][PASSED] - check(findTestObject("Object Repository/Web/Register/Reg_Checkbox_SyaratDanKetentuan")): Object 'Object Repository/Web/Register/Reg_Checkbox_SyaratDanKetentuan' is checked

2023-04-03 08:16:02 - [MESSAGE][PASSED] - Object 'Object Repository/Web/Register/Reg_Checkbox_SyaratDanKetentuan' is checked

2023-04-03 08:16:02 - [TEST_STEP][PASSED] - click(findTestObject("Object Repository/Web/Register/Reg_Button_Daftar")): Object: 'Object Repository/Web/Register/Reg_Button_Daftar' is clicked on

2023-04-03 08:16:05 - [MESSAGE][PASSED] - Object: 'Object Repository/Web/Register/Reg_Button_Daftar' is clicked on

2023-04-03 08:16:05 - [TEST_STEP][PASSED] - delay(2): Delayed 2 second(s)

2023-04-03 08:16:07 - [MESSAGE][PASSED] - Delayed 2 second(s)

2023-04-03 08:16:07 - [TEST_STEP][PASSED] - if (getUrl() == "https://demo-app.online/daftar"): Current window's url is: 'https://demo-app.online/email/verify'

2023-04-03 08:16:07 - [MESSAGE][PASSED] - Current window's url is: 'https://demo-app.online/email/verify'

2023-04-03 08:16:07 - [TEST_STEP][PASSED] - delay(2): Delayed 2 second(s)

2023-04-03 08:16:09 - [MESSAGE][PASSED] - Delayed 2 second(s)

2023-04-03 08:16:09 - [TEST_STEP][PASSED] - assert getUrl() == "https://demo-app.online/email/verify": Current window's url is: 'https://demo-app.online/email/verify'

2023-04-03 08:16:09 - [MESSAGE][PASSED] - Current window's url is: 'https://demo-app.online/email/verify'

2023-04-03 08:16:09 - [TEST_STEP][PASSED] - password = testData.getValue("Password", i): null

2023-04-03 08:16:09 - [TEST_STEP][PASSED] - navigateToUrl("https://demo-app.online/daftar"): Navigate to 'https://demo-app.online/daftar' successfully

2023-04-03 08:16:09 - [MESSAGE][PASSED] - Navigate to 'https://demo-app.online/daftar' successfully

2023-04-03 08:16:09 - [TEST_STEP][PASSED] - setText(findTestObject("Object Repository/Web/Register/Reg_InputText_Nama"), "Rizki Khaerul Fajri"): Text 'Rizki Khaerul Fajri' is set on object 'Object Repository/Web/Register/Reg_InputText_Nama'

2023-04-03 08:16:10 - [MESSAGE][PASSED] - Text 'Rizki Khaerul Fajri' is set on object 'Object Repository/Web/Register/Reg_InputText_Nama'

2023-04-03 08:16:10 - [TEST_STEP][PASSED] - setText(findTestObject("Object Repository/Web/Register/Reg_InputText_BirthDay"), "18-Feb-1997"): Text '18-Feb-1997' is set on object 'Object Repository/Web/Register/Reg_InputText_BirthDay'

2023-04-03 08:16:11 - [MESSAGE][PASSED] - Text '18-Feb-1997' is set on object 'Object Repository/Web/Register/Reg_InputText_BirthDay'

2023-04-03 08:16:11 - [TEST_STEP][PASSED] - setText(findTestObject("Object Repository/Web/Register/Reg_InputText_Email"), "Test@Example.com"): Text 'Test@Example.com' is set on object 'Object Repository/Web/Register/Reg_InputText_Email'

2023-04-03 08:16:12 - [MESSAGE][PASSED] - Text 'Test@Example.com' is set on object 'Object Repository/Web/Register/Reg_InputText_Email'

2023-04-03 08:16:12 - [TEST_STEP][PASSED] - setText(findTestObject("Object Repository/Web/Register/Reg_InputText_Whatsapp"), "081324387267"): Text '081324387267' is set on object 'Object Repository/Web/Register/Reg_InputText_Whatsapp'

2023-04-03 08:16:13 - [MESSAGE][PASSED] - Text '081324387267' is set on object 'Object Repository/Web/Register/Reg_InputText_Whatsapp'

2023-04-03 08:16:13 - [TEST_STEP][PASSED] - setText(findTestObject("Object Repository/Web/Register/Reg_InputText_KataSandi"), password): Text 'isthisavalidpassword' is set on object 'Object Repository/Web/Register/Reg_InputText_KataSandi'

2023-04-03 08:16:13 - [MESSAGE][PASSED] - Text 'isthisavalidpassword' is set on object 'Object Repository/Web/Register/Reg_InputText_KataSandi'

2023-04-03 08:16:13 - [TEST_STEP][PASSED] - setText(findTestObject("Object Repository/Web/Register/Reg_InputText_KonfirmasiKataSandi"), password): Text 'isthisavalidpassword' is set on object 'Object Repository/Web/Register/Reg_InputText_KonfirmasiKataSandi'

2023-04-03 08:16:14 - [MESSAGE][PASSED] - Text 'isthisavalidpassword' is set on object 'Object Repository/Web/Register/Reg_InputText_KonfirmasiKataSandi'

2023-04-03 08:16:14 - [TEST_STEP][PASSED] - check(findTestObject("Object Repository/Web/Register/Reg_Checkbox_SyaratDanKetentuan")): Object 'Object Repository/Web/Register/Reg_Checkbox_SyaratDanKetentuan' is checked

2023-04-03 08:16:15 - [MESSAGE][PASSED] - Object 'Object Repository/Web/Register/Reg_Checkbox_SyaratDanKetentuan' is checked

2023-04-03 08:16:15 - [TEST_STEP][PASSED] - click(findTestObject("Object Repository/Web/Register/Reg_Button_Daftar")): Object: 'Object Repository/Web/Register/Reg_Button_Daftar' is clicked on

2023-04-03 08:16:17 - [MESSAGE][PASSED] - Object: 'Object Repository/Web/Register/Reg_Button_Daftar' is clicked on

2023-04-03 08:16:17 - [TEST_STEP][PASSED] - delay(2): Delayed 2 second(s)

2023-04-03 08:16:19 - [MESSAGE][PASSED] - Delayed 2 second(s)

2023-04-03 08:16:19 - [TEST_STEP][PASSED] - if (getUrl() == "https://demo-app.online/daftar"): Current window's url is: 'https://demo-app.online/email/verify'

2023-04-03 08:16:19 - [MESSAGE][PASSED] - Current window's url is: 'https://demo-app.online/email/verify'

2023-04-03 08:16:19 - [TEST_STEP][PASSED] - delay(2): Delayed 2 second(s)

2023-04-03 08:16:21 - [MESSAGE][PASSED] - Delayed 2 second(s)

2023-04-03 08:16:21 - [TEST_STEP][PASSED] - assert getUrl() == "https://demo-app.online/email/verify": Current window's url is: 'https://demo-app.online/email/verify'

2023-04-03 08:16:21 - [MESSAGE][PASSED] - Current window's url is: 'https://demo-app.online/email/verify'

2023-04-03 08:16:21 - [TEST_STEP][PASSED] - password = testData.getValue("Password", i): null

2023-04-03 08:16:21 - [TEST_STEP][PASSED] - navigateToUrl("https://demo-app.online/daftar"): Navigate to 'https://demo-app.online/daftar' successfully

2023-04-03 08:16:22 - [MESSAGE][PASSED] - Navigate to 'https://demo-app.online/daftar' successfully

2023-04-03 08:16:22 - [TEST_STEP][PASSED] - setText(findTestObject("Object Repository/Web/Register/Reg_InputText_Nama"), "Rizki Khaerul Fajri"): Text 'Rizki Khaerul Fajri' is set on object 'Object Repository/Web/Register/Reg_InputText_Nama'

2023-04-03 08:16:23 - [MESSAGE][PASSED] - Text 'Rizki Khaerul Fajri' is set on object 'Object Repository/Web/Register/Reg_InputText_Nama'

2023-04-03 08:16:23 - [TEST_STEP][PASSED] - setText(findTestObject("Object Repository/Web/Register/Reg_InputText_BirthDay"), "18-Feb-1997"): Text '18-Feb-1997' is set on object 'Object Repository/Web/Register/Reg_InputText_BirthDay'

2023-04-03 08:16:24 - [MESSAGE][PASSED] - Text '18-Feb-1997' is set on object 'Object Repository/Web/Register/Reg_InputText_BirthDay'

2023-04-03 08:16:24 - [TEST_STEP][PASSED] - setText(findTestObject("Object Repository/Web/Register/Reg_InputText_Email"), "Test@Example.com"): Text 'Test@Example.com' is set on object 'Object Repository/Web/Register/Reg_InputText_Email'

2023-04-03 08:16:24 - [MESSAGE][PASSED] - Text 'Test@Example.com' is set on object 'Object Repository/Web/Register/Reg_InputText_Email'

2023-04-03 08:16:24 - [TEST_STEP][PASSED] - setText(findTestObject("Object Repository/Web/Register/Reg_InputText_Whatsapp"), "081324387267"): Text '081324387267' is set on object 'Object Repository/Web/Register/Reg_InputText_Whatsapp'

2023-04-03 08:16:25 - [MESSAGE][PASSED] - Text '081324387267' is set on object 'Object Repository/Web/Register/Reg_InputText_Whatsapp'

2023-04-03 08:16:25 - [TEST_STEP][PASSED] - setText(findTestObject("Object Repository/Web/Register/Reg_InputText_KataSandi"), password): Text 'thispasswordshouldbevalid' is set on object 'Object Repository/Web/Register/Reg_InputText_KataSandi'

2023-04-03 08:16:26 - [MESSAGE][PASSED] - Text 'thispasswordshouldbevalid' is set on object 'Object Repository/Web/Register/Reg_InputText_KataSandi'

2023-04-03 08:16:26 - [TEST_STEP][PASSED] - setText(findTestObject("Object Repository/Web/Register/Reg_InputText_KonfirmasiKataSandi"), password): Text 'thispasswordshouldbevalid' is set on object 'Object Repository/Web/Register/Reg_InputText_KonfirmasiKataSandi'

2023-04-03 08:16:26 - [MESSAGE][PASSED] - Text 'thispasswordshouldbevalid' is set on object 'Object Repository/Web/Register/Reg_InputText_KonfirmasiKataSandi'

2023-04-03 08:16:26 - [TEST_STEP][PASSED] - check(findTestObject("Object Repository/Web/Register/Reg_Checkbox_SyaratDanKetentuan")): Object 'Object Repository/Web/Register/Reg_Checkbox_SyaratDanKetentuan' is checked

2023-04-03 08:16:27 - [MESSAGE][PASSED] - Object 'Object Repository/Web/Register/Reg_Checkbox_SyaratDanKetentuan' is checked

2023-04-03 08:16:27 - [TEST_STEP][PASSED] - click(findTestObject("Object Repository/Web/Register/Reg_Button_Daftar")): Object: 'Object Repository/Web/Register/Reg_Button_Daftar' is clicked on

2023-04-03 08:16:30 - [MESSAGE][PASSED] - Object: 'Object Repository/Web/Register/Reg_Button_Daftar' is clicked on

2023-04-03 08:16:30 - [TEST_STEP][PASSED] - delay(2): Delayed 2 second(s)

2023-04-03 08:16:32 - [MESSAGE][PASSED] - Delayed 2 second(s)

2023-04-03 08:16:32 - [TEST_STEP][PASSED] - if (getUrl() == "https://demo-app.online/daftar"): Current window's url is: 'https://demo-app.online/email/verify'

2023-04-03 08:16:32 - [MESSAGE][PASSED] - Current window's url is: 'https://demo-app.online/email/verify'

2023-04-03 08:16:32 - [TEST_STEP][PASSED] - delay(2): Delayed 2 second(s)

2023-04-03 08:16:34 - [MESSAGE][PASSED] - Delayed 2 second(s)

2023-04-03 08:16:34 - [TEST_STEP][PASSED] - assert getUrl() == "https://demo-app.online/email/verify": Current window's url is: 'https://demo-app.online/email/verify'

2023-04-03 08:16:34 - [MESSAGE][PASSED] - Current window's url is: 'https://demo-app.online/email/verify']]></system-out>
         <system-err><![CDATA[]]></system-err>
      </testcase>
      <testcase name="Test Cases/Web/REG/REG-39" time="13.519" classname="Test Cases/Web/REG/REG-39" status="PASSED">
         <system-out><![CDATA[2023-04-03 08:16:34 - [TEST_CASE][PASSED] - Test Cases/Web/REG/REG-39: Test Cases/Web/REG/REG-39

2023-04-03 08:16:35 - [TEST_STEP][PASSED] - openBrowser(""): Browser is opened with url: ''

2023-04-03 08:16:35 - [MESSAGE][WARNING] - A browser is already opened. Closing browser and opening a new one

2023-04-03 08:16:35 - [MESSAGE][INFO] - Starting 'Chrome' driver

2023-04-03 08:16:35 - [MESSAGE][INFO] - Action delay is set to 0 milliseconds

2023-04-03 08:16:36 - [MESSAGE][PASSED] - Browser is opened with url: ''

2023-04-03 08:16:36 - [TEST_STEP][PASSED] - navigateToUrl("https://demo-app.online/daftar"): Navigate to 'https://demo-app.online/daftar' successfully

2023-04-03 08:16:38 - [MESSAGE][PASSED] - Navigate to 'https://demo-app.online/daftar' successfully

2023-04-03 08:16:38 - [TEST_STEP][PASSED] - setText(findTestObject("Object Repository/Web/Register/Reg_InputText_Nama"), "Rizki Khaerul Fajri"): Text 'Rizki Khaerul Fajri' is set on object 'Object Repository/Web/Register/Reg_InputText_Nama'

2023-04-03 08:16:39 - [MESSAGE][PASSED] - Text 'Rizki Khaerul Fajri' is set on object 'Object Repository/Web/Register/Reg_InputText_Nama'

2023-04-03 08:16:39 - [TEST_STEP][PASSED] - setText(findTestObject("Object Repository/Web/Register/Reg_InputText_BirthDay"), "18-Feb-1997"): Text '18-Feb-1997' is set on object 'Object Repository/Web/Register/Reg_InputText_BirthDay'

2023-04-03 08:16:40 - [MESSAGE][PASSED] - Text '18-Feb-1997' is set on object 'Object Repository/Web/Register/Reg_InputText_BirthDay'

2023-04-03 08:16:40 - [TEST_STEP][PASSED] - setText(findTestObject("Object Repository/Web/Register/Reg_InputText_Email"), "Test@Example.com"): Text 'Test@Example.com' is set on object 'Object Repository/Web/Register/Reg_InputText_Email'

2023-04-03 08:16:41 - [MESSAGE][PASSED] - Text 'Test@Example.com' is set on object 'Object Repository/Web/Register/Reg_InputText_Email'

2023-04-03 08:16:41 - [TEST_STEP][PASSED] - setText(findTestObject("Object Repository/Web/Register/Reg_InputText_Whatsapp"), "081324387267"): Text '081324387267' is set on object 'Object Repository/Web/Register/Reg_InputText_Whatsapp'

2023-04-03 08:16:41 - [MESSAGE][PASSED] - Text '081324387267' is set on object 'Object Repository/Web/Register/Reg_InputText_Whatsapp'

2023-04-03 08:16:41 - [TEST_STEP][PASSED] - setText(findTestObject("Object Repository/Web/Register/Reg_InputText_KataSandi"), ""): Text '' is set on object 'Object Repository/Web/Register/Reg_InputText_KataSandi'

2023-04-03 08:16:42 - [MESSAGE][PASSED] - Text '' is set on object 'Object Repository/Web/Register/Reg_InputText_KataSandi'

2023-04-03 08:16:42 - [TEST_STEP][PASSED] - setText(findTestObject("Object Repository/Web/Register/Reg_InputText_KonfirmasiKataSandi"), ""): Text '' is set on object 'Object Repository/Web/Register/Reg_InputText_KonfirmasiKataSandi'

2023-04-03 08:16:43 - [MESSAGE][PASSED] - Text '' is set on object 'Object Repository/Web/Register/Reg_InputText_KonfirmasiKataSandi'

2023-04-03 08:16:43 - [TEST_STEP][PASSED] - check(findTestObject("Object Repository/Web/Register/Reg_Checkbox_SyaratDanKetentuan")): Object 'Object Repository/Web/Register/Reg_Checkbox_SyaratDanKetentuan' is checked

2023-04-03 08:16:43 - [MESSAGE][PASSED] - Object 'Object Repository/Web/Register/Reg_Checkbox_SyaratDanKetentuan' is checked

2023-04-03 08:16:43 - [TEST_STEP][PASSED] - click(findTestObject("Object Repository/Web/Register/Reg_Button_Daftar")): Object: 'Object Repository/Web/Register/Reg_Button_Daftar' is clicked on

2023-04-03 08:16:44 - [MESSAGE][PASSED] - Object: 'Object Repository/Web/Register/Reg_Button_Daftar' is clicked on

2023-04-03 08:16:44 - [TEST_STEP][PASSED] - delay(2): Delayed 2 second(s)

2023-04-03 08:16:46 - [MESSAGE][PASSED] - Delayed 2 second(s)

2023-04-03 08:16:46 - [TEST_STEP][PASSED] - if (getUrl() == "https://demo-app.online/daftar"): null

2023-04-03 08:16:46 - [MESSAGE][PASSED] - Current window's url is: 'https://demo-app.online/daftar'

2023-04-03 08:16:46 - [TEST_STEP][PASSED] - isValidPassword = executeJavaScript("document.getElementById("password").reportValidity();", null): Execute JavaScript 'document.getElementById("password").reportValidity();' successfully

2023-04-03 08:16:46 - [MESSAGE][PASSED] - Execute JavaScript 'document.getElementById("password").reportValidity();' successfully

2023-04-03 08:16:46 - [TEST_STEP][PASSED] - isValidPasswordConfirm = executeJavaScript("document.getElementById("password-confirm").reportValidity();", null): Execute JavaScript 'document.getElementById("password-confirm").reportValidity();' successfully

2023-04-03 08:16:46 - [MESSAGE][PASSED] - Execute JavaScript 'document.getElementById("password-confirm").reportValidity();' successfully

2023-04-03 08:16:46 - [TEST_STEP][PASSED] - assert !(isValidPassword) : "Validation error should be displayed": null

2023-04-03 08:16:46 - [TEST_STEP][PASSED] - assert !(isValidPasswordConfirm) : "Validation error should be displayed": null

2023-04-03 08:16:46 - [TEST_STEP][PASSED] - delay(2): Delayed 2 second(s)

2023-04-03 08:16:48 - [MESSAGE][PASSED] - Delayed 2 second(s)

2023-04-03 08:16:48 - [TEST_STEP][PASSED] - assert !(getUrl() == "https://demo-app.online/email/verify"): Current window's url is: 'https://demo-app.online/daftar'

2023-04-03 08:16:48 - [MESSAGE][PASSED] - Current window's url is: 'https://demo-app.online/daftar']]></system-out>
         <system-err><![CDATA[]]></system-err>
      </testcase>
      <testcase name="Test Cases/Web/REG/REG-40" time="14.204" classname="Test Cases/Web/REG/REG-40" status="PASSED">
         <system-out><![CDATA[2023-04-03 08:16:48 - [TEST_CASE][PASSED] - Test Cases/Web/REG/REG-40: Test Cases/Web/REG/REG-40

2023-04-03 08:16:48 - [TEST_STEP][PASSED] - openBrowser(""): Browser is opened with url: ''

2023-04-03 08:16:48 - [MESSAGE][WARNING] - A browser is already opened. Closing browser and opening a new one

2023-04-03 08:16:49 - [MESSAGE][INFO] - Starting 'Chrome' driver

2023-04-03 08:16:49 - [MESSAGE][INFO] - Action delay is set to 0 milliseconds

2023-04-03 08:16:50 - [MESSAGE][PASSED] - Browser is opened with url: ''

2023-04-03 08:16:50 - [TEST_STEP][PASSED] - navigateToUrl("https://demo-app.online/daftar"): Navigate to 'https://demo-app.online/daftar' successfully

2023-04-03 08:16:51 - [MESSAGE][PASSED] - Navigate to 'https://demo-app.online/daftar' successfully

2023-04-03 08:16:51 - [TEST_STEP][PASSED] - setText(findTestObject("Object Repository/Web/Register/Reg_InputText_Nama"), "Rizki Khaerul Fajri"): Text 'Rizki Khaerul Fajri' is set on object 'Object Repository/Web/Register/Reg_InputText_Nama'

2023-04-03 08:16:52 - [MESSAGE][PASSED] - Text 'Rizki Khaerul Fajri' is set on object 'Object Repository/Web/Register/Reg_InputText_Nama'

2023-04-03 08:16:52 - [TEST_STEP][PASSED] - setText(findTestObject("Object Repository/Web/Register/Reg_InputText_BirthDay"), "18-Feb-1997"): Text '18-Feb-1997' is set on object 'Object Repository/Web/Register/Reg_InputText_BirthDay'

2023-04-03 08:16:53 - [MESSAGE][PASSED] - Text '18-Feb-1997' is set on object 'Object Repository/Web/Register/Reg_InputText_BirthDay'

2023-04-03 08:16:53 - [TEST_STEP][PASSED] - setText(findTestObject("Object Repository/Web/Register/Reg_InputText_Email"), "Test@Example.com"): Text 'Test@Example.com' is set on object 'Object Repository/Web/Register/Reg_InputText_Email'

2023-04-03 08:16:54 - [MESSAGE][PASSED] - Text 'Test@Example.com' is set on object 'Object Repository/Web/Register/Reg_InputText_Email'

2023-04-03 08:16:54 - [TEST_STEP][PASSED] - setText(findTestObject("Object Repository/Web/Register/Reg_InputText_Whatsapp"), "081324387267"): Text '081324387267' is set on object 'Object Repository/Web/Register/Reg_InputText_Whatsapp'

2023-04-03 08:16:55 - [MESSAGE][PASSED] - Text '081324387267' is set on object 'Object Repository/Web/Register/Reg_InputText_Whatsapp'

2023-04-03 08:16:55 - [TEST_STEP][PASSED] - setText(findTestObject("Object Repository/Web/Register/Reg_InputText_KataSandi"), "        "): Text '        ' is set on object 'Object Repository/Web/Register/Reg_InputText_KataSandi'

2023-04-03 08:16:55 - [MESSAGE][PASSED] - Text '        ' is set on object 'Object Repository/Web/Register/Reg_InputText_KataSandi'

2023-04-03 08:16:55 - [TEST_STEP][PASSED] - setText(findTestObject("Object Repository/Web/Register/Reg_InputText_KonfirmasiKataSandi"), "        "): Text '        ' is set on object 'Object Repository/Web/Register/Reg_InputText_KonfirmasiKataSandi'

2023-04-03 08:16:56 - [MESSAGE][PASSED] - Text '        ' is set on object 'Object Repository/Web/Register/Reg_InputText_KonfirmasiKataSandi'

2023-04-03 08:16:56 - [TEST_STEP][PASSED] - check(findTestObject("Object Repository/Web/Register/Reg_Checkbox_SyaratDanKetentuan")): Object 'Object Repository/Web/Register/Reg_Checkbox_SyaratDanKetentuan' is checked

2023-04-03 08:16:57 - [MESSAGE][PASSED] - Object 'Object Repository/Web/Register/Reg_Checkbox_SyaratDanKetentuan' is checked

2023-04-03 08:16:57 - [TEST_STEP][PASSED] - click(findTestObject("Object Repository/Web/Register/Reg_Button_Daftar")): Object: 'Object Repository/Web/Register/Reg_Button_Daftar' is clicked on

2023-04-03 08:16:58 - [MESSAGE][PASSED] - Object: 'Object Repository/Web/Register/Reg_Button_Daftar' is clicked on

2023-04-03 08:16:58 - [TEST_STEP][PASSED] - delay(2): Delayed 2 second(s)

2023-04-03 08:17:00 - [MESSAGE][PASSED] - Delayed 2 second(s)

2023-04-03 08:17:00 - [TEST_STEP][PASSED] - if (getUrl() == "https://demo-app.online/daftar"): null

2023-04-03 08:17:00 - [MESSAGE][PASSED] - Current window's url is: 'https://demo-app.online/daftar'

2023-04-03 08:17:00 - [TEST_STEP][PASSED] - isValidPassword = executeJavaScript("document.getElementById("password").reportValidity();", null): Execute JavaScript 'document.getElementById("password").reportValidity();' successfully

2023-04-03 08:17:00 - [MESSAGE][PASSED] - Execute JavaScript 'document.getElementById("password").reportValidity();' successfully

2023-04-03 08:17:00 - [TEST_STEP][PASSED] - isValidPasswordConfirm = executeJavaScript("document.getElementById("password-confirm").reportValidity();", null): Execute JavaScript 'document.getElementById("password-confirm").reportValidity();' successfully

2023-04-03 08:17:00 - [MESSAGE][PASSED] - Execute JavaScript 'document.getElementById("password-confirm").reportValidity();' successfully

2023-04-03 08:17:00 - [TEST_STEP][PASSED] - assert !(isValidPassword) : "Validation error should be displayed": null

2023-04-03 08:17:00 - [TEST_STEP][PASSED] - assert !(isValidPasswordConfirm) : "Validation error should be displayed": null

2023-04-03 08:17:00 - [TEST_STEP][PASSED] - delay(2): Delayed 2 second(s)

2023-04-03 08:17:02 - [MESSAGE][PASSED] - Delayed 2 second(s)

2023-04-03 08:17:02 - [TEST_STEP][PASSED] - assert !(getUrl() == "https://demo-app.online/email/verify"): Current window's url is: 'https://demo-app.online/daftar'

2023-04-03 08:17:02 - [MESSAGE][PASSED] - Current window's url is: 'https://demo-app.online/daftar']]></system-out>
         <system-err><![CDATA[]]></system-err>
      </testcase>
      <testcase name="Test Cases/Web/REG/REG-41" time="52.863" classname="Test Cases/Web/REG/REG-41" status="PASSED">
         <system-out><![CDATA[2023-04-03 08:17:02 - [TEST_CASE][PASSED] - Test Cases/Web/REG/REG-41: Test Cases/Web/REG/REG-41

2023-04-03 08:17:02 - [TEST_STEP][PASSED] - openBrowser(""): Browser is opened with url: ''

2023-04-03 08:17:02 - [MESSAGE][WARNING] - A browser is already opened. Closing browser and opening a new one

2023-04-03 08:17:03 - [MESSAGE][INFO] - Starting 'Chrome' driver

2023-04-03 08:17:03 - [MESSAGE][INFO] - Action delay is set to 0 milliseconds

2023-04-03 08:17:04 - [MESSAGE][PASSED] - Browser is opened with url: ''

2023-04-03 08:17:04 - [TEST_STEP][PASSED] - testData = findTestData("Data Files/Web/Register_PasswordLessChar"): null

2023-04-03 08:17:04 - [TEST_STEP][PASSED] - for ([i = 1, i <= testData.getRowNumbers(), (i++)]): Current window's url is: 'https://demo-app.online/daftar'

2023-04-03 08:17:04 - [TEST_STEP][PASSED] - password = testData.getValue("Password", i): null

2023-04-03 08:17:04 - [TEST_STEP][PASSED] - navigateToUrl("https://demo-app.online/daftar"): Navigate to 'https://demo-app.online/daftar' successfully

2023-04-03 08:17:10 - [MESSAGE][PASSED] - Navigate to 'https://demo-app.online/daftar' successfully

2023-04-03 08:17:10 - [TEST_STEP][PASSED] - setText(findTestObject("Object Repository/Web/Register/Reg_InputText_Nama"), "Rizki Khaerul Fajri"): Text 'Rizki Khaerul Fajri' is set on object 'Object Repository/Web/Register/Reg_InputText_Nama'

2023-04-03 08:17:11 - [MESSAGE][PASSED] - Text 'Rizki Khaerul Fajri' is set on object 'Object Repository/Web/Register/Reg_InputText_Nama'

2023-04-03 08:17:11 - [TEST_STEP][PASSED] - setText(findTestObject("Object Repository/Web/Register/Reg_InputText_BirthDay"), "18-Feb-1997"): Text '18-Feb-1997' is set on object 'Object Repository/Web/Register/Reg_InputText_BirthDay'

2023-04-03 08:17:12 - [MESSAGE][PASSED] - Text '18-Feb-1997' is set on object 'Object Repository/Web/Register/Reg_InputText_BirthDay'

2023-04-03 08:17:12 - [TEST_STEP][PASSED] - setText(findTestObject("Object Repository/Web/Register/Reg_InputText_Email"), "Test@Example.com"): Text 'Test@Example.com' is set on object 'Object Repository/Web/Register/Reg_InputText_Email'

2023-04-03 08:17:13 - [MESSAGE][PASSED] - Text 'Test@Example.com' is set on object 'Object Repository/Web/Register/Reg_InputText_Email'

2023-04-03 08:17:13 - [TEST_STEP][PASSED] - setText(findTestObject("Object Repository/Web/Register/Reg_InputText_Whatsapp"), "081324387267"): Text '081324387267' is set on object 'Object Repository/Web/Register/Reg_InputText_Whatsapp'

2023-04-03 08:17:13 - [MESSAGE][PASSED] - Text '081324387267' is set on object 'Object Repository/Web/Register/Reg_InputText_Whatsapp'

2023-04-03 08:17:13 - [TEST_STEP][PASSED] - setText(findTestObject("Object Repository/Web/Register/Reg_InputText_KataSandi"), password): Text '1234567' is set on object 'Object Repository/Web/Register/Reg_InputText_KataSandi'

2023-04-03 08:17:14 - [MESSAGE][PASSED] - Text '1234567' is set on object 'Object Repository/Web/Register/Reg_InputText_KataSandi'

2023-04-03 08:17:14 - [TEST_STEP][PASSED] - setText(findTestObject("Object Repository/Web/Register/Reg_InputText_KonfirmasiKataSandi"), password): Text '1234567' is set on object 'Object Repository/Web/Register/Reg_InputText_KonfirmasiKataSandi'

2023-04-03 08:17:15 - [MESSAGE][PASSED] - Text '1234567' is set on object 'Object Repository/Web/Register/Reg_InputText_KonfirmasiKataSandi'

2023-04-03 08:17:15 - [TEST_STEP][PASSED] - check(findTestObject("Object Repository/Web/Register/Reg_Checkbox_SyaratDanKetentuan")): Object 'Object Repository/Web/Register/Reg_Checkbox_SyaratDanKetentuan' is checked

2023-04-03 08:17:15 - [MESSAGE][PASSED] - Object 'Object Repository/Web/Register/Reg_Checkbox_SyaratDanKetentuan' is checked

2023-04-03 08:17:15 - [TEST_STEP][PASSED] - click(findTestObject("Object Repository/Web/Register/Reg_Button_Daftar")): Object: 'Object Repository/Web/Register/Reg_Button_Daftar' is clicked on

2023-04-03 08:17:16 - [MESSAGE][PASSED] - Object: 'Object Repository/Web/Register/Reg_Button_Daftar' is clicked on

2023-04-03 08:17:16 - [TEST_STEP][PASSED] - delay(2): Delayed 2 second(s)

2023-04-03 08:17:18 - [MESSAGE][PASSED] - Delayed 2 second(s)

2023-04-03 08:17:18 - [TEST_STEP][PASSED] - if (getUrl() == "https://demo-app.online/daftar"): null

2023-04-03 08:17:18 - [MESSAGE][PASSED] - Current window's url is: 'https://demo-app.online/daftar'

2023-04-03 08:17:18 - [TEST_STEP][PASSED] - isValidPassword = executeJavaScript("document.getElementById("password").reportValidity();", null): Execute JavaScript 'document.getElementById("password").reportValidity();' successfully

2023-04-03 08:17:18 - [MESSAGE][PASSED] - Execute JavaScript 'document.getElementById("password").reportValidity();' successfully

2023-04-03 08:17:18 - [TEST_STEP][PASSED] - isValidPasswordConfirm = executeJavaScript("document.getElementById("password-confirm").reportValidity();", null): Execute JavaScript 'document.getElementById("password-confirm").reportValidity();' successfully

2023-04-03 08:17:18 - [MESSAGE][PASSED] - Execute JavaScript 'document.getElementById("password-confirm").reportValidity();' successfully

2023-04-03 08:17:18 - [TEST_STEP][PASSED] - assert !(isValidPassword) : "Validation error should be displayed": null

2023-04-03 08:17:18 - [TEST_STEP][PASSED] - assert !(isValidPasswordConfirm) : "Validation error should be displayed": null

2023-04-03 08:17:18 - [TEST_STEP][PASSED] - delay(2): Delayed 2 second(s)

2023-04-03 08:17:20 - [MESSAGE][PASSED] - Delayed 2 second(s)

2023-04-03 08:17:20 - [TEST_STEP][PASSED] - assert !(getUrl() == "https://demo-app.online/email/verify"): Current window's url is: 'https://demo-app.online/daftar'

2023-04-03 08:17:20 - [MESSAGE][PASSED] - Current window's url is: 'https://demo-app.online/daftar'

2023-04-03 08:17:20 - [TEST_STEP][PASSED] - password = testData.getValue("Password", i): null

2023-04-03 08:17:20 - [TEST_STEP][PASSED] - navigateToUrl("https://demo-app.online/daftar"): Navigate to 'https://demo-app.online/daftar' successfully

2023-04-03 08:17:21 - [MESSAGE][PASSED] - Navigate to 'https://demo-app.online/daftar' successfully

2023-04-03 08:17:21 - [TEST_STEP][PASSED] - setText(findTestObject("Object Repository/Web/Register/Reg_InputText_Nama"), "Rizki Khaerul Fajri"): Text 'Rizki Khaerul Fajri' is set on object 'Object Repository/Web/Register/Reg_InputText_Nama'

2023-04-03 08:17:22 - [MESSAGE][PASSED] - Text 'Rizki Khaerul Fajri' is set on object 'Object Repository/Web/Register/Reg_InputText_Nama'

2023-04-03 08:17:22 - [TEST_STEP][PASSED] - setText(findTestObject("Object Repository/Web/Register/Reg_InputText_BirthDay"), "18-Feb-1997"): Text '18-Feb-1997' is set on object 'Object Repository/Web/Register/Reg_InputText_BirthDay'

2023-04-03 08:17:23 - [MESSAGE][PASSED] - Text '18-Feb-1997' is set on object 'Object Repository/Web/Register/Reg_InputText_BirthDay'

2023-04-03 08:17:23 - [TEST_STEP][PASSED] - setText(findTestObject("Object Repository/Web/Register/Reg_InputText_Email"), "Test@Example.com"): Text 'Test@Example.com' is set on object 'Object Repository/Web/Register/Reg_InputText_Email'

2023-04-03 08:17:23 - [MESSAGE][PASSED] - Text 'Test@Example.com' is set on object 'Object Repository/Web/Register/Reg_InputText_Email'

2023-04-03 08:17:23 - [TEST_STEP][PASSED] - setText(findTestObject("Object Repository/Web/Register/Reg_InputText_Whatsapp"), "081324387267"): Text '081324387267' is set on object 'Object Repository/Web/Register/Reg_InputText_Whatsapp'

2023-04-03 08:17:24 - [MESSAGE][PASSED] - Text '081324387267' is set on object 'Object Repository/Web/Register/Reg_InputText_Whatsapp'

2023-04-03 08:17:24 - [TEST_STEP][PASSED] - setText(findTestObject("Object Repository/Web/Register/Reg_InputText_KataSandi"), password): Text 'passwor' is set on object 'Object Repository/Web/Register/Reg_InputText_KataSandi'

2023-04-03 08:17:25 - [MESSAGE][PASSED] - Text 'passwor' is set on object 'Object Repository/Web/Register/Reg_InputText_KataSandi'

2023-04-03 08:17:25 - [TEST_STEP][PASSED] - setText(findTestObject("Object Repository/Web/Register/Reg_InputText_KonfirmasiKataSandi"), password): Text 'passwor' is set on object 'Object Repository/Web/Register/Reg_InputText_KonfirmasiKataSandi'

2023-04-03 08:17:25 - [MESSAGE][PASSED] - Text 'passwor' is set on object 'Object Repository/Web/Register/Reg_InputText_KonfirmasiKataSandi'

2023-04-03 08:17:25 - [TEST_STEP][PASSED] - check(findTestObject("Object Repository/Web/Register/Reg_Checkbox_SyaratDanKetentuan")): Object 'Object Repository/Web/Register/Reg_Checkbox_SyaratDanKetentuan' is checked

2023-04-03 08:17:26 - [MESSAGE][PASSED] - Object 'Object Repository/Web/Register/Reg_Checkbox_SyaratDanKetentuan' is checked

2023-04-03 08:17:26 - [TEST_STEP][PASSED] - click(findTestObject("Object Repository/Web/Register/Reg_Button_Daftar")): Object: 'Object Repository/Web/Register/Reg_Button_Daftar' is clicked on

2023-04-03 08:17:27 - [MESSAGE][PASSED] - Object: 'Object Repository/Web/Register/Reg_Button_Daftar' is clicked on

2023-04-03 08:17:27 - [TEST_STEP][PASSED] - delay(2): Delayed 2 second(s)

2023-04-03 08:17:29 - [MESSAGE][PASSED] - Delayed 2 second(s)

2023-04-03 08:17:29 - [TEST_STEP][PASSED] - if (getUrl() == "https://demo-app.online/daftar"): null

2023-04-03 08:17:29 - [MESSAGE][PASSED] - Current window's url is: 'https://demo-app.online/daftar'

2023-04-03 08:17:29 - [TEST_STEP][PASSED] - isValidPassword = executeJavaScript("document.getElementById("password").reportValidity();", null): Execute JavaScript 'document.getElementById("password").reportValidity();' successfully

2023-04-03 08:17:29 - [MESSAGE][PASSED] - Execute JavaScript 'document.getElementById("password").reportValidity();' successfully

2023-04-03 08:17:29 - [TEST_STEP][PASSED] - isValidPasswordConfirm = executeJavaScript("document.getElementById("password-confirm").reportValidity();", null): Execute JavaScript 'document.getElementById("password-confirm").reportValidity();' successfully

2023-04-03 08:17:29 - [MESSAGE][PASSED] - Execute JavaScript 'document.getElementById("password-confirm").reportValidity();' successfully

2023-04-03 08:17:29 - [TEST_STEP][PASSED] - assert !(isValidPassword) : "Validation error should be displayed": null

2023-04-03 08:17:29 - [TEST_STEP][PASSED] - assert !(isValidPasswordConfirm) : "Validation error should be displayed": null

2023-04-03 08:17:29 - [TEST_STEP][PASSED] - delay(2): Delayed 2 second(s)

2023-04-03 08:17:31 - [MESSAGE][PASSED] - Delayed 2 second(s)

2023-04-03 08:17:31 - [TEST_STEP][PASSED] - assert !(getUrl() == "https://demo-app.online/email/verify"): Current window's url is: 'https://demo-app.online/daftar'

2023-04-03 08:17:31 - [MESSAGE][PASSED] - Current window's url is: 'https://demo-app.online/daftar'

2023-04-03 08:17:31 - [TEST_STEP][PASSED] - password = testData.getValue("Password", i): null

2023-04-03 08:17:31 - [TEST_STEP][PASSED] - navigateToUrl("https://demo-app.online/daftar"): Navigate to 'https://demo-app.online/daftar' successfully

2023-04-03 08:17:32 - [MESSAGE][PASSED] - Navigate to 'https://demo-app.online/daftar' successfully

2023-04-03 08:17:32 - [TEST_STEP][PASSED] - setText(findTestObject("Object Repository/Web/Register/Reg_InputText_Nama"), "Rizki Khaerul Fajri"): Text 'Rizki Khaerul Fajri' is set on object 'Object Repository/Web/Register/Reg_InputText_Nama'

2023-04-03 08:17:33 - [MESSAGE][PASSED] - Text 'Rizki Khaerul Fajri' is set on object 'Object Repository/Web/Register/Reg_InputText_Nama'

2023-04-03 08:17:33 - [TEST_STEP][PASSED] - setText(findTestObject("Object Repository/Web/Register/Reg_InputText_BirthDay"), "18-Feb-1997"): Text '18-Feb-1997' is set on object 'Object Repository/Web/Register/Reg_InputText_BirthDay'

2023-04-03 08:17:33 - [MESSAGE][PASSED] - Text '18-Feb-1997' is set on object 'Object Repository/Web/Register/Reg_InputText_BirthDay'

2023-04-03 08:17:33 - [TEST_STEP][PASSED] - setText(findTestObject("Object Repository/Web/Register/Reg_InputText_Email"), "Test@Example.com"): Text 'Test@Example.com' is set on object 'Object Repository/Web/Register/Reg_InputText_Email'

2023-04-03 08:17:34 - [MESSAGE][PASSED] - Text 'Test@Example.com' is set on object 'Object Repository/Web/Register/Reg_InputText_Email'

2023-04-03 08:17:34 - [TEST_STEP][PASSED] - setText(findTestObject("Object Repository/Web/Register/Reg_InputText_Whatsapp"), "081324387267"): Text '081324387267' is set on object 'Object Repository/Web/Register/Reg_InputText_Whatsapp'

2023-04-03 08:17:35 - [MESSAGE][PASSED] - Text '081324387267' is set on object 'Object Repository/Web/Register/Reg_InputText_Whatsapp'

2023-04-03 08:17:35 - [TEST_STEP][PASSED] - setText(findTestObject("Object Repository/Web/Register/Reg_InputText_KataSandi"), password): Text 'invalid' is set on object 'Object Repository/Web/Register/Reg_InputText_KataSandi'

2023-04-03 08:17:36 - [MESSAGE][PASSED] - Text 'invalid' is set on object 'Object Repository/Web/Register/Reg_InputText_KataSandi'

2023-04-03 08:17:36 - [TEST_STEP][PASSED] - setText(findTestObject("Object Repository/Web/Register/Reg_InputText_KonfirmasiKataSandi"), password): Text 'invalid' is set on object 'Object Repository/Web/Register/Reg_InputText_KonfirmasiKataSandi'

2023-04-03 08:17:36 - [MESSAGE][PASSED] - Text 'invalid' is set on object 'Object Repository/Web/Register/Reg_InputText_KonfirmasiKataSandi'

2023-04-03 08:17:36 - [TEST_STEP][PASSED] - check(findTestObject("Object Repository/Web/Register/Reg_Checkbox_SyaratDanKetentuan")): Object 'Object Repository/Web/Register/Reg_Checkbox_SyaratDanKetentuan' is checked

2023-04-03 08:17:36 - [MESSAGE][PASSED] - Object 'Object Repository/Web/Register/Reg_Checkbox_SyaratDanKetentuan' is checked

2023-04-03 08:17:36 - [TEST_STEP][PASSED] - click(findTestObject("Object Repository/Web/Register/Reg_Button_Daftar")): Object: 'Object Repository/Web/Register/Reg_Button_Daftar' is clicked on

2023-04-03 08:17:38 - [MESSAGE][PASSED] - Object: 'Object Repository/Web/Register/Reg_Button_Daftar' is clicked on

2023-04-03 08:17:38 - [TEST_STEP][PASSED] - delay(2): Delayed 2 second(s)

2023-04-03 08:17:40 - [MESSAGE][PASSED] - Delayed 2 second(s)

2023-04-03 08:17:40 - [TEST_STEP][PASSED] - if (getUrl() == "https://demo-app.online/daftar"): null

2023-04-03 08:17:40 - [MESSAGE][PASSED] - Current window's url is: 'https://demo-app.online/daftar'

2023-04-03 08:17:40 - [TEST_STEP][PASSED] - isValidPassword = executeJavaScript("document.getElementById("password").reportValidity();", null): Execute JavaScript 'document.getElementById("password").reportValidity();' successfully

2023-04-03 08:17:40 - [MESSAGE][PASSED] - Execute JavaScript 'document.getElementById("password").reportValidity();' successfully

2023-04-03 08:17:40 - [TEST_STEP][PASSED] - isValidPasswordConfirm = executeJavaScript("document.getElementById("password-confirm").reportValidity();", null): Execute JavaScript 'document.getElementById("password-confirm").reportValidity();' successfully

2023-04-03 08:17:40 - [MESSAGE][PASSED] - Execute JavaScript 'document.getElementById("password-confirm").reportValidity();' successfully

2023-04-03 08:17:40 - [TEST_STEP][PASSED] - assert !(isValidPassword) : "Validation error should be displayed": null

2023-04-03 08:17:40 - [TEST_STEP][PASSED] - assert !(isValidPasswordConfirm) : "Validation error should be displayed": null

2023-04-03 08:17:40 - [TEST_STEP][PASSED] - delay(2): Delayed 2 second(s)

2023-04-03 08:17:42 - [MESSAGE][PASSED] - Delayed 2 second(s)

2023-04-03 08:17:42 - [TEST_STEP][PASSED] - assert !(getUrl() == "https://demo-app.online/email/verify"): Current window's url is: 'https://demo-app.online/daftar'

2023-04-03 08:17:42 - [MESSAGE][PASSED] - Current window's url is: 'https://demo-app.online/daftar'

2023-04-03 08:17:42 - [TEST_STEP][PASSED] - password = testData.getValue("Password", i): null

2023-04-03 08:17:42 - [TEST_STEP][PASSED] - navigateToUrl("https://demo-app.online/daftar"): Navigate to 'https://demo-app.online/daftar' successfully

2023-04-03 08:17:42 - [MESSAGE][PASSED] - Navigate to 'https://demo-app.online/daftar' successfully

2023-04-03 08:17:42 - [TEST_STEP][PASSED] - setText(findTestObject("Object Repository/Web/Register/Reg_InputText_Nama"), "Rizki Khaerul Fajri"): Text 'Rizki Khaerul Fajri' is set on object 'Object Repository/Web/Register/Reg_InputText_Nama'

2023-04-03 08:17:44 - [MESSAGE][PASSED] - Text 'Rizki Khaerul Fajri' is set on object 'Object Repository/Web/Register/Reg_InputText_Nama'

2023-04-03 08:17:44 - [TEST_STEP][PASSED] - setText(findTestObject("Object Repository/Web/Register/Reg_InputText_BirthDay"), "18-Feb-1997"): Text '18-Feb-1997' is set on object 'Object Repository/Web/Register/Reg_InputText_BirthDay'

2023-04-03 08:17:45 - [MESSAGE][PASSED] - Text '18-Feb-1997' is set on object 'Object Repository/Web/Register/Reg_InputText_BirthDay'

2023-04-03 08:17:45 - [TEST_STEP][PASSED] - setText(findTestObject("Object Repository/Web/Register/Reg_InputText_Email"), "Test@Example.com"): Text 'Test@Example.com' is set on object 'Object Repository/Web/Register/Reg_InputText_Email'

2023-04-03 08:17:46 - [MESSAGE][PASSED] - Text 'Test@Example.com' is set on object 'Object Repository/Web/Register/Reg_InputText_Email'

2023-04-03 08:17:46 - [TEST_STEP][PASSED] - setText(findTestObject("Object Repository/Web/Register/Reg_InputText_Whatsapp"), "081324387267"): Text '081324387267' is set on object 'Object Repository/Web/Register/Reg_InputText_Whatsapp'

2023-04-03 08:17:47 - [MESSAGE][PASSED] - Text '081324387267' is set on object 'Object Repository/Web/Register/Reg_InputText_Whatsapp'

2023-04-03 08:17:47 - [TEST_STEP][PASSED] - setText(findTestObject("Object Repository/Web/Register/Reg_InputText_KataSandi"), password): Text 'p4ssw0r' is set on object 'Object Repository/Web/Register/Reg_InputText_KataSandi'

2023-04-03 08:17:48 - [MESSAGE][PASSED] - Text 'p4ssw0r' is set on object 'Object Repository/Web/Register/Reg_InputText_KataSandi'

2023-04-03 08:17:48 - [TEST_STEP][PASSED] - setText(findTestObject("Object Repository/Web/Register/Reg_InputText_KonfirmasiKataSandi"), password): Text 'p4ssw0r' is set on object 'Object Repository/Web/Register/Reg_InputText_KonfirmasiKataSandi'

2023-04-03 08:17:49 - [MESSAGE][PASSED] - Text 'p4ssw0r' is set on object 'Object Repository/Web/Register/Reg_InputText_KonfirmasiKataSandi'

2023-04-03 08:17:49 - [TEST_STEP][PASSED] - check(findTestObject("Object Repository/Web/Register/Reg_Checkbox_SyaratDanKetentuan")): Object 'Object Repository/Web/Register/Reg_Checkbox_SyaratDanKetentuan' is checked

2023-04-03 08:17:49 - [MESSAGE][PASSED] - Object 'Object Repository/Web/Register/Reg_Checkbox_SyaratDanKetentuan' is checked

2023-04-03 08:17:49 - [TEST_STEP][PASSED] - click(findTestObject("Object Repository/Web/Register/Reg_Button_Daftar")): Object: 'Object Repository/Web/Register/Reg_Button_Daftar' is clicked on

2023-04-03 08:17:51 - [MESSAGE][PASSED] - Object: 'Object Repository/Web/Register/Reg_Button_Daftar' is clicked on

2023-04-03 08:17:51 - [TEST_STEP][PASSED] - delay(2): Delayed 2 second(s)

2023-04-03 08:17:53 - [MESSAGE][PASSED] - Delayed 2 second(s)

2023-04-03 08:17:53 - [TEST_STEP][PASSED] - if (getUrl() == "https://demo-app.online/daftar"): null

2023-04-03 08:17:53 - [MESSAGE][PASSED] - Current window's url is: 'https://demo-app.online/daftar'

2023-04-03 08:17:53 - [TEST_STEP][PASSED] - isValidPassword = executeJavaScript("document.getElementById("password").reportValidity();", null): Execute JavaScript 'document.getElementById("password").reportValidity();' successfully

2023-04-03 08:17:53 - [MESSAGE][PASSED] - Execute JavaScript 'document.getElementById("password").reportValidity();' successfully

2023-04-03 08:17:53 - [TEST_STEP][PASSED] - isValidPasswordConfirm = executeJavaScript("document.getElementById("password-confirm").reportValidity();", null): Execute JavaScript 'document.getElementById("password-confirm").reportValidity();' successfully

2023-04-03 08:17:53 - [MESSAGE][PASSED] - Execute JavaScript 'document.getElementById("password-confirm").reportValidity();' successfully

2023-04-03 08:17:53 - [TEST_STEP][PASSED] - assert !(isValidPassword) : "Validation error should be displayed": null

2023-04-03 08:17:53 - [TEST_STEP][PASSED] - assert !(isValidPasswordConfirm) : "Validation error should be displayed": null

2023-04-03 08:17:53 - [TEST_STEP][PASSED] - delay(2): Delayed 2 second(s)

2023-04-03 08:17:55 - [MESSAGE][PASSED] - Delayed 2 second(s)

2023-04-03 08:17:55 - [TEST_STEP][PASSED] - assert !(getUrl() == "https://demo-app.online/email/verify"): Current window's url is: 'https://demo-app.online/daftar'

2023-04-03 08:17:55 - [MESSAGE][PASSED] - Current window's url is: 'https://demo-app.online/daftar']]></system-out>
         <system-err><![CDATA[]]></system-err>
      </testcase>
      <testcase name="Test Cases/Web/REG/REG-42" time="14.602" classname="Test Cases/Web/REG/REG-42" status="PASSED">
         <system-out><![CDATA[2023-04-03 08:17:55 - [TEST_CASE][PASSED] - Test Cases/Web/REG/REG-42: Test Cases/Web/REG/REG-42

2023-04-03 08:17:55 - [TEST_STEP][PASSED] - openBrowser(""): Browser is opened with url: ''

2023-04-03 08:17:55 - [MESSAGE][WARNING] - A browser is already opened. Closing browser and opening a new one

2023-04-03 08:17:56 - [MESSAGE][INFO] - Starting 'Chrome' driver

2023-04-03 08:17:56 - [MESSAGE][INFO] - Action delay is set to 0 milliseconds

2023-04-03 08:17:57 - [MESSAGE][PASSED] - Browser is opened with url: ''

2023-04-03 08:17:57 - [TEST_STEP][PASSED] - navigateToUrl("https://demo-app.online/daftar"): Navigate to 'https://demo-app.online/daftar' successfully

2023-04-03 08:17:58 - [MESSAGE][PASSED] - Navigate to 'https://demo-app.online/daftar' successfully

2023-04-03 08:17:58 - [TEST_STEP][PASSED] - setText(findTestObject("Object Repository/Web/Register/Reg_InputText_Nama"), "Rizki Khaerul Fajri"): Text 'Rizki Khaerul Fajri' is set on object 'Object Repository/Web/Register/Reg_InputText_Nama'

2023-04-03 08:17:59 - [MESSAGE][PASSED] - Text 'Rizki Khaerul Fajri' is set on object 'Object Repository/Web/Register/Reg_InputText_Nama'

2023-04-03 08:17:59 - [TEST_STEP][PASSED] - setText(findTestObject("Object Repository/Web/Register/Reg_InputText_BirthDay"), "18-Feb-1997"): Text '18-Feb-1997' is set on object 'Object Repository/Web/Register/Reg_InputText_BirthDay'

2023-04-03 08:18:00 - [MESSAGE][PASSED] - Text '18-Feb-1997' is set on object 'Object Repository/Web/Register/Reg_InputText_BirthDay'

2023-04-03 08:18:00 - [TEST_STEP][PASSED] - setText(findTestObject("Object Repository/Web/Register/Reg_InputText_Email"), "Test@Example.com"): Text 'Test@Example.com' is set on object 'Object Repository/Web/Register/Reg_InputText_Email'

2023-04-03 08:18:01 - [MESSAGE][PASSED] - Text 'Test@Example.com' is set on object 'Object Repository/Web/Register/Reg_InputText_Email'

2023-04-03 08:18:01 - [TEST_STEP][PASSED] - setText(findTestObject("Object Repository/Web/Register/Reg_InputText_Whatsapp"), "081324387267"): Text '081324387267' is set on object 'Object Repository/Web/Register/Reg_InputText_Whatsapp'

2023-04-03 08:18:02 - [MESSAGE][PASSED] - Text '081324387267' is set on object 'Object Repository/Web/Register/Reg_InputText_Whatsapp'

2023-04-03 08:18:02 - [TEST_STEP][PASSED] - setText(findTestObject("Object Repository/Web/Register/Reg_InputText_KataSandi"), "12345678"): Text '12345678' is set on object 'Object Repository/Web/Register/Reg_InputText_KataSandi'

2023-04-03 08:18:02 - [MESSAGE][PASSED] - Text '12345678' is set on object 'Object Repository/Web/Register/Reg_InputText_KataSandi'

2023-04-03 08:18:02 - [TEST_STEP][PASSED] - setText(findTestObject("Object Repository/Web/Register/Reg_InputText_KonfirmasiKataSandi"), "87654321"): Text '87654321' is set on object 'Object Repository/Web/Register/Reg_InputText_KonfirmasiKataSandi'

2023-04-03 08:18:03 - [MESSAGE][PASSED] - Text '87654321' is set on object 'Object Repository/Web/Register/Reg_InputText_KonfirmasiKataSandi'

2023-04-03 08:18:03 - [TEST_STEP][PASSED] - check(findTestObject("Object Repository/Web/Register/Reg_Checkbox_SyaratDanKetentuan")): Object 'Object Repository/Web/Register/Reg_Checkbox_SyaratDanKetentuan' is checked

2023-04-03 08:18:04 - [MESSAGE][PASSED] - Object 'Object Repository/Web/Register/Reg_Checkbox_SyaratDanKetentuan' is checked

2023-04-03 08:18:04 - [TEST_STEP][PASSED] - click(findTestObject("Object Repository/Web/Register/Reg_Button_Daftar")): Object: 'Object Repository/Web/Register/Reg_Button_Daftar' is clicked on

2023-04-03 08:18:05 - [MESSAGE][PASSED] - Object: 'Object Repository/Web/Register/Reg_Button_Daftar' is clicked on

2023-04-03 08:18:05 - [TEST_STEP][PASSED] - delay(2): Delayed 2 second(s)

2023-04-03 08:18:07 - [MESSAGE][PASSED] - Delayed 2 second(s)

2023-04-03 08:18:07 - [TEST_STEP][PASSED] - if (getUrl() == "https://demo-app.online/daftar"): null

2023-04-03 08:18:07 - [MESSAGE][PASSED] - Current window's url is: 'https://demo-app.online/daftar'

2023-04-03 08:18:07 - [TEST_STEP][PASSED] - isValidPassword = executeJavaScript("document.getElementById("password").reportValidity();", null): Execute JavaScript 'document.getElementById("password").reportValidity();' successfully

2023-04-03 08:18:07 - [MESSAGE][PASSED] - Execute JavaScript 'document.getElementById("password").reportValidity();' successfully

2023-04-03 08:18:07 - [TEST_STEP][PASSED] - isValidPasswordConfirm = executeJavaScript("document.getElementById("password-confirm").reportValidity();", null): Execute JavaScript 'document.getElementById("password-confirm").reportValidity();' successfully

2023-04-03 08:18:07 - [MESSAGE][PASSED] - Execute JavaScript 'document.getElementById("password-confirm").reportValidity();' successfully

2023-04-03 08:18:07 - [TEST_STEP][PASSED] - assert !(isValidPassword) : "Validation error should be displayed": null

2023-04-03 08:18:07 - [TEST_STEP][PASSED] - assert !(isValidPasswordConfirm) : "Validation error should be displayed": null

2023-04-03 08:18:07 - [TEST_STEP][PASSED] - delay(2): Delayed 2 second(s)

2023-04-03 08:18:09 - [MESSAGE][PASSED] - Delayed 2 second(s)

2023-04-03 08:18:09 - [TEST_STEP][PASSED] - assert !(getUrl() == "https://demo-app.online/email/verify"): Current window's url is: 'https://demo-app.online/daftar'

2023-04-03 08:18:09 - [MESSAGE][PASSED] - Current window's url is: 'https://demo-app.online/daftar']]></system-out>
         <system-err><![CDATA[]]></system-err>
      </testcase>
      <testcase name="Test Cases/Web/REG/REG-43" time="13.291" classname="Test Cases/Web/REG/REG-43" status="PASSED">
         <system-out><![CDATA[2023-04-03 08:18:09 - [TEST_CASE][PASSED] - Test Cases/Web/REG/REG-43: Test Cases/Web/REG/REG-43

2023-04-03 08:18:10 - [TEST_STEP][PASSED] - openBrowser(""): Browser is opened with url: ''

2023-04-03 08:18:10 - [MESSAGE][WARNING] - A browser is already opened. Closing browser and opening a new one

2023-04-03 08:18:10 - [MESSAGE][INFO] - Starting 'Chrome' driver

2023-04-03 08:18:10 - [MESSAGE][INFO] - Action delay is set to 0 milliseconds

2023-04-03 08:18:11 - [MESSAGE][PASSED] - Browser is opened with url: ''

2023-04-03 08:18:11 - [TEST_STEP][PASSED] - navigateToUrl("https://demo-app.online/daftar"): Navigate to 'https://demo-app.online/daftar' successfully

2023-04-03 08:18:13 - [MESSAGE][PASSED] - Navigate to 'https://demo-app.online/daftar' successfully

2023-04-03 08:18:13 - [TEST_STEP][PASSED] - setText(findTestObject("Object Repository/Web/Register/Reg_InputText_Nama"), "Rizki Khaerul Fajri"): Text 'Rizki Khaerul Fajri' is set on object 'Object Repository/Web/Register/Reg_InputText_Nama'

2023-04-03 08:18:14 - [MESSAGE][PASSED] - Text 'Rizki Khaerul Fajri' is set on object 'Object Repository/Web/Register/Reg_InputText_Nama'

2023-04-03 08:18:14 - [TEST_STEP][PASSED] - setText(findTestObject("Object Repository/Web/Register/Reg_InputText_BirthDay"), "18-Feb-1997"): Text '18-Feb-1997' is set on object 'Object Repository/Web/Register/Reg_InputText_BirthDay'

2023-04-03 08:18:15 - [MESSAGE][PASSED] - Text '18-Feb-1997' is set on object 'Object Repository/Web/Register/Reg_InputText_BirthDay'

2023-04-03 08:18:15 - [TEST_STEP][PASSED] - setText(findTestObject("Object Repository/Web/Register/Reg_InputText_Email"), "Test@Example.com"): Text 'Test@Example.com' is set on object 'Object Repository/Web/Register/Reg_InputText_Email'

2023-04-03 08:18:16 - [MESSAGE][PASSED] - Text 'Test@Example.com' is set on object 'Object Repository/Web/Register/Reg_InputText_Email'

2023-04-03 08:18:16 - [TEST_STEP][PASSED] - setText(findTestObject("Object Repository/Web/Register/Reg_InputText_Whatsapp"), "081324387267"): Text '081324387267' is set on object 'Object Repository/Web/Register/Reg_InputText_Whatsapp'

2023-04-03 08:18:16 - [MESSAGE][PASSED] - Text '081324387267' is set on object 'Object Repository/Web/Register/Reg_InputText_Whatsapp'

2023-04-03 08:18:16 - [TEST_STEP][PASSED] - setText(findTestObject("Object Repository/Web/Register/Reg_InputText_KataSandi"), "testingtesting"): Text 'testingtesting' is set on object 'Object Repository/Web/Register/Reg_InputText_KataSandi'

2023-04-03 08:18:17 - [MESSAGE][PASSED] - Text 'testingtesting' is set on object 'Object Repository/Web/Register/Reg_InputText_KataSandi'

2023-04-03 08:18:17 - [TEST_STEP][PASSED] - setText(findTestObject("Object Repository/Web/Register/Reg_InputText_KonfirmasiKataSandi"), "testingtesting"): Text 'testingtesting' is set on object 'Object Repository/Web/Register/Reg_InputText_KonfirmasiKataSandi'

2023-04-03 08:18:18 - [MESSAGE][PASSED] - Text 'testingtesting' is set on object 'Object Repository/Web/Register/Reg_InputText_KonfirmasiKataSandi'

2023-04-03 08:18:18 - [TEST_STEP][PASSED] - verifyElementNotChecked(findTestObject("Object Repository/Web/Register/Reg_Checkbox_SyaratDanKetentuan"), 1): Object 'Object Repository/Web/Register/Reg_Checkbox_SyaratDanKetentuan' is not checked

2023-04-03 08:18:18 - [MESSAGE][PASSED] - Object 'Object Repository/Web/Register/Reg_Checkbox_SyaratDanKetentuan' is not checked

2023-04-03 08:18:18 - [TEST_STEP][PASSED] - click(findTestObject("Object Repository/Web/Register/Reg_Button_Daftar")): Object: 'Object Repository/Web/Register/Reg_Button_Daftar' is clicked on

2023-04-03 08:18:19 - [MESSAGE][PASSED] - Object: 'Object Repository/Web/Register/Reg_Button_Daftar' is clicked on

2023-04-03 08:18:19 - [TEST_STEP][PASSED] - delay(2): Delayed 2 second(s)

2023-04-03 08:18:21 - [MESSAGE][PASSED] - Delayed 2 second(s)

2023-04-03 08:18:21 - [TEST_STEP][PASSED] - if (getUrl() == "https://demo-app.online/daftar"): null

2023-04-03 08:18:21 - [MESSAGE][PASSED] - Current window's url is: 'https://demo-app.online/daftar'

2023-04-03 08:18:21 - [TEST_STEP][PASSED] - isValid = executeJavaScript("document.getElementById("inlineCheckbox1").reportValidity();", null): Execute JavaScript 'document.getElementById("inlineCheckbox1").reportValidity();' successfully

2023-04-03 08:18:21 - [MESSAGE][PASSED] - Execute JavaScript 'document.getElementById("inlineCheckbox1").reportValidity();' successfully

2023-04-03 08:18:21 - [TEST_STEP][PASSED] - assert !(isValid) : "No validation error for password field": null

2023-04-03 08:18:21 - [TEST_STEP][PASSED] - delay(2): Delayed 2 second(s)

2023-04-03 08:18:23 - [MESSAGE][PASSED] - Delayed 2 second(s)

2023-04-03 08:18:23 - [TEST_STEP][PASSED] - assert !(getUrl() == "https://demo-app.online/email/verify"): Current window's url is: 'https://demo-app.online/daftar'

2023-04-03 08:18:23 - [MESSAGE][PASSED] - Current window's url is: 'https://demo-app.online/daftar']]></system-out>
         <system-err><![CDATA[]]></system-err>
      </testcase>
      <system-out><![CDATA[2023-04-03 08:03:06 - [TEST_SUITE][FAILED] - REG: Test Cases/Web/REG/REG-12 FAILED.
Reason:
Assertion failed: 

assert WebUI.getUrl() == 'https://demo-app.online/email/verify'
             |        |
             |        false
             https://demo-app.online/daftar

	at REG-12.run(REG-12:50)
	at com.kms.katalon.core.main.ScriptEngine.run(ScriptEngine.java:194)
	at com.kms.katalon.core.main.ScriptEngine.runScriptAsRawText(ScriptEngine.java:119)
	at com.kms.katalon.core.main.TestCaseExecutor.runScript(TestCaseExecutor.java:448)
	at com.kms.katalon.core.main.TestCaseExecutor.doExecute(TestCaseExecutor.java:439)
	at com.kms.katalon.core.main.TestCaseExecutor.processExecutionPhase(TestCaseExecutor.java:418)
	at com.kms.katalon.core.main.TestCaseExecutor.accessMainPhase(TestCaseExecutor.java:410)
	at com.kms.katalon.core.main.TestCaseExecutor.execute(TestCaseExecutor.java:285)
	at com.kms.katalon.core.common.CommonExecutor.accessTestCaseMainPhase(CommonExecutor.java:65)
	at com.kms.katalon.core.main.TestSuiteExecutor.accessTestSuiteMainPhase(TestSuiteExecutor.java:151)
	at com.kms.katalon.core.main.TestSuiteExecutor.execute(TestSuiteExecutor.java:106)
	at com.kms.katalon.core.main.TestCaseMain.startTestSuite(TestCaseMain.java:185)
	at com.kms.katalon.core.main.TestCaseMain$startTestSuite$0.call(Unknown Source)
	at TempTestSuite1680483767821.run(TempTestSuite1680483767821.groovy:36)]]></system-out>
      <system-err><![CDATA[2023-04-03 08:03:06 - [TEST_SUITE][FAILED] - REG: Test Cases/Web/REG/REG-12 FAILED.
Reason:
Assertion failed: 

assert WebUI.getUrl() == 'https://demo-app.online/email/verify'
             |        |
             |        false
             https://demo-app.online/daftar

	at REG-12.run(REG-12:50)
	at com.kms.katalon.core.main.ScriptEngine.run(ScriptEngine.java:194)
	at com.kms.katalon.core.main.ScriptEngine.runScriptAsRawText(ScriptEngine.java:119)
	at com.kms.katalon.core.main.TestCaseExecutor.runScript(TestCaseExecutor.java:448)
	at com.kms.katalon.core.main.TestCaseExecutor.doExecute(TestCaseExecutor.java:439)
	at com.kms.katalon.core.main.TestCaseExecutor.processExecutionPhase(TestCaseExecutor.java:418)
	at com.kms.katalon.core.main.TestCaseExecutor.accessMainPhase(TestCaseExecutor.java:410)
	at com.kms.katalon.core.main.TestCaseExecutor.execute(TestCaseExecutor.java:285)
	at com.kms.katalon.core.common.CommonExecutor.accessTestCaseMainPhase(CommonExecutor.java:65)
	at com.kms.katalon.core.main.TestSuiteExecutor.accessTestSuiteMainPhase(TestSuiteExecutor.java:151)
	at com.kms.katalon.core.main.TestSuiteExecutor.execute(TestSuiteExecutor.java:106)
	at com.kms.katalon.core.main.TestCaseMain.startTestSuite(TestCaseMain.java:185)
	at com.kms.katalon.core.main.TestCaseMain$startTestSuite$0.call(Unknown Source)
	at TempTestSuite1680483767821.run(TempTestSuite1680483767821.groovy:36)]]></system-err>
   </testsuite>
</testsuites>
